[2025-04-16T21:50:16.870+0000] {local_task_job_runner.py:123} INFO - ::group::Pre task execution logs
[2025-04-16T21:50:16.956+0000] {taskinstance.py:2614} INFO - Dependencies all met for dep_context=non-requeueable deps ti=<TaskInstance: beer_data_processing.create_dim_style manual__2025-04-16T21:49:33.580918+00:00 [queued]>
[2025-04-16T21:50:16.997+0000] {taskinstance.py:2614} INFO - Dependencies all met for dep_context=requeueable deps ti=<TaskInstance: beer_data_processing.create_dim_style manual__2025-04-16T21:49:33.580918+00:00 [queued]>
[2025-04-16T21:50:16.999+0000] {taskinstance.py:2867} INFO - Starting attempt 1 of 6
[2025-04-16T21:50:17.083+0000] {taskinstance.py:2890} INFO - Executing <Task(PythonOperator): create_dim_style> on 2025-04-16 21:49:33.580918+00:00
[2025-04-16T21:50:17.125+0000] {standard_task_runner.py:104} INFO - Running: ['***', 'tasks', 'run', 'beer_data_processing', 'create_dim_style', 'manual__2025-04-16T21:49:33.580918+00:00', '--job-id', '835', '--raw', '--subdir', 'DAGS_FOLDER/beer_data_processing_dag.py', '--cfg-path', '/tmp/tmp_l16__5b']
[2025-04-16T21:50:17.130+0000] {standard_task_runner.py:105} INFO - Job 835: Subtask create_dim_style
[2025-04-16T21:50:17.139+0000] {logging_mixin.py:190} WARNING - /home/***/.local/lib/python3.12/site-packages/***/task/task_runner/standard_task_runner.py:70 DeprecationWarning: This process (pid=6962) is multi-threaded, use of fork() may lead to deadlocks in the child.
[2025-04-16T21:50:17.143+0000] {standard_task_runner.py:72} INFO - Started process 7107 to run task
[2025-04-16T21:50:17.277+0000] {task_command.py:467} INFO - Running <TaskInstance: beer_data_processing.create_dim_style manual__2025-04-16T21:49:33.580918+00:00 [running]> on host a0d0456bae2c
[2025-04-16T21:50:17.652+0000] {taskinstance.py:3134} INFO - Exporting env vars: AIRFLOW_CTX_DAG_OWNER='***' AIRFLOW_CTX_DAG_ID='beer_data_processing' AIRFLOW_CTX_TASK_ID='create_dim_style' AIRFLOW_CTX_EXECUTION_DATE='2025-04-16T21:49:33.580918+00:00' AIRFLOW_CTX_TRY_NUMBER='1' AIRFLOW_CTX_DAG_RUN_ID='manual__2025-04-16T21:49:33.580918+00:00'
[2025-04-16T21:50:17.665+0000] {logging_mixin.py:190} INFO - Task instance is in running state
[2025-04-16T21:50:17.669+0000] {logging_mixin.py:190} INFO -  Previous state of the Task instance: queued
[2025-04-16T21:50:17.672+0000] {logging_mixin.py:190} INFO - Current task name:create_dim_style state:running start_date:2025-04-16 21:50:16.958501+00:00
[2025-04-16T21:50:17.675+0000] {logging_mixin.py:190} INFO - Dag name:beer_data_processing and current dag run status:running
[2025-04-16T21:50:17.679+0000] {taskinstance.py:732} INFO - ::endgroup::
[2025-04-16T21:50:17.849+0000] {base.py:84} INFO - Retrieving connection 'postgres_conn'
[2025-04-16T21:50:18.008+0000] {logging_mixin.py:190} INFO - Створено датасет dim_style з 112 записами
[2025-04-16T21:50:18.010+0000] {python.py:240} INFO - Done. Returned value was: True
[2025-04-16T21:50:18.071+0000] {taskinstance.py:341} INFO - ::group::Post task execution logs
[2025-04-16T21:50:18.073+0000] {taskinstance.py:353} INFO - Marking task as SUCCESS. dag_id=beer_data_processing, task_id=create_dim_style, run_id=manual__2025-04-16T21:49:33.580918+00:00, execution_date=20250416T214933, start_date=20250416T215016, end_date=20250416T215018
[2025-04-16T21:50:18.146+0000] {logging_mixin.py:190} INFO - Task instance in success state
[2025-04-16T21:50:18.148+0000] {logging_mixin.py:190} INFO -  Previous state of the Task instance: running
[2025-04-16T21:50:18.150+0000] {logging_mixin.py:190} INFO - Dag name:beer_data_processing queued_at:2025-04-16 21:49:33.738904+00:00
[2025-04-16T21:50:18.151+0000] {logging_mixin.py:190} INFO - Task hostname:a0d0456bae2c operator:PythonOperator
[2025-04-16T21:50:18.210+0000] {local_task_job_runner.py:266} INFO - Task exited with return code 0
[2025-04-16T21:50:18.271+0000] {taskinstance.py:3901} INFO - 0 downstream tasks scheduled from follow-on schedule check
[2025-04-16T21:50:18.274+0000] {local_task_job_runner.py:245} INFO - ::endgroup::
