[2025-04-17T11:42:33.506+0000] {processor.py:186} INFO - Started process (PID=39841) to work on /home/airflow/.local/lib/python3.12/site-packages/airflow/example_dags/example_bash_decorator.py
[2025-04-17T11:42:33.525+0000] {processor.py:914} INFO - Processing file /home/airflow/.local/lib/python3.12/site-packages/airflow/example_dags/example_bash_decorator.py for tasks to queue
[2025-04-17T11:42:33.576+0000] {logging_mixin.py:190} INFO - [2025-04-17T11:42:33.562+0000] {dagbag.py:588} INFO - Filling up the DagBag from /home/airflow/.local/lib/python3.12/site-packages/airflow/example_dags/example_bash_decorator.py
[2025-04-17T11:42:35.140+0000] {processor.py:925} INFO - DAG(s) 'example_bash_decorator' retrieved from /home/airflow/.local/lib/python3.12/site-packages/airflow/example_dags/example_bash_decorator.py
[2025-04-17T11:42:37.757+0000] {logging_mixin.py:190} INFO - [2025-04-17T11:42:37.754+0000] {dag.py:3239} INFO - Sync 1 DAGs
[2025-04-17T11:42:38.785+0000] {logging_mixin.py:190} INFO - [2025-04-17T11:42:38.784+0000] {dag.py:4180} INFO - Setting next_dagrun for example_bash_decorator to None, run_after=None
[2025-04-17T11:42:39.728+0000] {processor.py:208} INFO - Processing /home/airflow/.local/lib/python3.12/site-packages/airflow/example_dags/example_bash_decorator.py took 6.634 seconds
[2025-04-17T12:10:12.181+0000] {processor.py:186} INFO - Started process (PID=539) to work on /home/airflow/.local/lib/python3.12/site-packages/airflow/example_dags/example_bash_decorator.py
[2025-04-17T12:10:12.185+0000] {processor.py:914} INFO - Processing file /home/airflow/.local/lib/python3.12/site-packages/airflow/example_dags/example_bash_decorator.py for tasks to queue
[2025-04-17T12:10:12.199+0000] {logging_mixin.py:190} INFO - [2025-04-17T12:10:12.197+0000] {dagbag.py:588} INFO - Filling up the DagBag from /home/airflow/.local/lib/python3.12/site-packages/airflow/example_dags/example_bash_decorator.py
[2025-04-17T12:10:12.401+0000] {processor.py:925} INFO - DAG(s) 'example_bash_decorator' retrieved from /home/airflow/.local/lib/python3.12/site-packages/airflow/example_dags/example_bash_decorator.py
[2025-04-17T12:10:16.190+0000] {logging_mixin.py:190} INFO - [2025-04-17T12:10:16.189+0000] {dag.py:3239} INFO - Sync 1 DAGs
[2025-04-17T12:10:20.547+0000] {logging_mixin.py:190} INFO - [2025-04-17T12:10:20.546+0000] {dag.py:4180} INFO - Setting next_dagrun for example_bash_decorator to None, run_after=None
[2025-04-17T12:10:20.903+0000] {processor.py:208} INFO - Processing /home/airflow/.local/lib/python3.12/site-packages/airflow/example_dags/example_bash_decorator.py took 8.809 seconds
[2025-04-17T12:16:05.565+0000] {processor.py:186} INFO - Started process (PID=1370) to work on /home/airflow/.local/lib/python3.12/site-packages/airflow/example_dags/example_bash_decorator.py
[2025-04-17T12:16:05.652+0000] {processor.py:914} INFO - Processing file /home/airflow/.local/lib/python3.12/site-packages/airflow/example_dags/example_bash_decorator.py for tasks to queue
[2025-04-17T12:16:05.706+0000] {logging_mixin.py:190} INFO - [2025-04-17T12:16:05.698+0000] {dagbag.py:588} INFO - Filling up the DagBag from /home/airflow/.local/lib/python3.12/site-packages/airflow/example_dags/example_bash_decorator.py
[2025-04-17T12:16:06.114+0000] {processor.py:925} INFO - DAG(s) 'example_bash_decorator' retrieved from /home/airflow/.local/lib/python3.12/site-packages/airflow/example_dags/example_bash_decorator.py
[2025-04-17T12:16:06.497+0000] {logging_mixin.py:190} INFO - [2025-04-17T12:16:06.496+0000] {dag.py:3239} INFO - Sync 1 DAGs
[2025-04-17T12:16:06.578+0000] {logging_mixin.py:190} INFO - [2025-04-17T12:16:06.578+0000] {dag.py:4180} INFO - Setting next_dagrun for example_bash_decorator to None, run_after=None
[2025-04-17T12:16:10.662+0000] {processor.py:208} INFO - Processing /home/airflow/.local/lib/python3.12/site-packages/airflow/example_dags/example_bash_decorator.py took 5.494 seconds
[2025-04-17T12:19:15.147+0000] {processor.py:186} INFO - Started process (PID=2097) to work on /home/airflow/.local/lib/python3.12/site-packages/airflow/example_dags/example_bash_decorator.py
[2025-04-17T12:19:15.213+0000] {processor.py:914} INFO - Processing file /home/airflow/.local/lib/python3.12/site-packages/airflow/example_dags/example_bash_decorator.py for tasks to queue
[2025-04-17T12:19:15.278+0000] {logging_mixin.py:190} INFO - [2025-04-17T12:19:15.244+0000] {dagbag.py:588} INFO - Filling up the DagBag from /home/airflow/.local/lib/python3.12/site-packages/airflow/example_dags/example_bash_decorator.py
[2025-04-17T12:19:16.788+0000] {processor.py:925} INFO - DAG(s) 'example_bash_decorator' retrieved from /home/airflow/.local/lib/python3.12/site-packages/airflow/example_dags/example_bash_decorator.py
[2025-04-17T12:19:19.594+0000] {logging_mixin.py:190} INFO - [2025-04-17T12:19:19.591+0000] {dag.py:3239} INFO - Sync 1 DAGs
[2025-04-17T12:19:20.551+0000] {logging_mixin.py:190} INFO - [2025-04-17T12:19:20.550+0000] {dag.py:4180} INFO - Setting next_dagrun for example_bash_decorator to None, run_after=None
[2025-04-17T12:19:21.126+0000] {processor.py:208} INFO - Processing /home/airflow/.local/lib/python3.12/site-packages/airflow/example_dags/example_bash_decorator.py took 6.110 seconds
[2025-04-17T12:24:48.874+0000] {processor.py:186} INFO - Started process (PID=2720) to work on /home/airflow/.local/lib/python3.12/site-packages/airflow/example_dags/example_bash_decorator.py
[2025-04-17T12:24:48.876+0000] {processor.py:914} INFO - Processing file /home/airflow/.local/lib/python3.12/site-packages/airflow/example_dags/example_bash_decorator.py for tasks to queue
[2025-04-17T12:24:48.879+0000] {logging_mixin.py:190} INFO - [2025-04-17T12:24:48.879+0000] {dagbag.py:588} INFO - Filling up the DagBag from /home/airflow/.local/lib/python3.12/site-packages/airflow/example_dags/example_bash_decorator.py
[2025-04-17T12:24:48.920+0000] {processor.py:925} INFO - DAG(s) 'example_bash_decorator' retrieved from /home/airflow/.local/lib/python3.12/site-packages/airflow/example_dags/example_bash_decorator.py
[2025-04-17T12:24:48.992+0000] {logging_mixin.py:190} INFO - [2025-04-17T12:24:48.992+0000] {dag.py:3239} INFO - Sync 1 DAGs
[2025-04-17T12:24:49.057+0000] {logging_mixin.py:190} INFO - [2025-04-17T12:24:49.056+0000] {dag.py:4180} INFO - Setting next_dagrun for example_bash_decorator to None, run_after=None
[2025-04-17T12:24:49.105+0000] {processor.py:208} INFO - Processing /home/airflow/.local/lib/python3.12/site-packages/airflow/example_dags/example_bash_decorator.py took 0.241 seconds
[2025-04-17T12:32:40.244+0000] {processor.py:186} INFO - Started process (PID=3636) to work on /home/airflow/.local/lib/python3.12/site-packages/airflow/example_dags/example_bash_decorator.py
[2025-04-17T12:32:40.283+0000] {processor.py:914} INFO - Processing file /home/airflow/.local/lib/python3.12/site-packages/airflow/example_dags/example_bash_decorator.py for tasks to queue
[2025-04-17T12:32:40.311+0000] {logging_mixin.py:190} INFO - [2025-04-17T12:32:40.308+0000] {dagbag.py:588} INFO - Filling up the DagBag from /home/airflow/.local/lib/python3.12/site-packages/airflow/example_dags/example_bash_decorator.py
[2025-04-17T12:32:46.416+0000] {processor.py:925} INFO - DAG(s) 'example_bash_decorator' retrieved from /home/airflow/.local/lib/python3.12/site-packages/airflow/example_dags/example_bash_decorator.py
[2025-04-17T12:32:47.114+0000] {logging_mixin.py:190} INFO - [2025-04-17T12:32:47.113+0000] {dag.py:3239} INFO - Sync 1 DAGs
[2025-04-17T12:32:47.556+0000] {logging_mixin.py:190} INFO - [2025-04-17T12:32:47.555+0000] {dag.py:4180} INFO - Setting next_dagrun for example_bash_decorator to None, run_after=None
[2025-04-17T12:32:47.997+0000] {processor.py:208} INFO - Processing /home/airflow/.local/lib/python3.12/site-packages/airflow/example_dags/example_bash_decorator.py took 8.533 seconds
[2025-04-17T12:35:46.008+0000] {processor.py:186} INFO - Started process (PID=4060) to work on /home/airflow/.local/lib/python3.12/site-packages/airflow/example_dags/example_bash_decorator.py
[2025-04-17T12:35:46.033+0000] {processor.py:914} INFO - Processing file /home/airflow/.local/lib/python3.12/site-packages/airflow/example_dags/example_bash_decorator.py for tasks to queue
[2025-04-17T12:35:46.097+0000] {logging_mixin.py:190} INFO - [2025-04-17T12:35:46.097+0000] {dagbag.py:588} INFO - Filling up the DagBag from /home/airflow/.local/lib/python3.12/site-packages/airflow/example_dags/example_bash_decorator.py
[2025-04-17T12:35:46.151+0000] {processor.py:925} INFO - DAG(s) 'example_bash_decorator' retrieved from /home/airflow/.local/lib/python3.12/site-packages/airflow/example_dags/example_bash_decorator.py
[2025-04-17T12:35:46.241+0000] {logging_mixin.py:190} INFO - [2025-04-17T12:35:46.240+0000] {dag.py:3239} INFO - Sync 1 DAGs
[2025-04-17T12:35:46.329+0000] {logging_mixin.py:190} INFO - [2025-04-17T12:35:46.329+0000] {dag.py:4180} INFO - Setting next_dagrun for example_bash_decorator to None, run_after=None
[2025-04-17T12:35:46.459+0000] {processor.py:208} INFO - Processing /home/airflow/.local/lib/python3.12/site-packages/airflow/example_dags/example_bash_decorator.py took 0.464 seconds
[2025-04-17T12:36:26.553+0000] {processor.py:186} INFO - Started process (PID=4418) to work on /home/airflow/.local/lib/python3.12/site-packages/airflow/example_dags/example_bash_decorator.py
[2025-04-17T12:36:26.556+0000] {processor.py:914} INFO - Processing file /home/airflow/.local/lib/python3.12/site-packages/airflow/example_dags/example_bash_decorator.py for tasks to queue
[2025-04-17T12:36:26.559+0000] {logging_mixin.py:190} INFO - [2025-04-17T12:36:26.558+0000] {dagbag.py:588} INFO - Filling up the DagBag from /home/airflow/.local/lib/python3.12/site-packages/airflow/example_dags/example_bash_decorator.py
[2025-04-17T12:36:26.606+0000] {processor.py:925} INFO - DAG(s) 'example_bash_decorator' retrieved from /home/airflow/.local/lib/python3.12/site-packages/airflow/example_dags/example_bash_decorator.py
[2025-04-17T12:36:26.660+0000] {logging_mixin.py:190} INFO - [2025-04-17T12:36:26.659+0000] {dag.py:3239} INFO - Sync 1 DAGs
[2025-04-17T12:36:26.692+0000] {logging_mixin.py:190} INFO - [2025-04-17T12:36:26.691+0000] {dag.py:4180} INFO - Setting next_dagrun for example_bash_decorator to None, run_after=None
[2025-04-17T12:36:26.747+0000] {processor.py:208} INFO - Processing /home/airflow/.local/lib/python3.12/site-packages/airflow/example_dags/example_bash_decorator.py took 0.209 seconds
[2025-04-17T12:37:22.723+0000] {processor.py:186} INFO - Started process (PID=4770) to work on /home/airflow/.local/lib/python3.12/site-packages/airflow/example_dags/example_bash_decorator.py
[2025-04-17T12:37:22.780+0000] {processor.py:914} INFO - Processing file /home/airflow/.local/lib/python3.12/site-packages/airflow/example_dags/example_bash_decorator.py for tasks to queue
[2025-04-17T12:37:22.904+0000] {logging_mixin.py:190} INFO - [2025-04-17T12:37:22.904+0000] {dagbag.py:588} INFO - Filling up the DagBag from /home/airflow/.local/lib/python3.12/site-packages/airflow/example_dags/example_bash_decorator.py
[2025-04-17T12:37:22.933+0000] {processor.py:925} INFO - DAG(s) 'example_bash_decorator' retrieved from /home/airflow/.local/lib/python3.12/site-packages/airflow/example_dags/example_bash_decorator.py
[2025-04-17T12:37:23.095+0000] {logging_mixin.py:190} INFO - [2025-04-17T12:37:23.095+0000] {dag.py:3239} INFO - Sync 1 DAGs
[2025-04-17T12:37:23.124+0000] {logging_mixin.py:190} INFO - [2025-04-17T12:37:23.123+0000] {dag.py:4180} INFO - Setting next_dagrun for example_bash_decorator to None, run_after=None
[2025-04-17T12:37:23.827+0000] {processor.py:208} INFO - Processing /home/airflow/.local/lib/python3.12/site-packages/airflow/example_dags/example_bash_decorator.py took 1.113 seconds
[2025-04-17T12:37:54.470+0000] {processor.py:186} INFO - Started process (PID=5077) to work on /home/airflow/.local/lib/python3.12/site-packages/airflow/example_dags/example_bash_decorator.py
[2025-04-17T12:37:54.473+0000] {processor.py:914} INFO - Processing file /home/airflow/.local/lib/python3.12/site-packages/airflow/example_dags/example_bash_decorator.py for tasks to queue
[2025-04-17T12:37:54.475+0000] {logging_mixin.py:190} INFO - [2025-04-17T12:37:54.474+0000] {dagbag.py:588} INFO - Filling up the DagBag from /home/airflow/.local/lib/python3.12/site-packages/airflow/example_dags/example_bash_decorator.py
[2025-04-17T12:37:54.505+0000] {processor.py:925} INFO - DAG(s) 'example_bash_decorator' retrieved from /home/airflow/.local/lib/python3.12/site-packages/airflow/example_dags/example_bash_decorator.py
[2025-04-17T12:37:54.557+0000] {logging_mixin.py:190} INFO - [2025-04-17T12:37:54.557+0000] {dag.py:3239} INFO - Sync 1 DAGs
[2025-04-17T12:37:54.596+0000] {logging_mixin.py:190} INFO - [2025-04-17T12:37:54.595+0000] {dag.py:4180} INFO - Setting next_dagrun for example_bash_decorator to None, run_after=None
[2025-04-17T12:37:54.637+0000] {processor.py:208} INFO - Processing /home/airflow/.local/lib/python3.12/site-packages/airflow/example_dags/example_bash_decorator.py took 0.176 seconds
[2025-04-17T12:38:25.017+0000] {processor.py:186} INFO - Started process (PID=5384) to work on /home/airflow/.local/lib/python3.12/site-packages/airflow/example_dags/example_bash_decorator.py
[2025-04-17T12:38:25.019+0000] {processor.py:914} INFO - Processing file /home/airflow/.local/lib/python3.12/site-packages/airflow/example_dags/example_bash_decorator.py for tasks to queue
[2025-04-17T12:38:25.021+0000] {logging_mixin.py:190} INFO - [2025-04-17T12:38:25.021+0000] {dagbag.py:588} INFO - Filling up the DagBag from /home/airflow/.local/lib/python3.12/site-packages/airflow/example_dags/example_bash_decorator.py
[2025-04-17T12:38:25.048+0000] {processor.py:925} INFO - DAG(s) 'example_bash_decorator' retrieved from /home/airflow/.local/lib/python3.12/site-packages/airflow/example_dags/example_bash_decorator.py
[2025-04-17T12:38:25.088+0000] {logging_mixin.py:190} INFO - [2025-04-17T12:38:25.087+0000] {dag.py:3239} INFO - Sync 1 DAGs
[2025-04-17T12:38:25.114+0000] {logging_mixin.py:190} INFO - [2025-04-17T12:38:25.114+0000] {dag.py:4180} INFO - Setting next_dagrun for example_bash_decorator to None, run_after=None
[2025-04-17T12:38:25.149+0000] {processor.py:208} INFO - Processing /home/airflow/.local/lib/python3.12/site-packages/airflow/example_dags/example_bash_decorator.py took 0.142 seconds
[2025-04-17T12:38:55.917+0000] {processor.py:186} INFO - Started process (PID=5691) to work on /home/airflow/.local/lib/python3.12/site-packages/airflow/example_dags/example_bash_decorator.py
[2025-04-17T12:38:55.919+0000] {processor.py:914} INFO - Processing file /home/airflow/.local/lib/python3.12/site-packages/airflow/example_dags/example_bash_decorator.py for tasks to queue
[2025-04-17T12:38:55.922+0000] {logging_mixin.py:190} INFO - [2025-04-17T12:38:55.921+0000] {dagbag.py:588} INFO - Filling up the DagBag from /home/airflow/.local/lib/python3.12/site-packages/airflow/example_dags/example_bash_decorator.py
[2025-04-17T12:38:56.020+0000] {processor.py:925} INFO - DAG(s) 'example_bash_decorator' retrieved from /home/airflow/.local/lib/python3.12/site-packages/airflow/example_dags/example_bash_decorator.py
[2025-04-17T12:38:56.110+0000] {logging_mixin.py:190} INFO - [2025-04-17T12:38:56.110+0000] {dag.py:3239} INFO - Sync 1 DAGs
[2025-04-17T12:38:56.161+0000] {logging_mixin.py:190} INFO - [2025-04-17T12:38:56.160+0000] {dag.py:4180} INFO - Setting next_dagrun for example_bash_decorator to None, run_after=None
[2025-04-17T12:38:56.225+0000] {processor.py:208} INFO - Processing /home/airflow/.local/lib/python3.12/site-packages/airflow/example_dags/example_bash_decorator.py took 0.323 seconds
[2025-04-17T12:39:27.042+0000] {processor.py:186} INFO - Started process (PID=5998) to work on /home/airflow/.local/lib/python3.12/site-packages/airflow/example_dags/example_bash_decorator.py
[2025-04-17T12:39:27.050+0000] {processor.py:914} INFO - Processing file /home/airflow/.local/lib/python3.12/site-packages/airflow/example_dags/example_bash_decorator.py for tasks to queue
[2025-04-17T12:39:27.057+0000] {logging_mixin.py:190} INFO - [2025-04-17T12:39:27.055+0000] {dagbag.py:588} INFO - Filling up the DagBag from /home/airflow/.local/lib/python3.12/site-packages/airflow/example_dags/example_bash_decorator.py
[2025-04-17T12:39:27.169+0000] {processor.py:925} INFO - DAG(s) 'example_bash_decorator' retrieved from /home/airflow/.local/lib/python3.12/site-packages/airflow/example_dags/example_bash_decorator.py
[2025-04-17T12:39:27.291+0000] {logging_mixin.py:190} INFO - [2025-04-17T12:39:27.290+0000] {dag.py:3239} INFO - Sync 1 DAGs
[2025-04-17T12:39:27.348+0000] {logging_mixin.py:190} INFO - [2025-04-17T12:39:27.348+0000] {dag.py:4180} INFO - Setting next_dagrun for example_bash_decorator to None, run_after=None
[2025-04-17T12:39:27.418+0000] {processor.py:208} INFO - Processing /home/airflow/.local/lib/python3.12/site-packages/airflow/example_dags/example_bash_decorator.py took 0.416 seconds
[2025-04-17T12:40:00.064+0000] {processor.py:186} INFO - Started process (PID=6320) to work on /home/airflow/.local/lib/python3.12/site-packages/airflow/example_dags/example_bash_decorator.py
[2025-04-17T12:40:00.070+0000] {processor.py:914} INFO - Processing file /home/airflow/.local/lib/python3.12/site-packages/airflow/example_dags/example_bash_decorator.py for tasks to queue
[2025-04-17T12:40:00.077+0000] {logging_mixin.py:190} INFO - [2025-04-17T12:40:00.075+0000] {dagbag.py:588} INFO - Filling up the DagBag from /home/airflow/.local/lib/python3.12/site-packages/airflow/example_dags/example_bash_decorator.py
[2025-04-17T12:40:00.133+0000] {processor.py:925} INFO - DAG(s) 'example_bash_decorator' retrieved from /home/airflow/.local/lib/python3.12/site-packages/airflow/example_dags/example_bash_decorator.py
[2025-04-17T12:40:00.201+0000] {logging_mixin.py:190} INFO - [2025-04-17T12:40:00.201+0000] {dag.py:3239} INFO - Sync 1 DAGs
[2025-04-17T12:40:00.327+0000] {logging_mixin.py:190} INFO - [2025-04-17T12:40:00.326+0000] {dag.py:4180} INFO - Setting next_dagrun for example_bash_decorator to None, run_after=None
[2025-04-17T12:40:00.375+0000] {processor.py:208} INFO - Processing /home/airflow/.local/lib/python3.12/site-packages/airflow/example_dags/example_bash_decorator.py took 0.334 seconds
[2025-04-17T12:42:40.042+0000] {processor.py:186} INFO - Started process (PID=6807) to work on /home/airflow/.local/lib/python3.12/site-packages/airflow/example_dags/example_bash_decorator.py
[2025-04-17T12:42:40.044+0000] {processor.py:914} INFO - Processing file /home/airflow/.local/lib/python3.12/site-packages/airflow/example_dags/example_bash_decorator.py for tasks to queue
[2025-04-17T12:42:40.047+0000] {logging_mixin.py:190} INFO - [2025-04-17T12:42:40.046+0000] {dagbag.py:588} INFO - Filling up the DagBag from /home/airflow/.local/lib/python3.12/site-packages/airflow/example_dags/example_bash_decorator.py
[2025-04-17T12:42:40.078+0000] {processor.py:925} INFO - DAG(s) 'example_bash_decorator' retrieved from /home/airflow/.local/lib/python3.12/site-packages/airflow/example_dags/example_bash_decorator.py
[2025-04-17T12:42:40.138+0000] {logging_mixin.py:190} INFO - [2025-04-17T12:42:40.138+0000] {dag.py:3239} INFO - Sync 1 DAGs
[2025-04-17T12:42:40.186+0000] {logging_mixin.py:190} INFO - [2025-04-17T12:42:40.185+0000] {dag.py:4180} INFO - Setting next_dagrun for example_bash_decorator to None, run_after=None
[2025-04-17T12:42:40.231+0000] {processor.py:208} INFO - Processing /home/airflow/.local/lib/python3.12/site-packages/airflow/example_dags/example_bash_decorator.py took 0.203 seconds
[2025-04-17T12:43:12.138+0000] {processor.py:186} INFO - Started process (PID=7226) to work on /home/airflow/.local/lib/python3.12/site-packages/airflow/example_dags/example_bash_decorator.py
[2025-04-17T12:43:12.140+0000] {processor.py:914} INFO - Processing file /home/airflow/.local/lib/python3.12/site-packages/airflow/example_dags/example_bash_decorator.py for tasks to queue
[2025-04-17T12:43:12.144+0000] {logging_mixin.py:190} INFO - [2025-04-17T12:43:12.143+0000] {dagbag.py:588} INFO - Filling up the DagBag from /home/airflow/.local/lib/python3.12/site-packages/airflow/example_dags/example_bash_decorator.py
[2025-04-17T12:43:12.192+0000] {processor.py:925} INFO - DAG(s) 'example_bash_decorator' retrieved from /home/airflow/.local/lib/python3.12/site-packages/airflow/example_dags/example_bash_decorator.py
[2025-04-17T12:43:12.277+0000] {logging_mixin.py:190} INFO - [2025-04-17T12:43:12.276+0000] {dag.py:3239} INFO - Sync 1 DAGs
[2025-04-17T12:43:12.348+0000] {logging_mixin.py:190} INFO - [2025-04-17T12:43:12.347+0000] {dag.py:4180} INFO - Setting next_dagrun for example_bash_decorator to None, run_after=None
[2025-04-17T12:43:12.413+0000] {processor.py:208} INFO - Processing /home/airflow/.local/lib/python3.12/site-packages/airflow/example_dags/example_bash_decorator.py took 0.286 seconds
[2025-04-17T12:43:44.507+0000] {processor.py:186} INFO - Started process (PID=7534) to work on /home/airflow/.local/lib/python3.12/site-packages/airflow/example_dags/example_bash_decorator.py
[2025-04-17T12:43:44.509+0000] {processor.py:914} INFO - Processing file /home/airflow/.local/lib/python3.12/site-packages/airflow/example_dags/example_bash_decorator.py for tasks to queue
[2025-04-17T12:43:44.512+0000] {logging_mixin.py:190} INFO - [2025-04-17T12:43:44.512+0000] {dagbag.py:588} INFO - Filling up the DagBag from /home/airflow/.local/lib/python3.12/site-packages/airflow/example_dags/example_bash_decorator.py
[2025-04-17T12:43:44.545+0000] {processor.py:925} INFO - DAG(s) 'example_bash_decorator' retrieved from /home/airflow/.local/lib/python3.12/site-packages/airflow/example_dags/example_bash_decorator.py
[2025-04-17T12:43:44.595+0000] {logging_mixin.py:190} INFO - [2025-04-17T12:43:44.595+0000] {dag.py:3239} INFO - Sync 1 DAGs
[2025-04-17T12:43:44.625+0000] {logging_mixin.py:190} INFO - [2025-04-17T12:43:44.624+0000] {dag.py:4180} INFO - Setting next_dagrun for example_bash_decorator to None, run_after=None
[2025-04-17T12:43:44.658+0000] {processor.py:208} INFO - Processing /home/airflow/.local/lib/python3.12/site-packages/airflow/example_dags/example_bash_decorator.py took 0.160 seconds
[2025-04-17T12:44:20.239+0000] {processor.py:186} INFO - Started process (PID=7911) to work on /home/airflow/.local/lib/python3.12/site-packages/airflow/example_dags/example_bash_decorator.py
[2025-04-17T12:44:20.241+0000] {processor.py:914} INFO - Processing file /home/airflow/.local/lib/python3.12/site-packages/airflow/example_dags/example_bash_decorator.py for tasks to queue
[2025-04-17T12:44:20.245+0000] {logging_mixin.py:190} INFO - [2025-04-17T12:44:20.244+0000] {dagbag.py:588} INFO - Filling up the DagBag from /home/airflow/.local/lib/python3.12/site-packages/airflow/example_dags/example_bash_decorator.py
[2025-04-17T12:44:20.302+0000] {processor.py:925} INFO - DAG(s) 'example_bash_decorator' retrieved from /home/airflow/.local/lib/python3.12/site-packages/airflow/example_dags/example_bash_decorator.py
[2025-04-17T12:44:20.371+0000] {logging_mixin.py:190} INFO - [2025-04-17T12:44:20.370+0000] {dag.py:3239} INFO - Sync 1 DAGs
[2025-04-17T12:44:20.416+0000] {logging_mixin.py:190} INFO - [2025-04-17T12:44:20.415+0000] {dag.py:4180} INFO - Setting next_dagrun for example_bash_decorator to None, run_after=None
[2025-04-17T12:44:20.492+0000] {processor.py:208} INFO - Processing /home/airflow/.local/lib/python3.12/site-packages/airflow/example_dags/example_bash_decorator.py took 0.271 seconds
[2025-04-17T12:44:51.863+0000] {processor.py:186} INFO - Started process (PID=8350) to work on /home/airflow/.local/lib/python3.12/site-packages/airflow/example_dags/example_bash_decorator.py
[2025-04-17T12:44:51.865+0000] {processor.py:914} INFO - Processing file /home/airflow/.local/lib/python3.12/site-packages/airflow/example_dags/example_bash_decorator.py for tasks to queue
[2025-04-17T12:44:51.868+0000] {logging_mixin.py:190} INFO - [2025-04-17T12:44:51.868+0000] {dagbag.py:588} INFO - Filling up the DagBag from /home/airflow/.local/lib/python3.12/site-packages/airflow/example_dags/example_bash_decorator.py
[2025-04-17T12:44:51.903+0000] {processor.py:925} INFO - DAG(s) 'example_bash_decorator' retrieved from /home/airflow/.local/lib/python3.12/site-packages/airflow/example_dags/example_bash_decorator.py
[2025-04-17T12:44:51.948+0000] {logging_mixin.py:190} INFO - [2025-04-17T12:44:51.948+0000] {dag.py:3239} INFO - Sync 1 DAGs
[2025-04-17T12:44:51.978+0000] {logging_mixin.py:190} INFO - [2025-04-17T12:44:51.977+0000] {dag.py:4180} INFO - Setting next_dagrun for example_bash_decorator to None, run_after=None
[2025-04-17T12:44:52.016+0000] {processor.py:208} INFO - Processing /home/airflow/.local/lib/python3.12/site-packages/airflow/example_dags/example_bash_decorator.py took 0.164 seconds
[2025-04-17T12:45:24.282+0000] {processor.py:186} INFO - Started process (PID=8662) to work on /home/airflow/.local/lib/python3.12/site-packages/airflow/example_dags/example_bash_decorator.py
[2025-04-17T12:45:24.284+0000] {processor.py:914} INFO - Processing file /home/airflow/.local/lib/python3.12/site-packages/airflow/example_dags/example_bash_decorator.py for tasks to queue
[2025-04-17T12:45:24.286+0000] {logging_mixin.py:190} INFO - [2025-04-17T12:45:24.285+0000] {dagbag.py:588} INFO - Filling up the DagBag from /home/airflow/.local/lib/python3.12/site-packages/airflow/example_dags/example_bash_decorator.py
[2025-04-17T12:45:24.313+0000] {processor.py:925} INFO - DAG(s) 'example_bash_decorator' retrieved from /home/airflow/.local/lib/python3.12/site-packages/airflow/example_dags/example_bash_decorator.py
[2025-04-17T12:45:24.358+0000] {logging_mixin.py:190} INFO - [2025-04-17T12:45:24.357+0000] {dag.py:3239} INFO - Sync 1 DAGs
[2025-04-17T12:45:24.388+0000] {logging_mixin.py:190} INFO - [2025-04-17T12:45:24.387+0000] {dag.py:4180} INFO - Setting next_dagrun for example_bash_decorator to None, run_after=None
[2025-04-17T12:45:24.432+0000] {processor.py:208} INFO - Processing /home/airflow/.local/lib/python3.12/site-packages/airflow/example_dags/example_bash_decorator.py took 0.160 seconds
[2025-04-17T12:45:55.892+0000] {processor.py:186} INFO - Started process (PID=8969) to work on /home/airflow/.local/lib/python3.12/site-packages/airflow/example_dags/example_bash_decorator.py
[2025-04-17T12:45:55.894+0000] {processor.py:914} INFO - Processing file /home/airflow/.local/lib/python3.12/site-packages/airflow/example_dags/example_bash_decorator.py for tasks to queue
[2025-04-17T12:45:55.896+0000] {logging_mixin.py:190} INFO - [2025-04-17T12:45:55.896+0000] {dagbag.py:588} INFO - Filling up the DagBag from /home/airflow/.local/lib/python3.12/site-packages/airflow/example_dags/example_bash_decorator.py
[2025-04-17T12:45:55.926+0000] {processor.py:925} INFO - DAG(s) 'example_bash_decorator' retrieved from /home/airflow/.local/lib/python3.12/site-packages/airflow/example_dags/example_bash_decorator.py
[2025-04-17T12:45:55.981+0000] {logging_mixin.py:190} INFO - [2025-04-17T12:45:55.981+0000] {dag.py:3239} INFO - Sync 1 DAGs
[2025-04-17T12:45:56.013+0000] {logging_mixin.py:190} INFO - [2025-04-17T12:45:56.013+0000] {dag.py:4180} INFO - Setting next_dagrun for example_bash_decorator to None, run_after=None
[2025-04-17T12:45:56.655+0000] {processor.py:208} INFO - Processing /home/airflow/.local/lib/python3.12/site-packages/airflow/example_dags/example_bash_decorator.py took 0.776 seconds
[2025-04-17T12:46:27.957+0000] {processor.py:186} INFO - Started process (PID=9278) to work on /home/airflow/.local/lib/python3.12/site-packages/airflow/example_dags/example_bash_decorator.py
[2025-04-17T12:46:27.959+0000] {processor.py:914} INFO - Processing file /home/airflow/.local/lib/python3.12/site-packages/airflow/example_dags/example_bash_decorator.py for tasks to queue
[2025-04-17T12:46:27.961+0000] {logging_mixin.py:190} INFO - [2025-04-17T12:46:27.961+0000] {dagbag.py:588} INFO - Filling up the DagBag from /home/airflow/.local/lib/python3.12/site-packages/airflow/example_dags/example_bash_decorator.py
[2025-04-17T12:46:27.992+0000] {processor.py:925} INFO - DAG(s) 'example_bash_decorator' retrieved from /home/airflow/.local/lib/python3.12/site-packages/airflow/example_dags/example_bash_decorator.py
[2025-04-17T12:46:28.041+0000] {logging_mixin.py:190} INFO - [2025-04-17T12:46:28.041+0000] {dag.py:3239} INFO - Sync 1 DAGs
[2025-04-17T12:46:28.072+0000] {logging_mixin.py:190} INFO - [2025-04-17T12:46:28.071+0000] {dag.py:4180} INFO - Setting next_dagrun for example_bash_decorator to None, run_after=None
[2025-04-17T12:46:28.105+0000] {processor.py:208} INFO - Processing /home/airflow/.local/lib/python3.12/site-packages/airflow/example_dags/example_bash_decorator.py took 0.161 seconds
[2025-04-17T12:46:59.970+0000] {processor.py:186} INFO - Started process (PID=9583) to work on /home/airflow/.local/lib/python3.12/site-packages/airflow/example_dags/example_bash_decorator.py
[2025-04-17T12:46:59.972+0000] {processor.py:914} INFO - Processing file /home/airflow/.local/lib/python3.12/site-packages/airflow/example_dags/example_bash_decorator.py for tasks to queue
[2025-04-17T12:46:59.974+0000] {logging_mixin.py:190} INFO - [2025-04-17T12:46:59.974+0000] {dagbag.py:588} INFO - Filling up the DagBag from /home/airflow/.local/lib/python3.12/site-packages/airflow/example_dags/example_bash_decorator.py
[2025-04-17T12:47:00.002+0000] {processor.py:925} INFO - DAG(s) 'example_bash_decorator' retrieved from /home/airflow/.local/lib/python3.12/site-packages/airflow/example_dags/example_bash_decorator.py
[2025-04-17T12:47:00.057+0000] {logging_mixin.py:190} INFO - [2025-04-17T12:47:00.056+0000] {dag.py:3239} INFO - Sync 1 DAGs
[2025-04-17T12:47:00.085+0000] {logging_mixin.py:190} INFO - [2025-04-17T12:47:00.085+0000] {dag.py:4180} INFO - Setting next_dagrun for example_bash_decorator to None, run_after=None
[2025-04-17T12:47:00.117+0000] {processor.py:208} INFO - Processing /home/airflow/.local/lib/python3.12/site-packages/airflow/example_dags/example_bash_decorator.py took 0.159 seconds
[2025-04-17T12:47:32.171+0000] {processor.py:186} INFO - Started process (PID=9890) to work on /home/airflow/.local/lib/python3.12/site-packages/airflow/example_dags/example_bash_decorator.py
[2025-04-17T12:47:32.173+0000] {processor.py:914} INFO - Processing file /home/airflow/.local/lib/python3.12/site-packages/airflow/example_dags/example_bash_decorator.py for tasks to queue
[2025-04-17T12:47:32.175+0000] {logging_mixin.py:190} INFO - [2025-04-17T12:47:32.175+0000] {dagbag.py:588} INFO - Filling up the DagBag from /home/airflow/.local/lib/python3.12/site-packages/airflow/example_dags/example_bash_decorator.py
[2025-04-17T12:47:32.212+0000] {processor.py:925} INFO - DAG(s) 'example_bash_decorator' retrieved from /home/airflow/.local/lib/python3.12/site-packages/airflow/example_dags/example_bash_decorator.py
[2025-04-17T12:47:32.249+0000] {logging_mixin.py:190} INFO - [2025-04-17T12:47:32.248+0000] {dag.py:3239} INFO - Sync 1 DAGs
[2025-04-17T12:47:32.277+0000] {logging_mixin.py:190} INFO - [2025-04-17T12:47:32.277+0000] {dag.py:4180} INFO - Setting next_dagrun for example_bash_decorator to None, run_after=None
[2025-04-17T12:47:32.310+0000] {processor.py:208} INFO - Processing /home/airflow/.local/lib/python3.12/site-packages/airflow/example_dags/example_bash_decorator.py took 0.151 seconds
[2025-04-17T12:48:04.043+0000] {processor.py:186} INFO - Started process (PID=10197) to work on /home/airflow/.local/lib/python3.12/site-packages/airflow/example_dags/example_bash_decorator.py
[2025-04-17T12:48:04.045+0000] {processor.py:914} INFO - Processing file /home/airflow/.local/lib/python3.12/site-packages/airflow/example_dags/example_bash_decorator.py for tasks to queue
[2025-04-17T12:48:04.048+0000] {logging_mixin.py:190} INFO - [2025-04-17T12:48:04.047+0000] {dagbag.py:588} INFO - Filling up the DagBag from /home/airflow/.local/lib/python3.12/site-packages/airflow/example_dags/example_bash_decorator.py
[2025-04-17T12:48:04.085+0000] {processor.py:925} INFO - DAG(s) 'example_bash_decorator' retrieved from /home/airflow/.local/lib/python3.12/site-packages/airflow/example_dags/example_bash_decorator.py
[2025-04-17T12:48:04.133+0000] {logging_mixin.py:190} INFO - [2025-04-17T12:48:04.132+0000] {dag.py:3239} INFO - Sync 1 DAGs
[2025-04-17T12:48:04.165+0000] {logging_mixin.py:190} INFO - [2025-04-17T12:48:04.165+0000] {dag.py:4180} INFO - Setting next_dagrun for example_bash_decorator to None, run_after=None
[2025-04-17T12:48:04.209+0000] {processor.py:208} INFO - Processing /home/airflow/.local/lib/python3.12/site-packages/airflow/example_dags/example_bash_decorator.py took 0.180 seconds
[2025-04-17T12:48:37.139+0000] {processor.py:186} INFO - Started process (PID=10504) to work on /home/airflow/.local/lib/python3.12/site-packages/airflow/example_dags/example_bash_decorator.py
[2025-04-17T12:48:37.142+0000] {processor.py:914} INFO - Processing file /home/airflow/.local/lib/python3.12/site-packages/airflow/example_dags/example_bash_decorator.py for tasks to queue
[2025-04-17T12:48:37.146+0000] {logging_mixin.py:190} INFO - [2025-04-17T12:48:37.145+0000] {dagbag.py:588} INFO - Filling up the DagBag from /home/airflow/.local/lib/python3.12/site-packages/airflow/example_dags/example_bash_decorator.py
[2025-04-17T12:48:37.215+0000] {processor.py:925} INFO - DAG(s) 'example_bash_decorator' retrieved from /home/airflow/.local/lib/python3.12/site-packages/airflow/example_dags/example_bash_decorator.py
[2025-04-17T12:48:37.293+0000] {logging_mixin.py:190} INFO - [2025-04-17T12:48:37.292+0000] {dag.py:3239} INFO - Sync 1 DAGs
[2025-04-17T12:48:37.334+0000] {logging_mixin.py:190} INFO - [2025-04-17T12:48:37.333+0000] {dag.py:4180} INFO - Setting next_dagrun for example_bash_decorator to None, run_after=None
[2025-04-17T12:48:37.381+0000] {processor.py:208} INFO - Processing /home/airflow/.local/lib/python3.12/site-packages/airflow/example_dags/example_bash_decorator.py took 0.258 seconds
[2025-04-17T12:49:09.393+0000] {processor.py:186} INFO - Started process (PID=10811) to work on /home/airflow/.local/lib/python3.12/site-packages/airflow/example_dags/example_bash_decorator.py
[2025-04-17T12:49:09.395+0000] {processor.py:914} INFO - Processing file /home/airflow/.local/lib/python3.12/site-packages/airflow/example_dags/example_bash_decorator.py for tasks to queue
[2025-04-17T12:49:09.399+0000] {logging_mixin.py:190} INFO - [2025-04-17T12:49:09.398+0000] {dagbag.py:588} INFO - Filling up the DagBag from /home/airflow/.local/lib/python3.12/site-packages/airflow/example_dags/example_bash_decorator.py
[2025-04-17T12:49:09.440+0000] {processor.py:925} INFO - DAG(s) 'example_bash_decorator' retrieved from /home/airflow/.local/lib/python3.12/site-packages/airflow/example_dags/example_bash_decorator.py
[2025-04-17T12:49:09.500+0000] {logging_mixin.py:190} INFO - [2025-04-17T12:49:09.499+0000] {dag.py:3239} INFO - Sync 1 DAGs
[2025-04-17T12:49:09.536+0000] {logging_mixin.py:190} INFO - [2025-04-17T12:49:09.536+0000] {dag.py:4180} INFO - Setting next_dagrun for example_bash_decorator to None, run_after=None
[2025-04-17T12:49:09.574+0000] {processor.py:208} INFO - Processing /home/airflow/.local/lib/python3.12/site-packages/airflow/example_dags/example_bash_decorator.py took 0.194 seconds
[2025-04-17T12:49:41.292+0000] {processor.py:186} INFO - Started process (PID=11118) to work on /home/airflow/.local/lib/python3.12/site-packages/airflow/example_dags/example_bash_decorator.py
[2025-04-17T12:49:41.294+0000] {processor.py:914} INFO - Processing file /home/airflow/.local/lib/python3.12/site-packages/airflow/example_dags/example_bash_decorator.py for tasks to queue
[2025-04-17T12:49:41.297+0000] {logging_mixin.py:190} INFO - [2025-04-17T12:49:41.296+0000] {dagbag.py:588} INFO - Filling up the DagBag from /home/airflow/.local/lib/python3.12/site-packages/airflow/example_dags/example_bash_decorator.py
[2025-04-17T12:49:41.333+0000] {processor.py:925} INFO - DAG(s) 'example_bash_decorator' retrieved from /home/airflow/.local/lib/python3.12/site-packages/airflow/example_dags/example_bash_decorator.py
[2025-04-17T12:49:41.387+0000] {logging_mixin.py:190} INFO - [2025-04-17T12:49:41.386+0000] {dag.py:3239} INFO - Sync 1 DAGs
[2025-04-17T12:49:41.423+0000] {logging_mixin.py:190} INFO - [2025-04-17T12:49:41.422+0000] {dag.py:4180} INFO - Setting next_dagrun for example_bash_decorator to None, run_after=None
[2025-04-17T12:49:41.462+0000] {processor.py:208} INFO - Processing /home/airflow/.local/lib/python3.12/site-packages/airflow/example_dags/example_bash_decorator.py took 0.183 seconds
[2025-04-17T12:50:14.111+0000] {processor.py:186} INFO - Started process (PID=11425) to work on /home/airflow/.local/lib/python3.12/site-packages/airflow/example_dags/example_bash_decorator.py
[2025-04-17T12:50:14.117+0000] {processor.py:914} INFO - Processing file /home/airflow/.local/lib/python3.12/site-packages/airflow/example_dags/example_bash_decorator.py for tasks to queue
[2025-04-17T12:50:14.122+0000] {logging_mixin.py:190} INFO - [2025-04-17T12:50:14.121+0000] {dagbag.py:588} INFO - Filling up the DagBag from /home/airflow/.local/lib/python3.12/site-packages/airflow/example_dags/example_bash_decorator.py
[2025-04-17T12:50:14.196+0000] {processor.py:925} INFO - DAG(s) 'example_bash_decorator' retrieved from /home/airflow/.local/lib/python3.12/site-packages/airflow/example_dags/example_bash_decorator.py
[2025-04-17T12:50:14.318+0000] {logging_mixin.py:190} INFO - [2025-04-17T12:50:14.318+0000] {dag.py:3239} INFO - Sync 1 DAGs
[2025-04-17T12:50:14.402+0000] {logging_mixin.py:190} INFO - [2025-04-17T12:50:14.401+0000] {dag.py:4180} INFO - Setting next_dagrun for example_bash_decorator to None, run_after=None
[2025-04-17T12:50:14.507+0000] {processor.py:208} INFO - Processing /home/airflow/.local/lib/python3.12/site-packages/airflow/example_dags/example_bash_decorator.py took 0.412 seconds
[2025-04-17T12:50:46.418+0000] {processor.py:186} INFO - Started process (PID=11732) to work on /home/airflow/.local/lib/python3.12/site-packages/airflow/example_dags/example_bash_decorator.py
[2025-04-17T12:50:46.421+0000] {processor.py:914} INFO - Processing file /home/airflow/.local/lib/python3.12/site-packages/airflow/example_dags/example_bash_decorator.py for tasks to queue
[2025-04-17T12:50:46.424+0000] {logging_mixin.py:190} INFO - [2025-04-17T12:50:46.423+0000] {dagbag.py:588} INFO - Filling up the DagBag from /home/airflow/.local/lib/python3.12/site-packages/airflow/example_dags/example_bash_decorator.py
[2025-04-17T12:50:46.457+0000] {processor.py:925} INFO - DAG(s) 'example_bash_decorator' retrieved from /home/airflow/.local/lib/python3.12/site-packages/airflow/example_dags/example_bash_decorator.py
[2025-04-17T12:50:46.519+0000] {logging_mixin.py:190} INFO - [2025-04-17T12:50:46.518+0000] {dag.py:3239} INFO - Sync 1 DAGs
[2025-04-17T12:50:46.549+0000] {logging_mixin.py:190} INFO - [2025-04-17T12:50:46.548+0000] {dag.py:4180} INFO - Setting next_dagrun for example_bash_decorator to None, run_after=None
[2025-04-17T12:50:46.587+0000] {processor.py:208} INFO - Processing /home/airflow/.local/lib/python3.12/site-packages/airflow/example_dags/example_bash_decorator.py took 0.181 seconds
[2025-04-17T12:51:18.384+0000] {processor.py:186} INFO - Started process (PID=12054) to work on /home/airflow/.local/lib/python3.12/site-packages/airflow/example_dags/example_bash_decorator.py
[2025-04-17T12:51:18.387+0000] {processor.py:914} INFO - Processing file /home/airflow/.local/lib/python3.12/site-packages/airflow/example_dags/example_bash_decorator.py for tasks to queue
[2025-04-17T12:51:18.395+0000] {logging_mixin.py:190} INFO - [2025-04-17T12:51:18.393+0000] {dagbag.py:588} INFO - Filling up the DagBag from /home/airflow/.local/lib/python3.12/site-packages/airflow/example_dags/example_bash_decorator.py
[2025-04-17T12:51:18.467+0000] {processor.py:925} INFO - DAG(s) 'example_bash_decorator' retrieved from /home/airflow/.local/lib/python3.12/site-packages/airflow/example_dags/example_bash_decorator.py
[2025-04-17T12:51:18.549+0000] {logging_mixin.py:190} INFO - [2025-04-17T12:51:18.548+0000] {dag.py:3239} INFO - Sync 1 DAGs
[2025-04-17T12:51:18.581+0000] {logging_mixin.py:190} INFO - [2025-04-17T12:51:18.580+0000] {dag.py:4180} INFO - Setting next_dagrun for example_bash_decorator to None, run_after=None
[2025-04-17T12:51:18.616+0000] {processor.py:208} INFO - Processing /home/airflow/.local/lib/python3.12/site-packages/airflow/example_dags/example_bash_decorator.py took 0.255 seconds
[2025-04-17T12:51:48.834+0000] {processor.py:186} INFO - Started process (PID=12356) to work on /home/airflow/.local/lib/python3.12/site-packages/airflow/example_dags/example_bash_decorator.py
[2025-04-17T12:51:48.836+0000] {processor.py:914} INFO - Processing file /home/airflow/.local/lib/python3.12/site-packages/airflow/example_dags/example_bash_decorator.py for tasks to queue
[2025-04-17T12:51:48.840+0000] {logging_mixin.py:190} INFO - [2025-04-17T12:51:48.839+0000] {dagbag.py:588} INFO - Filling up the DagBag from /home/airflow/.local/lib/python3.12/site-packages/airflow/example_dags/example_bash_decorator.py
[2025-04-17T12:51:48.874+0000] {processor.py:925} INFO - DAG(s) 'example_bash_decorator' retrieved from /home/airflow/.local/lib/python3.12/site-packages/airflow/example_dags/example_bash_decorator.py
[2025-04-17T12:51:48.929+0000] {logging_mixin.py:190} INFO - [2025-04-17T12:51:48.929+0000] {dag.py:3239} INFO - Sync 1 DAGs
[2025-04-17T12:51:48.962+0000] {logging_mixin.py:190} INFO - [2025-04-17T12:51:48.962+0000] {dag.py:4180} INFO - Setting next_dagrun for example_bash_decorator to None, run_after=None
[2025-04-17T12:51:48.993+0000] {processor.py:208} INFO - Processing /home/airflow/.local/lib/python3.12/site-packages/airflow/example_dags/example_bash_decorator.py took 0.172 seconds
[2025-04-17T12:52:20.514+0000] {processor.py:186} INFO - Started process (PID=12669) to work on /home/airflow/.local/lib/python3.12/site-packages/airflow/example_dags/example_bash_decorator.py
[2025-04-17T12:52:20.515+0000] {processor.py:914} INFO - Processing file /home/airflow/.local/lib/python3.12/site-packages/airflow/example_dags/example_bash_decorator.py for tasks to queue
[2025-04-17T12:52:20.518+0000] {logging_mixin.py:190} INFO - [2025-04-17T12:52:20.517+0000] {dagbag.py:588} INFO - Filling up the DagBag from /home/airflow/.local/lib/python3.12/site-packages/airflow/example_dags/example_bash_decorator.py
[2025-04-17T12:52:20.546+0000] {processor.py:925} INFO - DAG(s) 'example_bash_decorator' retrieved from /home/airflow/.local/lib/python3.12/site-packages/airflow/example_dags/example_bash_decorator.py
[2025-04-17T12:52:20.590+0000] {logging_mixin.py:190} INFO - [2025-04-17T12:52:20.589+0000] {dag.py:3239} INFO - Sync 1 DAGs
[2025-04-17T12:52:20.618+0000] {logging_mixin.py:190} INFO - [2025-04-17T12:52:20.618+0000] {dag.py:4180} INFO - Setting next_dagrun for example_bash_decorator to None, run_after=None
[2025-04-17T12:52:20.649+0000] {processor.py:208} INFO - Processing /home/airflow/.local/lib/python3.12/site-packages/airflow/example_dags/example_bash_decorator.py took 0.146 seconds
[2025-04-17T12:52:53.965+0000] {processor.py:186} INFO - Started process (PID=12982) to work on /home/airflow/.local/lib/python3.12/site-packages/airflow/example_dags/example_bash_decorator.py
[2025-04-17T12:52:53.968+0000] {processor.py:914} INFO - Processing file /home/airflow/.local/lib/python3.12/site-packages/airflow/example_dags/example_bash_decorator.py for tasks to queue
[2025-04-17T12:52:53.971+0000] {logging_mixin.py:190} INFO - [2025-04-17T12:52:53.970+0000] {dagbag.py:588} INFO - Filling up the DagBag from /home/airflow/.local/lib/python3.12/site-packages/airflow/example_dags/example_bash_decorator.py
[2025-04-17T12:52:53.998+0000] {processor.py:925} INFO - DAG(s) 'example_bash_decorator' retrieved from /home/airflow/.local/lib/python3.12/site-packages/airflow/example_dags/example_bash_decorator.py
[2025-04-17T12:52:54.040+0000] {logging_mixin.py:190} INFO - [2025-04-17T12:52:54.040+0000] {dag.py:3239} INFO - Sync 1 DAGs
[2025-04-17T12:52:54.067+0000] {logging_mixin.py:190} INFO - [2025-04-17T12:52:54.067+0000] {dag.py:4180} INFO - Setting next_dagrun for example_bash_decorator to None, run_after=None
[2025-04-17T12:52:54.097+0000] {processor.py:208} INFO - Processing /home/airflow/.local/lib/python3.12/site-packages/airflow/example_dags/example_bash_decorator.py took 0.143 seconds
[2025-04-17T12:53:25.365+0000] {processor.py:186} INFO - Started process (PID=13289) to work on /home/airflow/.local/lib/python3.12/site-packages/airflow/example_dags/example_bash_decorator.py
[2025-04-17T12:53:25.366+0000] {processor.py:914} INFO - Processing file /home/airflow/.local/lib/python3.12/site-packages/airflow/example_dags/example_bash_decorator.py for tasks to queue
[2025-04-17T12:53:25.369+0000] {logging_mixin.py:190} INFO - [2025-04-17T12:53:25.368+0000] {dagbag.py:588} INFO - Filling up the DagBag from /home/airflow/.local/lib/python3.12/site-packages/airflow/example_dags/example_bash_decorator.py
[2025-04-17T12:53:25.396+0000] {processor.py:925} INFO - DAG(s) 'example_bash_decorator' retrieved from /home/airflow/.local/lib/python3.12/site-packages/airflow/example_dags/example_bash_decorator.py
[2025-04-17T12:53:25.438+0000] {logging_mixin.py:190} INFO - [2025-04-17T12:53:25.438+0000] {dag.py:3239} INFO - Sync 1 DAGs
[2025-04-17T12:53:25.467+0000] {logging_mixin.py:190} INFO - [2025-04-17T12:53:25.466+0000] {dag.py:4180} INFO - Setting next_dagrun for example_bash_decorator to None, run_after=None
[2025-04-17T12:53:25.495+0000] {processor.py:208} INFO - Processing /home/airflow/.local/lib/python3.12/site-packages/airflow/example_dags/example_bash_decorator.py took 0.140 seconds
[2025-04-17T12:53:59.168+0000] {processor.py:186} INFO - Started process (PID=13621) to work on /home/airflow/.local/lib/python3.12/site-packages/airflow/example_dags/example_bash_decorator.py
[2025-04-17T12:53:59.171+0000] {processor.py:914} INFO - Processing file /home/airflow/.local/lib/python3.12/site-packages/airflow/example_dags/example_bash_decorator.py for tasks to queue
[2025-04-17T12:53:59.176+0000] {logging_mixin.py:190} INFO - [2025-04-17T12:53:59.175+0000] {dagbag.py:588} INFO - Filling up the DagBag from /home/airflow/.local/lib/python3.12/site-packages/airflow/example_dags/example_bash_decorator.py
[2025-04-17T12:53:59.233+0000] {processor.py:925} INFO - DAG(s) 'example_bash_decorator' retrieved from /home/airflow/.local/lib/python3.12/site-packages/airflow/example_dags/example_bash_decorator.py
[2025-04-17T12:53:59.315+0000] {logging_mixin.py:190} INFO - [2025-04-17T12:53:59.314+0000] {dag.py:3239} INFO - Sync 1 DAGs
[2025-04-17T12:53:59.377+0000] {logging_mixin.py:190} INFO - [2025-04-17T12:53:59.377+0000] {dag.py:4180} INFO - Setting next_dagrun for example_bash_decorator to None, run_after=None
[2025-04-17T12:53:59.415+0000] {processor.py:208} INFO - Processing /home/airflow/.local/lib/python3.12/site-packages/airflow/example_dags/example_bash_decorator.py took 0.265 seconds
[2025-04-17T12:54:29.767+0000] {processor.py:186} INFO - Started process (PID=13938) to work on /home/airflow/.local/lib/python3.12/site-packages/airflow/example_dags/example_bash_decorator.py
[2025-04-17T12:54:29.769+0000] {processor.py:914} INFO - Processing file /home/airflow/.local/lib/python3.12/site-packages/airflow/example_dags/example_bash_decorator.py for tasks to queue
[2025-04-17T12:54:29.772+0000] {logging_mixin.py:190} INFO - [2025-04-17T12:54:29.771+0000] {dagbag.py:588} INFO - Filling up the DagBag from /home/airflow/.local/lib/python3.12/site-packages/airflow/example_dags/example_bash_decorator.py
[2025-04-17T12:54:29.822+0000] {processor.py:925} INFO - DAG(s) 'example_bash_decorator' retrieved from /home/airflow/.local/lib/python3.12/site-packages/airflow/example_dags/example_bash_decorator.py
[2025-04-17T12:54:29.901+0000] {logging_mixin.py:190} INFO - [2025-04-17T12:54:29.900+0000] {dag.py:3239} INFO - Sync 1 DAGs
[2025-04-17T12:54:29.952+0000] {logging_mixin.py:190} INFO - [2025-04-17T12:54:29.951+0000] {dag.py:4180} INFO - Setting next_dagrun for example_bash_decorator to None, run_after=None
[2025-04-17T12:54:30.001+0000] {processor.py:208} INFO - Processing /home/airflow/.local/lib/python3.12/site-packages/airflow/example_dags/example_bash_decorator.py took 0.250 seconds
[2025-04-17T12:55:02.732+0000] {processor.py:186} INFO - Started process (PID=14246) to work on /home/airflow/.local/lib/python3.12/site-packages/airflow/example_dags/example_bash_decorator.py
[2025-04-17T12:55:02.783+0000] {processor.py:914} INFO - Processing file /home/airflow/.local/lib/python3.12/site-packages/airflow/example_dags/example_bash_decorator.py for tasks to queue
[2025-04-17T12:55:02.813+0000] {logging_mixin.py:190} INFO - [2025-04-17T12:55:02.803+0000] {dagbag.py:588} INFO - Filling up the DagBag from /home/airflow/.local/lib/python3.12/site-packages/airflow/example_dags/example_bash_decorator.py
[2025-04-17T12:55:06.392+0000] {logging_mixin.py:190} INFO - [2025-04-17T12:55:06.392+0000] {process_utils.py:266} INFO - Waiting up to 5 seconds for processes to exit...
