[2025-04-17T11:42:28.523+0000] {processor.py:186} INFO - Started process (PID=39828) to work on /home/airflow/.local/lib/python3.12/site-packages/airflow/example_dags/example_python_operator.py
[2025-04-17T11:42:28.562+0000] {processor.py:914} INFO - Processing file /home/airflow/.local/lib/python3.12/site-packages/airflow/example_dags/example_python_operator.py for tasks to queue
[2025-04-17T11:42:28.668+0000] {logging_mixin.py:190} INFO - [2025-04-17T11:42:28.589+0000] {dagbag.py:588} INFO - Filling up the DagBag from /home/airflow/.local/lib/python3.12/site-packages/airflow/example_dags/example_python_operator.py
[2025-04-17T11:42:30.051+0000] {processor.py:925} INFO - DAG(s) 'example_python_operator' retrieved from /home/airflow/.local/lib/python3.12/site-packages/airflow/example_dags/example_python_operator.py
[2025-04-17T11:42:31.059+0000] {logging_mixin.py:190} INFO - [2025-04-17T11:42:31.053+0000] {dag.py:3239} INFO - Sync 1 DAGs
[2025-04-17T11:42:31.395+0000] {logging_mixin.py:190} INFO - [2025-04-17T11:42:31.394+0000] {dag.py:4180} INFO - Setting next_dagrun for example_python_operator to None, run_after=None
[2025-04-17T11:42:31.965+0000] {processor.py:208} INFO - Processing /home/airflow/.local/lib/python3.12/site-packages/airflow/example_dags/example_python_operator.py took 3.904 seconds
[2025-04-17T12:10:10.520+0000] {processor.py:186} INFO - Started process (PID=524) to work on /home/airflow/.local/lib/python3.12/site-packages/airflow/example_dags/example_python_operator.py
[2025-04-17T12:10:10.532+0000] {processor.py:914} INFO - Processing file /home/airflow/.local/lib/python3.12/site-packages/airflow/example_dags/example_python_operator.py for tasks to queue
[2025-04-17T12:10:10.545+0000] {logging_mixin.py:190} INFO - [2025-04-17T12:10:10.544+0000] {dagbag.py:588} INFO - Filling up the DagBag from /home/airflow/.local/lib/python3.12/site-packages/airflow/example_dags/example_python_operator.py
[2025-04-17T12:10:10.776+0000] {processor.py:925} INFO - DAG(s) 'example_python_operator' retrieved from /home/airflow/.local/lib/python3.12/site-packages/airflow/example_dags/example_python_operator.py
[2025-04-17T12:10:11.200+0000] {logging_mixin.py:190} INFO - [2025-04-17T12:10:11.200+0000] {dag.py:3239} INFO - Sync 1 DAGs
[2025-04-17T12:10:11.320+0000] {logging_mixin.py:190} INFO - [2025-04-17T12:10:11.319+0000] {dag.py:4180} INFO - Setting next_dagrun for example_python_operator to None, run_after=None
[2025-04-17T12:10:11.452+0000] {processor.py:208} INFO - Processing /home/airflow/.local/lib/python3.12/site-packages/airflow/example_dags/example_python_operator.py took 0.948 seconds
[2025-04-17T12:16:02.917+0000] {processor.py:186} INFO - Started process (PID=1357) to work on /home/airflow/.local/lib/python3.12/site-packages/airflow/example_dags/example_python_operator.py
[2025-04-17T12:16:02.928+0000] {processor.py:914} INFO - Processing file /home/airflow/.local/lib/python3.12/site-packages/airflow/example_dags/example_python_operator.py for tasks to queue
[2025-04-17T12:16:02.944+0000] {logging_mixin.py:190} INFO - [2025-04-17T12:16:02.943+0000] {dagbag.py:588} INFO - Filling up the DagBag from /home/airflow/.local/lib/python3.12/site-packages/airflow/example_dags/example_python_operator.py
[2025-04-17T12:16:03.383+0000] {processor.py:925} INFO - DAG(s) 'example_python_operator' retrieved from /home/airflow/.local/lib/python3.12/site-packages/airflow/example_dags/example_python_operator.py
[2025-04-17T12:16:03.560+0000] {logging_mixin.py:190} INFO - [2025-04-17T12:16:03.559+0000] {dag.py:3239} INFO - Sync 1 DAGs
[2025-04-17T12:16:03.787+0000] {logging_mixin.py:190} INFO - [2025-04-17T12:16:03.786+0000] {dag.py:4180} INFO - Setting next_dagrun for example_python_operator to None, run_after=None
[2025-04-17T12:16:03.951+0000] {processor.py:208} INFO - Processing /home/airflow/.local/lib/python3.12/site-packages/airflow/example_dags/example_python_operator.py took 1.111 seconds
[2025-04-17T12:19:12.736+0000] {processor.py:186} INFO - Started process (PID=2082) to work on /home/airflow/.local/lib/python3.12/site-packages/airflow/example_dags/example_python_operator.py
[2025-04-17T12:19:12.769+0000] {processor.py:914} INFO - Processing file /home/airflow/.local/lib/python3.12/site-packages/airflow/example_dags/example_python_operator.py for tasks to queue
[2025-04-17T12:19:12.834+0000] {logging_mixin.py:190} INFO - [2025-04-17T12:19:12.800+0000] {dagbag.py:588} INFO - Filling up the DagBag from /home/airflow/.local/lib/python3.12/site-packages/airflow/example_dags/example_python_operator.py
[2025-04-17T12:19:13.074+0000] {processor.py:925} INFO - DAG(s) 'example_python_operator' retrieved from /home/airflow/.local/lib/python3.12/site-packages/airflow/example_dags/example_python_operator.py
[2025-04-17T12:19:13.183+0000] {logging_mixin.py:190} INFO - [2025-04-17T12:19:13.182+0000] {dag.py:3239} INFO - Sync 1 DAGs
[2025-04-17T12:19:13.311+0000] {logging_mixin.py:190} INFO - [2025-04-17T12:19:13.309+0000] {dag.py:4180} INFO - Setting next_dagrun for example_python_operator to None, run_after=None
[2025-04-17T12:19:13.451+0000] {processor.py:208} INFO - Processing /home/airflow/.local/lib/python3.12/site-packages/airflow/example_dags/example_python_operator.py took 0.981 seconds
[2025-04-17T12:24:48.477+0000] {processor.py:186} INFO - Started process (PID=2683) to work on /home/airflow/.local/lib/python3.12/site-packages/airflow/example_dags/example_python_operator.py
[2025-04-17T12:24:48.491+0000] {processor.py:914} INFO - Processing file /home/airflow/.local/lib/python3.12/site-packages/airflow/example_dags/example_python_operator.py for tasks to queue
[2025-04-17T12:24:48.494+0000] {logging_mixin.py:190} INFO - [2025-04-17T12:24:48.493+0000] {dagbag.py:588} INFO - Filling up the DagBag from /home/airflow/.local/lib/python3.12/site-packages/airflow/example_dags/example_python_operator.py
[2025-04-17T12:24:48.549+0000] {processor.py:925} INFO - DAG(s) 'example_python_operator' retrieved from /home/airflow/.local/lib/python3.12/site-packages/airflow/example_dags/example_python_operator.py
[2025-04-17T12:24:48.602+0000] {logging_mixin.py:190} INFO - [2025-04-17T12:24:48.601+0000] {dag.py:3239} INFO - Sync 1 DAGs
[2025-04-17T12:24:48.642+0000] {logging_mixin.py:190} INFO - [2025-04-17T12:24:48.641+0000] {dag.py:4180} INFO - Setting next_dagrun for example_python_operator to None, run_after=None
[2025-04-17T12:24:48.683+0000] {processor.py:208} INFO - Processing /home/airflow/.local/lib/python3.12/site-packages/airflow/example_dags/example_python_operator.py took 0.222 seconds
[2025-04-17T12:32:19.013+0000] {processor.py:186} INFO - Started process (PID=3617) to work on /home/airflow/.local/lib/python3.12/site-packages/airflow/example_dags/example_python_operator.py
[2025-04-17T12:32:19.077+0000] {processor.py:914} INFO - Processing file /home/airflow/.local/lib/python3.12/site-packages/airflow/example_dags/example_python_operator.py for tasks to queue
[2025-04-17T12:32:19.388+0000] {logging_mixin.py:190} INFO - [2025-04-17T12:32:19.327+0000] {dagbag.py:588} INFO - Filling up the DagBag from /home/airflow/.local/lib/python3.12/site-packages/airflow/example_dags/example_python_operator.py
[2025-04-17T12:35:45.356+0000] {processor.py:186} INFO - Started process (PID=4045) to work on /home/airflow/.local/lib/python3.12/site-packages/airflow/example_dags/example_python_operator.py
[2025-04-17T12:35:45.381+0000] {processor.py:914} INFO - Processing file /home/airflow/.local/lib/python3.12/site-packages/airflow/example_dags/example_python_operator.py for tasks to queue
[2025-04-17T12:35:45.384+0000] {logging_mixin.py:190} INFO - [2025-04-17T12:35:45.383+0000] {dagbag.py:588} INFO - Filling up the DagBag from /home/airflow/.local/lib/python3.12/site-packages/airflow/example_dags/example_python_operator.py
[2025-04-17T12:35:45.406+0000] {processor.py:925} INFO - DAG(s) 'example_python_operator' retrieved from /home/airflow/.local/lib/python3.12/site-packages/airflow/example_dags/example_python_operator.py
[2025-04-17T12:35:45.669+0000] {logging_mixin.py:190} INFO - [2025-04-17T12:35:45.669+0000] {dag.py:3239} INFO - Sync 1 DAGs
[2025-04-17T12:35:45.720+0000] {logging_mixin.py:190} INFO - [2025-04-17T12:35:45.720+0000] {dag.py:4180} INFO - Setting next_dagrun for example_python_operator to None, run_after=None
[2025-04-17T12:35:45.857+0000] {processor.py:208} INFO - Processing /home/airflow/.local/lib/python3.12/site-packages/airflow/example_dags/example_python_operator.py took 0.512 seconds
[2025-04-17T12:36:25.743+0000] {processor.py:186} INFO - Started process (PID=4401) to work on /home/airflow/.local/lib/python3.12/site-packages/airflow/example_dags/example_python_operator.py
[2025-04-17T12:36:25.746+0000] {processor.py:914} INFO - Processing file /home/airflow/.local/lib/python3.12/site-packages/airflow/example_dags/example_python_operator.py for tasks to queue
[2025-04-17T12:36:25.749+0000] {logging_mixin.py:190} INFO - [2025-04-17T12:36:25.748+0000] {dagbag.py:588} INFO - Filling up the DagBag from /home/airflow/.local/lib/python3.12/site-packages/airflow/example_dags/example_python_operator.py
[2025-04-17T12:36:25.773+0000] {processor.py:925} INFO - DAG(s) 'example_python_operator' retrieved from /home/airflow/.local/lib/python3.12/site-packages/airflow/example_dags/example_python_operator.py
[2025-04-17T12:36:25.818+0000] {logging_mixin.py:190} INFO - [2025-04-17T12:36:25.817+0000] {dag.py:3239} INFO - Sync 1 DAGs
[2025-04-17T12:36:25.849+0000] {logging_mixin.py:190} INFO - [2025-04-17T12:36:25.849+0000] {dag.py:4180} INFO - Setting next_dagrun for example_python_operator to None, run_after=None
[2025-04-17T12:36:25.886+0000] {processor.py:208} INFO - Processing /home/airflow/.local/lib/python3.12/site-packages/airflow/example_dags/example_python_operator.py took 0.155 seconds
[2025-04-17T12:37:19.932+0000] {processor.py:186} INFO - Started process (PID=4755) to work on /home/airflow/.local/lib/python3.12/site-packages/airflow/example_dags/example_python_operator.py
[2025-04-17T12:37:20.072+0000] {processor.py:914} INFO - Processing file /home/airflow/.local/lib/python3.12/site-packages/airflow/example_dags/example_python_operator.py for tasks to queue
[2025-04-17T12:37:20.075+0000] {logging_mixin.py:190} INFO - [2025-04-17T12:37:20.074+0000] {dagbag.py:588} INFO - Filling up the DagBag from /home/airflow/.local/lib/python3.12/site-packages/airflow/example_dags/example_python_operator.py
[2025-04-17T12:37:20.097+0000] {processor.py:925} INFO - DAG(s) 'example_python_operator' retrieved from /home/airflow/.local/lib/python3.12/site-packages/airflow/example_dags/example_python_operator.py
[2025-04-17T12:37:20.142+0000] {logging_mixin.py:190} INFO - [2025-04-17T12:37:20.142+0000] {dag.py:3239} INFO - Sync 1 DAGs
[2025-04-17T12:37:20.168+0000] {logging_mixin.py:190} INFO - [2025-04-17T12:37:20.168+0000] {dag.py:4180} INFO - Setting next_dagrun for example_python_operator to None, run_after=None
[2025-04-17T12:37:21.121+0000] {processor.py:208} INFO - Processing /home/airflow/.local/lib/python3.12/site-packages/airflow/example_dags/example_python_operator.py took 1.199 seconds
[2025-04-17T12:37:51.218+0000] {processor.py:186} INFO - Started process (PID=5064) to work on /home/airflow/.local/lib/python3.12/site-packages/airflow/example_dags/example_python_operator.py
[2025-04-17T12:37:51.220+0000] {processor.py:914} INFO - Processing file /home/airflow/.local/lib/python3.12/site-packages/airflow/example_dags/example_python_operator.py for tasks to queue
[2025-04-17T12:37:51.222+0000] {logging_mixin.py:190} INFO - [2025-04-17T12:37:51.222+0000] {dagbag.py:588} INFO - Filling up the DagBag from /home/airflow/.local/lib/python3.12/site-packages/airflow/example_dags/example_python_operator.py
[2025-04-17T12:37:51.245+0000] {processor.py:925} INFO - DAG(s) 'example_python_operator' retrieved from /home/airflow/.local/lib/python3.12/site-packages/airflow/example_dags/example_python_operator.py
[2025-04-17T12:37:51.284+0000] {logging_mixin.py:190} INFO - [2025-04-17T12:37:51.284+0000] {dag.py:3239} INFO - Sync 1 DAGs
[2025-04-17T12:37:51.313+0000] {logging_mixin.py:190} INFO - [2025-04-17T12:37:51.313+0000] {dag.py:4180} INFO - Setting next_dagrun for example_python_operator to None, run_after=None
[2025-04-17T12:37:51.347+0000] {processor.py:208} INFO - Processing /home/airflow/.local/lib/python3.12/site-packages/airflow/example_dags/example_python_operator.py took 0.139 seconds
[2025-04-17T12:38:21.709+0000] {processor.py:186} INFO - Started process (PID=5369) to work on /home/airflow/.local/lib/python3.12/site-packages/airflow/example_dags/example_python_operator.py
[2025-04-17T12:38:21.711+0000] {processor.py:914} INFO - Processing file /home/airflow/.local/lib/python3.12/site-packages/airflow/example_dags/example_python_operator.py for tasks to queue
[2025-04-17T12:38:21.714+0000] {logging_mixin.py:190} INFO - [2025-04-17T12:38:21.714+0000] {dagbag.py:588} INFO - Filling up the DagBag from /home/airflow/.local/lib/python3.12/site-packages/airflow/example_dags/example_python_operator.py
[2025-04-17T12:38:21.747+0000] {processor.py:925} INFO - DAG(s) 'example_python_operator' retrieved from /home/airflow/.local/lib/python3.12/site-packages/airflow/example_dags/example_python_operator.py
[2025-04-17T12:38:21.798+0000] {logging_mixin.py:190} INFO - [2025-04-17T12:38:21.798+0000] {dag.py:3239} INFO - Sync 1 DAGs
[2025-04-17T12:38:21.831+0000] {logging_mixin.py:190} INFO - [2025-04-17T12:38:21.830+0000] {dag.py:4180} INFO - Setting next_dagrun for example_python_operator to None, run_after=None
[2025-04-17T12:38:21.873+0000] {processor.py:208} INFO - Processing /home/airflow/.local/lib/python3.12/site-packages/airflow/example_dags/example_python_operator.py took 0.174 seconds
[2025-04-17T12:38:53.558+0000] {processor.py:186} INFO - Started process (PID=5676) to work on /home/airflow/.local/lib/python3.12/site-packages/airflow/example_dags/example_python_operator.py
[2025-04-17T12:38:53.560+0000] {processor.py:914} INFO - Processing file /home/airflow/.local/lib/python3.12/site-packages/airflow/example_dags/example_python_operator.py for tasks to queue
[2025-04-17T12:38:53.564+0000] {logging_mixin.py:190} INFO - [2025-04-17T12:38:53.563+0000] {dagbag.py:588} INFO - Filling up the DagBag from /home/airflow/.local/lib/python3.12/site-packages/airflow/example_dags/example_python_operator.py
[2025-04-17T12:38:53.612+0000] {processor.py:925} INFO - DAG(s) 'example_python_operator' retrieved from /home/airflow/.local/lib/python3.12/site-packages/airflow/example_dags/example_python_operator.py
[2025-04-17T12:38:53.662+0000] {logging_mixin.py:190} INFO - [2025-04-17T12:38:53.661+0000] {dag.py:3239} INFO - Sync 1 DAGs
[2025-04-17T12:38:53.693+0000] {logging_mixin.py:190} INFO - [2025-04-17T12:38:53.692+0000] {dag.py:4180} INFO - Setting next_dagrun for example_python_operator to None, run_after=None
[2025-04-17T12:38:53.735+0000] {processor.py:208} INFO - Processing /home/airflow/.local/lib/python3.12/site-packages/airflow/example_dags/example_python_operator.py took 0.196 seconds
[2025-04-17T12:39:25.239+0000] {processor.py:186} INFO - Started process (PID=5983) to work on /home/airflow/.local/lib/python3.12/site-packages/airflow/example_dags/example_python_operator.py
[2025-04-17T12:39:25.262+0000] {processor.py:914} INFO - Processing file /home/airflow/.local/lib/python3.12/site-packages/airflow/example_dags/example_python_operator.py for tasks to queue
[2025-04-17T12:39:25.265+0000] {logging_mixin.py:190} INFO - [2025-04-17T12:39:25.264+0000] {dagbag.py:588} INFO - Filling up the DagBag from /home/airflow/.local/lib/python3.12/site-packages/airflow/example_dags/example_python_operator.py
[2025-04-17T12:39:25.290+0000] {processor.py:925} INFO - DAG(s) 'example_python_operator' retrieved from /home/airflow/.local/lib/python3.12/site-packages/airflow/example_dags/example_python_operator.py
[2025-04-17T12:39:25.331+0000] {logging_mixin.py:190} INFO - [2025-04-17T12:39:25.331+0000] {dag.py:3239} INFO - Sync 1 DAGs
[2025-04-17T12:39:25.360+0000] {logging_mixin.py:190} INFO - [2025-04-17T12:39:25.360+0000] {dag.py:4180} INFO - Setting next_dagrun for example_python_operator to None, run_after=None
[2025-04-17T12:39:25.424+0000] {processor.py:208} INFO - Processing /home/airflow/.local/lib/python3.12/site-packages/airflow/example_dags/example_python_operator.py took 0.195 seconds
[2025-04-17T12:39:57.393+0000] {processor.py:186} INFO - Started process (PID=6300) to work on /home/airflow/.local/lib/python3.12/site-packages/airflow/example_dags/example_python_operator.py
[2025-04-17T12:39:57.606+0000] {processor.py:914} INFO - Processing file /home/airflow/.local/lib/python3.12/site-packages/airflow/example_dags/example_python_operator.py for tasks to queue
[2025-04-17T12:39:57.609+0000] {logging_mixin.py:190} INFO - [2025-04-17T12:39:57.609+0000] {dagbag.py:588} INFO - Filling up the DagBag from /home/airflow/.local/lib/python3.12/site-packages/airflow/example_dags/example_python_operator.py
[2025-04-17T12:39:57.631+0000] {processor.py:925} INFO - DAG(s) 'example_python_operator' retrieved from /home/airflow/.local/lib/python3.12/site-packages/airflow/example_dags/example_python_operator.py
[2025-04-17T12:39:57.669+0000] {logging_mixin.py:190} INFO - [2025-04-17T12:39:57.669+0000] {dag.py:3239} INFO - Sync 1 DAGs
[2025-04-17T12:39:57.696+0000] {logging_mixin.py:190} INFO - [2025-04-17T12:39:57.696+0000] {dag.py:4180} INFO - Setting next_dagrun for example_python_operator to None, run_after=None
[2025-04-17T12:39:58.027+0000] {processor.py:208} INFO - Processing /home/airflow/.local/lib/python3.12/site-packages/airflow/example_dags/example_python_operator.py took 0.644 seconds
[2025-04-17T12:42:31.950+0000] {processor.py:186} INFO - Started process (PID=6663) to work on /home/airflow/.local/lib/python3.12/site-packages/airflow/example_dags/example_python_operator.py
[2025-04-17T12:42:31.953+0000] {processor.py:914} INFO - Processing file /home/airflow/.local/lib/python3.12/site-packages/airflow/example_dags/example_python_operator.py for tasks to queue
[2025-04-17T12:42:31.957+0000] {logging_mixin.py:190} INFO - [2025-04-17T12:42:31.956+0000] {dagbag.py:588} INFO - Filling up the DagBag from /home/airflow/.local/lib/python3.12/site-packages/airflow/example_dags/example_python_operator.py
[2025-04-17T12:42:31.988+0000] {processor.py:925} INFO - DAG(s) 'example_python_operator' retrieved from /home/airflow/.local/lib/python3.12/site-packages/airflow/example_dags/example_python_operator.py
[2025-04-17T12:42:32.049+0000] {logging_mixin.py:190} INFO - [2025-04-17T12:42:32.048+0000] {dag.py:3239} INFO - Sync 1 DAGs
[2025-04-17T12:42:32.085+0000] {logging_mixin.py:190} INFO - [2025-04-17T12:42:32.085+0000] {dag.py:4180} INFO - Setting next_dagrun for example_python_operator to None, run_after=None
[2025-04-17T12:42:32.130+0000] {processor.py:208} INFO - Processing /home/airflow/.local/lib/python3.12/site-packages/airflow/example_dags/example_python_operator.py took 0.204 seconds
[2025-04-17T12:43:02.350+0000] {processor.py:186} INFO - Started process (PID=7095) to work on /home/airflow/.local/lib/python3.12/site-packages/airflow/example_dags/example_python_operator.py
[2025-04-17T12:43:02.352+0000] {processor.py:914} INFO - Processing file /home/airflow/.local/lib/python3.12/site-packages/airflow/example_dags/example_python_operator.py for tasks to queue
[2025-04-17T12:43:02.355+0000] {logging_mixin.py:190} INFO - [2025-04-17T12:43:02.354+0000] {dagbag.py:588} INFO - Filling up the DagBag from /home/airflow/.local/lib/python3.12/site-packages/airflow/example_dags/example_python_operator.py
[2025-04-17T12:43:02.377+0000] {processor.py:925} INFO - DAG(s) 'example_python_operator' retrieved from /home/airflow/.local/lib/python3.12/site-packages/airflow/example_dags/example_python_operator.py
[2025-04-17T12:43:02.420+0000] {logging_mixin.py:190} INFO - [2025-04-17T12:43:02.419+0000] {dag.py:3239} INFO - Sync 1 DAGs
[2025-04-17T12:43:02.452+0000] {logging_mixin.py:190} INFO - [2025-04-17T12:43:02.451+0000] {dag.py:4180} INFO - Setting next_dagrun for example_python_operator to None, run_after=None
[2025-04-17T12:43:02.493+0000] {processor.py:208} INFO - Processing /home/airflow/.local/lib/python3.12/site-packages/airflow/example_dags/example_python_operator.py took 0.175 seconds
[2025-04-17T12:43:33.370+0000] {processor.py:186} INFO - Started process (PID=7405) to work on /home/airflow/.local/lib/python3.12/site-packages/airflow/example_dags/example_python_operator.py
[2025-04-17T12:43:33.376+0000] {processor.py:914} INFO - Processing file /home/airflow/.local/lib/python3.12/site-packages/airflow/example_dags/example_python_operator.py for tasks to queue
[2025-04-17T12:43:33.382+0000] {logging_mixin.py:190} INFO - [2025-04-17T12:43:33.380+0000] {dagbag.py:588} INFO - Filling up the DagBag from /home/airflow/.local/lib/python3.12/site-packages/airflow/example_dags/example_python_operator.py
[2025-04-17T12:43:33.408+0000] {processor.py:925} INFO - DAG(s) 'example_python_operator' retrieved from /home/airflow/.local/lib/python3.12/site-packages/airflow/example_dags/example_python_operator.py
[2025-04-17T12:43:33.446+0000] {logging_mixin.py:190} INFO - [2025-04-17T12:43:33.446+0000] {dag.py:3239} INFO - Sync 1 DAGs
[2025-04-17T12:43:33.475+0000] {logging_mixin.py:190} INFO - [2025-04-17T12:43:33.474+0000] {dag.py:4180} INFO - Setting next_dagrun for example_python_operator to None, run_after=None
[2025-04-17T12:43:33.504+0000] {processor.py:208} INFO - Processing /home/airflow/.local/lib/python3.12/site-packages/airflow/example_dags/example_python_operator.py took 0.172 seconds
[2025-04-17T12:44:03.800+0000] {processor.py:186} INFO - Started process (PID=7724) to work on /home/airflow/.local/lib/python3.12/site-packages/airflow/example_dags/example_python_operator.py
[2025-04-17T12:44:03.802+0000] {processor.py:914} INFO - Processing file /home/airflow/.local/lib/python3.12/site-packages/airflow/example_dags/example_python_operator.py for tasks to queue
[2025-04-17T12:44:03.805+0000] {logging_mixin.py:190} INFO - [2025-04-17T12:44:03.804+0000] {dagbag.py:588} INFO - Filling up the DagBag from /home/airflow/.local/lib/python3.12/site-packages/airflow/example_dags/example_python_operator.py
[2025-04-17T12:44:03.832+0000] {processor.py:925} INFO - DAG(s) 'example_python_operator' retrieved from /home/airflow/.local/lib/python3.12/site-packages/airflow/example_dags/example_python_operator.py
[2025-04-17T12:44:03.888+0000] {logging_mixin.py:190} INFO - [2025-04-17T12:44:03.887+0000] {dag.py:3239} INFO - Sync 1 DAGs
[2025-04-17T12:44:03.964+0000] {logging_mixin.py:190} INFO - [2025-04-17T12:44:03.964+0000] {dag.py:4180} INFO - Setting next_dagrun for example_python_operator to None, run_after=None
[2025-04-17T12:44:04.018+0000] {processor.py:208} INFO - Processing /home/airflow/.local/lib/python3.12/site-packages/airflow/example_dags/example_python_operator.py took 0.230 seconds
[2025-04-17T12:44:34.411+0000] {processor.py:186} INFO - Started process (PID=8151) to work on /home/airflow/.local/lib/python3.12/site-packages/airflow/example_dags/example_python_operator.py
[2025-04-17T12:44:34.414+0000] {processor.py:914} INFO - Processing file /home/airflow/.local/lib/python3.12/site-packages/airflow/example_dags/example_python_operator.py for tasks to queue
[2025-04-17T12:44:34.421+0000] {logging_mixin.py:190} INFO - [2025-04-17T12:44:34.418+0000] {dagbag.py:588} INFO - Filling up the DagBag from /home/airflow/.local/lib/python3.12/site-packages/airflow/example_dags/example_python_operator.py
[2025-04-17T12:44:34.456+0000] {processor.py:925} INFO - DAG(s) 'example_python_operator' retrieved from /home/airflow/.local/lib/python3.12/site-packages/airflow/example_dags/example_python_operator.py
[2025-04-17T12:44:34.536+0000] {logging_mixin.py:190} INFO - [2025-04-17T12:44:34.536+0000] {dag.py:3239} INFO - Sync 1 DAGs
[2025-04-17T12:44:34.581+0000] {logging_mixin.py:190} INFO - [2025-04-17T12:44:34.581+0000] {dag.py:4180} INFO - Setting next_dagrun for example_python_operator to None, run_after=None
[2025-04-17T12:44:34.628+0000] {processor.py:208} INFO - Processing /home/airflow/.local/lib/python3.12/site-packages/airflow/example_dags/example_python_operator.py took 0.234 seconds
[2025-04-17T12:45:04.984+0000] {processor.py:186} INFO - Started process (PID=8520) to work on /home/airflow/.local/lib/python3.12/site-packages/airflow/example_dags/example_python_operator.py
[2025-04-17T12:45:04.993+0000] {processor.py:914} INFO - Processing file /home/airflow/.local/lib/python3.12/site-packages/airflow/example_dags/example_python_operator.py for tasks to queue
[2025-04-17T12:45:05.003+0000] {logging_mixin.py:190} INFO - [2025-04-17T12:45:05.001+0000] {dagbag.py:588} INFO - Filling up the DagBag from /home/airflow/.local/lib/python3.12/site-packages/airflow/example_dags/example_python_operator.py
[2025-04-17T12:45:05.077+0000] {processor.py:925} INFO - DAG(s) 'example_python_operator' retrieved from /home/airflow/.local/lib/python3.12/site-packages/airflow/example_dags/example_python_operator.py
[2025-04-17T12:45:05.218+0000] {logging_mixin.py:190} INFO - [2025-04-17T12:45:05.218+0000] {dag.py:3239} INFO - Sync 1 DAGs
[2025-04-17T12:45:05.317+0000] {logging_mixin.py:190} INFO - [2025-04-17T12:45:05.316+0000] {dag.py:4180} INFO - Setting next_dagrun for example_python_operator to None, run_after=None
[2025-04-17T12:45:05.427+0000] {processor.py:208} INFO - Processing /home/airflow/.local/lib/python3.12/site-packages/airflow/example_dags/example_python_operator.py took 0.491 seconds
[2025-04-17T12:45:35.898+0000] {processor.py:186} INFO - Started process (PID=8829) to work on /home/airflow/.local/lib/python3.12/site-packages/airflow/example_dags/example_python_operator.py
[2025-04-17T12:45:35.901+0000] {processor.py:914} INFO - Processing file /home/airflow/.local/lib/python3.12/site-packages/airflow/example_dags/example_python_operator.py for tasks to queue
[2025-04-17T12:45:35.904+0000] {logging_mixin.py:190} INFO - [2025-04-17T12:45:35.903+0000] {dagbag.py:588} INFO - Filling up the DagBag from /home/airflow/.local/lib/python3.12/site-packages/airflow/example_dags/example_python_operator.py
[2025-04-17T12:45:35.930+0000] {processor.py:925} INFO - DAG(s) 'example_python_operator' retrieved from /home/airflow/.local/lib/python3.12/site-packages/airflow/example_dags/example_python_operator.py
[2025-04-17T12:45:35.988+0000] {logging_mixin.py:190} INFO - [2025-04-17T12:45:35.987+0000] {dag.py:3239} INFO - Sync 1 DAGs
[2025-04-17T12:45:36.034+0000] {logging_mixin.py:190} INFO - [2025-04-17T12:45:36.034+0000] {dag.py:4180} INFO - Setting next_dagrun for example_python_operator to None, run_after=None
[2025-04-17T12:45:36.081+0000] {processor.py:208} INFO - Processing /home/airflow/.local/lib/python3.12/site-packages/airflow/example_dags/example_python_operator.py took 0.195 seconds
[2025-04-17T12:46:06.873+0000] {processor.py:186} INFO - Started process (PID=9134) to work on /home/airflow/.local/lib/python3.12/site-packages/airflow/example_dags/example_python_operator.py
[2025-04-17T12:46:06.874+0000] {processor.py:914} INFO - Processing file /home/airflow/.local/lib/python3.12/site-packages/airflow/example_dags/example_python_operator.py for tasks to queue
[2025-04-17T12:46:06.876+0000] {logging_mixin.py:190} INFO - [2025-04-17T12:46:06.876+0000] {dagbag.py:588} INFO - Filling up the DagBag from /home/airflow/.local/lib/python3.12/site-packages/airflow/example_dags/example_python_operator.py
[2025-04-17T12:46:06.898+0000] {processor.py:925} INFO - DAG(s) 'example_python_operator' retrieved from /home/airflow/.local/lib/python3.12/site-packages/airflow/example_dags/example_python_operator.py
[2025-04-17T12:46:06.946+0000] {logging_mixin.py:190} INFO - [2025-04-17T12:46:06.945+0000] {dag.py:3239} INFO - Sync 1 DAGs
[2025-04-17T12:46:06.977+0000] {logging_mixin.py:190} INFO - [2025-04-17T12:46:06.977+0000] {dag.py:4180} INFO - Setting next_dagrun for example_python_operator to None, run_after=None
[2025-04-17T12:46:07.533+0000] {processor.py:208} INFO - Processing /home/airflow/.local/lib/python3.12/site-packages/airflow/example_dags/example_python_operator.py took 0.670 seconds
[2025-04-17T12:46:37.613+0000] {processor.py:186} INFO - Started process (PID=9443) to work on /home/airflow/.local/lib/python3.12/site-packages/airflow/example_dags/example_python_operator.py
[2025-04-17T12:46:37.615+0000] {processor.py:914} INFO - Processing file /home/airflow/.local/lib/python3.12/site-packages/airflow/example_dags/example_python_operator.py for tasks to queue
[2025-04-17T12:46:37.619+0000] {logging_mixin.py:190} INFO - [2025-04-17T12:46:37.618+0000] {dagbag.py:588} INFO - Filling up the DagBag from /home/airflow/.local/lib/python3.12/site-packages/airflow/example_dags/example_python_operator.py
[2025-04-17T12:46:37.645+0000] {processor.py:925} INFO - DAG(s) 'example_python_operator' retrieved from /home/airflow/.local/lib/python3.12/site-packages/airflow/example_dags/example_python_operator.py
[2025-04-17T12:46:37.684+0000] {logging_mixin.py:190} INFO - [2025-04-17T12:46:37.684+0000] {dag.py:3239} INFO - Sync 1 DAGs
[2025-04-17T12:46:37.711+0000] {logging_mixin.py:190} INFO - [2025-04-17T12:46:37.711+0000] {dag.py:4180} INFO - Setting next_dagrun for example_python_operator to None, run_after=None
[2025-04-17T12:46:37.741+0000] {processor.py:208} INFO - Processing /home/airflow/.local/lib/python3.12/site-packages/airflow/example_dags/example_python_operator.py took 0.139 seconds
[2025-04-17T12:47:08.322+0000] {processor.py:186} INFO - Started process (PID=9748) to work on /home/airflow/.local/lib/python3.12/site-packages/airflow/example_dags/example_python_operator.py
[2025-04-17T12:47:08.324+0000] {processor.py:914} INFO - Processing file /home/airflow/.local/lib/python3.12/site-packages/airflow/example_dags/example_python_operator.py for tasks to queue
[2025-04-17T12:47:08.328+0000] {logging_mixin.py:190} INFO - [2025-04-17T12:47:08.327+0000] {dagbag.py:588} INFO - Filling up the DagBag from /home/airflow/.local/lib/python3.12/site-packages/airflow/example_dags/example_python_operator.py
[2025-04-17T12:47:08.352+0000] {processor.py:925} INFO - DAG(s) 'example_python_operator' retrieved from /home/airflow/.local/lib/python3.12/site-packages/airflow/example_dags/example_python_operator.py
[2025-04-17T12:47:08.406+0000] {logging_mixin.py:190} INFO - [2025-04-17T12:47:08.406+0000] {dag.py:3239} INFO - Sync 1 DAGs
[2025-04-17T12:47:08.438+0000] {logging_mixin.py:190} INFO - [2025-04-17T12:47:08.437+0000] {dag.py:4180} INFO - Setting next_dagrun for example_python_operator to None, run_after=None
[2025-04-17T12:47:08.472+0000] {processor.py:208} INFO - Processing /home/airflow/.local/lib/python3.12/site-packages/airflow/example_dags/example_python_operator.py took 0.165 seconds
[2025-04-17T12:47:38.651+0000] {processor.py:186} INFO - Started process (PID=10050) to work on /home/airflow/.local/lib/python3.12/site-packages/airflow/example_dags/example_python_operator.py
[2025-04-17T12:47:38.655+0000] {processor.py:914} INFO - Processing file /home/airflow/.local/lib/python3.12/site-packages/airflow/example_dags/example_python_operator.py for tasks to queue
[2025-04-17T12:47:38.658+0000] {logging_mixin.py:190} INFO - [2025-04-17T12:47:38.658+0000] {dagbag.py:588} INFO - Filling up the DagBag from /home/airflow/.local/lib/python3.12/site-packages/airflow/example_dags/example_python_operator.py
[2025-04-17T12:47:38.697+0000] {processor.py:925} INFO - DAG(s) 'example_python_operator' retrieved from /home/airflow/.local/lib/python3.12/site-packages/airflow/example_dags/example_python_operator.py
[2025-04-17T12:47:38.762+0000] {logging_mixin.py:190} INFO - [2025-04-17T12:47:38.761+0000] {dag.py:3239} INFO - Sync 1 DAGs
[2025-04-17T12:47:38.806+0000] {logging_mixin.py:190} INFO - [2025-04-17T12:47:38.805+0000] {dag.py:4180} INFO - Setting next_dagrun for example_python_operator to None, run_after=None
[2025-04-17T12:47:38.871+0000] {processor.py:208} INFO - Processing /home/airflow/.local/lib/python3.12/site-packages/airflow/example_dags/example_python_operator.py took 0.234 seconds
[2025-04-17T12:48:09.194+0000] {processor.py:186} INFO - Started process (PID=10352) to work on /home/airflow/.local/lib/python3.12/site-packages/airflow/example_dags/example_python_operator.py
[2025-04-17T12:48:09.197+0000] {processor.py:914} INFO - Processing file /home/airflow/.local/lib/python3.12/site-packages/airflow/example_dags/example_python_operator.py for tasks to queue
[2025-04-17T12:48:09.200+0000] {logging_mixin.py:190} INFO - [2025-04-17T12:48:09.199+0000] {dagbag.py:588} INFO - Filling up the DagBag from /home/airflow/.local/lib/python3.12/site-packages/airflow/example_dags/example_python_operator.py
[2025-04-17T12:48:09.259+0000] {processor.py:925} INFO - DAG(s) 'example_python_operator' retrieved from /home/airflow/.local/lib/python3.12/site-packages/airflow/example_dags/example_python_operator.py
[2025-04-17T12:48:09.324+0000] {logging_mixin.py:190} INFO - [2025-04-17T12:48:09.323+0000] {dag.py:3239} INFO - Sync 1 DAGs
[2025-04-17T12:48:09.371+0000] {logging_mixin.py:190} INFO - [2025-04-17T12:48:09.370+0000] {dag.py:4180} INFO - Setting next_dagrun for example_python_operator to None, run_after=None
[2025-04-17T12:48:09.455+0000] {processor.py:208} INFO - Processing /home/airflow/.local/lib/python3.12/site-packages/airflow/example_dags/example_python_operator.py took 0.272 seconds
