[2025-04-17T11:43:11.675+0000] {processor.py:186} INFO - Started process (PID=39877) to work on /home/airflow/.local/lib/python3.12/site-packages/airflow/example_dags/example_datasets.py
[2025-04-17T11:43:11.683+0000] {processor.py:914} INFO - Processing file /home/airflow/.local/lib/python3.12/site-packages/airflow/example_dags/example_datasets.py for tasks to queue
[2025-04-17T11:43:11.690+0000] {logging_mixin.py:190} INFO - [2025-04-17T11:43:11.689+0000] {dagbag.py:588} INFO - Filling up the DagBag from /home/airflow/.local/lib/python3.12/site-packages/airflow/example_dags/example_datasets.py
[2025-04-17T11:43:44.816+0000] {logging_mixin.py:190} INFO - [2025-04-17T11:43:43.435+0000] {timeout.py:68} ERROR - Process timed out, PID: 39877
[2025-04-17T11:43:53.052+0000] {logging_mixin.py:190} INFO - [2025-04-17T11:43:45.450+0000] {dagbag.py:387} ERROR - Failed to import: /home/airflow/.local/lib/python3.12/site-packages/airflow/example_dags/example_datasets.py
Traceback (most recent call last):
  File "/home/airflow/.local/lib/python3.12/site-packages/airflow/models/dagbag.py", line 383, in parse
    loader.exec_module(new_module)
  File "<frozen importlib._bootstrap_external>", line 999, in exec_module
  File "<frozen importlib._bootstrap>", line 488, in _call_with_frames_removed
  File "/home/airflow/.local/lib/python3.12/site-packages/airflow/example_dags/example_datasets.py", line 64, in <module>
    dag1_dataset = Dataset("s3://dag1/output_1.txt", extra={"hi": "bye"})
                   ^^^^^^^^^^^^^^^^^^^^^^^^^^^^^^^^^^^^^^^^^^^^^^^^^^^^^^
  File "<attrs generated init airflow.datasets.Dataset>", line 3, in __init__
    _setattr('uri', __attr_converter_uri(uri))
                    ^^^^^^^^^^^^^^^^^^^^^^^^^
  File "/home/airflow/.local/lib/python3.12/site-packages/airflow/datasets/__init__.py", line 108, in _sanitize_uri
    if (normalizer := _get_uri_normalizer(normalized_scheme)) is not None:
                      ^^^^^^^^^^^^^^^^^^^^^^^^^^^^^^^^^^^^^^
  File "/home/airflow/.local/lib/python3.12/site-packages/airflow/datasets/__init__.py", line 58, in _get_uri_normalizer
    return ProvidersManager().dataset_uri_handlers.get(scheme)
           ^^^^^^^^^^^^^^^^^^^^^^^^^^^^^^^^^^^^^^^
  File "/home/airflow/.local/lib/python3.12/site-packages/airflow/providers_manager.py", line 1333, in dataset_uri_handlers
    self.initialize_providers_dataset_uri_resources()
  File "/home/airflow/.local/lib/python3.12/site-packages/airflow/providers_manager.py", line 384, in wrapped_function
    func(*args, **kwargs)
  File "/home/airflow/.local/lib/python3.12/site-packages/airflow/providers_manager.py", line 532, in initialize_providers_dataset_uri_resources
    self._discover_dataset_uri_resources()
  File "/home/airflow/.local/lib/python3.12/site-packages/airflow/providers_manager.py", line 914, in _discover_dataset_uri_resources
    _safe_register_resource(
  File "/home/airflow/.local/lib/python3.12/site-packages/airflow/providers_manager.py", line 902, in _safe_register_resource
    _correctness_check(provider_package_name, resource_path, provider)
  File "/home/airflow/.local/lib/python3.12/site-packages/airflow/providers_manager.py", line 327, in _correctness_check
    imported_class = import_string(class_name)
                     ^^^^^^^^^^^^^^^^^^^^^^^^^
  File "/home/airflow/.local/lib/python3.12/site-packages/airflow/utils/module_loading.py", line 39, in import_string
    module = import_module(module_path)
             ^^^^^^^^^^^^^^^^^^^^^^^^^^
  File "/usr/local/lib/python3.12/importlib/__init__.py", line 90, in import_module
    return _bootstrap._gcd_import(name[level:], package, level)
           ^^^^^^^^^^^^^^^^^^^^^^^^^^^^^^^^^^^^^^^^^^^^^^^^^^^^
  File "<frozen importlib._bootstrap>", line 1387, in _gcd_import
  File "<frozen importlib._bootstrap>", line 1360, in _find_and_load
  File "<frozen importlib._bootstrap>", line 1331, in _find_and_load_unlocked
  File "<frozen importlib._bootstrap>", line 935, in _load_unlocked
  File "<frozen importlib._bootstrap_external>", line 999, in exec_module
  File "<frozen importlib._bootstrap>", line 488, in _call_with_frames_removed
  File "/home/airflow/.local/lib/python3.12/site-packages/airflow/providers/google/assets/gcs.py", line 21, in <module>
    from airflow.providers.google.cloud.hooks.gcs import _parse_gcs_url
  File "/home/airflow/.local/lib/python3.12/site-packages/airflow/providers/google/cloud/hooks/gcs.py", line 41, in <module>
    from google.cloud import storage  # type: ignore[attr-defined]
    ^^^^^^^^^^^^^^^^^^^^^^^^^^^^^^^^
  File "/home/airflow/.local/lib/python3.12/site-packages/google/cloud/storage/__init__.py", line 35, in <module>
    from google.cloud.storage.batch import Batch
  File "/home/airflow/.local/lib/python3.12/site-packages/google/cloud/storage/batch.py", line 44, in <module>
    from google.cloud.storage._http import Connection
  File "<frozen importlib._bootstrap>", line 1360, in _find_and_load
  File "<frozen importlib._bootstrap>", line 1331, in _find_and_load_unlocked
  File "<frozen importlib._bootstrap>", line 935, in _load_unlocked
  File "<frozen importlib._bootstrap_external>", line 995, in exec_module
  File "<frozen importlib._bootstrap_external>", line 1091, in get_code
  File "<frozen importlib._bootstrap_external>", line 1190, in get_data
  File "/home/airflow/.local/lib/python3.12/site-packages/airflow/utils/timeout.py", line 69, in handle_timeout
    raise AirflowTaskTimeout(self.error_message)
airflow.exceptions.AirflowTaskTimeout: DagBag import timeout for /home/airflow/.local/lib/python3.12/site-packages/airflow/example_dags/example_datasets.py after 30.0s.
Please take a look at these docs to improve your DAG import time:
* https://airflow.apache.org/docs/apache-airflow/2.10.5/best-practices.html#top-level-python-code
* https://airflow.apache.org/docs/apache-airflow/2.10.5/best-practices.html#reducing-dag-complexity, PID: 39877
[2025-04-17T11:43:58.179+0000] {processor.py:927} WARNING - No viable dags retrieved from /home/airflow/.local/lib/python3.12/site-packages/airflow/example_dags/example_datasets.py
[2025-04-17T12:10:26.427+0000] {processor.py:186} INFO - Started process (PID=640) to work on /home/airflow/.local/lib/python3.12/site-packages/airflow/example_dags/example_datasets.py
[2025-04-17T12:10:26.438+0000] {processor.py:914} INFO - Processing file /home/airflow/.local/lib/python3.12/site-packages/airflow/example_dags/example_datasets.py for tasks to queue
[2025-04-17T12:10:26.453+0000] {logging_mixin.py:190} INFO - [2025-04-17T12:10:26.452+0000] {dagbag.py:588} INFO - Filling up the DagBag from /home/airflow/.local/lib/python3.12/site-packages/airflow/example_dags/example_datasets.py
[2025-04-17T12:10:41.684+0000] {processor.py:925} INFO - DAG(s) 'dataset_consumes_1', 'dataset_consumes_1_never_scheduled', 'consume_1_or_both_2_and_3_with_dataset_expressions', 'dataset_consumes_1_and_2', 'dataset_consumes_unknown_never_scheduled', 'consume_1_and_2_with_dataset_expressions', 'dataset_produces_1', 'conditional_dataset_and_time_based_timetable', 'dataset_produces_2', 'consume_1_or_2_with_dataset_expressions' retrieved from /home/airflow/.local/lib/python3.12/site-packages/airflow/example_dags/example_datasets.py
[2025-04-17T12:18:18.708+0000] {processor.py:186} INFO - Started process (PID=1539) to work on /home/airflow/.local/lib/python3.12/site-packages/airflow/example_dags/example_datasets.py
[2025-04-17T12:18:18.713+0000] {processor.py:914} INFO - Processing file /home/airflow/.local/lib/python3.12/site-packages/airflow/example_dags/example_datasets.py for tasks to queue
[2025-04-17T12:18:18.717+0000] {logging_mixin.py:190} INFO - [2025-04-17T12:18:18.716+0000] {dagbag.py:588} INFO - Filling up the DagBag from /home/airflow/.local/lib/python3.12/site-packages/airflow/example_dags/example_datasets.py
[2025-04-17T12:18:21.661+0000] {processor.py:925} INFO - DAG(s) 'consume_1_and_2_with_dataset_expressions', 'dataset_consumes_unknown_never_scheduled', 'dataset_consumes_1_and_2', 'consume_1_or_both_2_and_3_with_dataset_expressions', 'conditional_dataset_and_time_based_timetable', 'dataset_produces_2', 'consume_1_or_2_with_dataset_expressions', 'dataset_consumes_1_never_scheduled', 'dataset_consumes_1', 'dataset_produces_1' retrieved from /home/airflow/.local/lib/python3.12/site-packages/airflow/example_dags/example_datasets.py
[2025-04-17T12:18:36.675+0000] {logging_mixin.py:190} INFO - [2025-04-17T12:18:36.674+0000] {dag.py:3239} INFO - Sync 10 DAGs
[2025-04-17T12:18:36.847+0000] {logging_mixin.py:190} INFO - [2025-04-17T12:18:36.846+0000] {dag.py:4180} INFO - Setting next_dagrun for conditional_dataset_and_time_based_timetable to 2025-04-16 01:00:00+00:00, run_after=2025-04-16 01:00:00+00:00
[2025-04-17T12:18:36.870+0000] {logging_mixin.py:190} INFO - [2025-04-17T12:18:36.869+0000] {dag.py:4180} INFO - Setting next_dagrun for consume_1_and_2_with_dataset_expressions to None, run_after=None
[2025-04-17T12:18:36.879+0000] {logging_mixin.py:190} INFO - [2025-04-17T12:18:36.878+0000] {dag.py:4180} INFO - Setting next_dagrun for consume_1_or_2_with_dataset_expressions to None, run_after=None
[2025-04-17T12:18:36.884+0000] {logging_mixin.py:190} INFO - [2025-04-17T12:18:36.883+0000] {dag.py:4180} INFO - Setting next_dagrun for consume_1_or_both_2_and_3_with_dataset_expressions to None, run_after=None
[2025-04-17T12:18:36.894+0000] {logging_mixin.py:190} INFO - [2025-04-17T12:18:36.892+0000] {dag.py:4180} INFO - Setting next_dagrun for dataset_consumes_1 to None, run_after=None
[2025-04-17T12:18:36.899+0000] {logging_mixin.py:190} INFO - [2025-04-17T12:18:36.898+0000] {dag.py:4180} INFO - Setting next_dagrun for dataset_consumes_1_and_2 to None, run_after=None
[2025-04-17T12:18:36.904+0000] {logging_mixin.py:190} INFO - [2025-04-17T12:18:36.904+0000] {dag.py:4180} INFO - Setting next_dagrun for dataset_consumes_1_never_scheduled to None, run_after=None
[2025-04-17T12:18:36.915+0000] {logging_mixin.py:190} INFO - [2025-04-17T12:18:36.914+0000] {dag.py:4180} INFO - Setting next_dagrun for dataset_consumes_unknown_never_scheduled to None, run_after=None
[2025-04-17T12:18:36.937+0000] {logging_mixin.py:190} INFO - [2025-04-17T12:18:36.937+0000] {dag.py:4180} INFO - Setting next_dagrun for dataset_produces_1 to 2025-04-16 00:00:00+00:00, run_after=2025-04-17 00:00:00+00:00
[2025-04-17T12:18:36.966+0000] {logging_mixin.py:190} INFO - [2025-04-17T12:18:36.965+0000] {dag.py:4180} INFO - Setting next_dagrun for dataset_produces_2 to None, run_after=None
[2025-04-17T12:18:37.226+0000] {processor.py:208} INFO - Processing /home/airflow/.local/lib/python3.12/site-packages/airflow/example_dags/example_datasets.py took 18.554 seconds
[2025-04-17T12:21:25.085+0000] {processor.py:186} INFO - Started process (PID=2393) to work on /home/airflow/.local/lib/python3.12/site-packages/airflow/example_dags/example_datasets.py
[2025-04-17T12:21:25.221+0000] {processor.py:914} INFO - Processing file /home/airflow/.local/lib/python3.12/site-packages/airflow/example_dags/example_datasets.py for tasks to queue
[2025-04-17T12:21:25.429+0000] {logging_mixin.py:190} INFO - [2025-04-17T12:21:25.381+0000] {dagbag.py:588} INFO - Filling up the DagBag from /home/airflow/.local/lib/python3.12/site-packages/airflow/example_dags/example_datasets.py
[2025-04-17T12:21:56.246+0000] {logging_mixin.py:190} INFO - [2025-04-17T12:21:56.019+0000] {timeout.py:68} ERROR - Process timed out, PID: 2393
[2025-04-17T12:21:56.559+0000] {logging_mixin.py:190} INFO - [2025-04-17T12:21:56.369+0000] {dagbag.py:387} ERROR - Failed to import: /home/airflow/.local/lib/python3.12/site-packages/airflow/example_dags/example_datasets.py
Traceback (most recent call last):
  File "/home/airflow/.local/lib/python3.12/site-packages/airflow/models/dagbag.py", line 383, in parse
    loader.exec_module(new_module)
  File "<frozen importlib._bootstrap_external>", line 999, in exec_module
  File "<frozen importlib._bootstrap>", line 488, in _call_with_frames_removed
  File "/home/airflow/.local/lib/python3.12/site-packages/airflow/example_dags/example_datasets.py", line 64, in <module>
    dag1_dataset = Dataset("s3://dag1/output_1.txt", extra={"hi": "bye"})
                   ^^^^^^^^^^^^^^^^^^^^^^^^^^^^^^^^^^^^^^^^^^^^^^^^^^^^^^
  File "<attrs generated init airflow.datasets.Dataset>", line 3, in __init__
    _setattr('uri', __attr_converter_uri(uri))
                    ^^^^^^^^^^^^^^^^^^^^^^^^^
  File "/home/airflow/.local/lib/python3.12/site-packages/airflow/datasets/__init__.py", line 108, in _sanitize_uri
    if (normalizer := _get_uri_normalizer(normalized_scheme)) is not None:
                      ^^^^^^^^^^^^^^^^^^^^^^^^^^^^^^^^^^^^^^
  File "/home/airflow/.local/lib/python3.12/site-packages/airflow/datasets/__init__.py", line 58, in _get_uri_normalizer
    return ProvidersManager().dataset_uri_handlers.get(scheme)
           ^^^^^^^^^^^^^^^^^^^^^^^^^^^^^^^^^^^^^^^
  File "/home/airflow/.local/lib/python3.12/site-packages/airflow/providers_manager.py", line 1333, in dataset_uri_handlers
    self.initialize_providers_dataset_uri_resources()
  File "/home/airflow/.local/lib/python3.12/site-packages/airflow/providers_manager.py", line 384, in wrapped_function
    func(*args, **kwargs)
  File "/home/airflow/.local/lib/python3.12/site-packages/airflow/providers_manager.py", line 532, in initialize_providers_dataset_uri_resources
    self._discover_dataset_uri_resources()
  File "/home/airflow/.local/lib/python3.12/site-packages/airflow/providers_manager.py", line 914, in _discover_dataset_uri_resources
    _safe_register_resource(
  File "/home/airflow/.local/lib/python3.12/site-packages/airflow/providers_manager.py", line 902, in _safe_register_resource
    _correctness_check(provider_package_name, resource_path, provider)
  File "/home/airflow/.local/lib/python3.12/site-packages/airflow/providers_manager.py", line 327, in _correctness_check
    imported_class = import_string(class_name)
                     ^^^^^^^^^^^^^^^^^^^^^^^^^
  File "/home/airflow/.local/lib/python3.12/site-packages/airflow/utils/module_loading.py", line 39, in import_string
    module = import_module(module_path)
             ^^^^^^^^^^^^^^^^^^^^^^^^^^
  File "/usr/local/lib/python3.12/importlib/__init__.py", line 90, in import_module
    return _bootstrap._gcd_import(name[level:], package, level)
           ^^^^^^^^^^^^^^^^^^^^^^^^^^^^^^^^^^^^^^^^^^^^^^^^^^^^
  File "<frozen importlib._bootstrap>", line 1387, in _gcd_import
  File "<frozen importlib._bootstrap>", line 1360, in _find_and_load
  File "<frozen importlib._bootstrap>", line 1331, in _find_and_load_unlocked
  File "<frozen importlib._bootstrap>", line 935, in _load_unlocked
  File "<frozen importlib._bootstrap_external>", line 999, in exec_module
  File "<frozen importlib._bootstrap>", line 488, in _call_with_frames_removed
  File "/home/airflow/.local/lib/python3.12/site-packages/airflow/providers/amazon/aws/assets/s3.py", line 21, in <module>
    from airflow.providers.amazon.aws.hooks.s3 import S3Hook
  File "/home/airflow/.local/lib/python3.12/site-packages/airflow/providers/amazon/aws/hooks/s3.py", line 57, in <module>
    from boto3.s3.transfer import S3Transfer, TransferConfig
  File "/home/airflow/.local/lib/python3.12/site-packages/boto3/s3/transfer.py", line 135, in <module>
    from s3transfer.futures import NonThreadedExecutor
  File "<frozen importlib._bootstrap>", line 1360, in _find_and_load
  File "<frozen importlib._bootstrap>", line 1331, in _find_and_load_unlocked
  File "<frozen importlib._bootstrap>", line 935, in _load_unlocked
  File "<frozen importlib._bootstrap_external>", line 995, in exec_module
  File "<frozen importlib._bootstrap_external>", line 1128, in get_code
  File "<frozen importlib._bootstrap_external>", line 757, in _compile_bytecode
  File "/home/airflow/.local/lib/python3.12/site-packages/airflow/utils/timeout.py", line 69, in handle_timeout
    raise AirflowTaskTimeout(self.error_message)
airflow.exceptions.AirflowTaskTimeout: DagBag import timeout for /home/airflow/.local/lib/python3.12/site-packages/airflow/example_dags/example_datasets.py after 30.0s.
Please take a look at these docs to improve your DAG import time:
* https://airflow.apache.org/docs/apache-airflow/2.10.5/best-practices.html#top-level-python-code
* https://airflow.apache.org/docs/apache-airflow/2.10.5/best-practices.html#reducing-dag-complexity, PID: 2393
[2025-04-17T12:21:56.858+0000] {processor.py:927} WARNING - No viable dags retrieved from /home/airflow/.local/lib/python3.12/site-packages/airflow/example_dags/example_datasets.py
[2025-04-17T12:22:04.640+0000] {processor.py:208} INFO - Processing /home/airflow/.local/lib/python3.12/site-packages/airflow/example_dags/example_datasets.py took 43.053 seconds
[2025-04-17T12:24:52.241+0000] {processor.py:186} INFO - Started process (PID=2815) to work on /home/airflow/.local/lib/python3.12/site-packages/airflow/example_dags/example_datasets.py
[2025-04-17T12:24:52.244+0000] {processor.py:914} INFO - Processing file /home/airflow/.local/lib/python3.12/site-packages/airflow/example_dags/example_datasets.py for tasks to queue
[2025-04-17T12:24:52.247+0000] {logging_mixin.py:190} INFO - [2025-04-17T12:24:52.246+0000] {dagbag.py:588} INFO - Filling up the DagBag from /home/airflow/.local/lib/python3.12/site-packages/airflow/example_dags/example_datasets.py
[2025-04-17T12:24:53.878+0000] {processor.py:925} INFO - DAG(s) 'consume_1_or_both_2_and_3_with_dataset_expressions', 'conditional_dataset_and_time_based_timetable', 'dataset_produces_2', 'dataset_produces_1', 'dataset_consumes_1', 'dataset_consumes_1_and_2', 'consume_1_and_2_with_dataset_expressions', 'dataset_consumes_1_never_scheduled', 'consume_1_or_2_with_dataset_expressions', 'dataset_consumes_unknown_never_scheduled' retrieved from /home/airflow/.local/lib/python3.12/site-packages/airflow/example_dags/example_datasets.py
[2025-04-17T12:24:54.615+0000] {logging_mixin.py:190} INFO - [2025-04-17T12:24:54.614+0000] {dag.py:3239} INFO - Sync 10 DAGs
[2025-04-17T12:24:54.685+0000] {logging_mixin.py:190} INFO - [2025-04-17T12:24:54.685+0000] {dag.py:4180} INFO - Setting next_dagrun for conditional_dataset_and_time_based_timetable to 2025-04-16 01:00:00+00:00, run_after=2025-04-16 01:00:00+00:00
[2025-04-17T12:24:54.693+0000] {logging_mixin.py:190} INFO - [2025-04-17T12:24:54.693+0000] {dag.py:4180} INFO - Setting next_dagrun for consume_1_and_2_with_dataset_expressions to None, run_after=None
[2025-04-17T12:24:54.696+0000] {logging_mixin.py:190} INFO - [2025-04-17T12:24:54.696+0000] {dag.py:4180} INFO - Setting next_dagrun for consume_1_or_2_with_dataset_expressions to None, run_after=None
[2025-04-17T12:24:54.699+0000] {logging_mixin.py:190} INFO - [2025-04-17T12:24:54.699+0000] {dag.py:4180} INFO - Setting next_dagrun for consume_1_or_both_2_and_3_with_dataset_expressions to None, run_after=None
[2025-04-17T12:24:54.702+0000] {logging_mixin.py:190} INFO - [2025-04-17T12:24:54.702+0000] {dag.py:4180} INFO - Setting next_dagrun for dataset_consumes_1 to None, run_after=None
[2025-04-17T12:24:54.704+0000] {logging_mixin.py:190} INFO - [2025-04-17T12:24:54.704+0000] {dag.py:4180} INFO - Setting next_dagrun for dataset_consumes_1_and_2 to None, run_after=None
[2025-04-17T12:24:54.707+0000] {logging_mixin.py:190} INFO - [2025-04-17T12:24:54.707+0000] {dag.py:4180} INFO - Setting next_dagrun for dataset_consumes_1_never_scheduled to None, run_after=None
[2025-04-17T12:24:54.710+0000] {logging_mixin.py:190} INFO - [2025-04-17T12:24:54.710+0000] {dag.py:4180} INFO - Setting next_dagrun for dataset_consumes_unknown_never_scheduled to None, run_after=None
[2025-04-17T12:24:54.718+0000] {logging_mixin.py:190} INFO - [2025-04-17T12:24:54.717+0000] {dag.py:4180} INFO - Setting next_dagrun for dataset_produces_1 to 2025-04-16 00:00:00+00:00, run_after=2025-04-17 00:00:00+00:00
[2025-04-17T12:24:54.722+0000] {logging_mixin.py:190} INFO - [2025-04-17T12:24:54.721+0000] {dag.py:4180} INFO - Setting next_dagrun for dataset_produces_2 to None, run_after=None
[2025-04-17T12:24:54.823+0000] {processor.py:208} INFO - Processing /home/airflow/.local/lib/python3.12/site-packages/airflow/example_dags/example_datasets.py took 2.604 seconds
[2025-04-17T12:34:39.303+0000] {processor.py:186} INFO - Started process (PID=3771) to work on /home/airflow/.local/lib/python3.12/site-packages/airflow/example_dags/example_datasets.py
[2025-04-17T12:34:39.364+0000] {processor.py:914} INFO - Processing file /home/airflow/.local/lib/python3.12/site-packages/airflow/example_dags/example_datasets.py for tasks to queue
[2025-04-17T12:34:39.555+0000] {logging_mixin.py:190} INFO - [2025-04-17T12:34:39.549+0000] {dagbag.py:588} INFO - Filling up the DagBag from /home/airflow/.local/lib/python3.12/site-packages/airflow/example_dags/example_datasets.py
[2025-04-17T12:35:07.951+0000] {processor.py:925} INFO - DAG(s) 'dataset_consumes_1_never_scheduled', 'consume_1_or_2_with_dataset_expressions', 'dataset_consumes_1_and_2', 'dataset_consumes_1', 'dataset_consumes_unknown_never_scheduled', 'consume_1_and_2_with_dataset_expressions', 'consume_1_or_both_2_and_3_with_dataset_expressions', 'conditional_dataset_and_time_based_timetable', 'dataset_produces_2', 'dataset_produces_1' retrieved from /home/airflow/.local/lib/python3.12/site-packages/airflow/example_dags/example_datasets.py
[2025-04-17T12:35:08.693+0000] {logging_mixin.py:190} INFO - [2025-04-17T12:35:08.691+0000] {dag.py:3239} INFO - Sync 10 DAGs
[2025-04-17T12:35:08.932+0000] {logging_mixin.py:190} INFO - [2025-04-17T12:35:08.928+0000] {dag.py:4180} INFO - Setting next_dagrun for conditional_dataset_and_time_based_timetable to 2025-04-16 01:00:00+00:00, run_after=2025-04-16 01:00:00+00:00
[2025-04-17T12:35:08.966+0000] {logging_mixin.py:190} INFO - [2025-04-17T12:35:08.965+0000] {dag.py:4180} INFO - Setting next_dagrun for consume_1_and_2_with_dataset_expressions to None, run_after=None
[2025-04-17T12:35:08.984+0000] {logging_mixin.py:190} INFO - [2025-04-17T12:35:08.984+0000] {dag.py:4180} INFO - Setting next_dagrun for consume_1_or_2_with_dataset_expressions to None, run_after=None
[2025-04-17T12:35:09.004+0000] {logging_mixin.py:190} INFO - [2025-04-17T12:35:09.003+0000] {dag.py:4180} INFO - Setting next_dagrun for consume_1_or_both_2_and_3_with_dataset_expressions to None, run_after=None
[2025-04-17T12:35:09.024+0000] {logging_mixin.py:190} INFO - [2025-04-17T12:35:09.023+0000] {dag.py:4180} INFO - Setting next_dagrun for dataset_consumes_1 to None, run_after=None
[2025-04-17T12:35:09.045+0000] {logging_mixin.py:190} INFO - [2025-04-17T12:35:09.044+0000] {dag.py:4180} INFO - Setting next_dagrun for dataset_consumes_1_and_2 to None, run_after=None
[2025-04-17T12:35:09.062+0000] {logging_mixin.py:190} INFO - [2025-04-17T12:35:09.062+0000] {dag.py:4180} INFO - Setting next_dagrun for dataset_consumes_1_never_scheduled to None, run_after=None
[2025-04-17T12:35:09.088+0000] {logging_mixin.py:190} INFO - [2025-04-17T12:35:09.087+0000] {dag.py:4180} INFO - Setting next_dagrun for dataset_consumes_unknown_never_scheduled to None, run_after=None
[2025-04-17T12:35:09.121+0000] {logging_mixin.py:190} INFO - [2025-04-17T12:35:09.120+0000] {dag.py:4180} INFO - Setting next_dagrun for dataset_produces_1 to 2025-04-16 00:00:00+00:00, run_after=2025-04-17 00:00:00+00:00
[2025-04-17T12:35:09.152+0000] {logging_mixin.py:190} INFO - [2025-04-17T12:35:09.152+0000] {dag.py:4180} INFO - Setting next_dagrun for dataset_produces_2 to None, run_after=None
[2025-04-17T12:35:09.583+0000] {processor.py:208} INFO - Processing /home/airflow/.local/lib/python3.12/site-packages/airflow/example_dags/example_datasets.py took 30.513 seconds
[2025-04-17T12:35:54.460+0000] {processor.py:186} INFO - Started process (PID=4242) to work on /home/airflow/.local/lib/python3.12/site-packages/airflow/example_dags/example_datasets.py
[2025-04-17T12:35:54.463+0000] {processor.py:914} INFO - Processing file /home/airflow/.local/lib/python3.12/site-packages/airflow/example_dags/example_datasets.py for tasks to queue
[2025-04-17T12:35:54.467+0000] {logging_mixin.py:190} INFO - [2025-04-17T12:35:54.466+0000] {dagbag.py:588} INFO - Filling up the DagBag from /home/airflow/.local/lib/python3.12/site-packages/airflow/example_dags/example_datasets.py
[2025-04-17T12:35:56.690+0000] {processor.py:925} INFO - DAG(s) 'dataset_produces_2', 'consume_1_or_both_2_and_3_with_dataset_expressions', 'conditional_dataset_and_time_based_timetable', 'consume_1_and_2_with_dataset_expressions', 'consume_1_or_2_with_dataset_expressions', 'dataset_consumes_1_and_2', 'dataset_consumes_unknown_never_scheduled', 'dataset_consumes_1_never_scheduled', 'dataset_consumes_1', 'dataset_produces_1' retrieved from /home/airflow/.local/lib/python3.12/site-packages/airflow/example_dags/example_datasets.py
[2025-04-17T12:35:56.835+0000] {logging_mixin.py:190} INFO - [2025-04-17T12:35:56.834+0000] {dag.py:3239} INFO - Sync 10 DAGs
[2025-04-17T12:35:57.007+0000] {logging_mixin.py:190} INFO - [2025-04-17T12:35:57.006+0000] {dag.py:4180} INFO - Setting next_dagrun for conditional_dataset_and_time_based_timetable to 2025-04-16 01:00:00+00:00, run_after=2025-04-16 01:00:00+00:00
[2025-04-17T12:35:57.026+0000] {logging_mixin.py:190} INFO - [2025-04-17T12:35:57.025+0000] {dag.py:4180} INFO - Setting next_dagrun for consume_1_and_2_with_dataset_expressions to None, run_after=None
[2025-04-17T12:35:57.030+0000] {logging_mixin.py:190} INFO - [2025-04-17T12:35:57.029+0000] {dag.py:4180} INFO - Setting next_dagrun for consume_1_or_2_with_dataset_expressions to None, run_after=None
[2025-04-17T12:35:57.034+0000] {logging_mixin.py:190} INFO - [2025-04-17T12:35:57.033+0000] {dag.py:4180} INFO - Setting next_dagrun for consume_1_or_both_2_and_3_with_dataset_expressions to None, run_after=None
[2025-04-17T12:35:57.037+0000] {logging_mixin.py:190} INFO - [2025-04-17T12:35:57.036+0000] {dag.py:4180} INFO - Setting next_dagrun for dataset_consumes_1 to None, run_after=None
[2025-04-17T12:35:57.040+0000] {logging_mixin.py:190} INFO - [2025-04-17T12:35:57.040+0000] {dag.py:4180} INFO - Setting next_dagrun for dataset_consumes_1_and_2 to None, run_after=None
[2025-04-17T12:35:57.044+0000] {logging_mixin.py:190} INFO - [2025-04-17T12:35:57.043+0000] {dag.py:4180} INFO - Setting next_dagrun for dataset_consumes_1_never_scheduled to None, run_after=None
[2025-04-17T12:35:57.047+0000] {logging_mixin.py:190} INFO - [2025-04-17T12:35:57.046+0000] {dag.py:4180} INFO - Setting next_dagrun for dataset_consumes_unknown_never_scheduled to None, run_after=None
[2025-04-17T12:35:57.055+0000] {logging_mixin.py:190} INFO - [2025-04-17T12:35:57.054+0000] {dag.py:4180} INFO - Setting next_dagrun for dataset_produces_1 to 2025-04-16 00:00:00+00:00, run_after=2025-04-17 00:00:00+00:00
[2025-04-17T12:35:57.058+0000] {logging_mixin.py:190} INFO - [2025-04-17T12:35:57.058+0000] {dag.py:4180} INFO - Setting next_dagrun for dataset_produces_2 to None, run_after=None
[2025-04-17T12:35:57.196+0000] {processor.py:208} INFO - Processing /home/airflow/.local/lib/python3.12/site-packages/airflow/example_dags/example_datasets.py took 2.750 seconds
[2025-04-17T12:36:29.912+0000] {processor.py:186} INFO - Started process (PID=4551) to work on /home/airflow/.local/lib/python3.12/site-packages/airflow/example_dags/example_datasets.py
[2025-04-17T12:36:29.914+0000] {processor.py:914} INFO - Processing file /home/airflow/.local/lib/python3.12/site-packages/airflow/example_dags/example_datasets.py for tasks to queue
[2025-04-17T12:36:29.917+0000] {logging_mixin.py:190} INFO - [2025-04-17T12:36:29.916+0000] {dagbag.py:588} INFO - Filling up the DagBag from /home/airflow/.local/lib/python3.12/site-packages/airflow/example_dags/example_datasets.py
[2025-04-17T12:36:31.555+0000] {processor.py:925} INFO - DAG(s) 'consume_1_or_both_2_and_3_with_dataset_expressions', 'dataset_consumes_1_never_scheduled', 'dataset_consumes_unknown_never_scheduled', 'dataset_produces_1', 'conditional_dataset_and_time_based_timetable', 'dataset_consumes_1_and_2', 'dataset_produces_2', 'consume_1_or_2_with_dataset_expressions', 'consume_1_and_2_with_dataset_expressions', 'dataset_consumes_1' retrieved from /home/airflow/.local/lib/python3.12/site-packages/airflow/example_dags/example_datasets.py
[2025-04-17T12:36:31.680+0000] {logging_mixin.py:190} INFO - [2025-04-17T12:36:31.679+0000] {dag.py:3239} INFO - Sync 10 DAGs
[2025-04-17T12:36:31.774+0000] {logging_mixin.py:190} INFO - [2025-04-17T12:36:31.774+0000] {dag.py:4180} INFO - Setting next_dagrun for conditional_dataset_and_time_based_timetable to 2025-04-16 01:00:00+00:00, run_after=2025-04-16 01:00:00+00:00
[2025-04-17T12:36:31.788+0000] {logging_mixin.py:190} INFO - [2025-04-17T12:36:31.787+0000] {dag.py:4180} INFO - Setting next_dagrun for consume_1_and_2_with_dataset_expressions to None, run_after=None
[2025-04-17T12:36:31.792+0000] {logging_mixin.py:190} INFO - [2025-04-17T12:36:31.792+0000] {dag.py:4180} INFO - Setting next_dagrun for consume_1_or_2_with_dataset_expressions to None, run_after=None
[2025-04-17T12:36:31.796+0000] {logging_mixin.py:190} INFO - [2025-04-17T12:36:31.796+0000] {dag.py:4180} INFO - Setting next_dagrun for consume_1_or_both_2_and_3_with_dataset_expressions to None, run_after=None
[2025-04-17T12:36:31.800+0000] {logging_mixin.py:190} INFO - [2025-04-17T12:36:31.800+0000] {dag.py:4180} INFO - Setting next_dagrun for dataset_consumes_1 to None, run_after=None
[2025-04-17T12:36:31.804+0000] {logging_mixin.py:190} INFO - [2025-04-17T12:36:31.804+0000] {dag.py:4180} INFO - Setting next_dagrun for dataset_consumes_1_and_2 to None, run_after=None
[2025-04-17T12:36:31.807+0000] {logging_mixin.py:190} INFO - [2025-04-17T12:36:31.807+0000] {dag.py:4180} INFO - Setting next_dagrun for dataset_consumes_1_never_scheduled to None, run_after=None
[2025-04-17T12:36:31.812+0000] {logging_mixin.py:190} INFO - [2025-04-17T12:36:31.811+0000] {dag.py:4180} INFO - Setting next_dagrun for dataset_consumes_unknown_never_scheduled to None, run_after=None
[2025-04-17T12:36:31.818+0000] {logging_mixin.py:190} INFO - [2025-04-17T12:36:31.818+0000] {dag.py:4180} INFO - Setting next_dagrun for dataset_produces_1 to 2025-04-16 00:00:00+00:00, run_after=2025-04-17 00:00:00+00:00
[2025-04-17T12:36:31.821+0000] {logging_mixin.py:190} INFO - [2025-04-17T12:36:31.821+0000] {dag.py:4180} INFO - Setting next_dagrun for dataset_produces_2 to None, run_after=None
[2025-04-17T12:36:31.897+0000] {processor.py:208} INFO - Processing /home/airflow/.local/lib/python3.12/site-packages/airflow/example_dags/example_datasets.py took 1.997 seconds
[2025-04-17T12:37:27.067+0000] {processor.py:186} INFO - Started process (PID=4865) to work on /home/airflow/.local/lib/python3.12/site-packages/airflow/example_dags/example_datasets.py
[2025-04-17T12:37:27.079+0000] {processor.py:914} INFO - Processing file /home/airflow/.local/lib/python3.12/site-packages/airflow/example_dags/example_datasets.py for tasks to queue
[2025-04-17T12:37:27.082+0000] {logging_mixin.py:190} INFO - [2025-04-17T12:37:27.081+0000] {dagbag.py:588} INFO - Filling up the DagBag from /home/airflow/.local/lib/python3.12/site-packages/airflow/example_dags/example_datasets.py
[2025-04-17T12:37:31.544+0000] {processor.py:925} INFO - DAG(s) 'dataset_consumes_1_and_2', 'consume_1_or_2_with_dataset_expressions', 'dataset_consumes_unknown_never_scheduled', 'consume_1_or_both_2_and_3_with_dataset_expressions', 'conditional_dataset_and_time_based_timetable', 'dataset_consumes_1', 'dataset_produces_2', 'dataset_consumes_1_never_scheduled', 'dataset_produces_1', 'consume_1_and_2_with_dataset_expressions' retrieved from /home/airflow/.local/lib/python3.12/site-packages/airflow/example_dags/example_datasets.py
[2025-04-17T12:37:31.695+0000] {logging_mixin.py:190} INFO - [2025-04-17T12:37:31.694+0000] {dag.py:3239} INFO - Sync 10 DAGs
[2025-04-17T12:37:31.821+0000] {logging_mixin.py:190} INFO - [2025-04-17T12:37:31.820+0000] {dag.py:4180} INFO - Setting next_dagrun for conditional_dataset_and_time_based_timetable to 2025-04-16 01:00:00+00:00, run_after=2025-04-16 01:00:00+00:00
[2025-04-17T12:37:31.834+0000] {logging_mixin.py:190} INFO - [2025-04-17T12:37:31.834+0000] {dag.py:4180} INFO - Setting next_dagrun for consume_1_and_2_with_dataset_expressions to None, run_after=None
[2025-04-17T12:37:31.838+0000] {logging_mixin.py:190} INFO - [2025-04-17T12:37:31.838+0000] {dag.py:4180} INFO - Setting next_dagrun for consume_1_or_2_with_dataset_expressions to None, run_after=None
[2025-04-17T12:37:31.841+0000] {logging_mixin.py:190} INFO - [2025-04-17T12:37:31.841+0000] {dag.py:4180} INFO - Setting next_dagrun for consume_1_or_both_2_and_3_with_dataset_expressions to None, run_after=None
[2025-04-17T12:37:31.844+0000] {logging_mixin.py:190} INFO - [2025-04-17T12:37:31.844+0000] {dag.py:4180} INFO - Setting next_dagrun for dataset_consumes_1 to None, run_after=None
[2025-04-17T12:37:31.847+0000] {logging_mixin.py:190} INFO - [2025-04-17T12:37:31.846+0000] {dag.py:4180} INFO - Setting next_dagrun for dataset_consumes_1_and_2 to None, run_after=None
[2025-04-17T12:37:31.851+0000] {logging_mixin.py:190} INFO - [2025-04-17T12:37:31.851+0000] {dag.py:4180} INFO - Setting next_dagrun for dataset_consumes_1_never_scheduled to None, run_after=None
[2025-04-17T12:37:31.855+0000] {logging_mixin.py:190} INFO - [2025-04-17T12:37:31.855+0000] {dag.py:4180} INFO - Setting next_dagrun for dataset_consumes_unknown_never_scheduled to None, run_after=None
[2025-04-17T12:37:31.863+0000] {logging_mixin.py:190} INFO - [2025-04-17T12:37:31.863+0000] {dag.py:4180} INFO - Setting next_dagrun for dataset_produces_1 to 2025-04-16 00:00:00+00:00, run_after=2025-04-17 00:00:00+00:00
[2025-04-17T12:37:31.869+0000] {logging_mixin.py:190} INFO - [2025-04-17T12:37:31.868+0000] {dag.py:4180} INFO - Setting next_dagrun for dataset_produces_2 to None, run_after=None
[2025-04-17T12:37:31.955+0000] {processor.py:208} INFO - Processing /home/airflow/.local/lib/python3.12/site-packages/airflow/example_dags/example_datasets.py took 4.899 seconds
[2025-04-17T12:38:02.201+0000] {processor.py:186} INFO - Started process (PID=5179) to work on /home/airflow/.local/lib/python3.12/site-packages/airflow/example_dags/example_datasets.py
[2025-04-17T12:38:02.203+0000] {processor.py:914} INFO - Processing file /home/airflow/.local/lib/python3.12/site-packages/airflow/example_dags/example_datasets.py for tasks to queue
[2025-04-17T12:38:02.205+0000] {logging_mixin.py:190} INFO - [2025-04-17T12:38:02.205+0000] {dagbag.py:588} INFO - Filling up the DagBag from /home/airflow/.local/lib/python3.12/site-packages/airflow/example_dags/example_datasets.py
[2025-04-17T12:38:03.663+0000] {processor.py:925} INFO - DAG(s) 'dataset_consumes_unknown_never_scheduled', 'dataset_consumes_1_never_scheduled', 'conditional_dataset_and_time_based_timetable', 'consume_1_and_2_with_dataset_expressions', 'dataset_consumes_1_and_2', 'dataset_consumes_1', 'consume_1_or_2_with_dataset_expressions', 'dataset_produces_2', 'consume_1_or_both_2_and_3_with_dataset_expressions', 'dataset_produces_1' retrieved from /home/airflow/.local/lib/python3.12/site-packages/airflow/example_dags/example_datasets.py
[2025-04-17T12:38:03.755+0000] {logging_mixin.py:190} INFO - [2025-04-17T12:38:03.755+0000] {dag.py:3239} INFO - Sync 10 DAGs
[2025-04-17T12:38:03.816+0000] {logging_mixin.py:190} INFO - [2025-04-17T12:38:03.815+0000] {dag.py:4180} INFO - Setting next_dagrun for conditional_dataset_and_time_based_timetable to 2025-04-16 01:00:00+00:00, run_after=2025-04-16 01:00:00+00:00
[2025-04-17T12:38:03.827+0000] {logging_mixin.py:190} INFO - [2025-04-17T12:38:03.827+0000] {dag.py:4180} INFO - Setting next_dagrun for consume_1_and_2_with_dataset_expressions to None, run_after=None
[2025-04-17T12:38:03.831+0000] {logging_mixin.py:190} INFO - [2025-04-17T12:38:03.831+0000] {dag.py:4180} INFO - Setting next_dagrun for consume_1_or_2_with_dataset_expressions to None, run_after=None
[2025-04-17T12:38:03.835+0000] {logging_mixin.py:190} INFO - [2025-04-17T12:38:03.834+0000] {dag.py:4180} INFO - Setting next_dagrun for consume_1_or_both_2_and_3_with_dataset_expressions to None, run_after=None
[2025-04-17T12:38:03.838+0000] {logging_mixin.py:190} INFO - [2025-04-17T12:38:03.838+0000] {dag.py:4180} INFO - Setting next_dagrun for dataset_consumes_1 to None, run_after=None
[2025-04-17T12:38:03.842+0000] {logging_mixin.py:190} INFO - [2025-04-17T12:38:03.841+0000] {dag.py:4180} INFO - Setting next_dagrun for dataset_consumes_1_and_2 to None, run_after=None
[2025-04-17T12:38:03.846+0000] {logging_mixin.py:190} INFO - [2025-04-17T12:38:03.845+0000] {dag.py:4180} INFO - Setting next_dagrun for dataset_consumes_1_never_scheduled to None, run_after=None
[2025-04-17T12:38:03.850+0000] {logging_mixin.py:190} INFO - [2025-04-17T12:38:03.849+0000] {dag.py:4180} INFO - Setting next_dagrun for dataset_consumes_unknown_never_scheduled to None, run_after=None
[2025-04-17T12:38:03.857+0000] {logging_mixin.py:190} INFO - [2025-04-17T12:38:03.856+0000] {dag.py:4180} INFO - Setting next_dagrun for dataset_produces_1 to 2025-04-16 00:00:00+00:00, run_after=2025-04-17 00:00:00+00:00
[2025-04-17T12:38:03.861+0000] {logging_mixin.py:190} INFO - [2025-04-17T12:38:03.860+0000] {dag.py:4180} INFO - Setting next_dagrun for dataset_produces_2 to None, run_after=None
[2025-04-17T12:38:03.980+0000] {processor.py:208} INFO - Processing /home/airflow/.local/lib/python3.12/site-packages/airflow/example_dags/example_datasets.py took 1.791 seconds
[2025-04-17T12:38:34.432+0000] {processor.py:186} INFO - Started process (PID=5516) to work on /home/airflow/.local/lib/python3.12/site-packages/airflow/example_dags/example_datasets.py
[2025-04-17T12:38:34.434+0000] {processor.py:914} INFO - Processing file /home/airflow/.local/lib/python3.12/site-packages/airflow/example_dags/example_datasets.py for tasks to queue
[2025-04-17T12:38:34.436+0000] {logging_mixin.py:190} INFO - [2025-04-17T12:38:34.435+0000] {dagbag.py:588} INFO - Filling up the DagBag from /home/airflow/.local/lib/python3.12/site-packages/airflow/example_dags/example_datasets.py
[2025-04-17T12:38:35.591+0000] {processor.py:925} INFO - DAG(s) 'dataset_consumes_unknown_never_scheduled', 'consume_1_or_2_with_dataset_expressions', 'dataset_consumes_1_and_2', 'consume_1_and_2_with_dataset_expressions', 'dataset_consumes_1', 'dataset_consumes_1_never_scheduled', 'consume_1_or_both_2_and_3_with_dataset_expressions', 'conditional_dataset_and_time_based_timetable', 'dataset_produces_2', 'dataset_produces_1' retrieved from /home/airflow/.local/lib/python3.12/site-packages/airflow/example_dags/example_datasets.py
[2025-04-17T12:38:35.687+0000] {logging_mixin.py:190} INFO - [2025-04-17T12:38:35.686+0000] {dag.py:3239} INFO - Sync 10 DAGs
[2025-04-17T12:38:35.752+0000] {logging_mixin.py:190} INFO - [2025-04-17T12:38:35.751+0000] {dag.py:4180} INFO - Setting next_dagrun for conditional_dataset_and_time_based_timetable to 2025-04-16 01:00:00+00:00, run_after=2025-04-16 01:00:00+00:00
[2025-04-17T12:38:35.760+0000] {logging_mixin.py:190} INFO - [2025-04-17T12:38:35.760+0000] {dag.py:4180} INFO - Setting next_dagrun for consume_1_and_2_with_dataset_expressions to None, run_after=None
[2025-04-17T12:38:35.766+0000] {logging_mixin.py:190} INFO - [2025-04-17T12:38:35.765+0000] {dag.py:4180} INFO - Setting next_dagrun for consume_1_or_2_with_dataset_expressions to None, run_after=None
[2025-04-17T12:38:35.771+0000] {logging_mixin.py:190} INFO - [2025-04-17T12:38:35.770+0000] {dag.py:4180} INFO - Setting next_dagrun for consume_1_or_both_2_and_3_with_dataset_expressions to None, run_after=None
[2025-04-17T12:38:35.774+0000] {logging_mixin.py:190} INFO - [2025-04-17T12:38:35.774+0000] {dag.py:4180} INFO - Setting next_dagrun for dataset_consumes_1 to None, run_after=None
[2025-04-17T12:38:35.780+0000] {logging_mixin.py:190} INFO - [2025-04-17T12:38:35.779+0000] {dag.py:4180} INFO - Setting next_dagrun for dataset_consumes_1_and_2 to None, run_after=None
[2025-04-17T12:38:35.785+0000] {logging_mixin.py:190} INFO - [2025-04-17T12:38:35.784+0000] {dag.py:4180} INFO - Setting next_dagrun for dataset_consumes_1_never_scheduled to None, run_after=None
[2025-04-17T12:38:35.789+0000] {logging_mixin.py:190} INFO - [2025-04-17T12:38:35.788+0000] {dag.py:4180} INFO - Setting next_dagrun for dataset_consumes_unknown_never_scheduled to None, run_after=None
[2025-04-17T12:38:35.797+0000] {logging_mixin.py:190} INFO - [2025-04-17T12:38:35.797+0000] {dag.py:4180} INFO - Setting next_dagrun for dataset_produces_1 to 2025-04-16 00:00:00+00:00, run_after=2025-04-17 00:00:00+00:00
[2025-04-17T12:38:35.801+0000] {logging_mixin.py:190} INFO - [2025-04-17T12:38:35.800+0000] {dag.py:4180} INFO - Setting next_dagrun for dataset_produces_2 to None, run_after=None
[2025-04-17T12:38:35.863+0000] {processor.py:208} INFO - Processing /home/airflow/.local/lib/python3.12/site-packages/airflow/example_dags/example_datasets.py took 1.442 seconds
[2025-04-17T12:39:06.005+0000] {processor.py:186} INFO - Started process (PID=5823) to work on /home/airflow/.local/lib/python3.12/site-packages/airflow/example_dags/example_datasets.py
[2025-04-17T12:39:06.010+0000] {processor.py:914} INFO - Processing file /home/airflow/.local/lib/python3.12/site-packages/airflow/example_dags/example_datasets.py for tasks to queue
[2025-04-17T12:39:06.014+0000] {logging_mixin.py:190} INFO - [2025-04-17T12:39:06.013+0000] {dagbag.py:588} INFO - Filling up the DagBag from /home/airflow/.local/lib/python3.12/site-packages/airflow/example_dags/example_datasets.py
[2025-04-17T12:39:13.976+0000] {processor.py:925} INFO - DAG(s) 'dataset_consumes_1_never_scheduled', 'dataset_consumes_1', 'consume_1_or_both_2_and_3_with_dataset_expressions', 'consume_1_and_2_with_dataset_expressions', 'dataset_consumes_unknown_never_scheduled', 'consume_1_or_2_with_dataset_expressions', 'dataset_produces_1', 'conditional_dataset_and_time_based_timetable', 'dataset_produces_2', 'dataset_consumes_1_and_2' retrieved from /home/airflow/.local/lib/python3.12/site-packages/airflow/example_dags/example_datasets.py
[2025-04-17T12:39:14.088+0000] {logging_mixin.py:190} INFO - [2025-04-17T12:39:14.088+0000] {dag.py:3239} INFO - Sync 10 DAGs
[2025-04-17T12:39:14.149+0000] {logging_mixin.py:190} INFO - [2025-04-17T12:39:14.148+0000] {dag.py:4180} INFO - Setting next_dagrun for conditional_dataset_and_time_based_timetable to 2025-04-16 01:00:00+00:00, run_after=2025-04-16 01:00:00+00:00
[2025-04-17T12:39:14.160+0000] {logging_mixin.py:190} INFO - [2025-04-17T12:39:14.160+0000] {dag.py:4180} INFO - Setting next_dagrun for consume_1_and_2_with_dataset_expressions to None, run_after=None
[2025-04-17T12:39:14.164+0000] {logging_mixin.py:190} INFO - [2025-04-17T12:39:14.163+0000] {dag.py:4180} INFO - Setting next_dagrun for consume_1_or_2_with_dataset_expressions to None, run_after=None
[2025-04-17T12:39:14.166+0000] {logging_mixin.py:190} INFO - [2025-04-17T12:39:14.166+0000] {dag.py:4180} INFO - Setting next_dagrun for consume_1_or_both_2_and_3_with_dataset_expressions to None, run_after=None
[2025-04-17T12:39:14.169+0000] {logging_mixin.py:190} INFO - [2025-04-17T12:39:14.169+0000] {dag.py:4180} INFO - Setting next_dagrun for dataset_consumes_1 to None, run_after=None
[2025-04-17T12:39:14.171+0000] {logging_mixin.py:190} INFO - [2025-04-17T12:39:14.171+0000] {dag.py:4180} INFO - Setting next_dagrun for dataset_consumes_1_and_2 to None, run_after=None
[2025-04-17T12:39:14.174+0000] {logging_mixin.py:190} INFO - [2025-04-17T12:39:14.174+0000] {dag.py:4180} INFO - Setting next_dagrun for dataset_consumes_1_never_scheduled to None, run_after=None
[2025-04-17T12:39:14.177+0000] {logging_mixin.py:190} INFO - [2025-04-17T12:39:14.176+0000] {dag.py:4180} INFO - Setting next_dagrun for dataset_consumes_unknown_never_scheduled to None, run_after=None
[2025-04-17T12:39:14.184+0000] {logging_mixin.py:190} INFO - [2025-04-17T12:39:14.183+0000] {dag.py:4180} INFO - Setting next_dagrun for dataset_produces_1 to 2025-04-16 00:00:00+00:00, run_after=2025-04-17 00:00:00+00:00
[2025-04-17T12:39:14.188+0000] {logging_mixin.py:190} INFO - [2025-04-17T12:39:14.188+0000] {dag.py:4180} INFO - Setting next_dagrun for dataset_produces_2 to None, run_after=None
[2025-04-17T12:39:14.323+0000] {processor.py:208} INFO - Processing /home/airflow/.local/lib/python3.12/site-packages/airflow/example_dags/example_datasets.py took 8.351 seconds
[2025-04-17T12:39:45.588+0000] {processor.py:186} INFO - Started process (PID=6165) to work on /home/airflow/.local/lib/python3.12/site-packages/airflow/example_dags/example_datasets.py
[2025-04-17T12:39:45.591+0000] {processor.py:914} INFO - Processing file /home/airflow/.local/lib/python3.12/site-packages/airflow/example_dags/example_datasets.py for tasks to queue
[2025-04-17T12:39:45.595+0000] {logging_mixin.py:190} INFO - [2025-04-17T12:39:45.594+0000] {dagbag.py:588} INFO - Filling up the DagBag from /home/airflow/.local/lib/python3.12/site-packages/airflow/example_dags/example_datasets.py
[2025-04-17T12:39:47.579+0000] {processor.py:925} INFO - DAG(s) 'consume_1_or_2_with_dataset_expressions', 'dataset_consumes_1_never_scheduled', 'dataset_consumes_1', 'consume_1_and_2_with_dataset_expressions', 'conditional_dataset_and_time_based_timetable', 'dataset_produces_1', 'dataset_produces_2', 'dataset_consumes_1_and_2', 'consume_1_or_both_2_and_3_with_dataset_expressions', 'dataset_consumes_unknown_never_scheduled' retrieved from /home/airflow/.local/lib/python3.12/site-packages/airflow/example_dags/example_datasets.py
[2025-04-17T12:39:47.686+0000] {logging_mixin.py:190} INFO - [2025-04-17T12:39:47.685+0000] {dag.py:3239} INFO - Sync 10 DAGs
[2025-04-17T12:39:47.744+0000] {logging_mixin.py:190} INFO - [2025-04-17T12:39:47.744+0000] {dag.py:4180} INFO - Setting next_dagrun for conditional_dataset_and_time_based_timetable to 2025-04-16 01:00:00+00:00, run_after=2025-04-16 01:00:00+00:00
[2025-04-17T12:39:47.753+0000] {logging_mixin.py:190} INFO - [2025-04-17T12:39:47.753+0000] {dag.py:4180} INFO - Setting next_dagrun for consume_1_and_2_with_dataset_expressions to None, run_after=None
[2025-04-17T12:39:47.757+0000] {logging_mixin.py:190} INFO - [2025-04-17T12:39:47.757+0000] {dag.py:4180} INFO - Setting next_dagrun for consume_1_or_2_with_dataset_expressions to None, run_after=None
[2025-04-17T12:39:47.760+0000] {logging_mixin.py:190} INFO - [2025-04-17T12:39:47.760+0000] {dag.py:4180} INFO - Setting next_dagrun for consume_1_or_both_2_and_3_with_dataset_expressions to None, run_after=None
[2025-04-17T12:39:47.763+0000] {logging_mixin.py:190} INFO - [2025-04-17T12:39:47.763+0000] {dag.py:4180} INFO - Setting next_dagrun for dataset_consumes_1 to None, run_after=None
[2025-04-17T12:39:47.767+0000] {logging_mixin.py:190} INFO - [2025-04-17T12:39:47.767+0000] {dag.py:4180} INFO - Setting next_dagrun for dataset_consumes_1_and_2 to None, run_after=None
[2025-04-17T12:39:47.770+0000] {logging_mixin.py:190} INFO - [2025-04-17T12:39:47.770+0000] {dag.py:4180} INFO - Setting next_dagrun for dataset_consumes_1_never_scheduled to None, run_after=None
[2025-04-17T12:39:47.773+0000] {logging_mixin.py:190} INFO - [2025-04-17T12:39:47.773+0000] {dag.py:4180} INFO - Setting next_dagrun for dataset_consumes_unknown_never_scheduled to None, run_after=None
[2025-04-17T12:39:47.778+0000] {logging_mixin.py:190} INFO - [2025-04-17T12:39:47.778+0000] {dag.py:4180} INFO - Setting next_dagrun for dataset_produces_1 to 2025-04-16 00:00:00+00:00, run_after=2025-04-17 00:00:00+00:00
[2025-04-17T12:39:47.781+0000] {logging_mixin.py:190} INFO - [2025-04-17T12:39:47.781+0000] {dag.py:4180} INFO - Setting next_dagrun for dataset_produces_2 to None, run_after=None
[2025-04-17T12:39:47.868+0000] {processor.py:208} INFO - Processing /home/airflow/.local/lib/python3.12/site-packages/airflow/example_dags/example_datasets.py took 2.294 seconds
[2025-04-17T12:42:32.037+0000] {processor.py:186} INFO - Started process (PID=6668) to work on /home/airflow/.local/lib/python3.12/site-packages/airflow/example_dags/example_datasets.py
[2025-04-17T12:42:32.039+0000] {processor.py:914} INFO - Processing file /home/airflow/.local/lib/python3.12/site-packages/airflow/example_dags/example_datasets.py for tasks to queue
[2025-04-17T12:42:32.042+0000] {logging_mixin.py:190} INFO - [2025-04-17T12:42:32.041+0000] {dagbag.py:588} INFO - Filling up the DagBag from /home/airflow/.local/lib/python3.12/site-packages/airflow/example_dags/example_datasets.py
[2025-04-17T12:42:34.559+0000] {processor.py:925} INFO - DAG(s) 'dataset_consumes_1_and_2', 'consume_1_or_both_2_and_3_with_dataset_expressions', 'dataset_consumes_1', 'dataset_consumes_1_never_scheduled', 'consume_1_and_2_with_dataset_expressions', 'dataset_produces_1', 'dataset_produces_2', 'consume_1_or_2_with_dataset_expressions', 'dataset_consumes_unknown_never_scheduled', 'conditional_dataset_and_time_based_timetable' retrieved from /home/airflow/.local/lib/python3.12/site-packages/airflow/example_dags/example_datasets.py
[2025-04-17T12:42:34.659+0000] {logging_mixin.py:190} INFO - [2025-04-17T12:42:34.658+0000] {dag.py:3239} INFO - Sync 10 DAGs
[2025-04-17T12:42:34.717+0000] {logging_mixin.py:190} INFO - [2025-04-17T12:42:34.716+0000] {dag.py:4180} INFO - Setting next_dagrun for conditional_dataset_and_time_based_timetable to 2025-04-16 01:00:00+00:00, run_after=2025-04-16 01:00:00+00:00
[2025-04-17T12:42:34.727+0000] {logging_mixin.py:190} INFO - [2025-04-17T12:42:34.726+0000] {dag.py:4180} INFO - Setting next_dagrun for consume_1_and_2_with_dataset_expressions to None, run_after=None
[2025-04-17T12:42:34.730+0000] {logging_mixin.py:190} INFO - [2025-04-17T12:42:34.730+0000] {dag.py:4180} INFO - Setting next_dagrun for consume_1_or_2_with_dataset_expressions to None, run_after=None
[2025-04-17T12:42:34.734+0000] {logging_mixin.py:190} INFO - [2025-04-17T12:42:34.733+0000] {dag.py:4180} INFO - Setting next_dagrun for consume_1_or_both_2_and_3_with_dataset_expressions to None, run_after=None
[2025-04-17T12:42:34.738+0000] {logging_mixin.py:190} INFO - [2025-04-17T12:42:34.738+0000] {dag.py:4180} INFO - Setting next_dagrun for dataset_consumes_1 to None, run_after=None
[2025-04-17T12:42:34.742+0000] {logging_mixin.py:190} INFO - [2025-04-17T12:42:34.742+0000] {dag.py:4180} INFO - Setting next_dagrun for dataset_consumes_1_and_2 to None, run_after=None
[2025-04-17T12:42:34.747+0000] {logging_mixin.py:190} INFO - [2025-04-17T12:42:34.746+0000] {dag.py:4180} INFO - Setting next_dagrun for dataset_consumes_1_never_scheduled to None, run_after=None
[2025-04-17T12:42:34.751+0000] {logging_mixin.py:190} INFO - [2025-04-17T12:42:34.751+0000] {dag.py:4180} INFO - Setting next_dagrun for dataset_consumes_unknown_never_scheduled to None, run_after=None
[2025-04-17T12:42:34.758+0000] {logging_mixin.py:190} INFO - [2025-04-17T12:42:34.758+0000] {dag.py:4180} INFO - Setting next_dagrun for dataset_produces_1 to 2025-04-16 00:00:00+00:00, run_after=2025-04-17 00:00:00+00:00
[2025-04-17T12:42:34.763+0000] {logging_mixin.py:190} INFO - [2025-04-17T12:42:34.763+0000] {dag.py:4180} INFO - Setting next_dagrun for dataset_produces_2 to None, run_after=None
[2025-04-17T12:42:34.854+0000] {processor.py:208} INFO - Processing /home/airflow/.local/lib/python3.12/site-packages/airflow/example_dags/example_datasets.py took 2.831 seconds
[2025-04-17T12:43:05.776+0000] {processor.py:186} INFO - Started process (PID=7121) to work on /home/airflow/.local/lib/python3.12/site-packages/airflow/example_dags/example_datasets.py
[2025-04-17T12:43:05.779+0000] {processor.py:914} INFO - Processing file /home/airflow/.local/lib/python3.12/site-packages/airflow/example_dags/example_datasets.py for tasks to queue
[2025-04-17T12:43:05.782+0000] {logging_mixin.py:190} INFO - [2025-04-17T12:43:05.781+0000] {dagbag.py:588} INFO - Filling up the DagBag from /home/airflow/.local/lib/python3.12/site-packages/airflow/example_dags/example_datasets.py
[2025-04-17T12:43:07.240+0000] {processor.py:925} INFO - DAG(s) 'consume_1_and_2_with_dataset_expressions', 'dataset_consumes_1_never_scheduled', 'dataset_consumes_1_and_2', 'dataset_consumes_unknown_never_scheduled', 'dataset_consumes_1', 'consume_1_or_2_with_dataset_expressions', 'conditional_dataset_and_time_based_timetable', 'dataset_produces_2', 'dataset_produces_1', 'consume_1_or_both_2_and_3_with_dataset_expressions' retrieved from /home/airflow/.local/lib/python3.12/site-packages/airflow/example_dags/example_datasets.py
[2025-04-17T12:43:07.351+0000] {logging_mixin.py:190} INFO - [2025-04-17T12:43:07.351+0000] {dag.py:3239} INFO - Sync 10 DAGs
[2025-04-17T12:43:07.423+0000] {logging_mixin.py:190} INFO - [2025-04-17T12:43:07.422+0000] {dag.py:4180} INFO - Setting next_dagrun for conditional_dataset_and_time_based_timetable to 2025-04-16 01:00:00+00:00, run_after=2025-04-16 01:00:00+00:00
[2025-04-17T12:43:07.432+0000] {logging_mixin.py:190} INFO - [2025-04-17T12:43:07.432+0000] {dag.py:4180} INFO - Setting next_dagrun for consume_1_and_2_with_dataset_expressions to None, run_after=None
[2025-04-17T12:43:07.436+0000] {logging_mixin.py:190} INFO - [2025-04-17T12:43:07.435+0000] {dag.py:4180} INFO - Setting next_dagrun for consume_1_or_2_with_dataset_expressions to None, run_after=None
[2025-04-17T12:43:07.439+0000] {logging_mixin.py:190} INFO - [2025-04-17T12:43:07.439+0000] {dag.py:4180} INFO - Setting next_dagrun for consume_1_or_both_2_and_3_with_dataset_expressions to None, run_after=None
[2025-04-17T12:43:07.443+0000] {logging_mixin.py:190} INFO - [2025-04-17T12:43:07.442+0000] {dag.py:4180} INFO - Setting next_dagrun for dataset_consumes_1 to None, run_after=None
[2025-04-17T12:43:07.446+0000] {logging_mixin.py:190} INFO - [2025-04-17T12:43:07.445+0000] {dag.py:4180} INFO - Setting next_dagrun for dataset_consumes_1_and_2 to None, run_after=None
[2025-04-17T12:43:07.450+0000] {logging_mixin.py:190} INFO - [2025-04-17T12:43:07.449+0000] {dag.py:4180} INFO - Setting next_dagrun for dataset_consumes_1_never_scheduled to None, run_after=None
[2025-04-17T12:43:07.453+0000] {logging_mixin.py:190} INFO - [2025-04-17T12:43:07.453+0000] {dag.py:4180} INFO - Setting next_dagrun for dataset_consumes_unknown_never_scheduled to None, run_after=None
[2025-04-17T12:43:07.459+0000] {logging_mixin.py:190} INFO - [2025-04-17T12:43:07.459+0000] {dag.py:4180} INFO - Setting next_dagrun for dataset_produces_1 to 2025-04-16 00:00:00+00:00, run_after=2025-04-17 00:00:00+00:00
[2025-04-17T12:43:07.462+0000] {logging_mixin.py:190} INFO - [2025-04-17T12:43:07.462+0000] {dag.py:4180} INFO - Setting next_dagrun for dataset_produces_2 to None, run_after=None
[2025-04-17T12:43:07.533+0000] {processor.py:208} INFO - Processing /home/airflow/.local/lib/python3.12/site-packages/airflow/example_dags/example_datasets.py took 1.778 seconds
[2025-04-17T12:43:38.336+0000] {processor.py:186} INFO - Started process (PID=7434) to work on /home/airflow/.local/lib/python3.12/site-packages/airflow/example_dags/example_datasets.py
[2025-04-17T12:43:38.339+0000] {processor.py:914} INFO - Processing file /home/airflow/.local/lib/python3.12/site-packages/airflow/example_dags/example_datasets.py for tasks to queue
[2025-04-17T12:43:38.343+0000] {logging_mixin.py:190} INFO - [2025-04-17T12:43:38.342+0000] {dagbag.py:588} INFO - Filling up the DagBag from /home/airflow/.local/lib/python3.12/site-packages/airflow/example_dags/example_datasets.py
[2025-04-17T12:43:40.469+0000] {processor.py:925} INFO - DAG(s) 'dataset_consumes_1_never_scheduled', 'dataset_consumes_1_and_2', 'conditional_dataset_and_time_based_timetable', 'dataset_consumes_unknown_never_scheduled', 'dataset_produces_1', 'consume_1_and_2_with_dataset_expressions', 'dataset_produces_2', 'consume_1_or_2_with_dataset_expressions', 'dataset_consumes_1', 'consume_1_or_both_2_and_3_with_dataset_expressions' retrieved from /home/airflow/.local/lib/python3.12/site-packages/airflow/example_dags/example_datasets.py
[2025-04-17T12:43:40.612+0000] {logging_mixin.py:190} INFO - [2025-04-17T12:43:40.612+0000] {dag.py:3239} INFO - Sync 10 DAGs
[2025-04-17T12:43:40.745+0000] {logging_mixin.py:190} INFO - [2025-04-17T12:43:40.745+0000] {dag.py:4180} INFO - Setting next_dagrun for conditional_dataset_and_time_based_timetable to 2025-04-16 01:00:00+00:00, run_after=2025-04-16 01:00:00+00:00
[2025-04-17T12:43:40.757+0000] {logging_mixin.py:190} INFO - [2025-04-17T12:43:40.756+0000] {dag.py:4180} INFO - Setting next_dagrun for consume_1_and_2_with_dataset_expressions to None, run_after=None
[2025-04-17T12:43:40.760+0000] {logging_mixin.py:190} INFO - [2025-04-17T12:43:40.760+0000] {dag.py:4180} INFO - Setting next_dagrun for consume_1_or_2_with_dataset_expressions to None, run_after=None
[2025-04-17T12:43:40.764+0000] {logging_mixin.py:190} INFO - [2025-04-17T12:43:40.763+0000] {dag.py:4180} INFO - Setting next_dagrun for consume_1_or_both_2_and_3_with_dataset_expressions to None, run_after=None
[2025-04-17T12:43:40.769+0000] {logging_mixin.py:190} INFO - [2025-04-17T12:43:40.768+0000] {dag.py:4180} INFO - Setting next_dagrun for dataset_consumes_1 to None, run_after=None
[2025-04-17T12:43:40.773+0000] {logging_mixin.py:190} INFO - [2025-04-17T12:43:40.772+0000] {dag.py:4180} INFO - Setting next_dagrun for dataset_consumes_1_and_2 to None, run_after=None
[2025-04-17T12:43:40.776+0000] {logging_mixin.py:190} INFO - [2025-04-17T12:43:40.776+0000] {dag.py:4180} INFO - Setting next_dagrun for dataset_consumes_1_never_scheduled to None, run_after=None
[2025-04-17T12:43:40.779+0000] {logging_mixin.py:190} INFO - [2025-04-17T12:43:40.779+0000] {dag.py:4180} INFO - Setting next_dagrun for dataset_consumes_unknown_never_scheduled to None, run_after=None
[2025-04-17T12:43:40.788+0000] {logging_mixin.py:190} INFO - [2025-04-17T12:43:40.787+0000] {dag.py:4180} INFO - Setting next_dagrun for dataset_produces_1 to 2025-04-16 00:00:00+00:00, run_after=2025-04-17 00:00:00+00:00
[2025-04-17T12:43:40.792+0000] {logging_mixin.py:190} INFO - [2025-04-17T12:43:40.791+0000] {dag.py:4180} INFO - Setting next_dagrun for dataset_produces_2 to None, run_after=None
[2025-04-17T12:43:40.887+0000] {processor.py:208} INFO - Processing /home/airflow/.local/lib/python3.12/site-packages/airflow/example_dags/example_datasets.py took 2.565 seconds
[2025-04-17T12:44:11.279+0000] {processor.py:186} INFO - Started process (PID=7772) to work on /home/airflow/.local/lib/python3.12/site-packages/airflow/example_dags/example_datasets.py
[2025-04-17T12:44:11.282+0000] {processor.py:914} INFO - Processing file /home/airflow/.local/lib/python3.12/site-packages/airflow/example_dags/example_datasets.py for tasks to queue
[2025-04-17T12:44:11.285+0000] {logging_mixin.py:190} INFO - [2025-04-17T12:44:11.284+0000] {dagbag.py:588} INFO - Filling up the DagBag from /home/airflow/.local/lib/python3.12/site-packages/airflow/example_dags/example_datasets.py
[2025-04-17T12:44:13.094+0000] {processor.py:925} INFO - DAG(s) 'conditional_dataset_and_time_based_timetable', 'dataset_consumes_unknown_never_scheduled', 'consume_1_and_2_with_dataset_expressions', 'dataset_consumes_1', 'dataset_consumes_1_never_scheduled', 'consume_1_or_both_2_and_3_with_dataset_expressions', 'consume_1_or_2_with_dataset_expressions', 'dataset_consumes_1_and_2', 'dataset_produces_2', 'dataset_produces_1' retrieved from /home/airflow/.local/lib/python3.12/site-packages/airflow/example_dags/example_datasets.py
[2025-04-17T12:44:13.247+0000] {logging_mixin.py:190} INFO - [2025-04-17T12:44:13.247+0000] {dag.py:3239} INFO - Sync 10 DAGs
[2025-04-17T12:44:13.320+0000] {logging_mixin.py:190} INFO - [2025-04-17T12:44:13.319+0000] {dag.py:4180} INFO - Setting next_dagrun for conditional_dataset_and_time_based_timetable to 2025-04-16 01:00:00+00:00, run_after=2025-04-16 01:00:00+00:00
[2025-04-17T12:44:13.330+0000] {logging_mixin.py:190} INFO - [2025-04-17T12:44:13.330+0000] {dag.py:4180} INFO - Setting next_dagrun for consume_1_and_2_with_dataset_expressions to None, run_after=None
[2025-04-17T12:44:13.334+0000] {logging_mixin.py:190} INFO - [2025-04-17T12:44:13.334+0000] {dag.py:4180} INFO - Setting next_dagrun for consume_1_or_2_with_dataset_expressions to None, run_after=None
[2025-04-17T12:44:13.338+0000] {logging_mixin.py:190} INFO - [2025-04-17T12:44:13.337+0000] {dag.py:4180} INFO - Setting next_dagrun for consume_1_or_both_2_and_3_with_dataset_expressions to None, run_after=None
[2025-04-17T12:44:13.342+0000] {logging_mixin.py:190} INFO - [2025-04-17T12:44:13.341+0000] {dag.py:4180} INFO - Setting next_dagrun for dataset_consumes_1 to None, run_after=None
[2025-04-17T12:44:13.346+0000] {logging_mixin.py:190} INFO - [2025-04-17T12:44:13.345+0000] {dag.py:4180} INFO - Setting next_dagrun for dataset_consumes_1_and_2 to None, run_after=None
[2025-04-17T12:44:13.350+0000] {logging_mixin.py:190} INFO - [2025-04-17T12:44:13.349+0000] {dag.py:4180} INFO - Setting next_dagrun for dataset_consumes_1_never_scheduled to None, run_after=None
[2025-04-17T12:44:13.353+0000] {logging_mixin.py:190} INFO - [2025-04-17T12:44:13.353+0000] {dag.py:4180} INFO - Setting next_dagrun for dataset_consumes_unknown_never_scheduled to None, run_after=None
[2025-04-17T12:44:13.359+0000] {logging_mixin.py:190} INFO - [2025-04-17T12:44:13.358+0000] {dag.py:4180} INFO - Setting next_dagrun for dataset_produces_1 to 2025-04-16 00:00:00+00:00, run_after=2025-04-17 00:00:00+00:00
[2025-04-17T12:44:13.364+0000] {logging_mixin.py:190} INFO - [2025-04-17T12:44:13.364+0000] {dag.py:4180} INFO - Setting next_dagrun for dataset_produces_2 to None, run_after=None
[2025-04-17T12:44:13.446+0000] {processor.py:208} INFO - Processing /home/airflow/.local/lib/python3.12/site-packages/airflow/example_dags/example_datasets.py took 2.179 seconds
[2025-04-17T12:44:44.734+0000] {processor.py:186} INFO - Started process (PID=8245) to work on /home/airflow/.local/lib/python3.12/site-packages/airflow/example_dags/example_datasets.py
[2025-04-17T12:44:44.757+0000] {processor.py:914} INFO - Processing file /home/airflow/.local/lib/python3.12/site-packages/airflow/example_dags/example_datasets.py for tasks to queue
[2025-04-17T12:44:44.763+0000] {logging_mixin.py:190} INFO - [2025-04-17T12:44:44.762+0000] {dagbag.py:588} INFO - Filling up the DagBag from /home/airflow/.local/lib/python3.12/site-packages/airflow/example_dags/example_datasets.py
[2025-04-17T12:44:46.044+0000] {processor.py:925} INFO - DAG(s) 'dataset_produces_2', 'consume_1_and_2_with_dataset_expressions', 'consume_1_or_2_with_dataset_expressions', 'dataset_consumes_1', 'conditional_dataset_and_time_based_timetable', 'dataset_consumes_1_never_scheduled', 'dataset_consumes_unknown_never_scheduled', 'consume_1_or_both_2_and_3_with_dataset_expressions', 'dataset_produces_1', 'dataset_consumes_1_and_2' retrieved from /home/airflow/.local/lib/python3.12/site-packages/airflow/example_dags/example_datasets.py
[2025-04-17T12:44:46.216+0000] {logging_mixin.py:190} INFO - [2025-04-17T12:44:46.216+0000] {dag.py:3239} INFO - Sync 10 DAGs
[2025-04-17T12:44:46.361+0000] {logging_mixin.py:190} INFO - [2025-04-17T12:44:46.360+0000] {dag.py:4180} INFO - Setting next_dagrun for conditional_dataset_and_time_based_timetable to 2025-04-16 01:00:00+00:00, run_after=2025-04-16 01:00:00+00:00
[2025-04-17T12:44:46.374+0000] {logging_mixin.py:190} INFO - [2025-04-17T12:44:46.373+0000] {dag.py:4180} INFO - Setting next_dagrun for consume_1_and_2_with_dataset_expressions to None, run_after=None
[2025-04-17T12:44:46.380+0000] {logging_mixin.py:190} INFO - [2025-04-17T12:44:46.379+0000] {dag.py:4180} INFO - Setting next_dagrun for consume_1_or_2_with_dataset_expressions to None, run_after=None
[2025-04-17T12:44:46.388+0000] {logging_mixin.py:190} INFO - [2025-04-17T12:44:46.385+0000] {dag.py:4180} INFO - Setting next_dagrun for consume_1_or_both_2_and_3_with_dataset_expressions to None, run_after=None
[2025-04-17T12:44:46.394+0000] {logging_mixin.py:190} INFO - [2025-04-17T12:44:46.393+0000] {dag.py:4180} INFO - Setting next_dagrun for dataset_consumes_1 to None, run_after=None
[2025-04-17T12:44:46.399+0000] {logging_mixin.py:190} INFO - [2025-04-17T12:44:46.398+0000] {dag.py:4180} INFO - Setting next_dagrun for dataset_consumes_1_and_2 to None, run_after=None
[2025-04-17T12:44:46.405+0000] {logging_mixin.py:190} INFO - [2025-04-17T12:44:46.404+0000] {dag.py:4180} INFO - Setting next_dagrun for dataset_consumes_1_never_scheduled to None, run_after=None
[2025-04-17T12:44:46.409+0000] {logging_mixin.py:190} INFO - [2025-04-17T12:44:46.409+0000] {dag.py:4180} INFO - Setting next_dagrun for dataset_consumes_unknown_never_scheduled to None, run_after=None
[2025-04-17T12:44:46.420+0000] {logging_mixin.py:190} INFO - [2025-04-17T12:44:46.419+0000] {dag.py:4180} INFO - Setting next_dagrun for dataset_produces_1 to 2025-04-16 00:00:00+00:00, run_after=2025-04-17 00:00:00+00:00
[2025-04-17T12:44:46.424+0000] {logging_mixin.py:190} INFO - [2025-04-17T12:44:46.424+0000] {dag.py:4180} INFO - Setting next_dagrun for dataset_produces_2 to None, run_after=None
[2025-04-17T12:44:46.515+0000] {processor.py:208} INFO - Processing /home/airflow/.local/lib/python3.12/site-packages/airflow/example_dags/example_datasets.py took 1.792 seconds
[2025-04-17T12:45:19.840+0000] {processor.py:186} INFO - Started process (PID=8607) to work on /home/airflow/.local/lib/python3.12/site-packages/airflow/example_dags/example_datasets.py
[2025-04-17T12:45:20.091+0000] {processor.py:914} INFO - Processing file /home/airflow/.local/lib/python3.12/site-packages/airflow/example_dags/example_datasets.py for tasks to queue
[2025-04-17T12:45:20.162+0000] {logging_mixin.py:190} INFO - [2025-04-17T12:45:20.161+0000] {dagbag.py:588} INFO - Filling up the DagBag from /home/airflow/.local/lib/python3.12/site-packages/airflow/example_dags/example_datasets.py
[2025-04-17T12:45:21.303+0000] {processor.py:925} INFO - DAG(s) 'consume_1_or_both_2_and_3_with_dataset_expressions', 'dataset_produces_1', 'dataset_produces_2', 'conditional_dataset_and_time_based_timetable', 'dataset_consumes_1_never_scheduled', 'dataset_consumes_1', 'dataset_consumes_unknown_never_scheduled', 'consume_1_and_2_with_dataset_expressions', 'consume_1_or_2_with_dataset_expressions', 'dataset_consumes_1_and_2' retrieved from /home/airflow/.local/lib/python3.12/site-packages/airflow/example_dags/example_datasets.py
[2025-04-17T12:45:21.522+0000] {logging_mixin.py:190} INFO - [2025-04-17T12:45:21.520+0000] {dag.py:3239} INFO - Sync 10 DAGs
[2025-04-17T12:45:21.596+0000] {logging_mixin.py:190} INFO - [2025-04-17T12:45:21.595+0000] {dag.py:4180} INFO - Setting next_dagrun for conditional_dataset_and_time_based_timetable to 2025-04-16 01:00:00+00:00, run_after=2025-04-16 01:00:00+00:00
[2025-04-17T12:45:21.604+0000] {logging_mixin.py:190} INFO - [2025-04-17T12:45:21.604+0000] {dag.py:4180} INFO - Setting next_dagrun for consume_1_and_2_with_dataset_expressions to None, run_after=None
[2025-04-17T12:45:21.607+0000] {logging_mixin.py:190} INFO - [2025-04-17T12:45:21.607+0000] {dag.py:4180} INFO - Setting next_dagrun for consume_1_or_2_with_dataset_expressions to None, run_after=None
[2025-04-17T12:45:21.610+0000] {logging_mixin.py:190} INFO - [2025-04-17T12:45:21.610+0000] {dag.py:4180} INFO - Setting next_dagrun for consume_1_or_both_2_and_3_with_dataset_expressions to None, run_after=None
[2025-04-17T12:45:21.613+0000] {logging_mixin.py:190} INFO - [2025-04-17T12:45:21.612+0000] {dag.py:4180} INFO - Setting next_dagrun for dataset_consumes_1 to None, run_after=None
[2025-04-17T12:45:21.616+0000] {logging_mixin.py:190} INFO - [2025-04-17T12:45:21.615+0000] {dag.py:4180} INFO - Setting next_dagrun for dataset_consumes_1_and_2 to None, run_after=None
[2025-04-17T12:45:21.619+0000] {logging_mixin.py:190} INFO - [2025-04-17T12:45:21.619+0000] {dag.py:4180} INFO - Setting next_dagrun for dataset_consumes_1_never_scheduled to None, run_after=None
[2025-04-17T12:45:21.622+0000] {logging_mixin.py:190} INFO - [2025-04-17T12:45:21.621+0000] {dag.py:4180} INFO - Setting next_dagrun for dataset_consumes_unknown_never_scheduled to None, run_after=None
[2025-04-17T12:45:21.630+0000] {logging_mixin.py:190} INFO - [2025-04-17T12:45:21.629+0000] {dag.py:4180} INFO - Setting next_dagrun for dataset_produces_1 to 2025-04-16 00:00:00+00:00, run_after=2025-04-17 00:00:00+00:00
[2025-04-17T12:45:21.634+0000] {logging_mixin.py:190} INFO - [2025-04-17T12:45:21.633+0000] {dag.py:4180} INFO - Setting next_dagrun for dataset_produces_2 to None, run_after=None
[2025-04-17T12:45:21.701+0000] {processor.py:208} INFO - Processing /home/airflow/.local/lib/python3.12/site-packages/airflow/example_dags/example_datasets.py took 1.872 seconds
[2025-04-17T12:45:51.872+0000] {processor.py:186} INFO - Started process (PID=8916) to work on /home/airflow/.local/lib/python3.12/site-packages/airflow/example_dags/example_datasets.py
[2025-04-17T12:45:51.874+0000] {processor.py:914} INFO - Processing file /home/airflow/.local/lib/python3.12/site-packages/airflow/example_dags/example_datasets.py for tasks to queue
[2025-04-17T12:45:51.876+0000] {logging_mixin.py:190} INFO - [2025-04-17T12:45:51.876+0000] {dagbag.py:588} INFO - Filling up the DagBag from /home/airflow/.local/lib/python3.12/site-packages/airflow/example_dags/example_datasets.py
[2025-04-17T12:45:53.273+0000] {processor.py:925} INFO - DAG(s) 'consume_1_or_2_with_dataset_expressions', 'dataset_consumes_1', 'consume_1_or_both_2_and_3_with_dataset_expressions', 'dataset_produces_1', 'dataset_consumes_unknown_never_scheduled', 'dataset_produces_2', 'conditional_dataset_and_time_based_timetable', 'consume_1_and_2_with_dataset_expressions', 'dataset_consumes_1_never_scheduled', 'dataset_consumes_1_and_2' retrieved from /home/airflow/.local/lib/python3.12/site-packages/airflow/example_dags/example_datasets.py
[2025-04-17T12:45:53.367+0000] {logging_mixin.py:190} INFO - [2025-04-17T12:45:53.367+0000] {dag.py:3239} INFO - Sync 10 DAGs
[2025-04-17T12:45:53.432+0000] {logging_mixin.py:190} INFO - [2025-04-17T12:45:53.431+0000] {dag.py:4180} INFO - Setting next_dagrun for conditional_dataset_and_time_based_timetable to 2025-04-16 01:00:00+00:00, run_after=2025-04-16 01:00:00+00:00
[2025-04-17T12:45:53.440+0000] {logging_mixin.py:190} INFO - [2025-04-17T12:45:53.440+0000] {dag.py:4180} INFO - Setting next_dagrun for consume_1_and_2_with_dataset_expressions to None, run_after=None
[2025-04-17T12:45:53.444+0000] {logging_mixin.py:190} INFO - [2025-04-17T12:45:53.443+0000] {dag.py:4180} INFO - Setting next_dagrun for consume_1_or_2_with_dataset_expressions to None, run_after=None
[2025-04-17T12:45:53.446+0000] {logging_mixin.py:190} INFO - [2025-04-17T12:45:53.446+0000] {dag.py:4180} INFO - Setting next_dagrun for consume_1_or_both_2_and_3_with_dataset_expressions to None, run_after=None
[2025-04-17T12:45:53.449+0000] {logging_mixin.py:190} INFO - [2025-04-17T12:45:53.449+0000] {dag.py:4180} INFO - Setting next_dagrun for dataset_consumes_1 to None, run_after=None
[2025-04-17T12:45:53.452+0000] {logging_mixin.py:190} INFO - [2025-04-17T12:45:53.451+0000] {dag.py:4180} INFO - Setting next_dagrun for dataset_consumes_1_and_2 to None, run_after=None
[2025-04-17T12:45:53.454+0000] {logging_mixin.py:190} INFO - [2025-04-17T12:45:53.454+0000] {dag.py:4180} INFO - Setting next_dagrun for dataset_consumes_1_never_scheduled to None, run_after=None
[2025-04-17T12:45:53.457+0000] {logging_mixin.py:190} INFO - [2025-04-17T12:45:53.457+0000] {dag.py:4180} INFO - Setting next_dagrun for dataset_consumes_unknown_never_scheduled to None, run_after=None
[2025-04-17T12:45:53.462+0000] {logging_mixin.py:190} INFO - [2025-04-17T12:45:53.462+0000] {dag.py:4180} INFO - Setting next_dagrun for dataset_produces_1 to 2025-04-16 00:00:00+00:00, run_after=2025-04-17 00:00:00+00:00
[2025-04-17T12:45:53.465+0000] {logging_mixin.py:190} INFO - [2025-04-17T12:45:53.465+0000] {dag.py:4180} INFO - Setting next_dagrun for dataset_produces_2 to None, run_after=None
[2025-04-17T12:45:53.528+0000] {processor.py:208} INFO - Processing /home/airflow/.local/lib/python3.12/site-packages/airflow/example_dags/example_datasets.py took 1.665 seconds
[2025-04-17T12:46:24.211+0000] {processor.py:186} INFO - Started process (PID=9223) to work on /home/airflow/.local/lib/python3.12/site-packages/airflow/example_dags/example_datasets.py
[2025-04-17T12:46:24.213+0000] {processor.py:914} INFO - Processing file /home/airflow/.local/lib/python3.12/site-packages/airflow/example_dags/example_datasets.py for tasks to queue
[2025-04-17T12:46:24.216+0000] {logging_mixin.py:190} INFO - [2025-04-17T12:46:24.215+0000] {dagbag.py:588} INFO - Filling up the DagBag from /home/airflow/.local/lib/python3.12/site-packages/airflow/example_dags/example_datasets.py
[2025-04-17T12:46:25.237+0000] {processor.py:925} INFO - DAG(s) 'dataset_consumes_1_never_scheduled', 'dataset_consumes_1', 'dataset_produces_1', 'dataset_produces_2', 'consume_1_or_both_2_and_3_with_dataset_expressions', 'consume_1_and_2_with_dataset_expressions', 'consume_1_or_2_with_dataset_expressions', 'dataset_consumes_unknown_never_scheduled', 'dataset_consumes_1_and_2', 'conditional_dataset_and_time_based_timetable' retrieved from /home/airflow/.local/lib/python3.12/site-packages/airflow/example_dags/example_datasets.py
[2025-04-17T12:46:25.329+0000] {logging_mixin.py:190} INFO - [2025-04-17T12:46:25.328+0000] {dag.py:3239} INFO - Sync 10 DAGs
[2025-04-17T12:46:25.378+0000] {logging_mixin.py:190} INFO - [2025-04-17T12:46:25.378+0000] {dag.py:4180} INFO - Setting next_dagrun for conditional_dataset_and_time_based_timetable to 2025-04-16 01:00:00+00:00, run_after=2025-04-16 01:00:00+00:00
[2025-04-17T12:46:25.389+0000] {logging_mixin.py:190} INFO - [2025-04-17T12:46:25.388+0000] {dag.py:4180} INFO - Setting next_dagrun for consume_1_and_2_with_dataset_expressions to None, run_after=None
[2025-04-17T12:46:25.391+0000] {logging_mixin.py:190} INFO - [2025-04-17T12:46:25.391+0000] {dag.py:4180} INFO - Setting next_dagrun for consume_1_or_2_with_dataset_expressions to None, run_after=None
[2025-04-17T12:46:25.394+0000] {logging_mixin.py:190} INFO - [2025-04-17T12:46:25.394+0000] {dag.py:4180} INFO - Setting next_dagrun for consume_1_or_both_2_and_3_with_dataset_expressions to None, run_after=None
[2025-04-17T12:46:25.397+0000] {logging_mixin.py:190} INFO - [2025-04-17T12:46:25.397+0000] {dag.py:4180} INFO - Setting next_dagrun for dataset_consumes_1 to None, run_after=None
[2025-04-17T12:46:25.400+0000] {logging_mixin.py:190} INFO - [2025-04-17T12:46:25.400+0000] {dag.py:4180} INFO - Setting next_dagrun for dataset_consumes_1_and_2 to None, run_after=None
[2025-04-17T12:46:25.402+0000] {logging_mixin.py:190} INFO - [2025-04-17T12:46:25.402+0000] {dag.py:4180} INFO - Setting next_dagrun for dataset_consumes_1_never_scheduled to None, run_after=None
[2025-04-17T12:46:25.405+0000] {logging_mixin.py:190} INFO - [2025-04-17T12:46:25.405+0000] {dag.py:4180} INFO - Setting next_dagrun for dataset_consumes_unknown_never_scheduled to None, run_after=None
[2025-04-17T12:46:25.410+0000] {logging_mixin.py:190} INFO - [2025-04-17T12:46:25.410+0000] {dag.py:4180} INFO - Setting next_dagrun for dataset_produces_1 to 2025-04-16 00:00:00+00:00, run_after=2025-04-17 00:00:00+00:00
[2025-04-17T12:46:25.414+0000] {logging_mixin.py:190} INFO - [2025-04-17T12:46:25.413+0000] {dag.py:4180} INFO - Setting next_dagrun for dataset_produces_2 to None, run_after=None
[2025-04-17T12:46:25.473+0000] {processor.py:208} INFO - Processing /home/airflow/.local/lib/python3.12/site-packages/airflow/example_dags/example_datasets.py took 1.272 seconds
[2025-04-17T12:46:56.300+0000] {processor.py:186} INFO - Started process (PID=9528) to work on /home/airflow/.local/lib/python3.12/site-packages/airflow/example_dags/example_datasets.py
[2025-04-17T12:46:56.302+0000] {processor.py:914} INFO - Processing file /home/airflow/.local/lib/python3.12/site-packages/airflow/example_dags/example_datasets.py for tasks to queue
[2025-04-17T12:46:56.305+0000] {logging_mixin.py:190} INFO - [2025-04-17T12:46:56.304+0000] {dagbag.py:588} INFO - Filling up the DagBag from /home/airflow/.local/lib/python3.12/site-packages/airflow/example_dags/example_datasets.py
[2025-04-17T12:46:57.519+0000] {processor.py:925} INFO - DAG(s) 'consume_1_and_2_with_dataset_expressions', 'dataset_produces_1', 'conditional_dataset_and_time_based_timetable', 'dataset_produces_2', 'dataset_consumes_1_and_2', 'consume_1_or_both_2_and_3_with_dataset_expressions', 'dataset_consumes_1_never_scheduled', 'dataset_consumes_unknown_never_scheduled', 'consume_1_or_2_with_dataset_expressions', 'dataset_consumes_1' retrieved from /home/airflow/.local/lib/python3.12/site-packages/airflow/example_dags/example_datasets.py
[2025-04-17T12:46:57.632+0000] {logging_mixin.py:190} INFO - [2025-04-17T12:46:57.632+0000] {dag.py:3239} INFO - Sync 10 DAGs
[2025-04-17T12:46:57.683+0000] {logging_mixin.py:190} INFO - [2025-04-17T12:46:57.682+0000] {dag.py:4180} INFO - Setting next_dagrun for conditional_dataset_and_time_based_timetable to 2025-04-16 01:00:00+00:00, run_after=2025-04-16 01:00:00+00:00
[2025-04-17T12:46:57.692+0000] {logging_mixin.py:190} INFO - [2025-04-17T12:46:57.691+0000] {dag.py:4180} INFO - Setting next_dagrun for consume_1_and_2_with_dataset_expressions to None, run_after=None
[2025-04-17T12:46:57.695+0000] {logging_mixin.py:190} INFO - [2025-04-17T12:46:57.694+0000] {dag.py:4180} INFO - Setting next_dagrun for consume_1_or_2_with_dataset_expressions to None, run_after=None
[2025-04-17T12:46:57.697+0000] {logging_mixin.py:190} INFO - [2025-04-17T12:46:57.697+0000] {dag.py:4180} INFO - Setting next_dagrun for consume_1_or_both_2_and_3_with_dataset_expressions to None, run_after=None
[2025-04-17T12:46:57.700+0000] {logging_mixin.py:190} INFO - [2025-04-17T12:46:57.700+0000] {dag.py:4180} INFO - Setting next_dagrun for dataset_consumes_1 to None, run_after=None
[2025-04-17T12:46:57.704+0000] {logging_mixin.py:190} INFO - [2025-04-17T12:46:57.703+0000] {dag.py:4180} INFO - Setting next_dagrun for dataset_consumes_1_and_2 to None, run_after=None
[2025-04-17T12:46:57.706+0000] {logging_mixin.py:190} INFO - [2025-04-17T12:46:57.706+0000] {dag.py:4180} INFO - Setting next_dagrun for dataset_consumes_1_never_scheduled to None, run_after=None
[2025-04-17T12:46:57.709+0000] {logging_mixin.py:190} INFO - [2025-04-17T12:46:57.709+0000] {dag.py:4180} INFO - Setting next_dagrun for dataset_consumes_unknown_never_scheduled to None, run_after=None
[2025-04-17T12:46:57.715+0000] {logging_mixin.py:190} INFO - [2025-04-17T12:46:57.715+0000] {dag.py:4180} INFO - Setting next_dagrun for dataset_produces_1 to 2025-04-16 00:00:00+00:00, run_after=2025-04-17 00:00:00+00:00
[2025-04-17T12:46:57.719+0000] {logging_mixin.py:190} INFO - [2025-04-17T12:46:57.718+0000] {dag.py:4180} INFO - Setting next_dagrun for dataset_produces_2 to None, run_after=None
[2025-04-17T12:46:57.789+0000] {processor.py:208} INFO - Processing /home/airflow/.local/lib/python3.12/site-packages/airflow/example_dags/example_datasets.py took 1.502 seconds
[2025-04-17T12:47:27.927+0000] {processor.py:186} INFO - Started process (PID=9835) to work on /home/airflow/.local/lib/python3.12/site-packages/airflow/example_dags/example_datasets.py
[2025-04-17T12:47:27.930+0000] {processor.py:914} INFO - Processing file /home/airflow/.local/lib/python3.12/site-packages/airflow/example_dags/example_datasets.py for tasks to queue
[2025-04-17T12:47:27.934+0000] {logging_mixin.py:190} INFO - [2025-04-17T12:47:27.933+0000] {dagbag.py:588} INFO - Filling up the DagBag from /home/airflow/.local/lib/python3.12/site-packages/airflow/example_dags/example_datasets.py
[2025-04-17T12:47:29.596+0000] {processor.py:925} INFO - DAG(s) 'dataset_consumes_1', 'consume_1_and_2_with_dataset_expressions', 'conditional_dataset_and_time_based_timetable', 'consume_1_or_both_2_and_3_with_dataset_expressions', 'dataset_produces_1', 'dataset_consumes_unknown_never_scheduled', 'dataset_consumes_1_never_scheduled', 'dataset_consumes_1_and_2', 'consume_1_or_2_with_dataset_expressions', 'dataset_produces_2' retrieved from /home/airflow/.local/lib/python3.12/site-packages/airflow/example_dags/example_datasets.py
[2025-04-17T12:47:29.708+0000] {logging_mixin.py:190} INFO - [2025-04-17T12:47:29.707+0000] {dag.py:3239} INFO - Sync 10 DAGs
[2025-04-17T12:47:29.778+0000] {logging_mixin.py:190} INFO - [2025-04-17T12:47:29.777+0000] {dag.py:4180} INFO - Setting next_dagrun for conditional_dataset_and_time_based_timetable to 2025-04-16 01:00:00+00:00, run_after=2025-04-16 01:00:00+00:00
[2025-04-17T12:47:29.790+0000] {logging_mixin.py:190} INFO - [2025-04-17T12:47:29.789+0000] {dag.py:4180} INFO - Setting next_dagrun for consume_1_and_2_with_dataset_expressions to None, run_after=None
[2025-04-17T12:47:29.796+0000] {logging_mixin.py:190} INFO - [2025-04-17T12:47:29.795+0000] {dag.py:4180} INFO - Setting next_dagrun for consume_1_or_2_with_dataset_expressions to None, run_after=None
[2025-04-17T12:47:29.803+0000] {logging_mixin.py:190} INFO - [2025-04-17T12:47:29.802+0000] {dag.py:4180} INFO - Setting next_dagrun for consume_1_or_both_2_and_3_with_dataset_expressions to None, run_after=None
[2025-04-17T12:47:29.809+0000] {logging_mixin.py:190} INFO - [2025-04-17T12:47:29.808+0000] {dag.py:4180} INFO - Setting next_dagrun for dataset_consumes_1 to None, run_after=None
[2025-04-17T12:47:29.815+0000] {logging_mixin.py:190} INFO - [2025-04-17T12:47:29.813+0000] {dag.py:4180} INFO - Setting next_dagrun for dataset_consumes_1_and_2 to None, run_after=None
[2025-04-17T12:47:29.820+0000] {logging_mixin.py:190} INFO - [2025-04-17T12:47:29.820+0000] {dag.py:4180} INFO - Setting next_dagrun for dataset_consumes_1_never_scheduled to None, run_after=None
[2025-04-17T12:47:29.826+0000] {logging_mixin.py:190} INFO - [2025-04-17T12:47:29.825+0000] {dag.py:4180} INFO - Setting next_dagrun for dataset_consumes_unknown_never_scheduled to None, run_after=None
[2025-04-17T12:47:29.836+0000] {logging_mixin.py:190} INFO - [2025-04-17T12:47:29.835+0000] {dag.py:4180} INFO - Setting next_dagrun for dataset_produces_1 to 2025-04-16 00:00:00+00:00, run_after=2025-04-17 00:00:00+00:00
[2025-04-17T12:47:29.841+0000] {logging_mixin.py:190} INFO - [2025-04-17T12:47:29.841+0000] {dag.py:4180} INFO - Setting next_dagrun for dataset_produces_2 to None, run_after=None
[2025-04-17T12:47:29.925+0000] {processor.py:208} INFO - Processing /home/airflow/.local/lib/python3.12/site-packages/airflow/example_dags/example_datasets.py took 2.014 seconds
[2025-04-17T12:48:00.366+0000] {processor.py:186} INFO - Started process (PID=10142) to work on /home/airflow/.local/lib/python3.12/site-packages/airflow/example_dags/example_datasets.py
[2025-04-17T12:48:00.370+0000] {processor.py:914} INFO - Processing file /home/airflow/.local/lib/python3.12/site-packages/airflow/example_dags/example_datasets.py for tasks to queue
[2025-04-17T12:48:00.375+0000] {logging_mixin.py:190} INFO - [2025-04-17T12:48:00.374+0000] {dagbag.py:588} INFO - Filling up the DagBag from /home/airflow/.local/lib/python3.12/site-packages/airflow/example_dags/example_datasets.py
[2025-04-17T12:48:01.857+0000] {processor.py:925} INFO - DAG(s) 'consume_1_or_2_with_dataset_expressions', 'dataset_consumes_1_never_scheduled', 'consume_1_and_2_with_dataset_expressions', 'conditional_dataset_and_time_based_timetable', 'dataset_produces_2', 'dataset_consumes_unknown_never_scheduled', 'dataset_consumes_1_and_2', 'dataset_produces_1', 'consume_1_or_both_2_and_3_with_dataset_expressions', 'dataset_consumes_1' retrieved from /home/airflow/.local/lib/python3.12/site-packages/airflow/example_dags/example_datasets.py
[2025-04-17T12:48:01.974+0000] {logging_mixin.py:190} INFO - [2025-04-17T12:48:01.974+0000] {dag.py:3239} INFO - Sync 10 DAGs
[2025-04-17T12:48:02.039+0000] {logging_mixin.py:190} INFO - [2025-04-17T12:48:02.038+0000] {dag.py:4180} INFO - Setting next_dagrun for conditional_dataset_and_time_based_timetable to 2025-04-16 01:00:00+00:00, run_after=2025-04-16 01:00:00+00:00
[2025-04-17T12:48:02.049+0000] {logging_mixin.py:190} INFO - [2025-04-17T12:48:02.048+0000] {dag.py:4180} INFO - Setting next_dagrun for consume_1_and_2_with_dataset_expressions to None, run_after=None
[2025-04-17T12:48:02.053+0000] {logging_mixin.py:190} INFO - [2025-04-17T12:48:02.053+0000] {dag.py:4180} INFO - Setting next_dagrun for consume_1_or_2_with_dataset_expressions to None, run_after=None
[2025-04-17T12:48:02.057+0000] {logging_mixin.py:190} INFO - [2025-04-17T12:48:02.056+0000] {dag.py:4180} INFO - Setting next_dagrun for consume_1_or_both_2_and_3_with_dataset_expressions to None, run_after=None
[2025-04-17T12:48:02.060+0000] {logging_mixin.py:190} INFO - [2025-04-17T12:48:02.060+0000] {dag.py:4180} INFO - Setting next_dagrun for dataset_consumes_1 to None, run_after=None
[2025-04-17T12:48:02.063+0000] {logging_mixin.py:190} INFO - [2025-04-17T12:48:02.063+0000] {dag.py:4180} INFO - Setting next_dagrun for dataset_consumes_1_and_2 to None, run_after=None
[2025-04-17T12:48:02.067+0000] {logging_mixin.py:190} INFO - [2025-04-17T12:48:02.067+0000] {dag.py:4180} INFO - Setting next_dagrun for dataset_consumes_1_never_scheduled to None, run_after=None
[2025-04-17T12:48:02.070+0000] {logging_mixin.py:190} INFO - [2025-04-17T12:48:02.070+0000] {dag.py:4180} INFO - Setting next_dagrun for dataset_consumes_unknown_never_scheduled to None, run_after=None
[2025-04-17T12:48:02.079+0000] {logging_mixin.py:190} INFO - [2025-04-17T12:48:02.078+0000] {dag.py:4180} INFO - Setting next_dagrun for dataset_produces_1 to 2025-04-16 00:00:00+00:00, run_after=2025-04-17 00:00:00+00:00
[2025-04-17T12:48:02.083+0000] {logging_mixin.py:190} INFO - [2025-04-17T12:48:02.082+0000] {dag.py:4180} INFO - Setting next_dagrun for dataset_produces_2 to None, run_after=None
[2025-04-17T12:48:02.148+0000] {processor.py:208} INFO - Processing /home/airflow/.local/lib/python3.12/site-packages/airflow/example_dags/example_datasets.py took 1.799 seconds
