[2025-04-17T11:40:41.719+0000] {processor.py:186} INFO - Started process (PID=39750) to work on /home/airflow/.local/lib/python3.12/site-packages/airflow/example_dags/example_xcom.py
[2025-04-17T11:40:41.772+0000] {processor.py:914} INFO - Processing file /home/airflow/.local/lib/python3.12/site-packages/airflow/example_dags/example_xcom.py for tasks to queue
[2025-04-17T11:40:41.836+0000] {logging_mixin.py:190} INFO - [2025-04-17T11:40:41.810+0000] {dagbag.py:588} INFO - Filling up the DagBag from /home/airflow/.local/lib/python3.12/site-packages/airflow/example_dags/example_xcom.py
[2025-04-17T11:40:42.495+0000] {processor.py:925} INFO - DAG(s) 'example_xcom' retrieved from /home/airflow/.local/lib/python3.12/site-packages/airflow/example_dags/example_xcom.py
[2025-04-17T11:40:44.752+0000] {logging_mixin.py:190} INFO - [2025-04-17T11:40:44.742+0000] {dag.py:3239} INFO - Sync 1 DAGs
[2025-04-17T11:40:50.805+0000] {logging_mixin.py:190} INFO - [2025-04-17T11:40:50.518+0000] {dag.py:4180} INFO - Setting next_dagrun for example_xcom to 2021-01-01 00:00:00+00:00, run_after=2021-01-01 00:00:00+00:00
[2025-04-17T11:40:53.944+0000] {processor.py:208} INFO - Processing /home/airflow/.local/lib/python3.12/site-packages/airflow/example_dags/example_xcom.py took 13.564 seconds
[2025-04-17T12:09:08.491+0000] {processor.py:186} INFO - Started process (PID=433) to work on /home/airflow/.local/lib/python3.12/site-packages/airflow/example_dags/example_xcom.py
[2025-04-17T12:09:08.496+0000] {processor.py:914} INFO - Processing file /home/airflow/.local/lib/python3.12/site-packages/airflow/example_dags/example_xcom.py for tasks to queue
[2025-04-17T12:09:08.552+0000] {logging_mixin.py:190} INFO - [2025-04-17T12:09:08.544+0000] {dagbag.py:588} INFO - Filling up the DagBag from /home/airflow/.local/lib/python3.12/site-packages/airflow/example_dags/example_xcom.py
[2025-04-17T12:09:08.755+0000] {processor.py:925} INFO - DAG(s) 'example_xcom' retrieved from /home/airflow/.local/lib/python3.12/site-packages/airflow/example_dags/example_xcom.py
[2025-04-17T12:09:09.216+0000] {logging_mixin.py:190} INFO - [2025-04-17T12:09:09.215+0000] {dag.py:3239} INFO - Sync 1 DAGs
[2025-04-17T12:09:09.611+0000] {logging_mixin.py:190} INFO - [2025-04-17T12:09:09.610+0000] {dag.py:4180} INFO - Setting next_dagrun for example_xcom to 2021-01-01 00:00:00+00:00, run_after=2021-01-01 00:00:00+00:00
[2025-04-17T12:09:09.988+0000] {processor.py:208} INFO - Processing /home/airflow/.local/lib/python3.12/site-packages/airflow/example_dags/example_xcom.py took 1.522 seconds
[2025-04-17T12:13:42.239+0000] {processor.py:186} INFO - Started process (PID=1003) to work on /home/airflow/.local/lib/python3.12/site-packages/airflow/example_dags/example_xcom.py
[2025-04-17T12:13:42.241+0000] {processor.py:914} INFO - Processing file /home/airflow/.local/lib/python3.12/site-packages/airflow/example_dags/example_xcom.py for tasks to queue
[2025-04-17T12:13:42.330+0000] {logging_mixin.py:190} INFO - [2025-04-17T12:13:42.328+0000] {dagbag.py:588} INFO - Filling up the DagBag from /home/airflow/.local/lib/python3.12/site-packages/airflow/example_dags/example_xcom.py
[2025-04-17T12:13:42.727+0000] {processor.py:925} INFO - DAG(s) 'example_xcom' retrieved from /home/airflow/.local/lib/python3.12/site-packages/airflow/example_dags/example_xcom.py
[2025-04-17T12:19:02.669+0000] {processor.py:186} INFO - Started process (PID=1931) to work on /home/airflow/.local/lib/python3.12/site-packages/airflow/example_dags/example_xcom.py
[2025-04-17T12:19:02.692+0000] {processor.py:914} INFO - Processing file /home/airflow/.local/lib/python3.12/site-packages/airflow/example_dags/example_xcom.py for tasks to queue
[2025-04-17T12:19:02.697+0000] {logging_mixin.py:190} INFO - [2025-04-17T12:19:02.696+0000] {dagbag.py:588} INFO - Filling up the DagBag from /home/airflow/.local/lib/python3.12/site-packages/airflow/example_dags/example_xcom.py
[2025-04-17T12:19:02.726+0000] {processor.py:925} INFO - DAG(s) 'example_xcom' retrieved from /home/airflow/.local/lib/python3.12/site-packages/airflow/example_dags/example_xcom.py
[2025-04-17T12:19:03.289+0000] {logging_mixin.py:190} INFO - [2025-04-17T12:19:03.289+0000] {dag.py:3239} INFO - Sync 1 DAGs
[2025-04-17T12:19:03.352+0000] {logging_mixin.py:190} INFO - [2025-04-17T12:19:03.351+0000] {dag.py:4180} INFO - Setting next_dagrun for example_xcom to 2021-01-01 00:00:00+00:00, run_after=2021-01-01 00:00:00+00:00
[2025-04-17T12:19:03.477+0000] {processor.py:208} INFO - Processing /home/airflow/.local/lib/python3.12/site-packages/airflow/example_dags/example_xcom.py took 0.833 seconds
[2025-04-17T12:24:37.739+0000] {processor.py:186} INFO - Started process (PID=2606) to work on /home/airflow/.local/lib/python3.12/site-packages/airflow/example_dags/example_xcom.py
[2025-04-17T12:24:37.770+0000] {processor.py:914} INFO - Processing file /home/airflow/.local/lib/python3.12/site-packages/airflow/example_dags/example_xcom.py for tasks to queue
[2025-04-17T12:24:37.792+0000] {logging_mixin.py:190} INFO - [2025-04-17T12:24:37.786+0000] {dagbag.py:588} INFO - Filling up the DagBag from /home/airflow/.local/lib/python3.12/site-packages/airflow/example_dags/example_xcom.py
[2025-04-17T12:24:38.140+0000] {processor.py:925} INFO - DAG(s) 'example_xcom' retrieved from /home/airflow/.local/lib/python3.12/site-packages/airflow/example_dags/example_xcom.py
[2025-04-17T12:24:38.905+0000] {logging_mixin.py:190} INFO - [2025-04-17T12:24:38.903+0000] {dag.py:3239} INFO - Sync 1 DAGs
[2025-04-17T12:24:39.652+0000] {logging_mixin.py:190} INFO - [2025-04-17T12:24:39.652+0000] {dag.py:4180} INFO - Setting next_dagrun for example_xcom to 2021-01-01 00:00:00+00:00, run_after=2021-01-01 00:00:00+00:00
[2025-04-17T12:24:39.875+0000] {processor.py:208} INFO - Processing /home/airflow/.local/lib/python3.12/site-packages/airflow/example_dags/example_xcom.py took 2.330 seconds
[2025-04-17T12:27:31.810+0000] {processor.py:186} INFO - Started process (PID=3335) to work on /home/airflow/.local/lib/python3.12/site-packages/airflow/example_dags/example_xcom.py
[2025-04-17T12:27:31.875+0000] {processor.py:914} INFO - Processing file /home/airflow/.local/lib/python3.12/site-packages/airflow/example_dags/example_xcom.py for tasks to queue
[2025-04-17T12:27:32.018+0000] {logging_mixin.py:190} INFO - [2025-04-17T12:27:31.958+0000] {dagbag.py:588} INFO - Filling up the DagBag from /home/airflow/.local/lib/python3.12/site-packages/airflow/example_dags/example_xcom.py
[2025-04-17T12:27:33.683+0000] {processor.py:925} INFO - DAG(s) 'example_xcom' retrieved from /home/airflow/.local/lib/python3.12/site-packages/airflow/example_dags/example_xcom.py
[2025-04-17T12:27:36.721+0000] {logging_mixin.py:190} INFO - [2025-04-17T12:27:36.719+0000] {dag.py:3239} INFO - Sync 1 DAGs
[2025-04-17T12:27:42.445+0000] {logging_mixin.py:190} INFO - [2025-04-17T12:27:42.433+0000] {dag.py:4180} INFO - Setting next_dagrun for example_xcom to 2021-01-01 00:00:00+00:00, run_after=2021-01-01 00:00:00+00:00
[2025-04-17T12:27:42.659+0000] {processor.py:208} INFO - Processing /home/airflow/.local/lib/python3.12/site-packages/airflow/example_dags/example_xcom.py took 12.471 seconds
[2025-04-17T12:35:32.635+0000] {processor.py:186} INFO - Started process (PID=3972) to work on /home/airflow/.local/lib/python3.12/site-packages/airflow/example_dags/example_xcom.py
[2025-04-17T12:35:32.639+0000] {processor.py:914} INFO - Processing file /home/airflow/.local/lib/python3.12/site-packages/airflow/example_dags/example_xcom.py for tasks to queue
[2025-04-17T12:35:32.648+0000] {logging_mixin.py:190} INFO - [2025-04-17T12:35:32.646+0000] {dagbag.py:588} INFO - Filling up the DagBag from /home/airflow/.local/lib/python3.12/site-packages/airflow/example_dags/example_xcom.py
[2025-04-17T12:35:32.688+0000] {processor.py:925} INFO - DAG(s) 'example_xcom' retrieved from /home/airflow/.local/lib/python3.12/site-packages/airflow/example_dags/example_xcom.py
[2025-04-17T12:35:32.771+0000] {logging_mixin.py:190} INFO - [2025-04-17T12:35:32.770+0000] {dag.py:3239} INFO - Sync 1 DAGs
[2025-04-17T12:35:32.856+0000] {logging_mixin.py:190} INFO - [2025-04-17T12:35:32.854+0000] {dag.py:4180} INFO - Setting next_dagrun for example_xcom to 2021-01-01 00:00:00+00:00, run_after=2021-01-01 00:00:00+00:00
[2025-04-17T12:35:32.918+0000] {processor.py:208} INFO - Processing /home/airflow/.local/lib/python3.12/site-packages/airflow/example_dags/example_xcom.py took 0.305 seconds
[2025-04-17T12:36:14.547+0000] {processor.py:186} INFO - Started process (PID=4305) to work on /home/airflow/.local/lib/python3.12/site-packages/airflow/example_dags/example_xcom.py
[2025-04-17T12:36:14.550+0000] {processor.py:914} INFO - Processing file /home/airflow/.local/lib/python3.12/site-packages/airflow/example_dags/example_xcom.py for tasks to queue
[2025-04-17T12:36:14.553+0000] {logging_mixin.py:190} INFO - [2025-04-17T12:36:14.552+0000] {dagbag.py:588} INFO - Filling up the DagBag from /home/airflow/.local/lib/python3.12/site-packages/airflow/example_dags/example_xcom.py
[2025-04-17T12:36:14.592+0000] {processor.py:925} INFO - DAG(s) 'example_xcom' retrieved from /home/airflow/.local/lib/python3.12/site-packages/airflow/example_dags/example_xcom.py
[2025-04-17T12:36:14.669+0000] {logging_mixin.py:190} INFO - [2025-04-17T12:36:14.668+0000] {dag.py:3239} INFO - Sync 1 DAGs
[2025-04-17T12:36:14.908+0000] {logging_mixin.py:190} INFO - [2025-04-17T12:36:14.907+0000] {dag.py:4180} INFO - Setting next_dagrun for example_xcom to 2021-01-01 00:00:00+00:00, run_after=2021-01-01 00:00:00+00:00
[2025-04-17T12:36:14.968+0000] {processor.py:208} INFO - Processing /home/airflow/.local/lib/python3.12/site-packages/airflow/example_dags/example_xcom.py took 0.439 seconds
[2025-04-17T12:36:47.797+0000] {processor.py:186} INFO - Started process (PID=4612) to work on /home/airflow/.local/lib/python3.12/site-packages/airflow/example_dags/example_xcom.py
[2025-04-17T12:36:47.803+0000] {processor.py:914} INFO - Processing file /home/airflow/.local/lib/python3.12/site-packages/airflow/example_dags/example_xcom.py for tasks to queue
[2025-04-17T12:36:47.805+0000] {logging_mixin.py:190} INFO - [2025-04-17T12:36:47.805+0000] {dagbag.py:588} INFO - Filling up the DagBag from /home/airflow/.local/lib/python3.12/site-packages/airflow/example_dags/example_xcom.py
[2025-04-17T12:36:47.822+0000] {processor.py:925} INFO - DAG(s) 'example_xcom' retrieved from /home/airflow/.local/lib/python3.12/site-packages/airflow/example_dags/example_xcom.py
[2025-04-17T12:36:47.864+0000] {logging_mixin.py:190} INFO - [2025-04-17T12:36:47.864+0000] {dag.py:3239} INFO - Sync 1 DAGs
[2025-04-17T12:36:47.907+0000] {logging_mixin.py:190} INFO - [2025-04-17T12:36:47.907+0000] {dag.py:4180} INFO - Setting next_dagrun for example_xcom to 2021-01-01 00:00:00+00:00, run_after=2021-01-01 00:00:00+00:00
[2025-04-17T12:36:47.941+0000] {processor.py:208} INFO - Processing /home/airflow/.local/lib/python3.12/site-packages/airflow/example_dags/example_xcom.py took 0.155 seconds
[2025-04-17T12:37:35.403+0000] {processor.py:186} INFO - Started process (PID=4925) to work on /home/airflow/.local/lib/python3.12/site-packages/airflow/example_dags/example_xcom.py
[2025-04-17T12:37:35.405+0000] {processor.py:914} INFO - Processing file /home/airflow/.local/lib/python3.12/site-packages/airflow/example_dags/example_xcom.py for tasks to queue
[2025-04-17T12:37:35.407+0000] {logging_mixin.py:190} INFO - [2025-04-17T12:37:35.407+0000] {dagbag.py:588} INFO - Filling up the DagBag from /home/airflow/.local/lib/python3.12/site-packages/airflow/example_dags/example_xcom.py
[2025-04-17T12:37:35.425+0000] {processor.py:925} INFO - DAG(s) 'example_xcom' retrieved from /home/airflow/.local/lib/python3.12/site-packages/airflow/example_dags/example_xcom.py
[2025-04-17T12:37:35.464+0000] {logging_mixin.py:190} INFO - [2025-04-17T12:37:35.464+0000] {dag.py:3239} INFO - Sync 1 DAGs
[2025-04-17T12:37:35.514+0000] {logging_mixin.py:190} INFO - [2025-04-17T12:37:35.514+0000] {dag.py:4180} INFO - Setting next_dagrun for example_xcom to 2021-01-01 00:00:00+00:00, run_after=2021-01-01 00:00:00+00:00
[2025-04-17T12:37:35.553+0000] {processor.py:208} INFO - Processing /home/airflow/.local/lib/python3.12/site-packages/airflow/example_dags/example_xcom.py took 0.161 seconds
[2025-04-17T12:38:08.358+0000] {processor.py:186} INFO - Started process (PID=5232) to work on /home/airflow/.local/lib/python3.12/site-packages/airflow/example_dags/example_xcom.py
[2025-04-17T12:38:08.361+0000] {processor.py:914} INFO - Processing file /home/airflow/.local/lib/python3.12/site-packages/airflow/example_dags/example_xcom.py for tasks to queue
[2025-04-17T12:38:08.364+0000] {logging_mixin.py:190} INFO - [2025-04-17T12:38:08.363+0000] {dagbag.py:588} INFO - Filling up the DagBag from /home/airflow/.local/lib/python3.12/site-packages/airflow/example_dags/example_xcom.py
[2025-04-17T12:38:08.385+0000] {processor.py:925} INFO - DAG(s) 'example_xcom' retrieved from /home/airflow/.local/lib/python3.12/site-packages/airflow/example_dags/example_xcom.py
[2025-04-17T12:38:08.448+0000] {logging_mixin.py:190} INFO - [2025-04-17T12:38:08.448+0000] {dag.py:3239} INFO - Sync 1 DAGs
[2025-04-17T12:38:08.637+0000] {logging_mixin.py:190} INFO - [2025-04-17T12:38:08.635+0000] {dag.py:4180} INFO - Setting next_dagrun for example_xcom to 2021-01-01 00:00:00+00:00, run_after=2021-01-01 00:00:00+00:00
[2025-04-17T12:38:08.818+0000] {processor.py:208} INFO - Processing /home/airflow/.local/lib/python3.12/site-packages/airflow/example_dags/example_xcom.py took 0.472 seconds
[2025-04-17T12:38:39.855+0000] {processor.py:186} INFO - Started process (PID=5539) to work on /home/airflow/.local/lib/python3.12/site-packages/airflow/example_dags/example_xcom.py
[2025-04-17T12:38:39.857+0000] {processor.py:914} INFO - Processing file /home/airflow/.local/lib/python3.12/site-packages/airflow/example_dags/example_xcom.py for tasks to queue
[2025-04-17T12:38:39.860+0000] {logging_mixin.py:190} INFO - [2025-04-17T12:38:39.859+0000] {dagbag.py:588} INFO - Filling up the DagBag from /home/airflow/.local/lib/python3.12/site-packages/airflow/example_dags/example_xcom.py
[2025-04-17T12:38:39.880+0000] {processor.py:925} INFO - DAG(s) 'example_xcom' retrieved from /home/airflow/.local/lib/python3.12/site-packages/airflow/example_dags/example_xcom.py
[2025-04-17T12:38:39.917+0000] {logging_mixin.py:190} INFO - [2025-04-17T12:38:39.917+0000] {dag.py:3239} INFO - Sync 1 DAGs
[2025-04-17T12:38:39.959+0000] {logging_mixin.py:190} INFO - [2025-04-17T12:38:39.959+0000] {dag.py:4180} INFO - Setting next_dagrun for example_xcom to 2021-01-01 00:00:00+00:00, run_after=2021-01-01 00:00:00+00:00
[2025-04-17T12:38:39.992+0000] {processor.py:208} INFO - Processing /home/airflow/.local/lib/python3.12/site-packages/airflow/example_dags/example_xcom.py took 0.147 seconds
[2025-04-17T12:39:14.324+0000] {processor.py:186} INFO - Started process (PID=5841) to work on /home/airflow/.local/lib/python3.12/site-packages/airflow/example_dags/example_xcom.py
[2025-04-17T12:39:14.336+0000] {processor.py:914} INFO - Processing file /home/airflow/.local/lib/python3.12/site-packages/airflow/example_dags/example_xcom.py for tasks to queue
[2025-04-17T12:39:14.340+0000] {logging_mixin.py:190} INFO - [2025-04-17T12:39:14.339+0000] {dagbag.py:588} INFO - Filling up the DagBag from /home/airflow/.local/lib/python3.12/site-packages/airflow/example_dags/example_xcom.py
[2025-04-17T12:39:14.369+0000] {processor.py:925} INFO - DAG(s) 'example_xcom' retrieved from /home/airflow/.local/lib/python3.12/site-packages/airflow/example_dags/example_xcom.py
[2025-04-17T12:39:14.410+0000] {logging_mixin.py:190} INFO - [2025-04-17T12:39:14.410+0000] {dag.py:3239} INFO - Sync 1 DAGs
[2025-04-17T12:39:14.466+0000] {logging_mixin.py:190} INFO - [2025-04-17T12:39:14.465+0000] {dag.py:4180} INFO - Setting next_dagrun for example_xcom to 2021-01-01 00:00:00+00:00, run_after=2021-01-01 00:00:00+00:00
[2025-04-17T12:39:14.531+0000] {processor.py:208} INFO - Processing /home/airflow/.local/lib/python3.12/site-packages/airflow/example_dags/example_xcom.py took 0.219 seconds
[2025-04-17T12:39:44.841+0000] {processor.py:186} INFO - Started process (PID=6155) to work on /home/airflow/.local/lib/python3.12/site-packages/airflow/example_dags/example_xcom.py
[2025-04-17T12:39:44.844+0000] {processor.py:914} INFO - Processing file /home/airflow/.local/lib/python3.12/site-packages/airflow/example_dags/example_xcom.py for tasks to queue
[2025-04-17T12:39:44.848+0000] {logging_mixin.py:190} INFO - [2025-04-17T12:39:44.847+0000] {dagbag.py:588} INFO - Filling up the DagBag from /home/airflow/.local/lib/python3.12/site-packages/airflow/example_dags/example_xcom.py
[2025-04-17T12:39:44.870+0000] {processor.py:925} INFO - DAG(s) 'example_xcom' retrieved from /home/airflow/.local/lib/python3.12/site-packages/airflow/example_dags/example_xcom.py
[2025-04-17T12:39:44.917+0000] {logging_mixin.py:190} INFO - [2025-04-17T12:39:44.917+0000] {dag.py:3239} INFO - Sync 1 DAGs
[2025-04-17T12:39:44.969+0000] {logging_mixin.py:190} INFO - [2025-04-17T12:39:44.969+0000] {dag.py:4180} INFO - Setting next_dagrun for example_xcom to 2021-01-01 00:00:00+00:00, run_after=2021-01-01 00:00:00+00:00
[2025-04-17T12:39:45.102+0000] {processor.py:208} INFO - Processing /home/airflow/.local/lib/python3.12/site-packages/airflow/example_dags/example_xcom.py took 0.271 seconds
[2025-04-17T12:40:17.134+0000] {processor.py:186} INFO - Started process (PID=6478) to work on /home/airflow/.local/lib/python3.12/site-packages/airflow/example_dags/example_xcom.py
[2025-04-17T12:40:17.160+0000] {processor.py:914} INFO - Processing file /home/airflow/.local/lib/python3.12/site-packages/airflow/example_dags/example_xcom.py for tasks to queue
[2025-04-17T12:40:17.200+0000] {logging_mixin.py:190} INFO - [2025-04-17T12:40:17.181+0000] {dagbag.py:588} INFO - Filling up the DagBag from /home/airflow/.local/lib/python3.12/site-packages/airflow/example_dags/example_xcom.py
[2025-04-17T12:40:17.430+0000] {processor.py:925} INFO - DAG(s) 'example_xcom' retrieved from /home/airflow/.local/lib/python3.12/site-packages/airflow/example_dags/example_xcom.py
[2025-04-17T12:40:17.991+0000] {logging_mixin.py:190} INFO - [2025-04-17T12:40:17.991+0000] {dag.py:3239} INFO - Sync 1 DAGs
[2025-04-17T12:40:26.429+0000] {logging_mixin.py:190} INFO - [2025-04-17T12:40:26.382+0000] {dag.py:4180} INFO - Setting next_dagrun for example_xcom to 2021-01-01 00:00:00+00:00, run_after=2021-01-01 00:00:00+00:00
[2025-04-17T12:40:26.896+0000] {processor.py:208} INFO - Processing /home/airflow/.local/lib/python3.12/site-packages/airflow/example_dags/example_xcom.py took 10.069 seconds
[2025-04-17T12:42:39.477+0000] {processor.py:186} INFO - Started process (PID=6782) to work on /home/airflow/.local/lib/python3.12/site-packages/airflow/example_dags/example_xcom.py
[2025-04-17T12:42:39.480+0000] {processor.py:914} INFO - Processing file /home/airflow/.local/lib/python3.12/site-packages/airflow/example_dags/example_xcom.py for tasks to queue
[2025-04-17T12:42:39.483+0000] {logging_mixin.py:190} INFO - [2025-04-17T12:42:39.482+0000] {dagbag.py:588} INFO - Filling up the DagBag from /home/airflow/.local/lib/python3.12/site-packages/airflow/example_dags/example_xcom.py
[2025-04-17T12:42:39.505+0000] {processor.py:925} INFO - DAG(s) 'example_xcom' retrieved from /home/airflow/.local/lib/python3.12/site-packages/airflow/example_dags/example_xcom.py
[2025-04-17T12:42:39.550+0000] {logging_mixin.py:190} INFO - [2025-04-17T12:42:39.549+0000] {dag.py:3239} INFO - Sync 1 DAGs
[2025-04-17T12:42:39.595+0000] {logging_mixin.py:190} INFO - [2025-04-17T12:42:39.595+0000] {dag.py:4180} INFO - Setting next_dagrun for example_xcom to 2021-01-01 00:00:00+00:00, run_after=2021-01-01 00:00:00+00:00
[2025-04-17T12:42:39.629+0000] {processor.py:208} INFO - Processing /home/airflow/.local/lib/python3.12/site-packages/airflow/example_dags/example_xcom.py took 0.167 seconds
[2025-04-17T12:43:11.437+0000] {processor.py:186} INFO - Started process (PID=7201) to work on /home/airflow/.local/lib/python3.12/site-packages/airflow/example_dags/example_xcom.py
[2025-04-17T12:43:11.439+0000] {processor.py:914} INFO - Processing file /home/airflow/.local/lib/python3.12/site-packages/airflow/example_dags/example_xcom.py for tasks to queue
[2025-04-17T12:43:11.443+0000] {logging_mixin.py:190} INFO - [2025-04-17T12:43:11.442+0000] {dagbag.py:588} INFO - Filling up the DagBag from /home/airflow/.local/lib/python3.12/site-packages/airflow/example_dags/example_xcom.py
[2025-04-17T12:43:11.467+0000] {processor.py:925} INFO - DAG(s) 'example_xcom' retrieved from /home/airflow/.local/lib/python3.12/site-packages/airflow/example_dags/example_xcom.py
[2025-04-17T12:43:11.517+0000] {logging_mixin.py:190} INFO - [2025-04-17T12:43:11.517+0000] {dag.py:3239} INFO - Sync 1 DAGs
[2025-04-17T12:43:11.575+0000] {logging_mixin.py:190} INFO - [2025-04-17T12:43:11.575+0000] {dag.py:4180} INFO - Setting next_dagrun for example_xcom to 2021-01-01 00:00:00+00:00, run_after=2021-01-01 00:00:00+00:00
[2025-04-17T12:43:11.625+0000] {processor.py:208} INFO - Processing /home/airflow/.local/lib/python3.12/site-packages/airflow/example_dags/example_xcom.py took 0.203 seconds
[2025-04-17T12:43:43.988+0000] {processor.py:186} INFO - Started process (PID=7509) to work on /home/airflow/.local/lib/python3.12/site-packages/airflow/example_dags/example_xcom.py
[2025-04-17T12:43:43.990+0000] {processor.py:914} INFO - Processing file /home/airflow/.local/lib/python3.12/site-packages/airflow/example_dags/example_xcom.py for tasks to queue
[2025-04-17T12:43:43.993+0000] {logging_mixin.py:190} INFO - [2025-04-17T12:43:43.993+0000] {dagbag.py:588} INFO - Filling up the DagBag from /home/airflow/.local/lib/python3.12/site-packages/airflow/example_dags/example_xcom.py
[2025-04-17T12:43:44.013+0000] {processor.py:925} INFO - DAG(s) 'example_xcom' retrieved from /home/airflow/.local/lib/python3.12/site-packages/airflow/example_dags/example_xcom.py
[2025-04-17T12:43:44.053+0000] {logging_mixin.py:190} INFO - [2025-04-17T12:43:44.052+0000] {dag.py:3239} INFO - Sync 1 DAGs
[2025-04-17T12:43:44.100+0000] {logging_mixin.py:190} INFO - [2025-04-17T12:43:44.100+0000] {dag.py:4180} INFO - Setting next_dagrun for example_xcom to 2021-01-01 00:00:00+00:00, run_after=2021-01-01 00:00:00+00:00
[2025-04-17T12:43:44.133+0000] {processor.py:208} INFO - Processing /home/airflow/.local/lib/python3.12/site-packages/airflow/example_dags/example_xcom.py took 0.156 seconds
[2025-04-17T12:44:19.246+0000] {processor.py:186} INFO - Started process (PID=7886) to work on /home/airflow/.local/lib/python3.12/site-packages/airflow/example_dags/example_xcom.py
[2025-04-17T12:44:19.256+0000] {processor.py:914} INFO - Processing file /home/airflow/.local/lib/python3.12/site-packages/airflow/example_dags/example_xcom.py for tasks to queue
[2025-04-17T12:44:19.260+0000] {logging_mixin.py:190} INFO - [2025-04-17T12:44:19.259+0000] {dagbag.py:588} INFO - Filling up the DagBag from /home/airflow/.local/lib/python3.12/site-packages/airflow/example_dags/example_xcom.py
[2025-04-17T12:44:19.296+0000] {processor.py:925} INFO - DAG(s) 'example_xcom' retrieved from /home/airflow/.local/lib/python3.12/site-packages/airflow/example_dags/example_xcom.py
[2025-04-17T12:44:19.365+0000] {logging_mixin.py:190} INFO - [2025-04-17T12:44:19.364+0000] {dag.py:3239} INFO - Sync 1 DAGs
[2025-04-17T12:44:19.439+0000] {logging_mixin.py:190} INFO - [2025-04-17T12:44:19.438+0000] {dag.py:4180} INFO - Setting next_dagrun for example_xcom to 2021-01-01 00:00:00+00:00, run_after=2021-01-01 00:00:00+00:00
[2025-04-17T12:44:19.535+0000] {processor.py:208} INFO - Processing /home/airflow/.local/lib/python3.12/site-packages/airflow/example_dags/example_xcom.py took 0.309 seconds
[2025-04-17T12:44:51.109+0000] {processor.py:186} INFO - Started process (PID=8325) to work on /home/airflow/.local/lib/python3.12/site-packages/airflow/example_dags/example_xcom.py
[2025-04-17T12:44:51.110+0000] {processor.py:914} INFO - Processing file /home/airflow/.local/lib/python3.12/site-packages/airflow/example_dags/example_xcom.py for tasks to queue
[2025-04-17T12:44:51.113+0000] {logging_mixin.py:190} INFO - [2025-04-17T12:44:51.112+0000] {dagbag.py:588} INFO - Filling up the DagBag from /home/airflow/.local/lib/python3.12/site-packages/airflow/example_dags/example_xcom.py
[2025-04-17T12:44:51.129+0000] {processor.py:925} INFO - DAG(s) 'example_xcom' retrieved from /home/airflow/.local/lib/python3.12/site-packages/airflow/example_dags/example_xcom.py
[2025-04-17T12:44:51.172+0000] {logging_mixin.py:190} INFO - [2025-04-17T12:44:51.172+0000] {dag.py:3239} INFO - Sync 1 DAGs
[2025-04-17T12:44:51.226+0000] {logging_mixin.py:190} INFO - [2025-04-17T12:44:51.225+0000] {dag.py:4180} INFO - Setting next_dagrun for example_xcom to 2021-01-01 00:00:00+00:00, run_after=2021-01-01 00:00:00+00:00
[2025-04-17T12:44:51.274+0000] {processor.py:208} INFO - Processing /home/airflow/.local/lib/python3.12/site-packages/airflow/example_dags/example_xcom.py took 0.176 seconds
[2025-04-17T12:45:23.526+0000] {processor.py:186} INFO - Started process (PID=8632) to work on /home/airflow/.local/lib/python3.12/site-packages/airflow/example_dags/example_xcom.py
[2025-04-17T12:45:23.564+0000] {processor.py:914} INFO - Processing file /home/airflow/.local/lib/python3.12/site-packages/airflow/example_dags/example_xcom.py for tasks to queue
[2025-04-17T12:45:23.568+0000] {logging_mixin.py:190} INFO - [2025-04-17T12:45:23.567+0000] {dagbag.py:588} INFO - Filling up the DagBag from /home/airflow/.local/lib/python3.12/site-packages/airflow/example_dags/example_xcom.py
[2025-04-17T12:45:23.599+0000] {processor.py:925} INFO - DAG(s) 'example_xcom' retrieved from /home/airflow/.local/lib/python3.12/site-packages/airflow/example_dags/example_xcom.py
[2025-04-17T12:45:23.659+0000] {logging_mixin.py:190} INFO - [2025-04-17T12:45:23.658+0000] {dag.py:3239} INFO - Sync 1 DAGs
[2025-04-17T12:45:23.713+0000] {logging_mixin.py:190} INFO - [2025-04-17T12:45:23.713+0000] {dag.py:4180} INFO - Setting next_dagrun for example_xcom to 2021-01-01 00:00:00+00:00, run_after=2021-01-01 00:00:00+00:00
[2025-04-17T12:45:23.748+0000] {processor.py:208} INFO - Processing /home/airflow/.local/lib/python3.12/site-packages/airflow/example_dags/example_xcom.py took 0.231 seconds
[2025-04-17T12:45:55.193+0000] {processor.py:186} INFO - Started process (PID=8939) to work on /home/airflow/.local/lib/python3.12/site-packages/airflow/example_dags/example_xcom.py
[2025-04-17T12:45:55.195+0000] {processor.py:914} INFO - Processing file /home/airflow/.local/lib/python3.12/site-packages/airflow/example_dags/example_xcom.py for tasks to queue
[2025-04-17T12:45:55.197+0000] {logging_mixin.py:190} INFO - [2025-04-17T12:45:55.196+0000] {dagbag.py:588} INFO - Filling up the DagBag from /home/airflow/.local/lib/python3.12/site-packages/airflow/example_dags/example_xcom.py
[2025-04-17T12:45:55.216+0000] {processor.py:925} INFO - DAG(s) 'example_xcom' retrieved from /home/airflow/.local/lib/python3.12/site-packages/airflow/example_dags/example_xcom.py
[2025-04-17T12:45:55.262+0000] {logging_mixin.py:190} INFO - [2025-04-17T12:45:55.261+0000] {dag.py:3239} INFO - Sync 1 DAGs
[2025-04-17T12:45:55.317+0000] {logging_mixin.py:190} INFO - [2025-04-17T12:45:55.316+0000] {dag.py:4180} INFO - Setting next_dagrun for example_xcom to 2021-01-01 00:00:00+00:00, run_after=2021-01-01 00:00:00+00:00
[2025-04-17T12:45:55.350+0000] {processor.py:208} INFO - Processing /home/airflow/.local/lib/python3.12/site-packages/airflow/example_dags/example_xcom.py took 0.166 seconds
[2025-04-17T12:46:27.051+0000] {processor.py:186} INFO - Started process (PID=9248) to work on /home/airflow/.local/lib/python3.12/site-packages/airflow/example_dags/example_xcom.py
[2025-04-17T12:46:27.052+0000] {processor.py:914} INFO - Processing file /home/airflow/.local/lib/python3.12/site-packages/airflow/example_dags/example_xcom.py for tasks to queue
[2025-04-17T12:46:27.054+0000] {logging_mixin.py:190} INFO - [2025-04-17T12:46:27.054+0000] {dagbag.py:588} INFO - Filling up the DagBag from /home/airflow/.local/lib/python3.12/site-packages/airflow/example_dags/example_xcom.py
[2025-04-17T12:46:27.071+0000] {processor.py:925} INFO - DAG(s) 'example_xcom' retrieved from /home/airflow/.local/lib/python3.12/site-packages/airflow/example_dags/example_xcom.py
[2025-04-17T12:46:27.109+0000] {logging_mixin.py:190} INFO - [2025-04-17T12:46:27.108+0000] {dag.py:3239} INFO - Sync 1 DAGs
[2025-04-17T12:46:27.155+0000] {logging_mixin.py:190} INFO - [2025-04-17T12:46:27.155+0000] {dag.py:4180} INFO - Setting next_dagrun for example_xcom to 2021-01-01 00:00:00+00:00, run_after=2021-01-01 00:00:00+00:00
[2025-04-17T12:46:27.186+0000] {processor.py:208} INFO - Processing /home/airflow/.local/lib/python3.12/site-packages/airflow/example_dags/example_xcom.py took 0.145 seconds
[2025-04-17T12:46:59.259+0000] {processor.py:186} INFO - Started process (PID=9553) to work on /home/airflow/.local/lib/python3.12/site-packages/airflow/example_dags/example_xcom.py
[2025-04-17T12:46:59.261+0000] {processor.py:914} INFO - Processing file /home/airflow/.local/lib/python3.12/site-packages/airflow/example_dags/example_xcom.py for tasks to queue
[2025-04-17T12:46:59.264+0000] {logging_mixin.py:190} INFO - [2025-04-17T12:46:59.263+0000] {dagbag.py:588} INFO - Filling up the DagBag from /home/airflow/.local/lib/python3.12/site-packages/airflow/example_dags/example_xcom.py
[2025-04-17T12:46:59.282+0000] {processor.py:925} INFO - DAG(s) 'example_xcom' retrieved from /home/airflow/.local/lib/python3.12/site-packages/airflow/example_dags/example_xcom.py
[2025-04-17T12:46:59.328+0000] {logging_mixin.py:190} INFO - [2025-04-17T12:46:59.327+0000] {dag.py:3239} INFO - Sync 1 DAGs
[2025-04-17T12:46:59.385+0000] {logging_mixin.py:190} INFO - [2025-04-17T12:46:59.384+0000] {dag.py:4180} INFO - Setting next_dagrun for example_xcom to 2021-01-01 00:00:00+00:00, run_after=2021-01-01 00:00:00+00:00
[2025-04-17T12:46:59.430+0000] {processor.py:208} INFO - Processing /home/airflow/.local/lib/python3.12/site-packages/airflow/example_dags/example_xcom.py took 0.182 seconds
[2025-04-17T12:47:31.441+0000] {processor.py:186} INFO - Started process (PID=9860) to work on /home/airflow/.local/lib/python3.12/site-packages/airflow/example_dags/example_xcom.py
[2025-04-17T12:47:31.442+0000] {processor.py:914} INFO - Processing file /home/airflow/.local/lib/python3.12/site-packages/airflow/example_dags/example_xcom.py for tasks to queue
[2025-04-17T12:47:31.445+0000] {logging_mixin.py:190} INFO - [2025-04-17T12:47:31.445+0000] {dagbag.py:588} INFO - Filling up the DagBag from /home/airflow/.local/lib/python3.12/site-packages/airflow/example_dags/example_xcom.py
[2025-04-17T12:47:31.466+0000] {processor.py:925} INFO - DAG(s) 'example_xcom' retrieved from /home/airflow/.local/lib/python3.12/site-packages/airflow/example_dags/example_xcom.py
[2025-04-17T12:47:31.508+0000] {logging_mixin.py:190} INFO - [2025-04-17T12:47:31.507+0000] {dag.py:3239} INFO - Sync 1 DAGs
[2025-04-17T12:47:31.558+0000] {logging_mixin.py:190} INFO - [2025-04-17T12:47:31.557+0000] {dag.py:4180} INFO - Setting next_dagrun for example_xcom to 2021-01-01 00:00:00+00:00, run_after=2021-01-01 00:00:00+00:00
[2025-04-17T12:47:31.617+0000] {processor.py:208} INFO - Processing /home/airflow/.local/lib/python3.12/site-packages/airflow/example_dags/example_xcom.py took 0.186 seconds
[2025-04-17T12:48:02.981+0000] {processor.py:186} INFO - Started process (PID=10167) to work on /home/airflow/.local/lib/python3.12/site-packages/airflow/example_dags/example_xcom.py
[2025-04-17T12:48:02.983+0000] {processor.py:914} INFO - Processing file /home/airflow/.local/lib/python3.12/site-packages/airflow/example_dags/example_xcom.py for tasks to queue
[2025-04-17T12:48:02.985+0000] {logging_mixin.py:190} INFO - [2025-04-17T12:48:02.984+0000] {dagbag.py:588} INFO - Filling up the DagBag from /home/airflow/.local/lib/python3.12/site-packages/airflow/example_dags/example_xcom.py
[2025-04-17T12:48:03.005+0000] {processor.py:925} INFO - DAG(s) 'example_xcom' retrieved from /home/airflow/.local/lib/python3.12/site-packages/airflow/example_dags/example_xcom.py
[2025-04-17T12:48:03.042+0000] {logging_mixin.py:190} INFO - [2025-04-17T12:48:03.042+0000] {dag.py:3239} INFO - Sync 1 DAGs
[2025-04-17T12:48:03.091+0000] {logging_mixin.py:190} INFO - [2025-04-17T12:48:03.091+0000] {dag.py:4180} INFO - Setting next_dagrun for example_xcom to 2021-01-01 00:00:00+00:00, run_after=2021-01-01 00:00:00+00:00
[2025-04-17T12:48:03.128+0000] {processor.py:208} INFO - Processing /home/airflow/.local/lib/python3.12/site-packages/airflow/example_dags/example_xcom.py took 0.158 seconds
[2025-04-17T12:48:36.421+0000] {processor.py:186} INFO - Started process (PID=10474) to work on /home/airflow/.local/lib/python3.12/site-packages/airflow/example_dags/example_xcom.py
[2025-04-17T12:48:36.423+0000] {processor.py:914} INFO - Processing file /home/airflow/.local/lib/python3.12/site-packages/airflow/example_dags/example_xcom.py for tasks to queue
[2025-04-17T12:48:36.426+0000] {logging_mixin.py:190} INFO - [2025-04-17T12:48:36.425+0000] {dagbag.py:588} INFO - Filling up the DagBag from /home/airflow/.local/lib/python3.12/site-packages/airflow/example_dags/example_xcom.py
[2025-04-17T12:48:36.448+0000] {processor.py:925} INFO - DAG(s) 'example_xcom' retrieved from /home/airflow/.local/lib/python3.12/site-packages/airflow/example_dags/example_xcom.py
[2025-04-17T12:48:36.487+0000] {logging_mixin.py:190} INFO - [2025-04-17T12:48:36.486+0000] {dag.py:3239} INFO - Sync 1 DAGs
[2025-04-17T12:48:36.531+0000] {logging_mixin.py:190} INFO - [2025-04-17T12:48:36.530+0000] {dag.py:4180} INFO - Setting next_dagrun for example_xcom to 2021-01-01 00:00:00+00:00, run_after=2021-01-01 00:00:00+00:00
[2025-04-17T12:48:36.561+0000] {processor.py:208} INFO - Processing /home/airflow/.local/lib/python3.12/site-packages/airflow/example_dags/example_xcom.py took 0.153 seconds
[2025-04-17T12:49:08.542+0000] {processor.py:186} INFO - Started process (PID=10781) to work on /home/airflow/.local/lib/python3.12/site-packages/airflow/example_dags/example_xcom.py
[2025-04-17T12:49:08.545+0000] {processor.py:914} INFO - Processing file /home/airflow/.local/lib/python3.12/site-packages/airflow/example_dags/example_xcom.py for tasks to queue
[2025-04-17T12:49:08.549+0000] {logging_mixin.py:190} INFO - [2025-04-17T12:49:08.548+0000] {dagbag.py:588} INFO - Filling up the DagBag from /home/airflow/.local/lib/python3.12/site-packages/airflow/example_dags/example_xcom.py
[2025-04-17T12:49:08.575+0000] {processor.py:925} INFO - DAG(s) 'example_xcom' retrieved from /home/airflow/.local/lib/python3.12/site-packages/airflow/example_dags/example_xcom.py
[2025-04-17T12:49:08.632+0000] {logging_mixin.py:190} INFO - [2025-04-17T12:49:08.631+0000] {dag.py:3239} INFO - Sync 1 DAGs
[2025-04-17T12:49:08.696+0000] {logging_mixin.py:190} INFO - [2025-04-17T12:49:08.696+0000] {dag.py:4180} INFO - Setting next_dagrun for example_xcom to 2021-01-01 00:00:00+00:00, run_after=2021-01-01 00:00:00+00:00
[2025-04-17T12:49:08.741+0000] {processor.py:208} INFO - Processing /home/airflow/.local/lib/python3.12/site-packages/airflow/example_dags/example_xcom.py took 0.212 seconds
[2025-04-17T12:49:40.502+0000] {processor.py:186} INFO - Started process (PID=11088) to work on /home/airflow/.local/lib/python3.12/site-packages/airflow/example_dags/example_xcom.py
[2025-04-17T12:49:40.504+0000] {processor.py:914} INFO - Processing file /home/airflow/.local/lib/python3.12/site-packages/airflow/example_dags/example_xcom.py for tasks to queue
[2025-04-17T12:49:40.506+0000] {logging_mixin.py:190} INFO - [2025-04-17T12:49:40.505+0000] {dagbag.py:588} INFO - Filling up the DagBag from /home/airflow/.local/lib/python3.12/site-packages/airflow/example_dags/example_xcom.py
[2025-04-17T12:49:40.524+0000] {processor.py:925} INFO - DAG(s) 'example_xcom' retrieved from /home/airflow/.local/lib/python3.12/site-packages/airflow/example_dags/example_xcom.py
[2025-04-17T12:49:40.562+0000] {logging_mixin.py:190} INFO - [2025-04-17T12:49:40.562+0000] {dag.py:3239} INFO - Sync 1 DAGs
[2025-04-17T12:49:40.611+0000] {logging_mixin.py:190} INFO - [2025-04-17T12:49:40.610+0000] {dag.py:4180} INFO - Setting next_dagrun for example_xcom to 2021-01-01 00:00:00+00:00, run_after=2021-01-01 00:00:00+00:00
[2025-04-17T12:49:40.644+0000] {processor.py:208} INFO - Processing /home/airflow/.local/lib/python3.12/site-packages/airflow/example_dags/example_xcom.py took 0.153 seconds
[2025-04-17T12:50:11.106+0000] {processor.py:186} INFO - Started process (PID=11390) to work on /home/airflow/.local/lib/python3.12/site-packages/airflow/example_dags/example_xcom.py
[2025-04-17T12:50:11.109+0000] {processor.py:914} INFO - Processing file /home/airflow/.local/lib/python3.12/site-packages/airflow/example_dags/example_xcom.py for tasks to queue
[2025-04-17T12:50:11.113+0000] {logging_mixin.py:190} INFO - [2025-04-17T12:50:11.112+0000] {dagbag.py:588} INFO - Filling up the DagBag from /home/airflow/.local/lib/python3.12/site-packages/airflow/example_dags/example_xcom.py
[2025-04-17T12:50:11.144+0000] {processor.py:925} INFO - DAG(s) 'example_xcom' retrieved from /home/airflow/.local/lib/python3.12/site-packages/airflow/example_dags/example_xcom.py
[2025-04-17T12:50:11.203+0000] {logging_mixin.py:190} INFO - [2025-04-17T12:50:11.201+0000] {dag.py:3239} INFO - Sync 1 DAGs
[2025-04-17T12:50:11.283+0000] {logging_mixin.py:190} INFO - [2025-04-17T12:50:11.282+0000] {dag.py:4180} INFO - Setting next_dagrun for example_xcom to 2021-01-01 00:00:00+00:00, run_after=2021-01-01 00:00:00+00:00
[2025-04-17T12:50:11.343+0000] {processor.py:208} INFO - Processing /home/airflow/.local/lib/python3.12/site-packages/airflow/example_dags/example_xcom.py took 0.271 seconds
[2025-04-17T12:50:42.989+0000] {processor.py:186} INFO - Started process (PID=11692) to work on /home/airflow/.local/lib/python3.12/site-packages/airflow/example_dags/example_xcom.py
[2025-04-17T12:50:42.993+0000] {processor.py:914} INFO - Processing file /home/airflow/.local/lib/python3.12/site-packages/airflow/example_dags/example_xcom.py for tasks to queue
[2025-04-17T12:50:42.996+0000] {logging_mixin.py:190} INFO - [2025-04-17T12:50:42.995+0000] {dagbag.py:588} INFO - Filling up the DagBag from /home/airflow/.local/lib/python3.12/site-packages/airflow/example_dags/example_xcom.py
[2025-04-17T12:50:43.022+0000] {processor.py:925} INFO - DAG(s) 'example_xcom' retrieved from /home/airflow/.local/lib/python3.12/site-packages/airflow/example_dags/example_xcom.py
[2025-04-17T12:50:43.077+0000] {logging_mixin.py:190} INFO - [2025-04-17T12:50:43.077+0000] {dag.py:3239} INFO - Sync 1 DAGs
[2025-04-17T12:50:43.150+0000] {logging_mixin.py:190} INFO - [2025-04-17T12:50:43.149+0000] {dag.py:4180} INFO - Setting next_dagrun for example_xcom to 2021-01-01 00:00:00+00:00, run_after=2021-01-01 00:00:00+00:00
[2025-04-17T12:50:43.215+0000] {processor.py:208} INFO - Processing /home/airflow/.local/lib/python3.12/site-packages/airflow/example_dags/example_xcom.py took 0.239 seconds
[2025-04-17T12:51:14.664+0000] {processor.py:186} INFO - Started process (PID=11999) to work on /home/airflow/.local/lib/python3.12/site-packages/airflow/example_dags/example_xcom.py
[2025-04-17T12:51:14.666+0000] {processor.py:914} INFO - Processing file /home/airflow/.local/lib/python3.12/site-packages/airflow/example_dags/example_xcom.py for tasks to queue
[2025-04-17T12:51:14.668+0000] {logging_mixin.py:190} INFO - [2025-04-17T12:51:14.667+0000] {dagbag.py:588} INFO - Filling up the DagBag from /home/airflow/.local/lib/python3.12/site-packages/airflow/example_dags/example_xcom.py
[2025-04-17T12:51:14.685+0000] {processor.py:925} INFO - DAG(s) 'example_xcom' retrieved from /home/airflow/.local/lib/python3.12/site-packages/airflow/example_dags/example_xcom.py
[2025-04-17T12:51:14.720+0000] {logging_mixin.py:190} INFO - [2025-04-17T12:51:14.720+0000] {dag.py:3239} INFO - Sync 1 DAGs
[2025-04-17T12:51:14.763+0000] {logging_mixin.py:190} INFO - [2025-04-17T12:51:14.763+0000] {dag.py:4180} INFO - Setting next_dagrun for example_xcom to 2021-01-01 00:00:00+00:00, run_after=2021-01-01 00:00:00+00:00
[2025-04-17T12:51:14.807+0000] {processor.py:208} INFO - Processing /home/airflow/.local/lib/python3.12/site-packages/airflow/example_dags/example_xcom.py took 0.153 seconds
[2025-04-17T12:51:46.895+0000] {processor.py:186} INFO - Started process (PID=12306) to work on /home/airflow/.local/lib/python3.12/site-packages/airflow/example_dags/example_xcom.py
[2025-04-17T12:51:46.897+0000] {processor.py:914} INFO - Processing file /home/airflow/.local/lib/python3.12/site-packages/airflow/example_dags/example_xcom.py for tasks to queue
[2025-04-17T12:51:46.901+0000] {logging_mixin.py:190} INFO - [2025-04-17T12:51:46.900+0000] {dagbag.py:588} INFO - Filling up the DagBag from /home/airflow/.local/lib/python3.12/site-packages/airflow/example_dags/example_xcom.py
[2025-04-17T12:51:46.922+0000] {processor.py:925} INFO - DAG(s) 'example_xcom' retrieved from /home/airflow/.local/lib/python3.12/site-packages/airflow/example_dags/example_xcom.py
[2025-04-17T12:51:46.979+0000] {logging_mixin.py:190} INFO - [2025-04-17T12:51:46.977+0000] {dag.py:3239} INFO - Sync 1 DAGs
[2025-04-17T12:51:47.041+0000] {logging_mixin.py:190} INFO - [2025-04-17T12:51:47.041+0000] {dag.py:4180} INFO - Setting next_dagrun for example_xcom to 2021-01-01 00:00:00+00:00, run_after=2021-01-01 00:00:00+00:00
[2025-04-17T12:51:47.090+0000] {processor.py:208} INFO - Processing /home/airflow/.local/lib/python3.12/site-packages/airflow/example_dags/example_xcom.py took 0.205 seconds
[2025-04-17T12:52:17.273+0000] {processor.py:186} INFO - Started process (PID=12598) to work on /home/airflow/.local/lib/python3.12/site-packages/airflow/example_dags/example_xcom.py
[2025-04-17T12:52:17.275+0000] {processor.py:914} INFO - Processing file /home/airflow/.local/lib/python3.12/site-packages/airflow/example_dags/example_xcom.py for tasks to queue
[2025-04-17T12:52:17.278+0000] {logging_mixin.py:190} INFO - [2025-04-17T12:52:17.277+0000] {dagbag.py:588} INFO - Filling up the DagBag from /home/airflow/.local/lib/python3.12/site-packages/airflow/example_dags/example_xcom.py
[2025-04-17T12:52:17.294+0000] {processor.py:925} INFO - DAG(s) 'example_xcom' retrieved from /home/airflow/.local/lib/python3.12/site-packages/airflow/example_dags/example_xcom.py
[2025-04-17T12:52:17.332+0000] {logging_mixin.py:190} INFO - [2025-04-17T12:52:17.331+0000] {dag.py:3239} INFO - Sync 1 DAGs
[2025-04-17T12:52:17.376+0000] {logging_mixin.py:190} INFO - [2025-04-17T12:52:17.376+0000] {dag.py:4180} INFO - Setting next_dagrun for example_xcom to 2021-01-01 00:00:00+00:00, run_after=2021-01-01 00:00:00+00:00
[2025-04-17T12:52:17.409+0000] {processor.py:208} INFO - Processing /home/airflow/.local/lib/python3.12/site-packages/airflow/example_dags/example_xcom.py took 0.147 seconds
[2025-04-17T12:52:47.815+0000] {processor.py:186} INFO - Started process (PID=12902) to work on /home/airflow/.local/lib/python3.12/site-packages/airflow/example_dags/example_xcom.py
[2025-04-17T12:52:47.817+0000] {processor.py:914} INFO - Processing file /home/airflow/.local/lib/python3.12/site-packages/airflow/example_dags/example_xcom.py for tasks to queue
[2025-04-17T12:52:47.820+0000] {logging_mixin.py:190} INFO - [2025-04-17T12:52:47.819+0000] {dagbag.py:588} INFO - Filling up the DagBag from /home/airflow/.local/lib/python3.12/site-packages/airflow/example_dags/example_xcom.py
[2025-04-17T12:52:47.840+0000] {processor.py:925} INFO - DAG(s) 'example_xcom' retrieved from /home/airflow/.local/lib/python3.12/site-packages/airflow/example_dags/example_xcom.py
[2025-04-17T12:52:47.887+0000] {logging_mixin.py:190} INFO - [2025-04-17T12:52:47.887+0000] {dag.py:3239} INFO - Sync 1 DAGs
[2025-04-17T12:52:47.941+0000] {logging_mixin.py:190} INFO - [2025-04-17T12:52:47.941+0000] {dag.py:4180} INFO - Setting next_dagrun for example_xcom to 2021-01-01 00:00:00+00:00, run_after=2021-01-01 00:00:00+00:00
[2025-04-17T12:52:47.987+0000] {processor.py:208} INFO - Processing /home/airflow/.local/lib/python3.12/site-packages/airflow/example_dags/example_xcom.py took 0.187 seconds
[2025-04-17T12:53:18.388+0000] {processor.py:186} INFO - Started process (PID=13209) to work on /home/airflow/.local/lib/python3.12/site-packages/airflow/example_dags/example_xcom.py
[2025-04-17T12:53:18.390+0000] {processor.py:914} INFO - Processing file /home/airflow/.local/lib/python3.12/site-packages/airflow/example_dags/example_xcom.py for tasks to queue
[2025-04-17T12:53:18.392+0000] {logging_mixin.py:190} INFO - [2025-04-17T12:53:18.392+0000] {dagbag.py:588} INFO - Filling up the DagBag from /home/airflow/.local/lib/python3.12/site-packages/airflow/example_dags/example_xcom.py
[2025-04-17T12:53:18.408+0000] {processor.py:925} INFO - DAG(s) 'example_xcom' retrieved from /home/airflow/.local/lib/python3.12/site-packages/airflow/example_dags/example_xcom.py
[2025-04-17T12:53:18.443+0000] {logging_mixin.py:190} INFO - [2025-04-17T12:53:18.442+0000] {dag.py:3239} INFO - Sync 1 DAGs
[2025-04-17T12:53:18.492+0000] {logging_mixin.py:190} INFO - [2025-04-17T12:53:18.492+0000] {dag.py:4180} INFO - Setting next_dagrun for example_xcom to 2021-01-01 00:00:00+00:00, run_after=2021-01-01 00:00:00+00:00
[2025-04-17T12:53:18.522+0000] {processor.py:208} INFO - Processing /home/airflow/.local/lib/python3.12/site-packages/airflow/example_dags/example_xcom.py took 0.147 seconds
[2025-04-17T12:53:49.077+0000] {processor.py:186} INFO - Started process (PID=13516) to work on /home/airflow/.local/lib/python3.12/site-packages/airflow/example_dags/example_xcom.py
[2025-04-17T12:53:49.082+0000] {processor.py:914} INFO - Processing file /home/airflow/.local/lib/python3.12/site-packages/airflow/example_dags/example_xcom.py for tasks to queue
[2025-04-17T12:53:49.088+0000] {logging_mixin.py:190} INFO - [2025-04-17T12:53:49.086+0000] {dagbag.py:588} INFO - Filling up the DagBag from /home/airflow/.local/lib/python3.12/site-packages/airflow/example_dags/example_xcom.py
[2025-04-17T12:53:49.139+0000] {processor.py:925} INFO - DAG(s) 'example_xcom' retrieved from /home/airflow/.local/lib/python3.12/site-packages/airflow/example_dags/example_xcom.py
[2025-04-17T12:53:49.225+0000] {logging_mixin.py:190} INFO - [2025-04-17T12:53:49.225+0000] {dag.py:3239} INFO - Sync 1 DAGs
[2025-04-17T12:53:49.352+0000] {logging_mixin.py:190} INFO - [2025-04-17T12:53:49.351+0000] {dag.py:4180} INFO - Setting next_dagrun for example_xcom to 2021-01-01 00:00:00+00:00, run_after=2021-01-01 00:00:00+00:00
[2025-04-17T12:53:49.424+0000] {processor.py:208} INFO - Processing /home/airflow/.local/lib/python3.12/site-packages/airflow/example_dags/example_xcom.py took 0.384 seconds
[2025-04-17T12:54:19.972+0000] {processor.py:186} INFO - Started process (PID=13853) to work on /home/airflow/.local/lib/python3.12/site-packages/airflow/example_dags/example_xcom.py
[2025-04-17T12:54:19.977+0000] {processor.py:914} INFO - Processing file /home/airflow/.local/lib/python3.12/site-packages/airflow/example_dags/example_xcom.py for tasks to queue
[2025-04-17T12:54:19.982+0000] {logging_mixin.py:190} INFO - [2025-04-17T12:54:19.981+0000] {dagbag.py:588} INFO - Filling up the DagBag from /home/airflow/.local/lib/python3.12/site-packages/airflow/example_dags/example_xcom.py
[2025-04-17T12:54:20.040+0000] {processor.py:925} INFO - DAG(s) 'example_xcom' retrieved from /home/airflow/.local/lib/python3.12/site-packages/airflow/example_dags/example_xcom.py
[2025-04-17T12:54:20.164+0000] {logging_mixin.py:190} INFO - [2025-04-17T12:54:20.163+0000] {dag.py:3239} INFO - Sync 1 DAGs
[2025-04-17T12:54:20.293+0000] {logging_mixin.py:190} INFO - [2025-04-17T12:54:20.293+0000] {dag.py:4180} INFO - Setting next_dagrun for example_xcom to 2021-01-01 00:00:00+00:00, run_after=2021-01-01 00:00:00+00:00
[2025-04-17T12:54:20.357+0000] {processor.py:208} INFO - Processing /home/airflow/.local/lib/python3.12/site-packages/airflow/example_dags/example_xcom.py took 0.403 seconds
[2025-04-17T12:54:51.268+0000] {processor.py:186} INFO - Started process (PID=14159) to work on /home/airflow/.local/lib/python3.12/site-packages/airflow/example_dags/example_xcom.py
[2025-04-17T12:54:51.311+0000] {processor.py:914} INFO - Processing file /home/airflow/.local/lib/python3.12/site-packages/airflow/example_dags/example_xcom.py for tasks to queue
[2025-04-17T12:54:51.314+0000] {logging_mixin.py:190} INFO - [2025-04-17T12:54:51.313+0000] {dagbag.py:588} INFO - Filling up the DagBag from /home/airflow/.local/lib/python3.12/site-packages/airflow/example_dags/example_xcom.py
[2025-04-17T12:54:51.330+0000] {processor.py:925} INFO - DAG(s) 'example_xcom' retrieved from /home/airflow/.local/lib/python3.12/site-packages/airflow/example_dags/example_xcom.py
[2025-04-17T12:54:51.414+0000] {logging_mixin.py:190} INFO - [2025-04-17T12:54:51.414+0000] {dag.py:3239} INFO - Sync 1 DAGs
[2025-04-17T12:54:51.492+0000] {logging_mixin.py:190} INFO - [2025-04-17T12:54:51.491+0000] {dag.py:4180} INFO - Setting next_dagrun for example_xcom to 2021-01-01 00:00:00+00:00, run_after=2021-01-01 00:00:00+00:00
[2025-04-17T12:54:51.546+0000] {processor.py:208} INFO - Processing /home/airflow/.local/lib/python3.12/site-packages/airflow/example_dags/example_xcom.py took 0.286 seconds
