[2025-04-17T11:39:35.400+0000] {processor.py:186} INFO - Started process (PID=39735) to work on /home/airflow/.local/lib/python3.12/site-packages/airflow/example_dags/example_dataset_alias.py
[2025-04-17T11:39:35.461+0000] {processor.py:914} INFO - Processing file /home/airflow/.local/lib/python3.12/site-packages/airflow/example_dags/example_dataset_alias.py for tasks to queue
[2025-04-17T11:39:35.763+0000] {logging_mixin.py:190} INFO - [2025-04-17T11:39:35.595+0000] {dagbag.py:588} INFO - Filling up the DagBag from /home/airflow/.local/lib/python3.12/site-packages/airflow/example_dags/example_dataset_alias.py
[2025-04-17T11:40:07.606+0000] {logging_mixin.py:190} INFO - [2025-04-17T11:40:07.170+0000] {timeout.py:68} ERROR - Process timed out, PID: 39735
[2025-04-17T11:40:08.229+0000] {logging_mixin.py:190} INFO - [2025-04-17T11:40:07.746+0000] {dagbag.py:387} ERROR - Failed to import: /home/airflow/.local/lib/python3.12/site-packages/airflow/example_dags/example_dataset_alias.py
Traceback (most recent call last):
  File "/home/airflow/.local/lib/python3.12/site-packages/airflow/models/dagbag.py", line 383, in parse
    loader.exec_module(new_module)
  File "<frozen importlib._bootstrap_external>", line 999, in exec_module
  File "<frozen importlib._bootstrap>", line 488, in _call_with_frames_removed
  File "/home/airflow/.local/lib/python3.12/site-packages/airflow/example_dags/example_dataset_alias.py", line 52, in <module>
    @task(outlets=[Dataset("s3://bucket/my-task")])
                   ^^^^^^^^^^^^^^^^^^^^^^^^^^^^^^
  File "<attrs generated init airflow.datasets.Dataset>", line 3, in __init__
    _setattr('uri', __attr_converter_uri(uri))
                    ^^^^^^^^^^^^^^^^^^^^^^^^^
  File "/home/airflow/.local/lib/python3.12/site-packages/airflow/datasets/__init__.py", line 108, in _sanitize_uri
    if (normalizer := _get_uri_normalizer(normalized_scheme)) is not None:
                      ^^^^^^^^^^^^^^^^^^^^^^^^^^^^^^^^^^^^^^
  File "/home/airflow/.local/lib/python3.12/site-packages/airflow/datasets/__init__.py", line 58, in _get_uri_normalizer
    return ProvidersManager().dataset_uri_handlers.get(scheme)
           ^^^^^^^^^^^^^^^^^^^^^^^^^^^^^^^^^^^^^^^
  File "/home/airflow/.local/lib/python3.12/site-packages/airflow/providers_manager.py", line 1333, in dataset_uri_handlers
    self.initialize_providers_dataset_uri_resources()
  File "/home/airflow/.local/lib/python3.12/site-packages/airflow/providers_manager.py", line 384, in wrapped_function
    func(*args, **kwargs)
  File "/home/airflow/.local/lib/python3.12/site-packages/airflow/providers_manager.py", line 532, in initialize_providers_dataset_uri_resources
    self._discover_dataset_uri_resources()
  File "/home/airflow/.local/lib/python3.12/site-packages/airflow/providers_manager.py", line 914, in _discover_dataset_uri_resources
    _safe_register_resource(
  File "/home/airflow/.local/lib/python3.12/site-packages/airflow/providers_manager.py", line 902, in _safe_register_resource
    _correctness_check(provider_package_name, resource_path, provider)
  File "/home/airflow/.local/lib/python3.12/site-packages/airflow/providers_manager.py", line 327, in _correctness_check
    imported_class = import_string(class_name)
                     ^^^^^^^^^^^^^^^^^^^^^^^^^
  File "/home/airflow/.local/lib/python3.12/site-packages/airflow/utils/module_loading.py", line 39, in import_string
    module = import_module(module_path)
             ^^^^^^^^^^^^^^^^^^^^^^^^^^
  File "/usr/local/lib/python3.12/importlib/__init__.py", line 90, in import_module
    return _bootstrap._gcd_import(name[level:], package, level)
           ^^^^^^^^^^^^^^^^^^^^^^^^^^^^^^^^^^^^^^^^^^^^^^^^^^^^
  File "<frozen importlib._bootstrap>", line 1387, in _gcd_import
  File "<frozen importlib._bootstrap>", line 1360, in _find_and_load
  File "<frozen importlib._bootstrap>", line 1331, in _find_and_load_unlocked
  File "<frozen importlib._bootstrap>", line 935, in _load_unlocked
  File "<frozen importlib._bootstrap_external>", line 999, in exec_module
  File "<frozen importlib._bootstrap>", line 488, in _call_with_frames_removed
  File "/home/airflow/.local/lib/python3.12/site-packages/airflow/providers/amazon/aws/assets/s3.py", line 21, in <module>
    from airflow.providers.amazon.aws.hooks.s3 import S3Hook
  File "/home/airflow/.local/lib/python3.12/site-packages/airflow/providers/amazon/aws/hooks/s3.py", line 57, in <module>
    from boto3.s3.transfer import S3Transfer, TransferConfig
  File "/home/airflow/.local/lib/python3.12/site-packages/boto3/__init__.py", line 17, in <module>
    from boto3.session import Session
  File "/home/airflow/.local/lib/python3.12/site-packages/boto3/session.py", line 17, in <module>
    import botocore.session
  File "/home/airflow/.local/lib/python3.12/site-packages/botocore/session.py", line 26, in <module>
    import botocore.client
  File "/home/airflow/.local/lib/python3.12/site-packages/botocore/client.py", line 15, in <module>
    from botocore import waiter, xform_name
  File "/home/airflow/.local/lib/python3.12/site-packages/botocore/waiter.py", line 18, in <module>
    from botocore.docs.docstring import WaiterDocstring
  File "/home/airflow/.local/lib/python3.12/site-packages/botocore/docs/__init__.py", line 15, in <module>
    from botocore.docs.service import ServiceDocumenter
  File "/home/airflow/.local/lib/python3.12/site-packages/botocore/docs/service.py", line 14, in <module>
    from botocore.docs.client import (
  File "/home/airflow/.local/lib/python3.12/site-packages/botocore/docs/client.py", line 19, in <module>
    from botocore.docs.method import (
  File "<frozen importlib._bootstrap>", line 1360, in _find_and_load
  File "<frozen importlib._bootstrap>", line 1322, in _find_and_load_unlocked
  File "<frozen importlib._bootstrap>", line 1262, in _find_spec
  File "<frozen importlib._bootstrap_external>", line 1532, in find_spec
  File "<frozen importlib._bootstrap_external>", line 1506, in _get_spec
  File "<frozen importlib._bootstrap_external>", line 1605, in find_spec
  File "<frozen importlib._bootstrap_external>", line 147, in _path_stat
  File "/home/airflow/.local/lib/python3.12/site-packages/airflow/utils/timeout.py", line 69, in handle_timeout
    raise AirflowTaskTimeout(self.error_message)
airflow.exceptions.AirflowTaskTimeout: DagBag import timeout for /home/airflow/.local/lib/python3.12/site-packages/airflow/example_dags/example_dataset_alias.py after 30.0s.
Please take a look at these docs to improve your DAG import time:
* https://airflow.apache.org/docs/apache-airflow/2.10.5/best-practices.html#top-level-python-code
* https://airflow.apache.org/docs/apache-airflow/2.10.5/best-practices.html#reducing-dag-complexity, PID: 39735
[2025-04-17T11:40:08.415+0000] {processor.py:927} WARNING - No viable dags retrieved from /home/airflow/.local/lib/python3.12/site-packages/airflow/example_dags/example_dataset_alias.py
[2025-04-17T11:50:01.532+0000] {processor.py:186} INFO - Started process (PID=40025) to work on /home/airflow/.local/lib/python3.12/site-packages/airflow/example_dags/example_dataset_alias.py
[2025-04-17T11:50:01.549+0000] {processor.py:914} INFO - Processing file /home/airflow/.local/lib/python3.12/site-packages/airflow/example_dags/example_dataset_alias.py for tasks to queue
[2025-04-17T11:50:01.798+0000] {logging_mixin.py:190} INFO - [2025-04-17T11:50:01.647+0000] {dagbag.py:588} INFO - Filling up the DagBag from /home/airflow/.local/lib/python3.12/site-packages/airflow/example_dags/example_dataset_alias.py
[2025-04-17T11:50:40.993+0000] {logging_mixin.py:190} INFO - [2025-04-17T11:50:32.931+0000] {timeout.py:68} ERROR - Process timed out, PID: 40025
[2025-04-17T11:50:41.458+0000] {logging_mixin.py:190} INFO - [2025-04-17T11:50:41.065+0000] {dagbag.py:387} ERROR - Failed to import: /home/airflow/.local/lib/python3.12/site-packages/airflow/example_dags/example_dataset_alias.py
Traceback (most recent call last):
  File "/home/airflow/.local/lib/python3.12/site-packages/airflow/models/dagbag.py", line 383, in parse
    loader.exec_module(new_module)
  File "<frozen importlib._bootstrap_external>", line 999, in exec_module
  File "<frozen importlib._bootstrap>", line 488, in _call_with_frames_removed
  File "/home/airflow/.local/lib/python3.12/site-packages/airflow/example_dags/example_dataset_alias.py", line 52, in <module>
    @task(outlets=[Dataset("s3://bucket/my-task")])
                   ^^^^^^^^^^^^^^^^^^^^^^^^^^^^^^
  File "<attrs generated init airflow.datasets.Dataset>", line 3, in __init__
    _setattr('uri', __attr_converter_uri(uri))
                    ^^^^^^^^^^^^^^^^^^^^^^^^^
  File "/home/airflow/.local/lib/python3.12/site-packages/airflow/datasets/__init__.py", line 108, in _sanitize_uri
    if (normalizer := _get_uri_normalizer(normalized_scheme)) is not None:
                      ^^^^^^^^^^^^^^^^^^^^^^^^^^^^^^^^^^^^^^
  File "/home/airflow/.local/lib/python3.12/site-packages/airflow/datasets/__init__.py", line 58, in _get_uri_normalizer
    return ProvidersManager().dataset_uri_handlers.get(scheme)
           ^^^^^^^^^^^^^^^^^^^^^^^^^^^^^^^^^^^^^^^
  File "/home/airflow/.local/lib/python3.12/site-packages/airflow/providers_manager.py", line 1333, in dataset_uri_handlers
    self.initialize_providers_dataset_uri_resources()
  File "/home/airflow/.local/lib/python3.12/site-packages/airflow/providers_manager.py", line 384, in wrapped_function
    func(*args, **kwargs)
  File "/home/airflow/.local/lib/python3.12/site-packages/airflow/providers_manager.py", line 532, in initialize_providers_dataset_uri_resources
    self._discover_dataset_uri_resources()
  File "/home/airflow/.local/lib/python3.12/site-packages/airflow/providers_manager.py", line 914, in _discover_dataset_uri_resources
    _safe_register_resource(
  File "/home/airflow/.local/lib/python3.12/site-packages/airflow/providers_manager.py", line 902, in _safe_register_resource
    _correctness_check(provider_package_name, resource_path, provider)
  File "/home/airflow/.local/lib/python3.12/site-packages/airflow/providers_manager.py", line 327, in _correctness_check
    imported_class = import_string(class_name)
                     ^^^^^^^^^^^^^^^^^^^^^^^^^
  File "/home/airflow/.local/lib/python3.12/site-packages/airflow/utils/module_loading.py", line 39, in import_string
    module = import_module(module_path)
             ^^^^^^^^^^^^^^^^^^^^^^^^^^
  File "/usr/local/lib/python3.12/importlib/__init__.py", line 90, in import_module
    return _bootstrap._gcd_import(name[level:], package, level)
           ^^^^^^^^^^^^^^^^^^^^^^^^^^^^^^^^^^^^^^^^^^^^^^^^^^^^
  File "<frozen importlib._bootstrap>", line 1387, in _gcd_import
  File "<frozen importlib._bootstrap>", line 1360, in _find_and_load
  File "<frozen importlib._bootstrap>", line 1331, in _find_and_load_unlocked
  File "<frozen importlib._bootstrap>", line 935, in _load_unlocked
  File "<frozen importlib._bootstrap_external>", line 999, in exec_module
  File "<frozen importlib._bootstrap>", line 488, in _call_with_frames_removed
  File "/home/airflow/.local/lib/python3.12/site-packages/airflow/providers/google/assets/gcs.py", line 21, in <module>
    from airflow.providers.google.cloud.hooks.gcs import _parse_gcs_url
  File "/home/airflow/.local/lib/python3.12/site-packages/airflow/providers/google/cloud/hooks/gcs.py", line 38, in <module>
    from google.api_core.exceptions import GoogleAPICallError, NotFound
  File "/home/airflow/.local/lib/python3.12/site-packages/google/api_core/exceptions.py", line 29, in <module>
    from google.rpc import error_details_pb2
  File "/home/airflow/.local/lib/python3.12/site-packages/google/rpc/error_details_pb2.py", line 21, in <module>
    from google.protobuf import descriptor_pool as _descriptor_pool
  File "/home/airflow/.local/lib/python3.12/site-packages/google/protobuf/descriptor_pool.py", line 43, in <module>
    from google.protobuf.internal import python_message
  File "/home/airflow/.local/lib/python3.12/site-packages/google/protobuf/internal/python_message.py", line 48, in <module>
    from google.protobuf.internal import well_known_types
  File "/home/airflow/.local/lib/python3.12/site-packages/google/protobuf/internal/well_known_types.py", line 509, in <module>
    collections.abc.MutableMapping.register(Struct)
  File "<frozen abc>", line 115, in register
  File "<frozen abc>", line 123, in __subclasscheck__
  File "<frozen abc>", line 123, in __subclasscheck__
  File "<frozen abc>", line 123, in __subclasscheck__
  File "<frozen _collections_abc>", line 435, in __subclasshook__
  File "/home/airflow/.local/lib/python3.12/site-packages/airflow/utils/timeout.py", line 69, in handle_timeout
    raise AirflowTaskTimeout(self.error_message)
airflow.exceptions.AirflowTaskTimeout: DagBag import timeout for /home/airflow/.local/lib/python3.12/site-packages/airflow/example_dags/example_dataset_alias.py after 30.0s.
Please take a look at these docs to improve your DAG import time:
* https://airflow.apache.org/docs/apache-airflow/2.10.5/best-practices.html#top-level-python-code
* https://airflow.apache.org/docs/apache-airflow/2.10.5/best-practices.html#reducing-dag-complexity, PID: 40025
[2025-04-17T11:50:41.513+0000] {processor.py:927} WARNING - No viable dags retrieved from /home/airflow/.local/lib/python3.12/site-packages/airflow/example_dags/example_dataset_alias.py
[2025-04-17T11:50:43.504+0000] {processor.py:208} INFO - Processing /home/airflow/.local/lib/python3.12/site-packages/airflow/example_dags/example_dataset_alias.py took 43.054 seconds
[2025-04-17T12:08:13.413+0000] {processor.py:186} INFO - Started process (PID=305) to work on /home/airflow/.local/lib/python3.12/site-packages/airflow/example_dags/example_dataset_alias.py
[2025-04-17T12:08:13.436+0000] {processor.py:914} INFO - Processing file /home/airflow/.local/lib/python3.12/site-packages/airflow/example_dags/example_dataset_alias.py for tasks to queue
[2025-04-17T12:08:13.625+0000] {logging_mixin.py:190} INFO - [2025-04-17T12:08:13.624+0000] {dagbag.py:588} INFO - Filling up the DagBag from /home/airflow/.local/lib/python3.12/site-packages/airflow/example_dags/example_dataset_alias.py
[2025-04-17T12:08:39.558+0000] {processor.py:925} INFO - DAG(s) 'dataset_s3_bucket_consumer', 'dataset_alias_example_alias_producer', 'dataset_alias_example_alias_consumer', 'dataset_s3_bucket_producer' retrieved from /home/airflow/.local/lib/python3.12/site-packages/airflow/example_dags/example_dataset_alias.py
[2025-04-17T12:12:00.123+0000] {processor.py:186} INFO - Started process (PID=965) to work on /home/airflow/.local/lib/python3.12/site-packages/airflow/example_dags/example_dataset_alias.py
[2025-04-17T12:12:00.129+0000] {processor.py:914} INFO - Processing file /home/airflow/.local/lib/python3.12/site-packages/airflow/example_dags/example_dataset_alias.py for tasks to queue
[2025-04-17T12:12:00.144+0000] {logging_mixin.py:190} INFO - [2025-04-17T12:12:00.141+0000] {dagbag.py:588} INFO - Filling up the DagBag from /home/airflow/.local/lib/python3.12/site-packages/airflow/example_dags/example_dataset_alias.py
[2025-04-17T12:15:44.223+0000] {processor.py:186} INFO - Started process (PID=1179) to work on /home/airflow/.local/lib/python3.12/site-packages/airflow/example_dags/example_dataset_alias.py
[2025-04-17T12:15:44.226+0000] {processor.py:914} INFO - Processing file /home/airflow/.local/lib/python3.12/site-packages/airflow/example_dags/example_dataset_alias.py for tasks to queue
[2025-04-17T12:15:44.230+0000] {logging_mixin.py:190} INFO - [2025-04-17T12:15:44.229+0000] {dagbag.py:588} INFO - Filling up the DagBag from /home/airflow/.local/lib/python3.12/site-packages/airflow/example_dags/example_dataset_alias.py
[2025-04-17T12:15:47.307+0000] {processor.py:925} INFO - DAG(s) 'dataset_s3_bucket_producer', 'dataset_alias_example_alias_consumer', 'dataset_s3_bucket_consumer', 'dataset_alias_example_alias_producer' retrieved from /home/airflow/.local/lib/python3.12/site-packages/airflow/example_dags/example_dataset_alias.py
[2025-04-17T12:15:54.111+0000] {logging_mixin.py:190} INFO - [2025-04-17T12:15:54.108+0000] {dag.py:3239} INFO - Sync 4 DAGs
[2025-04-17T12:15:54.358+0000] {logging_mixin.py:190} INFO - [2025-04-17T12:15:54.357+0000] {dag.py:4180} INFO - Setting next_dagrun for dataset_alias_example_alias_consumer to None, run_after=None
[2025-04-17T12:15:54.400+0000] {logging_mixin.py:190} INFO - [2025-04-17T12:15:54.399+0000] {dag.py:4180} INFO - Setting next_dagrun for dataset_alias_example_alias_producer to None, run_after=None
[2025-04-17T12:15:54.421+0000] {logging_mixin.py:190} INFO - [2025-04-17T12:15:54.420+0000] {dag.py:4180} INFO - Setting next_dagrun for dataset_s3_bucket_consumer to None, run_after=None
[2025-04-17T12:15:54.458+0000] {logging_mixin.py:190} INFO - [2025-04-17T12:15:54.457+0000] {dag.py:4180} INFO - Setting next_dagrun for dataset_s3_bucket_producer to None, run_after=None
[2025-04-17T12:15:54.984+0000] {processor.py:208} INFO - Processing /home/airflow/.local/lib/python3.12/site-packages/airflow/example_dags/example_dataset_alias.py took 10.811 seconds
[2025-04-17T12:18:52.153+0000] {processor.py:186} INFO - Started process (PID=1807) to work on /home/airflow/.local/lib/python3.12/site-packages/airflow/example_dags/example_dataset_alias.py
[2025-04-17T12:18:52.157+0000] {processor.py:914} INFO - Processing file /home/airflow/.local/lib/python3.12/site-packages/airflow/example_dags/example_dataset_alias.py for tasks to queue
[2025-04-17T12:18:52.164+0000] {logging_mixin.py:190} INFO - [2025-04-17T12:18:52.162+0000] {dagbag.py:588} INFO - Filling up the DagBag from /home/airflow/.local/lib/python3.12/site-packages/airflow/example_dags/example_dataset_alias.py
[2025-04-17T12:19:00.804+0000] {processor.py:925} INFO - DAG(s) 'dataset_alias_example_alias_producer', 'dataset_s3_bucket_consumer', 'dataset_s3_bucket_producer', 'dataset_alias_example_alias_consumer' retrieved from /home/airflow/.local/lib/python3.12/site-packages/airflow/example_dags/example_dataset_alias.py
[2025-04-17T12:19:00.963+0000] {logging_mixin.py:190} INFO - [2025-04-17T12:19:00.933+0000] {dag.py:3239} INFO - Sync 4 DAGs
[2025-04-17T12:19:01.242+0000] {logging_mixin.py:190} INFO - [2025-04-17T12:19:01.242+0000] {dag.py:4180} INFO - Setting next_dagrun for dataset_alias_example_alias_consumer to None, run_after=None
[2025-04-17T12:19:01.253+0000] {logging_mixin.py:190} INFO - [2025-04-17T12:19:01.252+0000] {dag.py:4180} INFO - Setting next_dagrun for dataset_alias_example_alias_producer to None, run_after=None
[2025-04-17T12:19:01.259+0000] {logging_mixin.py:190} INFO - [2025-04-17T12:19:01.259+0000] {dag.py:4180} INFO - Setting next_dagrun for dataset_s3_bucket_consumer to None, run_after=None
[2025-04-17T12:19:01.267+0000] {logging_mixin.py:190} INFO - [2025-04-17T12:19:01.266+0000] {dag.py:4180} INFO - Setting next_dagrun for dataset_s3_bucket_producer to None, run_after=None
[2025-04-17T12:19:01.421+0000] {processor.py:208} INFO - Processing /home/airflow/.local/lib/python3.12/site-packages/airflow/example_dags/example_dataset_alias.py took 9.312 seconds
[2025-04-17T12:24:19.293+0000] {processor.py:186} INFO - Started process (PID=2541) to work on /home/airflow/.local/lib/python3.12/site-packages/airflow/example_dags/example_dataset_alias.py
[2025-04-17T12:24:19.315+0000] {processor.py:914} INFO - Processing file /home/airflow/.local/lib/python3.12/site-packages/airflow/example_dags/example_dataset_alias.py for tasks to queue
[2025-04-17T12:24:19.325+0000] {logging_mixin.py:190} INFO - [2025-04-17T12:24:19.323+0000] {dagbag.py:588} INFO - Filling up the DagBag from /home/airflow/.local/lib/python3.12/site-packages/airflow/example_dags/example_dataset_alias.py
[2025-04-17T12:24:36.004+0000] {processor.py:925} INFO - DAG(s) 'dataset_s3_bucket_producer', 'dataset_alias_example_alias_producer', 'dataset_s3_bucket_consumer', 'dataset_alias_example_alias_consumer' retrieved from /home/airflow/.local/lib/python3.12/site-packages/airflow/example_dags/example_dataset_alias.py
[2025-04-17T12:24:36.148+0000] {logging_mixin.py:190} INFO - [2025-04-17T12:24:36.144+0000] {dag.py:3239} INFO - Sync 4 DAGs
[2025-04-17T12:24:36.315+0000] {logging_mixin.py:190} INFO - [2025-04-17T12:24:36.314+0000] {dag.py:4180} INFO - Setting next_dagrun for dataset_alias_example_alias_consumer to None, run_after=None
[2025-04-17T12:24:36.328+0000] {logging_mixin.py:190} INFO - [2025-04-17T12:24:36.327+0000] {dag.py:4180} INFO - Setting next_dagrun for dataset_alias_example_alias_producer to None, run_after=None
[2025-04-17T12:24:36.337+0000] {logging_mixin.py:190} INFO - [2025-04-17T12:24:36.336+0000] {dag.py:4180} INFO - Setting next_dagrun for dataset_s3_bucket_consumer to None, run_after=None
[2025-04-17T12:24:36.342+0000] {logging_mixin.py:190} INFO - [2025-04-17T12:24:36.342+0000] {dag.py:4180} INFO - Setting next_dagrun for dataset_s3_bucket_producer to None, run_after=None
[2025-04-17T12:24:36.453+0000] {processor.py:208} INFO - Processing /home/airflow/.local/lib/python3.12/site-packages/airflow/example_dags/example_dataset_alias.py took 17.439 seconds
[2025-04-17T12:25:09.166+0000] {processor.py:186} INFO - Started process (PID=3033) to work on /home/airflow/.local/lib/python3.12/site-packages/airflow/example_dags/example_dataset_alias.py
[2025-04-17T12:25:09.182+0000] {processor.py:914} INFO - Processing file /home/airflow/.local/lib/python3.12/site-packages/airflow/example_dags/example_dataset_alias.py for tasks to queue
[2025-04-17T12:25:09.280+0000] {logging_mixin.py:190} INFO - [2025-04-17T12:25:09.268+0000] {dagbag.py:588} INFO - Filling up the DagBag from /home/airflow/.local/lib/python3.12/site-packages/airflow/example_dags/example_dataset_alias.py
[2025-04-17T12:25:40.774+0000] {logging_mixin.py:190} INFO - [2025-04-17T12:25:40.768+0000] {timeout.py:68} ERROR - Process timed out, PID: 3033
[2025-04-17T12:25:40.776+0000] {logging_mixin.py:190} WARNING - Exception ignored in: <function WeakKeyDictionary.__init__.<locals>.remove at 0x7fb2020b5260>
[2025-04-17T12:25:40.777+0000] {logging_mixin.py:190} WARNING - Traceback (most recent call last):
[2025-04-17T12:25:40.777+0000] {logging_mixin.py:190} WARNING -   File "/usr/local/lib/python3.12/weakref.py", line 369, in remove
[2025-04-17T12:25:40.780+0000] {logging_mixin.py:190} WARNING -     def remove(k, selfref=ref(self)):
[2025-04-17T12:25:40.781+0000] {logging_mixin.py:190} WARNING -   File "/home/airflow/.local/lib/python3.12/site-packages/airflow/utils/timeout.py", line 69, in handle_timeout
[2025-04-17T12:25:40.783+0000] {logging_mixin.py:190} WARNING -     raise AirflowTaskTimeout(self.error_message)
[2025-04-17T12:25:40.784+0000] {logging_mixin.py:190} WARNING - airflow.exceptions.AirflowTaskTimeout: DagBag import timeout for /home/airflow/.local/lib/python3.12/site-packages/airflow/example_dags/example_dataset_alias.py after 30.0s.
Please take a look at these docs to improve your DAG import time:
* https://airflow.apache.org/docs/apache-airflow/2.10.5/best-practices.html#top-level-python-code
* https://airflow.apache.org/docs/apache-airflow/2.10.5/best-practices.html#reducing-dag-complexity, PID: 3033
[2025-04-17T12:25:41.371+0000] {processor.py:925} INFO - DAG(s) 'dataset_alias_example_alias_producer', 'dataset_s3_bucket_producer', 'dataset_s3_bucket_consumer', 'dataset_alias_example_alias_consumer' retrieved from /home/airflow/.local/lib/python3.12/site-packages/airflow/example_dags/example_dataset_alias.py
[2025-04-17T12:25:41.481+0000] {logging_mixin.py:190} INFO - [2025-04-17T12:25:41.479+0000] {dag.py:3239} INFO - Sync 4 DAGs
[2025-04-17T12:25:41.624+0000] {logging_mixin.py:190} INFO - [2025-04-17T12:25:41.623+0000] {dag.py:4180} INFO - Setting next_dagrun for dataset_alias_example_alias_consumer to None, run_after=None
[2025-04-17T12:25:41.638+0000] {logging_mixin.py:190} INFO - [2025-04-17T12:25:41.637+0000] {dag.py:4180} INFO - Setting next_dagrun for dataset_alias_example_alias_producer to None, run_after=None
[2025-04-17T12:25:41.644+0000] {logging_mixin.py:190} INFO - [2025-04-17T12:25:41.643+0000] {dag.py:4180} INFO - Setting next_dagrun for dataset_s3_bucket_consumer to None, run_after=None
[2025-04-17T12:25:41.650+0000] {logging_mixin.py:190} INFO - [2025-04-17T12:25:41.649+0000] {dag.py:4180} INFO - Setting next_dagrun for dataset_s3_bucket_producer to None, run_after=None
[2025-04-17T12:25:41.788+0000] {processor.py:208} INFO - Processing /home/airflow/.local/lib/python3.12/site-packages/airflow/example_dags/example_dataset_alias.py took 33.307 seconds
[2025-04-17T12:35:20.735+0000] {processor.py:186} INFO - Started process (PID=3921) to work on /home/airflow/.local/lib/python3.12/site-packages/airflow/example_dags/example_dataset_alias.py
[2025-04-17T12:35:20.763+0000] {processor.py:914} INFO - Processing file /home/airflow/.local/lib/python3.12/site-packages/airflow/example_dags/example_dataset_alias.py for tasks to queue
[2025-04-17T12:35:20.794+0000] {logging_mixin.py:190} INFO - [2025-04-17T12:35:20.786+0000] {dagbag.py:588} INFO - Filling up the DagBag from /home/airflow/.local/lib/python3.12/site-packages/airflow/example_dags/example_dataset_alias.py
[2025-04-17T12:35:30.862+0000] {processor.py:925} INFO - DAG(s) 'dataset_s3_bucket_producer', 'dataset_alias_example_alias_consumer', 'dataset_s3_bucket_consumer', 'dataset_alias_example_alias_producer' retrieved from /home/airflow/.local/lib/python3.12/site-packages/airflow/example_dags/example_dataset_alias.py
[2025-04-17T12:35:31.022+0000] {logging_mixin.py:190} INFO - [2025-04-17T12:35:31.017+0000] {dag.py:3239} INFO - Sync 4 DAGs
[2025-04-17T12:35:31.169+0000] {logging_mixin.py:190} INFO - [2025-04-17T12:35:31.168+0000] {dag.py:4180} INFO - Setting next_dagrun for dataset_alias_example_alias_consumer to None, run_after=None
[2025-04-17T12:35:31.187+0000] {logging_mixin.py:190} INFO - [2025-04-17T12:35:31.187+0000] {dag.py:4180} INFO - Setting next_dagrun for dataset_alias_example_alias_producer to None, run_after=None
[2025-04-17T12:35:31.196+0000] {logging_mixin.py:190} INFO - [2025-04-17T12:35:31.195+0000] {dag.py:4180} INFO - Setting next_dagrun for dataset_s3_bucket_consumer to None, run_after=None
[2025-04-17T12:35:31.209+0000] {logging_mixin.py:190} INFO - [2025-04-17T12:35:31.208+0000] {dag.py:4180} INFO - Setting next_dagrun for dataset_s3_bucket_producer to None, run_after=None
[2025-04-17T12:35:31.342+0000] {processor.py:208} INFO - Processing /home/airflow/.local/lib/python3.12/site-packages/airflow/example_dags/example_dataset_alias.py took 10.952 seconds
[2025-04-17T12:36:01.835+0000] {processor.py:186} INFO - Started process (PID=4281) to work on /home/airflow/.local/lib/python3.12/site-packages/airflow/example_dags/example_dataset_alias.py
[2025-04-17T12:36:01.848+0000] {processor.py:914} INFO - Processing file /home/airflow/.local/lib/python3.12/site-packages/airflow/example_dags/example_dataset_alias.py for tasks to queue
[2025-04-17T12:36:01.859+0000] {logging_mixin.py:190} INFO - [2025-04-17T12:36:01.855+0000] {dagbag.py:588} INFO - Filling up the DagBag from /home/airflow/.local/lib/python3.12/site-packages/airflow/example_dags/example_dataset_alias.py
[2025-04-17T12:36:13.316+0000] {processor.py:925} INFO - DAG(s) 'dataset_alias_example_alias_producer', 'dataset_s3_bucket_producer', 'dataset_alias_example_alias_consumer', 'dataset_s3_bucket_consumer' retrieved from /home/airflow/.local/lib/python3.12/site-packages/airflow/example_dags/example_dataset_alias.py
[2025-04-17T12:36:13.384+0000] {logging_mixin.py:190} INFO - [2025-04-17T12:36:13.382+0000] {dag.py:3239} INFO - Sync 4 DAGs
[2025-04-17T12:36:13.519+0000] {logging_mixin.py:190} INFO - [2025-04-17T12:36:13.518+0000] {dag.py:4180} INFO - Setting next_dagrun for dataset_alias_example_alias_consumer to None, run_after=None
[2025-04-17T12:36:13.526+0000] {logging_mixin.py:190} INFO - [2025-04-17T12:36:13.526+0000] {dag.py:4180} INFO - Setting next_dagrun for dataset_alias_example_alias_producer to None, run_after=None
[2025-04-17T12:36:13.530+0000] {logging_mixin.py:190} INFO - [2025-04-17T12:36:13.529+0000] {dag.py:4180} INFO - Setting next_dagrun for dataset_s3_bucket_consumer to None, run_after=None
[2025-04-17T12:36:13.534+0000] {logging_mixin.py:190} INFO - [2025-04-17T12:36:13.533+0000] {dag.py:4180} INFO - Setting next_dagrun for dataset_s3_bucket_producer to None, run_after=None
[2025-04-17T12:36:13.639+0000] {processor.py:208} INFO - Processing /home/airflow/.local/lib/python3.12/site-packages/airflow/example_dags/example_dataset_alias.py took 11.912 seconds
[2025-04-17T12:36:44.165+0000] {processor.py:186} INFO - Started process (PID=4597) to work on /home/airflow/.local/lib/python3.12/site-packages/airflow/example_dags/example_dataset_alias.py
[2025-04-17T12:36:44.176+0000] {processor.py:914} INFO - Processing file /home/airflow/.local/lib/python3.12/site-packages/airflow/example_dags/example_dataset_alias.py for tasks to queue
[2025-04-17T12:36:44.186+0000] {logging_mixin.py:190} INFO - [2025-04-17T12:36:44.183+0000] {dagbag.py:588} INFO - Filling up the DagBag from /home/airflow/.local/lib/python3.12/site-packages/airflow/example_dags/example_dataset_alias.py
[2025-04-17T12:36:47.245+0000] {processor.py:925} INFO - DAG(s) 'dataset_s3_bucket_producer', 'dataset_s3_bucket_consumer', 'dataset_alias_example_alias_consumer', 'dataset_alias_example_alias_producer' retrieved from /home/airflow/.local/lib/python3.12/site-packages/airflow/example_dags/example_dataset_alias.py
[2025-04-17T12:36:47.303+0000] {logging_mixin.py:190} INFO - [2025-04-17T12:36:47.302+0000] {dag.py:3239} INFO - Sync 4 DAGs
[2025-04-17T12:36:47.392+0000] {logging_mixin.py:190} INFO - [2025-04-17T12:36:47.391+0000] {dag.py:4180} INFO - Setting next_dagrun for dataset_alias_example_alias_consumer to None, run_after=None
[2025-04-17T12:36:47.401+0000] {logging_mixin.py:190} INFO - [2025-04-17T12:36:47.401+0000] {dag.py:4180} INFO - Setting next_dagrun for dataset_alias_example_alias_producer to None, run_after=None
[2025-04-17T12:36:47.407+0000] {logging_mixin.py:190} INFO - [2025-04-17T12:36:47.406+0000] {dag.py:4180} INFO - Setting next_dagrun for dataset_s3_bucket_consumer to None, run_after=None
[2025-04-17T12:36:47.412+0000] {logging_mixin.py:190} INFO - [2025-04-17T12:36:47.411+0000] {dag.py:4180} INFO - Setting next_dagrun for dataset_s3_bucket_producer to None, run_after=None
[2025-04-17T12:36:47.478+0000] {processor.py:208} INFO - Processing /home/airflow/.local/lib/python3.12/site-packages/airflow/example_dags/example_dataset_alias.py took 3.364 seconds
[2025-04-17T12:37:32.485+0000] {processor.py:186} INFO - Started process (PID=4910) to work on /home/airflow/.local/lib/python3.12/site-packages/airflow/example_dags/example_dataset_alias.py
[2025-04-17T12:37:32.487+0000] {processor.py:914} INFO - Processing file /home/airflow/.local/lib/python3.12/site-packages/airflow/example_dags/example_dataset_alias.py for tasks to queue
[2025-04-17T12:37:32.489+0000] {logging_mixin.py:190} INFO - [2025-04-17T12:37:32.489+0000] {dagbag.py:588} INFO - Filling up the DagBag from /home/airflow/.local/lib/python3.12/site-packages/airflow/example_dags/example_dataset_alias.py
[2025-04-17T12:37:35.266+0000] {processor.py:925} INFO - DAG(s) 'dataset_s3_bucket_consumer', 'dataset_s3_bucket_producer', 'dataset_alias_example_alias_producer', 'dataset_alias_example_alias_consumer' retrieved from /home/airflow/.local/lib/python3.12/site-packages/airflow/example_dags/example_dataset_alias.py
[2025-04-17T12:37:35.313+0000] {logging_mixin.py:190} INFO - [2025-04-17T12:37:35.312+0000] {dag.py:3239} INFO - Sync 4 DAGs
[2025-04-17T12:37:35.361+0000] {logging_mixin.py:190} INFO - [2025-04-17T12:37:35.361+0000] {dag.py:4180} INFO - Setting next_dagrun for dataset_alias_example_alias_consumer to None, run_after=None
[2025-04-17T12:37:35.367+0000] {logging_mixin.py:190} INFO - [2025-04-17T12:37:35.366+0000] {dag.py:4180} INFO - Setting next_dagrun for dataset_alias_example_alias_producer to None, run_after=None
[2025-04-17T12:37:35.370+0000] {logging_mixin.py:190} INFO - [2025-04-17T12:37:35.370+0000] {dag.py:4180} INFO - Setting next_dagrun for dataset_s3_bucket_consumer to None, run_after=None
[2025-04-17T12:37:35.373+0000] {logging_mixin.py:190} INFO - [2025-04-17T12:37:35.372+0000] {dag.py:4180} INFO - Setting next_dagrun for dataset_s3_bucket_producer to None, run_after=None
[2025-04-17T12:37:35.414+0000] {processor.py:208} INFO - Processing /home/airflow/.local/lib/python3.12/site-packages/airflow/example_dags/example_dataset_alias.py took 2.939 seconds
[2025-04-17T12:38:06.154+0000] {processor.py:186} INFO - Started process (PID=5217) to work on /home/airflow/.local/lib/python3.12/site-packages/airflow/example_dags/example_dataset_alias.py
[2025-04-17T12:38:06.160+0000] {processor.py:914} INFO - Processing file /home/airflow/.local/lib/python3.12/site-packages/airflow/example_dags/example_dataset_alias.py for tasks to queue
[2025-04-17T12:38:06.173+0000] {logging_mixin.py:190} INFO - [2025-04-17T12:38:06.167+0000] {dagbag.py:588} INFO - Filling up the DagBag from /home/airflow/.local/lib/python3.12/site-packages/airflow/example_dags/example_dataset_alias.py
[2025-04-17T12:38:09.013+0000] {processor.py:925} INFO - DAG(s) 'dataset_s3_bucket_producer', 'dataset_alias_example_alias_producer', 'dataset_s3_bucket_consumer', 'dataset_alias_example_alias_consumer' retrieved from /home/airflow/.local/lib/python3.12/site-packages/airflow/example_dags/example_dataset_alias.py
[2025-04-17T12:38:09.075+0000] {logging_mixin.py:190} INFO - [2025-04-17T12:38:09.073+0000] {dag.py:3239} INFO - Sync 4 DAGs
[2025-04-17T12:38:09.181+0000] {logging_mixin.py:190} INFO - [2025-04-17T12:38:09.181+0000] {dag.py:4180} INFO - Setting next_dagrun for dataset_alias_example_alias_consumer to None, run_after=None
[2025-04-17T12:38:09.188+0000] {logging_mixin.py:190} INFO - [2025-04-17T12:38:09.188+0000] {dag.py:4180} INFO - Setting next_dagrun for dataset_alias_example_alias_producer to None, run_after=None
[2025-04-17T12:38:09.192+0000] {logging_mixin.py:190} INFO - [2025-04-17T12:38:09.192+0000] {dag.py:4180} INFO - Setting next_dagrun for dataset_s3_bucket_consumer to None, run_after=None
[2025-04-17T12:38:09.196+0000] {logging_mixin.py:190} INFO - [2025-04-17T12:38:09.196+0000] {dag.py:4180} INFO - Setting next_dagrun for dataset_s3_bucket_producer to None, run_after=None
[2025-04-17T12:38:09.252+0000] {processor.py:208} INFO - Processing /home/airflow/.local/lib/python3.12/site-packages/airflow/example_dags/example_dataset_alias.py took 3.152 seconds
[2025-04-17T12:38:39.844+0000] {processor.py:186} INFO - Started process (PID=5536) to work on /home/airflow/.local/lib/python3.12/site-packages/airflow/example_dags/example_dataset_alias.py
[2025-04-17T12:38:39.846+0000] {processor.py:914} INFO - Processing file /home/airflow/.local/lib/python3.12/site-packages/airflow/example_dags/example_dataset_alias.py for tasks to queue
[2025-04-17T12:38:39.849+0000] {logging_mixin.py:190} INFO - [2025-04-17T12:38:39.848+0000] {dagbag.py:588} INFO - Filling up the DagBag from /home/airflow/.local/lib/python3.12/site-packages/airflow/example_dags/example_dataset_alias.py
[2025-04-17T12:38:41.217+0000] {processor.py:925} INFO - DAG(s) 'dataset_alias_example_alias_consumer', 'dataset_s3_bucket_producer', 'dataset_alias_example_alias_producer', 'dataset_s3_bucket_consumer' retrieved from /home/airflow/.local/lib/python3.12/site-packages/airflow/example_dags/example_dataset_alias.py
[2025-04-17T12:38:41.271+0000] {logging_mixin.py:190} INFO - [2025-04-17T12:38:41.270+0000] {dag.py:3239} INFO - Sync 4 DAGs
[2025-04-17T12:38:41.329+0000] {logging_mixin.py:190} INFO - [2025-04-17T12:38:41.328+0000] {dag.py:4180} INFO - Setting next_dagrun for dataset_alias_example_alias_consumer to None, run_after=None
[2025-04-17T12:38:41.337+0000] {logging_mixin.py:190} INFO - [2025-04-17T12:38:41.336+0000] {dag.py:4180} INFO - Setting next_dagrun for dataset_alias_example_alias_producer to None, run_after=None
[2025-04-17T12:38:41.342+0000] {logging_mixin.py:190} INFO - [2025-04-17T12:38:41.341+0000] {dag.py:4180} INFO - Setting next_dagrun for dataset_s3_bucket_consumer to None, run_after=None
[2025-04-17T12:38:41.346+0000] {logging_mixin.py:190} INFO - [2025-04-17T12:38:41.345+0000] {dag.py:4180} INFO - Setting next_dagrun for dataset_s3_bucket_producer to None, run_after=None
[2025-04-17T12:38:41.406+0000] {processor.py:208} INFO - Processing /home/airflow/.local/lib/python3.12/site-packages/airflow/example_dags/example_dataset_alias.py took 1.573 seconds
[2025-04-17T12:39:14.926+0000] {processor.py:186} INFO - Started process (PID=5861) to work on /home/airflow/.local/lib/python3.12/site-packages/airflow/example_dags/example_dataset_alias.py
[2025-04-17T12:39:14.966+0000] {processor.py:914} INFO - Processing file /home/airflow/.local/lib/python3.12/site-packages/airflow/example_dags/example_dataset_alias.py for tasks to queue
[2025-04-17T12:39:14.969+0000] {logging_mixin.py:190} INFO - [2025-04-17T12:39:14.968+0000] {dagbag.py:588} INFO - Filling up the DagBag from /home/airflow/.local/lib/python3.12/site-packages/airflow/example_dags/example_dataset_alias.py
[2025-04-17T12:39:16.164+0000] {processor.py:925} INFO - DAG(s) 'dataset_alias_example_alias_consumer', 'dataset_s3_bucket_consumer', 'dataset_alias_example_alias_producer', 'dataset_s3_bucket_producer' retrieved from /home/airflow/.local/lib/python3.12/site-packages/airflow/example_dags/example_dataset_alias.py
[2025-04-17T12:39:16.205+0000] {logging_mixin.py:190} INFO - [2025-04-17T12:39:16.204+0000] {dag.py:3239} INFO - Sync 4 DAGs
[2025-04-17T12:39:16.248+0000] {logging_mixin.py:190} INFO - [2025-04-17T12:39:16.248+0000] {dag.py:4180} INFO - Setting next_dagrun for dataset_alias_example_alias_consumer to None, run_after=None
[2025-04-17T12:39:16.253+0000] {logging_mixin.py:190} INFO - [2025-04-17T12:39:16.253+0000] {dag.py:4180} INFO - Setting next_dagrun for dataset_alias_example_alias_producer to None, run_after=None
[2025-04-17T12:39:16.256+0000] {logging_mixin.py:190} INFO - [2025-04-17T12:39:16.256+0000] {dag.py:4180} INFO - Setting next_dagrun for dataset_s3_bucket_consumer to None, run_after=None
[2025-04-17T12:39:16.259+0000] {logging_mixin.py:190} INFO - [2025-04-17T12:39:16.259+0000] {dag.py:4180} INFO - Setting next_dagrun for dataset_s3_bucket_producer to None, run_after=None
[2025-04-17T12:39:16.298+0000] {processor.py:208} INFO - Processing /home/airflow/.local/lib/python3.12/site-packages/airflow/example_dags/example_dataset_alias.py took 1.382 seconds
[2025-04-17T12:39:47.998+0000] {processor.py:186} INFO - Started process (PID=6192) to work on /home/airflow/.local/lib/python3.12/site-packages/airflow/example_dags/example_dataset_alias.py
[2025-04-17T12:39:48.000+0000] {processor.py:914} INFO - Processing file /home/airflow/.local/lib/python3.12/site-packages/airflow/example_dags/example_dataset_alias.py for tasks to queue
[2025-04-17T12:39:48.003+0000] {logging_mixin.py:190} INFO - [2025-04-17T12:39:48.002+0000] {dagbag.py:588} INFO - Filling up the DagBag from /home/airflow/.local/lib/python3.12/site-packages/airflow/example_dags/example_dataset_alias.py
[2025-04-17T12:39:49.564+0000] {processor.py:925} INFO - DAG(s) 'dataset_s3_bucket_producer', 'dataset_s3_bucket_consumer', 'dataset_alias_example_alias_producer', 'dataset_alias_example_alias_consumer' retrieved from /home/airflow/.local/lib/python3.12/site-packages/airflow/example_dags/example_dataset_alias.py
[2025-04-17T12:39:49.641+0000] {logging_mixin.py:190} INFO - [2025-04-17T12:39:49.640+0000] {dag.py:3239} INFO - Sync 4 DAGs
[2025-04-17T12:39:49.801+0000] {logging_mixin.py:190} INFO - [2025-04-17T12:39:49.801+0000] {dag.py:4180} INFO - Setting next_dagrun for dataset_alias_example_alias_consumer to None, run_after=None
[2025-04-17T12:39:49.867+0000] {logging_mixin.py:190} INFO - [2025-04-17T12:39:49.867+0000] {dag.py:4180} INFO - Setting next_dagrun for dataset_alias_example_alias_producer to None, run_after=None
[2025-04-17T12:39:49.935+0000] {logging_mixin.py:190} INFO - [2025-04-17T12:39:49.934+0000] {dag.py:4180} INFO - Setting next_dagrun for dataset_s3_bucket_consumer to None, run_after=None
[2025-04-17T12:39:50.060+0000] {logging_mixin.py:190} INFO - [2025-04-17T12:39:50.059+0000] {dag.py:4180} INFO - Setting next_dagrun for dataset_s3_bucket_producer to None, run_after=None
[2025-04-17T12:39:50.857+0000] {processor.py:208} INFO - Processing /home/airflow/.local/lib/python3.12/site-packages/airflow/example_dags/example_dataset_alias.py took 2.873 seconds
[2025-04-17T12:41:32.850+0000] {processor.py:186} INFO - Started process (PID=6588) to work on /home/airflow/.local/lib/python3.12/site-packages/airflow/example_dags/example_dataset_alias.py
[2025-04-17T12:41:33.116+0000] {processor.py:914} INFO - Processing file /home/airflow/.local/lib/python3.12/site-packages/airflow/example_dags/example_dataset_alias.py for tasks to queue
[2025-04-17T12:41:33.617+0000] {logging_mixin.py:190} INFO - [2025-04-17T12:41:33.546+0000] {dagbag.py:588} INFO - Filling up the DagBag from /home/airflow/.local/lib/python3.12/site-packages/airflow/example_dags/example_dataset_alias.py
[2025-04-17T12:41:54.728+0000] {logging_mixin.py:190} INFO - [2025-04-17T12:41:54.727+0000] {timeout.py:68} ERROR - Process timed out, PID: 6588
[2025-04-17T12:41:58.609+0000] {logging_mixin.py:190} INFO - [2025-04-17T12:41:55.954+0000] {dagbag.py:387} ERROR - Failed to import: /home/airflow/.local/lib/python3.12/site-packages/airflow/example_dags/example_dataset_alias.py
Traceback (most recent call last):
  File "/home/airflow/.local/lib/python3.12/site-packages/airflow/models/dagbag.py", line 383, in parse
    loader.exec_module(new_module)
  File "<frozen importlib._bootstrap_external>", line 999, in exec_module
  File "<frozen importlib._bootstrap>", line 488, in _call_with_frames_removed
  File "/home/airflow/.local/lib/python3.12/site-packages/airflow/example_dags/example_dataset_alias.py", line 52, in <module>
    @task(outlets=[Dataset("s3://bucket/my-task")])
                   ^^^^^^^^^^^^^^^^^^^^^^^^^^^^^^
  File "<attrs generated init airflow.datasets.Dataset>", line 3, in __init__
    _setattr('uri', __attr_converter_uri(uri))
                    ^^^^^^^^^^^^^^^^^^^^^^^^^
  File "/home/airflow/.local/lib/python3.12/site-packages/airflow/datasets/__init__.py", line 108, in _sanitize_uri
    if (normalizer := _get_uri_normalizer(normalized_scheme)) is not None:
                      ^^^^^^^^^^^^^^^^^^^^^^^^^^^^^^^^^^^^^^
  File "/home/airflow/.local/lib/python3.12/site-packages/airflow/datasets/__init__.py", line 58, in _get_uri_normalizer
    return ProvidersManager().dataset_uri_handlers.get(scheme)
           ^^^^^^^^^^^^^^^^^^^^^^^^^^^^^^^^^^^^^^^
  File "/home/airflow/.local/lib/python3.12/site-packages/airflow/providers_manager.py", line 1333, in dataset_uri_handlers
    self.initialize_providers_dataset_uri_resources()
  File "/home/airflow/.local/lib/python3.12/site-packages/airflow/providers_manager.py", line 384, in wrapped_function
    func(*args, **kwargs)
  File "/home/airflow/.local/lib/python3.12/site-packages/airflow/providers_manager.py", line 532, in initialize_providers_dataset_uri_resources
    self._discover_dataset_uri_resources()
  File "/home/airflow/.local/lib/python3.12/site-packages/airflow/providers_manager.py", line 914, in _discover_dataset_uri_resources
    _safe_register_resource(
  File "/home/airflow/.local/lib/python3.12/site-packages/airflow/providers_manager.py", line 902, in _safe_register_resource
    _correctness_check(provider_package_name, resource_path, provider)
  File "/home/airflow/.local/lib/python3.12/site-packages/airflow/providers_manager.py", line 327, in _correctness_check
    imported_class = import_string(class_name)
                     ^^^^^^^^^^^^^^^^^^^^^^^^^
  File "/home/airflow/.local/lib/python3.12/site-packages/airflow/utils/module_loading.py", line 39, in import_string
    module = import_module(module_path)
             ^^^^^^^^^^^^^^^^^^^^^^^^^^
  File "/usr/local/lib/python3.12/importlib/__init__.py", line 90, in import_module
    return _bootstrap._gcd_import(name[level:], package, level)
           ^^^^^^^^^^^^^^^^^^^^^^^^^^^^^^^^^^^^^^^^^^^^^^^^^^^^
  File "<frozen importlib._bootstrap>", line 1387, in _gcd_import
  File "<frozen importlib._bootstrap>", line 1360, in _find_and_load
  File "<frozen importlib._bootstrap>", line 1331, in _find_and_load_unlocked
  File "<frozen importlib._bootstrap>", line 935, in _load_unlocked
  File "<frozen importlib._bootstrap_external>", line 999, in exec_module
  File "<frozen importlib._bootstrap>", line 488, in _call_with_frames_removed
  File "/home/airflow/.local/lib/python3.12/site-packages/airflow/providers/amazon/aws/assets/s3.py", line 21, in <module>
    from airflow.providers.amazon.aws.hooks.s3 import S3Hook
  File "<frozen importlib._bootstrap>", line 1360, in _find_and_load
  File "<frozen importlib._bootstrap>", line 1331, in _find_and_load_unlocked
  File "<frozen importlib._bootstrap>", line 935, in _load_unlocked
  File "<frozen importlib._bootstrap_external>", line 995, in exec_module
  File "<frozen importlib._bootstrap_external>", line 1128, in get_code
  File "<frozen importlib._bootstrap_external>", line 757, in _compile_bytecode
  File "/home/airflow/.local/lib/python3.12/site-packages/airflow/utils/timeout.py", line 69, in handle_timeout
    raise AirflowTaskTimeout(self.error_message)
airflow.exceptions.AirflowTaskTimeout: DagBag import timeout for /home/airflow/.local/lib/python3.12/site-packages/airflow/example_dags/example_dataset_alias.py after 30.0s.
Please take a look at these docs to improve your DAG import time:
* https://airflow.apache.org/docs/apache-airflow/2.10.5/best-practices.html#top-level-python-code
* https://airflow.apache.org/docs/apache-airflow/2.10.5/best-practices.html#reducing-dag-complexity, PID: 6588
[2025-04-17T12:41:58.615+0000] {processor.py:927} WARNING - No viable dags retrieved from /home/airflow/.local/lib/python3.12/site-packages/airflow/example_dags/example_dataset_alias.py
[2025-04-17T12:41:59.659+0000] {processor.py:208} INFO - Processing /home/airflow/.local/lib/python3.12/site-packages/airflow/example_dags/example_dataset_alias.py took 42.345 seconds
[2025-04-17T12:42:36.860+0000] {processor.py:186} INFO - Started process (PID=6765) to work on /home/airflow/.local/lib/python3.12/site-packages/airflow/example_dags/example_dataset_alias.py
[2025-04-17T12:42:36.869+0000] {processor.py:914} INFO - Processing file /home/airflow/.local/lib/python3.12/site-packages/airflow/example_dags/example_dataset_alias.py for tasks to queue
[2025-04-17T12:42:36.874+0000] {logging_mixin.py:190} INFO - [2025-04-17T12:42:36.873+0000] {dagbag.py:588} INFO - Filling up the DagBag from /home/airflow/.local/lib/python3.12/site-packages/airflow/example_dags/example_dataset_alias.py
[2025-04-17T12:42:38.545+0000] {processor.py:925} INFO - DAG(s) 'dataset_s3_bucket_producer', 'dataset_s3_bucket_consumer', 'dataset_alias_example_alias_consumer', 'dataset_alias_example_alias_producer' retrieved from /home/airflow/.local/lib/python3.12/site-packages/airflow/example_dags/example_dataset_alias.py
[2025-04-17T12:42:38.988+0000] {logging_mixin.py:190} INFO - [2025-04-17T12:42:38.988+0000] {dag.py:3239} INFO - Sync 4 DAGs
[2025-04-17T12:42:39.059+0000] {logging_mixin.py:190} INFO - [2025-04-17T12:42:39.058+0000] {dag.py:4180} INFO - Setting next_dagrun for dataset_alias_example_alias_consumer to None, run_after=None
[2025-04-17T12:42:39.068+0000] {logging_mixin.py:190} INFO - [2025-04-17T12:42:39.067+0000] {dag.py:4180} INFO - Setting next_dagrun for dataset_alias_example_alias_producer to None, run_after=None
[2025-04-17T12:42:39.072+0000] {logging_mixin.py:190} INFO - [2025-04-17T12:42:39.072+0000] {dag.py:4180} INFO - Setting next_dagrun for dataset_s3_bucket_consumer to None, run_after=None
[2025-04-17T12:42:39.077+0000] {logging_mixin.py:190} INFO - [2025-04-17T12:42:39.077+0000] {dag.py:4180} INFO - Setting next_dagrun for dataset_s3_bucket_producer to None, run_after=None
[2025-04-17T12:42:39.150+0000] {processor.py:208} INFO - Processing /home/airflow/.local/lib/python3.12/site-packages/airflow/example_dags/example_dataset_alias.py took 2.311 seconds
[2025-04-17T12:43:09.346+0000] {processor.py:186} INFO - Started process (PID=7186) to work on /home/airflow/.local/lib/python3.12/site-packages/airflow/example_dags/example_dataset_alias.py
[2025-04-17T12:43:09.349+0000] {processor.py:914} INFO - Processing file /home/airflow/.local/lib/python3.12/site-packages/airflow/example_dags/example_dataset_alias.py for tasks to queue
[2025-04-17T12:43:09.353+0000] {logging_mixin.py:190} INFO - [2025-04-17T12:43:09.352+0000] {dagbag.py:588} INFO - Filling up the DagBag from /home/airflow/.local/lib/python3.12/site-packages/airflow/example_dags/example_dataset_alias.py
[2025-04-17T12:43:10.851+0000] {processor.py:925} INFO - DAG(s) 'dataset_alias_example_alias_producer', 'dataset_s3_bucket_producer', 'dataset_s3_bucket_consumer', 'dataset_alias_example_alias_consumer' retrieved from /home/airflow/.local/lib/python3.12/site-packages/airflow/example_dags/example_dataset_alias.py
[2025-04-17T12:43:10.914+0000] {logging_mixin.py:190} INFO - [2025-04-17T12:43:10.913+0000] {dag.py:3239} INFO - Sync 4 DAGs
[2025-04-17T12:43:10.976+0000] {logging_mixin.py:190} INFO - [2025-04-17T12:43:10.975+0000] {dag.py:4180} INFO - Setting next_dagrun for dataset_alias_example_alias_consumer to None, run_after=None
[2025-04-17T12:43:10.984+0000] {logging_mixin.py:190} INFO - [2025-04-17T12:43:10.983+0000] {dag.py:4180} INFO - Setting next_dagrun for dataset_alias_example_alias_producer to None, run_after=None
[2025-04-17T12:43:10.989+0000] {logging_mixin.py:190} INFO - [2025-04-17T12:43:10.988+0000] {dag.py:4180} INFO - Setting next_dagrun for dataset_s3_bucket_consumer to None, run_after=None
[2025-04-17T12:43:10.993+0000] {logging_mixin.py:190} INFO - [2025-04-17T12:43:10.993+0000] {dag.py:4180} INFO - Setting next_dagrun for dataset_s3_bucket_producer to None, run_after=None
[2025-04-17T12:43:11.056+0000] {processor.py:208} INFO - Processing /home/airflow/.local/lib/python3.12/site-packages/airflow/example_dags/example_dataset_alias.py took 1.723 seconds
[2025-04-17T12:43:42.394+0000] {processor.py:186} INFO - Started process (PID=7494) to work on /home/airflow/.local/lib/python3.12/site-packages/airflow/example_dags/example_dataset_alias.py
[2025-04-17T12:43:42.401+0000] {processor.py:914} INFO - Processing file /home/airflow/.local/lib/python3.12/site-packages/airflow/example_dags/example_dataset_alias.py for tasks to queue
[2025-04-17T12:43:42.405+0000] {logging_mixin.py:190} INFO - [2025-04-17T12:43:42.404+0000] {dagbag.py:588} INFO - Filling up the DagBag from /home/airflow/.local/lib/python3.12/site-packages/airflow/example_dags/example_dataset_alias.py
[2025-04-17T12:43:43.633+0000] {processor.py:925} INFO - DAG(s) 'dataset_s3_bucket_consumer', 'dataset_alias_example_alias_consumer', 'dataset_alias_example_alias_producer', 'dataset_s3_bucket_producer' retrieved from /home/airflow/.local/lib/python3.12/site-packages/airflow/example_dags/example_dataset_alias.py
[2025-04-17T12:43:43.683+0000] {logging_mixin.py:190} INFO - [2025-04-17T12:43:43.681+0000] {dag.py:3239} INFO - Sync 4 DAGs
[2025-04-17T12:43:43.728+0000] {logging_mixin.py:190} INFO - [2025-04-17T12:43:43.727+0000] {dag.py:4180} INFO - Setting next_dagrun for dataset_alias_example_alias_consumer to None, run_after=None
[2025-04-17T12:43:43.734+0000] {logging_mixin.py:190} INFO - [2025-04-17T12:43:43.734+0000] {dag.py:4180} INFO - Setting next_dagrun for dataset_alias_example_alias_producer to None, run_after=None
[2025-04-17T12:43:43.738+0000] {logging_mixin.py:190} INFO - [2025-04-17T12:43:43.737+0000] {dag.py:4180} INFO - Setting next_dagrun for dataset_s3_bucket_consumer to None, run_after=None
[2025-04-17T12:43:43.741+0000] {logging_mixin.py:190} INFO - [2025-04-17T12:43:43.740+0000] {dag.py:4180} INFO - Setting next_dagrun for dataset_s3_bucket_producer to None, run_after=None
[2025-04-17T12:43:43.794+0000] {processor.py:208} INFO - Processing /home/airflow/.local/lib/python3.12/site-packages/airflow/example_dags/example_dataset_alias.py took 1.424 seconds
[2025-04-17T12:44:16.004+0000] {processor.py:186} INFO - Started process (PID=7865) to work on /home/airflow/.local/lib/python3.12/site-packages/airflow/example_dags/example_dataset_alias.py
[2025-04-17T12:44:16.045+0000] {processor.py:914} INFO - Processing file /home/airflow/.local/lib/python3.12/site-packages/airflow/example_dags/example_dataset_alias.py for tasks to queue
[2025-04-17T12:44:16.063+0000] {logging_mixin.py:190} INFO - [2025-04-17T12:44:16.062+0000] {dagbag.py:588} INFO - Filling up the DagBag from /home/airflow/.local/lib/python3.12/site-packages/airflow/example_dags/example_dataset_alias.py
[2025-04-17T12:44:18.729+0000] {processor.py:925} INFO - DAG(s) 'dataset_alias_example_alias_producer', 'dataset_s3_bucket_producer', 'dataset_alias_example_alias_consumer', 'dataset_s3_bucket_consumer' retrieved from /home/airflow/.local/lib/python3.12/site-packages/airflow/example_dags/example_dataset_alias.py
[2025-04-17T12:44:18.841+0000] {logging_mixin.py:190} INFO - [2025-04-17T12:44:18.840+0000] {dag.py:3239} INFO - Sync 4 DAGs
[2025-04-17T12:44:18.940+0000] {logging_mixin.py:190} INFO - [2025-04-17T12:44:18.939+0000] {dag.py:4180} INFO - Setting next_dagrun for dataset_alias_example_alias_consumer to None, run_after=None
[2025-04-17T12:44:18.950+0000] {logging_mixin.py:190} INFO - [2025-04-17T12:44:18.949+0000] {dag.py:4180} INFO - Setting next_dagrun for dataset_alias_example_alias_producer to None, run_after=None
[2025-04-17T12:44:18.955+0000] {logging_mixin.py:190} INFO - [2025-04-17T12:44:18.954+0000] {dag.py:4180} INFO - Setting next_dagrun for dataset_s3_bucket_consumer to None, run_after=None
[2025-04-17T12:44:18.963+0000] {logging_mixin.py:190} INFO - [2025-04-17T12:44:18.962+0000] {dag.py:4180} INFO - Setting next_dagrun for dataset_s3_bucket_producer to None, run_after=None
[2025-04-17T12:44:19.030+0000] {processor.py:208} INFO - Processing /home/airflow/.local/lib/python3.12/site-packages/airflow/example_dags/example_dataset_alias.py took 3.065 seconds
[2025-04-17T12:44:49.173+0000] {processor.py:186} INFO - Started process (PID=8308) to work on /home/airflow/.local/lib/python3.12/site-packages/airflow/example_dags/example_dataset_alias.py
[2025-04-17T12:44:49.175+0000] {processor.py:914} INFO - Processing file /home/airflow/.local/lib/python3.12/site-packages/airflow/example_dags/example_dataset_alias.py for tasks to queue
[2025-04-17T12:44:49.178+0000] {logging_mixin.py:190} INFO - [2025-04-17T12:44:49.177+0000] {dagbag.py:588} INFO - Filling up the DagBag from /home/airflow/.local/lib/python3.12/site-packages/airflow/example_dags/example_dataset_alias.py
[2025-04-17T12:44:50.548+0000] {processor.py:925} INFO - DAG(s) 'dataset_s3_bucket_producer', 'dataset_alias_example_alias_consumer', 'dataset_s3_bucket_consumer', 'dataset_alias_example_alias_producer' retrieved from /home/airflow/.local/lib/python3.12/site-packages/airflow/example_dags/example_dataset_alias.py
[2025-04-17T12:44:50.597+0000] {logging_mixin.py:190} INFO - [2025-04-17T12:44:50.596+0000] {dag.py:3239} INFO - Sync 4 DAGs
[2025-04-17T12:44:50.645+0000] {logging_mixin.py:190} INFO - [2025-04-17T12:44:50.644+0000] {dag.py:4180} INFO - Setting next_dagrun for dataset_alias_example_alias_consumer to None, run_after=None
[2025-04-17T12:44:50.650+0000] {logging_mixin.py:190} INFO - [2025-04-17T12:44:50.650+0000] {dag.py:4180} INFO - Setting next_dagrun for dataset_alias_example_alias_producer to None, run_after=None
[2025-04-17T12:44:50.654+0000] {logging_mixin.py:190} INFO - [2025-04-17T12:44:50.653+0000] {dag.py:4180} INFO - Setting next_dagrun for dataset_s3_bucket_consumer to None, run_after=None
[2025-04-17T12:44:50.656+0000] {logging_mixin.py:190} INFO - [2025-04-17T12:44:50.656+0000] {dag.py:4180} INFO - Setting next_dagrun for dataset_s3_bucket_producer to None, run_after=None
[2025-04-17T12:44:50.728+0000] {processor.py:208} INFO - Processing /home/airflow/.local/lib/python3.12/site-packages/airflow/example_dags/example_dataset_alias.py took 1.566 seconds
[2025-04-17T12:45:21.795+0000] {processor.py:186} INFO - Started process (PID=8617) to work on /home/airflow/.local/lib/python3.12/site-packages/airflow/example_dags/example_dataset_alias.py
[2025-04-17T12:45:21.797+0000] {processor.py:914} INFO - Processing file /home/airflow/.local/lib/python3.12/site-packages/airflow/example_dags/example_dataset_alias.py for tasks to queue
[2025-04-17T12:45:21.801+0000] {logging_mixin.py:190} INFO - [2025-04-17T12:45:21.800+0000] {dagbag.py:588} INFO - Filling up the DagBag from /home/airflow/.local/lib/python3.12/site-packages/airflow/example_dags/example_dataset_alias.py
[2025-04-17T12:45:23.180+0000] {processor.py:925} INFO - DAG(s) 'dataset_s3_bucket_consumer', 'dataset_alias_example_alias_consumer', 'dataset_s3_bucket_producer', 'dataset_alias_example_alias_producer' retrieved from /home/airflow/.local/lib/python3.12/site-packages/airflow/example_dags/example_dataset_alias.py
[2025-04-17T12:45:23.244+0000] {logging_mixin.py:190} INFO - [2025-04-17T12:45:23.243+0000] {dag.py:3239} INFO - Sync 4 DAGs
[2025-04-17T12:45:23.309+0000] {logging_mixin.py:190} INFO - [2025-04-17T12:45:23.309+0000] {dag.py:4180} INFO - Setting next_dagrun for dataset_alias_example_alias_consumer to None, run_after=None
[2025-04-17T12:45:23.318+0000] {logging_mixin.py:190} INFO - [2025-04-17T12:45:23.317+0000] {dag.py:4180} INFO - Setting next_dagrun for dataset_alias_example_alias_producer to None, run_after=None
[2025-04-17T12:45:23.322+0000] {logging_mixin.py:190} INFO - [2025-04-17T12:45:23.321+0000] {dag.py:4180} INFO - Setting next_dagrun for dataset_s3_bucket_consumer to None, run_after=None
[2025-04-17T12:45:23.326+0000] {logging_mixin.py:190} INFO - [2025-04-17T12:45:23.326+0000] {dag.py:4180} INFO - Setting next_dagrun for dataset_s3_bucket_producer to None, run_after=None
[2025-04-17T12:45:23.430+0000] {processor.py:208} INFO - Processing /home/airflow/.local/lib/python3.12/site-packages/airflow/example_dags/example_dataset_alias.py took 1.650 seconds
[2025-04-17T12:45:53.619+0000] {processor.py:186} INFO - Started process (PID=8924) to work on /home/airflow/.local/lib/python3.12/site-packages/airflow/example_dags/example_dataset_alias.py
[2025-04-17T12:45:53.621+0000] {processor.py:914} INFO - Processing file /home/airflow/.local/lib/python3.12/site-packages/airflow/example_dags/example_dataset_alias.py for tasks to queue
[2025-04-17T12:45:53.623+0000] {logging_mixin.py:190} INFO - [2025-04-17T12:45:53.623+0000] {dagbag.py:588} INFO - Filling up the DagBag from /home/airflow/.local/lib/python3.12/site-packages/airflow/example_dags/example_dataset_alias.py
[2025-04-17T12:45:54.872+0000] {processor.py:925} INFO - DAG(s) 'dataset_s3_bucket_producer', 'dataset_alias_example_alias_consumer', 'dataset_s3_bucket_consumer', 'dataset_alias_example_alias_producer' retrieved from /home/airflow/.local/lib/python3.12/site-packages/airflow/example_dags/example_dataset_alias.py
[2025-04-17T12:45:54.916+0000] {logging_mixin.py:190} INFO - [2025-04-17T12:45:54.914+0000] {dag.py:3239} INFO - Sync 4 DAGs
[2025-04-17T12:45:54.968+0000] {logging_mixin.py:190} INFO - [2025-04-17T12:45:54.967+0000] {dag.py:4180} INFO - Setting next_dagrun for dataset_alias_example_alias_consumer to None, run_after=None
[2025-04-17T12:45:54.976+0000] {logging_mixin.py:190} INFO - [2025-04-17T12:45:54.975+0000] {dag.py:4180} INFO - Setting next_dagrun for dataset_alias_example_alias_producer to None, run_after=None
[2025-04-17T12:45:54.979+0000] {logging_mixin.py:190} INFO - [2025-04-17T12:45:54.979+0000] {dag.py:4180} INFO - Setting next_dagrun for dataset_s3_bucket_consumer to None, run_after=None
[2025-04-17T12:45:54.982+0000] {logging_mixin.py:190} INFO - [2025-04-17T12:45:54.981+0000] {dag.py:4180} INFO - Setting next_dagrun for dataset_s3_bucket_producer to None, run_after=None
[2025-04-17T12:45:55.029+0000] {processor.py:208} INFO - Processing /home/airflow/.local/lib/python3.12/site-packages/airflow/example_dags/example_dataset_alias.py took 1.420 seconds
[2025-04-17T12:46:25.545+0000] {processor.py:186} INFO - Started process (PID=9231) to work on /home/airflow/.local/lib/python3.12/site-packages/airflow/example_dags/example_dataset_alias.py
[2025-04-17T12:46:25.547+0000] {processor.py:914} INFO - Processing file /home/airflow/.local/lib/python3.12/site-packages/airflow/example_dags/example_dataset_alias.py for tasks to queue
[2025-04-17T12:46:25.549+0000] {logging_mixin.py:190} INFO - [2025-04-17T12:46:25.548+0000] {dagbag.py:588} INFO - Filling up the DagBag from /home/airflow/.local/lib/python3.12/site-packages/airflow/example_dags/example_dataset_alias.py
[2025-04-17T12:46:26.801+0000] {processor.py:925} INFO - DAG(s) 'dataset_alias_example_alias_consumer', 'dataset_s3_bucket_consumer', 'dataset_s3_bucket_producer', 'dataset_alias_example_alias_producer' retrieved from /home/airflow/.local/lib/python3.12/site-packages/airflow/example_dags/example_dataset_alias.py
[2025-04-17T12:46:26.852+0000] {logging_mixin.py:190} INFO - [2025-04-17T12:46:26.850+0000] {dag.py:3239} INFO - Sync 4 DAGs
[2025-04-17T12:46:26.899+0000] {logging_mixin.py:190} INFO - [2025-04-17T12:46:26.898+0000] {dag.py:4180} INFO - Setting next_dagrun for dataset_alias_example_alias_consumer to None, run_after=None
[2025-04-17T12:46:26.904+0000] {logging_mixin.py:190} INFO - [2025-04-17T12:46:26.903+0000] {dag.py:4180} INFO - Setting next_dagrun for dataset_alias_example_alias_producer to None, run_after=None
[2025-04-17T12:46:26.909+0000] {logging_mixin.py:190} INFO - [2025-04-17T12:46:26.909+0000] {dag.py:4180} INFO - Setting next_dagrun for dataset_s3_bucket_consumer to None, run_after=None
[2025-04-17T12:46:26.913+0000] {logging_mixin.py:190} INFO - [2025-04-17T12:46:26.913+0000] {dag.py:4180} INFO - Setting next_dagrun for dataset_s3_bucket_producer to None, run_after=None
[2025-04-17T12:46:26.951+0000] {processor.py:208} INFO - Processing /home/airflow/.local/lib/python3.12/site-packages/airflow/example_dags/example_dataset_alias.py took 1.415 seconds
[2025-04-17T12:46:57.882+0000] {processor.py:186} INFO - Started process (PID=9538) to work on /home/airflow/.local/lib/python3.12/site-packages/airflow/example_dags/example_dataset_alias.py
[2025-04-17T12:46:57.885+0000] {processor.py:914} INFO - Processing file /home/airflow/.local/lib/python3.12/site-packages/airflow/example_dags/example_dataset_alias.py for tasks to queue
[2025-04-17T12:46:57.888+0000] {logging_mixin.py:190} INFO - [2025-04-17T12:46:57.887+0000] {dagbag.py:588} INFO - Filling up the DagBag from /home/airflow/.local/lib/python3.12/site-packages/airflow/example_dags/example_dataset_alias.py
[2025-04-17T12:46:59.197+0000] {processor.py:925} INFO - DAG(s) 'dataset_alias_example_alias_producer', 'dataset_s3_bucket_producer', 'dataset_s3_bucket_consumer', 'dataset_alias_example_alias_consumer' retrieved from /home/airflow/.local/lib/python3.12/site-packages/airflow/example_dags/example_dataset_alias.py
[2025-04-17T12:46:59.249+0000] {logging_mixin.py:190} INFO - [2025-04-17T12:46:59.248+0000] {dag.py:3239} INFO - Sync 4 DAGs
[2025-04-17T12:46:59.297+0000] {logging_mixin.py:190} INFO - [2025-04-17T12:46:59.297+0000] {dag.py:4180} INFO - Setting next_dagrun for dataset_alias_example_alias_consumer to None, run_after=None
[2025-04-17T12:46:59.303+0000] {logging_mixin.py:190} INFO - [2025-04-17T12:46:59.303+0000] {dag.py:4180} INFO - Setting next_dagrun for dataset_alias_example_alias_producer to None, run_after=None
[2025-04-17T12:46:59.306+0000] {logging_mixin.py:190} INFO - [2025-04-17T12:46:59.306+0000] {dag.py:4180} INFO - Setting next_dagrun for dataset_s3_bucket_consumer to None, run_after=None
[2025-04-17T12:46:59.311+0000] {logging_mixin.py:190} INFO - [2025-04-17T12:46:59.310+0000] {dag.py:4180} INFO - Setting next_dagrun for dataset_s3_bucket_producer to None, run_after=None
[2025-04-17T12:46:59.360+0000] {processor.py:208} INFO - Processing /home/airflow/.local/lib/python3.12/site-packages/airflow/example_dags/example_dataset_alias.py took 1.489 seconds
[2025-04-17T12:47:30.021+0000] {processor.py:186} INFO - Started process (PID=9845) to work on /home/airflow/.local/lib/python3.12/site-packages/airflow/example_dags/example_dataset_alias.py
[2025-04-17T12:47:30.023+0000] {processor.py:914} INFO - Processing file /home/airflow/.local/lib/python3.12/site-packages/airflow/example_dags/example_dataset_alias.py for tasks to queue
[2025-04-17T12:47:30.026+0000] {logging_mixin.py:190} INFO - [2025-04-17T12:47:30.026+0000] {dagbag.py:588} INFO - Filling up the DagBag from /home/airflow/.local/lib/python3.12/site-packages/airflow/example_dags/example_dataset_alias.py
[2025-04-17T12:47:31.210+0000] {processor.py:925} INFO - DAG(s) 'dataset_s3_bucket_consumer', 'dataset_s3_bucket_producer', 'dataset_alias_example_alias_producer', 'dataset_alias_example_alias_consumer' retrieved from /home/airflow/.local/lib/python3.12/site-packages/airflow/example_dags/example_dataset_alias.py
[2025-04-17T12:47:31.251+0000] {logging_mixin.py:190} INFO - [2025-04-17T12:47:31.250+0000] {dag.py:3239} INFO - Sync 4 DAGs
[2025-04-17T12:47:31.360+0000] {logging_mixin.py:190} INFO - [2025-04-17T12:47:31.360+0000] {dag.py:4180} INFO - Setting next_dagrun for dataset_alias_example_alias_consumer to None, run_after=None
[2025-04-17T12:47:31.366+0000] {logging_mixin.py:190} INFO - [2025-04-17T12:47:31.365+0000] {dag.py:4180} INFO - Setting next_dagrun for dataset_alias_example_alias_producer to None, run_after=None
[2025-04-17T12:47:31.369+0000] {logging_mixin.py:190} INFO - [2025-04-17T12:47:31.368+0000] {dag.py:4180} INFO - Setting next_dagrun for dataset_s3_bucket_consumer to None, run_after=None
[2025-04-17T12:47:31.371+0000] {logging_mixin.py:190} INFO - [2025-04-17T12:47:31.371+0000] {dag.py:4180} INFO - Setting next_dagrun for dataset_s3_bucket_producer to None, run_after=None
[2025-04-17T12:47:31.436+0000] {processor.py:208} INFO - Processing /home/airflow/.local/lib/python3.12/site-packages/airflow/example_dags/example_dataset_alias.py took 1.428 seconds
[2025-04-17T12:48:02.472+0000] {processor.py:186} INFO - Started process (PID=10157) to work on /home/airflow/.local/lib/python3.12/site-packages/airflow/example_dags/example_dataset_alias.py
[2025-04-17T12:48:02.474+0000] {processor.py:914} INFO - Processing file /home/airflow/.local/lib/python3.12/site-packages/airflow/example_dags/example_dataset_alias.py for tasks to queue
[2025-04-17T12:48:02.477+0000] {logging_mixin.py:190} INFO - [2025-04-17T12:48:02.476+0000] {dagbag.py:588} INFO - Filling up the DagBag from /home/airflow/.local/lib/python3.12/site-packages/airflow/example_dags/example_dataset_alias.py
[2025-04-17T12:48:03.677+0000] {processor.py:925} INFO - DAG(s) 'dataset_s3_bucket_consumer', 'dataset_alias_example_alias_producer', 'dataset_s3_bucket_producer', 'dataset_alias_example_alias_consumer' retrieved from /home/airflow/.local/lib/python3.12/site-packages/airflow/example_dags/example_dataset_alias.py
[2025-04-17T12:48:03.723+0000] {logging_mixin.py:190} INFO - [2025-04-17T12:48:03.722+0000] {dag.py:3239} INFO - Sync 4 DAGs
[2025-04-17T12:48:03.765+0000] {logging_mixin.py:190} INFO - [2025-04-17T12:48:03.765+0000] {dag.py:4180} INFO - Setting next_dagrun for dataset_alias_example_alias_consumer to None, run_after=None
[2025-04-17T12:48:03.771+0000] {logging_mixin.py:190} INFO - [2025-04-17T12:48:03.770+0000] {dag.py:4180} INFO - Setting next_dagrun for dataset_alias_example_alias_producer to None, run_after=None
[2025-04-17T12:48:03.774+0000] {logging_mixin.py:190} INFO - [2025-04-17T12:48:03.773+0000] {dag.py:4180} INFO - Setting next_dagrun for dataset_s3_bucket_consumer to None, run_after=None
[2025-04-17T12:48:03.777+0000] {logging_mixin.py:190} INFO - [2025-04-17T12:48:03.776+0000] {dag.py:4180} INFO - Setting next_dagrun for dataset_s3_bucket_producer to None, run_after=None
[2025-04-17T12:48:03.817+0000] {processor.py:208} INFO - Processing /home/airflow/.local/lib/python3.12/site-packages/airflow/example_dags/example_dataset_alias.py took 1.360 seconds
[2025-04-17T12:48:34.898+0000] {processor.py:186} INFO - Started process (PID=10464) to work on /home/airflow/.local/lib/python3.12/site-packages/airflow/example_dags/example_dataset_alias.py
[2025-04-17T12:48:34.901+0000] {processor.py:914} INFO - Processing file /home/airflow/.local/lib/python3.12/site-packages/airflow/example_dags/example_dataset_alias.py for tasks to queue
[2025-04-17T12:48:34.908+0000] {logging_mixin.py:190} INFO - [2025-04-17T12:48:34.906+0000] {dagbag.py:588} INFO - Filling up the DagBag from /home/airflow/.local/lib/python3.12/site-packages/airflow/example_dags/example_dataset_alias.py
[2025-04-17T12:48:36.484+0000] {processor.py:925} INFO - DAG(s) 'dataset_s3_bucket_producer', 'dataset_alias_example_alias_consumer', 'dataset_alias_example_alias_producer', 'dataset_s3_bucket_consumer' retrieved from /home/airflow/.local/lib/python3.12/site-packages/airflow/example_dags/example_dataset_alias.py
[2025-04-17T12:48:36.528+0000] {logging_mixin.py:190} INFO - [2025-04-17T12:48:36.525+0000] {dag.py:3239} INFO - Sync 4 DAGs
[2025-04-17T12:48:36.569+0000] {logging_mixin.py:190} INFO - [2025-04-17T12:48:36.569+0000] {dag.py:4180} INFO - Setting next_dagrun for dataset_alias_example_alias_consumer to None, run_after=None
[2025-04-17T12:48:36.574+0000] {logging_mixin.py:190} INFO - [2025-04-17T12:48:36.574+0000] {dag.py:4180} INFO - Setting next_dagrun for dataset_alias_example_alias_producer to None, run_after=None
[2025-04-17T12:48:36.577+0000] {logging_mixin.py:190} INFO - [2025-04-17T12:48:36.577+0000] {dag.py:4180} INFO - Setting next_dagrun for dataset_s3_bucket_consumer to None, run_after=None
[2025-04-17T12:48:36.580+0000] {logging_mixin.py:190} INFO - [2025-04-17T12:48:36.580+0000] {dag.py:4180} INFO - Setting next_dagrun for dataset_s3_bucket_producer to None, run_after=None
[2025-04-17T12:48:36.616+0000] {processor.py:208} INFO - Processing /home/airflow/.local/lib/python3.12/site-packages/airflow/example_dags/example_dataset_alias.py took 1.734 seconds
[2025-04-17T12:49:06.737+0000] {processor.py:186} INFO - Started process (PID=10776) to work on /home/airflow/.local/lib/python3.12/site-packages/airflow/example_dags/example_dataset_alias.py
[2025-04-17T12:49:06.739+0000] {processor.py:914} INFO - Processing file /home/airflow/.local/lib/python3.12/site-packages/airflow/example_dags/example_dataset_alias.py for tasks to queue
[2025-04-17T12:49:06.741+0000] {logging_mixin.py:190} INFO - [2025-04-17T12:49:06.740+0000] {dagbag.py:588} INFO - Filling up the DagBag from /home/airflow/.local/lib/python3.12/site-packages/airflow/example_dags/example_dataset_alias.py
[2025-04-17T12:49:08.251+0000] {processor.py:925} INFO - DAG(s) 'dataset_alias_example_alias_consumer', 'dataset_s3_bucket_producer', 'dataset_alias_example_alias_producer', 'dataset_s3_bucket_consumer' retrieved from /home/airflow/.local/lib/python3.12/site-packages/airflow/example_dags/example_dataset_alias.py
[2025-04-17T12:49:08.315+0000] {logging_mixin.py:190} INFO - [2025-04-17T12:49:08.314+0000] {dag.py:3239} INFO - Sync 4 DAGs
[2025-04-17T12:49:08.379+0000] {logging_mixin.py:190} INFO - [2025-04-17T12:49:08.379+0000] {dag.py:4180} INFO - Setting next_dagrun for dataset_alias_example_alias_consumer to None, run_after=None
[2025-04-17T12:49:08.387+0000] {logging_mixin.py:190} INFO - [2025-04-17T12:49:08.386+0000] {dag.py:4180} INFO - Setting next_dagrun for dataset_alias_example_alias_producer to None, run_after=None
[2025-04-17T12:49:08.391+0000] {logging_mixin.py:190} INFO - [2025-04-17T12:49:08.391+0000] {dag.py:4180} INFO - Setting next_dagrun for dataset_s3_bucket_consumer to None, run_after=None
[2025-04-17T12:49:08.396+0000] {logging_mixin.py:190} INFO - [2025-04-17T12:49:08.396+0000] {dag.py:4180} INFO - Setting next_dagrun for dataset_s3_bucket_producer to None, run_after=None
[2025-04-17T12:49:08.448+0000] {processor.py:208} INFO - Processing /home/airflow/.local/lib/python3.12/site-packages/airflow/example_dags/example_dataset_alias.py took 1.723 seconds
[2025-04-17T12:49:38.776+0000] {processor.py:186} INFO - Started process (PID=11080) to work on /home/airflow/.local/lib/python3.12/site-packages/airflow/example_dags/example_dataset_alias.py
[2025-04-17T12:49:38.780+0000] {processor.py:914} INFO - Processing file /home/airflow/.local/lib/python3.12/site-packages/airflow/example_dags/example_dataset_alias.py for tasks to queue
[2025-04-17T12:49:38.784+0000] {logging_mixin.py:190} INFO - [2025-04-17T12:49:38.783+0000] {dagbag.py:588} INFO - Filling up the DagBag from /home/airflow/.local/lib/python3.12/site-packages/airflow/example_dags/example_dataset_alias.py
[2025-04-17T12:49:40.227+0000] {processor.py:925} INFO - DAG(s) 'dataset_alias_example_alias_producer', 'dataset_s3_bucket_producer', 'dataset_alias_example_alias_consumer', 'dataset_s3_bucket_consumer' retrieved from /home/airflow/.local/lib/python3.12/site-packages/airflow/example_dags/example_dataset_alias.py
[2025-04-17T12:49:40.286+0000] {logging_mixin.py:190} INFO - [2025-04-17T12:49:40.285+0000] {dag.py:3239} INFO - Sync 4 DAGs
[2025-04-17T12:49:40.348+0000] {logging_mixin.py:190} INFO - [2025-04-17T12:49:40.348+0000] {dag.py:4180} INFO - Setting next_dagrun for dataset_alias_example_alias_consumer to None, run_after=None
[2025-04-17T12:49:40.357+0000] {logging_mixin.py:190} INFO - [2025-04-17T12:49:40.357+0000] {dag.py:4180} INFO - Setting next_dagrun for dataset_alias_example_alias_producer to None, run_after=None
[2025-04-17T12:49:40.361+0000] {logging_mixin.py:190} INFO - [2025-04-17T12:49:40.360+0000] {dag.py:4180} INFO - Setting next_dagrun for dataset_s3_bucket_consumer to None, run_after=None
[2025-04-17T12:49:40.365+0000] {logging_mixin.py:190} INFO - [2025-04-17T12:49:40.364+0000] {dag.py:4180} INFO - Setting next_dagrun for dataset_s3_bucket_producer to None, run_after=None
[2025-04-17T12:49:40.419+0000] {processor.py:208} INFO - Processing /home/airflow/.local/lib/python3.12/site-packages/airflow/example_dags/example_dataset_alias.py took 1.666 seconds
[2025-04-17T12:50:11.108+0000] {processor.py:186} INFO - Started process (PID=11387) to work on /home/airflow/.local/lib/python3.12/site-packages/airflow/example_dags/example_dataset_alias.py
[2025-04-17T12:50:11.111+0000] {processor.py:914} INFO - Processing file /home/airflow/.local/lib/python3.12/site-packages/airflow/example_dags/example_dataset_alias.py for tasks to queue
[2025-04-17T12:50:11.116+0000] {logging_mixin.py:190} INFO - [2025-04-17T12:50:11.115+0000] {dagbag.py:588} INFO - Filling up the DagBag from /home/airflow/.local/lib/python3.12/site-packages/airflow/example_dags/example_dataset_alias.py
[2025-04-17T12:50:12.977+0000] {processor.py:925} INFO - DAG(s) 'dataset_s3_bucket_producer', 'dataset_alias_example_alias_producer', 'dataset_alias_example_alias_consumer', 'dataset_s3_bucket_consumer' retrieved from /home/airflow/.local/lib/python3.12/site-packages/airflow/example_dags/example_dataset_alias.py
[2025-04-17T12:50:13.057+0000] {logging_mixin.py:190} INFO - [2025-04-17T12:50:13.055+0000] {dag.py:3239} INFO - Sync 4 DAGs
[2025-04-17T12:50:13.133+0000] {logging_mixin.py:190} INFO - [2025-04-17T12:50:13.133+0000] {dag.py:4180} INFO - Setting next_dagrun for dataset_alias_example_alias_consumer to None, run_after=None
[2025-04-17T12:50:13.144+0000] {logging_mixin.py:190} INFO - [2025-04-17T12:50:13.143+0000] {dag.py:4180} INFO - Setting next_dagrun for dataset_alias_example_alias_producer to None, run_after=None
[2025-04-17T12:50:13.159+0000] {logging_mixin.py:190} INFO - [2025-04-17T12:50:13.158+0000] {dag.py:4180} INFO - Setting next_dagrun for dataset_s3_bucket_consumer to None, run_after=None
[2025-04-17T12:50:13.165+0000] {logging_mixin.py:190} INFO - [2025-04-17T12:50:13.163+0000] {dag.py:4180} INFO - Setting next_dagrun for dataset_s3_bucket_producer to None, run_after=None
[2025-04-17T12:50:13.227+0000] {processor.py:208} INFO - Processing /home/airflow/.local/lib/python3.12/site-packages/airflow/example_dags/example_dataset_alias.py took 2.157 seconds
[2025-04-17T12:50:43.596+0000] {processor.py:186} INFO - Started process (PID=11702) to work on /home/airflow/.local/lib/python3.12/site-packages/airflow/example_dags/example_dataset_alias.py
[2025-04-17T12:50:43.599+0000] {processor.py:914} INFO - Processing file /home/airflow/.local/lib/python3.12/site-packages/airflow/example_dags/example_dataset_alias.py for tasks to queue
[2025-04-17T12:50:43.602+0000] {logging_mixin.py:190} INFO - [2025-04-17T12:50:43.601+0000] {dagbag.py:588} INFO - Filling up the DagBag from /home/airflow/.local/lib/python3.12/site-packages/airflow/example_dags/example_dataset_alias.py
[2025-04-17T12:50:45.357+0000] {processor.py:925} INFO - DAG(s) 'dataset_alias_example_alias_consumer', 'dataset_s3_bucket_consumer', 'dataset_s3_bucket_producer', 'dataset_alias_example_alias_producer' retrieved from /home/airflow/.local/lib/python3.12/site-packages/airflow/example_dags/example_dataset_alias.py
[2025-04-17T12:50:45.421+0000] {logging_mixin.py:190} INFO - [2025-04-17T12:50:45.420+0000] {dag.py:3239} INFO - Sync 4 DAGs
[2025-04-17T12:50:45.480+0000] {logging_mixin.py:190} INFO - [2025-04-17T12:50:45.478+0000] {dag.py:4180} INFO - Setting next_dagrun for dataset_alias_example_alias_consumer to None, run_after=None
[2025-04-17T12:50:45.489+0000] {logging_mixin.py:190} INFO - [2025-04-17T12:50:45.489+0000] {dag.py:4180} INFO - Setting next_dagrun for dataset_alias_example_alias_producer to None, run_after=None
[2025-04-17T12:50:45.496+0000] {logging_mixin.py:190} INFO - [2025-04-17T12:50:45.494+0000] {dag.py:4180} INFO - Setting next_dagrun for dataset_s3_bucket_consumer to None, run_after=None
[2025-04-17T12:50:45.500+0000] {logging_mixin.py:190} INFO - [2025-04-17T12:50:45.499+0000] {dag.py:4180} INFO - Setting next_dagrun for dataset_s3_bucket_producer to None, run_after=None
[2025-04-17T12:50:45.575+0000] {processor.py:208} INFO - Processing /home/airflow/.local/lib/python3.12/site-packages/airflow/example_dags/example_dataset_alias.py took 1.994 seconds
[2025-04-17T12:51:16.236+0000] {processor.py:186} INFO - Started process (PID=12016) to work on /home/airflow/.local/lib/python3.12/site-packages/airflow/example_dags/example_dataset_alias.py
[2025-04-17T12:51:16.238+0000] {processor.py:914} INFO - Processing file /home/airflow/.local/lib/python3.12/site-packages/airflow/example_dags/example_dataset_alias.py for tasks to queue
[2025-04-17T12:51:16.241+0000] {logging_mixin.py:190} INFO - [2025-04-17T12:51:16.240+0000] {dagbag.py:588} INFO - Filling up the DagBag from /home/airflow/.local/lib/python3.12/site-packages/airflow/example_dags/example_dataset_alias.py
[2025-04-17T12:51:17.464+0000] {processor.py:925} INFO - DAG(s) 'dataset_s3_bucket_consumer', 'dataset_s3_bucket_producer', 'dataset_alias_example_alias_producer', 'dataset_alias_example_alias_consumer' retrieved from /home/airflow/.local/lib/python3.12/site-packages/airflow/example_dags/example_dataset_alias.py
[2025-04-17T12:51:17.513+0000] {logging_mixin.py:190} INFO - [2025-04-17T12:51:17.512+0000] {dag.py:3239} INFO - Sync 4 DAGs
[2025-04-17T12:51:17.560+0000] {logging_mixin.py:190} INFO - [2025-04-17T12:51:17.559+0000] {dag.py:4180} INFO - Setting next_dagrun for dataset_alias_example_alias_consumer to None, run_after=None
[2025-04-17T12:51:17.567+0000] {logging_mixin.py:190} INFO - [2025-04-17T12:51:17.567+0000] {dag.py:4180} INFO - Setting next_dagrun for dataset_alias_example_alias_producer to None, run_after=None
[2025-04-17T12:51:17.571+0000] {logging_mixin.py:190} INFO - [2025-04-17T12:51:17.571+0000] {dag.py:4180} INFO - Setting next_dagrun for dataset_s3_bucket_consumer to None, run_after=None
[2025-04-17T12:51:17.574+0000] {logging_mixin.py:190} INFO - [2025-04-17T12:51:17.574+0000] {dag.py:4180} INFO - Setting next_dagrun for dataset_s3_bucket_producer to None, run_after=None
[2025-04-17T12:51:17.623+0000] {processor.py:208} INFO - Processing /home/airflow/.local/lib/python3.12/site-packages/airflow/example_dags/example_dataset_alias.py took 1.399 seconds
[2025-04-17T12:51:47.891+0000] {processor.py:186} INFO - Started process (PID=12336) to work on /home/airflow/.local/lib/python3.12/site-packages/airflow/example_dags/example_dataset_alias.py
[2025-04-17T12:51:47.894+0000] {processor.py:914} INFO - Processing file /home/airflow/.local/lib/python3.12/site-packages/airflow/example_dags/example_dataset_alias.py for tasks to queue
[2025-04-17T12:51:47.897+0000] {logging_mixin.py:190} INFO - [2025-04-17T12:51:47.897+0000] {dagbag.py:588} INFO - Filling up the DagBag from /home/airflow/.local/lib/python3.12/site-packages/airflow/example_dags/example_dataset_alias.py
[2025-04-17T12:51:49.283+0000] {processor.py:925} INFO - DAG(s) 'dataset_s3_bucket_consumer', 'dataset_alias_example_alias_producer', 'dataset_s3_bucket_producer', 'dataset_alias_example_alias_consumer' retrieved from /home/airflow/.local/lib/python3.12/site-packages/airflow/example_dags/example_dataset_alias.py
[2025-04-17T12:51:49.343+0000] {logging_mixin.py:190} INFO - [2025-04-17T12:51:49.340+0000] {dag.py:3239} INFO - Sync 4 DAGs
[2025-04-17T12:51:49.398+0000] {logging_mixin.py:190} INFO - [2025-04-17T12:51:49.398+0000] {dag.py:4180} INFO - Setting next_dagrun for dataset_alias_example_alias_consumer to None, run_after=None
[2025-04-17T12:51:49.404+0000] {logging_mixin.py:190} INFO - [2025-04-17T12:51:49.404+0000] {dag.py:4180} INFO - Setting next_dagrun for dataset_alias_example_alias_producer to None, run_after=None
[2025-04-17T12:51:49.407+0000] {logging_mixin.py:190} INFO - [2025-04-17T12:51:49.407+0000] {dag.py:4180} INFO - Setting next_dagrun for dataset_s3_bucket_consumer to None, run_after=None
[2025-04-17T12:51:49.410+0000] {logging_mixin.py:190} INFO - [2025-04-17T12:51:49.409+0000] {dag.py:4180} INFO - Setting next_dagrun for dataset_s3_bucket_producer to None, run_after=None
[2025-04-17T12:51:49.452+0000] {processor.py:208} INFO - Processing /home/airflow/.local/lib/python3.12/site-packages/airflow/example_dags/example_dataset_alias.py took 1.574 seconds
[2025-04-17T12:52:20.035+0000] {processor.py:186} INFO - Started process (PID=12659) to work on /home/airflow/.local/lib/python3.12/site-packages/airflow/example_dags/example_dataset_alias.py
[2025-04-17T12:52:20.036+0000] {processor.py:914} INFO - Processing file /home/airflow/.local/lib/python3.12/site-packages/airflow/example_dags/example_dataset_alias.py for tasks to queue
[2025-04-17T12:52:20.039+0000] {logging_mixin.py:190} INFO - [2025-04-17T12:52:20.038+0000] {dagbag.py:588} INFO - Filling up the DagBag from /home/airflow/.local/lib/python3.12/site-packages/airflow/example_dags/example_dataset_alias.py
[2025-04-17T12:52:21.121+0000] {processor.py:925} INFO - DAG(s) 'dataset_s3_bucket_producer', 'dataset_alias_example_alias_consumer', 'dataset_s3_bucket_consumer', 'dataset_alias_example_alias_producer' retrieved from /home/airflow/.local/lib/python3.12/site-packages/airflow/example_dags/example_dataset_alias.py
[2025-04-17T12:52:21.171+0000] {logging_mixin.py:190} INFO - [2025-04-17T12:52:21.169+0000] {dag.py:3239} INFO - Sync 4 DAGs
[2025-04-17T12:52:21.215+0000] {logging_mixin.py:190} INFO - [2025-04-17T12:52:21.215+0000] {dag.py:4180} INFO - Setting next_dagrun for dataset_alias_example_alias_consumer to None, run_after=None
[2025-04-17T12:52:21.220+0000] {logging_mixin.py:190} INFO - [2025-04-17T12:52:21.220+0000] {dag.py:4180} INFO - Setting next_dagrun for dataset_alias_example_alias_producer to None, run_after=None
[2025-04-17T12:52:21.224+0000] {logging_mixin.py:190} INFO - [2025-04-17T12:52:21.223+0000] {dag.py:4180} INFO - Setting next_dagrun for dataset_s3_bucket_consumer to None, run_after=None
[2025-04-17T12:52:21.227+0000] {logging_mixin.py:190} INFO - [2025-04-17T12:52:21.226+0000] {dag.py:4180} INFO - Setting next_dagrun for dataset_s3_bucket_producer to None, run_after=None
[2025-04-17T12:52:21.265+0000] {processor.py:208} INFO - Processing /home/airflow/.local/lib/python3.12/site-packages/airflow/example_dags/example_dataset_alias.py took 1.242 seconds
[2025-04-17T12:52:52.195+0000] {processor.py:186} INFO - Started process (PID=12956) to work on /home/airflow/.local/lib/python3.12/site-packages/airflow/example_dags/example_dataset_alias.py
[2025-04-17T12:52:52.198+0000] {processor.py:914} INFO - Processing file /home/airflow/.local/lib/python3.12/site-packages/airflow/example_dags/example_dataset_alias.py for tasks to queue
[2025-04-17T12:52:52.202+0000] {logging_mixin.py:190} INFO - [2025-04-17T12:52:52.201+0000] {dagbag.py:588} INFO - Filling up the DagBag from /home/airflow/.local/lib/python3.12/site-packages/airflow/example_dags/example_dataset_alias.py
[2025-04-17T12:52:53.484+0000] {processor.py:925} INFO - DAG(s) 'dataset_s3_bucket_producer', 'dataset_alias_example_alias_consumer', 'dataset_alias_example_alias_producer', 'dataset_s3_bucket_consumer' retrieved from /home/airflow/.local/lib/python3.12/site-packages/airflow/example_dags/example_dataset_alias.py
[2025-04-17T12:52:53.520+0000] {logging_mixin.py:190} INFO - [2025-04-17T12:52:53.519+0000] {dag.py:3239} INFO - Sync 4 DAGs
[2025-04-17T12:52:53.567+0000] {logging_mixin.py:190} INFO - [2025-04-17T12:52:53.566+0000] {dag.py:4180} INFO - Setting next_dagrun for dataset_alias_example_alias_consumer to None, run_after=None
[2025-04-17T12:52:53.573+0000] {logging_mixin.py:190} INFO - [2025-04-17T12:52:53.572+0000] {dag.py:4180} INFO - Setting next_dagrun for dataset_alias_example_alias_producer to None, run_after=None
[2025-04-17T12:52:53.576+0000] {logging_mixin.py:190} INFO - [2025-04-17T12:52:53.576+0000] {dag.py:4180} INFO - Setting next_dagrun for dataset_s3_bucket_consumer to None, run_after=None
[2025-04-17T12:52:53.579+0000] {logging_mixin.py:190} INFO - [2025-04-17T12:52:53.579+0000] {dag.py:4180} INFO - Setting next_dagrun for dataset_s3_bucket_producer to None, run_after=None
[2025-04-17T12:52:53.618+0000] {processor.py:208} INFO - Processing /home/airflow/.local/lib/python3.12/site-packages/airflow/example_dags/example_dataset_alias.py took 1.433 seconds
[2025-04-17T12:53:24.357+0000] {processor.py:186} INFO - Started process (PID=13274) to work on /home/airflow/.local/lib/python3.12/site-packages/airflow/example_dags/example_dataset_alias.py
[2025-04-17T12:53:24.359+0000] {processor.py:914} INFO - Processing file /home/airflow/.local/lib/python3.12/site-packages/airflow/example_dags/example_dataset_alias.py for tasks to queue
[2025-04-17T12:53:24.361+0000] {logging_mixin.py:190} INFO - [2025-04-17T12:53:24.360+0000] {dagbag.py:588} INFO - Filling up the DagBag from /home/airflow/.local/lib/python3.12/site-packages/airflow/example_dags/example_dataset_alias.py
[2025-04-17T12:53:25.565+0000] {processor.py:925} INFO - DAG(s) 'dataset_s3_bucket_consumer', 'dataset_s3_bucket_producer', 'dataset_alias_example_alias_producer', 'dataset_alias_example_alias_consumer' retrieved from /home/airflow/.local/lib/python3.12/site-packages/airflow/example_dags/example_dataset_alias.py
[2025-04-17T12:53:25.604+0000] {logging_mixin.py:190} INFO - [2025-04-17T12:53:25.603+0000] {dag.py:3239} INFO - Sync 4 DAGs
[2025-04-17T12:53:25.648+0000] {logging_mixin.py:190} INFO - [2025-04-17T12:53:25.648+0000] {dag.py:4180} INFO - Setting next_dagrun for dataset_alias_example_alias_consumer to None, run_after=None
[2025-04-17T12:53:25.654+0000] {logging_mixin.py:190} INFO - [2025-04-17T12:53:25.653+0000] {dag.py:4180} INFO - Setting next_dagrun for dataset_alias_example_alias_producer to None, run_after=None
[2025-04-17T12:53:25.656+0000] {logging_mixin.py:190} INFO - [2025-04-17T12:53:25.656+0000] {dag.py:4180} INFO - Setting next_dagrun for dataset_s3_bucket_consumer to None, run_after=None
[2025-04-17T12:53:25.659+0000] {logging_mixin.py:190} INFO - [2025-04-17T12:53:25.659+0000] {dag.py:4180} INFO - Setting next_dagrun for dataset_s3_bucket_producer to None, run_after=None
[2025-04-17T12:53:25.694+0000] {processor.py:208} INFO - Processing /home/airflow/.local/lib/python3.12/site-packages/airflow/example_dags/example_dataset_alias.py took 1.347 seconds
[2025-04-17T12:53:57.635+0000] {processor.py:186} INFO - Started process (PID=13603) to work on /home/airflow/.local/lib/python3.12/site-packages/airflow/example_dags/example_dataset_alias.py
[2025-04-17T12:53:57.638+0000] {processor.py:914} INFO - Processing file /home/airflow/.local/lib/python3.12/site-packages/airflow/example_dags/example_dataset_alias.py for tasks to queue
[2025-04-17T12:53:57.642+0000] {logging_mixin.py:190} INFO - [2025-04-17T12:53:57.641+0000] {dagbag.py:588} INFO - Filling up the DagBag from /home/airflow/.local/lib/python3.12/site-packages/airflow/example_dags/example_dataset_alias.py
[2025-04-17T12:53:59.852+0000] {processor.py:925} INFO - DAG(s) 'dataset_s3_bucket_consumer', 'dataset_alias_example_alias_consumer', 'dataset_alias_example_alias_producer', 'dataset_s3_bucket_producer' retrieved from /home/airflow/.local/lib/python3.12/site-packages/airflow/example_dags/example_dataset_alias.py
[2025-04-17T12:53:59.927+0000] {logging_mixin.py:190} INFO - [2025-04-17T12:53:59.926+0000] {dag.py:3239} INFO - Sync 4 DAGs
[2025-04-17T12:54:00.003+0000] {logging_mixin.py:190} INFO - [2025-04-17T12:54:00.002+0000] {dag.py:4180} INFO - Setting next_dagrun for dataset_alias_example_alias_consumer to None, run_after=None
[2025-04-17T12:54:00.019+0000] {logging_mixin.py:190} INFO - [2025-04-17T12:54:00.018+0000] {dag.py:4180} INFO - Setting next_dagrun for dataset_alias_example_alias_producer to None, run_after=None
[2025-04-17T12:54:00.034+0000] {logging_mixin.py:190} INFO - [2025-04-17T12:54:00.033+0000] {dag.py:4180} INFO - Setting next_dagrun for dataset_s3_bucket_consumer to None, run_after=None
[2025-04-17T12:54:00.042+0000] {logging_mixin.py:190} INFO - [2025-04-17T12:54:00.040+0000] {dag.py:4180} INFO - Setting next_dagrun for dataset_s3_bucket_producer to None, run_after=None
[2025-04-17T12:54:00.142+0000] {processor.py:208} INFO - Processing /home/airflow/.local/lib/python3.12/site-packages/airflow/example_dags/example_dataset_alias.py took 2.523 seconds
[2025-04-17T12:54:30.409+0000] {processor.py:186} INFO - Started process (PID=13950) to work on /home/airflow/.local/lib/python3.12/site-packages/airflow/example_dags/example_dataset_alias.py
[2025-04-17T12:54:30.411+0000] {processor.py:914} INFO - Processing file /home/airflow/.local/lib/python3.12/site-packages/airflow/example_dags/example_dataset_alias.py for tasks to queue
[2025-04-17T12:54:30.414+0000] {logging_mixin.py:190} INFO - [2025-04-17T12:54:30.413+0000] {dagbag.py:588} INFO - Filling up the DagBag from /home/airflow/.local/lib/python3.12/site-packages/airflow/example_dags/example_dataset_alias.py
[2025-04-17T12:54:31.982+0000] {processor.py:925} INFO - DAG(s) 'dataset_s3_bucket_producer', 'dataset_s3_bucket_consumer', 'dataset_alias_example_alias_producer', 'dataset_alias_example_alias_consumer' retrieved from /home/airflow/.local/lib/python3.12/site-packages/airflow/example_dags/example_dataset_alias.py
[2025-04-17T12:54:32.047+0000] {logging_mixin.py:190} INFO - [2025-04-17T12:54:32.046+0000] {dag.py:3239} INFO - Sync 4 DAGs
[2025-04-17T12:54:32.112+0000] {logging_mixin.py:190} INFO - [2025-04-17T12:54:32.111+0000] {dag.py:4180} INFO - Setting next_dagrun for dataset_alias_example_alias_consumer to None, run_after=None
[2025-04-17T12:54:32.123+0000] {logging_mixin.py:190} INFO - [2025-04-17T12:54:32.122+0000] {dag.py:4180} INFO - Setting next_dagrun for dataset_alias_example_alias_producer to None, run_after=None
[2025-04-17T12:54:32.133+0000] {logging_mixin.py:190} INFO - [2025-04-17T12:54:32.132+0000] {dag.py:4180} INFO - Setting next_dagrun for dataset_s3_bucket_consumer to None, run_after=None
[2025-04-17T12:54:32.137+0000] {logging_mixin.py:190} INFO - [2025-04-17T12:54:32.136+0000] {dag.py:4180} INFO - Setting next_dagrun for dataset_s3_bucket_producer to None, run_after=None
[2025-04-17T12:54:32.199+0000] {processor.py:208} INFO - Processing /home/airflow/.local/lib/python3.12/site-packages/airflow/example_dags/example_dataset_alias.py took 1.801 seconds
