[2025-04-17T11:43:07.347+0000] {processor.py:186} INFO - Started process (PID=39862) to work on /home/airflow/.local/lib/python3.12/site-packages/airflow/example_dags/example_task_group.py
[2025-04-17T11:43:07.372+0000] {processor.py:914} INFO - Processing file /home/airflow/.local/lib/python3.12/site-packages/airflow/example_dags/example_task_group.py for tasks to queue
[2025-04-17T11:43:07.458+0000] {logging_mixin.py:190} INFO - [2025-04-17T11:43:07.451+0000] {dagbag.py:588} INFO - Filling up the DagBag from /home/airflow/.local/lib/python3.12/site-packages/airflow/example_dags/example_task_group.py
[2025-04-17T11:43:08.042+0000] {processor.py:925} INFO - DAG(s) 'example_task_group' retrieved from /home/airflow/.local/lib/python3.12/site-packages/airflow/example_dags/example_task_group.py
[2025-04-17T11:43:08.794+0000] {logging_mixin.py:190} INFO - [2025-04-17T11:43:08.790+0000] {dag.py:3239} INFO - Sync 1 DAGs
[2025-04-17T11:43:09.060+0000] {logging_mixin.py:190} INFO - [2025-04-17T11:43:09.059+0000] {dag.py:4180} INFO - Setting next_dagrun for example_task_group to None, run_after=None
[2025-04-17T11:43:09.266+0000] {processor.py:208} INFO - Processing /home/airflow/.local/lib/python3.12/site-packages/airflow/example_dags/example_task_group.py took 2.005 seconds
[2025-04-17T12:10:22.352+0000] {processor.py:186} INFO - Started process (PID=560) to work on /home/airflow/.local/lib/python3.12/site-packages/airflow/example_dags/example_task_group.py
[2025-04-17T12:10:22.368+0000] {processor.py:914} INFO - Processing file /home/airflow/.local/lib/python3.12/site-packages/airflow/example_dags/example_task_group.py for tasks to queue
[2025-04-17T12:10:22.384+0000] {logging_mixin.py:190} INFO - [2025-04-17T12:10:22.380+0000] {dagbag.py:588} INFO - Filling up the DagBag from /home/airflow/.local/lib/python3.12/site-packages/airflow/example_dags/example_task_group.py
[2025-04-17T12:10:22.455+0000] {processor.py:925} INFO - DAG(s) 'example_task_group' retrieved from /home/airflow/.local/lib/python3.12/site-packages/airflow/example_dags/example_task_group.py
[2025-04-17T12:10:22.565+0000] {logging_mixin.py:190} INFO - [2025-04-17T12:10:22.565+0000] {dag.py:3239} INFO - Sync 1 DAGs
[2025-04-17T12:10:22.612+0000] {logging_mixin.py:190} INFO - [2025-04-17T12:10:22.611+0000] {dag.py:4180} INFO - Setting next_dagrun for example_task_group to None, run_after=None
[2025-04-17T12:10:22.660+0000] {processor.py:208} INFO - Processing /home/airflow/.local/lib/python3.12/site-packages/airflow/example_dags/example_task_group.py took 0.343 seconds
[2025-04-17T12:16:50.338+0000] {processor.py:186} INFO - Started process (PID=1414) to work on /home/airflow/.local/lib/python3.12/site-packages/airflow/example_dags/example_task_group.py
[2025-04-17T12:16:50.350+0000] {processor.py:914} INFO - Processing file /home/airflow/.local/lib/python3.12/site-packages/airflow/example_dags/example_task_group.py for tasks to queue
[2025-04-17T12:16:50.358+0000] {logging_mixin.py:190} INFO - [2025-04-17T12:16:50.358+0000] {dagbag.py:588} INFO - Filling up the DagBag from /home/airflow/.local/lib/python3.12/site-packages/airflow/example_dags/example_task_group.py
[2025-04-17T12:16:53.989+0000] {processor.py:925} INFO - DAG(s) 'example_task_group' retrieved from /home/airflow/.local/lib/python3.12/site-packages/airflow/example_dags/example_task_group.py
[2025-04-17T12:19:33.194+0000] {processor.py:186} INFO - Started process (PID=2294) to work on /home/airflow/.local/lib/python3.12/site-packages/airflow/example_dags/example_task_group.py
[2025-04-17T12:19:33.237+0000] {processor.py:914} INFO - Processing file /home/airflow/.local/lib/python3.12/site-packages/airflow/example_dags/example_task_group.py for tasks to queue
[2025-04-17T12:19:33.257+0000] {logging_mixin.py:190} INFO - [2025-04-17T12:19:33.254+0000] {dagbag.py:588} INFO - Filling up the DagBag from /home/airflow/.local/lib/python3.12/site-packages/airflow/example_dags/example_task_group.py
[2025-04-17T12:19:33.454+0000] {processor.py:925} INFO - DAG(s) 'example_task_group' retrieved from /home/airflow/.local/lib/python3.12/site-packages/airflow/example_dags/example_task_group.py
[2025-04-17T12:19:38.242+0000] {logging_mixin.py:190} INFO - [2025-04-17T12:19:38.240+0000] {dag.py:3239} INFO - Sync 1 DAGs
[2025-04-17T12:19:38.518+0000] {logging_mixin.py:190} INFO - [2025-04-17T12:19:38.517+0000] {dag.py:4180} INFO - Setting next_dagrun for example_task_group to None, run_after=None
[2025-04-17T12:19:39.277+0000] {processor.py:208} INFO - Processing /home/airflow/.local/lib/python3.12/site-packages/airflow/example_dags/example_task_group.py took 6.228 seconds
[2025-04-17T12:24:49.470+0000] {processor.py:186} INFO - Started process (PID=2736) to work on /home/airflow/.local/lib/python3.12/site-packages/airflow/example_dags/example_task_group.py
[2025-04-17T12:24:49.472+0000] {processor.py:914} INFO - Processing file /home/airflow/.local/lib/python3.12/site-packages/airflow/example_dags/example_task_group.py for tasks to queue
[2025-04-17T12:24:49.475+0000] {logging_mixin.py:190} INFO - [2025-04-17T12:24:49.475+0000] {dagbag.py:588} INFO - Filling up the DagBag from /home/airflow/.local/lib/python3.12/site-packages/airflow/example_dags/example_task_group.py
[2025-04-17T12:24:49.501+0000] {processor.py:925} INFO - DAG(s) 'example_task_group' retrieved from /home/airflow/.local/lib/python3.12/site-packages/airflow/example_dags/example_task_group.py
[2025-04-17T12:24:49.555+0000] {logging_mixin.py:190} INFO - [2025-04-17T12:24:49.555+0000] {dag.py:3239} INFO - Sync 1 DAGs
[2025-04-17T12:24:49.628+0000] {logging_mixin.py:190} INFO - [2025-04-17T12:24:49.627+0000] {dag.py:4180} INFO - Setting next_dagrun for example_task_group to None, run_after=None
[2025-04-17T12:24:49.664+0000] {processor.py:208} INFO - Processing /home/airflow/.local/lib/python3.12/site-packages/airflow/example_dags/example_task_group.py took 0.208 seconds
[2025-04-17T12:32:53.296+0000] {processor.py:186} INFO - Started process (PID=3659) to work on /home/airflow/.local/lib/python3.12/site-packages/airflow/example_dags/example_task_group.py
[2025-04-17T12:32:53.356+0000] {processor.py:914} INFO - Processing file /home/airflow/.local/lib/python3.12/site-packages/airflow/example_dags/example_task_group.py for tasks to queue
[2025-04-17T12:32:53.385+0000] {logging_mixin.py:190} INFO - [2025-04-17T12:32:53.371+0000] {dagbag.py:588} INFO - Filling up the DagBag from /home/airflow/.local/lib/python3.12/site-packages/airflow/example_dags/example_task_group.py
[2025-04-17T12:32:53.692+0000] {processor.py:925} INFO - DAG(s) 'example_task_group' retrieved from /home/airflow/.local/lib/python3.12/site-packages/airflow/example_dags/example_task_group.py
[2025-04-17T12:32:53.881+0000] {logging_mixin.py:190} INFO - [2025-04-17T12:32:53.880+0000] {dag.py:3239} INFO - Sync 1 DAGs
[2025-04-17T12:32:54.103+0000] {logging_mixin.py:190} INFO - [2025-04-17T12:32:54.102+0000] {dag.py:4180} INFO - Setting next_dagrun for example_task_group to None, run_after=None
[2025-04-17T12:32:54.463+0000] {processor.py:208} INFO - Processing /home/airflow/.local/lib/python3.12/site-packages/airflow/example_dags/example_task_group.py took 2.279 seconds
[2025-04-17T12:35:47.258+0000] {processor.py:186} INFO - Started process (PID=4088) to work on /home/airflow/.local/lib/python3.12/site-packages/airflow/example_dags/example_task_group.py
[2025-04-17T12:35:47.261+0000] {processor.py:914} INFO - Processing file /home/airflow/.local/lib/python3.12/site-packages/airflow/example_dags/example_task_group.py for tasks to queue
[2025-04-17T12:35:47.264+0000] {logging_mixin.py:190} INFO - [2025-04-17T12:35:47.263+0000] {dagbag.py:588} INFO - Filling up the DagBag from /home/airflow/.local/lib/python3.12/site-packages/airflow/example_dags/example_task_group.py
[2025-04-17T12:35:47.290+0000] {processor.py:925} INFO - DAG(s) 'example_task_group' retrieved from /home/airflow/.local/lib/python3.12/site-packages/airflow/example_dags/example_task_group.py
[2025-04-17T12:35:47.341+0000] {logging_mixin.py:190} INFO - [2025-04-17T12:35:47.340+0000] {dag.py:3239} INFO - Sync 1 DAGs
[2025-04-17T12:35:47.381+0000] {logging_mixin.py:190} INFO - [2025-04-17T12:35:47.381+0000] {dag.py:4180} INFO - Setting next_dagrun for example_task_group to None, run_after=None
[2025-04-17T12:35:47.434+0000] {processor.py:208} INFO - Processing /home/airflow/.local/lib/python3.12/site-packages/airflow/example_dags/example_task_group.py took 0.188 seconds
[2025-04-17T12:36:26.882+0000] {processor.py:186} INFO - Started process (PID=4431) to work on /home/airflow/.local/lib/python3.12/site-packages/airflow/example_dags/example_task_group.py
[2025-04-17T12:36:26.897+0000] {processor.py:914} INFO - Processing file /home/airflow/.local/lib/python3.12/site-packages/airflow/example_dags/example_task_group.py for tasks to queue
[2025-04-17T12:36:26.899+0000] {logging_mixin.py:190} INFO - [2025-04-17T12:36:26.898+0000] {dagbag.py:588} INFO - Filling up the DagBag from /home/airflow/.local/lib/python3.12/site-packages/airflow/example_dags/example_task_group.py
[2025-04-17T12:36:26.915+0000] {processor.py:925} INFO - DAG(s) 'example_task_group' retrieved from /home/airflow/.local/lib/python3.12/site-packages/airflow/example_dags/example_task_group.py
[2025-04-17T12:36:26.954+0000] {logging_mixin.py:190} INFO - [2025-04-17T12:36:26.953+0000] {dag.py:3239} INFO - Sync 1 DAGs
[2025-04-17T12:36:26.982+0000] {logging_mixin.py:190} INFO - [2025-04-17T12:36:26.982+0000] {dag.py:4180} INFO - Setting next_dagrun for example_task_group to None, run_after=None
[2025-04-17T12:36:27.059+0000] {processor.py:208} INFO - Processing /home/airflow/.local/lib/python3.12/site-packages/airflow/example_dags/example_task_group.py took 0.188 seconds
[2025-04-17T12:37:24.244+0000] {processor.py:186} INFO - Started process (PID=4785) to work on /home/airflow/.local/lib/python3.12/site-packages/airflow/example_dags/example_task_group.py
[2025-04-17T12:37:24.247+0000] {processor.py:914} INFO - Processing file /home/airflow/.local/lib/python3.12/site-packages/airflow/example_dags/example_task_group.py for tasks to queue
[2025-04-17T12:37:24.253+0000] {logging_mixin.py:190} INFO - [2025-04-17T12:37:24.250+0000] {dagbag.py:588} INFO - Filling up the DagBag from /home/airflow/.local/lib/python3.12/site-packages/airflow/example_dags/example_task_group.py
[2025-04-17T12:37:24.306+0000] {processor.py:925} INFO - DAG(s) 'example_task_group' retrieved from /home/airflow/.local/lib/python3.12/site-packages/airflow/example_dags/example_task_group.py
[2025-04-17T12:37:24.398+0000] {logging_mixin.py:190} INFO - [2025-04-17T12:37:24.398+0000] {dag.py:3239} INFO - Sync 1 DAGs
[2025-04-17T12:37:24.474+0000] {logging_mixin.py:190} INFO - [2025-04-17T12:37:24.474+0000] {dag.py:4180} INFO - Setting next_dagrun for example_task_group to None, run_after=None
[2025-04-17T12:37:24.555+0000] {processor.py:208} INFO - Processing /home/airflow/.local/lib/python3.12/site-packages/airflow/example_dags/example_task_group.py took 0.331 seconds
[2025-04-17T12:37:55.051+0000] {processor.py:186} INFO - Started process (PID=5092) to work on /home/airflow/.local/lib/python3.12/site-packages/airflow/example_dags/example_task_group.py
[2025-04-17T12:37:55.053+0000] {processor.py:914} INFO - Processing file /home/airflow/.local/lib/python3.12/site-packages/airflow/example_dags/example_task_group.py for tasks to queue
[2025-04-17T12:37:55.056+0000] {logging_mixin.py:190} INFO - [2025-04-17T12:37:55.055+0000] {dagbag.py:588} INFO - Filling up the DagBag from /home/airflow/.local/lib/python3.12/site-packages/airflow/example_dags/example_task_group.py
[2025-04-17T12:37:55.077+0000] {processor.py:925} INFO - DAG(s) 'example_task_group' retrieved from /home/airflow/.local/lib/python3.12/site-packages/airflow/example_dags/example_task_group.py
[2025-04-17T12:37:55.124+0000] {logging_mixin.py:190} INFO - [2025-04-17T12:37:55.123+0000] {dag.py:3239} INFO - Sync 1 DAGs
[2025-04-17T12:37:55.173+0000] {logging_mixin.py:190} INFO - [2025-04-17T12:37:55.172+0000] {dag.py:4180} INFO - Setting next_dagrun for example_task_group to None, run_after=None
[2025-04-17T12:37:55.220+0000] {processor.py:208} INFO - Processing /home/airflow/.local/lib/python3.12/site-packages/airflow/example_dags/example_task_group.py took 0.181 seconds
[2025-04-17T12:38:25.454+0000] {processor.py:186} INFO - Started process (PID=5399) to work on /home/airflow/.local/lib/python3.12/site-packages/airflow/example_dags/example_task_group.py
[2025-04-17T12:38:25.456+0000] {processor.py:914} INFO - Processing file /home/airflow/.local/lib/python3.12/site-packages/airflow/example_dags/example_task_group.py for tasks to queue
[2025-04-17T12:38:25.458+0000] {logging_mixin.py:190} INFO - [2025-04-17T12:38:25.458+0000] {dagbag.py:588} INFO - Filling up the DagBag from /home/airflow/.local/lib/python3.12/site-packages/airflow/example_dags/example_task_group.py
[2025-04-17T12:38:25.474+0000] {processor.py:925} INFO - DAG(s) 'example_task_group' retrieved from /home/airflow/.local/lib/python3.12/site-packages/airflow/example_dags/example_task_group.py
[2025-04-17T12:38:25.523+0000] {logging_mixin.py:190} INFO - [2025-04-17T12:38:25.522+0000] {dag.py:3239} INFO - Sync 1 DAGs
[2025-04-17T12:38:25.552+0000] {logging_mixin.py:190} INFO - [2025-04-17T12:38:25.551+0000] {dag.py:4180} INFO - Setting next_dagrun for example_task_group to None, run_after=None
[2025-04-17T12:38:25.584+0000] {processor.py:208} INFO - Processing /home/airflow/.local/lib/python3.12/site-packages/airflow/example_dags/example_task_group.py took 0.139 seconds
[2025-04-17T12:38:56.667+0000] {processor.py:186} INFO - Started process (PID=5706) to work on /home/airflow/.local/lib/python3.12/site-packages/airflow/example_dags/example_task_group.py
[2025-04-17T12:38:56.691+0000] {processor.py:914} INFO - Processing file /home/airflow/.local/lib/python3.12/site-packages/airflow/example_dags/example_task_group.py for tasks to queue
[2025-04-17T12:38:56.694+0000] {logging_mixin.py:190} INFO - [2025-04-17T12:38:56.693+0000] {dagbag.py:588} INFO - Filling up the DagBag from /home/airflow/.local/lib/python3.12/site-packages/airflow/example_dags/example_task_group.py
[2025-04-17T12:38:56.711+0000] {processor.py:925} INFO - DAG(s) 'example_task_group' retrieved from /home/airflow/.local/lib/python3.12/site-packages/airflow/example_dags/example_task_group.py
[2025-04-17T12:38:56.777+0000] {logging_mixin.py:190} INFO - [2025-04-17T12:38:56.777+0000] {dag.py:3239} INFO - Sync 1 DAGs
[2025-04-17T12:38:56.809+0000] {logging_mixin.py:190} INFO - [2025-04-17T12:38:56.809+0000] {dag.py:4180} INFO - Setting next_dagrun for example_task_group to None, run_after=None
[2025-04-17T12:38:56.932+0000] {processor.py:208} INFO - Processing /home/airflow/.local/lib/python3.12/site-packages/airflow/example_dags/example_task_group.py took 0.274 seconds
[2025-04-17T12:39:27.961+0000] {processor.py:186} INFO - Started process (PID=6013) to work on /home/airflow/.local/lib/python3.12/site-packages/airflow/example_dags/example_task_group.py
[2025-04-17T12:39:27.964+0000] {processor.py:914} INFO - Processing file /home/airflow/.local/lib/python3.12/site-packages/airflow/example_dags/example_task_group.py for tasks to queue
[2025-04-17T12:39:27.968+0000] {logging_mixin.py:190} INFO - [2025-04-17T12:39:27.967+0000] {dagbag.py:588} INFO - Filling up the DagBag from /home/airflow/.local/lib/python3.12/site-packages/airflow/example_dags/example_task_group.py
[2025-04-17T12:39:27.995+0000] {processor.py:925} INFO - DAG(s) 'example_task_group' retrieved from /home/airflow/.local/lib/python3.12/site-packages/airflow/example_dags/example_task_group.py
[2025-04-17T12:39:28.057+0000] {logging_mixin.py:190} INFO - [2025-04-17T12:39:28.056+0000] {dag.py:3239} INFO - Sync 1 DAGs
[2025-04-17T12:39:28.097+0000] {logging_mixin.py:190} INFO - [2025-04-17T12:39:28.096+0000] {dag.py:4180} INFO - Setting next_dagrun for example_task_group to None, run_after=None
[2025-04-17T12:39:28.140+0000] {processor.py:208} INFO - Processing /home/airflow/.local/lib/python3.12/site-packages/airflow/example_dags/example_task_group.py took 0.195 seconds
[2025-04-17T12:40:01.247+0000] {processor.py:186} INFO - Started process (PID=6346) to work on /home/airflow/.local/lib/python3.12/site-packages/airflow/example_dags/example_task_group.py
[2025-04-17T12:40:01.251+0000] {processor.py:914} INFO - Processing file /home/airflow/.local/lib/python3.12/site-packages/airflow/example_dags/example_task_group.py for tasks to queue
[2025-04-17T12:40:01.255+0000] {logging_mixin.py:190} INFO - [2025-04-17T12:40:01.254+0000] {dagbag.py:588} INFO - Filling up the DagBag from /home/airflow/.local/lib/python3.12/site-packages/airflow/example_dags/example_task_group.py
[2025-04-17T12:40:01.279+0000] {processor.py:925} INFO - DAG(s) 'example_task_group' retrieved from /home/airflow/.local/lib/python3.12/site-packages/airflow/example_dags/example_task_group.py
[2025-04-17T12:40:01.338+0000] {logging_mixin.py:190} INFO - [2025-04-17T12:40:01.337+0000] {dag.py:3239} INFO - Sync 1 DAGs
[2025-04-17T12:40:01.390+0000] {logging_mixin.py:190} INFO - [2025-04-17T12:40:01.390+0000] {dag.py:4180} INFO - Setting next_dagrun for example_task_group to None, run_after=None
[2025-04-17T12:40:01.459+0000] {processor.py:208} INFO - Processing /home/airflow/.local/lib/python3.12/site-packages/airflow/example_dags/example_task_group.py took 0.232 seconds
[2025-04-17T12:42:40.659+0000] {processor.py:186} INFO - Started process (PID=6826) to work on /home/airflow/.local/lib/python3.12/site-packages/airflow/example_dags/example_task_group.py
[2025-04-17T12:42:40.662+0000] {processor.py:914} INFO - Processing file /home/airflow/.local/lib/python3.12/site-packages/airflow/example_dags/example_task_group.py for tasks to queue
[2025-04-17T12:42:40.667+0000] {logging_mixin.py:190} INFO - [2025-04-17T12:42:40.666+0000] {dagbag.py:588} INFO - Filling up the DagBag from /home/airflow/.local/lib/python3.12/site-packages/airflow/example_dags/example_task_group.py
[2025-04-17T12:42:40.696+0000] {processor.py:925} INFO - DAG(s) 'example_task_group' retrieved from /home/airflow/.local/lib/python3.12/site-packages/airflow/example_dags/example_task_group.py
[2025-04-17T12:42:40.763+0000] {logging_mixin.py:190} INFO - [2025-04-17T12:42:40.762+0000] {dag.py:3239} INFO - Sync 1 DAGs
[2025-04-17T12:42:40.811+0000] {logging_mixin.py:190} INFO - [2025-04-17T12:42:40.810+0000] {dag.py:4180} INFO - Setting next_dagrun for example_task_group to None, run_after=None
[2025-04-17T12:42:40.863+0000] {processor.py:208} INFO - Processing /home/airflow/.local/lib/python3.12/site-packages/airflow/example_dags/example_task_group.py took 0.220 seconds
[2025-04-17T12:43:12.878+0000] {processor.py:186} INFO - Started process (PID=7241) to work on /home/airflow/.local/lib/python3.12/site-packages/airflow/example_dags/example_task_group.py
[2025-04-17T12:43:12.881+0000] {processor.py:914} INFO - Processing file /home/airflow/.local/lib/python3.12/site-packages/airflow/example_dags/example_task_group.py for tasks to queue
[2025-04-17T12:43:12.886+0000] {logging_mixin.py:190} INFO - [2025-04-17T12:43:12.885+0000] {dagbag.py:588} INFO - Filling up the DagBag from /home/airflow/.local/lib/python3.12/site-packages/airflow/example_dags/example_task_group.py
[2025-04-17T12:43:12.916+0000] {processor.py:925} INFO - DAG(s) 'example_task_group' retrieved from /home/airflow/.local/lib/python3.12/site-packages/airflow/example_dags/example_task_group.py
[2025-04-17T12:43:12.985+0000] {logging_mixin.py:190} INFO - [2025-04-17T12:43:12.984+0000] {dag.py:3239} INFO - Sync 1 DAGs
[2025-04-17T12:43:13.060+0000] {logging_mixin.py:190} INFO - [2025-04-17T12:43:13.059+0000] {dag.py:4180} INFO - Setting next_dagrun for example_task_group to None, run_after=None
[2025-04-17T12:43:13.133+0000] {processor.py:208} INFO - Processing /home/airflow/.local/lib/python3.12/site-packages/airflow/example_dags/example_task_group.py took 0.273 seconds
[2025-04-17T12:43:44.989+0000] {processor.py:186} INFO - Started process (PID=7549) to work on /home/airflow/.local/lib/python3.12/site-packages/airflow/example_dags/example_task_group.py
[2025-04-17T12:43:44.991+0000] {processor.py:914} INFO - Processing file /home/airflow/.local/lib/python3.12/site-packages/airflow/example_dags/example_task_group.py for tasks to queue
[2025-04-17T12:43:44.993+0000] {logging_mixin.py:190} INFO - [2025-04-17T12:43:44.993+0000] {dagbag.py:588} INFO - Filling up the DagBag from /home/airflow/.local/lib/python3.12/site-packages/airflow/example_dags/example_task_group.py
[2025-04-17T12:43:45.010+0000] {processor.py:925} INFO - DAG(s) 'example_task_group' retrieved from /home/airflow/.local/lib/python3.12/site-packages/airflow/example_dags/example_task_group.py
[2025-04-17T12:43:45.048+0000] {logging_mixin.py:190} INFO - [2025-04-17T12:43:45.047+0000] {dag.py:3239} INFO - Sync 1 DAGs
[2025-04-17T12:43:45.076+0000] {logging_mixin.py:190} INFO - [2025-04-17T12:43:45.075+0000] {dag.py:4180} INFO - Setting next_dagrun for example_task_group to None, run_after=None
[2025-04-17T12:43:45.110+0000] {processor.py:208} INFO - Processing /home/airflow/.local/lib/python3.12/site-packages/airflow/example_dags/example_task_group.py took 0.132 seconds
[2025-04-17T12:44:21.391+0000] {processor.py:186} INFO - Started process (PID=7931) to work on /home/airflow/.local/lib/python3.12/site-packages/airflow/example_dags/example_task_group.py
[2025-04-17T12:44:21.396+0000] {processor.py:914} INFO - Processing file /home/airflow/.local/lib/python3.12/site-packages/airflow/example_dags/example_task_group.py for tasks to queue
[2025-04-17T12:44:21.401+0000] {logging_mixin.py:190} INFO - [2025-04-17T12:44:21.400+0000] {dagbag.py:588} INFO - Filling up the DagBag from /home/airflow/.local/lib/python3.12/site-packages/airflow/example_dags/example_task_group.py
[2025-04-17T12:44:21.448+0000] {processor.py:925} INFO - DAG(s) 'example_task_group' retrieved from /home/airflow/.local/lib/python3.12/site-packages/airflow/example_dags/example_task_group.py
[2025-04-17T12:44:21.520+0000] {logging_mixin.py:190} INFO - [2025-04-17T12:44:21.519+0000] {dag.py:3239} INFO - Sync 1 DAGs
[2025-04-17T12:44:21.573+0000] {logging_mixin.py:190} INFO - [2025-04-17T12:44:21.573+0000] {dag.py:4180} INFO - Setting next_dagrun for example_task_group to None, run_after=None
[2025-04-17T12:44:21.661+0000] {processor.py:208} INFO - Processing /home/airflow/.local/lib/python3.12/site-packages/airflow/example_dags/example_task_group.py took 0.289 seconds
[2025-04-17T12:44:52.663+0000] {processor.py:186} INFO - Started process (PID=8372) to work on /home/airflow/.local/lib/python3.12/site-packages/airflow/example_dags/example_task_group.py
[2025-04-17T12:44:52.666+0000] {processor.py:914} INFO - Processing file /home/airflow/.local/lib/python3.12/site-packages/airflow/example_dags/example_task_group.py for tasks to queue
[2025-04-17T12:44:52.669+0000] {logging_mixin.py:190} INFO - [2025-04-17T12:44:52.668+0000] {dagbag.py:588} INFO - Filling up the DagBag from /home/airflow/.local/lib/python3.12/site-packages/airflow/example_dags/example_task_group.py
[2025-04-17T12:44:52.688+0000] {processor.py:925} INFO - DAG(s) 'example_task_group' retrieved from /home/airflow/.local/lib/python3.12/site-packages/airflow/example_dags/example_task_group.py
[2025-04-17T12:44:52.806+0000] {logging_mixin.py:190} INFO - [2025-04-17T12:44:52.805+0000] {dag.py:3239} INFO - Sync 1 DAGs
[2025-04-17T12:44:52.843+0000] {logging_mixin.py:190} INFO - [2025-04-17T12:44:52.843+0000] {dag.py:4180} INFO - Setting next_dagrun for example_task_group to None, run_after=None
[2025-04-17T12:44:52.882+0000] {processor.py:208} INFO - Processing /home/airflow/.local/lib/python3.12/site-packages/airflow/example_dags/example_task_group.py took 0.250 seconds
[2025-04-17T12:45:24.933+0000] {processor.py:186} INFO - Started process (PID=8677) to work on /home/airflow/.local/lib/python3.12/site-packages/airflow/example_dags/example_task_group.py
[2025-04-17T12:45:24.936+0000] {processor.py:914} INFO - Processing file /home/airflow/.local/lib/python3.12/site-packages/airflow/example_dags/example_task_group.py for tasks to queue
[2025-04-17T12:45:24.941+0000] {logging_mixin.py:190} INFO - [2025-04-17T12:45:24.939+0000] {dagbag.py:588} INFO - Filling up the DagBag from /home/airflow/.local/lib/python3.12/site-packages/airflow/example_dags/example_task_group.py
[2025-04-17T12:45:24.972+0000] {processor.py:925} INFO - DAG(s) 'example_task_group' retrieved from /home/airflow/.local/lib/python3.12/site-packages/airflow/example_dags/example_task_group.py
[2025-04-17T12:45:25.023+0000] {logging_mixin.py:190} INFO - [2025-04-17T12:45:25.022+0000] {dag.py:3239} INFO - Sync 1 DAGs
[2025-04-17T12:45:25.061+0000] {logging_mixin.py:190} INFO - [2025-04-17T12:45:25.060+0000] {dag.py:4180} INFO - Setting next_dagrun for example_task_group to None, run_after=None
[2025-04-17T12:45:25.098+0000] {processor.py:208} INFO - Processing /home/airflow/.local/lib/python3.12/site-packages/airflow/example_dags/example_task_group.py took 0.188 seconds
[2025-04-17T12:45:57.271+0000] {processor.py:186} INFO - Started process (PID=8984) to work on /home/airflow/.local/lib/python3.12/site-packages/airflow/example_dags/example_task_group.py
[2025-04-17T12:45:57.273+0000] {processor.py:914} INFO - Processing file /home/airflow/.local/lib/python3.12/site-packages/airflow/example_dags/example_task_group.py for tasks to queue
[2025-04-17T12:45:57.275+0000] {logging_mixin.py:190} INFO - [2025-04-17T12:45:57.275+0000] {dagbag.py:588} INFO - Filling up the DagBag from /home/airflow/.local/lib/python3.12/site-packages/airflow/example_dags/example_task_group.py
[2025-04-17T12:45:57.290+0000] {processor.py:925} INFO - DAG(s) 'example_task_group' retrieved from /home/airflow/.local/lib/python3.12/site-packages/airflow/example_dags/example_task_group.py
[2025-04-17T12:45:57.325+0000] {logging_mixin.py:190} INFO - [2025-04-17T12:45:57.325+0000] {dag.py:3239} INFO - Sync 1 DAGs
[2025-04-17T12:45:57.351+0000] {logging_mixin.py:190} INFO - [2025-04-17T12:45:57.350+0000] {dag.py:4180} INFO - Setting next_dagrun for example_task_group to None, run_after=None
[2025-04-17T12:45:57.771+0000] {processor.py:208} INFO - Processing /home/airflow/.local/lib/python3.12/site-packages/airflow/example_dags/example_task_group.py took 0.509 seconds
[2025-04-17T12:46:28.395+0000] {processor.py:186} INFO - Started process (PID=9291) to work on /home/airflow/.local/lib/python3.12/site-packages/airflow/example_dags/example_task_group.py
[2025-04-17T12:46:28.396+0000] {processor.py:914} INFO - Processing file /home/airflow/.local/lib/python3.12/site-packages/airflow/example_dags/example_task_group.py for tasks to queue
[2025-04-17T12:46:28.399+0000] {logging_mixin.py:190} INFO - [2025-04-17T12:46:28.398+0000] {dagbag.py:588} INFO - Filling up the DagBag from /home/airflow/.local/lib/python3.12/site-packages/airflow/example_dags/example_task_group.py
[2025-04-17T12:46:28.415+0000] {processor.py:925} INFO - DAG(s) 'example_task_group' retrieved from /home/airflow/.local/lib/python3.12/site-packages/airflow/example_dags/example_task_group.py
[2025-04-17T12:46:28.453+0000] {logging_mixin.py:190} INFO - [2025-04-17T12:46:28.452+0000] {dag.py:3239} INFO - Sync 1 DAGs
[2025-04-17T12:46:28.481+0000] {logging_mixin.py:190} INFO - [2025-04-17T12:46:28.481+0000] {dag.py:4180} INFO - Setting next_dagrun for example_task_group to None, run_after=None
[2025-04-17T12:46:28.514+0000] {processor.py:208} INFO - Processing /home/airflow/.local/lib/python3.12/site-packages/airflow/example_dags/example_task_group.py took 0.129 seconds
[2025-04-17T12:47:00.442+0000] {processor.py:186} INFO - Started process (PID=9598) to work on /home/airflow/.local/lib/python3.12/site-packages/airflow/example_dags/example_task_group.py
[2025-04-17T12:47:00.444+0000] {processor.py:914} INFO - Processing file /home/airflow/.local/lib/python3.12/site-packages/airflow/example_dags/example_task_group.py for tasks to queue
[2025-04-17T12:47:00.448+0000] {logging_mixin.py:190} INFO - [2025-04-17T12:47:00.447+0000] {dagbag.py:588} INFO - Filling up the DagBag from /home/airflow/.local/lib/python3.12/site-packages/airflow/example_dags/example_task_group.py
[2025-04-17T12:47:00.473+0000] {processor.py:925} INFO - DAG(s) 'example_task_group' retrieved from /home/airflow/.local/lib/python3.12/site-packages/airflow/example_dags/example_task_group.py
[2025-04-17T12:47:00.527+0000] {logging_mixin.py:190} INFO - [2025-04-17T12:47:00.526+0000] {dag.py:3239} INFO - Sync 1 DAGs
[2025-04-17T12:47:00.563+0000] {logging_mixin.py:190} INFO - [2025-04-17T12:47:00.562+0000] {dag.py:4180} INFO - Setting next_dagrun for example_task_group to None, run_after=None
[2025-04-17T12:47:00.601+0000] {processor.py:208} INFO - Processing /home/airflow/.local/lib/python3.12/site-packages/airflow/example_dags/example_task_group.py took 0.177 seconds
[2025-04-17T12:47:32.605+0000] {processor.py:186} INFO - Started process (PID=9907) to work on /home/airflow/.local/lib/python3.12/site-packages/airflow/example_dags/example_task_group.py
[2025-04-17T12:47:32.609+0000] {processor.py:914} INFO - Processing file /home/airflow/.local/lib/python3.12/site-packages/airflow/example_dags/example_task_group.py for tasks to queue
[2025-04-17T12:47:32.613+0000] {logging_mixin.py:190} INFO - [2025-04-17T12:47:32.612+0000] {dagbag.py:588} INFO - Filling up the DagBag from /home/airflow/.local/lib/python3.12/site-packages/airflow/example_dags/example_task_group.py
[2025-04-17T12:47:32.636+0000] {processor.py:925} INFO - DAG(s) 'example_task_group' retrieved from /home/airflow/.local/lib/python3.12/site-packages/airflow/example_dags/example_task_group.py
[2025-04-17T12:47:32.684+0000] {logging_mixin.py:190} INFO - [2025-04-17T12:47:32.683+0000] {dag.py:3239} INFO - Sync 1 DAGs
[2025-04-17T12:47:32.729+0000] {logging_mixin.py:190} INFO - [2025-04-17T12:47:32.729+0000] {dag.py:4180} INFO - Setting next_dagrun for example_task_group to None, run_after=None
[2025-04-17T12:47:32.781+0000] {processor.py:208} INFO - Processing /home/airflow/.local/lib/python3.12/site-packages/airflow/example_dags/example_task_group.py took 0.191 seconds
[2025-04-17T12:48:04.668+0000] {processor.py:186} INFO - Started process (PID=10214) to work on /home/airflow/.local/lib/python3.12/site-packages/airflow/example_dags/example_task_group.py
[2025-04-17T12:48:04.670+0000] {processor.py:914} INFO - Processing file /home/airflow/.local/lib/python3.12/site-packages/airflow/example_dags/example_task_group.py for tasks to queue
[2025-04-17T12:48:04.674+0000] {logging_mixin.py:190} INFO - [2025-04-17T12:48:04.673+0000] {dagbag.py:588} INFO - Filling up the DagBag from /home/airflow/.local/lib/python3.12/site-packages/airflow/example_dags/example_task_group.py
[2025-04-17T12:48:04.693+0000] {processor.py:925} INFO - DAG(s) 'example_task_group' retrieved from /home/airflow/.local/lib/python3.12/site-packages/airflow/example_dags/example_task_group.py
[2025-04-17T12:48:04.756+0000] {logging_mixin.py:190} INFO - [2025-04-17T12:48:04.756+0000] {dag.py:3239} INFO - Sync 1 DAGs
[2025-04-17T12:48:04.798+0000] {logging_mixin.py:190} INFO - [2025-04-17T12:48:04.797+0000] {dag.py:4180} INFO - Setting next_dagrun for example_task_group to None, run_after=None
[2025-04-17T12:48:04.845+0000] {processor.py:208} INFO - Processing /home/airflow/.local/lib/python3.12/site-packages/airflow/example_dags/example_task_group.py took 0.191 seconds
