[2025-04-17T01:08:27.229+0000] {processor.py:186} INFO - Started process (PID=39531) to work on /home/airflow/.local/lib/python3.12/site-packages/airflow/example_dags/example_latest_only_with_trigger.py
[2025-04-17T01:08:27.234+0000] {processor.py:914} INFO - Processing file /home/airflow/.local/lib/python3.12/site-packages/airflow/example_dags/example_latest_only_with_trigger.py for tasks to queue
[2025-04-17T01:08:27.237+0000] {logging_mixin.py:190} INFO - [2025-04-17T01:08:27.236+0000] {dagbag.py:588} INFO - Filling up the DagBag from /home/airflow/.local/lib/python3.12/site-packages/airflow/example_dags/example_latest_only_with_trigger.py
[2025-04-17T01:08:27.305+0000] {processor.py:925} INFO - DAG(s) 'latest_only_with_trigger' retrieved from /home/airflow/.local/lib/python3.12/site-packages/airflow/example_dags/example_latest_only_with_trigger.py
[2025-04-17T01:08:28.709+0000] {logging_mixin.py:190} INFO - [2025-04-17T01:08:28.708+0000] {dag.py:3239} INFO - Sync 1 DAGs
[2025-04-17T01:08:29.322+0000] {logging_mixin.py:190} INFO - [2025-04-17T01:08:29.321+0000] {dag.py:4180} INFO - Setting next_dagrun for latest_only_with_trigger to 2025-04-16 20:00:00+00:00, run_after=2025-04-17 00:00:00+00:00
[2025-04-17T01:08:32.308+0000] {processor.py:208} INFO - Processing /home/airflow/.local/lib/python3.12/site-packages/airflow/example_dags/example_latest_only_with_trigger.py took 6.213 seconds
[2025-04-17T11:45:35.107+0000] {processor.py:186} INFO - Started process (PID=39944) to work on /home/airflow/.local/lib/python3.12/site-packages/airflow/example_dags/example_latest_only_with_trigger.py
[2025-04-17T11:45:35.388+0000] {processor.py:914} INFO - Processing file /home/airflow/.local/lib/python3.12/site-packages/airflow/example_dags/example_latest_only_with_trigger.py for tasks to queue
[2025-04-17T11:45:35.525+0000] {logging_mixin.py:190} INFO - [2025-04-17T11:45:35.473+0000] {dagbag.py:588} INFO - Filling up the DagBag from /home/airflow/.local/lib/python3.12/site-packages/airflow/example_dags/example_latest_only_with_trigger.py
[2025-04-17T11:45:36.448+0000] {processor.py:925} INFO - DAG(s) 'latest_only_with_trigger' retrieved from /home/airflow/.local/lib/python3.12/site-packages/airflow/example_dags/example_latest_only_with_trigger.py
[2025-04-17T11:45:45.990+0000] {logging_mixin.py:190} INFO - [2025-04-17T11:45:45.967+0000] {dag.py:3239} INFO - Sync 1 DAGs
[2025-04-17T11:45:49.861+0000] {logging_mixin.py:190} INFO - [2025-04-17T11:45:49.519+0000] {dag.py:4180} INFO - Setting next_dagrun for latest_only_with_trigger to 2025-04-17 04:00:00+00:00, run_after=2025-04-17 08:00:00+00:00
[2025-04-17T11:45:57.395+0000] {processor.py:208} INFO - Processing /home/airflow/.local/lib/python3.12/site-packages/airflow/example_dags/example_latest_only_with_trigger.py took 22.556 seconds
[2025-04-17T12:08:06.769+0000] {processor.py:186} INFO - Started process (PID=224) to work on /home/airflow/.local/lib/python3.12/site-packages/airflow/example_dags/example_latest_only_with_trigger.py
[2025-04-17T12:08:06.774+0000] {processor.py:914} INFO - Processing file /home/airflow/.local/lib/python3.12/site-packages/airflow/example_dags/example_latest_only_with_trigger.py for tasks to queue
[2025-04-17T12:08:06.782+0000] {logging_mixin.py:190} INFO - [2025-04-17T12:08:06.781+0000] {dagbag.py:588} INFO - Filling up the DagBag from /home/airflow/.local/lib/python3.12/site-packages/airflow/example_dags/example_latest_only_with_trigger.py
[2025-04-17T12:08:06.870+0000] {processor.py:925} INFO - DAG(s) 'latest_only_with_trigger' retrieved from /home/airflow/.local/lib/python3.12/site-packages/airflow/example_dags/example_latest_only_with_trigger.py
[2025-04-17T12:08:06.974+0000] {logging_mixin.py:190} INFO - [2025-04-17T12:08:06.973+0000] {dag.py:3239} INFO - Sync 1 DAGs
[2025-04-17T12:08:07.065+0000] {logging_mixin.py:190} INFO - [2025-04-17T12:08:07.064+0000] {dag.py:4180} INFO - Setting next_dagrun for latest_only_with_trigger to 2025-04-17 08:00:00+00:00, run_after=2025-04-17 12:00:00+00:00
[2025-04-17T12:08:07.114+0000] {processor.py:208} INFO - Processing /home/airflow/.local/lib/python3.12/site-packages/airflow/example_dags/example_latest_only_with_trigger.py took 0.363 seconds
[2025-04-17T12:11:23.932+0000] {processor.py:186} INFO - Started process (PID=893) to work on /home/airflow/.local/lib/python3.12/site-packages/airflow/example_dags/example_latest_only_with_trigger.py
[2025-04-17T12:11:24.134+0000] {processor.py:914} INFO - Processing file /home/airflow/.local/lib/python3.12/site-packages/airflow/example_dags/example_latest_only_with_trigger.py for tasks to queue
[2025-04-17T12:11:27.537+0000] {logging_mixin.py:190} INFO - [2025-04-17T12:11:26.639+0000] {dagbag.py:588} INFO - Filling up the DagBag from /home/airflow/.local/lib/python3.12/site-packages/airflow/example_dags/example_latest_only_with_trigger.py
[2025-04-17T12:11:37.251+0000] {processor.py:925} INFO - DAG(s) 'latest_only_with_trigger' retrieved from /home/airflow/.local/lib/python3.12/site-packages/airflow/example_dags/example_latest_only_with_trigger.py
[2025-04-17T12:11:47.163+0000] {logging_mixin.py:190} INFO - [2025-04-17T12:11:47.141+0000] {dag.py:3239} INFO - Sync 1 DAGs
[2025-04-17T12:11:48.862+0000] {logging_mixin.py:190} INFO - [2025-04-17T12:11:48.860+0000] {dag.py:4180} INFO - Setting next_dagrun for latest_only_with_trigger to 2025-04-17 08:00:00+00:00, run_after=2025-04-17 12:00:00+00:00
[2025-04-17T12:11:49.339+0000] {processor.py:208} INFO - Processing /home/airflow/.local/lib/python3.12/site-packages/airflow/example_dags/example_latest_only_with_trigger.py took 29.920 seconds
[2025-04-17T12:15:40.771+0000] {processor.py:186} INFO - Started process (PID=1101) to work on /home/airflow/.local/lib/python3.12/site-packages/airflow/example_dags/example_latest_only_with_trigger.py
[2025-04-17T12:15:40.773+0000] {processor.py:914} INFO - Processing file /home/airflow/.local/lib/python3.12/site-packages/airflow/example_dags/example_latest_only_with_trigger.py for tasks to queue
[2025-04-17T12:15:40.777+0000] {logging_mixin.py:190} INFO - [2025-04-17T12:15:40.776+0000] {dagbag.py:588} INFO - Filling up the DagBag from /home/airflow/.local/lib/python3.12/site-packages/airflow/example_dags/example_latest_only_with_trigger.py
[2025-04-17T12:15:40.794+0000] {processor.py:925} INFO - DAG(s) 'latest_only_with_trigger' retrieved from /home/airflow/.local/lib/python3.12/site-packages/airflow/example_dags/example_latest_only_with_trigger.py
[2025-04-17T12:15:40.838+0000] {logging_mixin.py:190} INFO - [2025-04-17T12:15:40.837+0000] {dag.py:3239} INFO - Sync 1 DAGs
[2025-04-17T12:15:40.884+0000] {logging_mixin.py:190} INFO - [2025-04-17T12:15:40.883+0000] {dag.py:4180} INFO - Setting next_dagrun for latest_only_with_trigger to 2025-04-17 08:00:00+00:00, run_after=2025-04-17 12:00:00+00:00
[2025-04-17T12:15:40.919+0000] {processor.py:208} INFO - Processing /home/airflow/.local/lib/python3.12/site-packages/airflow/example_dags/example_latest_only_with_trigger.py took 0.161 seconds
[2025-04-17T12:18:25.697+0000] {processor.py:186} INFO - Started process (PID=1639) to work on /home/airflow/.local/lib/python3.12/site-packages/airflow/example_dags/example_latest_only_with_trigger.py
[2025-04-17T12:18:25.731+0000] {processor.py:914} INFO - Processing file /home/airflow/.local/lib/python3.12/site-packages/airflow/example_dags/example_latest_only_with_trigger.py for tasks to queue
[2025-04-17T12:18:25.759+0000] {logging_mixin.py:190} INFO - [2025-04-17T12:18:25.752+0000] {dagbag.py:588} INFO - Filling up the DagBag from /home/airflow/.local/lib/python3.12/site-packages/airflow/example_dags/example_latest_only_with_trigger.py
[2025-04-17T12:18:26.047+0000] {processor.py:925} INFO - DAG(s) 'latest_only_with_trigger' retrieved from /home/airflow/.local/lib/python3.12/site-packages/airflow/example_dags/example_latest_only_with_trigger.py
[2025-04-17T12:18:26.572+0000] {logging_mixin.py:190} INFO - [2025-04-17T12:18:26.571+0000] {dag.py:3239} INFO - Sync 1 DAGs
[2025-04-17T12:18:26.853+0000] {logging_mixin.py:190} INFO - [2025-04-17T12:18:26.852+0000] {dag.py:4180} INFO - Setting next_dagrun for latest_only_with_trigger to 2025-04-17 08:00:00+00:00, run_after=2025-04-17 12:00:00+00:00
[2025-04-17T12:18:26.978+0000] {processor.py:208} INFO - Processing /home/airflow/.local/lib/python3.12/site-packages/airflow/example_dags/example_latest_only_with_trigger.py took 1.491 seconds
[2025-04-17T12:19:26.373+0000] {processor.py:186} INFO - Started process (PID=2135) to work on /home/airflow/.local/lib/python3.12/site-packages/airflow/example_dags/example_latest_only_with_trigger.py
[2025-04-17T12:19:26.385+0000] {processor.py:914} INFO - Processing file /home/airflow/.local/lib/python3.12/site-packages/airflow/example_dags/example_latest_only_with_trigger.py for tasks to queue
[2025-04-17T12:19:26.393+0000] {logging_mixin.py:190} INFO - [2025-04-17T12:19:26.392+0000] {dagbag.py:588} INFO - Filling up the DagBag from /home/airflow/.local/lib/python3.12/site-packages/airflow/example_dags/example_latest_only_with_trigger.py
[2025-04-17T12:19:26.481+0000] {processor.py:925} INFO - DAG(s) 'latest_only_with_trigger' retrieved from /home/airflow/.local/lib/python3.12/site-packages/airflow/example_dags/example_latest_only_with_trigger.py
[2025-04-17T12:19:26.606+0000] {logging_mixin.py:190} INFO - [2025-04-17T12:19:26.605+0000] {dag.py:3239} INFO - Sync 1 DAGs
[2025-04-17T12:19:26.766+0000] {logging_mixin.py:190} INFO - [2025-04-17T12:19:26.764+0000] {dag.py:4180} INFO - Setting next_dagrun for latest_only_with_trigger to 2025-04-17 08:00:00+00:00, run_after=2025-04-17 12:00:00+00:00
[2025-04-17T12:19:26.852+0000] {processor.py:208} INFO - Processing /home/airflow/.local/lib/python3.12/site-packages/airflow/example_dags/example_latest_only_with_trigger.py took 0.523 seconds
[2025-04-17T12:23:26.128+0000] {processor.py:186} INFO - Started process (PID=2471) to work on /home/airflow/.local/lib/python3.12/site-packages/airflow/example_dags/example_latest_only_with_trigger.py
[2025-04-17T12:23:26.145+0000] {processor.py:914} INFO - Processing file /home/airflow/.local/lib/python3.12/site-packages/airflow/example_dags/example_latest_only_with_trigger.py for tasks to queue
[2025-04-17T12:23:26.170+0000] {logging_mixin.py:190} INFO - [2025-04-17T12:23:26.165+0000] {dagbag.py:588} INFO - Filling up the DagBag from /home/airflow/.local/lib/python3.12/site-packages/airflow/example_dags/example_latest_only_with_trigger.py
[2025-04-17T12:23:26.663+0000] {processor.py:925} INFO - DAG(s) 'latest_only_with_trigger' retrieved from /home/airflow/.local/lib/python3.12/site-packages/airflow/example_dags/example_latest_only_with_trigger.py
[2025-04-17T12:23:27.690+0000] {logging_mixin.py:190} INFO - [2025-04-17T12:23:27.673+0000] {dag.py:3239} INFO - Sync 1 DAGs
[2025-04-17T12:23:30.075+0000] {logging_mixin.py:190} INFO - [2025-04-17T12:23:30.040+0000] {dag.py:4180} INFO - Setting next_dagrun for latest_only_with_trigger to 2025-04-17 08:00:00+00:00, run_after=2025-04-17 12:00:00+00:00
[2025-04-17T12:23:31.319+0000] {processor.py:208} INFO - Processing /home/airflow/.local/lib/python3.12/site-packages/airflow/example_dags/example_latest_only_with_trigger.py took 5.406 seconds
[2025-04-17T12:24:55.117+0000] {processor.py:186} INFO - Started process (PID=2853) to work on /home/airflow/.local/lib/python3.12/site-packages/airflow/example_dags/example_latest_only_with_trigger.py
[2025-04-17T12:24:55.120+0000] {processor.py:914} INFO - Processing file /home/airflow/.local/lib/python3.12/site-packages/airflow/example_dags/example_latest_only_with_trigger.py for tasks to queue
[2025-04-17T12:24:55.123+0000] {logging_mixin.py:190} INFO - [2025-04-17T12:24:55.122+0000] {dagbag.py:588} INFO - Filling up the DagBag from /home/airflow/.local/lib/python3.12/site-packages/airflow/example_dags/example_latest_only_with_trigger.py
[2025-04-17T12:24:55.139+0000] {processor.py:925} INFO - DAG(s) 'latest_only_with_trigger' retrieved from /home/airflow/.local/lib/python3.12/site-packages/airflow/example_dags/example_latest_only_with_trigger.py
[2025-04-17T12:24:55.178+0000] {logging_mixin.py:190} INFO - [2025-04-17T12:24:55.178+0000] {dag.py:3239} INFO - Sync 1 DAGs
[2025-04-17T12:24:55.227+0000] {logging_mixin.py:190} INFO - [2025-04-17T12:24:55.226+0000] {dag.py:4180} INFO - Setting next_dagrun for latest_only_with_trigger to 2025-04-17 08:00:00+00:00, run_after=2025-04-17 12:00:00+00:00
[2025-04-17T12:24:55.267+0000] {processor.py:208} INFO - Processing /home/airflow/.local/lib/python3.12/site-packages/airflow/example_dags/example_latest_only_with_trigger.py took 0.161 seconds
[2025-04-17T12:25:58.239+0000] {processor.py:186} INFO - Started process (PID=3265) to work on /home/airflow/.local/lib/python3.12/site-packages/airflow/example_dags/example_latest_only_with_trigger.py
[2025-04-17T12:25:58.396+0000] {processor.py:914} INFO - Processing file /home/airflow/.local/lib/python3.12/site-packages/airflow/example_dags/example_latest_only_with_trigger.py for tasks to queue
[2025-04-17T12:25:58.536+0000] {logging_mixin.py:190} INFO - [2025-04-17T12:25:58.494+0000] {dagbag.py:588} INFO - Filling up the DagBag from /home/airflow/.local/lib/python3.12/site-packages/airflow/example_dags/example_latest_only_with_trigger.py
[2025-04-17T12:25:59.826+0000] {processor.py:925} INFO - DAG(s) 'latest_only_with_trigger' retrieved from /home/airflow/.local/lib/python3.12/site-packages/airflow/example_dags/example_latest_only_with_trigger.py
[2025-04-17T12:26:02.640+0000] {logging_mixin.py:190} INFO - [2025-04-17T12:26:02.578+0000] {dag.py:3239} INFO - Sync 1 DAGs
[2025-04-17T12:26:03.969+0000] {logging_mixin.py:190} INFO - [2025-04-17T12:26:03.967+0000] {dag.py:4180} INFO - Setting next_dagrun for latest_only_with_trigger to 2025-04-17 08:00:00+00:00, run_after=2025-04-17 12:00:00+00:00
[2025-04-17T12:26:05.052+0000] {processor.py:208} INFO - Processing /home/airflow/.local/lib/python3.12/site-packages/airflow/example_dags/example_latest_only_with_trigger.py took 8.868 seconds
[2025-04-17T12:35:09.132+0000] {processor.py:186} INFO - Started process (PID=3847) to work on /home/airflow/.local/lib/python3.12/site-packages/airflow/example_dags/example_latest_only_with_trigger.py
[2025-04-17T12:35:09.245+0000] {processor.py:914} INFO - Processing file /home/airflow/.local/lib/python3.12/site-packages/airflow/example_dags/example_latest_only_with_trigger.py for tasks to queue
[2025-04-17T12:35:09.309+0000] {logging_mixin.py:190} INFO - [2025-04-17T12:35:09.282+0000] {dagbag.py:588} INFO - Filling up the DagBag from /home/airflow/.local/lib/python3.12/site-packages/airflow/example_dags/example_latest_only_with_trigger.py
[2025-04-17T12:35:09.802+0000] {processor.py:925} INFO - DAG(s) 'latest_only_with_trigger' retrieved from /home/airflow/.local/lib/python3.12/site-packages/airflow/example_dags/example_latest_only_with_trigger.py
[2025-04-17T12:35:10.058+0000] {logging_mixin.py:190} INFO - [2025-04-17T12:35:10.057+0000] {dag.py:3239} INFO - Sync 1 DAGs
[2025-04-17T12:35:10.392+0000] {logging_mixin.py:190} INFO - [2025-04-17T12:35:10.390+0000] {dag.py:4180} INFO - Setting next_dagrun for latest_only_with_trigger to 2025-04-17 08:00:00+00:00, run_after=2025-04-17 12:00:00+00:00
[2025-04-17T12:35:10.502+0000] {processor.py:208} INFO - Processing /home/airflow/.local/lib/python3.12/site-packages/airflow/example_dags/example_latest_only_with_trigger.py took 1.521 seconds
[2025-04-17T12:35:50.979+0000] {processor.py:186} INFO - Started process (PID=4166) to work on /home/airflow/.local/lib/python3.12/site-packages/airflow/example_dags/example_latest_only_with_trigger.py
[2025-04-17T12:35:51.009+0000] {processor.py:914} INFO - Processing file /home/airflow/.local/lib/python3.12/site-packages/airflow/example_dags/example_latest_only_with_trigger.py for tasks to queue
[2025-04-17T12:35:51.040+0000] {logging_mixin.py:190} INFO - [2025-04-17T12:35:51.040+0000] {dagbag.py:588} INFO - Filling up the DagBag from /home/airflow/.local/lib/python3.12/site-packages/airflow/example_dags/example_latest_only_with_trigger.py
[2025-04-17T12:35:51.059+0000] {processor.py:925} INFO - DAG(s) 'latest_only_with_trigger' retrieved from /home/airflow/.local/lib/python3.12/site-packages/airflow/example_dags/example_latest_only_with_trigger.py
[2025-04-17T12:35:51.131+0000] {logging_mixin.py:190} INFO - [2025-04-17T12:35:51.130+0000] {dag.py:3239} INFO - Sync 1 DAGs
[2025-04-17T12:35:51.214+0000] {logging_mixin.py:190} INFO - [2025-04-17T12:35:51.214+0000] {dag.py:4180} INFO - Setting next_dagrun for latest_only_with_trigger to 2025-04-17 08:00:00+00:00, run_after=2025-04-17 12:00:00+00:00
[2025-04-17T12:35:51.313+0000] {processor.py:208} INFO - Processing /home/airflow/.local/lib/python3.12/site-packages/airflow/example_dags/example_latest_only_with_trigger.py took 0.384 seconds
[2025-04-17T12:36:23.398+0000] {processor.py:186} INFO - Started process (PID=4355) to work on /home/airflow/.local/lib/python3.12/site-packages/airflow/example_dags/example_latest_only_with_trigger.py
[2025-04-17T12:36:23.400+0000] {processor.py:914} INFO - Processing file /home/airflow/.local/lib/python3.12/site-packages/airflow/example_dags/example_latest_only_with_trigger.py for tasks to queue
[2025-04-17T12:36:23.403+0000] {logging_mixin.py:190} INFO - [2025-04-17T12:36:23.402+0000] {dagbag.py:588} INFO - Filling up the DagBag from /home/airflow/.local/lib/python3.12/site-packages/airflow/example_dags/example_latest_only_with_trigger.py
[2025-04-17T12:36:23.421+0000] {processor.py:925} INFO - DAG(s) 'latest_only_with_trigger' retrieved from /home/airflow/.local/lib/python3.12/site-packages/airflow/example_dags/example_latest_only_with_trigger.py
[2025-04-17T12:36:23.465+0000] {logging_mixin.py:190} INFO - [2025-04-17T12:36:23.464+0000] {dag.py:3239} INFO - Sync 1 DAGs
[2025-04-17T12:36:23.586+0000] {logging_mixin.py:190} INFO - [2025-04-17T12:36:23.586+0000] {dag.py:4180} INFO - Setting next_dagrun for latest_only_with_trigger to 2025-04-17 08:00:00+00:00, run_after=2025-04-17 12:00:00+00:00
[2025-04-17T12:36:23.636+0000] {processor.py:208} INFO - Processing /home/airflow/.local/lib/python3.12/site-packages/airflow/example_dags/example_latest_only_with_trigger.py took 0.253 seconds
[2025-04-17T12:37:06.592+0000] {processor.py:186} INFO - Started process (PID=4662) to work on /home/airflow/.local/lib/python3.12/site-packages/airflow/example_dags/example_latest_only_with_trigger.py
[2025-04-17T12:37:06.690+0000] {processor.py:914} INFO - Processing file /home/airflow/.local/lib/python3.12/site-packages/airflow/example_dags/example_latest_only_with_trigger.py for tasks to queue
[2025-04-17T12:37:06.694+0000] {logging_mixin.py:190} INFO - [2025-04-17T12:37:06.693+0000] {dagbag.py:588} INFO - Filling up the DagBag from /home/airflow/.local/lib/python3.12/site-packages/airflow/example_dags/example_latest_only_with_trigger.py
[2025-04-17T12:37:06.711+0000] {processor.py:925} INFO - DAG(s) 'latest_only_with_trigger' retrieved from /home/airflow/.local/lib/python3.12/site-packages/airflow/example_dags/example_latest_only_with_trigger.py
[2025-04-17T12:37:06.755+0000] {logging_mixin.py:190} INFO - [2025-04-17T12:37:06.754+0000] {dag.py:3239} INFO - Sync 1 DAGs
[2025-04-17T12:37:06.812+0000] {logging_mixin.py:190} INFO - [2025-04-17T12:37:06.811+0000] {dag.py:4180} INFO - Setting next_dagrun for latest_only_with_trigger to 2025-04-17 08:00:00+00:00, run_after=2025-04-17 12:00:00+00:00
[2025-04-17T12:37:07.070+0000] {processor.py:208} INFO - Processing /home/airflow/.local/lib/python3.12/site-packages/airflow/example_dags/example_latest_only_with_trigger.py took 0.490 seconds
[2025-04-17T12:37:37.256+0000] {processor.py:186} INFO - Started process (PID=4960) to work on /home/airflow/.local/lib/python3.12/site-packages/airflow/example_dags/example_latest_only_with_trigger.py
[2025-04-17T12:37:37.258+0000] {processor.py:914} INFO - Processing file /home/airflow/.local/lib/python3.12/site-packages/airflow/example_dags/example_latest_only_with_trigger.py for tasks to queue
[2025-04-17T12:37:37.260+0000] {logging_mixin.py:190} INFO - [2025-04-17T12:37:37.259+0000] {dagbag.py:588} INFO - Filling up the DagBag from /home/airflow/.local/lib/python3.12/site-packages/airflow/example_dags/example_latest_only_with_trigger.py
[2025-04-17T12:37:37.274+0000] {processor.py:925} INFO - DAG(s) 'latest_only_with_trigger' retrieved from /home/airflow/.local/lib/python3.12/site-packages/airflow/example_dags/example_latest_only_with_trigger.py
[2025-04-17T12:37:37.309+0000] {logging_mixin.py:190} INFO - [2025-04-17T12:37:37.309+0000] {dag.py:3239} INFO - Sync 1 DAGs
[2025-04-17T12:37:37.356+0000] {logging_mixin.py:190} INFO - [2025-04-17T12:37:37.356+0000] {dag.py:4180} INFO - Setting next_dagrun for latest_only_with_trigger to 2025-04-17 08:00:00+00:00, run_after=2025-04-17 12:00:00+00:00
[2025-04-17T12:37:37.385+0000] {processor.py:208} INFO - Processing /home/airflow/.local/lib/python3.12/site-packages/airflow/example_dags/example_latest_only_with_trigger.py took 0.139 seconds
[2025-04-17T12:38:09.624+0000] {processor.py:186} INFO - Started process (PID=5252) to work on /home/airflow/.local/lib/python3.12/site-packages/airflow/example_dags/example_latest_only_with_trigger.py
[2025-04-17T12:38:09.627+0000] {processor.py:914} INFO - Processing file /home/airflow/.local/lib/python3.12/site-packages/airflow/example_dags/example_latest_only_with_trigger.py for tasks to queue
[2025-04-17T12:38:09.633+0000] {logging_mixin.py:190} INFO - [2025-04-17T12:38:09.632+0000] {dagbag.py:588} INFO - Filling up the DagBag from /home/airflow/.local/lib/python3.12/site-packages/airflow/example_dags/example_latest_only_with_trigger.py
[2025-04-17T12:38:09.656+0000] {processor.py:925} INFO - DAG(s) 'latest_only_with_trigger' retrieved from /home/airflow/.local/lib/python3.12/site-packages/airflow/example_dags/example_latest_only_with_trigger.py
[2025-04-17T12:38:09.708+0000] {logging_mixin.py:190} INFO - [2025-04-17T12:38:09.707+0000] {dag.py:3239} INFO - Sync 1 DAGs
[2025-04-17T12:38:09.775+0000] {logging_mixin.py:190} INFO - [2025-04-17T12:38:09.774+0000] {dag.py:4180} INFO - Setting next_dagrun for latest_only_with_trigger to 2025-04-17 08:00:00+00:00, run_after=2025-04-17 12:00:00+00:00
[2025-04-17T12:38:09.823+0000] {processor.py:208} INFO - Processing /home/airflow/.local/lib/python3.12/site-packages/airflow/example_dags/example_latest_only_with_trigger.py took 0.214 seconds
[2025-04-17T12:38:40.858+0000] {processor.py:186} INFO - Started process (PID=5559) to work on /home/airflow/.local/lib/python3.12/site-packages/airflow/example_dags/example_latest_only_with_trigger.py
[2025-04-17T12:38:40.861+0000] {processor.py:914} INFO - Processing file /home/airflow/.local/lib/python3.12/site-packages/airflow/example_dags/example_latest_only_with_trigger.py for tasks to queue
[2025-04-17T12:38:40.864+0000] {logging_mixin.py:190} INFO - [2025-04-17T12:38:40.863+0000] {dagbag.py:588} INFO - Filling up the DagBag from /home/airflow/.local/lib/python3.12/site-packages/airflow/example_dags/example_latest_only_with_trigger.py
[2025-04-17T12:38:40.885+0000] {processor.py:925} INFO - DAG(s) 'latest_only_with_trigger' retrieved from /home/airflow/.local/lib/python3.12/site-packages/airflow/example_dags/example_latest_only_with_trigger.py
[2025-04-17T12:38:40.936+0000] {logging_mixin.py:190} INFO - [2025-04-17T12:38:40.934+0000] {dag.py:3239} INFO - Sync 1 DAGs
[2025-04-17T12:38:40.989+0000] {logging_mixin.py:190} INFO - [2025-04-17T12:38:40.988+0000] {dag.py:4180} INFO - Setting next_dagrun for latest_only_with_trigger to 2025-04-17 08:00:00+00:00, run_after=2025-04-17 12:00:00+00:00
[2025-04-17T12:38:41.039+0000] {processor.py:208} INFO - Processing /home/airflow/.local/lib/python3.12/site-packages/airflow/example_dags/example_latest_only_with_trigger.py took 0.192 seconds
[2025-04-17T12:39:14.601+0000] {processor.py:186} INFO - Started process (PID=5851) to work on /home/airflow/.local/lib/python3.12/site-packages/airflow/example_dags/example_latest_only_with_trigger.py
[2025-04-17T12:39:14.611+0000] {processor.py:914} INFO - Processing file /home/airflow/.local/lib/python3.12/site-packages/airflow/example_dags/example_latest_only_with_trigger.py for tasks to queue
[2025-04-17T12:39:14.614+0000] {logging_mixin.py:190} INFO - [2025-04-17T12:39:14.614+0000] {dagbag.py:588} INFO - Filling up the DagBag from /home/airflow/.local/lib/python3.12/site-packages/airflow/example_dags/example_latest_only_with_trigger.py
[2025-04-17T12:39:14.629+0000] {processor.py:925} INFO - DAG(s) 'latest_only_with_trigger' retrieved from /home/airflow/.local/lib/python3.12/site-packages/airflow/example_dags/example_latest_only_with_trigger.py
[2025-04-17T12:39:14.665+0000] {logging_mixin.py:190} INFO - [2025-04-17T12:39:14.665+0000] {dag.py:3239} INFO - Sync 1 DAGs
[2025-04-17T12:39:14.728+0000] {logging_mixin.py:190} INFO - [2025-04-17T12:39:14.728+0000] {dag.py:4180} INFO - Setting next_dagrun for latest_only_with_trigger to 2025-04-17 08:00:00+00:00, run_after=2025-04-17 12:00:00+00:00
[2025-04-17T12:39:14.846+0000] {processor.py:208} INFO - Processing /home/airflow/.local/lib/python3.12/site-packages/airflow/example_dags/example_latest_only_with_trigger.py took 0.257 seconds
[2025-04-17T12:39:47.095+0000] {processor.py:186} INFO - Started process (PID=6172) to work on /home/airflow/.local/lib/python3.12/site-packages/airflow/example_dags/example_latest_only_with_trigger.py
[2025-04-17T12:39:47.098+0000] {processor.py:914} INFO - Processing file /home/airflow/.local/lib/python3.12/site-packages/airflow/example_dags/example_latest_only_with_trigger.py for tasks to queue
[2025-04-17T12:39:47.101+0000] {logging_mixin.py:190} INFO - [2025-04-17T12:39:47.100+0000] {dagbag.py:588} INFO - Filling up the DagBag from /home/airflow/.local/lib/python3.12/site-packages/airflow/example_dags/example_latest_only_with_trigger.py
[2025-04-17T12:39:47.124+0000] {processor.py:925} INFO - DAG(s) 'latest_only_with_trigger' retrieved from /home/airflow/.local/lib/python3.12/site-packages/airflow/example_dags/example_latest_only_with_trigger.py
[2025-04-17T12:39:47.176+0000] {logging_mixin.py:190} INFO - [2025-04-17T12:39:47.175+0000] {dag.py:3239} INFO - Sync 1 DAGs
[2025-04-17T12:39:47.232+0000] {logging_mixin.py:190} INFO - [2025-04-17T12:39:47.231+0000] {dag.py:4180} INFO - Setting next_dagrun for latest_only_with_trigger to 2025-04-17 08:00:00+00:00, run_after=2025-04-17 12:00:00+00:00
[2025-04-17T12:39:47.325+0000] {processor.py:208} INFO - Processing /home/airflow/.local/lib/python3.12/site-packages/airflow/example_dags/example_latest_only_with_trigger.py took 0.244 seconds
[2025-04-17T12:40:28.551+0000] {processor.py:186} INFO - Started process (PID=6529) to work on /home/airflow/.local/lib/python3.12/site-packages/airflow/example_dags/example_latest_only_with_trigger.py
[2025-04-17T12:40:28.559+0000] {processor.py:914} INFO - Processing file /home/airflow/.local/lib/python3.12/site-packages/airflow/example_dags/example_latest_only_with_trigger.py for tasks to queue
[2025-04-17T12:40:28.584+0000] {logging_mixin.py:190} INFO - [2025-04-17T12:40:28.582+0000] {dagbag.py:588} INFO - Filling up the DagBag from /home/airflow/.local/lib/python3.12/site-packages/airflow/example_dags/example_latest_only_with_trigger.py
[2025-04-17T12:40:28.692+0000] {processor.py:925} INFO - DAG(s) 'latest_only_with_trigger' retrieved from /home/airflow/.local/lib/python3.12/site-packages/airflow/example_dags/example_latest_only_with_trigger.py
[2025-04-17T12:40:28.970+0000] {logging_mixin.py:190} INFO - [2025-04-17T12:40:28.968+0000] {dag.py:3239} INFO - Sync 1 DAGs
[2025-04-17T12:40:29.170+0000] {logging_mixin.py:190} INFO - [2025-04-17T12:40:29.169+0000] {dag.py:4180} INFO - Setting next_dagrun for latest_only_with_trigger to 2025-04-17 08:00:00+00:00, run_after=2025-04-17 12:00:00+00:00
[2025-04-17T12:40:29.306+0000] {processor.py:208} INFO - Processing /home/airflow/.local/lib/python3.12/site-packages/airflow/example_dags/example_latest_only_with_trigger.py took 0.792 seconds
[2025-04-17T12:42:35.193+0000] {processor.py:186} INFO - Started process (PID=6705) to work on /home/airflow/.local/lib/python3.12/site-packages/airflow/example_dags/example_latest_only_with_trigger.py
[2025-04-17T12:42:35.196+0000] {processor.py:914} INFO - Processing file /home/airflow/.local/lib/python3.12/site-packages/airflow/example_dags/example_latest_only_with_trigger.py for tasks to queue
[2025-04-17T12:42:35.199+0000] {logging_mixin.py:190} INFO - [2025-04-17T12:42:35.198+0000] {dagbag.py:588} INFO - Filling up the DagBag from /home/airflow/.local/lib/python3.12/site-packages/airflow/example_dags/example_latest_only_with_trigger.py
[2025-04-17T12:42:35.218+0000] {processor.py:925} INFO - DAG(s) 'latest_only_with_trigger' retrieved from /home/airflow/.local/lib/python3.12/site-packages/airflow/example_dags/example_latest_only_with_trigger.py
[2025-04-17T12:42:35.261+0000] {logging_mixin.py:190} INFO - [2025-04-17T12:42:35.261+0000] {dag.py:3239} INFO - Sync 1 DAGs
[2025-04-17T12:42:35.318+0000] {logging_mixin.py:190} INFO - [2025-04-17T12:42:35.317+0000] {dag.py:4180} INFO - Setting next_dagrun for latest_only_with_trigger to 2025-04-17 08:00:00+00:00, run_after=2025-04-17 12:00:00+00:00
[2025-04-17T12:42:35.364+0000] {processor.py:208} INFO - Processing /home/airflow/.local/lib/python3.12/site-packages/airflow/example_dags/example_latest_only_with_trigger.py took 0.183 seconds
[2025-04-17T12:43:07.434+0000] {processor.py:186} INFO - Started process (PID=7126) to work on /home/airflow/.local/lib/python3.12/site-packages/airflow/example_dags/example_latest_only_with_trigger.py
[2025-04-17T12:43:07.435+0000] {processor.py:914} INFO - Processing file /home/airflow/.local/lib/python3.12/site-packages/airflow/example_dags/example_latest_only_with_trigger.py for tasks to queue
[2025-04-17T12:43:07.438+0000] {logging_mixin.py:190} INFO - [2025-04-17T12:43:07.437+0000] {dagbag.py:588} INFO - Filling up the DagBag from /home/airflow/.local/lib/python3.12/site-packages/airflow/example_dags/example_latest_only_with_trigger.py
[2025-04-17T12:43:07.455+0000] {processor.py:925} INFO - DAG(s) 'latest_only_with_trigger' retrieved from /home/airflow/.local/lib/python3.12/site-packages/airflow/example_dags/example_latest_only_with_trigger.py
[2025-04-17T12:43:07.496+0000] {logging_mixin.py:190} INFO - [2025-04-17T12:43:07.495+0000] {dag.py:3239} INFO - Sync 1 DAGs
[2025-04-17T12:43:07.551+0000] {logging_mixin.py:190} INFO - [2025-04-17T12:43:07.551+0000] {dag.py:4180} INFO - Setting next_dagrun for latest_only_with_trigger to 2025-04-17 08:00:00+00:00, run_after=2025-04-17 12:00:00+00:00
[2025-04-17T12:43:07.595+0000] {processor.py:208} INFO - Processing /home/airflow/.local/lib/python3.12/site-packages/airflow/example_dags/example_latest_only_with_trigger.py took 0.174 seconds
[2025-04-17T12:43:37.909+0000] {processor.py:186} INFO - Started process (PID=7418) to work on /home/airflow/.local/lib/python3.12/site-packages/airflow/example_dags/example_latest_only_with_trigger.py
[2025-04-17T12:43:37.927+0000] {processor.py:914} INFO - Processing file /home/airflow/.local/lib/python3.12/site-packages/airflow/example_dags/example_latest_only_with_trigger.py for tasks to queue
[2025-04-17T12:43:37.931+0000] {logging_mixin.py:190} INFO - [2025-04-17T12:43:37.930+0000] {dagbag.py:588} INFO - Filling up the DagBag from /home/airflow/.local/lib/python3.12/site-packages/airflow/example_dags/example_latest_only_with_trigger.py
[2025-04-17T12:43:38.019+0000] {processor.py:925} INFO - DAG(s) 'latest_only_with_trigger' retrieved from /home/airflow/.local/lib/python3.12/site-packages/airflow/example_dags/example_latest_only_with_trigger.py
[2025-04-17T12:43:38.116+0000] {logging_mixin.py:190} INFO - [2025-04-17T12:43:38.116+0000] {dag.py:3239} INFO - Sync 1 DAGs
[2025-04-17T12:43:38.191+0000] {logging_mixin.py:190} INFO - [2025-04-17T12:43:38.190+0000] {dag.py:4180} INFO - Setting next_dagrun for latest_only_with_trigger to 2025-04-17 08:00:00+00:00, run_after=2025-04-17 12:00:00+00:00
[2025-04-17T12:43:38.234+0000] {processor.py:208} INFO - Processing /home/airflow/.local/lib/python3.12/site-packages/airflow/example_dags/example_latest_only_with_trigger.py took 0.369 seconds
[2025-04-17T12:44:08.867+0000] {processor.py:186} INFO - Started process (PID=7748) to work on /home/airflow/.local/lib/python3.12/site-packages/airflow/example_dags/example_latest_only_with_trigger.py
[2025-04-17T12:44:08.869+0000] {processor.py:914} INFO - Processing file /home/airflow/.local/lib/python3.12/site-packages/airflow/example_dags/example_latest_only_with_trigger.py for tasks to queue
[2025-04-17T12:44:08.871+0000] {logging_mixin.py:190} INFO - [2025-04-17T12:44:08.870+0000] {dagbag.py:588} INFO - Filling up the DagBag from /home/airflow/.local/lib/python3.12/site-packages/airflow/example_dags/example_latest_only_with_trigger.py
[2025-04-17T12:44:08.885+0000] {processor.py:925} INFO - DAG(s) 'latest_only_with_trigger' retrieved from /home/airflow/.local/lib/python3.12/site-packages/airflow/example_dags/example_latest_only_with_trigger.py
[2025-04-17T12:44:08.921+0000] {logging_mixin.py:190} INFO - [2025-04-17T12:44:08.921+0000] {dag.py:3239} INFO - Sync 1 DAGs
[2025-04-17T12:44:08.966+0000] {logging_mixin.py:190} INFO - [2025-04-17T12:44:08.965+0000] {dag.py:4180} INFO - Setting next_dagrun for latest_only_with_trigger to 2025-04-17 08:00:00+00:00, run_after=2025-04-17 12:00:00+00:00
[2025-04-17T12:44:09.039+0000] {processor.py:208} INFO - Processing /home/airflow/.local/lib/python3.12/site-packages/airflow/example_dags/example_latest_only_with_trigger.py took 0.182 seconds
[2025-04-17T12:44:39.870+0000] {processor.py:186} INFO - Started process (PID=8205) to work on /home/airflow/.local/lib/python3.12/site-packages/airflow/example_dags/example_latest_only_with_trigger.py
[2025-04-17T12:44:39.872+0000] {processor.py:914} INFO - Processing file /home/airflow/.local/lib/python3.12/site-packages/airflow/example_dags/example_latest_only_with_trigger.py for tasks to queue
[2025-04-17T12:44:39.876+0000] {logging_mixin.py:190} INFO - [2025-04-17T12:44:39.875+0000] {dagbag.py:588} INFO - Filling up the DagBag from /home/airflow/.local/lib/python3.12/site-packages/airflow/example_dags/example_latest_only_with_trigger.py
[2025-04-17T12:44:39.898+0000] {processor.py:925} INFO - DAG(s) 'latest_only_with_trigger' retrieved from /home/airflow/.local/lib/python3.12/site-packages/airflow/example_dags/example_latest_only_with_trigger.py
[2025-04-17T12:44:39.945+0000] {logging_mixin.py:190} INFO - [2025-04-17T12:44:39.945+0000] {dag.py:3239} INFO - Sync 1 DAGs
[2025-04-17T12:44:40.005+0000] {logging_mixin.py:190} INFO - [2025-04-17T12:44:40.004+0000] {dag.py:4180} INFO - Setting next_dagrun for latest_only_with_trigger to 2025-04-17 08:00:00+00:00, run_after=2025-04-17 12:00:00+00:00
[2025-04-17T12:44:40.047+0000] {processor.py:208} INFO - Processing /home/airflow/.local/lib/python3.12/site-packages/airflow/example_dags/example_latest_only_with_trigger.py took 0.192 seconds
[2025-04-17T12:45:10.192+0000] {processor.py:186} INFO - Started process (PID=8532) to work on /home/airflow/.local/lib/python3.12/site-packages/airflow/example_dags/example_latest_only_with_trigger.py
[2025-04-17T12:45:10.241+0000] {processor.py:914} INFO - Processing file /home/airflow/.local/lib/python3.12/site-packages/airflow/example_dags/example_latest_only_with_trigger.py for tasks to queue
[2025-04-17T12:45:10.244+0000] {logging_mixin.py:190} INFO - [2025-04-17T12:45:10.243+0000] {dagbag.py:588} INFO - Filling up the DagBag from /home/airflow/.local/lib/python3.12/site-packages/airflow/example_dags/example_latest_only_with_trigger.py
[2025-04-17T12:45:10.258+0000] {processor.py:925} INFO - DAG(s) 'latest_only_with_trigger' retrieved from /home/airflow/.local/lib/python3.12/site-packages/airflow/example_dags/example_latest_only_with_trigger.py
[2025-04-17T12:45:10.293+0000] {logging_mixin.py:190} INFO - [2025-04-17T12:45:10.292+0000] {dag.py:3239} INFO - Sync 1 DAGs
[2025-04-17T12:45:10.341+0000] {logging_mixin.py:190} INFO - [2025-04-17T12:45:10.340+0000] {dag.py:4180} INFO - Setting next_dagrun for latest_only_with_trigger to 2025-04-17 08:00:00+00:00, run_after=2025-04-17 12:00:00+00:00
[2025-04-17T12:45:10.507+0000] {processor.py:208} INFO - Processing /home/airflow/.local/lib/python3.12/site-packages/airflow/example_dags/example_latest_only_with_trigger.py took 0.325 seconds
[2025-04-17T12:45:40.633+0000] {processor.py:186} INFO - Started process (PID=8839) to work on /home/airflow/.local/lib/python3.12/site-packages/airflow/example_dags/example_latest_only_with_trigger.py
[2025-04-17T12:45:40.635+0000] {processor.py:914} INFO - Processing file /home/airflow/.local/lib/python3.12/site-packages/airflow/example_dags/example_latest_only_with_trigger.py for tasks to queue
[2025-04-17T12:45:40.638+0000] {logging_mixin.py:190} INFO - [2025-04-17T12:45:40.637+0000] {dagbag.py:588} INFO - Filling up the DagBag from /home/airflow/.local/lib/python3.12/site-packages/airflow/example_dags/example_latest_only_with_trigger.py
[2025-04-17T12:45:40.654+0000] {processor.py:925} INFO - DAG(s) 'latest_only_with_trigger' retrieved from /home/airflow/.local/lib/python3.12/site-packages/airflow/example_dags/example_latest_only_with_trigger.py
[2025-04-17T12:45:40.693+0000] {logging_mixin.py:190} INFO - [2025-04-17T12:45:40.692+0000] {dag.py:3239} INFO - Sync 1 DAGs
[2025-04-17T12:45:40.743+0000] {logging_mixin.py:190} INFO - [2025-04-17T12:45:40.741+0000] {dag.py:4180} INFO - Setting next_dagrun for latest_only_with_trigger to 2025-04-17 08:00:00+00:00, run_after=2025-04-17 12:00:00+00:00
[2025-04-17T12:45:40.778+0000] {processor.py:208} INFO - Processing /home/airflow/.local/lib/python3.12/site-packages/airflow/example_dags/example_latest_only_with_trigger.py took 0.159 seconds
[2025-04-17T12:46:11.402+0000] {processor.py:186} INFO - Started process (PID=9144) to work on /home/airflow/.local/lib/python3.12/site-packages/airflow/example_dags/example_latest_only_with_trigger.py
[2025-04-17T12:46:11.404+0000] {processor.py:914} INFO - Processing file /home/airflow/.local/lib/python3.12/site-packages/airflow/example_dags/example_latest_only_with_trigger.py for tasks to queue
[2025-04-17T12:46:11.406+0000] {logging_mixin.py:190} INFO - [2025-04-17T12:46:11.405+0000] {dagbag.py:588} INFO - Filling up the DagBag from /home/airflow/.local/lib/python3.12/site-packages/airflow/example_dags/example_latest_only_with_trigger.py
[2025-04-17T12:46:11.420+0000] {processor.py:925} INFO - DAG(s) 'latest_only_with_trigger' retrieved from /home/airflow/.local/lib/python3.12/site-packages/airflow/example_dags/example_latest_only_with_trigger.py
[2025-04-17T12:46:11.459+0000] {logging_mixin.py:190} INFO - [2025-04-17T12:46:11.459+0000] {dag.py:3239} INFO - Sync 1 DAGs
[2025-04-17T12:46:11.502+0000] {logging_mixin.py:190} INFO - [2025-04-17T12:46:11.502+0000] {dag.py:4180} INFO - Setting next_dagrun for latest_only_with_trigger to 2025-04-17 08:00:00+00:00, run_after=2025-04-17 12:00:00+00:00
[2025-04-17T12:46:12.133+0000] {processor.py:208} INFO - Processing /home/airflow/.local/lib/python3.12/site-packages/airflow/example_dags/example_latest_only_with_trigger.py took 0.740 seconds
[2025-04-17T12:46:42.678+0000] {processor.py:186} INFO - Started process (PID=9453) to work on /home/airflow/.local/lib/python3.12/site-packages/airflow/example_dags/example_latest_only_with_trigger.py
[2025-04-17T12:46:42.684+0000] {processor.py:914} INFO - Processing file /home/airflow/.local/lib/python3.12/site-packages/airflow/example_dags/example_latest_only_with_trigger.py for tasks to queue
[2025-04-17T12:46:42.693+0000] {logging_mixin.py:190} INFO - [2025-04-17T12:46:42.691+0000] {dagbag.py:588} INFO - Filling up the DagBag from /home/airflow/.local/lib/python3.12/site-packages/airflow/example_dags/example_latest_only_with_trigger.py
[2025-04-17T12:46:42.722+0000] {processor.py:925} INFO - DAG(s) 'latest_only_with_trigger' retrieved from /home/airflow/.local/lib/python3.12/site-packages/airflow/example_dags/example_latest_only_with_trigger.py
[2025-04-17T12:46:42.758+0000] {logging_mixin.py:190} INFO - [2025-04-17T12:46:42.758+0000] {dag.py:3239} INFO - Sync 1 DAGs
[2025-04-17T12:46:42.802+0000] {logging_mixin.py:190} INFO - [2025-04-17T12:46:42.801+0000] {dag.py:4180} INFO - Setting next_dagrun for latest_only_with_trigger to 2025-04-17 08:00:00+00:00, run_after=2025-04-17 12:00:00+00:00
[2025-04-17T12:46:42.837+0000] {processor.py:208} INFO - Processing /home/airflow/.local/lib/python3.12/site-packages/airflow/example_dags/example_latest_only_with_trigger.py took 0.169 seconds
[2025-04-17T12:47:12.973+0000] {processor.py:186} INFO - Started process (PID=9760) to work on /home/airflow/.local/lib/python3.12/site-packages/airflow/example_dags/example_latest_only_with_trigger.py
[2025-04-17T12:47:12.975+0000] {processor.py:914} INFO - Processing file /home/airflow/.local/lib/python3.12/site-packages/airflow/example_dags/example_latest_only_with_trigger.py for tasks to queue
[2025-04-17T12:47:12.977+0000] {logging_mixin.py:190} INFO - [2025-04-17T12:47:12.977+0000] {dagbag.py:588} INFO - Filling up the DagBag from /home/airflow/.local/lib/python3.12/site-packages/airflow/example_dags/example_latest_only_with_trigger.py
[2025-04-17T12:47:12.995+0000] {processor.py:925} INFO - DAG(s) 'latest_only_with_trigger' retrieved from /home/airflow/.local/lib/python3.12/site-packages/airflow/example_dags/example_latest_only_with_trigger.py
[2025-04-17T12:47:13.033+0000] {logging_mixin.py:190} INFO - [2025-04-17T12:47:13.033+0000] {dag.py:3239} INFO - Sync 1 DAGs
[2025-04-17T12:47:13.075+0000] {logging_mixin.py:190} INFO - [2025-04-17T12:47:13.075+0000] {dag.py:4180} INFO - Setting next_dagrun for latest_only_with_trigger to 2025-04-17 08:00:00+00:00, run_after=2025-04-17 12:00:00+00:00
[2025-04-17T12:47:13.106+0000] {processor.py:208} INFO - Processing /home/airflow/.local/lib/python3.12/site-packages/airflow/example_dags/example_latest_only_with_trigger.py took 0.143 seconds
[2025-04-17T12:47:43.374+0000] {processor.py:186} INFO - Started process (PID=10067) to work on /home/airflow/.local/lib/python3.12/site-packages/airflow/example_dags/example_latest_only_with_trigger.py
[2025-04-17T12:47:43.377+0000] {processor.py:914} INFO - Processing file /home/airflow/.local/lib/python3.12/site-packages/airflow/example_dags/example_latest_only_with_trigger.py for tasks to queue
[2025-04-17T12:47:43.382+0000] {logging_mixin.py:190} INFO - [2025-04-17T12:47:43.380+0000] {dagbag.py:588} INFO - Filling up the DagBag from /home/airflow/.local/lib/python3.12/site-packages/airflow/example_dags/example_latest_only_with_trigger.py
[2025-04-17T12:47:43.408+0000] {processor.py:925} INFO - DAG(s) 'latest_only_with_trigger' retrieved from /home/airflow/.local/lib/python3.12/site-packages/airflow/example_dags/example_latest_only_with_trigger.py
[2025-04-17T12:47:43.490+0000] {logging_mixin.py:190} INFO - [2025-04-17T12:47:43.489+0000] {dag.py:3239} INFO - Sync 1 DAGs
[2025-04-17T12:47:43.627+0000] {logging_mixin.py:190} INFO - [2025-04-17T12:47:43.618+0000] {dag.py:4180} INFO - Setting next_dagrun for latest_only_with_trigger to 2025-04-17 08:00:00+00:00, run_after=2025-04-17 12:00:00+00:00
[2025-04-17T12:47:43.698+0000] {processor.py:208} INFO - Processing /home/airflow/.local/lib/python3.12/site-packages/airflow/example_dags/example_latest_only_with_trigger.py took 0.347 seconds
[2025-04-17T12:48:14.652+0000] {processor.py:186} INFO - Started process (PID=10374) to work on /home/airflow/.local/lib/python3.12/site-packages/airflow/example_dags/example_latest_only_with_trigger.py
[2025-04-17T12:48:14.654+0000] {processor.py:914} INFO - Processing file /home/airflow/.local/lib/python3.12/site-packages/airflow/example_dags/example_latest_only_with_trigger.py for tasks to queue
[2025-04-17T12:48:14.656+0000] {logging_mixin.py:190} INFO - [2025-04-17T12:48:14.656+0000] {dagbag.py:588} INFO - Filling up the DagBag from /home/airflow/.local/lib/python3.12/site-packages/airflow/example_dags/example_latest_only_with_trigger.py
[2025-04-17T12:48:14.671+0000] {processor.py:925} INFO - DAG(s) 'latest_only_with_trigger' retrieved from /home/airflow/.local/lib/python3.12/site-packages/airflow/example_dags/example_latest_only_with_trigger.py
[2025-04-17T12:48:14.738+0000] {logging_mixin.py:190} INFO - [2025-04-17T12:48:14.737+0000] {dag.py:3239} INFO - Sync 1 DAGs
[2025-04-17T12:48:14.789+0000] {logging_mixin.py:190} INFO - [2025-04-17T12:48:14.789+0000] {dag.py:4180} INFO - Setting next_dagrun for latest_only_with_trigger to 2025-04-17 08:00:00+00:00, run_after=2025-04-17 12:00:00+00:00
[2025-04-17T12:48:14.848+0000] {processor.py:208} INFO - Processing /home/airflow/.local/lib/python3.12/site-packages/airflow/example_dags/example_latest_only_with_trigger.py took 0.214 seconds
