[2025-04-17T11:41:45.432+0000] {processor.py:186} INFO - Started process (PID=39795) to work on /home/airflow/.local/lib/python3.12/site-packages/airflow/example_dags/example_short_circuit_decorator.py
[2025-04-17T11:41:45.512+0000] {processor.py:914} INFO - Processing file /home/airflow/.local/lib/python3.12/site-packages/airflow/example_dags/example_short_circuit_decorator.py for tasks to queue
[2025-04-17T11:41:45.707+0000] {logging_mixin.py:190} INFO - [2025-04-17T11:41:45.631+0000] {dagbag.py:588} INFO - Filling up the DagBag from /home/airflow/.local/lib/python3.12/site-packages/airflow/example_dags/example_short_circuit_decorator.py
[2025-04-17T11:41:47.169+0000] {processor.py:925} INFO - DAG(s) 'example_short_circuit_decorator' retrieved from /home/airflow/.local/lib/python3.12/site-packages/airflow/example_dags/example_short_circuit_decorator.py
[2025-04-17T11:41:50.565+0000] {logging_mixin.py:190} INFO - [2025-04-17T11:41:50.542+0000] {dag.py:3239} INFO - Sync 1 DAGs
[2025-04-17T11:41:52.871+0000] {logging_mixin.py:190} INFO - [2025-04-17T11:41:52.870+0000] {dag.py:4180} INFO - Setting next_dagrun for example_short_circuit_decorator to None, run_after=None
[2025-04-17T11:41:54.166+0000] {processor.py:208} INFO - Processing /home/airflow/.local/lib/python3.12/site-packages/airflow/example_dags/example_short_circuit_decorator.py took 9.645 seconds
[2025-04-17T12:10:01.334+0000] {processor.py:186} INFO - Started process (PID=501) to work on /home/airflow/.local/lib/python3.12/site-packages/airflow/example_dags/example_short_circuit_decorator.py
[2025-04-17T12:10:01.365+0000] {processor.py:914} INFO - Processing file /home/airflow/.local/lib/python3.12/site-packages/airflow/example_dags/example_short_circuit_decorator.py for tasks to queue
[2025-04-17T12:10:01.442+0000] {logging_mixin.py:190} INFO - [2025-04-17T12:10:01.438+0000] {dagbag.py:588} INFO - Filling up the DagBag from /home/airflow/.local/lib/python3.12/site-packages/airflow/example_dags/example_short_circuit_decorator.py
[2025-04-17T12:10:02.030+0000] {processor.py:925} INFO - DAG(s) 'example_short_circuit_decorator' retrieved from /home/airflow/.local/lib/python3.12/site-packages/airflow/example_dags/example_short_circuit_decorator.py
[2025-04-17T12:10:02.686+0000] {logging_mixin.py:190} INFO - [2025-04-17T12:10:02.682+0000] {dag.py:3239} INFO - Sync 1 DAGs
[2025-04-17T12:10:03.132+0000] {logging_mixin.py:190} INFO - [2025-04-17T12:10:03.131+0000] {dag.py:4180} INFO - Setting next_dagrun for example_short_circuit_decorator to None, run_after=None
[2025-04-17T12:10:03.330+0000] {processor.py:208} INFO - Processing /home/airflow/.local/lib/python3.12/site-packages/airflow/example_dags/example_short_circuit_decorator.py took 2.349 seconds
[2025-04-17T12:15:39.393+0000] {processor.py:186} INFO - Started process (PID=1037) to work on /home/airflow/.local/lib/python3.12/site-packages/airflow/example_dags/example_short_circuit_decorator.py
[2025-04-17T12:15:39.400+0000] {processor.py:914} INFO - Processing file /home/airflow/.local/lib/python3.12/site-packages/airflow/example_dags/example_short_circuit_decorator.py for tasks to queue
[2025-04-17T12:15:39.403+0000] {logging_mixin.py:190} INFO - [2025-04-17T12:15:39.402+0000] {dagbag.py:588} INFO - Filling up the DagBag from /home/airflow/.local/lib/python3.12/site-packages/airflow/example_dags/example_short_circuit_decorator.py
[2025-04-17T12:15:39.506+0000] {processor.py:925} INFO - DAG(s) 'example_short_circuit_decorator' retrieved from /home/airflow/.local/lib/python3.12/site-packages/airflow/example_dags/example_short_circuit_decorator.py
[2025-04-17T12:15:39.595+0000] {logging_mixin.py:190} INFO - [2025-04-17T12:15:39.595+0000] {dag.py:3239} INFO - Sync 1 DAGs
[2025-04-17T12:15:39.650+0000] {logging_mixin.py:190} INFO - [2025-04-17T12:15:39.649+0000] {dag.py:4180} INFO - Setting next_dagrun for example_short_circuit_decorator to None, run_after=None
[2025-04-17T12:15:39.736+0000] {processor.py:208} INFO - Processing /home/airflow/.local/lib/python3.12/site-packages/airflow/example_dags/example_short_circuit_decorator.py took 0.357 seconds
[2025-04-17T12:19:07.892+0000] {processor.py:186} INFO - Started process (PID=1968) to work on /home/airflow/.local/lib/python3.12/site-packages/airflow/example_dags/example_short_circuit_decorator.py
[2025-04-17T12:19:07.899+0000] {processor.py:914} INFO - Processing file /home/airflow/.local/lib/python3.12/site-packages/airflow/example_dags/example_short_circuit_decorator.py for tasks to queue
[2025-04-17T12:19:07.907+0000] {logging_mixin.py:190} INFO - [2025-04-17T12:19:07.906+0000] {dagbag.py:588} INFO - Filling up the DagBag from /home/airflow/.local/lib/python3.12/site-packages/airflow/example_dags/example_short_circuit_decorator.py
[2025-04-17T12:19:08.090+0000] {processor.py:925} INFO - DAG(s) 'example_short_circuit_decorator' retrieved from /home/airflow/.local/lib/python3.12/site-packages/airflow/example_dags/example_short_circuit_decorator.py
[2025-04-17T12:19:08.310+0000] {logging_mixin.py:190} INFO - [2025-04-17T12:19:08.309+0000] {dag.py:3239} INFO - Sync 1 DAGs
[2025-04-17T12:19:08.484+0000] {logging_mixin.py:190} INFO - [2025-04-17T12:19:08.484+0000] {dag.py:4180} INFO - Setting next_dagrun for example_short_circuit_decorator to None, run_after=None
[2025-04-17T12:19:08.684+0000] {processor.py:208} INFO - Processing /home/airflow/.local/lib/python3.12/site-packages/airflow/example_dags/example_short_circuit_decorator.py took 0.820 seconds
[2025-04-17T12:24:47.410+0000] {processor.py:186} INFO - Started process (PID=2656) to work on /home/airflow/.local/lib/python3.12/site-packages/airflow/example_dags/example_short_circuit_decorator.py
[2025-04-17T12:24:47.413+0000] {processor.py:914} INFO - Processing file /home/airflow/.local/lib/python3.12/site-packages/airflow/example_dags/example_short_circuit_decorator.py for tasks to queue
[2025-04-17T12:24:47.416+0000] {logging_mixin.py:190} INFO - [2025-04-17T12:24:47.415+0000] {dagbag.py:588} INFO - Filling up the DagBag from /home/airflow/.local/lib/python3.12/site-packages/airflow/example_dags/example_short_circuit_decorator.py
[2025-04-17T12:24:47.447+0000] {processor.py:925} INFO - DAG(s) 'example_short_circuit_decorator' retrieved from /home/airflow/.local/lib/python3.12/site-packages/airflow/example_dags/example_short_circuit_decorator.py
[2025-04-17T12:24:47.526+0000] {logging_mixin.py:190} INFO - [2025-04-17T12:24:47.525+0000] {dag.py:3239} INFO - Sync 1 DAGs
[2025-04-17T12:24:47.570+0000] {logging_mixin.py:190} INFO - [2025-04-17T12:24:47.569+0000] {dag.py:4180} INFO - Setting next_dagrun for example_short_circuit_decorator to None, run_after=None
[2025-04-17T12:24:47.618+0000] {processor.py:208} INFO - Processing /home/airflow/.local/lib/python3.12/site-packages/airflow/example_dags/example_short_circuit_decorator.py took 0.227 seconds
[2025-04-17T12:28:58.286+0000] {processor.py:186} INFO - Started process (PID=3552) to work on /home/airflow/.local/lib/python3.12/site-packages/airflow/example_dags/example_short_circuit_decorator.py
[2025-04-17T12:28:58.313+0000] {processor.py:914} INFO - Processing file /home/airflow/.local/lib/python3.12/site-packages/airflow/example_dags/example_short_circuit_decorator.py for tasks to queue
[2025-04-17T12:28:58.339+0000] {logging_mixin.py:190} INFO - [2025-04-17T12:28:58.338+0000] {dagbag.py:588} INFO - Filling up the DagBag from /home/airflow/.local/lib/python3.12/site-packages/airflow/example_dags/example_short_circuit_decorator.py
[2025-04-17T12:28:58.860+0000] {processor.py:925} INFO - DAG(s) 'example_short_circuit_decorator' retrieved from /home/airflow/.local/lib/python3.12/site-packages/airflow/example_dags/example_short_circuit_decorator.py
[2025-04-17T12:28:59.284+0000] {logging_mixin.py:190} INFO - [2025-04-17T12:28:59.283+0000] {dag.py:3239} INFO - Sync 1 DAGs
[2025-04-17T12:28:59.529+0000] {logging_mixin.py:190} INFO - [2025-04-17T12:28:59.529+0000] {dag.py:4180} INFO - Setting next_dagrun for example_short_circuit_decorator to None, run_after=None
[2025-04-17T12:28:59.866+0000] {processor.py:208} INFO - Processing /home/airflow/.local/lib/python3.12/site-packages/airflow/example_dags/example_short_circuit_decorator.py took 1.718 seconds
[2025-04-17T12:35:43.443+0000] {processor.py:186} INFO - Started process (PID=4020) to work on /home/airflow/.local/lib/python3.12/site-packages/airflow/example_dags/example_short_circuit_decorator.py
[2025-04-17T12:35:43.446+0000] {processor.py:914} INFO - Processing file /home/airflow/.local/lib/python3.12/site-packages/airflow/example_dags/example_short_circuit_decorator.py for tasks to queue
[2025-04-17T12:35:43.452+0000] {logging_mixin.py:190} INFO - [2025-04-17T12:35:43.449+0000] {dagbag.py:588} INFO - Filling up the DagBag from /home/airflow/.local/lib/python3.12/site-packages/airflow/example_dags/example_short_circuit_decorator.py
[2025-04-17T12:35:43.484+0000] {processor.py:925} INFO - DAG(s) 'example_short_circuit_decorator' retrieved from /home/airflow/.local/lib/python3.12/site-packages/airflow/example_dags/example_short_circuit_decorator.py
[2025-04-17T12:35:43.589+0000] {logging_mixin.py:190} INFO - [2025-04-17T12:35:43.589+0000] {dag.py:3239} INFO - Sync 1 DAGs
[2025-04-17T12:35:43.711+0000] {logging_mixin.py:190} INFO - [2025-04-17T12:35:43.711+0000] {dag.py:4180} INFO - Setting next_dagrun for example_short_circuit_decorator to None, run_after=None
[2025-04-17T12:35:43.806+0000] {processor.py:208} INFO - Processing /home/airflow/.local/lib/python3.12/site-packages/airflow/example_dags/example_short_circuit_decorator.py took 0.388 seconds
[2025-04-17T12:36:22.803+0000] {processor.py:186} INFO - Started process (PID=4340) to work on /home/airflow/.local/lib/python3.12/site-packages/airflow/example_dags/example_short_circuit_decorator.py
[2025-04-17T12:36:22.805+0000] {processor.py:914} INFO - Processing file /home/airflow/.local/lib/python3.12/site-packages/airflow/example_dags/example_short_circuit_decorator.py for tasks to queue
[2025-04-17T12:36:22.808+0000] {logging_mixin.py:190} INFO - [2025-04-17T12:36:22.807+0000] {dagbag.py:588} INFO - Filling up the DagBag from /home/airflow/.local/lib/python3.12/site-packages/airflow/example_dags/example_short_circuit_decorator.py
[2025-04-17T12:36:22.838+0000] {processor.py:925} INFO - DAG(s) 'example_short_circuit_decorator' retrieved from /home/airflow/.local/lib/python3.12/site-packages/airflow/example_dags/example_short_circuit_decorator.py
[2025-04-17T12:36:22.905+0000] {logging_mixin.py:190} INFO - [2025-04-17T12:36:22.904+0000] {dag.py:3239} INFO - Sync 1 DAGs
[2025-04-17T12:36:22.955+0000] {logging_mixin.py:190} INFO - [2025-04-17T12:36:22.954+0000] {dag.py:4180} INFO - Setting next_dagrun for example_short_circuit_decorator to None, run_after=None
[2025-04-17T12:36:23.004+0000] {processor.py:208} INFO - Processing /home/airflow/.local/lib/python3.12/site-packages/airflow/example_dags/example_short_circuit_decorator.py took 0.217 seconds
[2025-04-17T12:37:05.671+0000] {processor.py:186} INFO - Started process (PID=4653) to work on /home/airflow/.local/lib/python3.12/site-packages/airflow/example_dags/example_short_circuit_decorator.py
[2025-04-17T12:37:05.779+0000] {processor.py:914} INFO - Processing file /home/airflow/.local/lib/python3.12/site-packages/airflow/example_dags/example_short_circuit_decorator.py for tasks to queue
[2025-04-17T12:37:05.782+0000] {logging_mixin.py:190} INFO - [2025-04-17T12:37:05.782+0000] {dagbag.py:588} INFO - Filling up the DagBag from /home/airflow/.local/lib/python3.12/site-packages/airflow/example_dags/example_short_circuit_decorator.py
[2025-04-17T12:37:05.801+0000] {processor.py:925} INFO - DAG(s) 'example_short_circuit_decorator' retrieved from /home/airflow/.local/lib/python3.12/site-packages/airflow/example_dags/example_short_circuit_decorator.py
[2025-04-17T12:37:06.010+0000] {logging_mixin.py:190} INFO - [2025-04-17T12:37:06.010+0000] {dag.py:3239} INFO - Sync 1 DAGs
[2025-04-17T12:37:06.079+0000] {logging_mixin.py:190} INFO - [2025-04-17T12:37:06.079+0000] {dag.py:4180} INFO - Setting next_dagrun for example_short_circuit_decorator to None, run_after=None
[2025-04-17T12:37:06.362+0000] {processor.py:208} INFO - Processing /home/airflow/.local/lib/python3.12/site-packages/airflow/example_dags/example_short_circuit_decorator.py took 0.702 seconds
[2025-04-17T12:37:37.325+0000] {processor.py:186} INFO - Started process (PID=4965) to work on /home/airflow/.local/lib/python3.12/site-packages/airflow/example_dags/example_short_circuit_decorator.py
[2025-04-17T12:37:37.327+0000] {processor.py:914} INFO - Processing file /home/airflow/.local/lib/python3.12/site-packages/airflow/example_dags/example_short_circuit_decorator.py for tasks to queue
[2025-04-17T12:37:37.330+0000] {logging_mixin.py:190} INFO - [2025-04-17T12:37:37.329+0000] {dagbag.py:588} INFO - Filling up the DagBag from /home/airflow/.local/lib/python3.12/site-packages/airflow/example_dags/example_short_circuit_decorator.py
[2025-04-17T12:37:37.351+0000] {processor.py:925} INFO - DAG(s) 'example_short_circuit_decorator' retrieved from /home/airflow/.local/lib/python3.12/site-packages/airflow/example_dags/example_short_circuit_decorator.py
[2025-04-17T12:37:37.393+0000] {logging_mixin.py:190} INFO - [2025-04-17T12:37:37.392+0000] {dag.py:3239} INFO - Sync 1 DAGs
[2025-04-17T12:37:37.420+0000] {logging_mixin.py:190} INFO - [2025-04-17T12:37:37.420+0000] {dag.py:4180} INFO - Setting next_dagrun for example_short_circuit_decorator to None, run_after=None
[2025-04-17T12:37:37.449+0000] {processor.py:208} INFO - Processing /home/airflow/.local/lib/python3.12/site-packages/airflow/example_dags/example_short_circuit_decorator.py took 0.133 seconds
[2025-04-17T12:38:13.634+0000] {processor.py:186} INFO - Started process (PID=5277) to work on /home/airflow/.local/lib/python3.12/site-packages/airflow/example_dags/example_short_circuit_decorator.py
[2025-04-17T12:38:13.636+0000] {processor.py:914} INFO - Processing file /home/airflow/.local/lib/python3.12/site-packages/airflow/example_dags/example_short_circuit_decorator.py for tasks to queue
[2025-04-17T12:38:13.639+0000] {logging_mixin.py:190} INFO - [2025-04-17T12:38:13.638+0000] {dagbag.py:588} INFO - Filling up the DagBag from /home/airflow/.local/lib/python3.12/site-packages/airflow/example_dags/example_short_circuit_decorator.py
[2025-04-17T12:38:13.662+0000] {processor.py:925} INFO - DAG(s) 'example_short_circuit_decorator' retrieved from /home/airflow/.local/lib/python3.12/site-packages/airflow/example_dags/example_short_circuit_decorator.py
[2025-04-17T12:38:13.714+0000] {logging_mixin.py:190} INFO - [2025-04-17T12:38:13.714+0000] {dag.py:3239} INFO - Sync 1 DAGs
[2025-04-17T12:38:13.752+0000] {logging_mixin.py:190} INFO - [2025-04-17T12:38:13.752+0000] {dag.py:4180} INFO - Setting next_dagrun for example_short_circuit_decorator to None, run_after=None
[2025-04-17T12:38:13.791+0000] {processor.py:208} INFO - Processing /home/airflow/.local/lib/python3.12/site-packages/airflow/example_dags/example_short_circuit_decorator.py took 0.172 seconds
[2025-04-17T12:38:47.013+0000] {processor.py:186} INFO - Started process (PID=5584) to work on /home/airflow/.local/lib/python3.12/site-packages/airflow/example_dags/example_short_circuit_decorator.py
[2025-04-17T12:38:47.017+0000] {processor.py:914} INFO - Processing file /home/airflow/.local/lib/python3.12/site-packages/airflow/example_dags/example_short_circuit_decorator.py for tasks to queue
[2025-04-17T12:38:47.023+0000] {logging_mixin.py:190} INFO - [2025-04-17T12:38:47.021+0000] {dagbag.py:588} INFO - Filling up the DagBag from /home/airflow/.local/lib/python3.12/site-packages/airflow/example_dags/example_short_circuit_decorator.py
[2025-04-17T12:38:47.062+0000] {processor.py:925} INFO - DAG(s) 'example_short_circuit_decorator' retrieved from /home/airflow/.local/lib/python3.12/site-packages/airflow/example_dags/example_short_circuit_decorator.py
[2025-04-17T12:38:47.151+0000] {logging_mixin.py:190} INFO - [2025-04-17T12:38:47.150+0000] {dag.py:3239} INFO - Sync 1 DAGs
[2025-04-17T12:38:47.201+0000] {logging_mixin.py:190} INFO - [2025-04-17T12:38:47.200+0000] {dag.py:4180} INFO - Setting next_dagrun for example_short_circuit_decorator to None, run_after=None
[2025-04-17T12:38:47.270+0000] {processor.py:208} INFO - Processing /home/airflow/.local/lib/python3.12/site-packages/airflow/example_dags/example_short_circuit_decorator.py took 0.277 seconds
[2025-04-17T12:39:17.514+0000] {processor.py:186} INFO - Started process (PID=5886) to work on /home/airflow/.local/lib/python3.12/site-packages/airflow/example_dags/example_short_circuit_decorator.py
[2025-04-17T12:39:17.516+0000] {processor.py:914} INFO - Processing file /home/airflow/.local/lib/python3.12/site-packages/airflow/example_dags/example_short_circuit_decorator.py for tasks to queue
[2025-04-17T12:39:17.518+0000] {logging_mixin.py:190} INFO - [2025-04-17T12:39:17.518+0000] {dagbag.py:588} INFO - Filling up the DagBag from /home/airflow/.local/lib/python3.12/site-packages/airflow/example_dags/example_short_circuit_decorator.py
[2025-04-17T12:39:17.535+0000] {processor.py:925} INFO - DAG(s) 'example_short_circuit_decorator' retrieved from /home/airflow/.local/lib/python3.12/site-packages/airflow/example_dags/example_short_circuit_decorator.py
[2025-04-17T12:39:17.576+0000] {logging_mixin.py:190} INFO - [2025-04-17T12:39:17.575+0000] {dag.py:3239} INFO - Sync 1 DAGs
[2025-04-17T12:39:17.602+0000] {logging_mixin.py:190} INFO - [2025-04-17T12:39:17.601+0000] {dag.py:4180} INFO - Setting next_dagrun for example_short_circuit_decorator to None, run_after=None
[2025-04-17T12:39:17.633+0000] {processor.py:208} INFO - Processing /home/airflow/.local/lib/python3.12/site-packages/airflow/example_dags/example_short_circuit_decorator.py took 0.129 seconds
[2025-04-17T12:39:48.705+0000] {processor.py:186} INFO - Started process (PID=6202) to work on /home/airflow/.local/lib/python3.12/site-packages/airflow/example_dags/example_short_circuit_decorator.py
[2025-04-17T12:39:48.757+0000] {processor.py:914} INFO - Processing file /home/airflow/.local/lib/python3.12/site-packages/airflow/example_dags/example_short_circuit_decorator.py for tasks to queue
[2025-04-17T12:39:48.762+0000] {logging_mixin.py:190} INFO - [2025-04-17T12:39:48.761+0000] {dagbag.py:588} INFO - Filling up the DagBag from /home/airflow/.local/lib/python3.12/site-packages/airflow/example_dags/example_short_circuit_decorator.py
[2025-04-17T12:39:48.787+0000] {processor.py:925} INFO - DAG(s) 'example_short_circuit_decorator' retrieved from /home/airflow/.local/lib/python3.12/site-packages/airflow/example_dags/example_short_circuit_decorator.py
[2025-04-17T12:39:48.905+0000] {logging_mixin.py:190} INFO - [2025-04-17T12:39:48.904+0000] {dag.py:3239} INFO - Sync 1 DAGs
[2025-04-17T12:39:48.994+0000] {logging_mixin.py:190} INFO - [2025-04-17T12:39:48.993+0000] {dag.py:4180} INFO - Setting next_dagrun for example_short_circuit_decorator to None, run_after=None
[2025-04-17T12:39:49.307+0000] {processor.py:208} INFO - Processing /home/airflow/.local/lib/python3.12/site-packages/airflow/example_dags/example_short_circuit_decorator.py took 0.611 seconds
[2025-04-17T12:42:17.236+0000] {processor.py:186} INFO - Started process (PID=6638) to work on /home/airflow/.local/lib/python3.12/site-packages/airflow/example_dags/example_short_circuit_decorator.py
[2025-04-17T12:42:17.240+0000] {processor.py:914} INFO - Processing file /home/airflow/.local/lib/python3.12/site-packages/airflow/example_dags/example_short_circuit_decorator.py for tasks to queue
[2025-04-17T12:42:17.244+0000] {logging_mixin.py:190} INFO - [2025-04-17T12:42:17.243+0000] {dagbag.py:588} INFO - Filling up the DagBag from /home/airflow/.local/lib/python3.12/site-packages/airflow/example_dags/example_short_circuit_decorator.py
[2025-04-17T12:42:17.289+0000] {processor.py:925} INFO - DAG(s) 'example_short_circuit_decorator' retrieved from /home/airflow/.local/lib/python3.12/site-packages/airflow/example_dags/example_short_circuit_decorator.py
[2025-04-17T12:42:17.385+0000] {logging_mixin.py:190} INFO - [2025-04-17T12:42:17.383+0000] {dag.py:3239} INFO - Sync 1 DAGs
[2025-04-17T12:42:17.453+0000] {logging_mixin.py:190} INFO - [2025-04-17T12:42:17.451+0000] {dag.py:4180} INFO - Setting next_dagrun for example_short_circuit_decorator to None, run_after=None
[2025-04-17T12:42:17.544+0000] {processor.py:208} INFO - Processing /home/airflow/.local/lib/python3.12/site-packages/airflow/example_dags/example_short_circuit_decorator.py took 0.409 seconds
[2025-04-17T12:42:50.168+0000] {processor.py:186} INFO - Started process (PID=7052) to work on /home/airflow/.local/lib/python3.12/site-packages/airflow/example_dags/example_short_circuit_decorator.py
[2025-04-17T12:42:50.171+0000] {processor.py:914} INFO - Processing file /home/airflow/.local/lib/python3.12/site-packages/airflow/example_dags/example_short_circuit_decorator.py for tasks to queue
[2025-04-17T12:42:50.177+0000] {logging_mixin.py:190} INFO - [2025-04-17T12:42:50.175+0000] {dagbag.py:588} INFO - Filling up the DagBag from /home/airflow/.local/lib/python3.12/site-packages/airflow/example_dags/example_short_circuit_decorator.py
[2025-04-17T12:42:50.216+0000] {processor.py:925} INFO - DAG(s) 'example_short_circuit_decorator' retrieved from /home/airflow/.local/lib/python3.12/site-packages/airflow/example_dags/example_short_circuit_decorator.py
[2025-04-17T12:42:50.291+0000] {logging_mixin.py:190} INFO - [2025-04-17T12:42:50.290+0000] {dag.py:3239} INFO - Sync 1 DAGs
[2025-04-17T12:42:50.333+0000] {logging_mixin.py:190} INFO - [2025-04-17T12:42:50.332+0000] {dag.py:4180} INFO - Setting next_dagrun for example_short_circuit_decorator to None, run_after=None
[2025-04-17T12:42:50.374+0000] {processor.py:208} INFO - Processing /home/airflow/.local/lib/python3.12/site-packages/airflow/example_dags/example_short_circuit_decorator.py took 0.228 seconds
[2025-04-17T12:43:21.223+0000] {processor.py:186} INFO - Started process (PID=7378) to work on /home/airflow/.local/lib/python3.12/site-packages/airflow/example_dags/example_short_circuit_decorator.py
[2025-04-17T12:43:21.226+0000] {processor.py:914} INFO - Processing file /home/airflow/.local/lib/python3.12/site-packages/airflow/example_dags/example_short_circuit_decorator.py for tasks to queue
[2025-04-17T12:43:21.230+0000] {logging_mixin.py:190} INFO - [2025-04-17T12:43:21.229+0000] {dagbag.py:588} INFO - Filling up the DagBag from /home/airflow/.local/lib/python3.12/site-packages/airflow/example_dags/example_short_circuit_decorator.py
[2025-04-17T12:43:21.247+0000] {processor.py:925} INFO - DAG(s) 'example_short_circuit_decorator' retrieved from /home/airflow/.local/lib/python3.12/site-packages/airflow/example_dags/example_short_circuit_decorator.py
[2025-04-17T12:43:21.292+0000] {logging_mixin.py:190} INFO - [2025-04-17T12:43:21.291+0000] {dag.py:3239} INFO - Sync 1 DAGs
[2025-04-17T12:43:21.322+0000] {logging_mixin.py:190} INFO - [2025-04-17T12:43:21.321+0000] {dag.py:4180} INFO - Setting next_dagrun for example_short_circuit_decorator to None, run_after=None
[2025-04-17T12:43:21.360+0000] {processor.py:208} INFO - Processing /home/airflow/.local/lib/python3.12/site-packages/airflow/example_dags/example_short_circuit_decorator.py took 0.150 seconds
[2025-04-17T12:43:51.481+0000] {processor.py:186} INFO - Started process (PID=7680) to work on /home/airflow/.local/lib/python3.12/site-packages/airflow/example_dags/example_short_circuit_decorator.py
[2025-04-17T12:43:51.483+0000] {processor.py:914} INFO - Processing file /home/airflow/.local/lib/python3.12/site-packages/airflow/example_dags/example_short_circuit_decorator.py for tasks to queue
[2025-04-17T12:43:51.485+0000] {logging_mixin.py:190} INFO - [2025-04-17T12:43:51.485+0000] {dagbag.py:588} INFO - Filling up the DagBag from /home/airflow/.local/lib/python3.12/site-packages/airflow/example_dags/example_short_circuit_decorator.py
[2025-04-17T12:43:51.506+0000] {processor.py:925} INFO - DAG(s) 'example_short_circuit_decorator' retrieved from /home/airflow/.local/lib/python3.12/site-packages/airflow/example_dags/example_short_circuit_decorator.py
[2025-04-17T12:43:51.560+0000] {logging_mixin.py:190} INFO - [2025-04-17T12:43:51.559+0000] {dag.py:3239} INFO - Sync 1 DAGs
[2025-04-17T12:43:51.594+0000] {logging_mixin.py:190} INFO - [2025-04-17T12:43:51.593+0000] {dag.py:4180} INFO - Setting next_dagrun for example_short_circuit_decorator to None, run_after=None
[2025-04-17T12:43:51.634+0000] {processor.py:208} INFO - Processing /home/airflow/.local/lib/python3.12/site-packages/airflow/example_dags/example_short_circuit_decorator.py took 0.164 seconds
[2025-04-17T12:44:27.503+0000] {processor.py:186} INFO - Started process (PID=8074) to work on /home/airflow/.local/lib/python3.12/site-packages/airflow/example_dags/example_short_circuit_decorator.py
[2025-04-17T12:44:27.506+0000] {processor.py:914} INFO - Processing file /home/airflow/.local/lib/python3.12/site-packages/airflow/example_dags/example_short_circuit_decorator.py for tasks to queue
[2025-04-17T12:44:27.509+0000] {logging_mixin.py:190} INFO - [2025-04-17T12:44:27.508+0000] {dagbag.py:588} INFO - Filling up the DagBag from /home/airflow/.local/lib/python3.12/site-packages/airflow/example_dags/example_short_circuit_decorator.py
[2025-04-17T12:44:27.534+0000] {processor.py:925} INFO - DAG(s) 'example_short_circuit_decorator' retrieved from /home/airflow/.local/lib/python3.12/site-packages/airflow/example_dags/example_short_circuit_decorator.py
[2025-04-17T12:44:27.593+0000] {logging_mixin.py:190} INFO - [2025-04-17T12:44:27.592+0000] {dag.py:3239} INFO - Sync 1 DAGs
[2025-04-17T12:44:27.643+0000] {logging_mixin.py:190} INFO - [2025-04-17T12:44:27.642+0000] {dag.py:4180} INFO - Setting next_dagrun for example_short_circuit_decorator to None, run_after=None
[2025-04-17T12:44:27.693+0000] {processor.py:208} INFO - Processing /home/airflow/.local/lib/python3.12/site-packages/airflow/example_dags/example_short_circuit_decorator.py took 0.204 seconds
[2025-04-17T12:44:59.737+0000] {processor.py:186} INFO - Started process (PID=8495) to work on /home/airflow/.local/lib/python3.12/site-packages/airflow/example_dags/example_short_circuit_decorator.py
[2025-04-17T12:44:59.739+0000] {processor.py:914} INFO - Processing file /home/airflow/.local/lib/python3.12/site-packages/airflow/example_dags/example_short_circuit_decorator.py for tasks to queue
[2025-04-17T12:44:59.745+0000] {logging_mixin.py:190} INFO - [2025-04-17T12:44:59.742+0000] {dagbag.py:588} INFO - Filling up the DagBag from /home/airflow/.local/lib/python3.12/site-packages/airflow/example_dags/example_short_circuit_decorator.py
[2025-04-17T12:44:59.770+0000] {processor.py:925} INFO - DAG(s) 'example_short_circuit_decorator' retrieved from /home/airflow/.local/lib/python3.12/site-packages/airflow/example_dags/example_short_circuit_decorator.py
[2025-04-17T12:44:59.835+0000] {logging_mixin.py:190} INFO - [2025-04-17T12:44:59.835+0000] {dag.py:3239} INFO - Sync 1 DAGs
[2025-04-17T12:44:59.889+0000] {logging_mixin.py:190} INFO - [2025-04-17T12:44:59.889+0000] {dag.py:4180} INFO - Setting next_dagrun for example_short_circuit_decorator to None, run_after=None
[2025-04-17T12:44:59.942+0000] {processor.py:208} INFO - Processing /home/airflow/.local/lib/python3.12/site-packages/airflow/example_dags/example_short_circuit_decorator.py took 0.220 seconds
[2025-04-17T12:45:31.941+0000] {processor.py:186} INFO - Started process (PID=8802) to work on /home/airflow/.local/lib/python3.12/site-packages/airflow/example_dags/example_short_circuit_decorator.py
[2025-04-17T12:45:31.956+0000] {processor.py:914} INFO - Processing file /home/airflow/.local/lib/python3.12/site-packages/airflow/example_dags/example_short_circuit_decorator.py for tasks to queue
[2025-04-17T12:45:31.959+0000] {logging_mixin.py:190} INFO - [2025-04-17T12:45:31.958+0000] {dagbag.py:588} INFO - Filling up the DagBag from /home/airflow/.local/lib/python3.12/site-packages/airflow/example_dags/example_short_circuit_decorator.py
[2025-04-17T12:45:31.980+0000] {processor.py:925} INFO - DAG(s) 'example_short_circuit_decorator' retrieved from /home/airflow/.local/lib/python3.12/site-packages/airflow/example_dags/example_short_circuit_decorator.py
[2025-04-17T12:45:32.039+0000] {logging_mixin.py:190} INFO - [2025-04-17T12:45:32.038+0000] {dag.py:3239} INFO - Sync 1 DAGs
[2025-04-17T12:45:32.091+0000] {logging_mixin.py:190} INFO - [2025-04-17T12:45:32.090+0000] {dag.py:4180} INFO - Setting next_dagrun for example_short_circuit_decorator to None, run_after=None
[2025-04-17T12:45:32.166+0000] {processor.py:208} INFO - Processing /home/airflow/.local/lib/python3.12/site-packages/airflow/example_dags/example_short_circuit_decorator.py took 0.241 seconds
[2025-04-17T12:46:04.829+0000] {processor.py:186} INFO - Started process (PID=9109) to work on /home/airflow/.local/lib/python3.12/site-packages/airflow/example_dags/example_short_circuit_decorator.py
[2025-04-17T12:46:04.830+0000] {processor.py:914} INFO - Processing file /home/airflow/.local/lib/python3.12/site-packages/airflow/example_dags/example_short_circuit_decorator.py for tasks to queue
[2025-04-17T12:46:04.833+0000] {logging_mixin.py:190} INFO - [2025-04-17T12:46:04.832+0000] {dagbag.py:588} INFO - Filling up the DagBag from /home/airflow/.local/lib/python3.12/site-packages/airflow/example_dags/example_short_circuit_decorator.py
[2025-04-17T12:46:04.851+0000] {processor.py:925} INFO - DAG(s) 'example_short_circuit_decorator' retrieved from /home/airflow/.local/lib/python3.12/site-packages/airflow/example_dags/example_short_circuit_decorator.py
[2025-04-17T12:46:04.891+0000] {logging_mixin.py:190} INFO - [2025-04-17T12:46:04.891+0000] {dag.py:3239} INFO - Sync 1 DAGs
[2025-04-17T12:46:04.919+0000] {logging_mixin.py:190} INFO - [2025-04-17T12:46:04.918+0000] {dag.py:4180} INFO - Setting next_dagrun for example_short_circuit_decorator to None, run_after=None
[2025-04-17T12:46:05.956+0000] {processor.py:208} INFO - Processing /home/airflow/.local/lib/python3.12/site-packages/airflow/example_dags/example_short_circuit_decorator.py took 1.137 seconds
[2025-04-17T12:46:36.113+0000] {processor.py:186} INFO - Started process (PID=9416) to work on /home/airflow/.local/lib/python3.12/site-packages/airflow/example_dags/example_short_circuit_decorator.py
[2025-04-17T12:46:36.115+0000] {processor.py:914} INFO - Processing file /home/airflow/.local/lib/python3.12/site-packages/airflow/example_dags/example_short_circuit_decorator.py for tasks to queue
[2025-04-17T12:46:36.117+0000] {logging_mixin.py:190} INFO - [2025-04-17T12:46:36.116+0000] {dagbag.py:588} INFO - Filling up the DagBag from /home/airflow/.local/lib/python3.12/site-packages/airflow/example_dags/example_short_circuit_decorator.py
[2025-04-17T12:46:36.142+0000] {processor.py:925} INFO - DAG(s) 'example_short_circuit_decorator' retrieved from /home/airflow/.local/lib/python3.12/site-packages/airflow/example_dags/example_short_circuit_decorator.py
[2025-04-17T12:46:36.193+0000] {logging_mixin.py:190} INFO - [2025-04-17T12:46:36.192+0000] {dag.py:3239} INFO - Sync 1 DAGs
[2025-04-17T12:46:36.235+0000] {logging_mixin.py:190} INFO - [2025-04-17T12:46:36.234+0000] {dag.py:4180} INFO - Setting next_dagrun for example_short_circuit_decorator to None, run_after=None
[2025-04-17T12:46:36.274+0000] {processor.py:208} INFO - Processing /home/airflow/.local/lib/python3.12/site-packages/airflow/example_dags/example_short_circuit_decorator.py took 0.173 seconds
[2025-04-17T12:47:06.558+0000] {processor.py:186} INFO - Started process (PID=9718) to work on /home/airflow/.local/lib/python3.12/site-packages/airflow/example_dags/example_short_circuit_decorator.py
[2025-04-17T12:47:06.560+0000] {processor.py:914} INFO - Processing file /home/airflow/.local/lib/python3.12/site-packages/airflow/example_dags/example_short_circuit_decorator.py for tasks to queue
[2025-04-17T12:47:06.563+0000] {logging_mixin.py:190} INFO - [2025-04-17T12:47:06.562+0000] {dagbag.py:588} INFO - Filling up the DagBag from /home/airflow/.local/lib/python3.12/site-packages/airflow/example_dags/example_short_circuit_decorator.py
[2025-04-17T12:47:06.582+0000] {processor.py:925} INFO - DAG(s) 'example_short_circuit_decorator' retrieved from /home/airflow/.local/lib/python3.12/site-packages/airflow/example_dags/example_short_circuit_decorator.py
[2025-04-17T12:47:06.634+0000] {logging_mixin.py:190} INFO - [2025-04-17T12:47:06.633+0000] {dag.py:3239} INFO - Sync 1 DAGs
[2025-04-17T12:47:06.670+0000] {logging_mixin.py:190} INFO - [2025-04-17T12:47:06.670+0000] {dag.py:4180} INFO - Setting next_dagrun for example_short_circuit_decorator to None, run_after=None
[2025-04-17T12:47:06.709+0000] {processor.py:208} INFO - Processing /home/airflow/.local/lib/python3.12/site-packages/airflow/example_dags/example_short_circuit_decorator.py took 0.163 seconds
[2025-04-17T12:47:37.422+0000] {processor.py:186} INFO - Started process (PID=10020) to work on /home/airflow/.local/lib/python3.12/site-packages/airflow/example_dags/example_short_circuit_decorator.py
[2025-04-17T12:47:37.424+0000] {processor.py:914} INFO - Processing file /home/airflow/.local/lib/python3.12/site-packages/airflow/example_dags/example_short_circuit_decorator.py for tasks to queue
[2025-04-17T12:47:37.427+0000] {logging_mixin.py:190} INFO - [2025-04-17T12:47:37.426+0000] {dagbag.py:588} INFO - Filling up the DagBag from /home/airflow/.local/lib/python3.12/site-packages/airflow/example_dags/example_short_circuit_decorator.py
[2025-04-17T12:47:37.444+0000] {processor.py:925} INFO - DAG(s) 'example_short_circuit_decorator' retrieved from /home/airflow/.local/lib/python3.12/site-packages/airflow/example_dags/example_short_circuit_decorator.py
[2025-04-17T12:47:37.483+0000] {logging_mixin.py:190} INFO - [2025-04-17T12:47:37.483+0000] {dag.py:3239} INFO - Sync 1 DAGs
[2025-04-17T12:47:37.511+0000] {logging_mixin.py:190} INFO - [2025-04-17T12:47:37.510+0000] {dag.py:4180} INFO - Setting next_dagrun for example_short_circuit_decorator to None, run_after=None
[2025-04-17T12:47:37.539+0000] {processor.py:208} INFO - Processing /home/airflow/.local/lib/python3.12/site-packages/airflow/example_dags/example_short_circuit_decorator.py took 0.127 seconds
[2025-04-17T12:48:08.412+0000] {processor.py:186} INFO - Started process (PID=10327) to work on /home/airflow/.local/lib/python3.12/site-packages/airflow/example_dags/example_short_circuit_decorator.py
[2025-04-17T12:48:08.414+0000] {processor.py:914} INFO - Processing file /home/airflow/.local/lib/python3.12/site-packages/airflow/example_dags/example_short_circuit_decorator.py for tasks to queue
[2025-04-17T12:48:08.416+0000] {logging_mixin.py:190} INFO - [2025-04-17T12:48:08.415+0000] {dagbag.py:588} INFO - Filling up the DagBag from /home/airflow/.local/lib/python3.12/site-packages/airflow/example_dags/example_short_circuit_decorator.py
[2025-04-17T12:48:08.434+0000] {processor.py:925} INFO - DAG(s) 'example_short_circuit_decorator' retrieved from /home/airflow/.local/lib/python3.12/site-packages/airflow/example_dags/example_short_circuit_decorator.py
[2025-04-17T12:48:08.483+0000] {logging_mixin.py:190} INFO - [2025-04-17T12:48:08.483+0000] {dag.py:3239} INFO - Sync 1 DAGs
[2025-04-17T12:48:08.518+0000] {logging_mixin.py:190} INFO - [2025-04-17T12:48:08.518+0000] {dag.py:4180} INFO - Setting next_dagrun for example_short_circuit_decorator to None, run_after=None
[2025-04-17T12:48:08.552+0000] {processor.py:208} INFO - Processing /home/airflow/.local/lib/python3.12/site-packages/airflow/example_dags/example_short_circuit_decorator.py took 0.150 seconds
