[2025-04-17T11:37:12.067+0000] {processor.py:186} INFO - Started process (PID=39689) to work on /home/airflow/.local/lib/python3.12/site-packages/airflow/example_dags/example_sla_dag.py
[2025-04-17T11:37:12.126+0000] {processor.py:914} INFO - Processing file /home/airflow/.local/lib/python3.12/site-packages/airflow/example_dags/example_sla_dag.py for tasks to queue
[2025-04-17T11:37:12.296+0000] {logging_mixin.py:190} INFO - [2025-04-17T11:37:12.230+0000] {dagbag.py:588} INFO - Filling up the DagBag from /home/airflow/.local/lib/python3.12/site-packages/airflow/example_dags/example_sla_dag.py
[2025-04-17T11:37:14.136+0000] {processor.py:925} INFO - DAG(s) 'example_sla_dag' retrieved from /home/airflow/.local/lib/python3.12/site-packages/airflow/example_dags/example_sla_dag.py
[2025-04-17T11:37:15.104+0000] {logging_mixin.py:190} INFO - [2025-04-17T11:37:15.097+0000] {dag.py:3239} INFO - Sync 1 DAGs
[2025-04-17T11:37:15.423+0000] {logging_mixin.py:190} INFO - [2025-04-17T11:37:15.422+0000] {dag.py:4180} INFO - Setting next_dagrun for example_sla_dag to 2025-04-17 11:34:00+00:00, run_after=2025-04-17 11:36:00+00:00
[2025-04-17T11:37:21.169+0000] {processor.py:208} INFO - Processing /home/airflow/.local/lib/python3.12/site-packages/airflow/example_dags/example_sla_dag.py took 10.681 seconds
[2025-04-17T11:48:19.474+0000] {processor.py:186} INFO - Started process (PID=39986) to work on /home/airflow/.local/lib/python3.12/site-packages/airflow/example_dags/example_sla_dag.py
[2025-04-17T11:48:19.818+0000] {processor.py:914} INFO - Processing file /home/airflow/.local/lib/python3.12/site-packages/airflow/example_dags/example_sla_dag.py for tasks to queue
[2025-04-17T11:48:21.960+0000] {logging_mixin.py:190} INFO - [2025-04-17T11:48:21.173+0000] {dagbag.py:588} INFO - Filling up the DagBag from /home/airflow/.local/lib/python3.12/site-packages/airflow/example_dags/example_sla_dag.py
[2025-04-17T12:08:10.030+0000] {processor.py:186} INFO - Started process (PID=262) to work on /home/airflow/.local/lib/python3.12/site-packages/airflow/example_dags/example_sla_dag.py
[2025-04-17T12:08:10.033+0000] {processor.py:914} INFO - Processing file /home/airflow/.local/lib/python3.12/site-packages/airflow/example_dags/example_sla_dag.py for tasks to queue
[2025-04-17T12:08:10.040+0000] {logging_mixin.py:190} INFO - [2025-04-17T12:08:10.039+0000] {dagbag.py:588} INFO - Filling up the DagBag from /home/airflow/.local/lib/python3.12/site-packages/airflow/example_dags/example_sla_dag.py
[2025-04-17T12:08:10.062+0000] {processor.py:925} INFO - DAG(s) 'example_sla_dag' retrieved from /home/airflow/.local/lib/python3.12/site-packages/airflow/example_dags/example_sla_dag.py
[2025-04-17T12:08:10.379+0000] {logging_mixin.py:190} INFO - [2025-04-17T12:08:10.379+0000] {dag.py:3239} INFO - Sync 1 DAGs
[2025-04-17T12:08:10.466+0000] {logging_mixin.py:190} INFO - [2025-04-17T12:08:10.464+0000] {dag.py:4180} INFO - Setting next_dagrun for example_sla_dag to 2025-04-17 12:06:00+00:00, run_after=2025-04-17 12:08:00+00:00
[2025-04-17T12:08:10.537+0000] {processor.py:208} INFO - Processing /home/airflow/.local/lib/python3.12/site-packages/airflow/example_dags/example_sla_dag.py took 0.529 seconds
[2025-04-17T12:11:56.754+0000] {processor.py:186} INFO - Started process (PID=930) to work on /home/airflow/.local/lib/python3.12/site-packages/airflow/example_dags/example_sla_dag.py
[2025-04-17T12:11:56.777+0000] {processor.py:914} INFO - Processing file /home/airflow/.local/lib/python3.12/site-packages/airflow/example_dags/example_sla_dag.py for tasks to queue
[2025-04-17T12:11:56.791+0000] {logging_mixin.py:190} INFO - [2025-04-17T12:11:56.790+0000] {dagbag.py:588} INFO - Filling up the DagBag from /home/airflow/.local/lib/python3.12/site-packages/airflow/example_dags/example_sla_dag.py
[2025-04-17T12:11:57.007+0000] {processor.py:925} INFO - DAG(s) 'example_sla_dag' retrieved from /home/airflow/.local/lib/python3.12/site-packages/airflow/example_dags/example_sla_dag.py
[2025-04-17T12:11:57.137+0000] {logging_mixin.py:190} INFO - [2025-04-17T12:11:57.136+0000] {dag.py:3239} INFO - Sync 1 DAGs
[2025-04-17T12:11:57.361+0000] {logging_mixin.py:190} INFO - [2025-04-17T12:11:57.357+0000] {dag.py:4180} INFO - Setting next_dagrun for example_sla_dag to 2025-04-17 12:08:00+00:00, run_after=2025-04-17 12:10:00+00:00
[2025-04-17T12:11:57.496+0000] {processor.py:208} INFO - Processing /home/airflow/.local/lib/python3.12/site-packages/airflow/example_dags/example_sla_dag.py took 0.820 seconds
[2025-04-17T12:15:42.143+0000] {processor.py:186} INFO - Started process (PID=1126) to work on /home/airflow/.local/lib/python3.12/site-packages/airflow/example_dags/example_sla_dag.py
[2025-04-17T12:15:42.145+0000] {processor.py:914} INFO - Processing file /home/airflow/.local/lib/python3.12/site-packages/airflow/example_dags/example_sla_dag.py for tasks to queue
[2025-04-17T12:15:42.148+0000] {logging_mixin.py:190} INFO - [2025-04-17T12:15:42.147+0000] {dagbag.py:588} INFO - Filling up the DagBag from /home/airflow/.local/lib/python3.12/site-packages/airflow/example_dags/example_sla_dag.py
[2025-04-17T12:15:42.176+0000] {processor.py:925} INFO - DAG(s) 'example_sla_dag' retrieved from /home/airflow/.local/lib/python3.12/site-packages/airflow/example_dags/example_sla_dag.py
[2025-04-17T12:15:42.257+0000] {logging_mixin.py:190} INFO - [2025-04-17T12:15:42.256+0000] {dag.py:3239} INFO - Sync 1 DAGs
[2025-04-17T12:15:42.484+0000] {logging_mixin.py:190} INFO - [2025-04-17T12:15:42.484+0000] {dag.py:4180} INFO - Setting next_dagrun for example_sla_dag to 2025-04-17 12:12:00+00:00, run_after=2025-04-17 12:14:00+00:00
[2025-04-17T12:15:42.550+0000] {processor.py:208} INFO - Processing /home/airflow/.local/lib/python3.12/site-packages/airflow/example_dags/example_sla_dag.py took 0.417 seconds
[2025-04-17T12:18:42.090+0000] {processor.py:186} INFO - Started process (PID=1757) to work on /home/airflow/.local/lib/python3.12/site-packages/airflow/example_dags/example_sla_dag.py
[2025-04-17T12:18:42.093+0000] {processor.py:914} INFO - Processing file /home/airflow/.local/lib/python3.12/site-packages/airflow/example_dags/example_sla_dag.py for tasks to queue
[2025-04-17T12:18:42.098+0000] {logging_mixin.py:190} INFO - [2025-04-17T12:18:42.096+0000] {dagbag.py:588} INFO - Filling up the DagBag from /home/airflow/.local/lib/python3.12/site-packages/airflow/example_dags/example_sla_dag.py
[2025-04-17T12:18:44.025+0000] {processor.py:925} INFO - DAG(s) 'example_sla_dag' retrieved from /home/airflow/.local/lib/python3.12/site-packages/airflow/example_dags/example_sla_dag.py
[2025-04-17T12:18:44.885+0000] {logging_mixin.py:190} INFO - [2025-04-17T12:18:44.882+0000] {dag.py:3239} INFO - Sync 1 DAGs
[2025-04-17T12:18:45.736+0000] {logging_mixin.py:190} INFO - [2025-04-17T12:18:45.736+0000] {dag.py:4180} INFO - Setting next_dagrun for example_sla_dag to 2025-04-17 12:16:00+00:00, run_after=2025-04-17 12:18:00+00:00
[2025-04-17T12:18:45.903+0000] {processor.py:208} INFO - Processing /home/airflow/.local/lib/python3.12/site-packages/airflow/example_dags/example_sla_dag.py took 4.186 seconds
[2025-04-17T12:19:30.670+0000] {processor.py:186} INFO - Started process (PID=2268) to work on /home/airflow/.local/lib/python3.12/site-packages/airflow/example_dags/example_sla_dag.py
[2025-04-17T12:19:30.692+0000] {processor.py:914} INFO - Processing file /home/airflow/.local/lib/python3.12/site-packages/airflow/example_dags/example_sla_dag.py for tasks to queue
[2025-04-17T12:19:30.696+0000] {logging_mixin.py:190} INFO - [2025-04-17T12:19:30.695+0000] {dagbag.py:588} INFO - Filling up the DagBag from /home/airflow/.local/lib/python3.12/site-packages/airflow/example_dags/example_sla_dag.py
[2025-04-17T12:19:30.728+0000] {processor.py:925} INFO - DAG(s) 'example_sla_dag' retrieved from /home/airflow/.local/lib/python3.12/site-packages/airflow/example_dags/example_sla_dag.py
[2025-04-17T12:19:31.085+0000] {logging_mixin.py:190} INFO - [2025-04-17T12:19:31.084+0000] {dag.py:3239} INFO - Sync 1 DAGs
[2025-04-17T12:19:31.278+0000] {logging_mixin.py:190} INFO - [2025-04-17T12:19:31.277+0000] {dag.py:4180} INFO - Setting next_dagrun for example_sla_dag to 2025-04-17 12:16:00+00:00, run_after=2025-04-17 12:18:00+00:00
[2025-04-17T12:19:31.439+0000] {processor.py:208} INFO - Processing /home/airflow/.local/lib/python3.12/site-packages/airflow/example_dags/example_sla_dag.py took 0.799 seconds
[2025-04-17T12:24:04.818+0000] {processor.py:186} INFO - Started process (PID=2502) to work on /home/airflow/.local/lib/python3.12/site-packages/airflow/example_dags/example_sla_dag.py
[2025-04-17T12:24:04.838+0000] {processor.py:914} INFO - Processing file /home/airflow/.local/lib/python3.12/site-packages/airflow/example_dags/example_sla_dag.py for tasks to queue
[2025-04-17T12:24:04.862+0000] {logging_mixin.py:190} INFO - [2025-04-17T12:24:04.861+0000] {dagbag.py:588} INFO - Filling up the DagBag from /home/airflow/.local/lib/python3.12/site-packages/airflow/example_dags/example_sla_dag.py
[2025-04-17T12:24:05.294+0000] {processor.py:925} INFO - DAG(s) 'example_sla_dag' retrieved from /home/airflow/.local/lib/python3.12/site-packages/airflow/example_dags/example_sla_dag.py
[2025-04-17T12:24:05.795+0000] {logging_mixin.py:190} INFO - [2025-04-17T12:24:05.794+0000] {dag.py:3239} INFO - Sync 1 DAGs
[2025-04-17T12:24:06.772+0000] {logging_mixin.py:190} INFO - [2025-04-17T12:24:06.765+0000] {dag.py:4180} INFO - Setting next_dagrun for example_sla_dag to 2025-04-17 12:22:00+00:00, run_after=2025-04-17 12:24:00+00:00
[2025-04-17T12:24:07.006+0000] {processor.py:208} INFO - Processing /home/airflow/.local/lib/python3.12/site-packages/airflow/example_dags/example_sla_dag.py took 2.316 seconds
[2025-04-17T12:24:56.105+0000] {processor.py:186} INFO - Started process (PID=2889) to work on /home/airflow/.local/lib/python3.12/site-packages/airflow/example_dags/example_sla_dag.py
[2025-04-17T12:24:56.107+0000] {processor.py:914} INFO - Processing file /home/airflow/.local/lib/python3.12/site-packages/airflow/example_dags/example_sla_dag.py for tasks to queue
[2025-04-17T12:24:56.110+0000] {logging_mixin.py:190} INFO - [2025-04-17T12:24:56.109+0000] {dagbag.py:588} INFO - Filling up the DagBag from /home/airflow/.local/lib/python3.12/site-packages/airflow/example_dags/example_sla_dag.py
[2025-04-17T12:24:56.137+0000] {processor.py:925} INFO - DAG(s) 'example_sla_dag' retrieved from /home/airflow/.local/lib/python3.12/site-packages/airflow/example_dags/example_sla_dag.py
[2025-04-17T12:24:56.183+0000] {logging_mixin.py:190} INFO - [2025-04-17T12:24:56.182+0000] {dag.py:3239} INFO - Sync 1 DAGs
[2025-04-17T12:24:56.259+0000] {logging_mixin.py:190} INFO - [2025-04-17T12:24:56.258+0000] {dag.py:4180} INFO - Setting next_dagrun for example_sla_dag to 2025-04-17 12:22:00+00:00, run_after=2025-04-17 12:24:00+00:00
[2025-04-17T12:24:56.302+0000] {processor.py:208} INFO - Processing /home/airflow/.local/lib/python3.12/site-packages/airflow/example_dags/example_sla_dag.py took 0.210 seconds
[2025-04-17T12:26:12.382+0000] {processor.py:186} INFO - Started process (PID=3298) to work on /home/airflow/.local/lib/python3.12/site-packages/airflow/example_dags/example_sla_dag.py
[2025-04-17T12:26:12.422+0000] {processor.py:914} INFO - Processing file /home/airflow/.local/lib/python3.12/site-packages/airflow/example_dags/example_sla_dag.py for tasks to queue
[2025-04-17T12:26:12.447+0000] {logging_mixin.py:190} INFO - [2025-04-17T12:26:12.441+0000] {dagbag.py:588} INFO - Filling up the DagBag from /home/airflow/.local/lib/python3.12/site-packages/airflow/example_dags/example_sla_dag.py
[2025-04-17T12:26:13.268+0000] {processor.py:925} INFO - DAG(s) 'example_sla_dag' retrieved from /home/airflow/.local/lib/python3.12/site-packages/airflow/example_dags/example_sla_dag.py
[2025-04-17T12:26:15.031+0000] {logging_mixin.py:190} INFO - [2025-04-17T12:26:15.008+0000] {dag.py:3239} INFO - Sync 1 DAGs
[2025-04-17T12:26:18.065+0000] {logging_mixin.py:190} INFO - [2025-04-17T12:26:18.064+0000] {dag.py:4180} INFO - Setting next_dagrun for example_sla_dag to 2025-04-17 12:24:00+00:00, run_after=2025-04-17 12:26:00+00:00
[2025-04-17T12:26:18.509+0000] {processor.py:208} INFO - Processing /home/airflow/.local/lib/python3.12/site-packages/airflow/example_dags/example_sla_dag.py took 6.190 seconds
[2025-04-17T12:35:12.033+0000] {processor.py:186} INFO - Started process (PID=3882) to work on /home/airflow/.local/lib/python3.12/site-packages/airflow/example_dags/example_sla_dag.py
[2025-04-17T12:35:12.037+0000] {processor.py:914} INFO - Processing file /home/airflow/.local/lib/python3.12/site-packages/airflow/example_dags/example_sla_dag.py for tasks to queue
[2025-04-17T12:35:12.041+0000] {logging_mixin.py:190} INFO - [2025-04-17T12:35:12.040+0000] {dagbag.py:588} INFO - Filling up the DagBag from /home/airflow/.local/lib/python3.12/site-packages/airflow/example_dags/example_sla_dag.py
[2025-04-17T12:35:12.073+0000] {processor.py:925} INFO - DAG(s) 'example_sla_dag' retrieved from /home/airflow/.local/lib/python3.12/site-packages/airflow/example_dags/example_sla_dag.py
[2025-04-17T12:35:12.156+0000] {logging_mixin.py:190} INFO - [2025-04-17T12:35:12.155+0000] {dag.py:3239} INFO - Sync 1 DAGs
[2025-04-17T12:35:12.401+0000] {logging_mixin.py:190} INFO - [2025-04-17T12:35:12.400+0000] {dag.py:4180} INFO - Setting next_dagrun for example_sla_dag to 2025-04-17 12:32:00+00:00, run_after=2025-04-17 12:34:00+00:00
[2025-04-17T12:35:12.549+0000] {processor.py:208} INFO - Processing /home/airflow/.local/lib/python3.12/site-packages/airflow/example_dags/example_sla_dag.py took 0.538 seconds
[2025-04-17T12:35:53.180+0000] {processor.py:186} INFO - Started process (PID=4202) to work on /home/airflow/.local/lib/python3.12/site-packages/airflow/example_dags/example_sla_dag.py
[2025-04-17T12:35:53.183+0000] {processor.py:914} INFO - Processing file /home/airflow/.local/lib/python3.12/site-packages/airflow/example_dags/example_sla_dag.py for tasks to queue
[2025-04-17T12:35:53.189+0000] {logging_mixin.py:190} INFO - [2025-04-17T12:35:53.187+0000] {dagbag.py:588} INFO - Filling up the DagBag from /home/airflow/.local/lib/python3.12/site-packages/airflow/example_dags/example_sla_dag.py
[2025-04-17T12:35:53.212+0000] {processor.py:925} INFO - DAG(s) 'example_sla_dag' retrieved from /home/airflow/.local/lib/python3.12/site-packages/airflow/example_dags/example_sla_dag.py
[2025-04-17T12:35:53.260+0000] {logging_mixin.py:190} INFO - [2025-04-17T12:35:53.260+0000] {dag.py:3239} INFO - Sync 1 DAGs
[2025-04-17T12:35:53.327+0000] {logging_mixin.py:190} INFO - [2025-04-17T12:35:53.326+0000] {dag.py:4180} INFO - Setting next_dagrun for example_sla_dag to 2025-04-17 12:32:00+00:00, run_after=2025-04-17 12:34:00+00:00
[2025-04-17T12:35:53.366+0000] {processor.py:208} INFO - Processing /home/airflow/.local/lib/python3.12/site-packages/airflow/example_dags/example_sla_dag.py took 0.199 seconds
[2025-04-17T12:36:28.984+0000] {processor.py:186} INFO - Started process (PID=4511) to work on /home/airflow/.local/lib/python3.12/site-packages/airflow/example_dags/example_sla_dag.py
[2025-04-17T12:36:28.988+0000] {processor.py:914} INFO - Processing file /home/airflow/.local/lib/python3.12/site-packages/airflow/example_dags/example_sla_dag.py for tasks to queue
[2025-04-17T12:36:28.994+0000] {logging_mixin.py:190} INFO - [2025-04-17T12:36:28.993+0000] {dagbag.py:588} INFO - Filling up the DagBag from /home/airflow/.local/lib/python3.12/site-packages/airflow/example_dags/example_sla_dag.py
[2025-04-17T12:36:29.053+0000] {processor.py:925} INFO - DAG(s) 'example_sla_dag' retrieved from /home/airflow/.local/lib/python3.12/site-packages/airflow/example_dags/example_sla_dag.py
[2025-04-17T12:36:29.096+0000] {logging_mixin.py:190} INFO - [2025-04-17T12:36:29.096+0000] {dag.py:3239} INFO - Sync 1 DAGs
[2025-04-17T12:36:29.152+0000] {logging_mixin.py:190} INFO - [2025-04-17T12:36:29.151+0000] {dag.py:4180} INFO - Setting next_dagrun for example_sla_dag to 2025-04-17 12:34:00+00:00, run_after=2025-04-17 12:36:00+00:00
[2025-04-17T12:36:29.207+0000] {processor.py:208} INFO - Processing /home/airflow/.local/lib/python3.12/site-packages/airflow/example_dags/example_sla_dag.py took 0.246 seconds
[2025-04-17T12:37:12.672+0000] {processor.py:186} INFO - Started process (PID=4700) to work on /home/airflow/.local/lib/python3.12/site-packages/airflow/example_dags/example_sla_dag.py
[2025-04-17T12:37:12.838+0000] {processor.py:914} INFO - Processing file /home/airflow/.local/lib/python3.12/site-packages/airflow/example_dags/example_sla_dag.py for tasks to queue
[2025-04-17T12:37:12.841+0000] {logging_mixin.py:190} INFO - [2025-04-17T12:37:12.840+0000] {dagbag.py:588} INFO - Filling up the DagBag from /home/airflow/.local/lib/python3.12/site-packages/airflow/example_dags/example_sla_dag.py
[2025-04-17T12:37:12.859+0000] {processor.py:925} INFO - DAG(s) 'example_sla_dag' retrieved from /home/airflow/.local/lib/python3.12/site-packages/airflow/example_dags/example_sla_dag.py
[2025-04-17T12:37:12.890+0000] {logging_mixin.py:190} INFO - [2025-04-17T12:37:12.889+0000] {dag.py:3239} INFO - Sync 1 DAGs
[2025-04-17T12:37:12.937+0000] {logging_mixin.py:190} INFO - [2025-04-17T12:37:12.937+0000] {dag.py:4180} INFO - Setting next_dagrun for example_sla_dag to 2025-04-17 12:34:00+00:00, run_after=2025-04-17 12:36:00+00:00
[2025-04-17T12:37:13.426+0000] {processor.py:208} INFO - Processing /home/airflow/.local/lib/python3.12/site-packages/airflow/example_dags/example_sla_dag.py took 0.763 seconds
[2025-04-17T12:37:44.163+0000] {processor.py:186} INFO - Started process (PID=5008) to work on /home/airflow/.local/lib/python3.12/site-packages/airflow/example_dags/example_sla_dag.py
[2025-04-17T12:37:44.166+0000] {processor.py:914} INFO - Processing file /home/airflow/.local/lib/python3.12/site-packages/airflow/example_dags/example_sla_dag.py for tasks to queue
[2025-04-17T12:37:44.168+0000] {logging_mixin.py:190} INFO - [2025-04-17T12:37:44.168+0000] {dagbag.py:588} INFO - Filling up the DagBag from /home/airflow/.local/lib/python3.12/site-packages/airflow/example_dags/example_sla_dag.py
[2025-04-17T12:37:44.190+0000] {processor.py:925} INFO - DAG(s) 'example_sla_dag' retrieved from /home/airflow/.local/lib/python3.12/site-packages/airflow/example_dags/example_sla_dag.py
[2025-04-17T12:37:44.236+0000] {logging_mixin.py:190} INFO - [2025-04-17T12:37:44.235+0000] {dag.py:3239} INFO - Sync 1 DAGs
[2025-04-17T12:37:44.286+0000] {logging_mixin.py:190} INFO - [2025-04-17T12:37:44.286+0000] {dag.py:4180} INFO - Setting next_dagrun for example_sla_dag to 2025-04-17 12:34:00+00:00, run_after=2025-04-17 12:36:00+00:00
[2025-04-17T12:37:44.324+0000] {processor.py:208} INFO - Processing /home/airflow/.local/lib/python3.12/site-packages/airflow/example_dags/example_sla_dag.py took 0.171 seconds
[2025-04-17T12:38:15.138+0000] {processor.py:186} INFO - Started process (PID=5313) to work on /home/airflow/.local/lib/python3.12/site-packages/airflow/example_dags/example_sla_dag.py
[2025-04-17T12:38:15.141+0000] {processor.py:914} INFO - Processing file /home/airflow/.local/lib/python3.12/site-packages/airflow/example_dags/example_sla_dag.py for tasks to queue
[2025-04-17T12:38:15.145+0000] {logging_mixin.py:190} INFO - [2025-04-17T12:38:15.144+0000] {dagbag.py:588} INFO - Filling up the DagBag from /home/airflow/.local/lib/python3.12/site-packages/airflow/example_dags/example_sla_dag.py
[2025-04-17T12:38:15.168+0000] {processor.py:925} INFO - DAG(s) 'example_sla_dag' retrieved from /home/airflow/.local/lib/python3.12/site-packages/airflow/example_dags/example_sla_dag.py
[2025-04-17T12:38:15.211+0000] {logging_mixin.py:190} INFO - [2025-04-17T12:38:15.210+0000] {dag.py:3239} INFO - Sync 1 DAGs
[2025-04-17T12:38:15.272+0000] {logging_mixin.py:190} INFO - [2025-04-17T12:38:15.272+0000] {dag.py:4180} INFO - Setting next_dagrun for example_sla_dag to 2025-04-17 12:36:00+00:00, run_after=2025-04-17 12:38:00+00:00
[2025-04-17T12:38:15.310+0000] {processor.py:208} INFO - Processing /home/airflow/.local/lib/python3.12/site-packages/airflow/example_dags/example_sla_dag.py took 0.189 seconds
[2025-04-17T12:38:50.274+0000] {processor.py:186} INFO - Started process (PID=5626) to work on /home/airflow/.local/lib/python3.12/site-packages/airflow/example_dags/example_sla_dag.py
[2025-04-17T12:38:50.292+0000] {processor.py:914} INFO - Processing file /home/airflow/.local/lib/python3.12/site-packages/airflow/example_dags/example_sla_dag.py for tasks to queue
[2025-04-17T12:38:50.294+0000] {logging_mixin.py:190} INFO - [2025-04-17T12:38:50.294+0000] {dagbag.py:588} INFO - Filling up the DagBag from /home/airflow/.local/lib/python3.12/site-packages/airflow/example_dags/example_sla_dag.py
[2025-04-17T12:38:50.323+0000] {processor.py:925} INFO - DAG(s) 'example_sla_dag' retrieved from /home/airflow/.local/lib/python3.12/site-packages/airflow/example_dags/example_sla_dag.py
[2025-04-17T12:38:50.391+0000] {logging_mixin.py:190} INFO - [2025-04-17T12:38:50.390+0000] {dag.py:3239} INFO - Sync 1 DAGs
[2025-04-17T12:38:50.516+0000] {logging_mixin.py:190} INFO - [2025-04-17T12:38:50.515+0000] {dag.py:4180} INFO - Setting next_dagrun for example_sla_dag to 2025-04-17 12:36:00+00:00, run_after=2025-04-17 12:38:00+00:00
[2025-04-17T12:38:50.609+0000] {processor.py:208} INFO - Processing /home/airflow/.local/lib/python3.12/site-packages/airflow/example_dags/example_sla_dag.py took 0.348 seconds
[2025-04-17T12:39:21.009+0000] {processor.py:186} INFO - Started process (PID=5917) to work on /home/airflow/.local/lib/python3.12/site-packages/airflow/example_dags/example_sla_dag.py
[2025-04-17T12:39:21.012+0000] {processor.py:914} INFO - Processing file /home/airflow/.local/lib/python3.12/site-packages/airflow/example_dags/example_sla_dag.py for tasks to queue
[2025-04-17T12:39:21.016+0000] {logging_mixin.py:190} INFO - [2025-04-17T12:39:21.015+0000] {dagbag.py:588} INFO - Filling up the DagBag from /home/airflow/.local/lib/python3.12/site-packages/airflow/example_dags/example_sla_dag.py
[2025-04-17T12:39:21.042+0000] {processor.py:925} INFO - DAG(s) 'example_sla_dag' retrieved from /home/airflow/.local/lib/python3.12/site-packages/airflow/example_dags/example_sla_dag.py
[2025-04-17T12:39:21.086+0000] {logging_mixin.py:190} INFO - [2025-04-17T12:39:21.086+0000] {dag.py:3239} INFO - Sync 1 DAGs
[2025-04-17T12:39:21.151+0000] {logging_mixin.py:190} INFO - [2025-04-17T12:39:21.150+0000] {dag.py:4180} INFO - Setting next_dagrun for example_sla_dag to 2025-04-17 12:36:00+00:00, run_after=2025-04-17 12:38:00+00:00
[2025-04-17T12:39:21.197+0000] {processor.py:208} INFO - Processing /home/airflow/.local/lib/python3.12/site-packages/airflow/example_dags/example_sla_dag.py took 0.201 seconds
[2025-04-17T12:39:53.837+0000] {processor.py:186} INFO - Started process (PID=6239) to work on /home/airflow/.local/lib/python3.12/site-packages/airflow/example_dags/example_sla_dag.py
[2025-04-17T12:39:53.842+0000] {processor.py:914} INFO - Processing file /home/airflow/.local/lib/python3.12/site-packages/airflow/example_dags/example_sla_dag.py for tasks to queue
[2025-04-17T12:39:53.850+0000] {logging_mixin.py:190} INFO - [2025-04-17T12:39:53.848+0000] {dagbag.py:588} INFO - Filling up the DagBag from /home/airflow/.local/lib/python3.12/site-packages/airflow/example_dags/example_sla_dag.py
[2025-04-17T12:39:53.924+0000] {processor.py:925} INFO - DAG(s) 'example_sla_dag' retrieved from /home/airflow/.local/lib/python3.12/site-packages/airflow/example_dags/example_sla_dag.py
[2025-04-17T12:39:54.037+0000] {logging_mixin.py:190} INFO - [2025-04-17T12:39:54.032+0000] {dag.py:3239} INFO - Sync 1 DAGs
[2025-04-17T12:39:54.197+0000] {logging_mixin.py:190} INFO - [2025-04-17T12:39:54.193+0000] {dag.py:4180} INFO - Setting next_dagrun for example_sla_dag to 2025-04-17 12:36:00+00:00, run_after=2025-04-17 12:38:00+00:00
[2025-04-17T12:39:54.257+0000] {processor.py:208} INFO - Processing /home/airflow/.local/lib/python3.12/site-packages/airflow/example_dags/example_sla_dag.py took 0.460 seconds
[2025-04-17T12:41:04.787+0000] {processor.py:186} INFO - Started process (PID=6560) to work on /home/airflow/.local/lib/python3.12/site-packages/airflow/example_dags/example_sla_dag.py
[2025-04-17T12:41:04.855+0000] {processor.py:914} INFO - Processing file /home/airflow/.local/lib/python3.12/site-packages/airflow/example_dags/example_sla_dag.py for tasks to queue
[2025-04-17T12:41:04.905+0000] {logging_mixin.py:190} INFO - [2025-04-17T12:41:04.896+0000] {dagbag.py:588} INFO - Filling up the DagBag from /home/airflow/.local/lib/python3.12/site-packages/airflow/example_dags/example_sla_dag.py
[2025-04-17T12:41:06.459+0000] {processor.py:925} INFO - DAG(s) 'example_sla_dag' retrieved from /home/airflow/.local/lib/python3.12/site-packages/airflow/example_dags/example_sla_dag.py
[2025-04-17T12:41:16.025+0000] {logging_mixin.py:190} INFO - [2025-04-17T12:41:15.999+0000] {dag.py:3239} INFO - Sync 1 DAGs
[2025-04-17T12:41:18.769+0000] {logging_mixin.py:190} INFO - [2025-04-17T12:41:18.743+0000] {dag.py:4180} INFO - Setting next_dagrun for example_sla_dag to 2025-04-17 12:38:00+00:00, run_after=2025-04-17 12:40:00+00:00
[2025-04-17T12:41:21.426+0000] {processor.py:208} INFO - Processing /home/airflow/.local/lib/python3.12/site-packages/airflow/example_dags/example_sla_dag.py took 17.268 seconds
[2025-04-17T12:42:35.847+0000] {processor.py:186} INFO - Started process (PID=6730) to work on /home/airflow/.local/lib/python3.12/site-packages/airflow/example_dags/example_sla_dag.py
[2025-04-17T12:42:35.849+0000] {processor.py:914} INFO - Processing file /home/airflow/.local/lib/python3.12/site-packages/airflow/example_dags/example_sla_dag.py for tasks to queue
[2025-04-17T12:42:35.853+0000] {logging_mixin.py:190} INFO - [2025-04-17T12:42:35.852+0000] {dagbag.py:588} INFO - Filling up the DagBag from /home/airflow/.local/lib/python3.12/site-packages/airflow/example_dags/example_sla_dag.py
[2025-04-17T12:42:35.879+0000] {processor.py:925} INFO - DAG(s) 'example_sla_dag' retrieved from /home/airflow/.local/lib/python3.12/site-packages/airflow/example_dags/example_sla_dag.py
[2025-04-17T12:42:35.922+0000] {logging_mixin.py:190} INFO - [2025-04-17T12:42:35.922+0000] {dag.py:3239} INFO - Sync 1 DAGs
[2025-04-17T12:42:35.983+0000] {logging_mixin.py:190} INFO - [2025-04-17T12:42:35.983+0000] {dag.py:4180} INFO - Setting next_dagrun for example_sla_dag to 2025-04-17 12:40:00+00:00, run_after=2025-04-17 12:42:00+00:00
[2025-04-17T12:42:36.025+0000] {processor.py:208} INFO - Processing /home/airflow/.local/lib/python3.12/site-packages/airflow/example_dags/example_sla_dag.py took 0.194 seconds
[2025-04-17T12:43:08.147+0000] {processor.py:186} INFO - Started process (PID=7151) to work on /home/airflow/.local/lib/python3.12/site-packages/airflow/example_dags/example_sla_dag.py
[2025-04-17T12:43:08.150+0000] {processor.py:914} INFO - Processing file /home/airflow/.local/lib/python3.12/site-packages/airflow/example_dags/example_sla_dag.py for tasks to queue
[2025-04-17T12:43:08.152+0000] {logging_mixin.py:190} INFO - [2025-04-17T12:43:08.152+0000] {dagbag.py:588} INFO - Filling up the DagBag from /home/airflow/.local/lib/python3.12/site-packages/airflow/example_dags/example_sla_dag.py
[2025-04-17T12:43:08.180+0000] {processor.py:925} INFO - DAG(s) 'example_sla_dag' retrieved from /home/airflow/.local/lib/python3.12/site-packages/airflow/example_dags/example_sla_dag.py
[2025-04-17T12:43:08.228+0000] {logging_mixin.py:190} INFO - [2025-04-17T12:43:08.227+0000] {dag.py:3239} INFO - Sync 1 DAGs
[2025-04-17T12:43:08.300+0000] {logging_mixin.py:190} INFO - [2025-04-17T12:43:08.300+0000] {dag.py:4180} INFO - Setting next_dagrun for example_sla_dag to 2025-04-17 12:40:00+00:00, run_after=2025-04-17 12:42:00+00:00
[2025-04-17T12:43:08.353+0000] {processor.py:208} INFO - Processing /home/airflow/.local/lib/python3.12/site-packages/airflow/example_dags/example_sla_dag.py took 0.219 seconds
[2025-04-17T12:43:41.419+0000] {processor.py:186} INFO - Started process (PID=7459) to work on /home/airflow/.local/lib/python3.12/site-packages/airflow/example_dags/example_sla_dag.py
[2025-04-17T12:43:41.421+0000] {processor.py:914} INFO - Processing file /home/airflow/.local/lib/python3.12/site-packages/airflow/example_dags/example_sla_dag.py for tasks to queue
[2025-04-17T12:43:41.425+0000] {logging_mixin.py:190} INFO - [2025-04-17T12:43:41.424+0000] {dagbag.py:588} INFO - Filling up the DagBag from /home/airflow/.local/lib/python3.12/site-packages/airflow/example_dags/example_sla_dag.py
[2025-04-17T12:43:41.450+0000] {processor.py:925} INFO - DAG(s) 'example_sla_dag' retrieved from /home/airflow/.local/lib/python3.12/site-packages/airflow/example_dags/example_sla_dag.py
[2025-04-17T12:43:41.492+0000] {logging_mixin.py:190} INFO - [2025-04-17T12:43:41.492+0000] {dag.py:3239} INFO - Sync 1 DAGs
[2025-04-17T12:43:41.568+0000] {logging_mixin.py:190} INFO - [2025-04-17T12:43:41.568+0000] {dag.py:4180} INFO - Setting next_dagrun for example_sla_dag to 2025-04-17 12:40:00+00:00, run_after=2025-04-17 12:42:00+00:00
[2025-04-17T12:43:41.608+0000] {processor.py:208} INFO - Processing /home/airflow/.local/lib/python3.12/site-packages/airflow/example_dags/example_sla_dag.py took 0.203 seconds
[2025-04-17T12:44:13.913+0000] {processor.py:186} INFO - Started process (PID=7794) to work on /home/airflow/.local/lib/python3.12/site-packages/airflow/example_dags/example_sla_dag.py
[2025-04-17T12:44:13.915+0000] {processor.py:914} INFO - Processing file /home/airflow/.local/lib/python3.12/site-packages/airflow/example_dags/example_sla_dag.py for tasks to queue
[2025-04-17T12:44:13.918+0000] {logging_mixin.py:190} INFO - [2025-04-17T12:44:13.917+0000] {dagbag.py:588} INFO - Filling up the DagBag from /home/airflow/.local/lib/python3.12/site-packages/airflow/example_dags/example_sla_dag.py
[2025-04-17T12:44:13.941+0000] {processor.py:925} INFO - DAG(s) 'example_sla_dag' retrieved from /home/airflow/.local/lib/python3.12/site-packages/airflow/example_dags/example_sla_dag.py
[2025-04-17T12:44:13.989+0000] {logging_mixin.py:190} INFO - [2025-04-17T12:44:13.988+0000] {dag.py:3239} INFO - Sync 1 DAGs
[2025-04-17T12:44:14.057+0000] {logging_mixin.py:190} INFO - [2025-04-17T12:44:14.056+0000] {dag.py:4180} INFO - Setting next_dagrun for example_sla_dag to 2025-04-17 12:42:00+00:00, run_after=2025-04-17 12:44:00+00:00
[2025-04-17T12:44:14.098+0000] {processor.py:208} INFO - Processing /home/airflow/.local/lib/python3.12/site-packages/airflow/example_dags/example_sla_dag.py took 0.203 seconds
[2025-04-17T12:44:46.157+0000] {processor.py:186} INFO - Started process (PID=8255) to work on /home/airflow/.local/lib/python3.12/site-packages/airflow/example_dags/example_sla_dag.py
[2025-04-17T12:44:46.161+0000] {processor.py:914} INFO - Processing file /home/airflow/.local/lib/python3.12/site-packages/airflow/example_dags/example_sla_dag.py for tasks to queue
[2025-04-17T12:44:46.165+0000] {logging_mixin.py:190} INFO - [2025-04-17T12:44:46.164+0000] {dagbag.py:588} INFO - Filling up the DagBag from /home/airflow/.local/lib/python3.12/site-packages/airflow/example_dags/example_sla_dag.py
[2025-04-17T12:44:46.202+0000] {processor.py:925} INFO - DAG(s) 'example_sla_dag' retrieved from /home/airflow/.local/lib/python3.12/site-packages/airflow/example_dags/example_sla_dag.py
[2025-04-17T12:44:46.297+0000] {logging_mixin.py:190} INFO - [2025-04-17T12:44:46.296+0000] {dag.py:3239} INFO - Sync 1 DAGs
[2025-04-17T12:44:46.390+0000] {logging_mixin.py:190} INFO - [2025-04-17T12:44:46.390+0000] {dag.py:4180} INFO - Setting next_dagrun for example_sla_dag to 2025-04-17 12:42:00+00:00, run_after=2025-04-17 12:44:00+00:00
[2025-04-17T12:44:46.439+0000] {processor.py:208} INFO - Processing /home/airflow/.local/lib/python3.12/site-packages/airflow/example_dags/example_sla_dag.py took 0.303 seconds
[2025-04-17T12:45:17.336+0000] {processor.py:186} INFO - Started process (PID=8577) to work on /home/airflow/.local/lib/python3.12/site-packages/airflow/example_dags/example_sla_dag.py
[2025-04-17T12:45:17.341+0000] {processor.py:914} INFO - Processing file /home/airflow/.local/lib/python3.12/site-packages/airflow/example_dags/example_sla_dag.py for tasks to queue
[2025-04-17T12:45:17.349+0000] {logging_mixin.py:190} INFO - [2025-04-17T12:45:17.346+0000] {dagbag.py:588} INFO - Filling up the DagBag from /home/airflow/.local/lib/python3.12/site-packages/airflow/example_dags/example_sla_dag.py
[2025-04-17T12:45:17.390+0000] {processor.py:925} INFO - DAG(s) 'example_sla_dag' retrieved from /home/airflow/.local/lib/python3.12/site-packages/airflow/example_dags/example_sla_dag.py
[2025-04-17T12:45:17.458+0000] {logging_mixin.py:190} INFO - [2025-04-17T12:45:17.457+0000] {dag.py:3239} INFO - Sync 1 DAGs
[2025-04-17T12:45:17.632+0000] {logging_mixin.py:190} INFO - [2025-04-17T12:45:17.632+0000] {dag.py:4180} INFO - Setting next_dagrun for example_sla_dag to 2025-04-17 12:42:00+00:00, run_after=2025-04-17 12:44:00+00:00
[2025-04-17T12:45:17.821+0000] {processor.py:208} INFO - Processing /home/airflow/.local/lib/python3.12/site-packages/airflow/example_dags/example_sla_dag.py took 0.510 seconds
[2025-04-17T12:45:47.928+0000] {processor.py:186} INFO - Started process (PID=8870) to work on /home/airflow/.local/lib/python3.12/site-packages/airflow/example_dags/example_sla_dag.py
[2025-04-17T12:45:47.930+0000] {processor.py:914} INFO - Processing file /home/airflow/.local/lib/python3.12/site-packages/airflow/example_dags/example_sla_dag.py for tasks to queue
[2025-04-17T12:45:47.932+0000] {logging_mixin.py:190} INFO - [2025-04-17T12:45:47.932+0000] {dagbag.py:588} INFO - Filling up the DagBag from /home/airflow/.local/lib/python3.12/site-packages/airflow/example_dags/example_sla_dag.py
[2025-04-17T12:45:47.951+0000] {processor.py:925} INFO - DAG(s) 'example_sla_dag' retrieved from /home/airflow/.local/lib/python3.12/site-packages/airflow/example_dags/example_sla_dag.py
[2025-04-17T12:45:47.990+0000] {logging_mixin.py:190} INFO - [2025-04-17T12:45:47.989+0000] {dag.py:3239} INFO - Sync 1 DAGs
[2025-04-17T12:45:48.047+0000] {logging_mixin.py:190} INFO - [2025-04-17T12:45:48.047+0000] {dag.py:4180} INFO - Setting next_dagrun for example_sla_dag to 2025-04-17 12:42:00+00:00, run_after=2025-04-17 12:44:00+00:00
[2025-04-17T12:45:48.079+0000] {processor.py:208} INFO - Processing /home/airflow/.local/lib/python3.12/site-packages/airflow/example_dags/example_sla_dag.py took 0.161 seconds
[2025-04-17T12:46:18.203+0000] {processor.py:186} INFO - Started process (PID=9177) to work on /home/airflow/.local/lib/python3.12/site-packages/airflow/example_dags/example_sla_dag.py
[2025-04-17T12:46:18.206+0000] {processor.py:914} INFO - Processing file /home/airflow/.local/lib/python3.12/site-packages/airflow/example_dags/example_sla_dag.py for tasks to queue
[2025-04-17T12:46:18.211+0000] {logging_mixin.py:190} INFO - [2025-04-17T12:46:18.210+0000] {dagbag.py:588} INFO - Filling up the DagBag from /home/airflow/.local/lib/python3.12/site-packages/airflow/example_dags/example_sla_dag.py
[2025-04-17T12:46:18.257+0000] {processor.py:925} INFO - DAG(s) 'example_sla_dag' retrieved from /home/airflow/.local/lib/python3.12/site-packages/airflow/example_dags/example_sla_dag.py
[2025-04-17T12:46:18.316+0000] {logging_mixin.py:190} INFO - [2025-04-17T12:46:18.315+0000] {dag.py:3239} INFO - Sync 1 DAGs
[2025-04-17T12:46:18.407+0000] {logging_mixin.py:190} INFO - [2025-04-17T12:46:18.406+0000] {dag.py:4180} INFO - Setting next_dagrun for example_sla_dag to 2025-04-17 12:44:00+00:00, run_after=2025-04-17 12:46:00+00:00
[2025-04-17T12:46:18.460+0000] {processor.py:208} INFO - Processing /home/airflow/.local/lib/python3.12/site-packages/airflow/example_dags/example_sla_dag.py took 0.272 seconds
[2025-04-17T12:46:49.404+0000] {processor.py:186} INFO - Started process (PID=9484) to work on /home/airflow/.local/lib/python3.12/site-packages/airflow/example_dags/example_sla_dag.py
[2025-04-17T12:46:49.406+0000] {processor.py:914} INFO - Processing file /home/airflow/.local/lib/python3.12/site-packages/airflow/example_dags/example_sla_dag.py for tasks to queue
[2025-04-17T12:46:49.408+0000] {logging_mixin.py:190} INFO - [2025-04-17T12:46:49.408+0000] {dagbag.py:588} INFO - Filling up the DagBag from /home/airflow/.local/lib/python3.12/site-packages/airflow/example_dags/example_sla_dag.py
[2025-04-17T12:46:49.429+0000] {processor.py:925} INFO - DAG(s) 'example_sla_dag' retrieved from /home/airflow/.local/lib/python3.12/site-packages/airflow/example_dags/example_sla_dag.py
[2025-04-17T12:46:49.478+0000] {logging_mixin.py:190} INFO - [2025-04-17T12:46:49.478+0000] {dag.py:3239} INFO - Sync 1 DAGs
[2025-04-17T12:46:49.531+0000] {logging_mixin.py:190} INFO - [2025-04-17T12:46:49.530+0000] {dag.py:4180} INFO - Setting next_dagrun for example_sla_dag to 2025-04-17 12:44:00+00:00, run_after=2025-04-17 12:46:00+00:00
[2025-04-17T12:46:49.561+0000] {processor.py:208} INFO - Processing /home/airflow/.local/lib/python3.12/site-packages/airflow/example_dags/example_sla_dag.py took 0.166 seconds
[2025-04-17T12:47:19.806+0000] {processor.py:186} INFO - Started process (PID=9791) to work on /home/airflow/.local/lib/python3.12/site-packages/airflow/example_dags/example_sla_dag.py
[2025-04-17T12:47:19.811+0000] {processor.py:914} INFO - Processing file /home/airflow/.local/lib/python3.12/site-packages/airflow/example_dags/example_sla_dag.py for tasks to queue
[2025-04-17T12:47:19.815+0000] {logging_mixin.py:190} INFO - [2025-04-17T12:47:19.814+0000] {dagbag.py:588} INFO - Filling up the DagBag from /home/airflow/.local/lib/python3.12/site-packages/airflow/example_dags/example_sla_dag.py
[2025-04-17T12:47:19.849+0000] {processor.py:925} INFO - DAG(s) 'example_sla_dag' retrieved from /home/airflow/.local/lib/python3.12/site-packages/airflow/example_dags/example_sla_dag.py
[2025-04-17T12:47:19.899+0000] {logging_mixin.py:190} INFO - [2025-04-17T12:47:19.899+0000] {dag.py:3239} INFO - Sync 1 DAGs
[2025-04-17T12:47:19.967+0000] {logging_mixin.py:190} INFO - [2025-04-17T12:47:19.967+0000] {dag.py:4180} INFO - Setting next_dagrun for example_sla_dag to 2025-04-17 12:44:00+00:00, run_after=2025-04-17 12:46:00+00:00
[2025-04-17T12:47:20.021+0000] {processor.py:208} INFO - Processing /home/airflow/.local/lib/python3.12/site-packages/airflow/example_dags/example_sla_dag.py took 0.233 seconds
[2025-04-17T12:47:50.474+0000] {processor.py:186} INFO - Started process (PID=10098) to work on /home/airflow/.local/lib/python3.12/site-packages/airflow/example_dags/example_sla_dag.py
[2025-04-17T12:47:50.477+0000] {processor.py:914} INFO - Processing file /home/airflow/.local/lib/python3.12/site-packages/airflow/example_dags/example_sla_dag.py for tasks to queue
[2025-04-17T12:47:50.479+0000] {logging_mixin.py:190} INFO - [2025-04-17T12:47:50.478+0000] {dagbag.py:588} INFO - Filling up the DagBag from /home/airflow/.local/lib/python3.12/site-packages/airflow/example_dags/example_sla_dag.py
[2025-04-17T12:47:50.498+0000] {processor.py:925} INFO - DAG(s) 'example_sla_dag' retrieved from /home/airflow/.local/lib/python3.12/site-packages/airflow/example_dags/example_sla_dag.py
[2025-04-17T12:47:50.537+0000] {logging_mixin.py:190} INFO - [2025-04-17T12:47:50.535+0000] {dag.py:3239} INFO - Sync 1 DAGs
[2025-04-17T12:47:50.588+0000] {logging_mixin.py:190} INFO - [2025-04-17T12:47:50.588+0000] {dag.py:4180} INFO - Setting next_dagrun for example_sla_dag to 2025-04-17 12:44:00+00:00, run_after=2025-04-17 12:46:00+00:00
[2025-04-17T12:47:50.621+0000] {processor.py:208} INFO - Processing /home/airflow/.local/lib/python3.12/site-packages/airflow/example_dags/example_sla_dag.py took 0.159 seconds
[2025-04-17T12:48:21.306+0000] {processor.py:186} INFO - Started process (PID=10405) to work on /home/airflow/.local/lib/python3.12/site-packages/airflow/example_dags/example_sla_dag.py
[2025-04-17T12:48:21.308+0000] {processor.py:914} INFO - Processing file /home/airflow/.local/lib/python3.12/site-packages/airflow/example_dags/example_sla_dag.py for tasks to queue
[2025-04-17T12:48:21.310+0000] {logging_mixin.py:190} INFO - [2025-04-17T12:48:21.310+0000] {dagbag.py:588} INFO - Filling up the DagBag from /home/airflow/.local/lib/python3.12/site-packages/airflow/example_dags/example_sla_dag.py
[2025-04-17T12:48:21.328+0000] {processor.py:925} INFO - DAG(s) 'example_sla_dag' retrieved from /home/airflow/.local/lib/python3.12/site-packages/airflow/example_dags/example_sla_dag.py
[2025-04-17T12:48:21.362+0000] {logging_mixin.py:190} INFO - [2025-04-17T12:48:21.362+0000] {dag.py:3239} INFO - Sync 1 DAGs
[2025-04-17T12:48:21.412+0000] {logging_mixin.py:190} INFO - [2025-04-17T12:48:21.411+0000] {dag.py:4180} INFO - Setting next_dagrun for example_sla_dag to 2025-04-17 12:46:00+00:00, run_after=2025-04-17 12:48:00+00:00
[2025-04-17T12:48:21.442+0000] {processor.py:208} INFO - Processing /home/airflow/.local/lib/python3.12/site-packages/airflow/example_dags/example_sla_dag.py took 0.146 seconds
[2025-04-17T12:48:52.171+0000] {processor.py:186} INFO - Started process (PID=10712) to work on /home/airflow/.local/lib/python3.12/site-packages/airflow/example_dags/example_sla_dag.py
[2025-04-17T12:48:52.173+0000] {processor.py:914} INFO - Processing file /home/airflow/.local/lib/python3.12/site-packages/airflow/example_dags/example_sla_dag.py for tasks to queue
[2025-04-17T12:48:52.176+0000] {logging_mixin.py:190} INFO - [2025-04-17T12:48:52.175+0000] {dagbag.py:588} INFO - Filling up the DagBag from /home/airflow/.local/lib/python3.12/site-packages/airflow/example_dags/example_sla_dag.py
[2025-04-17T12:48:52.203+0000] {processor.py:925} INFO - DAG(s) 'example_sla_dag' retrieved from /home/airflow/.local/lib/python3.12/site-packages/airflow/example_dags/example_sla_dag.py
[2025-04-17T12:48:52.244+0000] {logging_mixin.py:190} INFO - [2025-04-17T12:48:52.243+0000] {dag.py:3239} INFO - Sync 1 DAGs
[2025-04-17T12:48:52.296+0000] {logging_mixin.py:190} INFO - [2025-04-17T12:48:52.296+0000] {dag.py:4180} INFO - Setting next_dagrun for example_sla_dag to 2025-04-17 12:46:00+00:00, run_after=2025-04-17 12:48:00+00:00
[2025-04-17T12:48:52.341+0000] {processor.py:208} INFO - Processing /home/airflow/.local/lib/python3.12/site-packages/airflow/example_dags/example_sla_dag.py took 0.182 seconds
[2025-04-17T12:49:22.666+0000] {processor.py:186} INFO - Started process (PID=11019) to work on /home/airflow/.local/lib/python3.12/site-packages/airflow/example_dags/example_sla_dag.py
[2025-04-17T12:49:22.668+0000] {processor.py:914} INFO - Processing file /home/airflow/.local/lib/python3.12/site-packages/airflow/example_dags/example_sla_dag.py for tasks to queue
[2025-04-17T12:49:22.672+0000] {logging_mixin.py:190} INFO - [2025-04-17T12:49:22.671+0000] {dagbag.py:588} INFO - Filling up the DagBag from /home/airflow/.local/lib/python3.12/site-packages/airflow/example_dags/example_sla_dag.py
[2025-04-17T12:49:22.701+0000] {processor.py:925} INFO - DAG(s) 'example_sla_dag' retrieved from /home/airflow/.local/lib/python3.12/site-packages/airflow/example_dags/example_sla_dag.py
[2025-04-17T12:49:22.742+0000] {logging_mixin.py:190} INFO - [2025-04-17T12:49:22.741+0000] {dag.py:3239} INFO - Sync 1 DAGs
[2025-04-17T12:49:22.817+0000] {logging_mixin.py:190} INFO - [2025-04-17T12:49:22.817+0000] {dag.py:4180} INFO - Setting next_dagrun for example_sla_dag to 2025-04-17 12:46:00+00:00, run_after=2025-04-17 12:48:00+00:00
[2025-04-17T12:49:22.871+0000] {processor.py:208} INFO - Processing /home/airflow/.local/lib/python3.12/site-packages/airflow/example_dags/example_sla_dag.py took 0.220 seconds
[2025-04-17T12:49:53.044+0000] {processor.py:186} INFO - Started process (PID=11326) to work on /home/airflow/.local/lib/python3.12/site-packages/airflow/example_dags/example_sla_dag.py
[2025-04-17T12:49:53.046+0000] {processor.py:914} INFO - Processing file /home/airflow/.local/lib/python3.12/site-packages/airflow/example_dags/example_sla_dag.py for tasks to queue
[2025-04-17T12:49:53.050+0000] {logging_mixin.py:190} INFO - [2025-04-17T12:49:53.049+0000] {dagbag.py:588} INFO - Filling up the DagBag from /home/airflow/.local/lib/python3.12/site-packages/airflow/example_dags/example_sla_dag.py
[2025-04-17T12:49:53.070+0000] {processor.py:925} INFO - DAG(s) 'example_sla_dag' retrieved from /home/airflow/.local/lib/python3.12/site-packages/airflow/example_dags/example_sla_dag.py
[2025-04-17T12:49:53.104+0000] {logging_mixin.py:190} INFO - [2025-04-17T12:49:53.104+0000] {dag.py:3239} INFO - Sync 1 DAGs
[2025-04-17T12:49:53.180+0000] {logging_mixin.py:190} INFO - [2025-04-17T12:49:53.180+0000] {dag.py:4180} INFO - Setting next_dagrun for example_sla_dag to 2025-04-17 12:46:00+00:00, run_after=2025-04-17 12:48:00+00:00
[2025-04-17T12:49:53.234+0000] {processor.py:208} INFO - Processing /home/airflow/.local/lib/python3.12/site-packages/airflow/example_dags/example_sla_dag.py took 0.202 seconds
[2025-04-17T12:50:23.431+0000] {processor.py:186} INFO - Started process (PID=11633) to work on /home/airflow/.local/lib/python3.12/site-packages/airflow/example_dags/example_sla_dag.py
[2025-04-17T12:50:23.433+0000] {processor.py:914} INFO - Processing file /home/airflow/.local/lib/python3.12/site-packages/airflow/example_dags/example_sla_dag.py for tasks to queue
[2025-04-17T12:50:23.435+0000] {logging_mixin.py:190} INFO - [2025-04-17T12:50:23.435+0000] {dagbag.py:588} INFO - Filling up the DagBag from /home/airflow/.local/lib/python3.12/site-packages/airflow/example_dags/example_sla_dag.py
[2025-04-17T12:50:23.455+0000] {processor.py:925} INFO - DAG(s) 'example_sla_dag' retrieved from /home/airflow/.local/lib/python3.12/site-packages/airflow/example_dags/example_sla_dag.py
[2025-04-17T12:50:23.496+0000] {logging_mixin.py:190} INFO - [2025-04-17T12:50:23.496+0000] {dag.py:3239} INFO - Sync 1 DAGs
[2025-04-17T12:50:23.547+0000] {logging_mixin.py:190} INFO - [2025-04-17T12:50:23.547+0000] {dag.py:4180} INFO - Setting next_dagrun for example_sla_dag to 2025-04-17 12:48:00+00:00, run_after=2025-04-17 12:50:00+00:00
[2025-04-17T12:50:23.580+0000] {processor.py:208} INFO - Processing /home/airflow/.local/lib/python3.12/site-packages/airflow/example_dags/example_sla_dag.py took 0.160 seconds
[2025-04-17T12:50:54.318+0000] {processor.py:186} INFO - Started process (PID=11938) to work on /home/airflow/.local/lib/python3.12/site-packages/airflow/example_dags/example_sla_dag.py
[2025-04-17T12:50:54.320+0000] {processor.py:914} INFO - Processing file /home/airflow/.local/lib/python3.12/site-packages/airflow/example_dags/example_sla_dag.py for tasks to queue
[2025-04-17T12:50:54.323+0000] {logging_mixin.py:190} INFO - [2025-04-17T12:50:54.322+0000] {dagbag.py:588} INFO - Filling up the DagBag from /home/airflow/.local/lib/python3.12/site-packages/airflow/example_dags/example_sla_dag.py
[2025-04-17T12:50:54.343+0000] {processor.py:925} INFO - DAG(s) 'example_sla_dag' retrieved from /home/airflow/.local/lib/python3.12/site-packages/airflow/example_dags/example_sla_dag.py
[2025-04-17T12:50:54.379+0000] {logging_mixin.py:190} INFO - [2025-04-17T12:50:54.379+0000] {dag.py:3239} INFO - Sync 1 DAGs
[2025-04-17T12:50:54.428+0000] {logging_mixin.py:190} INFO - [2025-04-17T12:50:54.427+0000] {dag.py:4180} INFO - Setting next_dagrun for example_sla_dag to 2025-04-17 12:48:00+00:00, run_after=2025-04-17 12:50:00+00:00
[2025-04-17T12:50:54.460+0000] {processor.py:208} INFO - Processing /home/airflow/.local/lib/python3.12/site-packages/airflow/example_dags/example_sla_dag.py took 0.154 seconds
[2025-04-17T12:51:25.894+0000] {processor.py:186} INFO - Started process (PID=12235) to work on /home/airflow/.local/lib/python3.12/site-packages/airflow/example_dags/example_sla_dag.py
[2025-04-17T12:51:25.896+0000] {processor.py:914} INFO - Processing file /home/airflow/.local/lib/python3.12/site-packages/airflow/example_dags/example_sla_dag.py for tasks to queue
[2025-04-17T12:51:25.899+0000] {logging_mixin.py:190} INFO - [2025-04-17T12:51:25.898+0000] {dagbag.py:588} INFO - Filling up the DagBag from /home/airflow/.local/lib/python3.12/site-packages/airflow/example_dags/example_sla_dag.py
[2025-04-17T12:51:25.919+0000] {processor.py:925} INFO - DAG(s) 'example_sla_dag' retrieved from /home/airflow/.local/lib/python3.12/site-packages/airflow/example_dags/example_sla_dag.py
[2025-04-17T12:51:25.950+0000] {logging_mixin.py:190} INFO - [2025-04-17T12:51:25.949+0000] {dag.py:3239} INFO - Sync 1 DAGs
[2025-04-17T12:51:25.998+0000] {logging_mixin.py:190} INFO - [2025-04-17T12:51:25.997+0000] {dag.py:4180} INFO - Setting next_dagrun for example_sla_dag to 2025-04-17 12:48:00+00:00, run_after=2025-04-17 12:50:00+00:00
[2025-04-17T12:51:26.037+0000] {processor.py:208} INFO - Processing /home/airflow/.local/lib/python3.12/site-packages/airflow/example_dags/example_sla_dag.py took 0.153 seconds
[2025-04-17T12:51:56.863+0000] {processor.py:186} INFO - Started process (PID=12538) to work on /home/airflow/.local/lib/python3.12/site-packages/airflow/example_dags/example_sla_dag.py
[2025-04-17T12:51:56.866+0000] {processor.py:914} INFO - Processing file /home/airflow/.local/lib/python3.12/site-packages/airflow/example_dags/example_sla_dag.py for tasks to queue
[2025-04-17T12:51:56.868+0000] {logging_mixin.py:190} INFO - [2025-04-17T12:51:56.868+0000] {dagbag.py:588} INFO - Filling up the DagBag from /home/airflow/.local/lib/python3.12/site-packages/airflow/example_dags/example_sla_dag.py
[2025-04-17T12:51:56.890+0000] {processor.py:925} INFO - DAG(s) 'example_sla_dag' retrieved from /home/airflow/.local/lib/python3.12/site-packages/airflow/example_dags/example_sla_dag.py
[2025-04-17T12:51:56.925+0000] {logging_mixin.py:190} INFO - [2025-04-17T12:51:56.925+0000] {dag.py:3239} INFO - Sync 1 DAGs
[2025-04-17T12:51:56.981+0000] {logging_mixin.py:190} INFO - [2025-04-17T12:51:56.981+0000] {dag.py:4180} INFO - Setting next_dagrun for example_sla_dag to 2025-04-17 12:48:00+00:00, run_after=2025-04-17 12:50:00+00:00
[2025-04-17T12:51:57.014+0000] {processor.py:208} INFO - Processing /home/airflow/.local/lib/python3.12/site-packages/airflow/example_dags/example_sla_dag.py took 0.164 seconds
[2025-04-17T12:52:27.214+0000] {processor.py:186} INFO - Started process (PID=12845) to work on /home/airflow/.local/lib/python3.12/site-packages/airflow/example_dags/example_sla_dag.py
[2025-04-17T12:52:27.216+0000] {processor.py:914} INFO - Processing file /home/airflow/.local/lib/python3.12/site-packages/airflow/example_dags/example_sla_dag.py for tasks to queue
[2025-04-17T12:52:27.218+0000] {logging_mixin.py:190} INFO - [2025-04-17T12:52:27.218+0000] {dagbag.py:588} INFO - Filling up the DagBag from /home/airflow/.local/lib/python3.12/site-packages/airflow/example_dags/example_sla_dag.py
[2025-04-17T12:52:27.237+0000] {processor.py:925} INFO - DAG(s) 'example_sla_dag' retrieved from /home/airflow/.local/lib/python3.12/site-packages/airflow/example_dags/example_sla_dag.py
[2025-04-17T12:52:27.271+0000] {logging_mixin.py:190} INFO - [2025-04-17T12:52:27.271+0000] {dag.py:3239} INFO - Sync 1 DAGs
[2025-04-17T12:52:27.324+0000] {logging_mixin.py:190} INFO - [2025-04-17T12:52:27.323+0000] {dag.py:4180} INFO - Setting next_dagrun for example_sla_dag to 2025-04-17 12:50:00+00:00, run_after=2025-04-17 12:52:00+00:00
[2025-04-17T12:52:27.361+0000] {processor.py:208} INFO - Processing /home/airflow/.local/lib/python3.12/site-packages/airflow/example_dags/example_sla_dag.py took 0.158 seconds
[2025-04-17T12:52:57.987+0000] {processor.py:186} INFO - Started process (PID=13154) to work on /home/airflow/.local/lib/python3.12/site-packages/airflow/example_dags/example_sla_dag.py
[2025-04-17T12:52:57.989+0000] {processor.py:914} INFO - Processing file /home/airflow/.local/lib/python3.12/site-packages/airflow/example_dags/example_sla_dag.py for tasks to queue
[2025-04-17T12:52:57.991+0000] {logging_mixin.py:190} INFO - [2025-04-17T12:52:57.991+0000] {dagbag.py:588} INFO - Filling up the DagBag from /home/airflow/.local/lib/python3.12/site-packages/airflow/example_dags/example_sla_dag.py
[2025-04-17T12:52:58.010+0000] {processor.py:925} INFO - DAG(s) 'example_sla_dag' retrieved from /home/airflow/.local/lib/python3.12/site-packages/airflow/example_dags/example_sla_dag.py
[2025-04-17T12:52:58.042+0000] {logging_mixin.py:190} INFO - [2025-04-17T12:52:58.041+0000] {dag.py:3239} INFO - Sync 1 DAGs
[2025-04-17T12:52:58.093+0000] {logging_mixin.py:190} INFO - [2025-04-17T12:52:58.092+0000] {dag.py:4180} INFO - Setting next_dagrun for example_sla_dag to 2025-04-17 12:50:00+00:00, run_after=2025-04-17 12:52:00+00:00
[2025-04-17T12:52:58.127+0000] {processor.py:208} INFO - Processing /home/airflow/.local/lib/python3.12/site-packages/airflow/example_dags/example_sla_dag.py took 0.150 seconds
[2025-04-17T12:53:30.067+0000] {processor.py:186} INFO - Started process (PID=13459) to work on /home/airflow/.local/lib/python3.12/site-packages/airflow/example_dags/example_sla_dag.py
[2025-04-17T12:53:30.068+0000] {processor.py:914} INFO - Processing file /home/airflow/.local/lib/python3.12/site-packages/airflow/example_dags/example_sla_dag.py for tasks to queue
[2025-04-17T12:53:30.073+0000] {logging_mixin.py:190} INFO - [2025-04-17T12:53:30.071+0000] {dagbag.py:588} INFO - Filling up the DagBag from /home/airflow/.local/lib/python3.12/site-packages/airflow/example_dags/example_sla_dag.py
[2025-04-17T12:53:30.093+0000] {processor.py:925} INFO - DAG(s) 'example_sla_dag' retrieved from /home/airflow/.local/lib/python3.12/site-packages/airflow/example_dags/example_sla_dag.py
[2025-04-17T12:53:30.134+0000] {logging_mixin.py:190} INFO - [2025-04-17T12:53:30.133+0000] {dag.py:3239} INFO - Sync 1 DAGs
[2025-04-17T12:53:30.203+0000] {logging_mixin.py:190} INFO - [2025-04-17T12:53:30.203+0000] {dag.py:4180} INFO - Setting next_dagrun for example_sla_dag to 2025-04-17 12:50:00+00:00, run_after=2025-04-17 12:52:00+00:00
[2025-04-17T12:53:30.236+0000] {processor.py:208} INFO - Processing /home/airflow/.local/lib/python3.12/site-packages/airflow/example_dags/example_sla_dag.py took 0.180 seconds
[2025-04-17T12:54:04.227+0000] {processor.py:186} INFO - Started process (PID=13766) to work on /home/airflow/.local/lib/python3.12/site-packages/airflow/example_dags/example_sla_dag.py
[2025-04-17T12:54:04.229+0000] {processor.py:914} INFO - Processing file /home/airflow/.local/lib/python3.12/site-packages/airflow/example_dags/example_sla_dag.py for tasks to queue
[2025-04-17T12:54:04.232+0000] {logging_mixin.py:190} INFO - [2025-04-17T12:54:04.231+0000] {dagbag.py:588} INFO - Filling up the DagBag from /home/airflow/.local/lib/python3.12/site-packages/airflow/example_dags/example_sla_dag.py
[2025-04-17T12:54:04.255+0000] {processor.py:925} INFO - DAG(s) 'example_sla_dag' retrieved from /home/airflow/.local/lib/python3.12/site-packages/airflow/example_dags/example_sla_dag.py
[2025-04-17T12:54:04.300+0000] {logging_mixin.py:190} INFO - [2025-04-17T12:54:04.299+0000] {dag.py:3239} INFO - Sync 1 DAGs
[2025-04-17T12:54:04.379+0000] {logging_mixin.py:190} INFO - [2025-04-17T12:54:04.376+0000] {dag.py:4180} INFO - Setting next_dagrun for example_sla_dag to 2025-04-17 12:52:00+00:00, run_after=2025-04-17 12:54:00+00:00
[2025-04-17T12:54:04.437+0000] {processor.py:208} INFO - Processing /home/airflow/.local/lib/python3.12/site-packages/airflow/example_dags/example_sla_dag.py took 0.225 seconds
[2025-04-17T12:54:34.618+0000] {processor.py:186} INFO - Started process (PID=14083) to work on /home/airflow/.local/lib/python3.12/site-packages/airflow/example_dags/example_sla_dag.py
[2025-04-17T12:54:34.620+0000] {processor.py:914} INFO - Processing file /home/airflow/.local/lib/python3.12/site-packages/airflow/example_dags/example_sla_dag.py for tasks to queue
[2025-04-17T12:54:34.623+0000] {logging_mixin.py:190} INFO - [2025-04-17T12:54:34.622+0000] {dagbag.py:588} INFO - Filling up the DagBag from /home/airflow/.local/lib/python3.12/site-packages/airflow/example_dags/example_sla_dag.py
[2025-04-17T12:54:34.650+0000] {processor.py:925} INFO - DAG(s) 'example_sla_dag' retrieved from /home/airflow/.local/lib/python3.12/site-packages/airflow/example_dags/example_sla_dag.py
[2025-04-17T12:54:34.695+0000] {logging_mixin.py:190} INFO - [2025-04-17T12:54:34.694+0000] {dag.py:3239} INFO - Sync 1 DAGs
[2025-04-17T12:54:34.758+0000] {logging_mixin.py:190} INFO - [2025-04-17T12:54:34.758+0000] {dag.py:4180} INFO - Setting next_dagrun for example_sla_dag to 2025-04-17 12:52:00+00:00, run_after=2025-04-17 12:54:00+00:00
[2025-04-17T12:54:34.792+0000] {processor.py:208} INFO - Processing /home/airflow/.local/lib/python3.12/site-packages/airflow/example_dags/example_sla_dag.py took 0.185 seconds
