[2025-04-17T11:42:09.419+0000] {processor.py:186} INFO - Started process (PID=39805) to work on /home/airflow/.local/lib/python3.12/site-packages/airflow/example_dags/example_bash_operator.py
[2025-04-17T11:42:09.515+0000] {processor.py:914} INFO - Processing file /home/airflow/.local/lib/python3.12/site-packages/airflow/example_dags/example_bash_operator.py for tasks to queue
[2025-04-17T11:42:09.642+0000] {logging_mixin.py:190} INFO - [2025-04-17T11:42:09.587+0000] {dagbag.py:588} INFO - Filling up the DagBag from /home/airflow/.local/lib/python3.12/site-packages/airflow/example_dags/example_bash_operator.py
[2025-04-17T11:42:10.828+0000] {processor.py:925} INFO - DAG(s) 'example_bash_operator' retrieved from /home/airflow/.local/lib/python3.12/site-packages/airflow/example_dags/example_bash_operator.py
[2025-04-17T11:42:16.409+0000] {logging_mixin.py:190} INFO - [2025-04-17T11:42:16.383+0000] {dag.py:3239} INFO - Sync 1 DAGs
[2025-04-17T11:42:17.564+0000] {logging_mixin.py:190} INFO - [2025-04-17T11:42:17.564+0000] {dag.py:4180} INFO - Setting next_dagrun for example_bash_operator to 2025-04-16 00:00:00+00:00, run_after=2025-04-17 00:00:00+00:00
[2025-04-17T11:42:18.029+0000] {processor.py:208} INFO - Processing /home/airflow/.local/lib/python3.12/site-packages/airflow/example_dags/example_bash_operator.py took 11.501 seconds
[2025-04-17T12:10:07.920+0000] {processor.py:186} INFO - Started process (PID=509) to work on /home/airflow/.local/lib/python3.12/site-packages/airflow/example_dags/example_bash_operator.py
[2025-04-17T12:10:07.941+0000] {processor.py:914} INFO - Processing file /home/airflow/.local/lib/python3.12/site-packages/airflow/example_dags/example_bash_operator.py for tasks to queue
[2025-04-17T12:10:07.987+0000] {logging_mixin.py:190} INFO - [2025-04-17T12:10:07.985+0000] {dagbag.py:588} INFO - Filling up the DagBag from /home/airflow/.local/lib/python3.12/site-packages/airflow/example_dags/example_bash_operator.py
[2025-04-17T12:10:08.134+0000] {processor.py:925} INFO - DAG(s) 'example_bash_operator' retrieved from /home/airflow/.local/lib/python3.12/site-packages/airflow/example_dags/example_bash_operator.py
[2025-04-17T12:10:08.473+0000] {logging_mixin.py:190} INFO - [2025-04-17T12:10:08.472+0000] {dag.py:3239} INFO - Sync 1 DAGs
[2025-04-17T12:10:09.011+0000] {logging_mixin.py:190} INFO - [2025-04-17T12:10:08.991+0000] {dag.py:4180} INFO - Setting next_dagrun for example_bash_operator to 2025-04-16 00:00:00+00:00, run_after=2025-04-17 00:00:00+00:00
[2025-04-17T12:10:09.382+0000] {processor.py:208} INFO - Processing /home/airflow/.local/lib/python3.12/site-packages/airflow/example_dags/example_bash_operator.py took 1.491 seconds
[2025-04-17T12:15:40.214+0000] {processor.py:186} INFO - Started process (PID=1091) to work on /home/airflow/.local/lib/python3.12/site-packages/airflow/example_dags/example_bash_operator.py
[2025-04-17T12:15:40.216+0000] {processor.py:914} INFO - Processing file /home/airflow/.local/lib/python3.12/site-packages/airflow/example_dags/example_bash_operator.py for tasks to queue
[2025-04-17T12:15:40.220+0000] {logging_mixin.py:190} INFO - [2025-04-17T12:15:40.219+0000] {dagbag.py:588} INFO - Filling up the DagBag from /home/airflow/.local/lib/python3.12/site-packages/airflow/example_dags/example_bash_operator.py
[2025-04-17T12:15:40.254+0000] {processor.py:925} INFO - DAG(s) 'example_bash_operator' retrieved from /home/airflow/.local/lib/python3.12/site-packages/airflow/example_dags/example_bash_operator.py
[2025-04-17T12:15:40.314+0000] {logging_mixin.py:190} INFO - [2025-04-17T12:15:40.314+0000] {dag.py:3239} INFO - Sync 1 DAGs
[2025-04-17T12:15:40.371+0000] {logging_mixin.py:190} INFO - [2025-04-17T12:15:40.371+0000] {dag.py:4180} INFO - Setting next_dagrun for example_bash_operator to 2025-04-16 00:00:00+00:00, run_after=2025-04-17 00:00:00+00:00
[2025-04-17T12:15:40.410+0000] {processor.py:208} INFO - Processing /home/airflow/.local/lib/python3.12/site-packages/airflow/example_dags/example_bash_operator.py took 0.206 seconds
[2025-04-17T12:19:09.656+0000] {processor.py:186} INFO - Started process (PID=1994) to work on /home/airflow/.local/lib/python3.12/site-packages/airflow/example_dags/example_bash_operator.py
[2025-04-17T12:19:09.692+0000] {processor.py:914} INFO - Processing file /home/airflow/.local/lib/python3.12/site-packages/airflow/example_dags/example_bash_operator.py for tasks to queue
[2025-04-17T12:19:09.718+0000] {logging_mixin.py:190} INFO - [2025-04-17T12:19:09.717+0000] {dagbag.py:588} INFO - Filling up the DagBag from /home/airflow/.local/lib/python3.12/site-packages/airflow/example_dags/example_bash_operator.py
[2025-04-17T12:19:10.110+0000] {processor.py:925} INFO - DAG(s) 'example_bash_operator' retrieved from /home/airflow/.local/lib/python3.12/site-packages/airflow/example_dags/example_bash_operator.py
[2025-04-17T12:19:10.350+0000] {logging_mixin.py:190} INFO - [2025-04-17T12:19:10.347+0000] {dag.py:3239} INFO - Sync 1 DAGs
[2025-04-17T12:19:11.475+0000] {logging_mixin.py:190} INFO - [2025-04-17T12:19:11.474+0000] {dag.py:4180} INFO - Setting next_dagrun for example_bash_operator to 2025-04-16 00:00:00+00:00, run_after=2025-04-17 00:00:00+00:00
[2025-04-17T12:19:11.749+0000] {processor.py:208} INFO - Processing /home/airflow/.local/lib/python3.12/site-packages/airflow/example_dags/example_bash_operator.py took 2.149 seconds
[2025-04-17T12:24:47.714+0000] {processor.py:186} INFO - Started process (PID=2668) to work on /home/airflow/.local/lib/python3.12/site-packages/airflow/example_dags/example_bash_operator.py
[2025-04-17T12:24:47.719+0000] {processor.py:914} INFO - Processing file /home/airflow/.local/lib/python3.12/site-packages/airflow/example_dags/example_bash_operator.py for tasks to queue
[2025-04-17T12:24:47.729+0000] {logging_mixin.py:190} INFO - [2025-04-17T12:24:47.726+0000] {dagbag.py:588} INFO - Filling up the DagBag from /home/airflow/.local/lib/python3.12/site-packages/airflow/example_dags/example_bash_operator.py
[2025-04-17T12:24:47.792+0000] {processor.py:925} INFO - DAG(s) 'example_bash_operator' retrieved from /home/airflow/.local/lib/python3.12/site-packages/airflow/example_dags/example_bash_operator.py
[2025-04-17T12:24:47.899+0000] {logging_mixin.py:190} INFO - [2025-04-17T12:24:47.898+0000] {dag.py:3239} INFO - Sync 1 DAGs
[2025-04-17T12:24:48.005+0000] {logging_mixin.py:190} INFO - [2025-04-17T12:24:48.004+0000] {dag.py:4180} INFO - Setting next_dagrun for example_bash_operator to 2025-04-16 00:00:00+00:00, run_after=2025-04-17 00:00:00+00:00
[2025-04-17T12:24:48.075+0000] {processor.py:208} INFO - Processing /home/airflow/.local/lib/python3.12/site-packages/airflow/example_dags/example_bash_operator.py took 0.378 seconds
[2025-04-17T12:29:00.745+0000] {processor.py:186} INFO - Started process (PID=3567) to work on /home/airflow/.local/lib/python3.12/site-packages/airflow/example_dags/example_bash_operator.py
[2025-04-17T12:29:00.800+0000] {processor.py:914} INFO - Processing file /home/airflow/.local/lib/python3.12/site-packages/airflow/example_dags/example_bash_operator.py for tasks to queue
[2025-04-17T12:29:00.806+0000] {logging_mixin.py:190} INFO - [2025-04-17T12:29:00.804+0000] {dagbag.py:588} INFO - Filling up the DagBag from /home/airflow/.local/lib/python3.12/site-packages/airflow/example_dags/example_bash_operator.py
[2025-04-17T12:29:01.778+0000] {processor.py:925} INFO - DAG(s) 'example_bash_operator' retrieved from /home/airflow/.local/lib/python3.12/site-packages/airflow/example_dags/example_bash_operator.py
[2025-04-17T12:29:02.159+0000] {logging_mixin.py:190} INFO - [2025-04-17T12:29:02.158+0000] {dag.py:3239} INFO - Sync 1 DAGs
[2025-04-17T12:29:02.670+0000] {logging_mixin.py:190} INFO - [2025-04-17T12:29:02.669+0000] {dag.py:4180} INFO - Setting next_dagrun for example_bash_operator to 2025-04-16 00:00:00+00:00, run_after=2025-04-17 00:00:00+00:00
[2025-04-17T12:29:07.008+0000] {processor.py:208} INFO - Processing /home/airflow/.local/lib/python3.12/site-packages/airflow/example_dags/example_bash_operator.py took 6.306 seconds
[2025-04-17T12:35:44.432+0000] {processor.py:186} INFO - Started process (PID=4030) to work on /home/airflow/.local/lib/python3.12/site-packages/airflow/example_dags/example_bash_operator.py
[2025-04-17T12:35:44.453+0000] {processor.py:914} INFO - Processing file /home/airflow/.local/lib/python3.12/site-packages/airflow/example_dags/example_bash_operator.py for tasks to queue
[2025-04-17T12:35:44.458+0000] {logging_mixin.py:190} INFO - [2025-04-17T12:35:44.457+0000] {dagbag.py:588} INFO - Filling up the DagBag from /home/airflow/.local/lib/python3.12/site-packages/airflow/example_dags/example_bash_operator.py
[2025-04-17T12:35:44.519+0000] {processor.py:925} INFO - DAG(s) 'example_bash_operator' retrieved from /home/airflow/.local/lib/python3.12/site-packages/airflow/example_dags/example_bash_operator.py
[2025-04-17T12:35:44.591+0000] {logging_mixin.py:190} INFO - [2025-04-17T12:35:44.590+0000] {dag.py:3239} INFO - Sync 1 DAGs
[2025-04-17T12:35:44.668+0000] {logging_mixin.py:190} INFO - [2025-04-17T12:35:44.667+0000] {dag.py:4180} INFO - Setting next_dagrun for example_bash_operator to 2025-04-16 00:00:00+00:00, run_after=2025-04-17 00:00:00+00:00
[2025-04-17T12:35:44.795+0000] {processor.py:208} INFO - Processing /home/airflow/.local/lib/python3.12/site-packages/airflow/example_dags/example_bash_operator.py took 0.377 seconds
[2025-04-17T12:36:24.884+0000] {processor.py:186} INFO - Started process (PID=4386) to work on /home/airflow/.local/lib/python3.12/site-packages/airflow/example_dags/example_bash_operator.py
[2025-04-17T12:36:24.891+0000] {processor.py:914} INFO - Processing file /home/airflow/.local/lib/python3.12/site-packages/airflow/example_dags/example_bash_operator.py for tasks to queue
[2025-04-17T12:36:24.894+0000] {logging_mixin.py:190} INFO - [2025-04-17T12:36:24.893+0000] {dagbag.py:588} INFO - Filling up the DagBag from /home/airflow/.local/lib/python3.12/site-packages/airflow/example_dags/example_bash_operator.py
[2025-04-17T12:36:24.929+0000] {processor.py:925} INFO - DAG(s) 'example_bash_operator' retrieved from /home/airflow/.local/lib/python3.12/site-packages/airflow/example_dags/example_bash_operator.py
[2025-04-17T12:36:24.989+0000] {logging_mixin.py:190} INFO - [2025-04-17T12:36:24.988+0000] {dag.py:3239} INFO - Sync 1 DAGs
[2025-04-17T12:36:25.060+0000] {logging_mixin.py:190} INFO - [2025-04-17T12:36:25.059+0000] {dag.py:4180} INFO - Setting next_dagrun for example_bash_operator to 2025-04-16 00:00:00+00:00, run_after=2025-04-17 00:00:00+00:00
[2025-04-17T12:36:25.107+0000] {processor.py:208} INFO - Processing /home/airflow/.local/lib/python3.12/site-packages/airflow/example_dags/example_bash_operator.py took 0.239 seconds
[2025-04-17T12:37:17.959+0000] {processor.py:186} INFO - Started process (PID=4740) to work on /home/airflow/.local/lib/python3.12/site-packages/airflow/example_dags/example_bash_operator.py
[2025-04-17T12:37:18.008+0000] {processor.py:914} INFO - Processing file /home/airflow/.local/lib/python3.12/site-packages/airflow/example_dags/example_bash_operator.py for tasks to queue
[2025-04-17T12:37:18.010+0000] {logging_mixin.py:190} INFO - [2025-04-17T12:37:18.010+0000] {dagbag.py:588} INFO - Filling up the DagBag from /home/airflow/.local/lib/python3.12/site-packages/airflow/example_dags/example_bash_operator.py
[2025-04-17T12:37:18.034+0000] {processor.py:925} INFO - DAG(s) 'example_bash_operator' retrieved from /home/airflow/.local/lib/python3.12/site-packages/airflow/example_dags/example_bash_operator.py
[2025-04-17T12:37:18.083+0000] {logging_mixin.py:190} INFO - [2025-04-17T12:37:18.082+0000] {dag.py:3239} INFO - Sync 1 DAGs
[2025-04-17T12:37:18.128+0000] {logging_mixin.py:190} INFO - [2025-04-17T12:37:18.127+0000] {dag.py:4180} INFO - Setting next_dagrun for example_bash_operator to 2025-04-16 00:00:00+00:00, run_after=2025-04-17 00:00:00+00:00
[2025-04-17T12:37:18.857+0000] {processor.py:208} INFO - Processing /home/airflow/.local/lib/python3.12/site-packages/airflow/example_dags/example_bash_operator.py took 0.907 seconds
[2025-04-17T12:37:49.734+0000] {processor.py:186} INFO - Started process (PID=5047) to work on /home/airflow/.local/lib/python3.12/site-packages/airflow/example_dags/example_bash_operator.py
[2025-04-17T12:37:49.737+0000] {processor.py:914} INFO - Processing file /home/airflow/.local/lib/python3.12/site-packages/airflow/example_dags/example_bash_operator.py for tasks to queue
[2025-04-17T12:37:49.739+0000] {logging_mixin.py:190} INFO - [2025-04-17T12:37:49.739+0000] {dagbag.py:588} INFO - Filling up the DagBag from /home/airflow/.local/lib/python3.12/site-packages/airflow/example_dags/example_bash_operator.py
[2025-04-17T12:37:49.765+0000] {processor.py:925} INFO - DAG(s) 'example_bash_operator' retrieved from /home/airflow/.local/lib/python3.12/site-packages/airflow/example_dags/example_bash_operator.py
[2025-04-17T12:37:49.837+0000] {logging_mixin.py:190} INFO - [2025-04-17T12:37:49.837+0000] {dag.py:3239} INFO - Sync 1 DAGs
[2025-04-17T12:37:49.898+0000] {logging_mixin.py:190} INFO - [2025-04-17T12:37:49.897+0000] {dag.py:4180} INFO - Setting next_dagrun for example_bash_operator to 2025-04-16 00:00:00+00:00, run_after=2025-04-17 00:00:00+00:00
[2025-04-17T12:37:49.930+0000] {processor.py:208} INFO - Processing /home/airflow/.local/lib/python3.12/site-packages/airflow/example_dags/example_bash_operator.py took 0.206 seconds
[2025-04-17T12:38:20.303+0000] {processor.py:186} INFO - Started process (PID=5354) to work on /home/airflow/.local/lib/python3.12/site-packages/airflow/example_dags/example_bash_operator.py
[2025-04-17T12:38:20.306+0000] {processor.py:914} INFO - Processing file /home/airflow/.local/lib/python3.12/site-packages/airflow/example_dags/example_bash_operator.py for tasks to queue
[2025-04-17T12:38:20.310+0000] {logging_mixin.py:190} INFO - [2025-04-17T12:38:20.309+0000] {dagbag.py:588} INFO - Filling up the DagBag from /home/airflow/.local/lib/python3.12/site-packages/airflow/example_dags/example_bash_operator.py
[2025-04-17T12:38:20.356+0000] {processor.py:925} INFO - DAG(s) 'example_bash_operator' retrieved from /home/airflow/.local/lib/python3.12/site-packages/airflow/example_dags/example_bash_operator.py
[2025-04-17T12:38:20.459+0000] {logging_mixin.py:190} INFO - [2025-04-17T12:38:20.459+0000] {dag.py:3239} INFO - Sync 1 DAGs
[2025-04-17T12:38:20.530+0000] {logging_mixin.py:190} INFO - [2025-04-17T12:38:20.530+0000] {dag.py:4180} INFO - Setting next_dagrun for example_bash_operator to 2025-04-16 00:00:00+00:00, run_after=2025-04-17 00:00:00+00:00
[2025-04-17T12:38:20.579+0000] {processor.py:208} INFO - Processing /home/airflow/.local/lib/python3.12/site-packages/airflow/example_dags/example_bash_operator.py took 0.294 seconds
[2025-04-17T12:38:52.858+0000] {processor.py:186} INFO - Started process (PID=5661) to work on /home/airflow/.local/lib/python3.12/site-packages/airflow/example_dags/example_bash_operator.py
[2025-04-17T12:38:52.861+0000] {processor.py:914} INFO - Processing file /home/airflow/.local/lib/python3.12/site-packages/airflow/example_dags/example_bash_operator.py for tasks to queue
[2025-04-17T12:38:52.864+0000] {logging_mixin.py:190} INFO - [2025-04-17T12:38:52.863+0000] {dagbag.py:588} INFO - Filling up the DagBag from /home/airflow/.local/lib/python3.12/site-packages/airflow/example_dags/example_bash_operator.py
[2025-04-17T12:38:52.925+0000] {processor.py:925} INFO - DAG(s) 'example_bash_operator' retrieved from /home/airflow/.local/lib/python3.12/site-packages/airflow/example_dags/example_bash_operator.py
[2025-04-17T12:38:53.032+0000] {logging_mixin.py:190} INFO - [2025-04-17T12:38:53.029+0000] {dag.py:3239} INFO - Sync 1 DAGs
[2025-04-17T12:38:53.121+0000] {logging_mixin.py:190} INFO - [2025-04-17T12:38:53.120+0000] {dag.py:4180} INFO - Setting next_dagrun for example_bash_operator to 2025-04-16 00:00:00+00:00, run_after=2025-04-17 00:00:00+00:00
[2025-04-17T12:38:53.171+0000] {processor.py:208} INFO - Processing /home/airflow/.local/lib/python3.12/site-packages/airflow/example_dags/example_bash_operator.py took 0.334 seconds
[2025-04-17T12:39:23.905+0000] {processor.py:186} INFO - Started process (PID=5968) to work on /home/airflow/.local/lib/python3.12/site-packages/airflow/example_dags/example_bash_operator.py
[2025-04-17T12:39:23.924+0000] {processor.py:914} INFO - Processing file /home/airflow/.local/lib/python3.12/site-packages/airflow/example_dags/example_bash_operator.py for tasks to queue
[2025-04-17T12:39:23.942+0000] {logging_mixin.py:190} INFO - [2025-04-17T12:39:23.942+0000] {dagbag.py:588} INFO - Filling up the DagBag from /home/airflow/.local/lib/python3.12/site-packages/airflow/example_dags/example_bash_operator.py
[2025-04-17T12:39:23.966+0000] {processor.py:925} INFO - DAG(s) 'example_bash_operator' retrieved from /home/airflow/.local/lib/python3.12/site-packages/airflow/example_dags/example_bash_operator.py
[2025-04-17T12:39:24.014+0000] {logging_mixin.py:190} INFO - [2025-04-17T12:39:24.013+0000] {dag.py:3239} INFO - Sync 1 DAGs
[2025-04-17T12:39:24.059+0000] {logging_mixin.py:190} INFO - [2025-04-17T12:39:24.058+0000] {dag.py:4180} INFO - Setting next_dagrun for example_bash_operator to 2025-04-16 00:00:00+00:00, run_after=2025-04-17 00:00:00+00:00
[2025-04-17T12:39:24.127+0000] {processor.py:208} INFO - Processing /home/airflow/.local/lib/python3.12/site-packages/airflow/example_dags/example_bash_operator.py took 0.231 seconds
[2025-04-17T12:39:56.537+0000] {processor.py:186} INFO - Started process (PID=6285) to work on /home/airflow/.local/lib/python3.12/site-packages/airflow/example_dags/example_bash_operator.py
[2025-04-17T12:39:56.611+0000] {processor.py:914} INFO - Processing file /home/airflow/.local/lib/python3.12/site-packages/airflow/example_dags/example_bash_operator.py for tasks to queue
[2025-04-17T12:39:56.614+0000] {logging_mixin.py:190} INFO - [2025-04-17T12:39:56.613+0000] {dagbag.py:588} INFO - Filling up the DagBag from /home/airflow/.local/lib/python3.12/site-packages/airflow/example_dags/example_bash_operator.py
[2025-04-17T12:39:56.639+0000] {processor.py:925} INFO - DAG(s) 'example_bash_operator' retrieved from /home/airflow/.local/lib/python3.12/site-packages/airflow/example_dags/example_bash_operator.py
[2025-04-17T12:39:56.690+0000] {logging_mixin.py:190} INFO - [2025-04-17T12:39:56.690+0000] {dag.py:3239} INFO - Sync 1 DAGs
[2025-04-17T12:39:56.738+0000] {logging_mixin.py:190} INFO - [2025-04-17T12:39:56.737+0000] {dag.py:4180} INFO - Setting next_dagrun for example_bash_operator to 2025-04-16 00:00:00+00:00, run_after=2025-04-17 00:00:00+00:00
[2025-04-17T12:39:57.022+0000] {processor.py:208} INFO - Processing /home/airflow/.local/lib/python3.12/site-packages/airflow/example_dags/example_bash_operator.py took 0.497 seconds
[2025-04-17T12:42:17.665+0000] {processor.py:186} INFO - Started process (PID=6648) to work on /home/airflow/.local/lib/python3.12/site-packages/airflow/example_dags/example_bash_operator.py
[2025-04-17T12:42:17.668+0000] {processor.py:914} INFO - Processing file /home/airflow/.local/lib/python3.12/site-packages/airflow/example_dags/example_bash_operator.py for tasks to queue
[2025-04-17T12:42:17.672+0000] {logging_mixin.py:190} INFO - [2025-04-17T12:42:17.671+0000] {dagbag.py:588} INFO - Filling up the DagBag from /home/airflow/.local/lib/python3.12/site-packages/airflow/example_dags/example_bash_operator.py
[2025-04-17T12:42:17.732+0000] {processor.py:925} INFO - DAG(s) 'example_bash_operator' retrieved from /home/airflow/.local/lib/python3.12/site-packages/airflow/example_dags/example_bash_operator.py
[2025-04-17T12:42:17.820+0000] {logging_mixin.py:190} INFO - [2025-04-17T12:42:17.819+0000] {dag.py:3239} INFO - Sync 1 DAGs
[2025-04-17T12:42:17.903+0000] {logging_mixin.py:190} INFO - [2025-04-17T12:42:17.902+0000] {dag.py:4180} INFO - Setting next_dagrun for example_bash_operator to 2025-04-16 00:00:00+00:00, run_after=2025-04-17 00:00:00+00:00
[2025-04-17T12:42:17.958+0000] {processor.py:208} INFO - Processing /home/airflow/.local/lib/python3.12/site-packages/airflow/example_dags/example_bash_operator.py took 0.315 seconds
[2025-04-17T12:42:50.463+0000] {processor.py:186} INFO - Started process (PID=7060) to work on /home/airflow/.local/lib/python3.12/site-packages/airflow/example_dags/example_bash_operator.py
[2025-04-17T12:42:50.466+0000] {processor.py:914} INFO - Processing file /home/airflow/.local/lib/python3.12/site-packages/airflow/example_dags/example_bash_operator.py for tasks to queue
[2025-04-17T12:42:50.470+0000] {logging_mixin.py:190} INFO - [2025-04-17T12:42:50.469+0000] {dagbag.py:588} INFO - Filling up the DagBag from /home/airflow/.local/lib/python3.12/site-packages/airflow/example_dags/example_bash_operator.py
[2025-04-17T12:42:50.521+0000] {processor.py:925} INFO - DAG(s) 'example_bash_operator' retrieved from /home/airflow/.local/lib/python3.12/site-packages/airflow/example_dags/example_bash_operator.py
[2025-04-17T12:42:50.658+0000] {logging_mixin.py:190} INFO - [2025-04-17T12:42:50.657+0000] {dag.py:3239} INFO - Sync 1 DAGs
[2025-04-17T12:42:50.748+0000] {logging_mixin.py:190} INFO - [2025-04-17T12:42:50.748+0000] {dag.py:4180} INFO - Setting next_dagrun for example_bash_operator to 2025-04-16 00:00:00+00:00, run_after=2025-04-17 00:00:00+00:00
[2025-04-17T12:42:50.802+0000] {processor.py:208} INFO - Processing /home/airflow/.local/lib/python3.12/site-packages/airflow/example_dags/example_bash_operator.py took 0.355 seconds
[2025-04-17T12:43:21.684+0000] {processor.py:186} INFO - Started process (PID=7388) to work on /home/airflow/.local/lib/python3.12/site-packages/airflow/example_dags/example_bash_operator.py
[2025-04-17T12:43:21.685+0000] {processor.py:914} INFO - Processing file /home/airflow/.local/lib/python3.12/site-packages/airflow/example_dags/example_bash_operator.py for tasks to queue
[2025-04-17T12:43:21.688+0000] {logging_mixin.py:190} INFO - [2025-04-17T12:43:21.687+0000] {dagbag.py:588} INFO - Filling up the DagBag from /home/airflow/.local/lib/python3.12/site-packages/airflow/example_dags/example_bash_operator.py
[2025-04-17T12:43:21.715+0000] {processor.py:925} INFO - DAG(s) 'example_bash_operator' retrieved from /home/airflow/.local/lib/python3.12/site-packages/airflow/example_dags/example_bash_operator.py
[2025-04-17T12:43:21.764+0000] {logging_mixin.py:190} INFO - [2025-04-17T12:43:21.763+0000] {dag.py:3239} INFO - Sync 1 DAGs
[2025-04-17T12:43:21.816+0000] {logging_mixin.py:190} INFO - [2025-04-17T12:43:21.815+0000] {dag.py:4180} INFO - Setting next_dagrun for example_bash_operator to 2025-04-16 00:00:00+00:00, run_after=2025-04-17 00:00:00+00:00
[2025-04-17T12:43:21.845+0000] {processor.py:208} INFO - Processing /home/airflow/.local/lib/python3.12/site-packages/airflow/example_dags/example_bash_operator.py took 0.171 seconds
[2025-04-17T12:43:52.039+0000] {processor.py:186} INFO - Started process (PID=7690) to work on /home/airflow/.local/lib/python3.12/site-packages/airflow/example_dags/example_bash_operator.py
[2025-04-17T12:43:52.041+0000] {processor.py:914} INFO - Processing file /home/airflow/.local/lib/python3.12/site-packages/airflow/example_dags/example_bash_operator.py for tasks to queue
[2025-04-17T12:43:52.044+0000] {logging_mixin.py:190} INFO - [2025-04-17T12:43:52.043+0000] {dagbag.py:588} INFO - Filling up the DagBag from /home/airflow/.local/lib/python3.12/site-packages/airflow/example_dags/example_bash_operator.py
[2025-04-17T12:43:52.079+0000] {processor.py:925} INFO - DAG(s) 'example_bash_operator' retrieved from /home/airflow/.local/lib/python3.12/site-packages/airflow/example_dags/example_bash_operator.py
[2025-04-17T12:43:52.158+0000] {logging_mixin.py:190} INFO - [2025-04-17T12:43:52.158+0000] {dag.py:3239} INFO - Sync 1 DAGs
[2025-04-17T12:43:52.217+0000] {logging_mixin.py:190} INFO - [2025-04-17T12:43:52.216+0000] {dag.py:4180} INFO - Setting next_dagrun for example_bash_operator to 2025-04-16 00:00:00+00:00, run_after=2025-04-17 00:00:00+00:00
[2025-04-17T12:43:52.251+0000] {processor.py:208} INFO - Processing /home/airflow/.local/lib/python3.12/site-packages/airflow/example_dags/example_bash_operator.py took 0.225 seconds
[2025-04-17T12:44:27.778+0000] {processor.py:186} INFO - Started process (PID=8084) to work on /home/airflow/.local/lib/python3.12/site-packages/airflow/example_dags/example_bash_operator.py
[2025-04-17T12:44:27.781+0000] {processor.py:914} INFO - Processing file /home/airflow/.local/lib/python3.12/site-packages/airflow/example_dags/example_bash_operator.py for tasks to queue
[2025-04-17T12:44:27.784+0000] {logging_mixin.py:190} INFO - [2025-04-17T12:44:27.783+0000] {dagbag.py:588} INFO - Filling up the DagBag from /home/airflow/.local/lib/python3.12/site-packages/airflow/example_dags/example_bash_operator.py
[2025-04-17T12:44:27.820+0000] {processor.py:925} INFO - DAG(s) 'example_bash_operator' retrieved from /home/airflow/.local/lib/python3.12/site-packages/airflow/example_dags/example_bash_operator.py
[2025-04-17T12:44:27.893+0000] {logging_mixin.py:190} INFO - [2025-04-17T12:44:27.892+0000] {dag.py:3239} INFO - Sync 1 DAGs
[2025-04-17T12:44:27.974+0000] {logging_mixin.py:190} INFO - [2025-04-17T12:44:27.973+0000] {dag.py:4180} INFO - Setting next_dagrun for example_bash_operator to 2025-04-16 00:00:00+00:00, run_after=2025-04-17 00:00:00+00:00
[2025-04-17T12:44:28.024+0000] {processor.py:208} INFO - Processing /home/airflow/.local/lib/python3.12/site-packages/airflow/example_dags/example_bash_operator.py took 0.258 seconds
[2025-04-17T12:45:00.060+0000] {processor.py:186} INFO - Started process (PID=8505) to work on /home/airflow/.local/lib/python3.12/site-packages/airflow/example_dags/example_bash_operator.py
[2025-04-17T12:45:00.068+0000] {processor.py:914} INFO - Processing file /home/airflow/.local/lib/python3.12/site-packages/airflow/example_dags/example_bash_operator.py for tasks to queue
[2025-04-17T12:45:00.074+0000] {logging_mixin.py:190} INFO - [2025-04-17T12:45:00.073+0000] {dagbag.py:588} INFO - Filling up the DagBag from /home/airflow/.local/lib/python3.12/site-packages/airflow/example_dags/example_bash_operator.py
[2025-04-17T12:45:00.117+0000] {processor.py:925} INFO - DAG(s) 'example_bash_operator' retrieved from /home/airflow/.local/lib/python3.12/site-packages/airflow/example_dags/example_bash_operator.py
[2025-04-17T12:45:00.194+0000] {logging_mixin.py:190} INFO - [2025-04-17T12:45:00.193+0000] {dag.py:3239} INFO - Sync 1 DAGs
[2025-04-17T12:45:00.267+0000] {logging_mixin.py:190} INFO - [2025-04-17T12:45:00.266+0000] {dag.py:4180} INFO - Setting next_dagrun for example_bash_operator to 2025-04-16 00:00:00+00:00, run_after=2025-04-17 00:00:00+00:00
[2025-04-17T12:45:00.324+0000] {processor.py:208} INFO - Processing /home/airflow/.local/lib/python3.12/site-packages/airflow/example_dags/example_bash_operator.py took 0.286 seconds
[2025-04-17T12:45:32.250+0000] {processor.py:186} INFO - Started process (PID=8812) to work on /home/airflow/.local/lib/python3.12/site-packages/airflow/example_dags/example_bash_operator.py
[2025-04-17T12:45:32.269+0000] {processor.py:914} INFO - Processing file /home/airflow/.local/lib/python3.12/site-packages/airflow/example_dags/example_bash_operator.py for tasks to queue
[2025-04-17T12:45:32.273+0000] {logging_mixin.py:190} INFO - [2025-04-17T12:45:32.272+0000] {dagbag.py:588} INFO - Filling up the DagBag from /home/airflow/.local/lib/python3.12/site-packages/airflow/example_dags/example_bash_operator.py
[2025-04-17T12:45:32.301+0000] {processor.py:925} INFO - DAG(s) 'example_bash_operator' retrieved from /home/airflow/.local/lib/python3.12/site-packages/airflow/example_dags/example_bash_operator.py
[2025-04-17T12:45:32.370+0000] {logging_mixin.py:190} INFO - [2025-04-17T12:45:32.370+0000] {dag.py:3239} INFO - Sync 1 DAGs
[2025-04-17T12:45:32.438+0000] {logging_mixin.py:190} INFO - [2025-04-17T12:45:32.437+0000] {dag.py:4180} INFO - Setting next_dagrun for example_bash_operator to 2025-04-16 00:00:00+00:00, run_after=2025-04-17 00:00:00+00:00
[2025-04-17T12:45:32.488+0000] {processor.py:208} INFO - Processing /home/airflow/.local/lib/python3.12/site-packages/airflow/example_dags/example_bash_operator.py took 0.249 seconds
[2025-04-17T12:46:06.012+0000] {processor.py:186} INFO - Started process (PID=9119) to work on /home/airflow/.local/lib/python3.12/site-packages/airflow/example_dags/example_bash_operator.py
[2025-04-17T12:46:06.014+0000] {processor.py:914} INFO - Processing file /home/airflow/.local/lib/python3.12/site-packages/airflow/example_dags/example_bash_operator.py for tasks to queue
[2025-04-17T12:46:06.016+0000] {logging_mixin.py:190} INFO - [2025-04-17T12:46:06.016+0000] {dagbag.py:588} INFO - Filling up the DagBag from /home/airflow/.local/lib/python3.12/site-packages/airflow/example_dags/example_bash_operator.py
[2025-04-17T12:46:06.039+0000] {processor.py:925} INFO - DAG(s) 'example_bash_operator' retrieved from /home/airflow/.local/lib/python3.12/site-packages/airflow/example_dags/example_bash_operator.py
[2025-04-17T12:46:06.088+0000] {logging_mixin.py:190} INFO - [2025-04-17T12:46:06.088+0000] {dag.py:3239} INFO - Sync 1 DAGs
[2025-04-17T12:46:06.139+0000] {logging_mixin.py:190} INFO - [2025-04-17T12:46:06.139+0000] {dag.py:4180} INFO - Setting next_dagrun for example_bash_operator to 2025-04-16 00:00:00+00:00, run_after=2025-04-17 00:00:00+00:00
[2025-04-17T12:46:06.550+0000] {processor.py:208} INFO - Processing /home/airflow/.local/lib/python3.12/site-packages/airflow/example_dags/example_bash_operator.py took 0.548 seconds
[2025-04-17T12:46:36.639+0000] {processor.py:186} INFO - Started process (PID=9426) to work on /home/airflow/.local/lib/python3.12/site-packages/airflow/example_dags/example_bash_operator.py
[2025-04-17T12:46:36.640+0000] {processor.py:914} INFO - Processing file /home/airflow/.local/lib/python3.12/site-packages/airflow/example_dags/example_bash_operator.py for tasks to queue
[2025-04-17T12:46:36.643+0000] {logging_mixin.py:190} INFO - [2025-04-17T12:46:36.642+0000] {dagbag.py:588} INFO - Filling up the DagBag from /home/airflow/.local/lib/python3.12/site-packages/airflow/example_dags/example_bash_operator.py
[2025-04-17T12:46:36.668+0000] {processor.py:925} INFO - DAG(s) 'example_bash_operator' retrieved from /home/airflow/.local/lib/python3.12/site-packages/airflow/example_dags/example_bash_operator.py
[2025-04-17T12:46:36.718+0000] {logging_mixin.py:190} INFO - [2025-04-17T12:46:36.718+0000] {dag.py:3239} INFO - Sync 1 DAGs
[2025-04-17T12:46:36.764+0000] {logging_mixin.py:190} INFO - [2025-04-17T12:46:36.763+0000] {dag.py:4180} INFO - Setting next_dagrun for example_bash_operator to 2025-04-16 00:00:00+00:00, run_after=2025-04-17 00:00:00+00:00
[2025-04-17T12:46:36.796+0000] {processor.py:208} INFO - Processing /home/airflow/.local/lib/python3.12/site-packages/airflow/example_dags/example_bash_operator.py took 0.168 seconds
[2025-04-17T12:47:07.126+0000] {processor.py:186} INFO - Started process (PID=9728) to work on /home/airflow/.local/lib/python3.12/site-packages/airflow/example_dags/example_bash_operator.py
[2025-04-17T12:47:07.132+0000] {processor.py:914} INFO - Processing file /home/airflow/.local/lib/python3.12/site-packages/airflow/example_dags/example_bash_operator.py for tasks to queue
[2025-04-17T12:47:07.136+0000] {logging_mixin.py:190} INFO - [2025-04-17T12:47:07.135+0000] {dagbag.py:588} INFO - Filling up the DagBag from /home/airflow/.local/lib/python3.12/site-packages/airflow/example_dags/example_bash_operator.py
[2025-04-17T12:47:07.167+0000] {processor.py:925} INFO - DAG(s) 'example_bash_operator' retrieved from /home/airflow/.local/lib/python3.12/site-packages/airflow/example_dags/example_bash_operator.py
[2025-04-17T12:47:07.221+0000] {logging_mixin.py:190} INFO - [2025-04-17T12:47:07.220+0000] {dag.py:3239} INFO - Sync 1 DAGs
[2025-04-17T12:47:07.276+0000] {logging_mixin.py:190} INFO - [2025-04-17T12:47:07.275+0000] {dag.py:4180} INFO - Setting next_dagrun for example_bash_operator to 2025-04-16 00:00:00+00:00, run_after=2025-04-17 00:00:00+00:00
[2025-04-17T12:47:07.315+0000] {processor.py:208} INFO - Processing /home/airflow/.local/lib/python3.12/site-packages/airflow/example_dags/example_bash_operator.py took 0.204 seconds
[2025-04-17T12:47:37.856+0000] {processor.py:186} INFO - Started process (PID=10032) to work on /home/airflow/.local/lib/python3.12/site-packages/airflow/example_dags/example_bash_operator.py
[2025-04-17T12:47:37.858+0000] {processor.py:914} INFO - Processing file /home/airflow/.local/lib/python3.12/site-packages/airflow/example_dags/example_bash_operator.py for tasks to queue
[2025-04-17T12:47:37.861+0000] {logging_mixin.py:190} INFO - [2025-04-17T12:47:37.860+0000] {dagbag.py:588} INFO - Filling up the DagBag from /home/airflow/.local/lib/python3.12/site-packages/airflow/example_dags/example_bash_operator.py
[2025-04-17T12:47:37.892+0000] {processor.py:925} INFO - DAG(s) 'example_bash_operator' retrieved from /home/airflow/.local/lib/python3.12/site-packages/airflow/example_dags/example_bash_operator.py
[2025-04-17T12:47:37.946+0000] {logging_mixin.py:190} INFO - [2025-04-17T12:47:37.946+0000] {dag.py:3239} INFO - Sync 1 DAGs
[2025-04-17T12:47:37.991+0000] {logging_mixin.py:190} INFO - [2025-04-17T12:47:37.990+0000] {dag.py:4180} INFO - Setting next_dagrun for example_bash_operator to 2025-04-16 00:00:00+00:00, run_after=2025-04-17 00:00:00+00:00
[2025-04-17T12:47:38.023+0000] {processor.py:208} INFO - Processing /home/airflow/.local/lib/python3.12/site-packages/airflow/example_dags/example_bash_operator.py took 0.180 seconds
[2025-04-17T12:48:08.898+0000] {processor.py:186} INFO - Started process (PID=10339) to work on /home/airflow/.local/lib/python3.12/site-packages/airflow/example_dags/example_bash_operator.py
[2025-04-17T12:48:08.900+0000] {processor.py:914} INFO - Processing file /home/airflow/.local/lib/python3.12/site-packages/airflow/example_dags/example_bash_operator.py for tasks to queue
[2025-04-17T12:48:08.903+0000] {logging_mixin.py:190} INFO - [2025-04-17T12:48:08.902+0000] {dagbag.py:588} INFO - Filling up the DagBag from /home/airflow/.local/lib/python3.12/site-packages/airflow/example_dags/example_bash_operator.py
[2025-04-17T12:48:08.927+0000] {processor.py:925} INFO - DAG(s) 'example_bash_operator' retrieved from /home/airflow/.local/lib/python3.12/site-packages/airflow/example_dags/example_bash_operator.py
[2025-04-17T12:48:08.985+0000] {logging_mixin.py:190} INFO - [2025-04-17T12:48:08.985+0000] {dag.py:3239} INFO - Sync 1 DAGs
[2025-04-17T12:48:09.041+0000] {logging_mixin.py:190} INFO - [2025-04-17T12:48:09.040+0000] {dag.py:4180} INFO - Setting next_dagrun for example_bash_operator to 2025-04-16 00:00:00+00:00, run_after=2025-04-17 00:00:00+00:00
[2025-04-17T12:48:09.123+0000] {processor.py:208} INFO - Processing /home/airflow/.local/lib/python3.12/site-packages/airflow/example_dags/example_bash_operator.py took 0.238 seconds
[2025-04-17T12:48:42.565+0000] {processor.py:186} INFO - Started process (PID=10646) to work on /home/airflow/.local/lib/python3.12/site-packages/airflow/example_dags/example_bash_operator.py
[2025-04-17T12:48:42.568+0000] {processor.py:914} INFO - Processing file /home/airflow/.local/lib/python3.12/site-packages/airflow/example_dags/example_bash_operator.py for tasks to queue
[2025-04-17T12:48:42.572+0000] {logging_mixin.py:190} INFO - [2025-04-17T12:48:42.571+0000] {dagbag.py:588} INFO - Filling up the DagBag from /home/airflow/.local/lib/python3.12/site-packages/airflow/example_dags/example_bash_operator.py
[2025-04-17T12:48:42.608+0000] {processor.py:925} INFO - DAG(s) 'example_bash_operator' retrieved from /home/airflow/.local/lib/python3.12/site-packages/airflow/example_dags/example_bash_operator.py
[2025-04-17T12:48:42.677+0000] {logging_mixin.py:190} INFO - [2025-04-17T12:48:42.677+0000] {dag.py:3239} INFO - Sync 1 DAGs
[2025-04-17T12:48:42.730+0000] {logging_mixin.py:190} INFO - [2025-04-17T12:48:42.729+0000] {dag.py:4180} INFO - Setting next_dagrun for example_bash_operator to 2025-04-16 00:00:00+00:00, run_after=2025-04-17 00:00:00+00:00
[2025-04-17T12:48:42.773+0000] {processor.py:208} INFO - Processing /home/airflow/.local/lib/python3.12/site-packages/airflow/example_dags/example_bash_operator.py took 0.222 seconds
[2025-04-17T12:49:13.934+0000] {processor.py:186} INFO - Started process (PID=10953) to work on /home/airflow/.local/lib/python3.12/site-packages/airflow/example_dags/example_bash_operator.py
[2025-04-17T12:49:13.936+0000] {processor.py:914} INFO - Processing file /home/airflow/.local/lib/python3.12/site-packages/airflow/example_dags/example_bash_operator.py for tasks to queue
[2025-04-17T12:49:13.940+0000] {logging_mixin.py:190} INFO - [2025-04-17T12:49:13.939+0000] {dagbag.py:588} INFO - Filling up the DagBag from /home/airflow/.local/lib/python3.12/site-packages/airflow/example_dags/example_bash_operator.py
[2025-04-17T12:49:13.972+0000] {processor.py:925} INFO - DAG(s) 'example_bash_operator' retrieved from /home/airflow/.local/lib/python3.12/site-packages/airflow/example_dags/example_bash_operator.py
[2025-04-17T12:49:14.040+0000] {logging_mixin.py:190} INFO - [2025-04-17T12:49:14.040+0000] {dag.py:3239} INFO - Sync 1 DAGs
[2025-04-17T12:49:14.104+0000] {logging_mixin.py:190} INFO - [2025-04-17T12:49:14.104+0000] {dag.py:4180} INFO - Setting next_dagrun for example_bash_operator to 2025-04-16 00:00:00+00:00, run_after=2025-04-17 00:00:00+00:00
[2025-04-17T12:49:14.144+0000] {processor.py:208} INFO - Processing /home/airflow/.local/lib/python3.12/site-packages/airflow/example_dags/example_bash_operator.py took 0.224 seconds
[2025-04-17T12:49:45.536+0000] {processor.py:186} INFO - Started process (PID=11258) to work on /home/airflow/.local/lib/python3.12/site-packages/airflow/example_dags/example_bash_operator.py
[2025-04-17T12:49:45.538+0000] {processor.py:914} INFO - Processing file /home/airflow/.local/lib/python3.12/site-packages/airflow/example_dags/example_bash_operator.py for tasks to queue
[2025-04-17T12:49:45.541+0000] {logging_mixin.py:190} INFO - [2025-04-17T12:49:45.541+0000] {dagbag.py:588} INFO - Filling up the DagBag from /home/airflow/.local/lib/python3.12/site-packages/airflow/example_dags/example_bash_operator.py
[2025-04-17T12:49:45.575+0000] {processor.py:925} INFO - DAG(s) 'example_bash_operator' retrieved from /home/airflow/.local/lib/python3.12/site-packages/airflow/example_dags/example_bash_operator.py
[2025-04-17T12:49:45.633+0000] {logging_mixin.py:190} INFO - [2025-04-17T12:49:45.633+0000] {dag.py:3239} INFO - Sync 1 DAGs
[2025-04-17T12:49:45.693+0000] {logging_mixin.py:190} INFO - [2025-04-17T12:49:45.693+0000] {dag.py:4180} INFO - Setting next_dagrun for example_bash_operator to 2025-04-16 00:00:00+00:00, run_after=2025-04-17 00:00:00+00:00
[2025-04-17T12:49:45.726+0000] {processor.py:208} INFO - Processing /home/airflow/.local/lib/python3.12/site-packages/airflow/example_dags/example_bash_operator.py took 0.200 seconds
[2025-04-17T12:50:16.529+0000] {processor.py:186} INFO - Started process (PID=11472) to work on /home/airflow/.local/lib/python3.12/site-packages/airflow/example_dags/example_bash_operator.py
[2025-04-17T12:50:16.531+0000] {processor.py:914} INFO - Processing file /home/airflow/.local/lib/python3.12/site-packages/airflow/example_dags/example_bash_operator.py for tasks to queue
[2025-04-17T12:50:16.534+0000] {logging_mixin.py:190} INFO - [2025-04-17T12:50:16.533+0000] {dagbag.py:588} INFO - Filling up the DagBag from /home/airflow/.local/lib/python3.12/site-packages/airflow/example_dags/example_bash_operator.py
[2025-04-17T12:50:16.560+0000] {processor.py:925} INFO - DAG(s) 'example_bash_operator' retrieved from /home/airflow/.local/lib/python3.12/site-packages/airflow/example_dags/example_bash_operator.py
[2025-04-17T12:50:16.622+0000] {logging_mixin.py:190} INFO - [2025-04-17T12:50:16.622+0000] {dag.py:3239} INFO - Sync 1 DAGs
[2025-04-17T12:50:16.687+0000] {logging_mixin.py:190} INFO - [2025-04-17T12:50:16.686+0000] {dag.py:4180} INFO - Setting next_dagrun for example_bash_operator to 2025-04-16 00:00:00+00:00, run_after=2025-04-17 00:00:00+00:00
[2025-04-17T12:50:16.735+0000] {processor.py:208} INFO - Processing /home/airflow/.local/lib/python3.12/site-packages/airflow/example_dags/example_bash_operator.py took 0.218 seconds
[2025-04-17T12:50:47.808+0000] {processor.py:186} INFO - Started process (PID=11777) to work on /home/airflow/.local/lib/python3.12/site-packages/airflow/example_dags/example_bash_operator.py
[2025-04-17T12:50:47.810+0000] {processor.py:914} INFO - Processing file /home/airflow/.local/lib/python3.12/site-packages/airflow/example_dags/example_bash_operator.py for tasks to queue
[2025-04-17T12:50:47.813+0000] {logging_mixin.py:190} INFO - [2025-04-17T12:50:47.812+0000] {dagbag.py:588} INFO - Filling up the DagBag from /home/airflow/.local/lib/python3.12/site-packages/airflow/example_dags/example_bash_operator.py
[2025-04-17T12:50:47.847+0000] {processor.py:925} INFO - DAG(s) 'example_bash_operator' retrieved from /home/airflow/.local/lib/python3.12/site-packages/airflow/example_dags/example_bash_operator.py
[2025-04-17T12:50:47.911+0000] {logging_mixin.py:190} INFO - [2025-04-17T12:50:47.910+0000] {dag.py:3239} INFO - Sync 1 DAGs
[2025-04-17T12:50:47.970+0000] {logging_mixin.py:190} INFO - [2025-04-17T12:50:47.969+0000] {dag.py:4180} INFO - Setting next_dagrun for example_bash_operator to 2025-04-16 00:00:00+00:00, run_after=2025-04-17 00:00:00+00:00
[2025-04-17T12:50:48.008+0000] {processor.py:208} INFO - Processing /home/airflow/.local/lib/python3.12/site-packages/airflow/example_dags/example_bash_operator.py took 0.215 seconds
[2025-04-17T12:51:19.153+0000] {processor.py:186} INFO - Started process (PID=12071) to work on /home/airflow/.local/lib/python3.12/site-packages/airflow/example_dags/example_bash_operator.py
[2025-04-17T12:51:19.157+0000] {processor.py:914} INFO - Processing file /home/airflow/.local/lib/python3.12/site-packages/airflow/example_dags/example_bash_operator.py for tasks to queue
[2025-04-17T12:51:19.161+0000] {logging_mixin.py:190} INFO - [2025-04-17T12:51:19.160+0000] {dagbag.py:588} INFO - Filling up the DagBag from /home/airflow/.local/lib/python3.12/site-packages/airflow/example_dags/example_bash_operator.py
[2025-04-17T12:51:19.191+0000] {processor.py:925} INFO - DAG(s) 'example_bash_operator' retrieved from /home/airflow/.local/lib/python3.12/site-packages/airflow/example_dags/example_bash_operator.py
[2025-04-17T12:51:19.246+0000] {logging_mixin.py:190} INFO - [2025-04-17T12:51:19.246+0000] {dag.py:3239} INFO - Sync 1 DAGs
[2025-04-17T12:51:19.297+0000] {logging_mixin.py:190} INFO - [2025-04-17T12:51:19.296+0000] {dag.py:4180} INFO - Setting next_dagrun for example_bash_operator to 2025-04-16 00:00:00+00:00, run_after=2025-04-17 00:00:00+00:00
[2025-04-17T12:51:19.325+0000] {processor.py:208} INFO - Processing /home/airflow/.local/lib/python3.12/site-packages/airflow/example_dags/example_bash_operator.py took 0.196 seconds
[2025-04-17T12:51:49.551+0000] {processor.py:186} INFO - Started process (PID=12366) to work on /home/airflow/.local/lib/python3.12/site-packages/airflow/example_dags/example_bash_operator.py
[2025-04-17T12:51:49.554+0000] {processor.py:914} INFO - Processing file /home/airflow/.local/lib/python3.12/site-packages/airflow/example_dags/example_bash_operator.py for tasks to queue
[2025-04-17T12:51:49.557+0000] {logging_mixin.py:190} INFO - [2025-04-17T12:51:49.556+0000] {dagbag.py:588} INFO - Filling up the DagBag from /home/airflow/.local/lib/python3.12/site-packages/airflow/example_dags/example_bash_operator.py
[2025-04-17T12:51:49.586+0000] {processor.py:925} INFO - DAG(s) 'example_bash_operator' retrieved from /home/airflow/.local/lib/python3.12/site-packages/airflow/example_dags/example_bash_operator.py
[2025-04-17T12:51:49.649+0000] {logging_mixin.py:190} INFO - [2025-04-17T12:51:49.648+0000] {dag.py:3239} INFO - Sync 1 DAGs
[2025-04-17T12:51:49.711+0000] {logging_mixin.py:190} INFO - [2025-04-17T12:51:49.711+0000] {dag.py:4180} INFO - Setting next_dagrun for example_bash_operator to 2025-04-16 00:00:00+00:00, run_after=2025-04-17 00:00:00+00:00
[2025-04-17T12:51:49.745+0000] {processor.py:208} INFO - Processing /home/airflow/.local/lib/python3.12/site-packages/airflow/example_dags/example_bash_operator.py took 0.207 seconds
[2025-04-17T12:52:20.264+0000] {processor.py:186} INFO - Started process (PID=12664) to work on /home/airflow/.local/lib/python3.12/site-packages/airflow/example_dags/example_bash_operator.py
[2025-04-17T12:52:20.266+0000] {processor.py:914} INFO - Processing file /home/airflow/.local/lib/python3.12/site-packages/airflow/example_dags/example_bash_operator.py for tasks to queue
[2025-04-17T12:52:20.268+0000] {logging_mixin.py:190} INFO - [2025-04-17T12:52:20.268+0000] {dagbag.py:588} INFO - Filling up the DagBag from /home/airflow/.local/lib/python3.12/site-packages/airflow/example_dags/example_bash_operator.py
[2025-04-17T12:52:20.302+0000] {processor.py:925} INFO - DAG(s) 'example_bash_operator' retrieved from /home/airflow/.local/lib/python3.12/site-packages/airflow/example_dags/example_bash_operator.py
[2025-04-17T12:52:20.366+0000] {logging_mixin.py:190} INFO - [2025-04-17T12:52:20.365+0000] {dag.py:3239} INFO - Sync 1 DAGs
[2025-04-17T12:52:20.417+0000] {logging_mixin.py:190} INFO - [2025-04-17T12:52:20.416+0000] {dag.py:4180} INFO - Setting next_dagrun for example_bash_operator to 2025-04-16 00:00:00+00:00, run_after=2025-04-17 00:00:00+00:00
[2025-04-17T12:52:20.451+0000] {processor.py:208} INFO - Processing /home/airflow/.local/lib/python3.12/site-packages/airflow/example_dags/example_bash_operator.py took 0.201 seconds
[2025-04-17T12:52:53.725+0000] {processor.py:186} INFO - Started process (PID=12974) to work on /home/airflow/.local/lib/python3.12/site-packages/airflow/example_dags/example_bash_operator.py
[2025-04-17T12:52:53.728+0000] {processor.py:914} INFO - Processing file /home/airflow/.local/lib/python3.12/site-packages/airflow/example_dags/example_bash_operator.py for tasks to queue
[2025-04-17T12:52:53.730+0000] {logging_mixin.py:190} INFO - [2025-04-17T12:52:53.729+0000] {dagbag.py:588} INFO - Filling up the DagBag from /home/airflow/.local/lib/python3.12/site-packages/airflow/example_dags/example_bash_operator.py
[2025-04-17T12:52:53.762+0000] {processor.py:925} INFO - DAG(s) 'example_bash_operator' retrieved from /home/airflow/.local/lib/python3.12/site-packages/airflow/example_dags/example_bash_operator.py
[2025-04-17T12:52:53.822+0000] {logging_mixin.py:190} INFO - [2025-04-17T12:52:53.822+0000] {dag.py:3239} INFO - Sync 1 DAGs
[2025-04-17T12:52:53.867+0000] {logging_mixin.py:190} INFO - [2025-04-17T12:52:53.867+0000] {dag.py:4180} INFO - Setting next_dagrun for example_bash_operator to 2025-04-16 00:00:00+00:00, run_after=2025-04-17 00:00:00+00:00
[2025-04-17T12:52:53.896+0000] {processor.py:208} INFO - Processing /home/airflow/.local/lib/python3.12/site-packages/airflow/example_dags/example_bash_operator.py took 0.181 seconds
[2025-04-17T12:53:24.853+0000] {processor.py:186} INFO - Started process (PID=13279) to work on /home/airflow/.local/lib/python3.12/site-packages/airflow/example_dags/example_bash_operator.py
[2025-04-17T12:53:24.856+0000] {processor.py:914} INFO - Processing file /home/airflow/.local/lib/python3.12/site-packages/airflow/example_dags/example_bash_operator.py for tasks to queue
[2025-04-17T12:53:24.858+0000] {logging_mixin.py:190} INFO - [2025-04-17T12:53:24.857+0000] {dagbag.py:588} INFO - Filling up the DagBag from /home/airflow/.local/lib/python3.12/site-packages/airflow/example_dags/example_bash_operator.py
[2025-04-17T12:53:24.887+0000] {processor.py:925} INFO - DAG(s) 'example_bash_operator' retrieved from /home/airflow/.local/lib/python3.12/site-packages/airflow/example_dags/example_bash_operator.py
[2025-04-17T12:53:24.944+0000] {logging_mixin.py:190} INFO - [2025-04-17T12:53:24.944+0000] {dag.py:3239} INFO - Sync 1 DAGs
[2025-04-17T12:53:24.999+0000] {logging_mixin.py:190} INFO - [2025-04-17T12:53:24.999+0000] {dag.py:4180} INFO - Setting next_dagrun for example_bash_operator to 2025-04-16 00:00:00+00:00, run_after=2025-04-17 00:00:00+00:00
[2025-04-17T12:53:25.031+0000] {processor.py:208} INFO - Processing /home/airflow/.local/lib/python3.12/site-packages/airflow/example_dags/example_bash_operator.py took 0.189 seconds
[2025-04-17T12:53:56.403+0000] {processor.py:186} INFO - Started process (PID=13581) to work on /home/airflow/.local/lib/python3.12/site-packages/airflow/example_dags/example_bash_operator.py
[2025-04-17T12:53:56.407+0000] {processor.py:914} INFO - Processing file /home/airflow/.local/lib/python3.12/site-packages/airflow/example_dags/example_bash_operator.py for tasks to queue
[2025-04-17T12:53:56.411+0000] {logging_mixin.py:190} INFO - [2025-04-17T12:53:56.410+0000] {dagbag.py:588} INFO - Filling up the DagBag from /home/airflow/.local/lib/python3.12/site-packages/airflow/example_dags/example_bash_operator.py
[2025-04-17T12:53:56.459+0000] {processor.py:925} INFO - DAG(s) 'example_bash_operator' retrieved from /home/airflow/.local/lib/python3.12/site-packages/airflow/example_dags/example_bash_operator.py
[2025-04-17T12:53:56.539+0000] {logging_mixin.py:190} INFO - [2025-04-17T12:53:56.539+0000] {dag.py:3239} INFO - Sync 1 DAGs
[2025-04-17T12:53:56.607+0000] {logging_mixin.py:190} INFO - [2025-04-17T12:53:56.607+0000] {dag.py:4180} INFO - Setting next_dagrun for example_bash_operator to 2025-04-16 00:00:00+00:00, run_after=2025-04-17 00:00:00+00:00
[2025-04-17T12:53:56.663+0000] {processor.py:208} INFO - Processing /home/airflow/.local/lib/python3.12/site-packages/airflow/example_dags/example_bash_operator.py took 0.282 seconds
[2025-04-17T12:54:27.751+0000] {processor.py:186} INFO - Started process (PID=13908) to work on /home/airflow/.local/lib/python3.12/site-packages/airflow/example_dags/example_bash_operator.py
[2025-04-17T12:54:27.753+0000] {processor.py:914} INFO - Processing file /home/airflow/.local/lib/python3.12/site-packages/airflow/example_dags/example_bash_operator.py for tasks to queue
[2025-04-17T12:54:27.756+0000] {logging_mixin.py:190} INFO - [2025-04-17T12:54:27.755+0000] {dagbag.py:588} INFO - Filling up the DagBag from /home/airflow/.local/lib/python3.12/site-packages/airflow/example_dags/example_bash_operator.py
[2025-04-17T12:54:27.789+0000] {processor.py:925} INFO - DAG(s) 'example_bash_operator' retrieved from /home/airflow/.local/lib/python3.12/site-packages/airflow/example_dags/example_bash_operator.py
[2025-04-17T12:54:27.872+0000] {logging_mixin.py:190} INFO - [2025-04-17T12:54:27.871+0000] {dag.py:3239} INFO - Sync 1 DAGs
[2025-04-17T12:54:28.001+0000] {logging_mixin.py:190} INFO - [2025-04-17T12:54:28.000+0000] {dag.py:4180} INFO - Setting next_dagrun for example_bash_operator to 2025-04-16 00:00:00+00:00, run_after=2025-04-17 00:00:00+00:00
[2025-04-17T12:54:28.082+0000] {processor.py:208} INFO - Processing /home/airflow/.local/lib/python3.12/site-packages/airflow/example_dags/example_bash_operator.py took 0.342 seconds
[2025-04-17T12:54:59.097+0000] {processor.py:186} INFO - Started process (PID=14222) to work on /home/airflow/.local/lib/python3.12/site-packages/airflow/example_dags/example_bash_operator.py
[2025-04-17T12:54:59.099+0000] {processor.py:914} INFO - Processing file /home/airflow/.local/lib/python3.12/site-packages/airflow/example_dags/example_bash_operator.py for tasks to queue
[2025-04-17T12:54:59.101+0000] {logging_mixin.py:190} INFO - [2025-04-17T12:54:59.100+0000] {dagbag.py:588} INFO - Filling up the DagBag from /home/airflow/.local/lib/python3.12/site-packages/airflow/example_dags/example_bash_operator.py
[2025-04-17T12:54:59.125+0000] {processor.py:925} INFO - DAG(s) 'example_bash_operator' retrieved from /home/airflow/.local/lib/python3.12/site-packages/airflow/example_dags/example_bash_operator.py
[2025-04-17T12:54:59.174+0000] {logging_mixin.py:190} INFO - [2025-04-17T12:54:59.174+0000] {dag.py:3239} INFO - Sync 1 DAGs
[2025-04-17T12:54:59.219+0000] {logging_mixin.py:190} INFO - [2025-04-17T12:54:59.219+0000] {dag.py:4180} INFO - Setting next_dagrun for example_bash_operator to 2025-04-16 00:00:00+00:00, run_after=2025-04-17 00:00:00+00:00
[2025-04-17T12:54:59.250+0000] {processor.py:208} INFO - Processing /home/airflow/.local/lib/python3.12/site-packages/airflow/example_dags/example_bash_operator.py took 0.162 seconds
