[2025-04-17T11:41:28.972+0000] {processor.py:186} INFO - Started process (PID=39774) to work on /home/airflow/.local/lib/python3.12/site-packages/airflow/example_dags/example_branch_labels.py
[2025-04-17T11:41:29.303+0000] {processor.py:914} INFO - Processing file /home/airflow/.local/lib/python3.12/site-packages/airflow/example_dags/example_branch_labels.py for tasks to queue
[2025-04-17T11:41:29.908+0000] {logging_mixin.py:190} INFO - [2025-04-17T11:41:29.702+0000] {dagbag.py:588} INFO - Filling up the DagBag from /home/airflow/.local/lib/python3.12/site-packages/airflow/example_dags/example_branch_labels.py
[2025-04-17T11:41:32.216+0000] {processor.py:925} INFO - DAG(s) 'example_branch_labels' retrieved from /home/airflow/.local/lib/python3.12/site-packages/airflow/example_dags/example_branch_labels.py
[2025-04-17T11:41:36.889+0000] {logging_mixin.py:190} INFO - [2025-04-17T11:41:36.850+0000] {dag.py:3239} INFO - Sync 1 DAGs
[2025-04-17T11:41:37.863+0000] {logging_mixin.py:190} INFO - [2025-04-17T11:41:37.861+0000] {dag.py:4180} INFO - Setting next_dagrun for example_branch_labels to 2025-04-16 00:00:00+00:00, run_after=2025-04-17 00:00:00+00:00
[2025-04-17T11:41:38.418+0000] {processor.py:208} INFO - Processing /home/airflow/.local/lib/python3.12/site-packages/airflow/example_dags/example_branch_labels.py took 28.121 seconds
[2025-04-17T12:09:14.672+0000] {processor.py:186} INFO - Started process (PID=460) to work on /home/airflow/.local/lib/python3.12/site-packages/airflow/example_dags/example_branch_labels.py
[2025-04-17T12:09:14.708+0000] {processor.py:914} INFO - Processing file /home/airflow/.local/lib/python3.12/site-packages/airflow/example_dags/example_branch_labels.py for tasks to queue
[2025-04-17T12:09:14.776+0000] {logging_mixin.py:190} INFO - [2025-04-17T12:09:14.766+0000] {dagbag.py:588} INFO - Filling up the DagBag from /home/airflow/.local/lib/python3.12/site-packages/airflow/example_dags/example_branch_labels.py
[2025-04-17T12:09:14.970+0000] {processor.py:925} INFO - DAG(s) 'example_branch_labels' retrieved from /home/airflow/.local/lib/python3.12/site-packages/airflow/example_dags/example_branch_labels.py
[2025-04-17T12:09:15.523+0000] {logging_mixin.py:190} INFO - [2025-04-17T12:09:15.522+0000] {dag.py:3239} INFO - Sync 1 DAGs
[2025-04-17T12:09:16.045+0000] {logging_mixin.py:190} INFO - [2025-04-17T12:09:16.044+0000] {dag.py:4180} INFO - Setting next_dagrun for example_branch_labels to 2025-04-16 00:00:00+00:00, run_after=2025-04-17 00:00:00+00:00
[2025-04-17T12:09:16.361+0000] {processor.py:208} INFO - Processing /home/airflow/.local/lib/python3.12/site-packages/airflow/example_dags/example_branch_labels.py took 2.009 seconds
[2025-04-17T12:15:26.208+0000] {processor.py:186} INFO - Started process (PID=1017) to work on /home/airflow/.local/lib/python3.12/site-packages/airflow/example_dags/example_branch_labels.py
[2025-04-17T12:15:26.210+0000] {processor.py:914} INFO - Processing file /home/airflow/.local/lib/python3.12/site-packages/airflow/example_dags/example_branch_labels.py for tasks to queue
[2025-04-17T12:15:26.213+0000] {logging_mixin.py:190} INFO - [2025-04-17T12:15:26.212+0000] {dagbag.py:588} INFO - Filling up the DagBag from /home/airflow/.local/lib/python3.12/site-packages/airflow/example_dags/example_branch_labels.py
[2025-04-17T12:15:26.246+0000] {processor.py:925} INFO - DAG(s) 'example_branch_labels' retrieved from /home/airflow/.local/lib/python3.12/site-packages/airflow/example_dags/example_branch_labels.py
[2025-04-17T12:15:26.304+0000] {logging_mixin.py:190} INFO - [2025-04-17T12:15:26.304+0000] {dag.py:3239} INFO - Sync 1 DAGs
[2025-04-17T12:15:26.376+0000] {logging_mixin.py:190} INFO - [2025-04-17T12:15:26.376+0000] {dag.py:4180} INFO - Setting next_dagrun for example_branch_labels to 2025-04-16 00:00:00+00:00, run_after=2025-04-17 00:00:00+00:00
[2025-04-17T12:15:26.421+0000] {processor.py:208} INFO - Processing /home/airflow/.local/lib/python3.12/site-packages/airflow/example_dags/example_branch_labels.py took 0.224 seconds
[2025-04-17T12:19:04.217+0000] {processor.py:186} INFO - Started process (PID=1951) to work on /home/airflow/.local/lib/python3.12/site-packages/airflow/example_dags/example_branch_labels.py
[2025-04-17T12:19:04.237+0000] {processor.py:914} INFO - Processing file /home/airflow/.local/lib/python3.12/site-packages/airflow/example_dags/example_branch_labels.py for tasks to queue
[2025-04-17T12:19:04.242+0000] {logging_mixin.py:190} INFO - [2025-04-17T12:19:04.242+0000] {dagbag.py:588} INFO - Filling up the DagBag from /home/airflow/.local/lib/python3.12/site-packages/airflow/example_dags/example_branch_labels.py
[2025-04-17T12:19:04.282+0000] {processor.py:925} INFO - DAG(s) 'example_branch_labels' retrieved from /home/airflow/.local/lib/python3.12/site-packages/airflow/example_dags/example_branch_labels.py
[2025-04-17T12:19:04.388+0000] {logging_mixin.py:190} INFO - [2025-04-17T12:19:04.387+0000] {dag.py:3239} INFO - Sync 1 DAGs
[2025-04-17T12:19:04.520+0000] {logging_mixin.py:190} INFO - [2025-04-17T12:19:04.519+0000] {dag.py:4180} INFO - Setting next_dagrun for example_branch_labels to 2025-04-16 00:00:00+00:00, run_after=2025-04-17 00:00:00+00:00
[2025-04-17T12:19:04.643+0000] {processor.py:208} INFO - Processing /home/airflow/.local/lib/python3.12/site-packages/airflow/example_dags/example_branch_labels.py took 0.446 seconds
[2025-04-17T12:24:40.807+0000] {processor.py:186} INFO - Started process (PID=2626) to work on /home/airflow/.local/lib/python3.12/site-packages/airflow/example_dags/example_branch_labels.py
[2025-04-17T12:24:40.811+0000] {processor.py:914} INFO - Processing file /home/airflow/.local/lib/python3.12/site-packages/airflow/example_dags/example_branch_labels.py for tasks to queue
[2025-04-17T12:24:40.814+0000] {logging_mixin.py:190} INFO - [2025-04-17T12:24:40.813+0000] {dagbag.py:588} INFO - Filling up the DagBag from /home/airflow/.local/lib/python3.12/site-packages/airflow/example_dags/example_branch_labels.py
[2025-04-17T12:24:40.850+0000] {processor.py:925} INFO - DAG(s) 'example_branch_labels' retrieved from /home/airflow/.local/lib/python3.12/site-packages/airflow/example_dags/example_branch_labels.py
[2025-04-17T12:24:40.912+0000] {logging_mixin.py:190} INFO - [2025-04-17T12:24:40.911+0000] {dag.py:3239} INFO - Sync 1 DAGs
[2025-04-17T12:24:40.991+0000] {logging_mixin.py:190} INFO - [2025-04-17T12:24:40.990+0000] {dag.py:4180} INFO - Setting next_dagrun for example_branch_labels to 2025-04-16 00:00:00+00:00, run_after=2025-04-17 00:00:00+00:00
[2025-04-17T12:24:41.069+0000] {processor.py:208} INFO - Processing /home/airflow/.local/lib/python3.12/site-packages/airflow/example_dags/example_branch_labels.py took 0.281 seconds
[2025-04-17T12:28:19.200+0000] {processor.py:186} INFO - Started process (PID=3518) to work on /home/airflow/.local/lib/python3.12/site-packages/airflow/example_dags/example_branch_labels.py
[2025-04-17T12:28:19.211+0000] {processor.py:914} INFO - Processing file /home/airflow/.local/lib/python3.12/site-packages/airflow/example_dags/example_branch_labels.py for tasks to queue
[2025-04-17T12:28:19.235+0000] {logging_mixin.py:190} INFO - [2025-04-17T12:28:19.229+0000] {dagbag.py:588} INFO - Filling up the DagBag from /home/airflow/.local/lib/python3.12/site-packages/airflow/example_dags/example_branch_labels.py
[2025-04-17T12:28:19.376+0000] {processor.py:925} INFO - DAG(s) 'example_branch_labels' retrieved from /home/airflow/.local/lib/python3.12/site-packages/airflow/example_dags/example_branch_labels.py
[2025-04-17T12:28:19.571+0000] {logging_mixin.py:190} INFO - [2025-04-17T12:28:19.561+0000] {dag.py:3239} INFO - Sync 1 DAGs
[2025-04-17T12:28:19.721+0000] {logging_mixin.py:190} INFO - [2025-04-17T12:28:19.720+0000] {dag.py:4180} INFO - Setting next_dagrun for example_branch_labels to 2025-04-16 00:00:00+00:00, run_after=2025-04-17 00:00:00+00:00
[2025-04-17T12:28:19.851+0000] {processor.py:208} INFO - Processing /home/airflow/.local/lib/python3.12/site-packages/airflow/example_dags/example_branch_labels.py took 0.733 seconds
[2025-04-17T12:35:33.509+0000] {processor.py:186} INFO - Started process (PID=3992) to work on /home/airflow/.local/lib/python3.12/site-packages/airflow/example_dags/example_branch_labels.py
[2025-04-17T12:35:33.516+0000] {processor.py:914} INFO - Processing file /home/airflow/.local/lib/python3.12/site-packages/airflow/example_dags/example_branch_labels.py for tasks to queue
[2025-04-17T12:35:33.520+0000] {logging_mixin.py:190} INFO - [2025-04-17T12:35:33.519+0000] {dagbag.py:588} INFO - Filling up the DagBag from /home/airflow/.local/lib/python3.12/site-packages/airflow/example_dags/example_branch_labels.py
[2025-04-17T12:35:33.551+0000] {processor.py:925} INFO - DAG(s) 'example_branch_labels' retrieved from /home/airflow/.local/lib/python3.12/site-packages/airflow/example_dags/example_branch_labels.py
[2025-04-17T12:35:33.626+0000] {logging_mixin.py:190} INFO - [2025-04-17T12:35:33.626+0000] {dag.py:3239} INFO - Sync 1 DAGs
[2025-04-17T12:35:33.704+0000] {logging_mixin.py:190} INFO - [2025-04-17T12:35:33.703+0000] {dag.py:4180} INFO - Setting next_dagrun for example_branch_labels to 2025-04-16 00:00:00+00:00, run_after=2025-04-17 00:00:00+00:00
[2025-04-17T12:35:33.759+0000] {processor.py:208} INFO - Processing /home/airflow/.local/lib/python3.12/site-packages/airflow/example_dags/example_branch_labels.py took 0.266 seconds
[2025-04-17T12:36:15.520+0000] {processor.py:186} INFO - Started process (PID=4325) to work on /home/airflow/.local/lib/python3.12/site-packages/airflow/example_dags/example_branch_labels.py
[2025-04-17T12:36:15.523+0000] {processor.py:914} INFO - Processing file /home/airflow/.local/lib/python3.12/site-packages/airflow/example_dags/example_branch_labels.py for tasks to queue
[2025-04-17T12:36:15.529+0000] {logging_mixin.py:190} INFO - [2025-04-17T12:36:15.527+0000] {dagbag.py:588} INFO - Filling up the DagBag from /home/airflow/.local/lib/python3.12/site-packages/airflow/example_dags/example_branch_labels.py
[2025-04-17T12:36:15.559+0000] {processor.py:925} INFO - DAG(s) 'example_branch_labels' retrieved from /home/airflow/.local/lib/python3.12/site-packages/airflow/example_dags/example_branch_labels.py
[2025-04-17T12:36:15.617+0000] {logging_mixin.py:190} INFO - [2025-04-17T12:36:15.616+0000] {dag.py:3239} INFO - Sync 1 DAGs
[2025-04-17T12:36:15.686+0000] {logging_mixin.py:190} INFO - [2025-04-17T12:36:15.685+0000] {dag.py:4180} INFO - Setting next_dagrun for example_branch_labels to 2025-04-16 00:00:00+00:00, run_after=2025-04-17 00:00:00+00:00
[2025-04-17T12:36:15.732+0000] {processor.py:208} INFO - Processing /home/airflow/.local/lib/python3.12/site-packages/airflow/example_dags/example_branch_labels.py took 0.231 seconds
[2025-04-17T12:36:48.224+0000] {processor.py:186} INFO - Started process (PID=4627) to work on /home/airflow/.local/lib/python3.12/site-packages/airflow/example_dags/example_branch_labels.py
[2025-04-17T12:36:48.226+0000] {processor.py:914} INFO - Processing file /home/airflow/.local/lib/python3.12/site-packages/airflow/example_dags/example_branch_labels.py for tasks to queue
[2025-04-17T12:36:48.228+0000] {logging_mixin.py:190} INFO - [2025-04-17T12:36:48.227+0000] {dagbag.py:588} INFO - Filling up the DagBag from /home/airflow/.local/lib/python3.12/site-packages/airflow/example_dags/example_branch_labels.py
[2025-04-17T12:36:48.245+0000] {processor.py:925} INFO - DAG(s) 'example_branch_labels' retrieved from /home/airflow/.local/lib/python3.12/site-packages/airflow/example_dags/example_branch_labels.py
[2025-04-17T12:36:48.282+0000] {logging_mixin.py:190} INFO - [2025-04-17T12:36:48.281+0000] {dag.py:3239} INFO - Sync 1 DAGs
[2025-04-17T12:36:48.330+0000] {logging_mixin.py:190} INFO - [2025-04-17T12:36:48.330+0000] {dag.py:4180} INFO - Setting next_dagrun for example_branch_labels to 2025-04-16 00:00:00+00:00, run_after=2025-04-17 00:00:00+00:00
[2025-04-17T12:36:48.359+0000] {processor.py:208} INFO - Processing /home/airflow/.local/lib/python3.12/site-packages/airflow/example_dags/example_branch_labels.py took 0.144 seconds
[2025-04-17T12:37:35.704+0000] {processor.py:186} INFO - Started process (PID=4940) to work on /home/airflow/.local/lib/python3.12/site-packages/airflow/example_dags/example_branch_labels.py
[2025-04-17T12:37:35.706+0000] {processor.py:914} INFO - Processing file /home/airflow/.local/lib/python3.12/site-packages/airflow/example_dags/example_branch_labels.py for tasks to queue
[2025-04-17T12:37:35.709+0000] {logging_mixin.py:190} INFO - [2025-04-17T12:37:35.708+0000] {dagbag.py:588} INFO - Filling up the DagBag from /home/airflow/.local/lib/python3.12/site-packages/airflow/example_dags/example_branch_labels.py
[2025-04-17T12:37:35.726+0000] {processor.py:925} INFO - DAG(s) 'example_branch_labels' retrieved from /home/airflow/.local/lib/python3.12/site-packages/airflow/example_dags/example_branch_labels.py
[2025-04-17T12:37:35.764+0000] {logging_mixin.py:190} INFO - [2025-04-17T12:37:35.763+0000] {dag.py:3239} INFO - Sync 1 DAGs
[2025-04-17T12:37:35.813+0000] {logging_mixin.py:190} INFO - [2025-04-17T12:37:35.812+0000] {dag.py:4180} INFO - Setting next_dagrun for example_branch_labels to 2025-04-16 00:00:00+00:00, run_after=2025-04-17 00:00:00+00:00
[2025-04-17T12:37:35.844+0000] {processor.py:208} INFO - Processing /home/airflow/.local/lib/python3.12/site-packages/airflow/example_dags/example_branch_labels.py took 0.150 seconds
[2025-04-17T12:38:09.372+0000] {processor.py:186} INFO - Started process (PID=5247) to work on /home/airflow/.local/lib/python3.12/site-packages/airflow/example_dags/example_branch_labels.py
[2025-04-17T12:38:09.375+0000] {processor.py:914} INFO - Processing file /home/airflow/.local/lib/python3.12/site-packages/airflow/example_dags/example_branch_labels.py for tasks to queue
[2025-04-17T12:38:09.378+0000] {logging_mixin.py:190} INFO - [2025-04-17T12:38:09.377+0000] {dagbag.py:588} INFO - Filling up the DagBag from /home/airflow/.local/lib/python3.12/site-packages/airflow/example_dags/example_branch_labels.py
[2025-04-17T12:38:09.398+0000] {processor.py:925} INFO - DAG(s) 'example_branch_labels' retrieved from /home/airflow/.local/lib/python3.12/site-packages/airflow/example_dags/example_branch_labels.py
[2025-04-17T12:38:09.479+0000] {logging_mixin.py:190} INFO - [2025-04-17T12:38:09.478+0000] {dag.py:3239} INFO - Sync 1 DAGs
[2025-04-17T12:38:09.557+0000] {logging_mixin.py:190} INFO - [2025-04-17T12:38:09.556+0000] {dag.py:4180} INFO - Setting next_dagrun for example_branch_labels to 2025-04-16 00:00:00+00:00, run_after=2025-04-17 00:00:00+00:00
[2025-04-17T12:38:09.620+0000] {processor.py:208} INFO - Processing /home/airflow/.local/lib/python3.12/site-packages/airflow/example_dags/example_branch_labels.py took 0.260 seconds
[2025-04-17T12:38:40.555+0000] {processor.py:186} INFO - Started process (PID=5554) to work on /home/airflow/.local/lib/python3.12/site-packages/airflow/example_dags/example_branch_labels.py
[2025-04-17T12:38:40.559+0000] {processor.py:914} INFO - Processing file /home/airflow/.local/lib/python3.12/site-packages/airflow/example_dags/example_branch_labels.py for tasks to queue
[2025-04-17T12:38:40.563+0000] {logging_mixin.py:190} INFO - [2025-04-17T12:38:40.562+0000] {dagbag.py:588} INFO - Filling up the DagBag from /home/airflow/.local/lib/python3.12/site-packages/airflow/example_dags/example_branch_labels.py
[2025-04-17T12:38:40.593+0000] {processor.py:925} INFO - DAG(s) 'example_branch_labels' retrieved from /home/airflow/.local/lib/python3.12/site-packages/airflow/example_dags/example_branch_labels.py
[2025-04-17T12:38:40.647+0000] {logging_mixin.py:190} INFO - [2025-04-17T12:38:40.646+0000] {dag.py:3239} INFO - Sync 1 DAGs
[2025-04-17T12:38:40.713+0000] {logging_mixin.py:190} INFO - [2025-04-17T12:38:40.713+0000] {dag.py:4180} INFO - Setting next_dagrun for example_branch_labels to 2025-04-16 00:00:00+00:00, run_after=2025-04-17 00:00:00+00:00
[2025-04-17T12:38:40.764+0000] {processor.py:208} INFO - Processing /home/airflow/.local/lib/python3.12/site-packages/airflow/example_dags/example_branch_labels.py took 0.225 seconds
[2025-04-17T12:39:15.330+0000] {processor.py:186} INFO - Started process (PID=5871) to work on /home/airflow/.local/lib/python3.12/site-packages/airflow/example_dags/example_branch_labels.py
[2025-04-17T12:39:15.356+0000] {processor.py:914} INFO - Processing file /home/airflow/.local/lib/python3.12/site-packages/airflow/example_dags/example_branch_labels.py for tasks to queue
[2025-04-17T12:39:15.383+0000] {logging_mixin.py:190} INFO - [2025-04-17T12:39:15.382+0000] {dagbag.py:588} INFO - Filling up the DagBag from /home/airflow/.local/lib/python3.12/site-packages/airflow/example_dags/example_branch_labels.py
[2025-04-17T12:39:15.402+0000] {processor.py:925} INFO - DAG(s) 'example_branch_labels' retrieved from /home/airflow/.local/lib/python3.12/site-packages/airflow/example_dags/example_branch_labels.py
[2025-04-17T12:39:15.440+0000] {logging_mixin.py:190} INFO - [2025-04-17T12:39:15.439+0000] {dag.py:3239} INFO - Sync 1 DAGs
[2025-04-17T12:39:15.494+0000] {logging_mixin.py:190} INFO - [2025-04-17T12:39:15.494+0000] {dag.py:4180} INFO - Setting next_dagrun for example_branch_labels to 2025-04-16 00:00:00+00:00, run_after=2025-04-17 00:00:00+00:00
[2025-04-17T12:39:15.580+0000] {processor.py:208} INFO - Processing /home/airflow/.local/lib/python3.12/site-packages/airflow/example_dags/example_branch_labels.py took 0.261 seconds
[2025-04-17T12:39:47.964+0000] {processor.py:186} INFO - Started process (PID=6189) to work on /home/airflow/.local/lib/python3.12/site-packages/airflow/example_dags/example_branch_labels.py
[2025-04-17T12:39:47.967+0000] {processor.py:914} INFO - Processing file /home/airflow/.local/lib/python3.12/site-packages/airflow/example_dags/example_branch_labels.py for tasks to queue
[2025-04-17T12:39:47.970+0000] {logging_mixin.py:190} INFO - [2025-04-17T12:39:47.969+0000] {dagbag.py:588} INFO - Filling up the DagBag from /home/airflow/.local/lib/python3.12/site-packages/airflow/example_dags/example_branch_labels.py
[2025-04-17T12:39:47.996+0000] {processor.py:925} INFO - DAG(s) 'example_branch_labels' retrieved from /home/airflow/.local/lib/python3.12/site-packages/airflow/example_dags/example_branch_labels.py
[2025-04-17T12:39:48.044+0000] {logging_mixin.py:190} INFO - [2025-04-17T12:39:48.044+0000] {dag.py:3239} INFO - Sync 1 DAGs
[2025-04-17T12:39:48.131+0000] {logging_mixin.py:190} INFO - [2025-04-17T12:39:48.130+0000] {dag.py:4180} INFO - Setting next_dagrun for example_branch_labels to 2025-04-16 00:00:00+00:00, run_after=2025-04-17 00:00:00+00:00
[2025-04-17T12:39:48.178+0000] {processor.py:208} INFO - Processing /home/airflow/.local/lib/python3.12/site-packages/airflow/example_dags/example_branch_labels.py took 0.232 seconds
[2025-04-17T12:42:00.920+0000] {processor.py:186} INFO - Started process (PID=6616) to work on /home/airflow/.local/lib/python3.12/site-packages/airflow/example_dags/example_branch_labels.py
[2025-04-17T12:42:00.929+0000] {processor.py:914} INFO - Processing file /home/airflow/.local/lib/python3.12/site-packages/airflow/example_dags/example_branch_labels.py for tasks to queue
[2025-04-17T12:42:00.943+0000] {logging_mixin.py:190} INFO - [2025-04-17T12:42:00.942+0000] {dagbag.py:588} INFO - Filling up the DagBag from /home/airflow/.local/lib/python3.12/site-packages/airflow/example_dags/example_branch_labels.py
[2025-04-17T12:42:01.092+0000] {processor.py:925} INFO - DAG(s) 'example_branch_labels' retrieved from /home/airflow/.local/lib/python3.12/site-packages/airflow/example_dags/example_branch_labels.py
[2025-04-17T12:42:01.358+0000] {logging_mixin.py:190} INFO - [2025-04-17T12:42:01.356+0000] {dag.py:3239} INFO - Sync 1 DAGs
[2025-04-17T12:42:01.837+0000] {logging_mixin.py:190} INFO - [2025-04-17T12:42:01.836+0000] {dag.py:4180} INFO - Setting next_dagrun for example_branch_labels to 2025-04-16 00:00:00+00:00, run_after=2025-04-17 00:00:00+00:00
[2025-04-17T12:42:02.163+0000] {processor.py:208} INFO - Processing /home/airflow/.local/lib/python3.12/site-packages/airflow/example_dags/example_branch_labels.py took 1.280 seconds
[2025-04-17T12:42:45.629+0000] {processor.py:186} INFO - Started process (PID=6988) to work on /home/airflow/.local/lib/python3.12/site-packages/airflow/example_dags/example_branch_labels.py
[2025-04-17T12:42:45.631+0000] {processor.py:914} INFO - Processing file /home/airflow/.local/lib/python3.12/site-packages/airflow/example_dags/example_branch_labels.py for tasks to queue
[2025-04-17T12:42:45.636+0000] {logging_mixin.py:190} INFO - [2025-04-17T12:42:45.635+0000] {dagbag.py:588} INFO - Filling up the DagBag from /home/airflow/.local/lib/python3.12/site-packages/airflow/example_dags/example_branch_labels.py
[2025-04-17T12:42:45.667+0000] {processor.py:925} INFO - DAG(s) 'example_branch_labels' retrieved from /home/airflow/.local/lib/python3.12/site-packages/airflow/example_dags/example_branch_labels.py
[2025-04-17T12:42:45.728+0000] {logging_mixin.py:190} INFO - [2025-04-17T12:42:45.727+0000] {dag.py:3239} INFO - Sync 1 DAGs
[2025-04-17T12:42:45.835+0000] {logging_mixin.py:190} INFO - [2025-04-17T12:42:45.834+0000] {dag.py:4180} INFO - Setting next_dagrun for example_branch_labels to 2025-04-16 00:00:00+00:00, run_after=2025-04-17 00:00:00+00:00
[2025-04-17T12:42:45.895+0000] {processor.py:208} INFO - Processing /home/airflow/.local/lib/python3.12/site-packages/airflow/example_dags/example_branch_labels.py took 0.283 seconds
[2025-04-17T12:43:16.430+0000] {processor.py:186} INFO - Started process (PID=7348) to work on /home/airflow/.local/lib/python3.12/site-packages/airflow/example_dags/example_branch_labels.py
[2025-04-17T12:43:16.435+0000] {processor.py:914} INFO - Processing file /home/airflow/.local/lib/python3.12/site-packages/airflow/example_dags/example_branch_labels.py for tasks to queue
[2025-04-17T12:43:16.438+0000] {logging_mixin.py:190} INFO - [2025-04-17T12:43:16.437+0000] {dagbag.py:588} INFO - Filling up the DagBag from /home/airflow/.local/lib/python3.12/site-packages/airflow/example_dags/example_branch_labels.py
[2025-04-17T12:43:16.465+0000] {processor.py:925} INFO - DAG(s) 'example_branch_labels' retrieved from /home/airflow/.local/lib/python3.12/site-packages/airflow/example_dags/example_branch_labels.py
[2025-04-17T12:43:16.517+0000] {logging_mixin.py:190} INFO - [2025-04-17T12:43:16.516+0000] {dag.py:3239} INFO - Sync 1 DAGs
[2025-04-17T12:43:16.581+0000] {logging_mixin.py:190} INFO - [2025-04-17T12:43:16.581+0000] {dag.py:4180} INFO - Setting next_dagrun for example_branch_labels to 2025-04-16 00:00:00+00:00, run_after=2025-04-17 00:00:00+00:00
[2025-04-17T12:43:16.631+0000] {processor.py:208} INFO - Processing /home/airflow/.local/lib/python3.12/site-packages/airflow/example_dags/example_branch_labels.py took 0.211 seconds
[2025-04-17T12:43:47.189+0000] {processor.py:186} INFO - Started process (PID=7630) to work on /home/airflow/.local/lib/python3.12/site-packages/airflow/example_dags/example_branch_labels.py
[2025-04-17T12:43:47.191+0000] {processor.py:914} INFO - Processing file /home/airflow/.local/lib/python3.12/site-packages/airflow/example_dags/example_branch_labels.py for tasks to queue
[2025-04-17T12:43:47.194+0000] {logging_mixin.py:190} INFO - [2025-04-17T12:43:47.193+0000] {dagbag.py:588} INFO - Filling up the DagBag from /home/airflow/.local/lib/python3.12/site-packages/airflow/example_dags/example_branch_labels.py
[2025-04-17T12:43:47.213+0000] {processor.py:925} INFO - DAG(s) 'example_branch_labels' retrieved from /home/airflow/.local/lib/python3.12/site-packages/airflow/example_dags/example_branch_labels.py
[2025-04-17T12:43:47.285+0000] {logging_mixin.py:190} INFO - [2025-04-17T12:43:47.285+0000] {dag.py:3239} INFO - Sync 1 DAGs
[2025-04-17T12:43:47.344+0000] {logging_mixin.py:190} INFO - [2025-04-17T12:43:47.344+0000] {dag.py:4180} INFO - Setting next_dagrun for example_branch_labels to 2025-04-16 00:00:00+00:00, run_after=2025-04-17 00:00:00+00:00
[2025-04-17T12:43:47.386+0000] {processor.py:208} INFO - Processing /home/airflow/.local/lib/python3.12/site-packages/airflow/example_dags/example_branch_labels.py took 0.208 seconds
[2025-04-17T12:44:20.971+0000] {processor.py:186} INFO - Started process (PID=7923) to work on /home/airflow/.local/lib/python3.12/site-packages/airflow/example_dags/example_branch_labels.py
[2025-04-17T12:44:20.973+0000] {processor.py:914} INFO - Processing file /home/airflow/.local/lib/python3.12/site-packages/airflow/example_dags/example_branch_labels.py for tasks to queue
[2025-04-17T12:44:20.978+0000] {logging_mixin.py:190} INFO - [2025-04-17T12:44:20.977+0000] {dagbag.py:588} INFO - Filling up the DagBag from /home/airflow/.local/lib/python3.12/site-packages/airflow/example_dags/example_branch_labels.py
[2025-04-17T12:44:21.033+0000] {processor.py:925} INFO - DAG(s) 'example_branch_labels' retrieved from /home/airflow/.local/lib/python3.12/site-packages/airflow/example_dags/example_branch_labels.py
[2025-04-17T12:44:21.170+0000] {logging_mixin.py:190} INFO - [2025-04-17T12:44:21.169+0000] {dag.py:3239} INFO - Sync 1 DAGs
[2025-04-17T12:44:21.301+0000] {logging_mixin.py:190} INFO - [2025-04-17T12:44:21.300+0000] {dag.py:4180} INFO - Setting next_dagrun for example_branch_labels to 2025-04-16 00:00:00+00:00, run_after=2025-04-17 00:00:00+00:00
[2025-04-17T12:44:21.408+0000] {processor.py:208} INFO - Processing /home/airflow/.local/lib/python3.12/site-packages/airflow/example_dags/example_branch_labels.py took 0.452 seconds
[2025-04-17T12:44:52.117+0000] {processor.py:186} INFO - Started process (PID=8360) to work on /home/airflow/.local/lib/python3.12/site-packages/airflow/example_dags/example_branch_labels.py
[2025-04-17T12:44:52.119+0000] {processor.py:914} INFO - Processing file /home/airflow/.local/lib/python3.12/site-packages/airflow/example_dags/example_branch_labels.py for tasks to queue
[2025-04-17T12:44:52.122+0000] {logging_mixin.py:190} INFO - [2025-04-17T12:44:52.121+0000] {dagbag.py:588} INFO - Filling up the DagBag from /home/airflow/.local/lib/python3.12/site-packages/airflow/example_dags/example_branch_labels.py
[2025-04-17T12:44:52.142+0000] {processor.py:925} INFO - DAG(s) 'example_branch_labels' retrieved from /home/airflow/.local/lib/python3.12/site-packages/airflow/example_dags/example_branch_labels.py
[2025-04-17T12:44:52.185+0000] {logging_mixin.py:190} INFO - [2025-04-17T12:44:52.184+0000] {dag.py:3239} INFO - Sync 1 DAGs
[2025-04-17T12:44:52.234+0000] {logging_mixin.py:190} INFO - [2025-04-17T12:44:52.233+0000] {dag.py:4180} INFO - Setting next_dagrun for example_branch_labels to 2025-04-16 00:00:00+00:00, run_after=2025-04-17 00:00:00+00:00
[2025-04-17T12:44:52.267+0000] {processor.py:208} INFO - Processing /home/airflow/.local/lib/python3.12/site-packages/airflow/example_dags/example_branch_labels.py took 0.160 seconds
[2025-04-17T12:45:23.896+0000] {processor.py:186} INFO - Started process (PID=8647) to work on /home/airflow/.local/lib/python3.12/site-packages/airflow/example_dags/example_branch_labels.py
[2025-04-17T12:45:23.901+0000] {processor.py:914} INFO - Processing file /home/airflow/.local/lib/python3.12/site-packages/airflow/example_dags/example_branch_labels.py for tasks to queue
[2025-04-17T12:45:23.903+0000] {logging_mixin.py:190} INFO - [2025-04-17T12:45:23.903+0000] {dagbag.py:588} INFO - Filling up the DagBag from /home/airflow/.local/lib/python3.12/site-packages/airflow/example_dags/example_branch_labels.py
[2025-04-17T12:45:23.926+0000] {processor.py:925} INFO - DAG(s) 'example_branch_labels' retrieved from /home/airflow/.local/lib/python3.12/site-packages/airflow/example_dags/example_branch_labels.py
[2025-04-17T12:45:23.970+0000] {logging_mixin.py:190} INFO - [2025-04-17T12:45:23.970+0000] {dag.py:3239} INFO - Sync 1 DAGs
[2025-04-17T12:45:24.041+0000] {logging_mixin.py:190} INFO - [2025-04-17T12:45:24.040+0000] {dag.py:4180} INFO - Setting next_dagrun for example_branch_labels to 2025-04-16 00:00:00+00:00, run_after=2025-04-17 00:00:00+00:00
[2025-04-17T12:45:24.083+0000] {processor.py:208} INFO - Processing /home/airflow/.local/lib/python3.12/site-packages/airflow/example_dags/example_branch_labels.py took 0.200 seconds
[2025-04-17T12:45:55.555+0000] {processor.py:186} INFO - Started process (PID=8954) to work on /home/airflow/.local/lib/python3.12/site-packages/airflow/example_dags/example_branch_labels.py
[2025-04-17T12:45:55.557+0000] {processor.py:914} INFO - Processing file /home/airflow/.local/lib/python3.12/site-packages/airflow/example_dags/example_branch_labels.py for tasks to queue
[2025-04-17T12:45:55.560+0000] {logging_mixin.py:190} INFO - [2025-04-17T12:45:55.559+0000] {dagbag.py:588} INFO - Filling up the DagBag from /home/airflow/.local/lib/python3.12/site-packages/airflow/example_dags/example_branch_labels.py
[2025-04-17T12:45:55.585+0000] {processor.py:925} INFO - DAG(s) 'example_branch_labels' retrieved from /home/airflow/.local/lib/python3.12/site-packages/airflow/example_dags/example_branch_labels.py
[2025-04-17T12:45:55.641+0000] {logging_mixin.py:190} INFO - [2025-04-17T12:45:55.641+0000] {dag.py:3239} INFO - Sync 1 DAGs
[2025-04-17T12:45:55.716+0000] {logging_mixin.py:190} INFO - [2025-04-17T12:45:55.716+0000] {dag.py:4180} INFO - Setting next_dagrun for example_branch_labels to 2025-04-16 00:00:00+00:00, run_after=2025-04-17 00:00:00+00:00
[2025-04-17T12:45:55.747+0000] {processor.py:208} INFO - Processing /home/airflow/.local/lib/python3.12/site-packages/airflow/example_dags/example_branch_labels.py took 0.207 seconds
[2025-04-17T12:46:27.442+0000] {processor.py:186} INFO - Started process (PID=9261) to work on /home/airflow/.local/lib/python3.12/site-packages/airflow/example_dags/example_branch_labels.py
[2025-04-17T12:46:27.445+0000] {processor.py:914} INFO - Processing file /home/airflow/.local/lib/python3.12/site-packages/airflow/example_dags/example_branch_labels.py for tasks to queue
[2025-04-17T12:46:27.448+0000] {logging_mixin.py:190} INFO - [2025-04-17T12:46:27.447+0000] {dagbag.py:588} INFO - Filling up the DagBag from /home/airflow/.local/lib/python3.12/site-packages/airflow/example_dags/example_branch_labels.py
[2025-04-17T12:46:27.465+0000] {processor.py:925} INFO - DAG(s) 'example_branch_labels' retrieved from /home/airflow/.local/lib/python3.12/site-packages/airflow/example_dags/example_branch_labels.py
[2025-04-17T12:46:27.503+0000] {logging_mixin.py:190} INFO - [2025-04-17T12:46:27.502+0000] {dag.py:3239} INFO - Sync 1 DAGs
[2025-04-17T12:46:27.551+0000] {logging_mixin.py:190} INFO - [2025-04-17T12:46:27.550+0000] {dag.py:4180} INFO - Setting next_dagrun for example_branch_labels to 2025-04-16 00:00:00+00:00, run_after=2025-04-17 00:00:00+00:00
[2025-04-17T12:46:27.585+0000] {processor.py:208} INFO - Processing /home/airflow/.local/lib/python3.12/site-packages/airflow/example_dags/example_branch_labels.py took 0.153 seconds
[2025-04-17T12:46:59.687+0000] {processor.py:186} INFO - Started process (PID=9568) to work on /home/airflow/.local/lib/python3.12/site-packages/airflow/example_dags/example_branch_labels.py
[2025-04-17T12:46:59.689+0000] {processor.py:914} INFO - Processing file /home/airflow/.local/lib/python3.12/site-packages/airflow/example_dags/example_branch_labels.py for tasks to queue
[2025-04-17T12:46:59.692+0000] {logging_mixin.py:190} INFO - [2025-04-17T12:46:59.691+0000] {dagbag.py:588} INFO - Filling up the DagBag from /home/airflow/.local/lib/python3.12/site-packages/airflow/example_dags/example_branch_labels.py
[2025-04-17T12:46:59.712+0000] {processor.py:925} INFO - DAG(s) 'example_branch_labels' retrieved from /home/airflow/.local/lib/python3.12/site-packages/airflow/example_dags/example_branch_labels.py
[2025-04-17T12:46:59.756+0000] {logging_mixin.py:190} INFO - [2025-04-17T12:46:59.755+0000] {dag.py:3239} INFO - Sync 1 DAGs
[2025-04-17T12:46:59.810+0000] {logging_mixin.py:190} INFO - [2025-04-17T12:46:59.810+0000] {dag.py:4180} INFO - Setting next_dagrun for example_branch_labels to 2025-04-16 00:00:00+00:00, run_after=2025-04-17 00:00:00+00:00
[2025-04-17T12:46:59.846+0000] {processor.py:208} INFO - Processing /home/airflow/.local/lib/python3.12/site-packages/airflow/example_dags/example_branch_labels.py took 0.171 seconds
[2025-04-17T12:47:31.770+0000] {processor.py:186} INFO - Started process (PID=9875) to work on /home/airflow/.local/lib/python3.12/site-packages/airflow/example_dags/example_branch_labels.py
[2025-04-17T12:47:31.772+0000] {processor.py:914} INFO - Processing file /home/airflow/.local/lib/python3.12/site-packages/airflow/example_dags/example_branch_labels.py for tasks to queue
[2025-04-17T12:47:31.775+0000] {logging_mixin.py:190} INFO - [2025-04-17T12:47:31.775+0000] {dagbag.py:588} INFO - Filling up the DagBag from /home/airflow/.local/lib/python3.12/site-packages/airflow/example_dags/example_branch_labels.py
[2025-04-17T12:47:31.792+0000] {processor.py:925} INFO - DAG(s) 'example_branch_labels' retrieved from /home/airflow/.local/lib/python3.12/site-packages/airflow/example_dags/example_branch_labels.py
[2025-04-17T12:47:31.831+0000] {logging_mixin.py:190} INFO - [2025-04-17T12:47:31.830+0000] {dag.py:3239} INFO - Sync 1 DAGs
[2025-04-17T12:47:31.882+0000] {logging_mixin.py:190} INFO - [2025-04-17T12:47:31.881+0000] {dag.py:4180} INFO - Setting next_dagrun for example_branch_labels to 2025-04-16 00:00:00+00:00, run_after=2025-04-17 00:00:00+00:00
[2025-04-17T12:47:31.950+0000] {processor.py:208} INFO - Processing /home/airflow/.local/lib/python3.12/site-packages/airflow/example_dags/example_branch_labels.py took 0.191 seconds
[2025-04-17T12:48:03.641+0000] {processor.py:186} INFO - Started process (PID=10182) to work on /home/airflow/.local/lib/python3.12/site-packages/airflow/example_dags/example_branch_labels.py
[2025-04-17T12:48:03.643+0000] {processor.py:914} INFO - Processing file /home/airflow/.local/lib/python3.12/site-packages/airflow/example_dags/example_branch_labels.py for tasks to queue
[2025-04-17T12:48:03.646+0000] {logging_mixin.py:190} INFO - [2025-04-17T12:48:03.645+0000] {dagbag.py:588} INFO - Filling up the DagBag from /home/airflow/.local/lib/python3.12/site-packages/airflow/example_dags/example_branch_labels.py
[2025-04-17T12:48:03.666+0000] {processor.py:925} INFO - DAG(s) 'example_branch_labels' retrieved from /home/airflow/.local/lib/python3.12/site-packages/airflow/example_dags/example_branch_labels.py
[2025-04-17T12:48:03.704+0000] {logging_mixin.py:190} INFO - [2025-04-17T12:48:03.704+0000] {dag.py:3239} INFO - Sync 1 DAGs
[2025-04-17T12:48:03.752+0000] {logging_mixin.py:190} INFO - [2025-04-17T12:48:03.752+0000] {dag.py:4180} INFO - Setting next_dagrun for example_branch_labels to 2025-04-16 00:00:00+00:00, run_after=2025-04-17 00:00:00+00:00
[2025-04-17T12:48:03.784+0000] {processor.py:208} INFO - Processing /home/airflow/.local/lib/python3.12/site-packages/airflow/example_dags/example_branch_labels.py took 0.157 seconds
[2025-04-17T12:48:36.807+0000] {processor.py:186} INFO - Started process (PID=10489) to work on /home/airflow/.local/lib/python3.12/site-packages/airflow/example_dags/example_branch_labels.py
[2025-04-17T12:48:36.808+0000] {processor.py:914} INFO - Processing file /home/airflow/.local/lib/python3.12/site-packages/airflow/example_dags/example_branch_labels.py for tasks to queue
[2025-04-17T12:48:36.812+0000] {logging_mixin.py:190} INFO - [2025-04-17T12:48:36.811+0000] {dagbag.py:588} INFO - Filling up the DagBag from /home/airflow/.local/lib/python3.12/site-packages/airflow/example_dags/example_branch_labels.py
[2025-04-17T12:48:36.833+0000] {processor.py:925} INFO - DAG(s) 'example_branch_labels' retrieved from /home/airflow/.local/lib/python3.12/site-packages/airflow/example_dags/example_branch_labels.py
[2025-04-17T12:48:36.879+0000] {logging_mixin.py:190} INFO - [2025-04-17T12:48:36.878+0000] {dag.py:3239} INFO - Sync 1 DAGs
[2025-04-17T12:48:36.944+0000] {logging_mixin.py:190} INFO - [2025-04-17T12:48:36.943+0000] {dag.py:4180} INFO - Setting next_dagrun for example_branch_labels to 2025-04-16 00:00:00+00:00, run_after=2025-04-17 00:00:00+00:00
[2025-04-17T12:48:36.974+0000] {processor.py:208} INFO - Processing /home/airflow/.local/lib/python3.12/site-packages/airflow/example_dags/example_branch_labels.py took 0.179 seconds
[2025-04-17T12:49:08.956+0000] {processor.py:186} INFO - Started process (PID=10796) to work on /home/airflow/.local/lib/python3.12/site-packages/airflow/example_dags/example_branch_labels.py
[2025-04-17T12:49:08.958+0000] {processor.py:914} INFO - Processing file /home/airflow/.local/lib/python3.12/site-packages/airflow/example_dags/example_branch_labels.py for tasks to queue
[2025-04-17T12:49:08.963+0000] {logging_mixin.py:190} INFO - [2025-04-17T12:49:08.961+0000] {dagbag.py:588} INFO - Filling up the DagBag from /home/airflow/.local/lib/python3.12/site-packages/airflow/example_dags/example_branch_labels.py
[2025-04-17T12:49:08.990+0000] {processor.py:925} INFO - DAG(s) 'example_branch_labels' retrieved from /home/airflow/.local/lib/python3.12/site-packages/airflow/example_dags/example_branch_labels.py
[2025-04-17T12:49:09.047+0000] {logging_mixin.py:190} INFO - [2025-04-17T12:49:09.046+0000] {dag.py:3239} INFO - Sync 1 DAGs
[2025-04-17T12:49:09.114+0000] {logging_mixin.py:190} INFO - [2025-04-17T12:49:09.113+0000] {dag.py:4180} INFO - Setting next_dagrun for example_branch_labels to 2025-04-16 00:00:00+00:00, run_after=2025-04-17 00:00:00+00:00
[2025-04-17T12:49:09.160+0000] {processor.py:208} INFO - Processing /home/airflow/.local/lib/python3.12/site-packages/airflow/example_dags/example_branch_labels.py took 0.220 seconds
[2025-04-17T12:49:40.842+0000] {processor.py:186} INFO - Started process (PID=11103) to work on /home/airflow/.local/lib/python3.12/site-packages/airflow/example_dags/example_branch_labels.py
[2025-04-17T12:49:40.844+0000] {processor.py:914} INFO - Processing file /home/airflow/.local/lib/python3.12/site-packages/airflow/example_dags/example_branch_labels.py for tasks to queue
[2025-04-17T12:49:40.847+0000] {logging_mixin.py:190} INFO - [2025-04-17T12:49:40.846+0000] {dagbag.py:588} INFO - Filling up the DagBag from /home/airflow/.local/lib/python3.12/site-packages/airflow/example_dags/example_branch_labels.py
[2025-04-17T12:49:40.876+0000] {processor.py:925} INFO - DAG(s) 'example_branch_labels' retrieved from /home/airflow/.local/lib/python3.12/site-packages/airflow/example_dags/example_branch_labels.py
[2025-04-17T12:49:40.924+0000] {logging_mixin.py:190} INFO - [2025-04-17T12:49:40.924+0000] {dag.py:3239} INFO - Sync 1 DAGs
[2025-04-17T12:49:40.995+0000] {logging_mixin.py:190} INFO - [2025-04-17T12:49:40.994+0000] {dag.py:4180} INFO - Setting next_dagrun for example_branch_labels to 2025-04-16 00:00:00+00:00, run_after=2025-04-17 00:00:00+00:00
[2025-04-17T12:49:41.050+0000] {processor.py:208} INFO - Processing /home/airflow/.local/lib/python3.12/site-packages/airflow/example_dags/example_branch_labels.py took 0.223 seconds
[2025-04-17T12:50:13.591+0000] {processor.py:186} INFO - Started process (PID=11410) to work on /home/airflow/.local/lib/python3.12/site-packages/airflow/example_dags/example_branch_labels.py
[2025-04-17T12:50:13.593+0000] {processor.py:914} INFO - Processing file /home/airflow/.local/lib/python3.12/site-packages/airflow/example_dags/example_branch_labels.py for tasks to queue
[2025-04-17T12:50:13.596+0000] {logging_mixin.py:190} INFO - [2025-04-17T12:50:13.595+0000] {dagbag.py:588} INFO - Filling up the DagBag from /home/airflow/.local/lib/python3.12/site-packages/airflow/example_dags/example_branch_labels.py
[2025-04-17T12:50:13.616+0000] {processor.py:925} INFO - DAG(s) 'example_branch_labels' retrieved from /home/airflow/.local/lib/python3.12/site-packages/airflow/example_dags/example_branch_labels.py
[2025-04-17T12:50:13.659+0000] {logging_mixin.py:190} INFO - [2025-04-17T12:50:13.658+0000] {dag.py:3239} INFO - Sync 1 DAGs
[2025-04-17T12:50:13.714+0000] {logging_mixin.py:190} INFO - [2025-04-17T12:50:13.714+0000] {dag.py:4180} INFO - Setting next_dagrun for example_branch_labels to 2025-04-16 00:00:00+00:00, run_after=2025-04-17 00:00:00+00:00
[2025-04-17T12:50:13.767+0000] {processor.py:208} INFO - Processing /home/airflow/.local/lib/python3.12/site-packages/airflow/example_dags/example_branch_labels.py took 0.187 seconds
[2025-04-17T12:50:45.689+0000] {processor.py:186} INFO - Started process (PID=11717) to work on /home/airflow/.local/lib/python3.12/site-packages/airflow/example_dags/example_branch_labels.py
[2025-04-17T12:50:45.694+0000] {processor.py:914} INFO - Processing file /home/airflow/.local/lib/python3.12/site-packages/airflow/example_dags/example_branch_labels.py for tasks to queue
[2025-04-17T12:50:45.698+0000] {logging_mixin.py:190} INFO - [2025-04-17T12:50:45.697+0000] {dagbag.py:588} INFO - Filling up the DagBag from /home/airflow/.local/lib/python3.12/site-packages/airflow/example_dags/example_branch_labels.py
[2025-04-17T12:50:45.724+0000] {processor.py:925} INFO - DAG(s) 'example_branch_labels' retrieved from /home/airflow/.local/lib/python3.12/site-packages/airflow/example_dags/example_branch_labels.py
[2025-04-17T12:50:45.775+0000] {logging_mixin.py:190} INFO - [2025-04-17T12:50:45.774+0000] {dag.py:3239} INFO - Sync 1 DAGs
[2025-04-17T12:50:45.853+0000] {logging_mixin.py:190} INFO - [2025-04-17T12:50:45.852+0000] {dag.py:4180} INFO - Setting next_dagrun for example_branch_labels to 2025-04-16 00:00:00+00:00, run_after=2025-04-17 00:00:00+00:00
[2025-04-17T12:50:45.903+0000] {processor.py:208} INFO - Processing /home/airflow/.local/lib/python3.12/site-packages/airflow/example_dags/example_branch_labels.py took 0.230 seconds
[2025-04-17T12:51:16.237+0000] {processor.py:186} INFO - Started process (PID=12019) to work on /home/airflow/.local/lib/python3.12/site-packages/airflow/example_dags/example_branch_labels.py
[2025-04-17T12:51:16.239+0000] {processor.py:914} INFO - Processing file /home/airflow/.local/lib/python3.12/site-packages/airflow/example_dags/example_branch_labels.py for tasks to queue
[2025-04-17T12:51:16.242+0000] {logging_mixin.py:190} INFO - [2025-04-17T12:51:16.241+0000] {dagbag.py:588} INFO - Filling up the DagBag from /home/airflow/.local/lib/python3.12/site-packages/airflow/example_dags/example_branch_labels.py
[2025-04-17T12:51:16.265+0000] {processor.py:925} INFO - DAG(s) 'example_branch_labels' retrieved from /home/airflow/.local/lib/python3.12/site-packages/airflow/example_dags/example_branch_labels.py
[2025-04-17T12:51:16.305+0000] {logging_mixin.py:190} INFO - [2025-04-17T12:51:16.305+0000] {dag.py:3239} INFO - Sync 1 DAGs
[2025-04-17T12:51:16.354+0000] {logging_mixin.py:190} INFO - [2025-04-17T12:51:16.354+0000] {dag.py:4180} INFO - Setting next_dagrun for example_branch_labels to 2025-04-16 00:00:00+00:00, run_after=2025-04-17 00:00:00+00:00
[2025-04-17T12:51:16.387+0000] {processor.py:208} INFO - Processing /home/airflow/.local/lib/python3.12/site-packages/airflow/example_dags/example_branch_labels.py took 0.162 seconds
[2025-04-17T12:51:47.523+0000] {processor.py:186} INFO - Started process (PID=12321) to work on /home/airflow/.local/lib/python3.12/site-packages/airflow/example_dags/example_branch_labels.py
[2025-04-17T12:51:47.525+0000] {processor.py:914} INFO - Processing file /home/airflow/.local/lib/python3.12/site-packages/airflow/example_dags/example_branch_labels.py for tasks to queue
[2025-04-17T12:51:47.528+0000] {logging_mixin.py:190} INFO - [2025-04-17T12:51:47.527+0000] {dagbag.py:588} INFO - Filling up the DagBag from /home/airflow/.local/lib/python3.12/site-packages/airflow/example_dags/example_branch_labels.py
[2025-04-17T12:51:47.546+0000] {processor.py:925} INFO - DAG(s) 'example_branch_labels' retrieved from /home/airflow/.local/lib/python3.12/site-packages/airflow/example_dags/example_branch_labels.py
[2025-04-17T12:51:47.590+0000] {logging_mixin.py:190} INFO - [2025-04-17T12:51:47.589+0000] {dag.py:3239} INFO - Sync 1 DAGs
[2025-04-17T12:51:47.648+0000] {logging_mixin.py:190} INFO - [2025-04-17T12:51:47.648+0000] {dag.py:4180} INFO - Setting next_dagrun for example_branch_labels to 2025-04-16 00:00:00+00:00, run_after=2025-04-17 00:00:00+00:00
[2025-04-17T12:51:47.688+0000] {processor.py:208} INFO - Processing /home/airflow/.local/lib/python3.12/site-packages/airflow/example_dags/example_branch_labels.py took 0.179 seconds
[2025-04-17T12:52:19.025+0000] {processor.py:186} INFO - Started process (PID=12629) to work on /home/airflow/.local/lib/python3.12/site-packages/airflow/example_dags/example_branch_labels.py
[2025-04-17T12:52:19.026+0000] {processor.py:914} INFO - Processing file /home/airflow/.local/lib/python3.12/site-packages/airflow/example_dags/example_branch_labels.py for tasks to queue
[2025-04-17T12:52:19.028+0000] {logging_mixin.py:190} INFO - [2025-04-17T12:52:19.028+0000] {dagbag.py:588} INFO - Filling up the DagBag from /home/airflow/.local/lib/python3.12/site-packages/airflow/example_dags/example_branch_labels.py
[2025-04-17T12:52:19.045+0000] {processor.py:925} INFO - DAG(s) 'example_branch_labels' retrieved from /home/airflow/.local/lib/python3.12/site-packages/airflow/example_dags/example_branch_labels.py
[2025-04-17T12:52:19.083+0000] {logging_mixin.py:190} INFO - [2025-04-17T12:52:19.083+0000] {dag.py:3239} INFO - Sync 1 DAGs
[2025-04-17T12:52:19.129+0000] {logging_mixin.py:190} INFO - [2025-04-17T12:52:19.128+0000] {dag.py:4180} INFO - Setting next_dagrun for example_branch_labels to 2025-04-16 00:00:00+00:00, run_after=2025-04-17 00:00:00+00:00
[2025-04-17T12:52:19.162+0000] {processor.py:208} INFO - Processing /home/airflow/.local/lib/python3.12/site-packages/airflow/example_dags/example_branch_labels.py took 0.147 seconds
[2025-04-17T12:52:49.371+0000] {processor.py:186} INFO - Started process (PID=12920) to work on /home/airflow/.local/lib/python3.12/site-packages/airflow/example_dags/example_branch_labels.py
[2025-04-17T12:52:49.372+0000] {processor.py:914} INFO - Processing file /home/airflow/.local/lib/python3.12/site-packages/airflow/example_dags/example_branch_labels.py for tasks to queue
[2025-04-17T12:52:49.375+0000] {logging_mixin.py:190} INFO - [2025-04-17T12:52:49.374+0000] {dagbag.py:588} INFO - Filling up the DagBag from /home/airflow/.local/lib/python3.12/site-packages/airflow/example_dags/example_branch_labels.py
[2025-04-17T12:52:49.405+0000] {processor.py:925} INFO - DAG(s) 'example_branch_labels' retrieved from /home/airflow/.local/lib/python3.12/site-packages/airflow/example_dags/example_branch_labels.py
[2025-04-17T12:52:49.465+0000] {logging_mixin.py:190} INFO - [2025-04-17T12:52:49.464+0000] {dag.py:3239} INFO - Sync 1 DAGs
[2025-04-17T12:52:49.540+0000] {logging_mixin.py:190} INFO - [2025-04-17T12:52:49.539+0000] {dag.py:4180} INFO - Setting next_dagrun for example_branch_labels to 2025-04-16 00:00:00+00:00, run_after=2025-04-17 00:00:00+00:00
[2025-04-17T12:52:49.594+0000] {processor.py:208} INFO - Processing /home/airflow/.local/lib/python3.12/site-packages/airflow/example_dags/example_branch_labels.py took 0.237 seconds
[2025-04-17T12:53:19.743+0000] {processor.py:186} INFO - Started process (PID=13224) to work on /home/airflow/.local/lib/python3.12/site-packages/airflow/example_dags/example_branch_labels.py
[2025-04-17T12:53:19.745+0000] {processor.py:914} INFO - Processing file /home/airflow/.local/lib/python3.12/site-packages/airflow/example_dags/example_branch_labels.py for tasks to queue
[2025-04-17T12:53:19.748+0000] {logging_mixin.py:190} INFO - [2025-04-17T12:53:19.747+0000] {dagbag.py:588} INFO - Filling up the DagBag from /home/airflow/.local/lib/python3.12/site-packages/airflow/example_dags/example_branch_labels.py
[2025-04-17T12:53:19.764+0000] {processor.py:925} INFO - DAG(s) 'example_branch_labels' retrieved from /home/airflow/.local/lib/python3.12/site-packages/airflow/example_dags/example_branch_labels.py
[2025-04-17T12:53:19.803+0000] {logging_mixin.py:190} INFO - [2025-04-17T12:53:19.802+0000] {dag.py:3239} INFO - Sync 1 DAGs
[2025-04-17T12:53:19.849+0000] {logging_mixin.py:190} INFO - [2025-04-17T12:53:19.848+0000] {dag.py:4180} INFO - Setting next_dagrun for example_branch_labels to 2025-04-16 00:00:00+00:00, run_after=2025-04-17 00:00:00+00:00
[2025-04-17T12:53:19.878+0000] {processor.py:208} INFO - Processing /home/airflow/.local/lib/python3.12/site-packages/airflow/example_dags/example_branch_labels.py took 0.144 seconds
[2025-04-17T12:53:50.543+0000] {processor.py:186} INFO - Started process (PID=13529) to work on /home/airflow/.local/lib/python3.12/site-packages/airflow/example_dags/example_branch_labels.py
[2025-04-17T12:53:50.548+0000] {processor.py:914} INFO - Processing file /home/airflow/.local/lib/python3.12/site-packages/airflow/example_dags/example_branch_labels.py for tasks to queue
[2025-04-17T12:53:50.553+0000] {logging_mixin.py:190} INFO - [2025-04-17T12:53:50.552+0000] {dagbag.py:588} INFO - Filling up the DagBag from /home/airflow/.local/lib/python3.12/site-packages/airflow/example_dags/example_branch_labels.py
[2025-04-17T12:53:50.608+0000] {processor.py:925} INFO - DAG(s) 'example_branch_labels' retrieved from /home/airflow/.local/lib/python3.12/site-packages/airflow/example_dags/example_branch_labels.py
[2025-04-17T12:53:50.694+0000] {logging_mixin.py:190} INFO - [2025-04-17T12:53:50.693+0000] {dag.py:3239} INFO - Sync 1 DAGs
[2025-04-17T12:53:50.794+0000] {logging_mixin.py:190} INFO - [2025-04-17T12:53:50.793+0000] {dag.py:4180} INFO - Setting next_dagrun for example_branch_labels to 2025-04-16 00:00:00+00:00, run_after=2025-04-17 00:00:00+00:00
[2025-04-17T12:53:50.855+0000] {processor.py:208} INFO - Processing /home/airflow/.local/lib/python3.12/site-packages/airflow/example_dags/example_branch_labels.py took 0.331 seconds
[2025-04-17T12:54:21.482+0000] {processor.py:186} INFO - Started process (PID=13868) to work on /home/airflow/.local/lib/python3.12/site-packages/airflow/example_dags/example_branch_labels.py
[2025-04-17T12:54:21.483+0000] {processor.py:914} INFO - Processing file /home/airflow/.local/lib/python3.12/site-packages/airflow/example_dags/example_branch_labels.py for tasks to queue
[2025-04-17T12:54:21.486+0000] {logging_mixin.py:190} INFO - [2025-04-17T12:54:21.485+0000] {dagbag.py:588} INFO - Filling up the DagBag from /home/airflow/.local/lib/python3.12/site-packages/airflow/example_dags/example_branch_labels.py
[2025-04-17T12:54:21.504+0000] {processor.py:925} INFO - DAG(s) 'example_branch_labels' retrieved from /home/airflow/.local/lib/python3.12/site-packages/airflow/example_dags/example_branch_labels.py
[2025-04-17T12:54:21.551+0000] {logging_mixin.py:190} INFO - [2025-04-17T12:54:21.550+0000] {dag.py:3239} INFO - Sync 1 DAGs
[2025-04-17T12:54:21.595+0000] {logging_mixin.py:190} INFO - [2025-04-17T12:54:21.594+0000] {dag.py:4180} INFO - Setting next_dagrun for example_branch_labels to 2025-04-16 00:00:00+00:00, run_after=2025-04-17 00:00:00+00:00
[2025-04-17T12:54:21.622+0000] {processor.py:208} INFO - Processing /home/airflow/.local/lib/python3.12/site-packages/airflow/example_dags/example_branch_labels.py took 0.150 seconds
[2025-04-17T12:54:52.387+0000] {processor.py:186} INFO - Started process (PID=14174) to work on /home/airflow/.local/lib/python3.12/site-packages/airflow/example_dags/example_branch_labels.py
[2025-04-17T12:54:52.432+0000] {processor.py:914} INFO - Processing file /home/airflow/.local/lib/python3.12/site-packages/airflow/example_dags/example_branch_labels.py for tasks to queue
[2025-04-17T12:54:52.435+0000] {logging_mixin.py:190} INFO - [2025-04-17T12:54:52.434+0000] {dagbag.py:588} INFO - Filling up the DagBag from /home/airflow/.local/lib/python3.12/site-packages/airflow/example_dags/example_branch_labels.py
[2025-04-17T12:54:52.452+0000] {processor.py:925} INFO - DAG(s) 'example_branch_labels' retrieved from /home/airflow/.local/lib/python3.12/site-packages/airflow/example_dags/example_branch_labels.py
[2025-04-17T12:54:52.515+0000] {logging_mixin.py:190} INFO - [2025-04-17T12:54:52.514+0000] {dag.py:3239} INFO - Sync 1 DAGs
[2025-04-17T12:54:52.565+0000] {logging_mixin.py:190} INFO - [2025-04-17T12:54:52.565+0000] {dag.py:4180} INFO - Setting next_dagrun for example_branch_labels to 2025-04-16 00:00:00+00:00, run_after=2025-04-17 00:00:00+00:00
[2025-04-17T12:54:52.646+0000] {processor.py:208} INFO - Processing /home/airflow/.local/lib/python3.12/site-packages/airflow/example_dags/example_branch_labels.py took 0.269 seconds
