[2025-04-17T11:40:59.400+0000] {processor.py:186} INFO - Started process (PID=39763) to work on /home/airflow/.local/lib/python3.12/site-packages/airflow/example_dags/example_inlet_event_extra.py
[2025-04-17T11:40:59.514+0000] {processor.py:914} INFO - Processing file /home/airflow/.local/lib/python3.12/site-packages/airflow/example_dags/example_inlet_event_extra.py for tasks to queue
[2025-04-17T11:40:59.538+0000] {logging_mixin.py:190} INFO - [2025-04-17T11:40:59.532+0000] {dagbag.py:588} INFO - Filling up the DagBag from /home/airflow/.local/lib/python3.12/site-packages/airflow/example_dags/example_inlet_event_extra.py
[2025-04-17T11:41:30.310+0000] {logging_mixin.py:190} INFO - [2025-04-17T11:41:30.276+0000] {timeout.py:68} ERROR - Process timed out, PID: 39763
[2025-04-17T11:41:31.403+0000] {logging_mixin.py:190} INFO - [2025-04-17T11:41:30.363+0000] {dagbag.py:387} ERROR - Failed to import: /home/airflow/.local/lib/python3.12/site-packages/airflow/example_dags/example_inlet_event_extra.py
Traceback (most recent call last):
  File "/home/airflow/.local/lib/python3.12/site-packages/airflow/models/dagbag.py", line 383, in parse
    loader.exec_module(new_module)
  File "<frozen importlib._bootstrap_external>", line 999, in exec_module
  File "<frozen importlib._bootstrap>", line 488, in _call_with_frames_removed
  File "/home/airflow/.local/lib/python3.12/site-packages/airflow/example_dags/example_inlet_event_extra.py", line 33, in <module>
    ds = Dataset("s3://output/1.txt")
         ^^^^^^^^^^^^^^^^^^^^^^^^^^^^
  File "<attrs generated init airflow.datasets.Dataset>", line 3, in __init__
    _setattr('uri', __attr_converter_uri(uri))
                    ^^^^^^^^^^^^^^^^^^^^^^^^^
  File "/home/airflow/.local/lib/python3.12/site-packages/airflow/datasets/__init__.py", line 108, in _sanitize_uri
    if (normalizer := _get_uri_normalizer(normalized_scheme)) is not None:
                      ^^^^^^^^^^^^^^^^^^^^^^^^^^^^^^^^^^^^^^
  File "/home/airflow/.local/lib/python3.12/site-packages/airflow/datasets/__init__.py", line 58, in _get_uri_normalizer
    return ProvidersManager().dataset_uri_handlers.get(scheme)
           ^^^^^^^^^^^^^^^^^^^^^^^^^^^^^^^^^^^^^^^
  File "/home/airflow/.local/lib/python3.12/site-packages/airflow/providers_manager.py", line 1333, in dataset_uri_handlers
    self.initialize_providers_dataset_uri_resources()
  File "/home/airflow/.local/lib/python3.12/site-packages/airflow/providers_manager.py", line 384, in wrapped_function
    func(*args, **kwargs)
  File "/home/airflow/.local/lib/python3.12/site-packages/airflow/providers_manager.py", line 532, in initialize_providers_dataset_uri_resources
    self._discover_dataset_uri_resources()
  File "/home/airflow/.local/lib/python3.12/site-packages/airflow/providers_manager.py", line 914, in _discover_dataset_uri_resources
    _safe_register_resource(
  File "/home/airflow/.local/lib/python3.12/site-packages/airflow/providers_manager.py", line 902, in _safe_register_resource
    _correctness_check(provider_package_name, resource_path, provider)
  File "/home/airflow/.local/lib/python3.12/site-packages/airflow/providers_manager.py", line 327, in _correctness_check
    imported_class = import_string(class_name)
                     ^^^^^^^^^^^^^^^^^^^^^^^^^
  File "/home/airflow/.local/lib/python3.12/site-packages/airflow/utils/module_loading.py", line 39, in import_string
    module = import_module(module_path)
             ^^^^^^^^^^^^^^^^^^^^^^^^^^
  File "/usr/local/lib/python3.12/importlib/__init__.py", line 90, in import_module
    return _bootstrap._gcd_import(name[level:], package, level)
           ^^^^^^^^^^^^^^^^^^^^^^^^^^^^^^^^^^^^^^^^^^^^^^^^^^^^
  File "<frozen importlib._bootstrap>", line 1387, in _gcd_import
  File "<frozen importlib._bootstrap>", line 1360, in _find_and_load
  File "<frozen importlib._bootstrap>", line 1331, in _find_and_load_unlocked
  File "<frozen importlib._bootstrap>", line 935, in _load_unlocked
  File "<frozen importlib._bootstrap_external>", line 999, in exec_module
  File "<frozen importlib._bootstrap>", line 488, in _call_with_frames_removed
  File "/home/airflow/.local/lib/python3.12/site-packages/airflow/providers/amazon/aws/assets/s3.py", line 21, in <module>
    from airflow.providers.amazon.aws.hooks.s3 import S3Hook
  File "/home/airflow/.local/lib/python3.12/site-packages/airflow/providers/amazon/aws/hooks/s3.py", line 57, in <module>
    from boto3.s3.transfer import S3Transfer, TransferConfig
  File "/home/airflow/.local/lib/python3.12/site-packages/boto3/__init__.py", line 17, in <module>
    from boto3.session import Session
  File "/home/airflow/.local/lib/python3.12/site-packages/boto3/session.py", line 17, in <module>
    import botocore.session
  File "/home/airflow/.local/lib/python3.12/site-packages/botocore/session.py", line 26, in <module>
    import botocore.client
  File "/home/airflow/.local/lib/python3.12/site-packages/botocore/client.py", line 15, in <module>
    from botocore import waiter, xform_name
  File "/home/airflow/.local/lib/python3.12/site-packages/botocore/waiter.py", line 18, in <module>
    from botocore.docs.docstring import WaiterDocstring
  File "/home/airflow/.local/lib/python3.12/site-packages/botocore/docs/__init__.py", line 15, in <module>
    from botocore.docs.service import ServiceDocumenter
  File "/home/airflow/.local/lib/python3.12/site-packages/botocore/docs/service.py", line 14, in <module>
    from botocore.docs.client import (
  File "/home/airflow/.local/lib/python3.12/site-packages/botocore/docs/client.py", line 18, in <module>
    from botocore.docs.example import ResponseExampleDocumenter
  File "/home/airflow/.local/lib/python3.12/site-packages/botocore/docs/example.py", line 13, in <module>
    from botocore.docs.shape import ShapeDocumenter
  File "/home/airflow/.local/lib/python3.12/site-packages/botocore/docs/shape.py", line 19, in <module>
    from botocore.utils import is_json_value_header
  File "/home/airflow/.local/lib/python3.12/site-packages/botocore/utils.py", line 39, in <module>
    import botocore.httpsession
  File "/home/airflow/.local/lib/python3.12/site-packages/botocore/httpsession.py", line 45, in <module>
    from urllib3.contrib.pyopenssl import (
  File "/home/airflow/.local/lib/python3.12/site-packages/urllib3/contrib/pyopenssl.py", line 43, in <module>
    import OpenSSL.SSL  # type: ignore[import-untyped]
    ^^^^^^^^^^^^^^^^^^
  File "/home/airflow/.local/lib/python3.12/site-packages/OpenSSL/__init__.py", line 8, in <module>
    from OpenSSL import SSL, crypto
  File "/home/airflow/.local/lib/python3.12/site-packages/OpenSSL/SSL.py", line 42, in <module>
    from OpenSSL.crypto import (
  File "<frozen importlib._bootstrap>", line 1360, in _find_and_load
  File "<frozen importlib._bootstrap>", line 1331, in _find_and_load_unlocked
  File "<frozen importlib._bootstrap>", line 935, in _load_unlocked
  File "<frozen importlib._bootstrap_external>", line 995, in exec_module
  File "<frozen importlib._bootstrap_external>", line 1128, in get_code
  File "<frozen importlib._bootstrap_external>", line 757, in _compile_bytecode
  File "/home/airflow/.local/lib/python3.12/site-packages/airflow/utils/timeout.py", line 69, in handle_timeout
    raise AirflowTaskTimeout(self.error_message)
airflow.exceptions.AirflowTaskTimeout: DagBag import timeout for /home/airflow/.local/lib/python3.12/site-packages/airflow/example_dags/example_inlet_event_extra.py after 30.0s.
Please take a look at these docs to improve your DAG import time:
* https://airflow.apache.org/docs/apache-airflow/2.10.5/best-practices.html#top-level-python-code
* https://airflow.apache.org/docs/apache-airflow/2.10.5/best-practices.html#reducing-dag-complexity, PID: 39763
[2025-04-17T11:41:31.614+0000] {processor.py:927} WARNING - No viable dags retrieved from /home/airflow/.local/lib/python3.12/site-packages/airflow/example_dags/example_inlet_event_extra.py
[2025-04-17T11:41:36.537+0000] {processor.py:208} INFO - Processing /home/airflow/.local/lib/python3.12/site-packages/airflow/example_dags/example_inlet_event_extra.py took 37.757 seconds
[2025-04-17T12:09:12.543+0000] {processor.py:186} INFO - Started process (PID=455) to work on /home/airflow/.local/lib/python3.12/site-packages/airflow/example_dags/example_inlet_event_extra.py
[2025-04-17T12:09:12.585+0000] {processor.py:914} INFO - Processing file /home/airflow/.local/lib/python3.12/site-packages/airflow/example_dags/example_inlet_event_extra.py for tasks to queue
[2025-04-17T12:09:12.591+0000] {logging_mixin.py:190} INFO - [2025-04-17T12:09:12.590+0000] {dagbag.py:588} INFO - Filling up the DagBag from /home/airflow/.local/lib/python3.12/site-packages/airflow/example_dags/example_inlet_event_extra.py
[2025-04-17T12:09:44.082+0000] {logging_mixin.py:190} INFO - [2025-04-17T12:09:44.019+0000] {timeout.py:68} ERROR - Process timed out, PID: 455
[2025-04-17T12:09:44.186+0000] {logging_mixin.py:190} INFO - [2025-04-17T12:09:44.109+0000] {dagbag.py:387} ERROR - Failed to import: /home/airflow/.local/lib/python3.12/site-packages/airflow/example_dags/example_inlet_event_extra.py
Traceback (most recent call last):
  File "/home/airflow/.local/lib/python3.12/site-packages/airflow/models/dagbag.py", line 383, in parse
    loader.exec_module(new_module)
  File "<frozen importlib._bootstrap_external>", line 999, in exec_module
  File "<frozen importlib._bootstrap>", line 488, in _call_with_frames_removed
  File "/home/airflow/.local/lib/python3.12/site-packages/airflow/example_dags/example_inlet_event_extra.py", line 48, in <module>
    read_dataset_event()
  File "/home/airflow/.local/lib/python3.12/site-packages/airflow/decorators/base.py", line 380, in __call__
    op.is_setup = self.is_setup
    ^^^^^^^^^^^
  File "/home/airflow/.local/lib/python3.12/site-packages/airflow/models/baseoperator.py", line 1218, in __setattr__
    super().__setattr__(key, value)
  File "/home/airflow/.local/lib/python3.12/site-packages/airflow/models/baseoperator.py", line 1632, in is_setup
    if self.is_teardown and value:
       ^^^^^^^^^^^^^^^^
  File "/home/airflow/.local/lib/python3.12/site-packages/airflow/models/baseoperator.py", line 1636, in is_teardown
    @property
    
  File "/home/airflow/.local/lib/python3.12/site-packages/airflow/utils/timeout.py", line 69, in handle_timeout
    raise AirflowTaskTimeout(self.error_message)
airflow.exceptions.AirflowTaskTimeout: DagBag import timeout for /home/airflow/.local/lib/python3.12/site-packages/airflow/example_dags/example_inlet_event_extra.py after 30.0s.
Please take a look at these docs to improve your DAG import time:
* https://airflow.apache.org/docs/apache-airflow/2.10.5/best-practices.html#top-level-python-code
* https://airflow.apache.org/docs/apache-airflow/2.10.5/best-practices.html#reducing-dag-complexity, PID: 455
[2025-04-17T12:09:44.196+0000] {processor.py:927} WARNING - No viable dags retrieved from /home/airflow/.local/lib/python3.12/site-packages/airflow/example_dags/example_inlet_event_extra.py
[2025-04-17T12:09:45.354+0000] {processor.py:208} INFO - Processing /home/airflow/.local/lib/python3.12/site-packages/airflow/example_dags/example_inlet_event_extra.py took 33.017 seconds
[2025-04-17T12:15:23.939+0000] {processor.py:186} INFO - Started process (PID=1010) to work on /home/airflow/.local/lib/python3.12/site-packages/airflow/example_dags/example_inlet_event_extra.py
[2025-04-17T12:15:23.943+0000] {processor.py:914} INFO - Processing file /home/airflow/.local/lib/python3.12/site-packages/airflow/example_dags/example_inlet_event_extra.py for tasks to queue
[2025-04-17T12:15:23.982+0000] {logging_mixin.py:190} INFO - [2025-04-17T12:15:23.968+0000] {dagbag.py:588} INFO - Filling up the DagBag from /home/airflow/.local/lib/python3.12/site-packages/airflow/example_dags/example_inlet_event_extra.py
[2025-04-17T12:15:27.336+0000] {processor.py:925} INFO - DAG(s) 'read_dataset_event', 'read_dataset_event_from_classic' retrieved from /home/airflow/.local/lib/python3.12/site-packages/airflow/example_dags/example_inlet_event_extra.py
[2025-04-17T12:15:38.719+0000] {logging_mixin.py:190} INFO - [2025-04-17T12:15:38.718+0000] {dag.py:3239} INFO - Sync 2 DAGs
[2025-04-17T12:15:38.800+0000] {logging_mixin.py:190} INFO - [2025-04-17T12:15:38.800+0000] {dag.py:4180} INFO - Setting next_dagrun for read_dataset_event to 2025-04-16 00:00:00+00:00, run_after=2025-04-17 00:00:00+00:00
[2025-04-17T12:15:38.819+0000] {logging_mixin.py:190} INFO - [2025-04-17T12:15:38.818+0000] {dag.py:4180} INFO - Setting next_dagrun for read_dataset_event_from_classic to 2025-04-16 00:00:00+00:00, run_after=2025-04-17 00:00:00+00:00
[2025-04-17T12:15:38.883+0000] {processor.py:208} INFO - Processing /home/airflow/.local/lib/python3.12/site-packages/airflow/example_dags/example_inlet_event_extra.py took 15.322 seconds
[2025-04-17T12:19:03.957+0000] {processor.py:186} INFO - Started process (PID=1946) to work on /home/airflow/.local/lib/python3.12/site-packages/airflow/example_dags/example_inlet_event_extra.py
[2025-04-17T12:19:03.978+0000] {processor.py:914} INFO - Processing file /home/airflow/.local/lib/python3.12/site-packages/airflow/example_dags/example_inlet_event_extra.py for tasks to queue
[2025-04-17T12:19:03.983+0000] {logging_mixin.py:190} INFO - [2025-04-17T12:19:03.982+0000] {dagbag.py:588} INFO - Filling up the DagBag from /home/airflow/.local/lib/python3.12/site-packages/airflow/example_dags/example_inlet_event_extra.py
[2025-04-17T12:19:06.718+0000] {processor.py:925} INFO - DAG(s) 'read_dataset_event', 'read_dataset_event_from_classic' retrieved from /home/airflow/.local/lib/python3.12/site-packages/airflow/example_dags/example_inlet_event_extra.py
[2025-04-17T12:19:06.866+0000] {logging_mixin.py:190} INFO - [2025-04-17T12:19:06.856+0000] {dag.py:3239} INFO - Sync 2 DAGs
[2025-04-17T12:19:07.001+0000] {logging_mixin.py:190} INFO - [2025-04-17T12:19:07.000+0000] {dag.py:4180} INFO - Setting next_dagrun for read_dataset_event to 2025-04-16 00:00:00+00:00, run_after=2025-04-17 00:00:00+00:00
[2025-04-17T12:19:07.030+0000] {logging_mixin.py:190} INFO - [2025-04-17T12:19:07.029+0000] {dag.py:4180} INFO - Setting next_dagrun for read_dataset_event_from_classic to 2025-04-16 00:00:00+00:00, run_after=2025-04-17 00:00:00+00:00
[2025-04-17T12:19:07.120+0000] {processor.py:208} INFO - Processing /home/airflow/.local/lib/python3.12/site-packages/airflow/example_dags/example_inlet_event_extra.py took 3.187 seconds
[2025-04-17T12:24:40.747+0000] {processor.py:186} INFO - Started process (PID=2622) to work on /home/airflow/.local/lib/python3.12/site-packages/airflow/example_dags/example_inlet_event_extra.py
[2025-04-17T12:24:40.750+0000] {processor.py:914} INFO - Processing file /home/airflow/.local/lib/python3.12/site-packages/airflow/example_dags/example_inlet_event_extra.py for tasks to queue
[2025-04-17T12:24:40.754+0000] {logging_mixin.py:190} INFO - [2025-04-17T12:24:40.753+0000] {dagbag.py:588} INFO - Filling up the DagBag from /home/airflow/.local/lib/python3.12/site-packages/airflow/example_dags/example_inlet_event_extra.py
[2025-04-17T12:24:47.079+0000] {processor.py:925} INFO - DAG(s) 'read_dataset_event', 'read_dataset_event_from_classic' retrieved from /home/airflow/.local/lib/python3.12/site-packages/airflow/example_dags/example_inlet_event_extra.py
[2025-04-17T12:24:47.130+0000] {logging_mixin.py:190} INFO - [2025-04-17T12:24:47.129+0000] {dag.py:3239} INFO - Sync 2 DAGs
[2025-04-17T12:24:47.193+0000] {logging_mixin.py:190} INFO - [2025-04-17T12:24:47.193+0000] {dag.py:4180} INFO - Setting next_dagrun for read_dataset_event to 2025-04-16 00:00:00+00:00, run_after=2025-04-17 00:00:00+00:00
[2025-04-17T12:24:47.209+0000] {logging_mixin.py:190} INFO - [2025-04-17T12:24:47.209+0000] {dag.py:4180} INFO - Setting next_dagrun for read_dataset_event_from_classic to 2025-04-16 00:00:00+00:00, run_after=2025-04-17 00:00:00+00:00
[2025-04-17T12:24:47.243+0000] {processor.py:208} INFO - Processing /home/airflow/.local/lib/python3.12/site-packages/airflow/example_dags/example_inlet_event_extra.py took 6.517 seconds
[2025-04-17T12:27:56.515+0000] {processor.py:186} INFO - Started process (PID=3389) to work on /home/airflow/.local/lib/python3.12/site-packages/airflow/example_dags/example_inlet_event_extra.py
[2025-04-17T12:27:56.538+0000] {processor.py:914} INFO - Processing file /home/airflow/.local/lib/python3.12/site-packages/airflow/example_dags/example_inlet_event_extra.py for tasks to queue
[2025-04-17T12:27:56.654+0000] {logging_mixin.py:190} INFO - [2025-04-17T12:27:56.634+0000] {dagbag.py:588} INFO - Filling up the DagBag from /home/airflow/.local/lib/python3.12/site-packages/airflow/example_dags/example_inlet_event_extra.py
[2025-04-17T12:28:36.056+0000] {logging_mixin.py:190} INFO - [2025-04-17T12:28:35.986+0000] {timeout.py:68} ERROR - Process timed out, PID: 3389
[2025-04-17T12:28:36.072+0000] {logging_mixin.py:190} WARNING - Exception ignored in: <function WeakKeyDictionary.__init__.<locals>.remove at 0x7fb2020b5260>
[2025-04-17T12:28:36.103+0000] {logging_mixin.py:190} WARNING - Traceback (most recent call last):
[2025-04-17T12:28:36.125+0000] {logging_mixin.py:190} WARNING -   File "/usr/local/lib/python3.12/weakref.py", line 369, in remove
[2025-04-17T12:28:36.153+0000] {logging_mixin.py:190} WARNING -     def remove(k, selfref=ref(self)):
[2025-04-17T12:28:36.180+0000] {logging_mixin.py:190} WARNING -   File "/home/airflow/.local/lib/python3.12/site-packages/airflow/utils/timeout.py", line 69, in handle_timeout
[2025-04-17T12:28:36.219+0000] {logging_mixin.py:190} WARNING -     raise AirflowTaskTimeout(self.error_message)
[2025-04-17T12:28:36.225+0000] {logging_mixin.py:190} WARNING - airflow.exceptions.AirflowTaskTimeout: DagBag import timeout for /home/airflow/.local/lib/python3.12/site-packages/airflow/example_dags/example_inlet_event_extra.py after 30.0s.
Please take a look at these docs to improve your DAG import time:
* https://airflow.apache.org/docs/apache-airflow/2.10.5/best-practices.html#top-level-python-code
* https://airflow.apache.org/docs/apache-airflow/2.10.5/best-practices.html#reducing-dag-complexity, PID: 3389
[2025-04-17T12:28:39.223+0000] {processor.py:925} INFO - DAG(s) 'read_dataset_event_from_classic', 'read_dataset_event' retrieved from /home/airflow/.local/lib/python3.12/site-packages/airflow/example_dags/example_inlet_event_extra.py
[2025-04-17T12:28:40.099+0000] {logging_mixin.py:190} INFO - [2025-04-17T12:28:40.091+0000] {dag.py:3239} INFO - Sync 2 DAGs
[2025-04-17T12:28:40.703+0000] {logging_mixin.py:190} INFO - [2025-04-17T12:28:40.703+0000] {dag.py:4180} INFO - Setting next_dagrun for read_dataset_event to 2025-04-16 00:00:00+00:00, run_after=2025-04-17 00:00:00+00:00
[2025-04-17T12:28:40.921+0000] {logging_mixin.py:190} INFO - [2025-04-17T12:28:40.910+0000] {dag.py:4180} INFO - Setting next_dagrun for read_dataset_event_from_classic to 2025-04-16 00:00:00+00:00, run_after=2025-04-17 00:00:00+00:00
[2025-04-17T12:28:41.521+0000] {processor.py:208} INFO - Processing /home/airflow/.local/lib/python3.12/site-packages/airflow/example_dags/example_inlet_event_extra.py took 45.423 seconds
[2025-04-17T12:35:33.356+0000] {processor.py:186} INFO - Started process (PID=3987) to work on /home/airflow/.local/lib/python3.12/site-packages/airflow/example_dags/example_inlet_event_extra.py
[2025-04-17T12:35:33.359+0000] {processor.py:914} INFO - Processing file /home/airflow/.local/lib/python3.12/site-packages/airflow/example_dags/example_inlet_event_extra.py for tasks to queue
[2025-04-17T12:35:33.364+0000] {logging_mixin.py:190} INFO - [2025-04-17T12:35:33.363+0000] {dagbag.py:588} INFO - Filling up the DagBag from /home/airflow/.local/lib/python3.12/site-packages/airflow/example_dags/example_inlet_event_extra.py
[2025-04-17T12:35:42.093+0000] {processor.py:925} INFO - DAG(s) 'read_dataset_event_from_classic', 'read_dataset_event' retrieved from /home/airflow/.local/lib/python3.12/site-packages/airflow/example_dags/example_inlet_event_extra.py
[2025-04-17T12:35:42.225+0000] {logging_mixin.py:190} INFO - [2025-04-17T12:35:42.224+0000] {dag.py:3239} INFO - Sync 2 DAGs
[2025-04-17T12:35:42.346+0000] {logging_mixin.py:190} INFO - [2025-04-17T12:35:42.345+0000] {dag.py:4180} INFO - Setting next_dagrun for read_dataset_event to 2025-04-16 00:00:00+00:00, run_after=2025-04-17 00:00:00+00:00
[2025-04-17T12:35:42.366+0000] {logging_mixin.py:190} INFO - [2025-04-17T12:35:42.364+0000] {dag.py:4180} INFO - Setting next_dagrun for read_dataset_event_from_classic to 2025-04-16 00:00:00+00:00, run_after=2025-04-17 00:00:00+00:00
[2025-04-17T12:35:42.423+0000] {processor.py:208} INFO - Processing /home/airflow/.local/lib/python3.12/site-packages/airflow/example_dags/example_inlet_event_extra.py took 9.138 seconds
[2025-04-17T12:36:15.424+0000] {processor.py:186} INFO - Started process (PID=4320) to work on /home/airflow/.local/lib/python3.12/site-packages/airflow/example_dags/example_inlet_event_extra.py
[2025-04-17T12:36:15.427+0000] {processor.py:914} INFO - Processing file /home/airflow/.local/lib/python3.12/site-packages/airflow/example_dags/example_inlet_event_extra.py for tasks to queue
[2025-04-17T12:36:15.438+0000] {logging_mixin.py:190} INFO - [2025-04-17T12:36:15.437+0000] {dagbag.py:588} INFO - Filling up the DagBag from /home/airflow/.local/lib/python3.12/site-packages/airflow/example_dags/example_inlet_event_extra.py
[2025-04-17T12:36:22.468+0000] {processor.py:925} INFO - DAG(s) 'read_dataset_event', 'read_dataset_event_from_classic' retrieved from /home/airflow/.local/lib/python3.12/site-packages/airflow/example_dags/example_inlet_event_extra.py
[2025-04-17T12:36:22.517+0000] {logging_mixin.py:190} INFO - [2025-04-17T12:36:22.517+0000] {dag.py:3239} INFO - Sync 2 DAGs
[2025-04-17T12:36:22.581+0000] {logging_mixin.py:190} INFO - [2025-04-17T12:36:22.580+0000] {dag.py:4180} INFO - Setting next_dagrun for read_dataset_event to 2025-04-16 00:00:00+00:00, run_after=2025-04-17 00:00:00+00:00
[2025-04-17T12:36:22.593+0000] {logging_mixin.py:190} INFO - [2025-04-17T12:36:22.593+0000] {dag.py:4180} INFO - Setting next_dagrun for read_dataset_event_from_classic to 2025-04-16 00:00:00+00:00, run_after=2025-04-17 00:00:00+00:00
[2025-04-17T12:36:22.631+0000] {processor.py:208} INFO - Processing /home/airflow/.local/lib/python3.12/site-packages/airflow/example_dags/example_inlet_event_extra.py took 7.238 seconds
[2025-04-17T12:36:53.981+0000] {processor.py:186} INFO - Started process (PID=4637) to work on /home/airflow/.local/lib/python3.12/site-packages/airflow/example_dags/example_inlet_event_extra.py
[2025-04-17T12:36:54.101+0000] {processor.py:914} INFO - Processing file /home/airflow/.local/lib/python3.12/site-packages/airflow/example_dags/example_inlet_event_extra.py for tasks to queue
[2025-04-17T12:36:54.104+0000] {logging_mixin.py:190} INFO - [2025-04-17T12:36:54.103+0000] {dagbag.py:588} INFO - Filling up the DagBag from /home/airflow/.local/lib/python3.12/site-packages/airflow/example_dags/example_inlet_event_extra.py
[2025-04-17T12:37:00.928+0000] {processor.py:925} INFO - DAG(s) 'read_dataset_event_from_classic', 'read_dataset_event' retrieved from /home/airflow/.local/lib/python3.12/site-packages/airflow/example_dags/example_inlet_event_extra.py
[2025-04-17T12:37:02.214+0000] {logging_mixin.py:190} INFO - [2025-04-17T12:37:02.214+0000] {dag.py:3239} INFO - Sync 2 DAGs
[2025-04-17T12:37:02.749+0000] {logging_mixin.py:190} INFO - [2025-04-17T12:37:02.749+0000] {dag.py:4180} INFO - Setting next_dagrun for read_dataset_event to 2025-04-16 00:00:00+00:00, run_after=2025-04-17 00:00:00+00:00
[2025-04-17T12:37:02.759+0000] {logging_mixin.py:190} INFO - [2025-04-17T12:37:02.758+0000] {dag.py:4180} INFO - Setting next_dagrun for read_dataset_event_from_classic to 2025-04-16 00:00:00+00:00, run_after=2025-04-17 00:00:00+00:00
[2025-04-17T12:37:03.637+0000] {processor.py:208} INFO - Processing /home/airflow/.local/lib/python3.12/site-packages/airflow/example_dags/example_inlet_event_extra.py took 9.665 seconds
[2025-04-17T12:37:35.831+0000] {processor.py:186} INFO - Started process (PID=4945) to work on /home/airflow/.local/lib/python3.12/site-packages/airflow/example_dags/example_inlet_event_extra.py
[2025-04-17T12:37:35.833+0000] {processor.py:914} INFO - Processing file /home/airflow/.local/lib/python3.12/site-packages/airflow/example_dags/example_inlet_event_extra.py for tasks to queue
[2025-04-17T12:37:35.835+0000] {logging_mixin.py:190} INFO - [2025-04-17T12:37:35.835+0000] {dagbag.py:588} INFO - Filling up the DagBag from /home/airflow/.local/lib/python3.12/site-packages/airflow/example_dags/example_inlet_event_extra.py
[2025-04-17T12:37:36.951+0000] {processor.py:925} INFO - DAG(s) 'read_dataset_event_from_classic', 'read_dataset_event' retrieved from /home/airflow/.local/lib/python3.12/site-packages/airflow/example_dags/example_inlet_event_extra.py
[2025-04-17T12:37:36.987+0000] {logging_mixin.py:190} INFO - [2025-04-17T12:37:36.987+0000] {dag.py:3239} INFO - Sync 2 DAGs
[2025-04-17T12:37:37.034+0000] {logging_mixin.py:190} INFO - [2025-04-17T12:37:37.033+0000] {dag.py:4180} INFO - Setting next_dagrun for read_dataset_event to 2025-04-16 00:00:00+00:00, run_after=2025-04-17 00:00:00+00:00
[2025-04-17T12:37:37.044+0000] {logging_mixin.py:190} INFO - [2025-04-17T12:37:37.043+0000] {dag.py:4180} INFO - Setting next_dagrun for read_dataset_event_from_classic to 2025-04-16 00:00:00+00:00, run_after=2025-04-17 00:00:00+00:00
[2025-04-17T12:37:37.070+0000] {processor.py:208} INFO - Processing /home/airflow/.local/lib/python3.12/site-packages/airflow/example_dags/example_inlet_event_extra.py took 1.269 seconds
[2025-04-17T12:38:09.912+0000] {processor.py:186} INFO - Started process (PID=5262) to work on /home/airflow/.local/lib/python3.12/site-packages/airflow/example_dags/example_inlet_event_extra.py
[2025-04-17T12:38:09.914+0000] {processor.py:914} INFO - Processing file /home/airflow/.local/lib/python3.12/site-packages/airflow/example_dags/example_inlet_event_extra.py for tasks to queue
[2025-04-17T12:38:09.917+0000] {logging_mixin.py:190} INFO - [2025-04-17T12:38:09.917+0000] {dagbag.py:588} INFO - Filling up the DagBag from /home/airflow/.local/lib/python3.12/site-packages/airflow/example_dags/example_inlet_event_extra.py
[2025-04-17T12:38:12.862+0000] {processor.py:925} INFO - DAG(s) 'read_dataset_event_from_classic', 'read_dataset_event' retrieved from /home/airflow/.local/lib/python3.12/site-packages/airflow/example_dags/example_inlet_event_extra.py
[2025-04-17T12:38:13.046+0000] {logging_mixin.py:190} INFO - [2025-04-17T12:38:13.046+0000] {dag.py:3239} INFO - Sync 2 DAGs
[2025-04-17T12:38:13.207+0000] {logging_mixin.py:190} INFO - [2025-04-17T12:38:13.206+0000] {dag.py:4180} INFO - Setting next_dagrun for read_dataset_event to 2025-04-16 00:00:00+00:00, run_after=2025-04-17 00:00:00+00:00
[2025-04-17T12:38:13.233+0000] {logging_mixin.py:190} INFO - [2025-04-17T12:38:13.232+0000] {dag.py:4180} INFO - Setting next_dagrun for read_dataset_event_from_classic to 2025-04-16 00:00:00+00:00, run_after=2025-04-17 00:00:00+00:00
[2025-04-17T12:38:13.313+0000] {processor.py:208} INFO - Processing /home/airflow/.local/lib/python3.12/site-packages/airflow/example_dags/example_inlet_event_extra.py took 3.414 seconds
[2025-04-17T12:38:43.583+0000] {processor.py:186} INFO - Started process (PID=5571) to work on /home/airflow/.local/lib/python3.12/site-packages/airflow/example_dags/example_inlet_event_extra.py
[2025-04-17T12:38:43.585+0000] {processor.py:914} INFO - Processing file /home/airflow/.local/lib/python3.12/site-packages/airflow/example_dags/example_inlet_event_extra.py for tasks to queue
[2025-04-17T12:38:43.588+0000] {logging_mixin.py:190} INFO - [2025-04-17T12:38:43.587+0000] {dagbag.py:588} INFO - Filling up the DagBag from /home/airflow/.local/lib/python3.12/site-packages/airflow/example_dags/example_inlet_event_extra.py
[2025-04-17T12:38:46.091+0000] {processor.py:925} INFO - DAG(s) 'read_dataset_event', 'read_dataset_event_from_classic' retrieved from /home/airflow/.local/lib/python3.12/site-packages/airflow/example_dags/example_inlet_event_extra.py
[2025-04-17T12:38:46.242+0000] {logging_mixin.py:190} INFO - [2025-04-17T12:38:46.241+0000] {dag.py:3239} INFO - Sync 2 DAGs
[2025-04-17T12:38:46.387+0000] {logging_mixin.py:190} INFO - [2025-04-17T12:38:46.386+0000] {dag.py:4180} INFO - Setting next_dagrun for read_dataset_event to 2025-04-16 00:00:00+00:00, run_after=2025-04-17 00:00:00+00:00
[2025-04-17T12:38:46.420+0000] {logging_mixin.py:190} INFO - [2025-04-17T12:38:46.419+0000] {dag.py:4180} INFO - Setting next_dagrun for read_dataset_event_from_classic to 2025-04-16 00:00:00+00:00, run_after=2025-04-17 00:00:00+00:00
[2025-04-17T12:38:46.478+0000] {processor.py:208} INFO - Processing /home/airflow/.local/lib/python3.12/site-packages/airflow/example_dags/example_inlet_event_extra.py took 2.906 seconds
[2025-04-17T12:39:17.345+0000] {processor.py:186} INFO - Started process (PID=5878) to work on /home/airflow/.local/lib/python3.12/site-packages/airflow/example_dags/example_inlet_event_extra.py
[2025-04-17T12:39:17.347+0000] {processor.py:914} INFO - Processing file /home/airflow/.local/lib/python3.12/site-packages/airflow/example_dags/example_inlet_event_extra.py for tasks to queue
[2025-04-17T12:39:17.350+0000] {logging_mixin.py:190} INFO - [2025-04-17T12:39:17.349+0000] {dagbag.py:588} INFO - Filling up the DagBag from /home/airflow/.local/lib/python3.12/site-packages/airflow/example_dags/example_inlet_event_extra.py
[2025-04-17T12:39:18.326+0000] {processor.py:925} INFO - DAG(s) 'read_dataset_event', 'read_dataset_event_from_classic' retrieved from /home/airflow/.local/lib/python3.12/site-packages/airflow/example_dags/example_inlet_event_extra.py
[2025-04-17T12:39:18.360+0000] {logging_mixin.py:190} INFO - [2025-04-17T12:39:18.359+0000] {dag.py:3239} INFO - Sync 2 DAGs
[2025-04-17T12:39:18.406+0000] {logging_mixin.py:190} INFO - [2025-04-17T12:39:18.405+0000] {dag.py:4180} INFO - Setting next_dagrun for read_dataset_event to 2025-04-16 00:00:00+00:00, run_after=2025-04-17 00:00:00+00:00
[2025-04-17T12:39:18.418+0000] {logging_mixin.py:190} INFO - [2025-04-17T12:39:18.417+0000] {dag.py:4180} INFO - Setting next_dagrun for read_dataset_event_from_classic to 2025-04-16 00:00:00+00:00, run_after=2025-04-17 00:00:00+00:00
[2025-04-17T12:39:18.494+0000] {processor.py:208} INFO - Processing /home/airflow/.local/lib/python3.12/site-packages/airflow/example_dags/example_inlet_event_extra.py took 1.159 seconds
[2025-04-17T12:39:50.220+0000] {processor.py:186} INFO - Started process (PID=6207) to work on /home/airflow/.local/lib/python3.12/site-packages/airflow/example_dags/example_inlet_event_extra.py
[2025-04-17T12:39:50.331+0000] {processor.py:914} INFO - Processing file /home/airflow/.local/lib/python3.12/site-packages/airflow/example_dags/example_inlet_event_extra.py for tasks to queue
[2025-04-17T12:39:50.334+0000] {logging_mixin.py:190} INFO - [2025-04-17T12:39:50.334+0000] {dagbag.py:588} INFO - Filling up the DagBag from /home/airflow/.local/lib/python3.12/site-packages/airflow/example_dags/example_inlet_event_extra.py
[2025-04-17T12:39:51.481+0000] {processor.py:925} INFO - DAG(s) 'read_dataset_event', 'read_dataset_event_from_classic' retrieved from /home/airflow/.local/lib/python3.12/site-packages/airflow/example_dags/example_inlet_event_extra.py
[2025-04-17T12:39:51.631+0000] {logging_mixin.py:190} INFO - [2025-04-17T12:39:51.631+0000] {dag.py:3239} INFO - Sync 2 DAGs
[2025-04-17T12:39:51.734+0000] {logging_mixin.py:190} INFO - [2025-04-17T12:39:51.733+0000] {dag.py:4180} INFO - Setting next_dagrun for read_dataset_event to 2025-04-16 00:00:00+00:00, run_after=2025-04-17 00:00:00+00:00
[2025-04-17T12:39:51.749+0000] {logging_mixin.py:190} INFO - [2025-04-17T12:39:51.748+0000] {dag.py:4180} INFO - Setting next_dagrun for read_dataset_event_from_classic to 2025-04-16 00:00:00+00:00, run_after=2025-04-17 00:00:00+00:00
[2025-04-17T12:39:51.910+0000] {processor.py:208} INFO - Processing /home/airflow/.local/lib/python3.12/site-packages/airflow/example_dags/example_inlet_event_extra.py took 1.700 seconds
[2025-04-17T12:42:00.429+0000] {processor.py:186} INFO - Started process (PID=6605) to work on /home/airflow/.local/lib/python3.12/site-packages/airflow/example_dags/example_inlet_event_extra.py
[2025-04-17T12:42:00.438+0000] {processor.py:914} INFO - Processing file /home/airflow/.local/lib/python3.12/site-packages/airflow/example_dags/example_inlet_event_extra.py for tasks to queue
[2025-04-17T12:42:00.470+0000] {logging_mixin.py:190} INFO - [2025-04-17T12:42:00.461+0000] {dagbag.py:588} INFO - Filling up the DagBag from /home/airflow/.local/lib/python3.12/site-packages/airflow/example_dags/example_inlet_event_extra.py
[2025-04-17T12:42:16.072+0000] {processor.py:925} INFO - DAG(s) 'read_dataset_event', 'read_dataset_event_from_classic' retrieved from /home/airflow/.local/lib/python3.12/site-packages/airflow/example_dags/example_inlet_event_extra.py
[2025-04-17T12:42:16.173+0000] {logging_mixin.py:190} INFO - [2025-04-17T12:42:16.172+0000] {dag.py:3239} INFO - Sync 2 DAGs
[2025-04-17T12:42:16.296+0000] {logging_mixin.py:190} INFO - [2025-04-17T12:42:16.295+0000] {dag.py:4180} INFO - Setting next_dagrun for read_dataset_event to 2025-04-16 00:00:00+00:00, run_after=2025-04-17 00:00:00+00:00
[2025-04-17T12:42:16.314+0000] {logging_mixin.py:190} INFO - [2025-04-17T12:42:16.313+0000] {dag.py:4180} INFO - Setting next_dagrun for read_dataset_event_from_classic to 2025-04-16 00:00:00+00:00, run_after=2025-04-17 00:00:00+00:00
[2025-04-17T12:42:16.369+0000] {processor.py:208} INFO - Processing /home/airflow/.local/lib/python3.12/site-packages/airflow/example_dags/example_inlet_event_extra.py took 16.103 seconds
[2025-04-17T12:42:46.723+0000] {processor.py:186} INFO - Started process (PID=6993) to work on /home/airflow/.local/lib/python3.12/site-packages/airflow/example_dags/example_inlet_event_extra.py
[2025-04-17T12:42:46.730+0000] {processor.py:914} INFO - Processing file /home/airflow/.local/lib/python3.12/site-packages/airflow/example_dags/example_inlet_event_extra.py for tasks to queue
[2025-04-17T12:42:46.742+0000] {logging_mixin.py:190} INFO - [2025-04-17T12:42:46.740+0000] {dagbag.py:588} INFO - Filling up the DagBag from /home/airflow/.local/lib/python3.12/site-packages/airflow/example_dags/example_inlet_event_extra.py
[2025-04-17T12:42:49.241+0000] {processor.py:925} INFO - DAG(s) 'read_dataset_event', 'read_dataset_event_from_classic' retrieved from /home/airflow/.local/lib/python3.12/site-packages/airflow/example_dags/example_inlet_event_extra.py
[2025-04-17T12:42:49.304+0000] {logging_mixin.py:190} INFO - [2025-04-17T12:42:49.304+0000] {dag.py:3239} INFO - Sync 2 DAGs
[2025-04-17T12:42:49.407+0000] {logging_mixin.py:190} INFO - [2025-04-17T12:42:49.396+0000] {dag.py:4180} INFO - Setting next_dagrun for read_dataset_event to 2025-04-16 00:00:00+00:00, run_after=2025-04-17 00:00:00+00:00
[2025-04-17T12:42:49.457+0000] {logging_mixin.py:190} INFO - [2025-04-17T12:42:49.456+0000] {dag.py:4180} INFO - Setting next_dagrun for read_dataset_event_from_classic to 2025-04-16 00:00:00+00:00, run_after=2025-04-17 00:00:00+00:00
[2025-04-17T12:42:49.574+0000] {processor.py:208} INFO - Processing /home/airflow/.local/lib/python3.12/site-packages/airflow/example_dags/example_inlet_event_extra.py took 2.897 seconds
[2025-04-17T12:43:19.749+0000] {processor.py:186} INFO - Started process (PID=7365) to work on /home/airflow/.local/lib/python3.12/site-packages/airflow/example_dags/example_inlet_event_extra.py
[2025-04-17T12:43:19.751+0000] {processor.py:914} INFO - Processing file /home/airflow/.local/lib/python3.12/site-packages/airflow/example_dags/example_inlet_event_extra.py for tasks to queue
[2025-04-17T12:43:19.753+0000] {logging_mixin.py:190} INFO - [2025-04-17T12:43:19.752+0000] {dagbag.py:588} INFO - Filling up the DagBag from /home/airflow/.local/lib/python3.12/site-packages/airflow/example_dags/example_inlet_event_extra.py
[2025-04-17T12:43:20.767+0000] {processor.py:925} INFO - DAG(s) 'read_dataset_event', 'read_dataset_event_from_classic' retrieved from /home/airflow/.local/lib/python3.12/site-packages/airflow/example_dags/example_inlet_event_extra.py
[2025-04-17T12:43:20.800+0000] {logging_mixin.py:190} INFO - [2025-04-17T12:43:20.800+0000] {dag.py:3239} INFO - Sync 2 DAGs
[2025-04-17T12:43:20.847+0000] {logging_mixin.py:190} INFO - [2025-04-17T12:43:20.846+0000] {dag.py:4180} INFO - Setting next_dagrun for read_dataset_event to 2025-04-16 00:00:00+00:00, run_after=2025-04-17 00:00:00+00:00
[2025-04-17T12:43:20.859+0000] {logging_mixin.py:190} INFO - [2025-04-17T12:43:20.859+0000] {dag.py:4180} INFO - Setting next_dagrun for read_dataset_event_from_classic to 2025-04-16 00:00:00+00:00, run_after=2025-04-17 00:00:00+00:00
[2025-04-17T12:43:20.897+0000] {processor.py:208} INFO - Processing /home/airflow/.local/lib/python3.12/site-packages/airflow/example_dags/example_inlet_event_extra.py took 1.158 seconds
[2025-04-17T12:43:51.262+0000] {processor.py:186} INFO - Started process (PID=7672) to work on /home/airflow/.local/lib/python3.12/site-packages/airflow/example_dags/example_inlet_event_extra.py
[2025-04-17T12:43:51.264+0000] {processor.py:914} INFO - Processing file /home/airflow/.local/lib/python3.12/site-packages/airflow/example_dags/example_inlet_event_extra.py for tasks to queue
[2025-04-17T12:43:51.267+0000] {logging_mixin.py:190} INFO - [2025-04-17T12:43:51.266+0000] {dagbag.py:588} INFO - Filling up the DagBag from /home/airflow/.local/lib/python3.12/site-packages/airflow/example_dags/example_inlet_event_extra.py
[2025-04-17T12:43:52.634+0000] {processor.py:925} INFO - DAG(s) 'read_dataset_event', 'read_dataset_event_from_classic' retrieved from /home/airflow/.local/lib/python3.12/site-packages/airflow/example_dags/example_inlet_event_extra.py
[2025-04-17T12:43:52.691+0000] {logging_mixin.py:190} INFO - [2025-04-17T12:43:52.690+0000] {dag.py:3239} INFO - Sync 2 DAGs
[2025-04-17T12:43:52.738+0000] {logging_mixin.py:190} INFO - [2025-04-17T12:43:52.737+0000] {dag.py:4180} INFO - Setting next_dagrun for read_dataset_event to 2025-04-16 00:00:00+00:00, run_after=2025-04-17 00:00:00+00:00
[2025-04-17T12:43:52.748+0000] {logging_mixin.py:190} INFO - [2025-04-17T12:43:52.748+0000] {dag.py:4180} INFO - Setting next_dagrun for read_dataset_event_from_classic to 2025-04-16 00:00:00+00:00, run_after=2025-04-17 00:00:00+00:00
[2025-04-17T12:43:52.778+0000] {processor.py:208} INFO - Processing /home/airflow/.local/lib/python3.12/site-packages/airflow/example_dags/example_inlet_event_extra.py took 1.529 seconds
[2025-04-17T12:44:25.385+0000] {processor.py:186} INFO - Started process (PID=8059) to work on /home/airflow/.local/lib/python3.12/site-packages/airflow/example_dags/example_inlet_event_extra.py
[2025-04-17T12:44:25.389+0000] {processor.py:914} INFO - Processing file /home/airflow/.local/lib/python3.12/site-packages/airflow/example_dags/example_inlet_event_extra.py for tasks to queue
[2025-04-17T12:44:25.394+0000] {logging_mixin.py:190} INFO - [2025-04-17T12:44:25.393+0000] {dagbag.py:588} INFO - Filling up the DagBag from /home/airflow/.local/lib/python3.12/site-packages/airflow/example_dags/example_inlet_event_extra.py
[2025-04-17T12:44:27.072+0000] {processor.py:925} INFO - DAG(s) 'read_dataset_event_from_classic', 'read_dataset_event' retrieved from /home/airflow/.local/lib/python3.12/site-packages/airflow/example_dags/example_inlet_event_extra.py
[2025-04-17T12:44:27.128+0000] {logging_mixin.py:190} INFO - [2025-04-17T12:44:27.128+0000] {dag.py:3239} INFO - Sync 2 DAGs
[2025-04-17T12:44:27.200+0000] {logging_mixin.py:190} INFO - [2025-04-17T12:44:27.199+0000] {dag.py:4180} INFO - Setting next_dagrun for read_dataset_event to 2025-04-16 00:00:00+00:00, run_after=2025-04-17 00:00:00+00:00
[2025-04-17T12:44:27.214+0000] {logging_mixin.py:190} INFO - [2025-04-17T12:44:27.214+0000] {dag.py:4180} INFO - Setting next_dagrun for read_dataset_event_from_classic to 2025-04-16 00:00:00+00:00, run_after=2025-04-17 00:00:00+00:00
[2025-04-17T12:44:27.255+0000] {processor.py:208} INFO - Processing /home/airflow/.local/lib/python3.12/site-packages/airflow/example_dags/example_inlet_event_extra.py took 1.888 seconds
[2025-04-17T12:44:57.587+0000] {processor.py:186} INFO - Started process (PID=8482) to work on /home/airflow/.local/lib/python3.12/site-packages/airflow/example_dags/example_inlet_event_extra.py
[2025-04-17T12:44:57.589+0000] {processor.py:914} INFO - Processing file /home/airflow/.local/lib/python3.12/site-packages/airflow/example_dags/example_inlet_event_extra.py for tasks to queue
[2025-04-17T12:44:57.592+0000] {logging_mixin.py:190} INFO - [2025-04-17T12:44:57.591+0000] {dagbag.py:588} INFO - Filling up the DagBag from /home/airflow/.local/lib/python3.12/site-packages/airflow/example_dags/example_inlet_event_extra.py
[2025-04-17T12:44:59.399+0000] {processor.py:925} INFO - DAG(s) 'read_dataset_event', 'read_dataset_event_from_classic' retrieved from /home/airflow/.local/lib/python3.12/site-packages/airflow/example_dags/example_inlet_event_extra.py
[2025-04-17T12:44:59.463+0000] {logging_mixin.py:190} INFO - [2025-04-17T12:44:59.462+0000] {dag.py:3239} INFO - Sync 2 DAGs
[2025-04-17T12:44:59.530+0000] {logging_mixin.py:190} INFO - [2025-04-17T12:44:59.529+0000] {dag.py:4180} INFO - Setting next_dagrun for read_dataset_event to 2025-04-16 00:00:00+00:00, run_after=2025-04-17 00:00:00+00:00
[2025-04-17T12:44:59.541+0000] {logging_mixin.py:190} INFO - [2025-04-17T12:44:59.541+0000] {dag.py:4180} INFO - Setting next_dagrun for read_dataset_event_from_classic to 2025-04-16 00:00:00+00:00, run_after=2025-04-17 00:00:00+00:00
[2025-04-17T12:44:59.577+0000] {processor.py:208} INFO - Processing /home/airflow/.local/lib/python3.12/site-packages/airflow/example_dags/example_inlet_event_extra.py took 2.002 seconds
[2025-04-17T12:45:30.071+0000] {processor.py:186} INFO - Started process (PID=8789) to work on /home/airflow/.local/lib/python3.12/site-packages/airflow/example_dags/example_inlet_event_extra.py
[2025-04-17T12:45:30.087+0000] {processor.py:914} INFO - Processing file /home/airflow/.local/lib/python3.12/site-packages/airflow/example_dags/example_inlet_event_extra.py for tasks to queue
[2025-04-17T12:45:30.093+0000] {logging_mixin.py:190} INFO - [2025-04-17T12:45:30.092+0000] {dagbag.py:588} INFO - Filling up the DagBag from /home/airflow/.local/lib/python3.12/site-packages/airflow/example_dags/example_inlet_event_extra.py
[2025-04-17T12:45:31.340+0000] {processor.py:925} INFO - DAG(s) 'read_dataset_event_from_classic', 'read_dataset_event' retrieved from /home/airflow/.local/lib/python3.12/site-packages/airflow/example_dags/example_inlet_event_extra.py
[2025-04-17T12:45:31.383+0000] {logging_mixin.py:190} INFO - [2025-04-17T12:45:31.383+0000] {dag.py:3239} INFO - Sync 2 DAGs
[2025-04-17T12:45:31.436+0000] {logging_mixin.py:190} INFO - [2025-04-17T12:45:31.435+0000] {dag.py:4180} INFO - Setting next_dagrun for read_dataset_event to 2025-04-16 00:00:00+00:00, run_after=2025-04-17 00:00:00+00:00
[2025-04-17T12:45:31.448+0000] {logging_mixin.py:190} INFO - [2025-04-17T12:45:31.448+0000] {dag.py:4180} INFO - Setting next_dagrun for read_dataset_event_from_classic to 2025-04-16 00:00:00+00:00, run_after=2025-04-17 00:00:00+00:00
[2025-04-17T12:45:31.606+0000] {processor.py:208} INFO - Processing /home/airflow/.local/lib/python3.12/site-packages/airflow/example_dags/example_inlet_event_extra.py took 1.551 seconds
[2025-04-17T12:46:02.591+0000] {processor.py:186} INFO - Started process (PID=9096) to work on /home/airflow/.local/lib/python3.12/site-packages/airflow/example_dags/example_inlet_event_extra.py
[2025-04-17T12:46:02.593+0000] {processor.py:914} INFO - Processing file /home/airflow/.local/lib/python3.12/site-packages/airflow/example_dags/example_inlet_event_extra.py for tasks to queue
[2025-04-17T12:46:02.595+0000] {logging_mixin.py:190} INFO - [2025-04-17T12:46:02.594+0000] {dagbag.py:588} INFO - Filling up the DagBag from /home/airflow/.local/lib/python3.12/site-packages/airflow/example_dags/example_inlet_event_extra.py
[2025-04-17T12:46:03.841+0000] {processor.py:925} INFO - DAG(s) 'read_dataset_event', 'read_dataset_event_from_classic' retrieved from /home/airflow/.local/lib/python3.12/site-packages/airflow/example_dags/example_inlet_event_extra.py
[2025-04-17T12:46:03.880+0000] {logging_mixin.py:190} INFO - [2025-04-17T12:46:03.880+0000] {dag.py:3239} INFO - Sync 2 DAGs
[2025-04-17T12:46:03.932+0000] {logging_mixin.py:190} INFO - [2025-04-17T12:46:03.932+0000] {dag.py:4180} INFO - Setting next_dagrun for read_dataset_event to 2025-04-16 00:00:00+00:00, run_after=2025-04-17 00:00:00+00:00
[2025-04-17T12:46:03.942+0000] {logging_mixin.py:190} INFO - [2025-04-17T12:46:03.942+0000] {dag.py:4180} INFO - Setting next_dagrun for read_dataset_event_from_classic to 2025-04-16 00:00:00+00:00, run_after=2025-04-17 00:00:00+00:00
[2025-04-17T12:46:04.276+0000] {processor.py:208} INFO - Processing /home/airflow/.local/lib/python3.12/site-packages/airflow/example_dags/example_inlet_event_extra.py took 1.695 seconds
[2025-04-17T12:46:34.568+0000] {processor.py:186} INFO - Started process (PID=9403) to work on /home/airflow/.local/lib/python3.12/site-packages/airflow/example_dags/example_inlet_event_extra.py
[2025-04-17T12:46:34.571+0000] {processor.py:914} INFO - Processing file /home/airflow/.local/lib/python3.12/site-packages/airflow/example_dags/example_inlet_event_extra.py for tasks to queue
[2025-04-17T12:46:34.573+0000] {logging_mixin.py:190} INFO - [2025-04-17T12:46:34.572+0000] {dagbag.py:588} INFO - Filling up the DagBag from /home/airflow/.local/lib/python3.12/site-packages/airflow/example_dags/example_inlet_event_extra.py
[2025-04-17T12:46:35.656+0000] {processor.py:925} INFO - DAG(s) 'read_dataset_event_from_classic', 'read_dataset_event' retrieved from /home/airflow/.local/lib/python3.12/site-packages/airflow/example_dags/example_inlet_event_extra.py
[2025-04-17T12:46:35.701+0000] {logging_mixin.py:190} INFO - [2025-04-17T12:46:35.700+0000] {dag.py:3239} INFO - Sync 2 DAGs
[2025-04-17T12:46:35.753+0000] {logging_mixin.py:190} INFO - [2025-04-17T12:46:35.753+0000] {dag.py:4180} INFO - Setting next_dagrun for read_dataset_event to 2025-04-16 00:00:00+00:00, run_after=2025-04-17 00:00:00+00:00
[2025-04-17T12:46:35.770+0000] {logging_mixin.py:190} INFO - [2025-04-17T12:46:35.769+0000] {dag.py:4180} INFO - Setting next_dagrun for read_dataset_event_from_classic to 2025-04-16 00:00:00+00:00, run_after=2025-04-17 00:00:00+00:00
[2025-04-17T12:46:35.808+0000] {processor.py:208} INFO - Processing /home/airflow/.local/lib/python3.12/site-packages/airflow/example_dags/example_inlet_event_extra.py took 1.249 seconds
[2025-04-17T12:47:06.340+0000] {processor.py:186} INFO - Started process (PID=9710) to work on /home/airflow/.local/lib/python3.12/site-packages/airflow/example_dags/example_inlet_event_extra.py
[2025-04-17T12:47:06.342+0000] {processor.py:914} INFO - Processing file /home/airflow/.local/lib/python3.12/site-packages/airflow/example_dags/example_inlet_event_extra.py for tasks to queue
[2025-04-17T12:47:06.345+0000] {logging_mixin.py:190} INFO - [2025-04-17T12:47:06.344+0000] {dagbag.py:588} INFO - Filling up the DagBag from /home/airflow/.local/lib/python3.12/site-packages/airflow/example_dags/example_inlet_event_extra.py
[2025-04-17T12:47:07.541+0000] {processor.py:925} INFO - DAG(s) 'read_dataset_event', 'read_dataset_event_from_classic' retrieved from /home/airflow/.local/lib/python3.12/site-packages/airflow/example_dags/example_inlet_event_extra.py
[2025-04-17T12:47:07.582+0000] {logging_mixin.py:190} INFO - [2025-04-17T12:47:07.582+0000] {dag.py:3239} INFO - Sync 2 DAGs
[2025-04-17T12:47:07.635+0000] {logging_mixin.py:190} INFO - [2025-04-17T12:47:07.634+0000] {dag.py:4180} INFO - Setting next_dagrun for read_dataset_event to 2025-04-16 00:00:00+00:00, run_after=2025-04-17 00:00:00+00:00
[2025-04-17T12:47:07.649+0000] {logging_mixin.py:190} INFO - [2025-04-17T12:47:07.648+0000] {dag.py:4180} INFO - Setting next_dagrun for read_dataset_event_from_classic to 2025-04-16 00:00:00+00:00, run_after=2025-04-17 00:00:00+00:00
[2025-04-17T12:47:07.684+0000] {processor.py:208} INFO - Processing /home/airflow/.local/lib/python3.12/site-packages/airflow/example_dags/example_inlet_event_extra.py took 1.356 seconds
[2025-04-17T12:47:38.106+0000] {processor.py:186} INFO - Started process (PID=10037) to work on /home/airflow/.local/lib/python3.12/site-packages/airflow/example_dags/example_inlet_event_extra.py
[2025-04-17T12:47:38.107+0000] {processor.py:914} INFO - Processing file /home/airflow/.local/lib/python3.12/site-packages/airflow/example_dags/example_inlet_event_extra.py for tasks to queue
[2025-04-17T12:47:38.111+0000] {logging_mixin.py:190} INFO - [2025-04-17T12:47:38.110+0000] {dagbag.py:588} INFO - Filling up the DagBag from /home/airflow/.local/lib/python3.12/site-packages/airflow/example_dags/example_inlet_event_extra.py
[2025-04-17T12:47:39.819+0000] {processor.py:925} INFO - DAG(s) 'read_dataset_event_from_classic', 'read_dataset_event' retrieved from /home/airflow/.local/lib/python3.12/site-packages/airflow/example_dags/example_inlet_event_extra.py
[2025-04-17T12:47:39.876+0000] {logging_mixin.py:190} INFO - [2025-04-17T12:47:39.876+0000] {dag.py:3239} INFO - Sync 2 DAGs
[2025-04-17T12:47:39.947+0000] {logging_mixin.py:190} INFO - [2025-04-17T12:47:39.946+0000] {dag.py:4180} INFO - Setting next_dagrun for read_dataset_event to 2025-04-16 00:00:00+00:00, run_after=2025-04-17 00:00:00+00:00
[2025-04-17T12:47:39.967+0000] {logging_mixin.py:190} INFO - [2025-04-17T12:47:39.966+0000] {dag.py:4180} INFO - Setting next_dagrun for read_dataset_event_from_classic to 2025-04-16 00:00:00+00:00, run_after=2025-04-17 00:00:00+00:00
[2025-04-17T12:47:40.018+0000] {processor.py:208} INFO - Processing /home/airflow/.local/lib/python3.12/site-packages/airflow/example_dags/example_inlet_event_extra.py took 1.925 seconds
[2025-04-17T12:48:10.459+0000] {processor.py:186} INFO - Started process (PID=10359) to work on /home/airflow/.local/lib/python3.12/site-packages/airflow/example_dags/example_inlet_event_extra.py
[2025-04-17T12:48:10.461+0000] {processor.py:914} INFO - Processing file /home/airflow/.local/lib/python3.12/site-packages/airflow/example_dags/example_inlet_event_extra.py for tasks to queue
[2025-04-17T12:48:10.463+0000] {logging_mixin.py:190} INFO - [2025-04-17T12:48:10.462+0000] {dagbag.py:588} INFO - Filling up the DagBag from /home/airflow/.local/lib/python3.12/site-packages/airflow/example_dags/example_inlet_event_extra.py
[2025-04-17T12:48:11.692+0000] {processor.py:925} INFO - DAG(s) 'read_dataset_event', 'read_dataset_event_from_classic' retrieved from /home/airflow/.local/lib/python3.12/site-packages/airflow/example_dags/example_inlet_event_extra.py
[2025-04-17T12:48:11.740+0000] {logging_mixin.py:190} INFO - [2025-04-17T12:48:11.739+0000] {dag.py:3239} INFO - Sync 2 DAGs
[2025-04-17T12:48:11.808+0000] {logging_mixin.py:190} INFO - [2025-04-17T12:48:11.807+0000] {dag.py:4180} INFO - Setting next_dagrun for read_dataset_event to 2025-04-16 00:00:00+00:00, run_after=2025-04-17 00:00:00+00:00
[2025-04-17T12:48:11.820+0000] {logging_mixin.py:190} INFO - [2025-04-17T12:48:11.820+0000] {dag.py:4180} INFO - Setting next_dagrun for read_dataset_event_from_classic to 2025-04-16 00:00:00+00:00, run_after=2025-04-17 00:00:00+00:00
[2025-04-17T12:48:11.856+0000] {processor.py:208} INFO - Processing /home/airflow/.local/lib/python3.12/site-packages/airflow/example_dags/example_inlet_event_extra.py took 1.408 seconds
[2025-04-17T12:48:43.187+0000] {processor.py:186} INFO - Started process (PID=10666) to work on /home/airflow/.local/lib/python3.12/site-packages/airflow/example_dags/example_inlet_event_extra.py
[2025-04-17T12:48:43.189+0000] {processor.py:914} INFO - Processing file /home/airflow/.local/lib/python3.12/site-packages/airflow/example_dags/example_inlet_event_extra.py for tasks to queue
[2025-04-17T12:48:43.192+0000] {logging_mixin.py:190} INFO - [2025-04-17T12:48:43.191+0000] {dagbag.py:588} INFO - Filling up the DagBag from /home/airflow/.local/lib/python3.12/site-packages/airflow/example_dags/example_inlet_event_extra.py
[2025-04-17T12:48:44.979+0000] {processor.py:925} INFO - DAG(s) 'read_dataset_event_from_classic', 'read_dataset_event' retrieved from /home/airflow/.local/lib/python3.12/site-packages/airflow/example_dags/example_inlet_event_extra.py
[2025-04-17T12:48:45.025+0000] {logging_mixin.py:190} INFO - [2025-04-17T12:48:45.025+0000] {dag.py:3239} INFO - Sync 2 DAGs
[2025-04-17T12:48:45.088+0000] {logging_mixin.py:190} INFO - [2025-04-17T12:48:45.088+0000] {dag.py:4180} INFO - Setting next_dagrun for read_dataset_event to 2025-04-16 00:00:00+00:00, run_after=2025-04-17 00:00:00+00:00
[2025-04-17T12:48:45.104+0000] {logging_mixin.py:190} INFO - [2025-04-17T12:48:45.104+0000] {dag.py:4180} INFO - Setting next_dagrun for read_dataset_event_from_classic to 2025-04-16 00:00:00+00:00, run_after=2025-04-17 00:00:00+00:00
[2025-04-17T12:48:45.149+0000] {processor.py:208} INFO - Processing /home/airflow/.local/lib/python3.12/site-packages/airflow/example_dags/example_inlet_event_extra.py took 1.977 seconds
[2025-04-17T12:49:15.294+0000] {processor.py:186} INFO - Started process (PID=10973) to work on /home/airflow/.local/lib/python3.12/site-packages/airflow/example_dags/example_inlet_event_extra.py
[2025-04-17T12:49:15.298+0000] {processor.py:914} INFO - Processing file /home/airflow/.local/lib/python3.12/site-packages/airflow/example_dags/example_inlet_event_extra.py for tasks to queue
[2025-04-17T12:49:15.302+0000] {logging_mixin.py:190} INFO - [2025-04-17T12:49:15.301+0000] {dagbag.py:588} INFO - Filling up the DagBag from /home/airflow/.local/lib/python3.12/site-packages/airflow/example_dags/example_inlet_event_extra.py
[2025-04-17T12:49:16.804+0000] {processor.py:925} INFO - DAG(s) 'read_dataset_event', 'read_dataset_event_from_classic' retrieved from /home/airflow/.local/lib/python3.12/site-packages/airflow/example_dags/example_inlet_event_extra.py
[2025-04-17T12:49:16.883+0000] {logging_mixin.py:190} INFO - [2025-04-17T12:49:16.882+0000] {dag.py:3239} INFO - Sync 2 DAGs
[2025-04-17T12:49:16.964+0000] {logging_mixin.py:190} INFO - [2025-04-17T12:49:16.963+0000] {dag.py:4180} INFO - Setting next_dagrun for read_dataset_event to 2025-04-16 00:00:00+00:00, run_after=2025-04-17 00:00:00+00:00
[2025-04-17T12:49:16.978+0000] {logging_mixin.py:190} INFO - [2025-04-17T12:49:16.977+0000] {dag.py:4180} INFO - Setting next_dagrun for read_dataset_event_from_classic to 2025-04-16 00:00:00+00:00, run_after=2025-04-17 00:00:00+00:00
[2025-04-17T12:49:17.024+0000] {processor.py:208} INFO - Processing /home/airflow/.local/lib/python3.12/site-packages/airflow/example_dags/example_inlet_event_extra.py took 1.747 seconds
[2025-04-17T12:49:47.478+0000] {processor.py:186} INFO - Started process (PID=11290) to work on /home/airflow/.local/lib/python3.12/site-packages/airflow/example_dags/example_inlet_event_extra.py
[2025-04-17T12:49:47.481+0000] {processor.py:914} INFO - Processing file /home/airflow/.local/lib/python3.12/site-packages/airflow/example_dags/example_inlet_event_extra.py for tasks to queue
[2025-04-17T12:49:47.484+0000] {logging_mixin.py:190} INFO - [2025-04-17T12:49:47.483+0000] {dagbag.py:588} INFO - Filling up the DagBag from /home/airflow/.local/lib/python3.12/site-packages/airflow/example_dags/example_inlet_event_extra.py
[2025-04-17T12:49:48.708+0000] {processor.py:925} INFO - DAG(s) 'read_dataset_event_from_classic', 'read_dataset_event' retrieved from /home/airflow/.local/lib/python3.12/site-packages/airflow/example_dags/example_inlet_event_extra.py
[2025-04-17T12:49:48.754+0000] {logging_mixin.py:190} INFO - [2025-04-17T12:49:48.754+0000] {dag.py:3239} INFO - Sync 2 DAGs
[2025-04-17T12:49:48.808+0000] {logging_mixin.py:190} INFO - [2025-04-17T12:49:48.807+0000] {dag.py:4180} INFO - Setting next_dagrun for read_dataset_event to 2025-04-16 00:00:00+00:00, run_after=2025-04-17 00:00:00+00:00
[2025-04-17T12:49:48.822+0000] {logging_mixin.py:190} INFO - [2025-04-17T12:49:48.821+0000] {dag.py:4180} INFO - Setting next_dagrun for read_dataset_event_from_classic to 2025-04-16 00:00:00+00:00, run_after=2025-04-17 00:00:00+00:00
[2025-04-17T12:49:48.867+0000] {processor.py:208} INFO - Processing /home/airflow/.local/lib/python3.12/site-packages/airflow/example_dags/example_inlet_event_extra.py took 1.406 seconds
[2025-04-17T12:50:20.880+0000] {processor.py:186} INFO - Started process (PID=11591) to work on /home/airflow/.local/lib/python3.12/site-packages/airflow/example_dags/example_inlet_event_extra.py
[2025-04-17T12:50:20.882+0000] {processor.py:914} INFO - Processing file /home/airflow/.local/lib/python3.12/site-packages/airflow/example_dags/example_inlet_event_extra.py for tasks to queue
[2025-04-17T12:50:20.886+0000] {logging_mixin.py:190} INFO - [2025-04-17T12:50:20.885+0000] {dagbag.py:588} INFO - Filling up the DagBag from /home/airflow/.local/lib/python3.12/site-packages/airflow/example_dags/example_inlet_event_extra.py
[2025-04-17T12:50:22.103+0000] {processor.py:925} INFO - DAG(s) 'read_dataset_event_from_classic', 'read_dataset_event' retrieved from /home/airflow/.local/lib/python3.12/site-packages/airflow/example_dags/example_inlet_event_extra.py
[2025-04-17T12:50:22.149+0000] {logging_mixin.py:190} INFO - [2025-04-17T12:50:22.148+0000] {dag.py:3239} INFO - Sync 2 DAGs
[2025-04-17T12:50:22.221+0000] {logging_mixin.py:190} INFO - [2025-04-17T12:50:22.221+0000] {dag.py:4180} INFO - Setting next_dagrun for read_dataset_event to 2025-04-16 00:00:00+00:00, run_after=2025-04-17 00:00:00+00:00
[2025-04-17T12:50:22.235+0000] {logging_mixin.py:190} INFO - [2025-04-17T12:50:22.234+0000] {dag.py:4180} INFO - Setting next_dagrun for read_dataset_event_from_classic to 2025-04-16 00:00:00+00:00, run_after=2025-04-17 00:00:00+00:00
[2025-04-17T12:50:22.272+0000] {processor.py:208} INFO - Processing /home/airflow/.local/lib/python3.12/site-packages/airflow/example_dags/example_inlet_event_extra.py took 1.403 seconds
[2025-04-17T12:50:52.870+0000] {processor.py:186} INFO - Started process (PID=11918) to work on /home/airflow/.local/lib/python3.12/site-packages/airflow/example_dags/example_inlet_event_extra.py
[2025-04-17T12:50:52.873+0000] {processor.py:914} INFO - Processing file /home/airflow/.local/lib/python3.12/site-packages/airflow/example_dags/example_inlet_event_extra.py for tasks to queue
[2025-04-17T12:50:52.876+0000] {logging_mixin.py:190} INFO - [2025-04-17T12:50:52.876+0000] {dagbag.py:588} INFO - Filling up the DagBag from /home/airflow/.local/lib/python3.12/site-packages/airflow/example_dags/example_inlet_event_extra.py
[2025-04-17T12:50:54.083+0000] {processor.py:925} INFO - DAG(s) 'read_dataset_event_from_classic', 'read_dataset_event' retrieved from /home/airflow/.local/lib/python3.12/site-packages/airflow/example_dags/example_inlet_event_extra.py
[2025-04-17T12:50:54.126+0000] {logging_mixin.py:190} INFO - [2025-04-17T12:50:54.125+0000] {dag.py:3239} INFO - Sync 2 DAGs
[2025-04-17T12:50:54.182+0000] {logging_mixin.py:190} INFO - [2025-04-17T12:50:54.182+0000] {dag.py:4180} INFO - Setting next_dagrun for read_dataset_event to 2025-04-16 00:00:00+00:00, run_after=2025-04-17 00:00:00+00:00
[2025-04-17T12:50:54.194+0000] {logging_mixin.py:190} INFO - [2025-04-17T12:50:54.193+0000] {dag.py:4180} INFO - Setting next_dagrun for read_dataset_event_from_classic to 2025-04-16 00:00:00+00:00, run_after=2025-04-17 00:00:00+00:00
[2025-04-17T12:50:54.225+0000] {processor.py:208} INFO - Processing /home/airflow/.local/lib/python3.12/site-packages/airflow/example_dags/example_inlet_event_extra.py took 1.369 seconds
[2025-04-17T12:51:26.296+0000] {processor.py:186} INFO - Started process (PID=12247) to work on /home/airflow/.local/lib/python3.12/site-packages/airflow/example_dags/example_inlet_event_extra.py
[2025-04-17T12:51:26.298+0000] {processor.py:914} INFO - Processing file /home/airflow/.local/lib/python3.12/site-packages/airflow/example_dags/example_inlet_event_extra.py for tasks to queue
[2025-04-17T12:51:26.301+0000] {logging_mixin.py:190} INFO - [2025-04-17T12:51:26.300+0000] {dagbag.py:588} INFO - Filling up the DagBag from /home/airflow/.local/lib/python3.12/site-packages/airflow/example_dags/example_inlet_event_extra.py
[2025-04-17T12:51:27.334+0000] {processor.py:925} INFO - DAG(s) 'read_dataset_event_from_classic', 'read_dataset_event' retrieved from /home/airflow/.local/lib/python3.12/site-packages/airflow/example_dags/example_inlet_event_extra.py
[2025-04-17T12:51:27.370+0000] {logging_mixin.py:190} INFO - [2025-04-17T12:51:27.370+0000] {dag.py:3239} INFO - Sync 2 DAGs
[2025-04-17T12:51:27.413+0000] {logging_mixin.py:190} INFO - [2025-04-17T12:51:27.413+0000] {dag.py:4180} INFO - Setting next_dagrun for read_dataset_event to 2025-04-16 00:00:00+00:00, run_after=2025-04-17 00:00:00+00:00
[2025-04-17T12:51:27.425+0000] {logging_mixin.py:190} INFO - [2025-04-17T12:51:27.425+0000] {dag.py:4180} INFO - Setting next_dagrun for read_dataset_event_from_classic to 2025-04-16 00:00:00+00:00, run_after=2025-04-17 00:00:00+00:00
[2025-04-17T12:51:27.458+0000] {processor.py:208} INFO - Processing /home/airflow/.local/lib/python3.12/site-packages/airflow/example_dags/example_inlet_event_extra.py took 1.172 seconds
[2025-04-17T12:51:58.242+0000] {processor.py:186} INFO - Started process (PID=12568) to work on /home/airflow/.local/lib/python3.12/site-packages/airflow/example_dags/example_inlet_event_extra.py
[2025-04-17T12:51:58.244+0000] {processor.py:914} INFO - Processing file /home/airflow/.local/lib/python3.12/site-packages/airflow/example_dags/example_inlet_event_extra.py for tasks to queue
[2025-04-17T12:51:58.247+0000] {logging_mixin.py:190} INFO - [2025-04-17T12:51:58.246+0000] {dagbag.py:588} INFO - Filling up the DagBag from /home/airflow/.local/lib/python3.12/site-packages/airflow/example_dags/example_inlet_event_extra.py
[2025-04-17T12:51:59.418+0000] {processor.py:925} INFO - DAG(s) 'read_dataset_event_from_classic', 'read_dataset_event' retrieved from /home/airflow/.local/lib/python3.12/site-packages/airflow/example_dags/example_inlet_event_extra.py
[2025-04-17T12:51:59.457+0000] {logging_mixin.py:190} INFO - [2025-04-17T12:51:59.457+0000] {dag.py:3239} INFO - Sync 2 DAGs
[2025-04-17T12:51:59.519+0000] {logging_mixin.py:190} INFO - [2025-04-17T12:51:59.519+0000] {dag.py:4180} INFO - Setting next_dagrun for read_dataset_event to 2025-04-16 00:00:00+00:00, run_after=2025-04-17 00:00:00+00:00
[2025-04-17T12:51:59.535+0000] {logging_mixin.py:190} INFO - [2025-04-17T12:51:59.535+0000] {dag.py:4180} INFO - Setting next_dagrun for read_dataset_event_from_classic to 2025-04-16 00:00:00+00:00, run_after=2025-04-17 00:00:00+00:00
[2025-04-17T12:51:59.569+0000] {processor.py:208} INFO - Processing /home/airflow/.local/lib/python3.12/site-packages/airflow/example_dags/example_inlet_event_extra.py took 1.336 seconds
[2025-04-17T12:52:29.921+0000] {processor.py:186} INFO - Started process (PID=12880) to work on /home/airflow/.local/lib/python3.12/site-packages/airflow/example_dags/example_inlet_event_extra.py
[2025-04-17T12:52:29.924+0000] {processor.py:914} INFO - Processing file /home/airflow/.local/lib/python3.12/site-packages/airflow/example_dags/example_inlet_event_extra.py for tasks to queue
[2025-04-17T12:52:29.928+0000] {logging_mixin.py:190} INFO - [2025-04-17T12:52:29.927+0000] {dagbag.py:588} INFO - Filling up the DagBag from /home/airflow/.local/lib/python3.12/site-packages/airflow/example_dags/example_inlet_event_extra.py
[2025-04-17T12:52:31.147+0000] {processor.py:925} INFO - DAG(s) 'read_dataset_event', 'read_dataset_event_from_classic' retrieved from /home/airflow/.local/lib/python3.12/site-packages/airflow/example_dags/example_inlet_event_extra.py
[2025-04-17T12:52:31.195+0000] {logging_mixin.py:190} INFO - [2025-04-17T12:52:31.194+0000] {dag.py:3239} INFO - Sync 2 DAGs
[2025-04-17T12:52:31.249+0000] {logging_mixin.py:190} INFO - [2025-04-17T12:52:31.248+0000] {dag.py:4180} INFO - Setting next_dagrun for read_dataset_event to 2025-04-16 00:00:00+00:00, run_after=2025-04-17 00:00:00+00:00
[2025-04-17T12:52:31.261+0000] {logging_mixin.py:190} INFO - [2025-04-17T12:52:31.261+0000] {dag.py:4180} INFO - Setting next_dagrun for read_dataset_event_from_classic to 2025-04-16 00:00:00+00:00, run_after=2025-04-17 00:00:00+00:00
[2025-04-17T12:52:31.292+0000] {processor.py:208} INFO - Processing /home/airflow/.local/lib/python3.12/site-packages/airflow/example_dags/example_inlet_event_extra.py took 1.382 seconds
[2025-04-17T12:53:01.666+0000] {processor.py:186} INFO - Started process (PID=13189) to work on /home/airflow/.local/lib/python3.12/site-packages/airflow/example_dags/example_inlet_event_extra.py
[2025-04-17T12:53:01.669+0000] {processor.py:914} INFO - Processing file /home/airflow/.local/lib/python3.12/site-packages/airflow/example_dags/example_inlet_event_extra.py for tasks to queue
[2025-04-17T12:53:01.672+0000] {logging_mixin.py:190} INFO - [2025-04-17T12:53:01.671+0000] {dagbag.py:588} INFO - Filling up the DagBag from /home/airflow/.local/lib/python3.12/site-packages/airflow/example_dags/example_inlet_event_extra.py
[2025-04-17T12:53:02.771+0000] {processor.py:925} INFO - DAG(s) 'read_dataset_event_from_classic', 'read_dataset_event' retrieved from /home/airflow/.local/lib/python3.12/site-packages/airflow/example_dags/example_inlet_event_extra.py
[2025-04-17T12:53:02.821+0000] {logging_mixin.py:190} INFO - [2025-04-17T12:53:02.820+0000] {dag.py:3239} INFO - Sync 2 DAGs
[2025-04-17T12:53:02.874+0000] {logging_mixin.py:190} INFO - [2025-04-17T12:53:02.873+0000] {dag.py:4180} INFO - Setting next_dagrun for read_dataset_event to 2025-04-16 00:00:00+00:00, run_after=2025-04-17 00:00:00+00:00
[2025-04-17T12:53:02.885+0000] {logging_mixin.py:190} INFO - [2025-04-17T12:53:02.885+0000] {dag.py:4180} INFO - Setting next_dagrun for read_dataset_event_from_classic to 2025-04-16 00:00:00+00:00, run_after=2025-04-17 00:00:00+00:00
[2025-04-17T12:53:02.919+0000] {processor.py:208} INFO - Processing /home/airflow/.local/lib/python3.12/site-packages/airflow/example_dags/example_inlet_event_extra.py took 1.268 seconds
[2025-04-17T12:53:33.504+0000] {processor.py:186} INFO - Started process (PID=13496) to work on /home/airflow/.local/lib/python3.12/site-packages/airflow/example_dags/example_inlet_event_extra.py
[2025-04-17T12:53:33.506+0000] {processor.py:914} INFO - Processing file /home/airflow/.local/lib/python3.12/site-packages/airflow/example_dags/example_inlet_event_extra.py for tasks to queue
[2025-04-17T12:53:33.509+0000] {logging_mixin.py:190} INFO - [2025-04-17T12:53:33.508+0000] {dagbag.py:588} INFO - Filling up the DagBag from /home/airflow/.local/lib/python3.12/site-packages/airflow/example_dags/example_inlet_event_extra.py
[2025-04-17T12:53:34.871+0000] {processor.py:925} INFO - DAG(s) 'read_dataset_event', 'read_dataset_event_from_classic' retrieved from /home/airflow/.local/lib/python3.12/site-packages/airflow/example_dags/example_inlet_event_extra.py
[2025-04-17T12:53:34.919+0000] {logging_mixin.py:190} INFO - [2025-04-17T12:53:34.918+0000] {dag.py:3239} INFO - Sync 2 DAGs
[2025-04-17T12:53:34.972+0000] {logging_mixin.py:190} INFO - [2025-04-17T12:53:34.972+0000] {dag.py:4180} INFO - Setting next_dagrun for read_dataset_event to 2025-04-16 00:00:00+00:00, run_after=2025-04-17 00:00:00+00:00
[2025-04-17T12:53:34.983+0000] {logging_mixin.py:190} INFO - [2025-04-17T12:53:34.983+0000] {dag.py:4180} INFO - Setting next_dagrun for read_dataset_event_from_classic to 2025-04-16 00:00:00+00:00, run_after=2025-04-17 00:00:00+00:00
[2025-04-17T12:53:35.014+0000] {processor.py:208} INFO - Processing /home/airflow/.local/lib/python3.12/site-packages/airflow/example_dags/example_inlet_event_extra.py took 1.525 seconds
[2025-04-17T12:54:05.627+0000] {processor.py:186} INFO - Started process (PID=13801) to work on /home/airflow/.local/lib/python3.12/site-packages/airflow/example_dags/example_inlet_event_extra.py
[2025-04-17T12:54:05.631+0000] {processor.py:914} INFO - Processing file /home/airflow/.local/lib/python3.12/site-packages/airflow/example_dags/example_inlet_event_extra.py for tasks to queue
[2025-04-17T12:54:05.635+0000] {logging_mixin.py:190} INFO - [2025-04-17T12:54:05.634+0000] {dagbag.py:588} INFO - Filling up the DagBag from /home/airflow/.local/lib/python3.12/site-packages/airflow/example_dags/example_inlet_event_extra.py
[2025-04-17T12:54:07.629+0000] {processor.py:925} INFO - DAG(s) 'read_dataset_event_from_classic', 'read_dataset_event' retrieved from /home/airflow/.local/lib/python3.12/site-packages/airflow/example_dags/example_inlet_event_extra.py
[2025-04-17T12:54:07.759+0000] {logging_mixin.py:190} INFO - [2025-04-17T12:54:07.759+0000] {dag.py:3239} INFO - Sync 2 DAGs
[2025-04-17T12:54:08.187+0000] {logging_mixin.py:190} INFO - [2025-04-17T12:54:08.186+0000] {dag.py:4180} INFO - Setting next_dagrun for read_dataset_event to 2025-04-16 00:00:00+00:00, run_after=2025-04-17 00:00:00+00:00
[2025-04-17T12:54:08.337+0000] {logging_mixin.py:190} INFO - [2025-04-17T12:54:08.336+0000] {dag.py:4180} INFO - Setting next_dagrun for read_dataset_event_from_classic to 2025-04-16 00:00:00+00:00, run_after=2025-04-17 00:00:00+00:00
[2025-04-17T12:54:08.654+0000] {processor.py:208} INFO - Processing /home/airflow/.local/lib/python3.12/site-packages/airflow/example_dags/example_inlet_event_extra.py took 3.040 seconds
[2025-04-17T12:54:39.811+0000] {processor.py:186} INFO - Started process (PID=14125) to work on /home/airflow/.local/lib/python3.12/site-packages/airflow/example_dags/example_inlet_event_extra.py
[2025-04-17T12:54:39.814+0000] {processor.py:914} INFO - Processing file /home/airflow/.local/lib/python3.12/site-packages/airflow/example_dags/example_inlet_event_extra.py for tasks to queue
[2025-04-17T12:54:39.816+0000] {logging_mixin.py:190} INFO - [2025-04-17T12:54:39.815+0000] {dagbag.py:588} INFO - Filling up the DagBag from /home/airflow/.local/lib/python3.12/site-packages/airflow/example_dags/example_inlet_event_extra.py
[2025-04-17T12:54:40.765+0000] {processor.py:925} INFO - DAG(s) 'read_dataset_event_from_classic', 'read_dataset_event' retrieved from /home/airflow/.local/lib/python3.12/site-packages/airflow/example_dags/example_inlet_event_extra.py
[2025-04-17T12:54:40.800+0000] {logging_mixin.py:190} INFO - [2025-04-17T12:54:40.800+0000] {dag.py:3239} INFO - Sync 2 DAGs
[2025-04-17T12:54:40.844+0000] {logging_mixin.py:190} INFO - [2025-04-17T12:54:40.843+0000] {dag.py:4180} INFO - Setting next_dagrun for read_dataset_event to 2025-04-16 00:00:00+00:00, run_after=2025-04-17 00:00:00+00:00
[2025-04-17T12:54:40.854+0000] {logging_mixin.py:190} INFO - [2025-04-17T12:54:40.853+0000] {dag.py:4180} INFO - Setting next_dagrun for read_dataset_event_from_classic to 2025-04-16 00:00:00+00:00, run_after=2025-04-17 00:00:00+00:00
[2025-04-17T12:54:40.879+0000] {processor.py:208} INFO - Processing /home/airflow/.local/lib/python3.12/site-packages/airflow/example_dags/example_inlet_event_extra.py took 1.078 seconds
