[2025-04-17T01:08:21.159+0000] {processor.py:186} INFO - Started process (PID=39443) to work on /home/airflow/.local/lib/python3.12/site-packages/airflow/example_dags/example_branch_python_dop_operator_3.py
[2025-04-17T01:08:21.163+0000] {processor.py:914} INFO - Processing file /home/airflow/.local/lib/python3.12/site-packages/airflow/example_dags/example_branch_python_dop_operator_3.py for tasks to queue
[2025-04-17T01:08:21.166+0000] {logging_mixin.py:190} INFO - [2025-04-17T01:08:21.166+0000] {dagbag.py:588} INFO - Filling up the DagBag from /home/airflow/.local/lib/python3.12/site-packages/airflow/example_dags/example_branch_python_dop_operator_3.py
[2025-04-17T01:08:21.237+0000] {processor.py:925} INFO - DAG(s) 'example_branch_dop_operator_v3' retrieved from /home/airflow/.local/lib/python3.12/site-packages/airflow/example_dags/example_branch_python_dop_operator_3.py
[2025-04-17T01:08:21.352+0000] {logging_mixin.py:190} INFO - [2025-04-17T01:08:21.350+0000] {dag.py:3239} INFO - Sync 1 DAGs
[2025-04-17T01:08:21.491+0000] {logging_mixin.py:190} INFO - [2025-04-17T01:08:21.482+0000] {dag.py:4180} INFO - Setting next_dagrun for example_branch_dop_operator_v3 to 2025-04-17 01:07:00+00:00, run_after=2025-04-17 01:08:00+00:00
[2025-04-17T01:08:21.565+0000] {processor.py:208} INFO - Processing /home/airflow/.local/lib/python3.12/site-packages/airflow/example_dags/example_branch_python_dop_operator_3.py took 0.449 seconds
[2025-04-17T12:10:23.833+0000] {processor.py:186} INFO - Started process (PID=595) to work on /home/airflow/.local/lib/python3.12/site-packages/airflow/example_dags/example_branch_python_dop_operator_3.py
[2025-04-17T12:10:23.836+0000] {processor.py:914} INFO - Processing file /home/airflow/.local/lib/python3.12/site-packages/airflow/example_dags/example_branch_python_dop_operator_3.py for tasks to queue
[2025-04-17T12:10:23.843+0000] {logging_mixin.py:190} INFO - [2025-04-17T12:10:23.842+0000] {dagbag.py:588} INFO - Filling up the DagBag from /home/airflow/.local/lib/python3.12/site-packages/airflow/example_dags/example_branch_python_dop_operator_3.py
[2025-04-17T12:10:23.901+0000] {processor.py:925} INFO - DAG(s) 'example_branch_dop_operator_v3' retrieved from /home/airflow/.local/lib/python3.12/site-packages/airflow/example_dags/example_branch_python_dop_operator_3.py
[2025-04-17T12:10:23.997+0000] {logging_mixin.py:190} INFO - [2025-04-17T12:10:23.997+0000] {dag.py:3239} INFO - Sync 1 DAGs
[2025-04-17T12:10:24.084+0000] {logging_mixin.py:190} INFO - [2025-04-17T12:10:24.083+0000] {dag.py:4180} INFO - Setting next_dagrun for example_branch_dop_operator_v3 to 2025-04-17 12:09:00+00:00, run_after=2025-04-17 12:10:00+00:00
[2025-04-17T12:10:24.374+0000] {processor.py:208} INFO - Processing /home/airflow/.local/lib/python3.12/site-packages/airflow/example_dags/example_branch_python_dop_operator_3.py took 0.557 seconds
[2025-04-17T12:18:13.349+0000] {processor.py:186} INFO - Started process (PID=1480) to work on /home/airflow/.local/lib/python3.12/site-packages/airflow/example_dags/example_branch_python_dop_operator_3.py
[2025-04-17T12:18:13.353+0000] {processor.py:914} INFO - Processing file /home/airflow/.local/lib/python3.12/site-packages/airflow/example_dags/example_branch_python_dop_operator_3.py for tasks to queue
[2025-04-17T12:18:13.357+0000] {logging_mixin.py:190} INFO - [2025-04-17T12:18:13.356+0000] {dagbag.py:588} INFO - Filling up the DagBag from /home/airflow/.local/lib/python3.12/site-packages/airflow/example_dags/example_branch_python_dop_operator_3.py
[2025-04-17T12:18:13.487+0000] {processor.py:925} INFO - DAG(s) 'example_branch_dop_operator_v3' retrieved from /home/airflow/.local/lib/python3.12/site-packages/airflow/example_dags/example_branch_python_dop_operator_3.py
[2025-04-17T12:18:13.791+0000] {logging_mixin.py:190} INFO - [2025-04-17T12:18:13.790+0000] {dag.py:3239} INFO - Sync 1 DAGs
[2025-04-17T12:18:14.116+0000] {logging_mixin.py:190} INFO - [2025-04-17T12:18:14.115+0000] {dag.py:4180} INFO - Setting next_dagrun for example_branch_dop_operator_v3 to 2025-04-17 12:17:00+00:00, run_after=2025-04-17 12:18:00+00:00
[2025-04-17T12:18:14.205+0000] {processor.py:208} INFO - Processing /home/airflow/.local/lib/python3.12/site-packages/airflow/example_dags/example_branch_python_dop_operator_3.py took 0.878 seconds
[2025-04-17T12:20:35.566+0000] {processor.py:186} INFO - Started process (PID=2341) to work on /home/airflow/.local/lib/python3.12/site-packages/airflow/example_dags/example_branch_python_dop_operator_3.py
[2025-04-17T12:20:35.759+0000] {processor.py:914} INFO - Processing file /home/airflow/.local/lib/python3.12/site-packages/airflow/example_dags/example_branch_python_dop_operator_3.py for tasks to queue
[2025-04-17T12:20:35.931+0000] {logging_mixin.py:190} INFO - [2025-04-17T12:20:35.886+0000] {dagbag.py:588} INFO - Filling up the DagBag from /home/airflow/.local/lib/python3.12/site-packages/airflow/example_dags/example_branch_python_dop_operator_3.py
[2025-04-17T12:20:37.163+0000] {processor.py:925} INFO - DAG(s) 'example_branch_dop_operator_v3' retrieved from /home/airflow/.local/lib/python3.12/site-packages/airflow/example_dags/example_branch_python_dop_operator_3.py
[2025-04-17T12:20:38.214+0000] {logging_mixin.py:190} INFO - [2025-04-17T12:20:38.213+0000] {dag.py:3239} INFO - Sync 1 DAGs
[2025-04-17T12:20:39.893+0000] {logging_mixin.py:190} INFO - [2025-04-17T12:20:39.830+0000] {dag.py:4180} INFO - Setting next_dagrun for example_branch_dop_operator_v3 to 2025-04-17 12:19:00+00:00, run_after=2025-04-17 12:20:00+00:00
[2025-04-17T12:20:40.194+0000] {processor.py:208} INFO - Processing /home/airflow/.local/lib/python3.12/site-packages/airflow/example_dags/example_branch_python_dop_operator_3.py took 5.318 seconds
[2025-04-17T12:24:50.858+0000] {processor.py:186} INFO - Started process (PID=2770) to work on /home/airflow/.local/lib/python3.12/site-packages/airflow/example_dags/example_branch_python_dop_operator_3.py
[2025-04-17T12:24:50.861+0000] {processor.py:914} INFO - Processing file /home/airflow/.local/lib/python3.12/site-packages/airflow/example_dags/example_branch_python_dop_operator_3.py for tasks to queue
[2025-04-17T12:24:50.865+0000] {logging_mixin.py:190} INFO - [2025-04-17T12:24:50.864+0000] {dagbag.py:588} INFO - Filling up the DagBag from /home/airflow/.local/lib/python3.12/site-packages/airflow/example_dags/example_branch_python_dop_operator_3.py
[2025-04-17T12:24:50.896+0000] {processor.py:925} INFO - DAG(s) 'example_branch_dop_operator_v3' retrieved from /home/airflow/.local/lib/python3.12/site-packages/airflow/example_dags/example_branch_python_dop_operator_3.py
[2025-04-17T12:24:50.969+0000] {logging_mixin.py:190} INFO - [2025-04-17T12:24:50.968+0000] {dag.py:3239} INFO - Sync 1 DAGs
[2025-04-17T12:24:51.055+0000] {logging_mixin.py:190} INFO - [2025-04-17T12:24:51.054+0000] {dag.py:4180} INFO - Setting next_dagrun for example_branch_dop_operator_v3 to 2025-04-17 12:23:00+00:00, run_after=2025-04-17 12:24:00+00:00
[2025-04-17T12:24:51.104+0000] {processor.py:208} INFO - Processing /home/airflow/.local/lib/python3.12/site-packages/airflow/example_dags/example_branch_python_dop_operator_3.py took 0.265 seconds
[2025-04-17T12:33:03.638+0000] {processor.py:186} INFO - Started process (PID=3694) to work on /home/airflow/.local/lib/python3.12/site-packages/airflow/example_dags/example_branch_python_dop_operator_3.py
[2025-04-17T12:33:03.683+0000] {processor.py:914} INFO - Processing file /home/airflow/.local/lib/python3.12/site-packages/airflow/example_dags/example_branch_python_dop_operator_3.py for tasks to queue
[2025-04-17T12:33:03.705+0000] {logging_mixin.py:190} INFO - [2025-04-17T12:33:03.702+0000] {dagbag.py:588} INFO - Filling up the DagBag from /home/airflow/.local/lib/python3.12/site-packages/airflow/example_dags/example_branch_python_dop_operator_3.py
[2025-04-17T12:33:03.887+0000] {processor.py:925} INFO - DAG(s) 'example_branch_dop_operator_v3' retrieved from /home/airflow/.local/lib/python3.12/site-packages/airflow/example_dags/example_branch_python_dop_operator_3.py
[2025-04-17T12:33:04.580+0000] {logging_mixin.py:190} INFO - [2025-04-17T12:33:04.577+0000] {dag.py:3239} INFO - Sync 1 DAGs
[2025-04-17T12:33:05.511+0000] {logging_mixin.py:190} INFO - [2025-04-17T12:33:05.500+0000] {dag.py:4180} INFO - Setting next_dagrun for example_branch_dop_operator_v3 to 2025-04-17 12:32:00+00:00, run_after=2025-04-17 12:33:00+00:00
[2025-04-17T12:33:06.126+0000] {processor.py:208} INFO - Processing /home/airflow/.local/lib/python3.12/site-packages/airflow/example_dags/example_branch_python_dop_operator_3.py took 2.824 seconds
[2025-04-17T12:35:48.280+0000] {processor.py:186} INFO - Started process (PID=4121) to work on /home/airflow/.local/lib/python3.12/site-packages/airflow/example_dags/example_branch_python_dop_operator_3.py
[2025-04-17T12:35:48.283+0000] {processor.py:914} INFO - Processing file /home/airflow/.local/lib/python3.12/site-packages/airflow/example_dags/example_branch_python_dop_operator_3.py for tasks to queue
[2025-04-17T12:35:48.288+0000] {logging_mixin.py:190} INFO - [2025-04-17T12:35:48.286+0000] {dagbag.py:588} INFO - Filling up the DagBag from /home/airflow/.local/lib/python3.12/site-packages/airflow/example_dags/example_branch_python_dop_operator_3.py
[2025-04-17T12:35:48.366+0000] {processor.py:925} INFO - DAG(s) 'example_branch_dop_operator_v3' retrieved from /home/airflow/.local/lib/python3.12/site-packages/airflow/example_dags/example_branch_python_dop_operator_3.py
[2025-04-17T12:35:48.506+0000] {logging_mixin.py:190} INFO - [2025-04-17T12:35:48.504+0000] {dag.py:3239} INFO - Sync 1 DAGs
[2025-04-17T12:35:48.661+0000] {logging_mixin.py:190} INFO - [2025-04-17T12:35:48.660+0000] {dag.py:4180} INFO - Setting next_dagrun for example_branch_dop_operator_v3 to 2025-04-17 12:34:00+00:00, run_after=2025-04-17 12:35:00+00:00
[2025-04-17T12:35:48.773+0000] {processor.py:208} INFO - Processing /home/airflow/.local/lib/python3.12/site-packages/airflow/example_dags/example_branch_python_dop_operator_3.py took 0.509 seconds
[2025-04-17T12:36:27.875+0000] {processor.py:186} INFO - Started process (PID=4466) to work on /home/airflow/.local/lib/python3.12/site-packages/airflow/example_dags/example_branch_python_dop_operator_3.py
[2025-04-17T12:36:27.877+0000] {processor.py:914} INFO - Processing file /home/airflow/.local/lib/python3.12/site-packages/airflow/example_dags/example_branch_python_dop_operator_3.py for tasks to queue
[2025-04-17T12:36:27.880+0000] {logging_mixin.py:190} INFO - [2025-04-17T12:36:27.879+0000] {dagbag.py:588} INFO - Filling up the DagBag from /home/airflow/.local/lib/python3.12/site-packages/airflow/example_dags/example_branch_python_dop_operator_3.py
[2025-04-17T12:36:27.902+0000] {processor.py:925} INFO - DAG(s) 'example_branch_dop_operator_v3' retrieved from /home/airflow/.local/lib/python3.12/site-packages/airflow/example_dags/example_branch_python_dop_operator_3.py
[2025-04-17T12:36:27.939+0000] {logging_mixin.py:190} INFO - [2025-04-17T12:36:27.938+0000] {dag.py:3239} INFO - Sync 1 DAGs
[2025-04-17T12:36:27.989+0000] {logging_mixin.py:190} INFO - [2025-04-17T12:36:27.989+0000] {dag.py:4180} INFO - Setting next_dagrun for example_branch_dop_operator_v3 to 2025-04-17 12:35:00+00:00, run_after=2025-04-17 12:36:00+00:00
[2025-04-17T12:36:28.024+0000] {processor.py:208} INFO - Processing /home/airflow/.local/lib/python3.12/site-packages/airflow/example_dags/example_branch_python_dop_operator_3.py took 0.160 seconds
[2025-04-17T12:37:25.601+0000] {processor.py:186} INFO - Started process (PID=4820) to work on /home/airflow/.local/lib/python3.12/site-packages/airflow/example_dags/example_branch_python_dop_operator_3.py
[2025-04-17T12:37:25.605+0000] {processor.py:914} INFO - Processing file /home/airflow/.local/lib/python3.12/site-packages/airflow/example_dags/example_branch_python_dop_operator_3.py for tasks to queue
[2025-04-17T12:37:25.612+0000] {logging_mixin.py:190} INFO - [2025-04-17T12:37:25.611+0000] {dagbag.py:588} INFO - Filling up the DagBag from /home/airflow/.local/lib/python3.12/site-packages/airflow/example_dags/example_branch_python_dop_operator_3.py
[2025-04-17T12:37:25.655+0000] {processor.py:925} INFO - DAG(s) 'example_branch_dop_operator_v3' retrieved from /home/airflow/.local/lib/python3.12/site-packages/airflow/example_dags/example_branch_python_dop_operator_3.py
[2025-04-17T12:37:25.716+0000] {logging_mixin.py:190} INFO - [2025-04-17T12:37:25.716+0000] {dag.py:3239} INFO - Sync 1 DAGs
[2025-04-17T12:37:25.790+0000] {logging_mixin.py:190} INFO - [2025-04-17T12:37:25.789+0000] {dag.py:4180} INFO - Setting next_dagrun for example_branch_dop_operator_v3 to 2025-04-17 12:36:00+00:00, run_after=2025-04-17 12:37:00+00:00
[2025-04-17T12:37:25.850+0000] {processor.py:208} INFO - Processing /home/airflow/.local/lib/python3.12/site-packages/airflow/example_dags/example_branch_python_dop_operator_3.py took 0.267 seconds
[2025-04-17T12:37:55.982+0000] {processor.py:186} INFO - Started process (PID=5129) to work on /home/airflow/.local/lib/python3.12/site-packages/airflow/example_dags/example_branch_python_dop_operator_3.py
[2025-04-17T12:37:55.984+0000] {processor.py:914} INFO - Processing file /home/airflow/.local/lib/python3.12/site-packages/airflow/example_dags/example_branch_python_dop_operator_3.py for tasks to queue
[2025-04-17T12:37:55.987+0000] {logging_mixin.py:190} INFO - [2025-04-17T12:37:55.986+0000] {dagbag.py:588} INFO - Filling up the DagBag from /home/airflow/.local/lib/python3.12/site-packages/airflow/example_dags/example_branch_python_dop_operator_3.py
[2025-04-17T12:37:56.007+0000] {processor.py:925} INFO - DAG(s) 'example_branch_dop_operator_v3' retrieved from /home/airflow/.local/lib/python3.12/site-packages/airflow/example_dags/example_branch_python_dop_operator_3.py
[2025-04-17T12:37:56.042+0000] {logging_mixin.py:190} INFO - [2025-04-17T12:37:56.042+0000] {dag.py:3239} INFO - Sync 1 DAGs
[2025-04-17T12:37:56.095+0000] {logging_mixin.py:190} INFO - [2025-04-17T12:37:56.094+0000] {dag.py:4180} INFO - Setting next_dagrun for example_branch_dop_operator_v3 to 2025-04-17 12:36:00+00:00, run_after=2025-04-17 12:37:00+00:00
[2025-04-17T12:37:56.126+0000] {processor.py:208} INFO - Processing /home/airflow/.local/lib/python3.12/site-packages/airflow/example_dags/example_branch_python_dop_operator_3.py took 0.156 seconds
[2025-04-17T12:38:26.245+0000] {processor.py:186} INFO - Started process (PID=5436) to work on /home/airflow/.local/lib/python3.12/site-packages/airflow/example_dags/example_branch_python_dop_operator_3.py
[2025-04-17T12:38:26.247+0000] {processor.py:914} INFO - Processing file /home/airflow/.local/lib/python3.12/site-packages/airflow/example_dags/example_branch_python_dop_operator_3.py for tasks to queue
[2025-04-17T12:38:26.250+0000] {logging_mixin.py:190} INFO - [2025-04-17T12:38:26.249+0000] {dagbag.py:588} INFO - Filling up the DagBag from /home/airflow/.local/lib/python3.12/site-packages/airflow/example_dags/example_branch_python_dop_operator_3.py
[2025-04-17T12:38:26.277+0000] {processor.py:925} INFO - DAG(s) 'example_branch_dop_operator_v3' retrieved from /home/airflow/.local/lib/python3.12/site-packages/airflow/example_dags/example_branch_python_dop_operator_3.py
[2025-04-17T12:38:26.319+0000] {logging_mixin.py:190} INFO - [2025-04-17T12:38:26.318+0000] {dag.py:3239} INFO - Sync 1 DAGs
[2025-04-17T12:38:26.373+0000] {logging_mixin.py:190} INFO - [2025-04-17T12:38:26.372+0000] {dag.py:4180} INFO - Setting next_dagrun for example_branch_dop_operator_v3 to 2025-04-17 12:37:00+00:00, run_after=2025-04-17 12:38:00+00:00
[2025-04-17T12:38:26.405+0000] {processor.py:208} INFO - Processing /home/airflow/.local/lib/python3.12/site-packages/airflow/example_dags/example_branch_python_dop_operator_3.py took 0.170 seconds
[2025-04-17T12:38:57.871+0000] {processor.py:186} INFO - Started process (PID=5741) to work on /home/airflow/.local/lib/python3.12/site-packages/airflow/example_dags/example_branch_python_dop_operator_3.py
[2025-04-17T12:38:57.886+0000] {processor.py:914} INFO - Processing file /home/airflow/.local/lib/python3.12/site-packages/airflow/example_dags/example_branch_python_dop_operator_3.py for tasks to queue
[2025-04-17T12:38:57.889+0000] {logging_mixin.py:190} INFO - [2025-04-17T12:38:57.888+0000] {dagbag.py:588} INFO - Filling up the DagBag from /home/airflow/.local/lib/python3.12/site-packages/airflow/example_dags/example_branch_python_dop_operator_3.py
[2025-04-17T12:38:57.912+0000] {processor.py:925} INFO - DAG(s) 'example_branch_dop_operator_v3' retrieved from /home/airflow/.local/lib/python3.12/site-packages/airflow/example_dags/example_branch_python_dop_operator_3.py
[2025-04-17T12:38:57.954+0000] {logging_mixin.py:190} INFO - [2025-04-17T12:38:57.953+0000] {dag.py:3239} INFO - Sync 1 DAGs
[2025-04-17T12:38:58.008+0000] {logging_mixin.py:190} INFO - [2025-04-17T12:38:58.008+0000] {dag.py:4180} INFO - Setting next_dagrun for example_branch_dop_operator_v3 to 2025-04-17 12:37:00+00:00, run_after=2025-04-17 12:38:00+00:00
[2025-04-17T12:38:58.073+0000] {processor.py:208} INFO - Processing /home/airflow/.local/lib/python3.12/site-packages/airflow/example_dags/example_branch_python_dop_operator_3.py took 0.215 seconds
[2025-04-17T12:39:29.169+0000] {processor.py:186} INFO - Started process (PID=6048) to work on /home/airflow/.local/lib/python3.12/site-packages/airflow/example_dags/example_branch_python_dop_operator_3.py
[2025-04-17T12:39:29.173+0000] {processor.py:914} INFO - Processing file /home/airflow/.local/lib/python3.12/site-packages/airflow/example_dags/example_branch_python_dop_operator_3.py for tasks to queue
[2025-04-17T12:39:29.176+0000] {logging_mixin.py:190} INFO - [2025-04-17T12:39:29.175+0000] {dagbag.py:588} INFO - Filling up the DagBag from /home/airflow/.local/lib/python3.12/site-packages/airflow/example_dags/example_branch_python_dop_operator_3.py
[2025-04-17T12:39:29.223+0000] {processor.py:925} INFO - DAG(s) 'example_branch_dop_operator_v3' retrieved from /home/airflow/.local/lib/python3.12/site-packages/airflow/example_dags/example_branch_python_dop_operator_3.py
[2025-04-17T12:39:29.294+0000] {logging_mixin.py:190} INFO - [2025-04-17T12:39:29.293+0000] {dag.py:3239} INFO - Sync 1 DAGs
[2025-04-17T12:39:29.398+0000] {logging_mixin.py:190} INFO - [2025-04-17T12:39:29.398+0000] {dag.py:4180} INFO - Setting next_dagrun for example_branch_dop_operator_v3 to 2025-04-17 12:38:00+00:00, run_after=2025-04-17 12:39:00+00:00
[2025-04-17T12:39:29.476+0000] {processor.py:208} INFO - Processing /home/airflow/.local/lib/python3.12/site-packages/airflow/example_dags/example_branch_python_dop_operator_3.py took 0.322 seconds
[2025-04-17T12:40:03.106+0000] {processor.py:186} INFO - Started process (PID=6381) to work on /home/airflow/.local/lib/python3.12/site-packages/airflow/example_dags/example_branch_python_dop_operator_3.py
[2025-04-17T12:40:03.108+0000] {processor.py:914} INFO - Processing file /home/airflow/.local/lib/python3.12/site-packages/airflow/example_dags/example_branch_python_dop_operator_3.py for tasks to queue
[2025-04-17T12:40:03.111+0000] {logging_mixin.py:190} INFO - [2025-04-17T12:40:03.110+0000] {dagbag.py:588} INFO - Filling up the DagBag from /home/airflow/.local/lib/python3.12/site-packages/airflow/example_dags/example_branch_python_dop_operator_3.py
[2025-04-17T12:40:03.143+0000] {processor.py:925} INFO - DAG(s) 'example_branch_dop_operator_v3' retrieved from /home/airflow/.local/lib/python3.12/site-packages/airflow/example_dags/example_branch_python_dop_operator_3.py
[2025-04-17T12:40:03.198+0000] {logging_mixin.py:190} INFO - [2025-04-17T12:40:03.197+0000] {dag.py:3239} INFO - Sync 1 DAGs
[2025-04-17T12:40:03.355+0000] {logging_mixin.py:190} INFO - [2025-04-17T12:40:03.353+0000] {dag.py:4180} INFO - Setting next_dagrun for example_branch_dop_operator_v3 to 2025-04-17 12:39:00+00:00, run_after=2025-04-17 12:40:00+00:00
[2025-04-17T12:40:03.451+0000] {processor.py:208} INFO - Processing /home/airflow/.local/lib/python3.12/site-packages/airflow/example_dags/example_branch_python_dop_operator_3.py took 0.362 seconds
[2025-04-17T12:42:42.007+0000] {processor.py:186} INFO - Started process (PID=6905) to work on /home/airflow/.local/lib/python3.12/site-packages/airflow/example_dags/example_branch_python_dop_operator_3.py
[2025-04-17T12:42:42.012+0000] {processor.py:914} INFO - Processing file /home/airflow/.local/lib/python3.12/site-packages/airflow/example_dags/example_branch_python_dop_operator_3.py for tasks to queue
[2025-04-17T12:42:42.018+0000] {logging_mixin.py:190} INFO - [2025-04-17T12:42:42.016+0000] {dagbag.py:588} INFO - Filling up the DagBag from /home/airflow/.local/lib/python3.12/site-packages/airflow/example_dags/example_branch_python_dop_operator_3.py
[2025-04-17T12:42:42.055+0000] {processor.py:925} INFO - DAG(s) 'example_branch_dop_operator_v3' retrieved from /home/airflow/.local/lib/python3.12/site-packages/airflow/example_dags/example_branch_python_dop_operator_3.py
[2025-04-17T12:42:42.120+0000] {logging_mixin.py:190} INFO - [2025-04-17T12:42:42.120+0000] {dag.py:3239} INFO - Sync 1 DAGs
[2025-04-17T12:42:42.191+0000] {logging_mixin.py:190} INFO - [2025-04-17T12:42:42.191+0000] {dag.py:4180} INFO - Setting next_dagrun for example_branch_dop_operator_v3 to 2025-04-17 12:41:00+00:00, run_after=2025-04-17 12:42:00+00:00
[2025-04-17T12:42:42.245+0000] {processor.py:208} INFO - Processing /home/airflow/.local/lib/python3.12/site-packages/airflow/example_dags/example_branch_python_dop_operator_3.py took 0.259 seconds
[2025-04-17T12:43:14.039+0000] {processor.py:186} INFO - Started process (PID=7276) to work on /home/airflow/.local/lib/python3.12/site-packages/airflow/example_dags/example_branch_python_dop_operator_3.py
[2025-04-17T12:43:14.043+0000] {processor.py:914} INFO - Processing file /home/airflow/.local/lib/python3.12/site-packages/airflow/example_dags/example_branch_python_dop_operator_3.py for tasks to queue
[2025-04-17T12:43:14.046+0000] {logging_mixin.py:190} INFO - [2025-04-17T12:43:14.045+0000] {dagbag.py:588} INFO - Filling up the DagBag from /home/airflow/.local/lib/python3.12/site-packages/airflow/example_dags/example_branch_python_dop_operator_3.py
[2025-04-17T12:43:14.069+0000] {processor.py:925} INFO - DAG(s) 'example_branch_dop_operator_v3' retrieved from /home/airflow/.local/lib/python3.12/site-packages/airflow/example_dags/example_branch_python_dop_operator_3.py
[2025-04-17T12:43:14.109+0000] {logging_mixin.py:190} INFO - [2025-04-17T12:43:14.108+0000] {dag.py:3239} INFO - Sync 1 DAGs
[2025-04-17T12:43:14.200+0000] {logging_mixin.py:190} INFO - [2025-04-17T12:43:14.196+0000] {dag.py:4180} INFO - Setting next_dagrun for example_branch_dop_operator_v3 to 2025-04-17 12:42:00+00:00, run_after=2025-04-17 12:43:00+00:00
[2025-04-17T12:43:14.261+0000] {processor.py:208} INFO - Processing /home/airflow/.local/lib/python3.12/site-packages/airflow/example_dags/example_branch_python_dop_operator_3.py took 0.236 seconds
[2025-04-17T12:43:46.367+0000] {processor.py:186} INFO - Started process (PID=7592) to work on /home/airflow/.local/lib/python3.12/site-packages/airflow/example_dags/example_branch_python_dop_operator_3.py
[2025-04-17T12:43:46.369+0000] {processor.py:914} INFO - Processing file /home/airflow/.local/lib/python3.12/site-packages/airflow/example_dags/example_branch_python_dop_operator_3.py for tasks to queue
[2025-04-17T12:43:46.372+0000] {logging_mixin.py:190} INFO - [2025-04-17T12:43:46.371+0000] {dagbag.py:588} INFO - Filling up the DagBag from /home/airflow/.local/lib/python3.12/site-packages/airflow/example_dags/example_branch_python_dop_operator_3.py
[2025-04-17T12:43:46.395+0000] {processor.py:925} INFO - DAG(s) 'example_branch_dop_operator_v3' retrieved from /home/airflow/.local/lib/python3.12/site-packages/airflow/example_dags/example_branch_python_dop_operator_3.py
[2025-04-17T12:43:46.428+0000] {logging_mixin.py:190} INFO - [2025-04-17T12:43:46.427+0000] {dag.py:3239} INFO - Sync 1 DAGs
[2025-04-17T12:43:46.480+0000] {logging_mixin.py:190} INFO - [2025-04-17T12:43:46.479+0000] {dag.py:4180} INFO - Setting next_dagrun for example_branch_dop_operator_v3 to 2025-04-17 12:42:00+00:00, run_after=2025-04-17 12:43:00+00:00
[2025-04-17T12:43:46.529+0000] {processor.py:208} INFO - Processing /home/airflow/.local/lib/python3.12/site-packages/airflow/example_dags/example_branch_python_dop_operator_3.py took 0.175 seconds
[2025-04-17T12:44:22.926+0000] {processor.py:186} INFO - Started process (PID=7972) to work on /home/airflow/.local/lib/python3.12/site-packages/airflow/example_dags/example_branch_python_dop_operator_3.py
[2025-04-17T12:44:22.939+0000] {processor.py:914} INFO - Processing file /home/airflow/.local/lib/python3.12/site-packages/airflow/example_dags/example_branch_python_dop_operator_3.py for tasks to queue
[2025-04-17T12:44:22.943+0000] {logging_mixin.py:190} INFO - [2025-04-17T12:44:22.942+0000] {dagbag.py:588} INFO - Filling up the DagBag from /home/airflow/.local/lib/python3.12/site-packages/airflow/example_dags/example_branch_python_dop_operator_3.py
[2025-04-17T12:44:22.983+0000] {processor.py:925} INFO - DAG(s) 'example_branch_dop_operator_v3' retrieved from /home/airflow/.local/lib/python3.12/site-packages/airflow/example_dags/example_branch_python_dop_operator_3.py
[2025-04-17T12:44:23.061+0000] {logging_mixin.py:190} INFO - [2025-04-17T12:44:23.059+0000] {dag.py:3239} INFO - Sync 1 DAGs
[2025-04-17T12:44:23.200+0000] {logging_mixin.py:190} INFO - [2025-04-17T12:44:23.200+0000] {dag.py:4180} INFO - Setting next_dagrun for example_branch_dop_operator_v3 to 2025-04-17 12:43:00+00:00, run_after=2025-04-17 12:44:00+00:00
[2025-04-17T12:44:23.259+0000] {processor.py:208} INFO - Processing /home/airflow/.local/lib/python3.12/site-packages/airflow/example_dags/example_branch_python_dop_operator_3.py took 0.358 seconds
[2025-04-17T12:44:53.558+0000] {processor.py:186} INFO - Started process (PID=8405) to work on /home/airflow/.local/lib/python3.12/site-packages/airflow/example_dags/example_branch_python_dop_operator_3.py
[2025-04-17T12:44:53.561+0000] {processor.py:914} INFO - Processing file /home/airflow/.local/lib/python3.12/site-packages/airflow/example_dags/example_branch_python_dop_operator_3.py for tasks to queue
[2025-04-17T12:44:53.564+0000] {logging_mixin.py:190} INFO - [2025-04-17T12:44:53.563+0000] {dagbag.py:588} INFO - Filling up the DagBag from /home/airflow/.local/lib/python3.12/site-packages/airflow/example_dags/example_branch_python_dop_operator_3.py
[2025-04-17T12:44:53.588+0000] {processor.py:925} INFO - DAG(s) 'example_branch_dop_operator_v3' retrieved from /home/airflow/.local/lib/python3.12/site-packages/airflow/example_dags/example_branch_python_dop_operator_3.py
[2025-04-17T12:44:53.624+0000] {logging_mixin.py:190} INFO - [2025-04-17T12:44:53.624+0000] {dag.py:3239} INFO - Sync 1 DAGs
[2025-04-17T12:44:53.686+0000] {logging_mixin.py:190} INFO - [2025-04-17T12:44:53.685+0000] {dag.py:4180} INFO - Setting next_dagrun for example_branch_dop_operator_v3 to 2025-04-17 12:43:00+00:00, run_after=2025-04-17 12:44:00+00:00
[2025-04-17T12:44:53.724+0000] {processor.py:208} INFO - Processing /home/airflow/.local/lib/python3.12/site-packages/airflow/example_dags/example_branch_python_dop_operator_3.py took 0.178 seconds
[2025-04-17T12:45:25.850+0000] {processor.py:186} INFO - Started process (PID=8712) to work on /home/airflow/.local/lib/python3.12/site-packages/airflow/example_dags/example_branch_python_dop_operator_3.py
[2025-04-17T12:45:25.853+0000] {processor.py:914} INFO - Processing file /home/airflow/.local/lib/python3.12/site-packages/airflow/example_dags/example_branch_python_dop_operator_3.py for tasks to queue
[2025-04-17T12:45:25.858+0000] {logging_mixin.py:190} INFO - [2025-04-17T12:45:25.856+0000] {dagbag.py:588} INFO - Filling up the DagBag from /home/airflow/.local/lib/python3.12/site-packages/airflow/example_dags/example_branch_python_dop_operator_3.py
[2025-04-17T12:45:25.891+0000] {processor.py:925} INFO - DAG(s) 'example_branch_dop_operator_v3' retrieved from /home/airflow/.local/lib/python3.12/site-packages/airflow/example_dags/example_branch_python_dop_operator_3.py
[2025-04-17T12:45:25.944+0000] {logging_mixin.py:190} INFO - [2025-04-17T12:45:25.943+0000] {dag.py:3239} INFO - Sync 1 DAGs
[2025-04-17T12:45:26.045+0000] {logging_mixin.py:190} INFO - [2025-04-17T12:45:26.044+0000] {dag.py:4180} INFO - Setting next_dagrun for example_branch_dop_operator_v3 to 2025-04-17 12:44:00+00:00, run_after=2025-04-17 12:45:00+00:00
[2025-04-17T12:45:26.110+0000] {processor.py:208} INFO - Processing /home/airflow/.local/lib/python3.12/site-packages/airflow/example_dags/example_branch_python_dop_operator_3.py took 0.274 seconds
[2025-04-17T12:45:59.301+0000] {processor.py:186} INFO - Started process (PID=9019) to work on /home/airflow/.local/lib/python3.12/site-packages/airflow/example_dags/example_branch_python_dop_operator_3.py
[2025-04-17T12:45:59.303+0000] {processor.py:914} INFO - Processing file /home/airflow/.local/lib/python3.12/site-packages/airflow/example_dags/example_branch_python_dop_operator_3.py for tasks to queue
[2025-04-17T12:45:59.305+0000] {logging_mixin.py:190} INFO - [2025-04-17T12:45:59.304+0000] {dagbag.py:588} INFO - Filling up the DagBag from /home/airflow/.local/lib/python3.12/site-packages/airflow/example_dags/example_branch_python_dop_operator_3.py
[2025-04-17T12:45:59.331+0000] {processor.py:925} INFO - DAG(s) 'example_branch_dop_operator_v3' retrieved from /home/airflow/.local/lib/python3.12/site-packages/airflow/example_dags/example_branch_python_dop_operator_3.py
[2025-04-17T12:45:59.371+0000] {logging_mixin.py:190} INFO - [2025-04-17T12:45:59.370+0000] {dag.py:3239} INFO - Sync 1 DAGs
[2025-04-17T12:45:59.424+0000] {logging_mixin.py:190} INFO - [2025-04-17T12:45:59.423+0000] {dag.py:4180} INFO - Setting next_dagrun for example_branch_dop_operator_v3 to 2025-04-17 12:44:00+00:00, run_after=2025-04-17 12:45:00+00:00
[2025-04-17T12:45:59.458+0000] {processor.py:208} INFO - Processing /home/airflow/.local/lib/python3.12/site-packages/airflow/example_dags/example_branch_python_dop_operator_3.py took 0.171 seconds
[2025-04-17T12:46:30.041+0000] {processor.py:186} INFO - Started process (PID=9326) to work on /home/airflow/.local/lib/python3.12/site-packages/airflow/example_dags/example_branch_python_dop_operator_3.py
[2025-04-17T12:46:30.043+0000] {processor.py:914} INFO - Processing file /home/airflow/.local/lib/python3.12/site-packages/airflow/example_dags/example_branch_python_dop_operator_3.py for tasks to queue
[2025-04-17T12:46:30.045+0000] {logging_mixin.py:190} INFO - [2025-04-17T12:46:30.044+0000] {dagbag.py:588} INFO - Filling up the DagBag from /home/airflow/.local/lib/python3.12/site-packages/airflow/example_dags/example_branch_python_dop_operator_3.py
[2025-04-17T12:46:30.063+0000] {processor.py:925} INFO - DAG(s) 'example_branch_dop_operator_v3' retrieved from /home/airflow/.local/lib/python3.12/site-packages/airflow/example_dags/example_branch_python_dop_operator_3.py
[2025-04-17T12:46:30.098+0000] {logging_mixin.py:190} INFO - [2025-04-17T12:46:30.098+0000] {dag.py:3239} INFO - Sync 1 DAGs
[2025-04-17T12:46:30.153+0000] {logging_mixin.py:190} INFO - [2025-04-17T12:46:30.153+0000] {dag.py:4180} INFO - Setting next_dagrun for example_branch_dop_operator_v3 to 2025-04-17 12:45:00+00:00, run_after=2025-04-17 12:46:00+00:00
[2025-04-17T12:46:30.189+0000] {processor.py:208} INFO - Processing /home/airflow/.local/lib/python3.12/site-packages/airflow/example_dags/example_branch_python_dop_operator_3.py took 0.158 seconds
[2025-04-17T12:47:01.199+0000] {processor.py:186} INFO - Started process (PID=9633) to work on /home/airflow/.local/lib/python3.12/site-packages/airflow/example_dags/example_branch_python_dop_operator_3.py
[2025-04-17T12:47:01.202+0000] {processor.py:914} INFO - Processing file /home/airflow/.local/lib/python3.12/site-packages/airflow/example_dags/example_branch_python_dop_operator_3.py for tasks to queue
[2025-04-17T12:47:01.205+0000] {logging_mixin.py:190} INFO - [2025-04-17T12:47:01.204+0000] {dagbag.py:588} INFO - Filling up the DagBag from /home/airflow/.local/lib/python3.12/site-packages/airflow/example_dags/example_branch_python_dop_operator_3.py
[2025-04-17T12:47:01.226+0000] {processor.py:925} INFO - DAG(s) 'example_branch_dop_operator_v3' retrieved from /home/airflow/.local/lib/python3.12/site-packages/airflow/example_dags/example_branch_python_dop_operator_3.py
[2025-04-17T12:47:01.261+0000] {logging_mixin.py:190} INFO - [2025-04-17T12:47:01.261+0000] {dag.py:3239} INFO - Sync 1 DAGs
[2025-04-17T12:47:01.323+0000] {logging_mixin.py:190} INFO - [2025-04-17T12:47:01.322+0000] {dag.py:4180} INFO - Setting next_dagrun for example_branch_dop_operator_v3 to 2025-04-17 12:46:00+00:00, run_after=2025-04-17 12:47:00+00:00
[2025-04-17T12:47:01.366+0000] {processor.py:208} INFO - Processing /home/airflow/.local/lib/python3.12/site-packages/airflow/example_dags/example_branch_python_dop_operator_3.py took 0.178 seconds
[2025-04-17T12:47:33.982+0000] {processor.py:186} INFO - Started process (PID=9942) to work on /home/airflow/.local/lib/python3.12/site-packages/airflow/example_dags/example_branch_python_dop_operator_3.py
[2025-04-17T12:47:33.984+0000] {processor.py:914} INFO - Processing file /home/airflow/.local/lib/python3.12/site-packages/airflow/example_dags/example_branch_python_dop_operator_3.py for tasks to queue
[2025-04-17T12:47:33.987+0000] {logging_mixin.py:190} INFO - [2025-04-17T12:47:33.987+0000] {dagbag.py:588} INFO - Filling up the DagBag from /home/airflow/.local/lib/python3.12/site-packages/airflow/example_dags/example_branch_python_dop_operator_3.py
[2025-04-17T12:47:34.010+0000] {processor.py:925} INFO - DAG(s) 'example_branch_dop_operator_v3' retrieved from /home/airflow/.local/lib/python3.12/site-packages/airflow/example_dags/example_branch_python_dop_operator_3.py
[2025-04-17T12:47:34.046+0000] {logging_mixin.py:190} INFO - [2025-04-17T12:47:34.045+0000] {dag.py:3239} INFO - Sync 1 DAGs
[2025-04-17T12:47:34.098+0000] {logging_mixin.py:190} INFO - [2025-04-17T12:47:34.098+0000] {dag.py:4180} INFO - Setting next_dagrun for example_branch_dop_operator_v3 to 2025-04-17 12:46:00+00:00, run_after=2025-04-17 12:47:00+00:00
[2025-04-17T12:47:34.135+0000] {processor.py:208} INFO - Processing /home/airflow/.local/lib/python3.12/site-packages/airflow/example_dags/example_branch_python_dop_operator_3.py took 0.170 seconds
[2025-04-17T12:48:05.669+0000] {processor.py:186} INFO - Started process (PID=10247) to work on /home/airflow/.local/lib/python3.12/site-packages/airflow/example_dags/example_branch_python_dop_operator_3.py
[2025-04-17T12:48:05.671+0000] {processor.py:914} INFO - Processing file /home/airflow/.local/lib/python3.12/site-packages/airflow/example_dags/example_branch_python_dop_operator_3.py for tasks to queue
[2025-04-17T12:48:05.674+0000] {logging_mixin.py:190} INFO - [2025-04-17T12:48:05.674+0000] {dagbag.py:588} INFO - Filling up the DagBag from /home/airflow/.local/lib/python3.12/site-packages/airflow/example_dags/example_branch_python_dop_operator_3.py
[2025-04-17T12:48:05.696+0000] {processor.py:925} INFO - DAG(s) 'example_branch_dop_operator_v3' retrieved from /home/airflow/.local/lib/python3.12/site-packages/airflow/example_dags/example_branch_python_dop_operator_3.py
[2025-04-17T12:48:05.731+0000] {logging_mixin.py:190} INFO - [2025-04-17T12:48:05.731+0000] {dag.py:3239} INFO - Sync 1 DAGs
[2025-04-17T12:48:05.790+0000] {logging_mixin.py:190} INFO - [2025-04-17T12:48:05.790+0000] {dag.py:4180} INFO - Setting next_dagrun for example_branch_dop_operator_v3 to 2025-04-17 12:47:00+00:00, run_after=2025-04-17 12:48:00+00:00
[2025-04-17T12:48:05.829+0000] {processor.py:208} INFO - Processing /home/airflow/.local/lib/python3.12/site-packages/airflow/example_dags/example_branch_python_dop_operator_3.py took 0.176 seconds
[2025-04-17T12:48:38.641+0000] {processor.py:186} INFO - Started process (PID=10554) to work on /home/airflow/.local/lib/python3.12/site-packages/airflow/example_dags/example_branch_python_dop_operator_3.py
[2025-04-17T12:48:38.643+0000] {processor.py:914} INFO - Processing file /home/airflow/.local/lib/python3.12/site-packages/airflow/example_dags/example_branch_python_dop_operator_3.py for tasks to queue
[2025-04-17T12:48:38.647+0000] {logging_mixin.py:190} INFO - [2025-04-17T12:48:38.646+0000] {dagbag.py:588} INFO - Filling up the DagBag from /home/airflow/.local/lib/python3.12/site-packages/airflow/example_dags/example_branch_python_dop_operator_3.py
[2025-04-17T12:48:38.672+0000] {processor.py:925} INFO - DAG(s) 'example_branch_dop_operator_v3' retrieved from /home/airflow/.local/lib/python3.12/site-packages/airflow/example_dags/example_branch_python_dop_operator_3.py
[2025-04-17T12:48:38.714+0000] {logging_mixin.py:190} INFO - [2025-04-17T12:48:38.714+0000] {dag.py:3239} INFO - Sync 1 DAGs
[2025-04-17T12:48:38.786+0000] {logging_mixin.py:190} INFO - [2025-04-17T12:48:38.786+0000] {dag.py:4180} INFO - Setting next_dagrun for example_branch_dop_operator_v3 to 2025-04-17 12:47:00+00:00, run_after=2025-04-17 12:48:00+00:00
[2025-04-17T12:48:38.838+0000] {processor.py:208} INFO - Processing /home/airflow/.local/lib/python3.12/site-packages/airflow/example_dags/example_branch_python_dop_operator_3.py took 0.212 seconds
[2025-04-17T12:49:11.170+0000] {processor.py:186} INFO - Started process (PID=10863) to work on /home/airflow/.local/lib/python3.12/site-packages/airflow/example_dags/example_branch_python_dop_operator_3.py
[2025-04-17T12:49:11.172+0000] {processor.py:914} INFO - Processing file /home/airflow/.local/lib/python3.12/site-packages/airflow/example_dags/example_branch_python_dop_operator_3.py for tasks to queue
[2025-04-17T12:49:11.175+0000] {logging_mixin.py:190} INFO - [2025-04-17T12:49:11.175+0000] {dagbag.py:588} INFO - Filling up the DagBag from /home/airflow/.local/lib/python3.12/site-packages/airflow/example_dags/example_branch_python_dop_operator_3.py
[2025-04-17T12:49:11.204+0000] {processor.py:925} INFO - DAG(s) 'example_branch_dop_operator_v3' retrieved from /home/airflow/.local/lib/python3.12/site-packages/airflow/example_dags/example_branch_python_dop_operator_3.py
[2025-04-17T12:49:11.255+0000] {logging_mixin.py:190} INFO - [2025-04-17T12:49:11.254+0000] {dag.py:3239} INFO - Sync 1 DAGs
[2025-04-17T12:49:11.333+0000] {logging_mixin.py:190} INFO - [2025-04-17T12:49:11.332+0000] {dag.py:4180} INFO - Setting next_dagrun for example_branch_dop_operator_v3 to 2025-04-17 12:48:00+00:00, run_after=2025-04-17 12:49:00+00:00
[2025-04-17T12:49:11.380+0000] {processor.py:208} INFO - Processing /home/airflow/.local/lib/python3.12/site-packages/airflow/example_dags/example_branch_python_dop_operator_3.py took 0.225 seconds
[2025-04-17T12:49:42.803+0000] {processor.py:186} INFO - Started process (PID=11173) to work on /home/airflow/.local/lib/python3.12/site-packages/airflow/example_dags/example_branch_python_dop_operator_3.py
[2025-04-17T12:49:42.805+0000] {processor.py:914} INFO - Processing file /home/airflow/.local/lib/python3.12/site-packages/airflow/example_dags/example_branch_python_dop_operator_3.py for tasks to queue
[2025-04-17T12:49:42.808+0000] {logging_mixin.py:190} INFO - [2025-04-17T12:49:42.807+0000] {dagbag.py:588} INFO - Filling up the DagBag from /home/airflow/.local/lib/python3.12/site-packages/airflow/example_dags/example_branch_python_dop_operator_3.py
[2025-04-17T12:49:42.833+0000] {processor.py:925} INFO - DAG(s) 'example_branch_dop_operator_v3' retrieved from /home/airflow/.local/lib/python3.12/site-packages/airflow/example_dags/example_branch_python_dop_operator_3.py
[2025-04-17T12:49:42.886+0000] {logging_mixin.py:190} INFO - [2025-04-17T12:49:42.886+0000] {dag.py:3239} INFO - Sync 1 DAGs
[2025-04-17T12:49:42.960+0000] {logging_mixin.py:190} INFO - [2025-04-17T12:49:42.960+0000] {dag.py:4180} INFO - Setting next_dagrun for example_branch_dop_operator_v3 to 2025-04-17 12:48:00+00:00, run_after=2025-04-17 12:49:00+00:00
[2025-04-17T12:49:43.001+0000] {processor.py:208} INFO - Processing /home/airflow/.local/lib/python3.12/site-packages/airflow/example_dags/example_branch_python_dop_operator_3.py took 0.211 seconds
[2025-04-17T12:50:17.451+0000] {processor.py:186} INFO - Started process (PID=11495) to work on /home/airflow/.local/lib/python3.12/site-packages/airflow/example_dags/example_branch_python_dop_operator_3.py
[2025-04-17T12:50:17.463+0000] {processor.py:914} INFO - Processing file /home/airflow/.local/lib/python3.12/site-packages/airflow/example_dags/example_branch_python_dop_operator_3.py for tasks to queue
[2025-04-17T12:50:17.468+0000] {logging_mixin.py:190} INFO - [2025-04-17T12:50:17.467+0000] {dagbag.py:588} INFO - Filling up the DagBag from /home/airflow/.local/lib/python3.12/site-packages/airflow/example_dags/example_branch_python_dop_operator_3.py
[2025-04-17T12:50:17.518+0000] {processor.py:925} INFO - DAG(s) 'example_branch_dop_operator_v3' retrieved from /home/airflow/.local/lib/python3.12/site-packages/airflow/example_dags/example_branch_python_dop_operator_3.py
[2025-04-17T12:50:17.580+0000] {logging_mixin.py:190} INFO - [2025-04-17T12:50:17.579+0000] {dag.py:3239} INFO - Sync 1 DAGs
[2025-04-17T12:50:17.654+0000] {logging_mixin.py:190} INFO - [2025-04-17T12:50:17.654+0000] {dag.py:4180} INFO - Setting next_dagrun for example_branch_dop_operator_v3 to 2025-04-17 12:49:00+00:00, run_after=2025-04-17 12:50:00+00:00
[2025-04-17T12:50:17.728+0000] {processor.py:208} INFO - Processing /home/airflow/.local/lib/python3.12/site-packages/airflow/example_dags/example_branch_python_dop_operator_3.py took 0.302 seconds
[2025-04-17T12:50:48.893+0000] {processor.py:186} INFO - Started process (PID=11802) to work on /home/airflow/.local/lib/python3.12/site-packages/airflow/example_dags/example_branch_python_dop_operator_3.py
[2025-04-17T12:50:48.896+0000] {processor.py:914} INFO - Processing file /home/airflow/.local/lib/python3.12/site-packages/airflow/example_dags/example_branch_python_dop_operator_3.py for tasks to queue
[2025-04-17T12:50:48.898+0000] {logging_mixin.py:190} INFO - [2025-04-17T12:50:48.897+0000] {dagbag.py:588} INFO - Filling up the DagBag from /home/airflow/.local/lib/python3.12/site-packages/airflow/example_dags/example_branch_python_dop_operator_3.py
[2025-04-17T12:50:48.926+0000] {processor.py:925} INFO - DAG(s) 'example_branch_dop_operator_v3' retrieved from /home/airflow/.local/lib/python3.12/site-packages/airflow/example_dags/example_branch_python_dop_operator_3.py
[2025-04-17T12:50:48.969+0000] {logging_mixin.py:190} INFO - [2025-04-17T12:50:48.969+0000] {dag.py:3239} INFO - Sync 1 DAGs
[2025-04-17T12:50:49.037+0000] {logging_mixin.py:190} INFO - [2025-04-17T12:50:49.036+0000] {dag.py:4180} INFO - Setting next_dagrun for example_branch_dop_operator_v3 to 2025-04-17 12:49:00+00:00, run_after=2025-04-17 12:50:00+00:00
[2025-04-17T12:50:49.071+0000] {processor.py:208} INFO - Processing /home/airflow/.local/lib/python3.12/site-packages/airflow/example_dags/example_branch_python_dop_operator_3.py took 0.192 seconds
[2025-04-17T12:51:23.589+0000] {processor.py:186} INFO - Started process (PID=12145) to work on /home/airflow/.local/lib/python3.12/site-packages/airflow/example_dags/example_branch_python_dop_operator_3.py
[2025-04-17T12:51:23.590+0000] {processor.py:914} INFO - Processing file /home/airflow/.local/lib/python3.12/site-packages/airflow/example_dags/example_branch_python_dop_operator_3.py for tasks to queue
[2025-04-17T12:51:23.592+0000] {logging_mixin.py:190} INFO - [2025-04-17T12:51:23.592+0000] {dagbag.py:588} INFO - Filling up the DagBag from /home/airflow/.local/lib/python3.12/site-packages/airflow/example_dags/example_branch_python_dop_operator_3.py
[2025-04-17T12:51:23.612+0000] {processor.py:925} INFO - DAG(s) 'example_branch_dop_operator_v3' retrieved from /home/airflow/.local/lib/python3.12/site-packages/airflow/example_dags/example_branch_python_dop_operator_3.py
[2025-04-17T12:51:23.648+0000] {logging_mixin.py:190} INFO - [2025-04-17T12:51:23.648+0000] {dag.py:3239} INFO - Sync 1 DAGs
[2025-04-17T12:51:23.709+0000] {logging_mixin.py:190} INFO - [2025-04-17T12:51:23.709+0000] {dag.py:4180} INFO - Setting next_dagrun for example_branch_dop_operator_v3 to 2025-04-17 12:50:00+00:00, run_after=2025-04-17 12:51:00+00:00
[2025-04-17T12:51:23.753+0000] {processor.py:208} INFO - Processing /home/airflow/.local/lib/python3.12/site-packages/airflow/example_dags/example_branch_python_dop_operator_3.py took 0.176 seconds
[2025-04-17T12:51:54.118+0000] {processor.py:186} INFO - Started process (PID=12455) to work on /home/airflow/.local/lib/python3.12/site-packages/airflow/example_dags/example_branch_python_dop_operator_3.py
[2025-04-17T12:51:54.120+0000] {processor.py:914} INFO - Processing file /home/airflow/.local/lib/python3.12/site-packages/airflow/example_dags/example_branch_python_dop_operator_3.py for tasks to queue
[2025-04-17T12:51:54.122+0000] {logging_mixin.py:190} INFO - [2025-04-17T12:51:54.122+0000] {dagbag.py:588} INFO - Filling up the DagBag from /home/airflow/.local/lib/python3.12/site-packages/airflow/example_dags/example_branch_python_dop_operator_3.py
[2025-04-17T12:51:54.140+0000] {processor.py:925} INFO - DAG(s) 'example_branch_dop_operator_v3' retrieved from /home/airflow/.local/lib/python3.12/site-packages/airflow/example_dags/example_branch_python_dop_operator_3.py
[2025-04-17T12:51:54.175+0000] {logging_mixin.py:190} INFO - [2025-04-17T12:51:54.174+0000] {dag.py:3239} INFO - Sync 1 DAGs
[2025-04-17T12:51:54.225+0000] {logging_mixin.py:190} INFO - [2025-04-17T12:51:54.225+0000] {dag.py:4180} INFO - Setting next_dagrun for example_branch_dop_operator_v3 to 2025-04-17 12:50:00+00:00, run_after=2025-04-17 12:51:00+00:00
[2025-04-17T12:51:54.255+0000] {processor.py:208} INFO - Processing /home/airflow/.local/lib/python3.12/site-packages/airflow/example_dags/example_branch_python_dop_operator_3.py took 0.147 seconds
[2025-04-17T12:52:24.433+0000] {processor.py:186} INFO - Started process (PID=12762) to work on /home/airflow/.local/lib/python3.12/site-packages/airflow/example_dags/example_branch_python_dop_operator_3.py
[2025-04-17T12:52:24.434+0000] {processor.py:914} INFO - Processing file /home/airflow/.local/lib/python3.12/site-packages/airflow/example_dags/example_branch_python_dop_operator_3.py for tasks to queue
[2025-04-17T12:52:24.437+0000] {logging_mixin.py:190} INFO - [2025-04-17T12:52:24.436+0000] {dagbag.py:588} INFO - Filling up the DagBag from /home/airflow/.local/lib/python3.12/site-packages/airflow/example_dags/example_branch_python_dop_operator_3.py
[2025-04-17T12:52:24.459+0000] {processor.py:925} INFO - DAG(s) 'example_branch_dop_operator_v3' retrieved from /home/airflow/.local/lib/python3.12/site-packages/airflow/example_dags/example_branch_python_dop_operator_3.py
[2025-04-17T12:52:24.497+0000] {logging_mixin.py:190} INFO - [2025-04-17T12:52:24.497+0000] {dag.py:3239} INFO - Sync 1 DAGs
[2025-04-17T12:52:24.547+0000] {logging_mixin.py:190} INFO - [2025-04-17T12:52:24.546+0000] {dag.py:4180} INFO - Setting next_dagrun for example_branch_dop_operator_v3 to 2025-04-17 12:51:00+00:00, run_after=2025-04-17 12:52:00+00:00
[2025-04-17T12:52:24.578+0000] {processor.py:208} INFO - Processing /home/airflow/.local/lib/python3.12/site-packages/airflow/example_dags/example_branch_python_dop_operator_3.py took 0.155 seconds
[2025-04-17T12:52:55.906+0000] {processor.py:186} INFO - Started process (PID=13067) to work on /home/airflow/.local/lib/python3.12/site-packages/airflow/example_dags/example_branch_python_dop_operator_3.py
[2025-04-17T12:52:55.908+0000] {processor.py:914} INFO - Processing file /home/airflow/.local/lib/python3.12/site-packages/airflow/example_dags/example_branch_python_dop_operator_3.py for tasks to queue
[2025-04-17T12:52:55.911+0000] {logging_mixin.py:190} INFO - [2025-04-17T12:52:55.910+0000] {dagbag.py:588} INFO - Filling up the DagBag from /home/airflow/.local/lib/python3.12/site-packages/airflow/example_dags/example_branch_python_dop_operator_3.py
[2025-04-17T12:52:55.928+0000] {processor.py:925} INFO - DAG(s) 'example_branch_dop_operator_v3' retrieved from /home/airflow/.local/lib/python3.12/site-packages/airflow/example_dags/example_branch_python_dop_operator_3.py
[2025-04-17T12:52:55.961+0000] {logging_mixin.py:190} INFO - [2025-04-17T12:52:55.961+0000] {dag.py:3239} INFO - Sync 1 DAGs
[2025-04-17T12:52:56.017+0000] {logging_mixin.py:190} INFO - [2025-04-17T12:52:56.017+0000] {dag.py:4180} INFO - Setting next_dagrun for example_branch_dop_operator_v3 to 2025-04-17 12:51:00+00:00, run_after=2025-04-17 12:52:00+00:00
[2025-04-17T12:52:56.050+0000] {processor.py:208} INFO - Processing /home/airflow/.local/lib/python3.12/site-packages/airflow/example_dags/example_branch_python_dop_operator_3.py took 0.153 seconds
[2025-04-17T12:53:27.575+0000] {processor.py:186} INFO - Started process (PID=13369) to work on /home/airflow/.local/lib/python3.12/site-packages/airflow/example_dags/example_branch_python_dop_operator_3.py
[2025-04-17T12:53:27.577+0000] {processor.py:914} INFO - Processing file /home/airflow/.local/lib/python3.12/site-packages/airflow/example_dags/example_branch_python_dop_operator_3.py for tasks to queue
[2025-04-17T12:53:27.579+0000] {logging_mixin.py:190} INFO - [2025-04-17T12:53:27.578+0000] {dagbag.py:588} INFO - Filling up the DagBag from /home/airflow/.local/lib/python3.12/site-packages/airflow/example_dags/example_branch_python_dop_operator_3.py
[2025-04-17T12:53:27.598+0000] {processor.py:925} INFO - DAG(s) 'example_branch_dop_operator_v3' retrieved from /home/airflow/.local/lib/python3.12/site-packages/airflow/example_dags/example_branch_python_dop_operator_3.py
[2025-04-17T12:53:27.636+0000] {logging_mixin.py:190} INFO - [2025-04-17T12:53:27.636+0000] {dag.py:3239} INFO - Sync 1 DAGs
[2025-04-17T12:53:27.700+0000] {logging_mixin.py:190} INFO - [2025-04-17T12:53:27.700+0000] {dag.py:4180} INFO - Setting next_dagrun for example_branch_dop_operator_v3 to 2025-04-17 12:52:00+00:00, run_after=2025-04-17 12:53:00+00:00
[2025-04-17T12:53:27.735+0000] {processor.py:208} INFO - Processing /home/airflow/.local/lib/python3.12/site-packages/airflow/example_dags/example_branch_python_dop_operator_3.py took 0.170 seconds
[2025-04-17T12:54:01.814+0000] {processor.py:186} INFO - Started process (PID=13686) to work on /home/airflow/.local/lib/python3.12/site-packages/airflow/example_dags/example_branch_python_dop_operator_3.py
[2025-04-17T12:54:01.817+0000] {processor.py:914} INFO - Processing file /home/airflow/.local/lib/python3.12/site-packages/airflow/example_dags/example_branch_python_dop_operator_3.py for tasks to queue
[2025-04-17T12:54:01.820+0000] {logging_mixin.py:190} INFO - [2025-04-17T12:54:01.819+0000] {dagbag.py:588} INFO - Filling up the DagBag from /home/airflow/.local/lib/python3.12/site-packages/airflow/example_dags/example_branch_python_dop_operator_3.py
[2025-04-17T12:54:01.851+0000] {processor.py:925} INFO - DAG(s) 'example_branch_dop_operator_v3' retrieved from /home/airflow/.local/lib/python3.12/site-packages/airflow/example_dags/example_branch_python_dop_operator_3.py
[2025-04-17T12:54:01.900+0000] {logging_mixin.py:190} INFO - [2025-04-17T12:54:01.900+0000] {dag.py:3239} INFO - Sync 1 DAGs
[2025-04-17T12:54:01.970+0000] {logging_mixin.py:190} INFO - [2025-04-17T12:54:01.970+0000] {dag.py:4180} INFO - Setting next_dagrun for example_branch_dop_operator_v3 to 2025-04-17 12:53:00+00:00, run_after=2025-04-17 12:54:00+00:00
[2025-04-17T12:54:02.016+0000] {processor.py:208} INFO - Processing /home/airflow/.local/lib/python3.12/site-packages/airflow/example_dags/example_branch_python_dop_operator_3.py took 0.220 seconds
[2025-04-17T12:54:32.881+0000] {processor.py:186} INFO - Started process (PID=14008) to work on /home/airflow/.local/lib/python3.12/site-packages/airflow/example_dags/example_branch_python_dop_operator_3.py
[2025-04-17T12:54:32.884+0000] {processor.py:914} INFO - Processing file /home/airflow/.local/lib/python3.12/site-packages/airflow/example_dags/example_branch_python_dop_operator_3.py for tasks to queue
[2025-04-17T12:54:32.887+0000] {logging_mixin.py:190} INFO - [2025-04-17T12:54:32.886+0000] {dagbag.py:588} INFO - Filling up the DagBag from /home/airflow/.local/lib/python3.12/site-packages/airflow/example_dags/example_branch_python_dop_operator_3.py
[2025-04-17T12:54:32.916+0000] {processor.py:925} INFO - DAG(s) 'example_branch_dop_operator_v3' retrieved from /home/airflow/.local/lib/python3.12/site-packages/airflow/example_dags/example_branch_python_dop_operator_3.py
[2025-04-17T12:54:32.959+0000] {logging_mixin.py:190} INFO - [2025-04-17T12:54:32.959+0000] {dag.py:3239} INFO - Sync 1 DAGs
[2025-04-17T12:54:33.026+0000] {logging_mixin.py:190} INFO - [2025-04-17T12:54:33.026+0000] {dag.py:4180} INFO - Setting next_dagrun for example_branch_dop_operator_v3 to 2025-04-17 12:53:00+00:00, run_after=2025-04-17 12:54:00+00:00
[2025-04-17T12:54:33.068+0000] {processor.py:208} INFO - Processing /home/airflow/.local/lib/python3.12/site-packages/airflow/example_dags/example_branch_python_dop_operator_3.py took 0.202 seconds
