[2025-04-17T11:42:42.955+0000] {processor.py:186} INFO - Started process (PID=39846) to work on /home/airflow/.local/lib/python3.12/site-packages/airflow/example_dags/example_branch_datetime_operator.py
[2025-04-17T11:42:43.088+0000] {processor.py:914} INFO - Processing file /home/airflow/.local/lib/python3.12/site-packages/airflow/example_dags/example_branch_datetime_operator.py for tasks to queue
[2025-04-17T11:42:43.462+0000] {logging_mixin.py:190} INFO - [2025-04-17T11:42:43.352+0000] {dagbag.py:588} INFO - Filling up the DagBag from /home/airflow/.local/lib/python3.12/site-packages/airflow/example_dags/example_branch_datetime_operator.py
[2025-04-17T11:42:46.548+0000] {processor.py:925} INFO - DAG(s) 'example_branch_datetime_operator_2', 'example_branch_datetime_operator_3', 'example_branch_datetime_operator' retrieved from /home/airflow/.local/lib/python3.12/site-packages/airflow/example_dags/example_branch_datetime_operator.py
[2025-04-17T11:42:55.128+0000] {logging_mixin.py:190} INFO - [2025-04-17T11:42:55.033+0000] {dag.py:3239} INFO - Sync 3 DAGs
[2025-04-17T11:43:01.837+0000] {logging_mixin.py:190} INFO - [2025-04-17T11:43:01.747+0000] {dag.py:4180} INFO - Setting next_dagrun for example_branch_datetime_operator to 2025-04-16 00:00:00+00:00, run_after=2025-04-17 00:00:00+00:00
[2025-04-17T11:43:02.474+0000] {logging_mixin.py:190} INFO - [2025-04-17T11:43:02.455+0000] {dag.py:4180} INFO - Setting next_dagrun for example_branch_datetime_operator_2 to 2025-04-16 00:00:00+00:00, run_after=2025-04-17 00:00:00+00:00
[2025-04-17T11:43:02.490+0000] {logging_mixin.py:190} INFO - [2025-04-17T11:43:02.489+0000] {dag.py:4180} INFO - Setting next_dagrun for example_branch_datetime_operator_3 to 2025-04-16 00:00:00+00:00, run_after=2025-04-17 00:00:00+00:00
[2025-04-17T11:43:06.284+0000] {processor.py:208} INFO - Processing /home/airflow/.local/lib/python3.12/site-packages/airflow/example_dags/example_branch_datetime_operator.py took 23.048 seconds
[2025-04-17T12:10:20.653+0000] {processor.py:186} INFO - Started process (PID=550) to work on /home/airflow/.local/lib/python3.12/site-packages/airflow/example_dags/example_branch_datetime_operator.py
[2025-04-17T12:10:20.701+0000] {processor.py:914} INFO - Processing file /home/airflow/.local/lib/python3.12/site-packages/airflow/example_dags/example_branch_datetime_operator.py for tasks to queue
[2025-04-17T12:10:20.902+0000] {logging_mixin.py:190} INFO - [2025-04-17T12:10:20.793+0000] {dagbag.py:588} INFO - Filling up the DagBag from /home/airflow/.local/lib/python3.12/site-packages/airflow/example_dags/example_branch_datetime_operator.py
[2025-04-17T12:10:21.485+0000] {processor.py:925} INFO - DAG(s) 'example_branch_datetime_operator', 'example_branch_datetime_operator_3', 'example_branch_datetime_operator_2' retrieved from /home/airflow/.local/lib/python3.12/site-packages/airflow/example_dags/example_branch_datetime_operator.py
[2025-04-17T12:10:21.744+0000] {logging_mixin.py:190} INFO - [2025-04-17T12:10:21.743+0000] {dag.py:3239} INFO - Sync 3 DAGs
[2025-04-17T12:10:22.047+0000] {logging_mixin.py:190} INFO - [2025-04-17T12:10:22.045+0000] {dag.py:4180} INFO - Setting next_dagrun for example_branch_datetime_operator to 2025-04-16 00:00:00+00:00, run_after=2025-04-17 00:00:00+00:00
[2025-04-17T12:10:22.091+0000] {logging_mixin.py:190} INFO - [2025-04-17T12:10:22.090+0000] {dag.py:4180} INFO - Setting next_dagrun for example_branch_datetime_operator_2 to 2025-04-16 00:00:00+00:00, run_after=2025-04-17 00:00:00+00:00
[2025-04-17T12:10:22.102+0000] {logging_mixin.py:190} INFO - [2025-04-17T12:10:22.101+0000] {dag.py:4180} INFO - Setting next_dagrun for example_branch_datetime_operator_3 to 2025-04-16 00:00:00+00:00, run_after=2025-04-17 00:00:00+00:00
[2025-04-17T12:10:22.199+0000] {processor.py:208} INFO - Processing /home/airflow/.local/lib/python3.12/site-packages/airflow/example_dags/example_branch_datetime_operator.py took 1.934 seconds
[2025-04-17T12:16:25.187+0000] {processor.py:186} INFO - Started process (PID=1401) to work on /home/airflow/.local/lib/python3.12/site-packages/airflow/example_dags/example_branch_datetime_operator.py
[2025-04-17T12:16:26.121+0000] {processor.py:914} INFO - Processing file /home/airflow/.local/lib/python3.12/site-packages/airflow/example_dags/example_branch_datetime_operator.py for tasks to queue
[2025-04-17T12:16:26.421+0000] {logging_mixin.py:190} INFO - [2025-04-17T12:16:26.360+0000] {dagbag.py:588} INFO - Filling up the DagBag from /home/airflow/.local/lib/python3.12/site-packages/airflow/example_dags/example_branch_datetime_operator.py
[2025-04-17T12:16:36.448+0000] {processor.py:925} INFO - DAG(s) 'example_branch_datetime_operator_2', 'example_branch_datetime_operator_3', 'example_branch_datetime_operator' retrieved from /home/airflow/.local/lib/python3.12/site-packages/airflow/example_dags/example_branch_datetime_operator.py
[2025-04-17T12:16:46.785+0000] {logging_mixin.py:190} INFO - [2025-04-17T12:16:46.784+0000] {dag.py:3239} INFO - Sync 3 DAGs
[2025-04-17T12:16:48.804+0000] {logging_mixin.py:190} INFO - [2025-04-17T12:16:48.803+0000] {dag.py:4180} INFO - Setting next_dagrun for example_branch_datetime_operator to 2025-04-16 00:00:00+00:00, run_after=2025-04-17 00:00:00+00:00
[2025-04-17T12:16:48.878+0000] {logging_mixin.py:190} INFO - [2025-04-17T12:16:48.878+0000] {dag.py:4180} INFO - Setting next_dagrun for example_branch_datetime_operator_2 to 2025-04-16 00:00:00+00:00, run_after=2025-04-17 00:00:00+00:00
[2025-04-17T12:16:48.910+0000] {logging_mixin.py:190} INFO - [2025-04-17T12:16:48.910+0000] {dag.py:4180} INFO - Setting next_dagrun for example_branch_datetime_operator_3 to 2025-04-16 00:00:00+00:00, run_after=2025-04-17 00:00:00+00:00
[2025-04-17T12:16:49.457+0000] {processor.py:208} INFO - Processing /home/airflow/.local/lib/python3.12/site-packages/airflow/example_dags/example_branch_datetime_operator.py took 26.220 seconds
[2025-04-17T12:19:20.059+0000] {processor.py:186} INFO - Started process (PID=2116) to work on /home/airflow/.local/lib/python3.12/site-packages/airflow/example_dags/example_branch_datetime_operator.py
[2025-04-17T12:19:20.151+0000] {processor.py:914} INFO - Processing file /home/airflow/.local/lib/python3.12/site-packages/airflow/example_dags/example_branch_datetime_operator.py for tasks to queue
[2025-04-17T12:19:20.183+0000] {logging_mixin.py:190} INFO - [2025-04-17T12:19:20.166+0000] {dagbag.py:588} INFO - Filling up the DagBag from /home/airflow/.local/lib/python3.12/site-packages/airflow/example_dags/example_branch_datetime_operator.py
[2025-04-17T12:19:20.602+0000] {processor.py:925} INFO - DAG(s) 'example_branch_datetime_operator', 'example_branch_datetime_operator_3', 'example_branch_datetime_operator_2' retrieved from /home/airflow/.local/lib/python3.12/site-packages/airflow/example_dags/example_branch_datetime_operator.py
[2025-04-17T12:19:21.032+0000] {logging_mixin.py:190} INFO - [2025-04-17T12:19:21.032+0000] {dag.py:3239} INFO - Sync 3 DAGs
[2025-04-17T12:19:21.378+0000] {logging_mixin.py:190} INFO - [2025-04-17T12:19:21.377+0000] {dag.py:4180} INFO - Setting next_dagrun for example_branch_datetime_operator to 2025-04-16 00:00:00+00:00, run_after=2025-04-17 00:00:00+00:00
[2025-04-17T12:19:21.560+0000] {logging_mixin.py:190} INFO - [2025-04-17T12:19:21.560+0000] {dag.py:4180} INFO - Setting next_dagrun for example_branch_datetime_operator_2 to 2025-04-16 00:00:00+00:00, run_after=2025-04-17 00:00:00+00:00
[2025-04-17T12:19:21.569+0000] {logging_mixin.py:190} INFO - [2025-04-17T12:19:21.569+0000] {dag.py:4180} INFO - Setting next_dagrun for example_branch_datetime_operator_3 to 2025-04-16 00:00:00+00:00, run_after=2025-04-17 00:00:00+00:00
[2025-04-17T12:19:22.412+0000] {processor.py:208} INFO - Processing /home/airflow/.local/lib/python3.12/site-packages/airflow/example_dags/example_branch_datetime_operator.py took 2.721 seconds
[2025-04-17T12:24:49.194+0000] {processor.py:186} INFO - Started process (PID=2725) to work on /home/airflow/.local/lib/python3.12/site-packages/airflow/example_dags/example_branch_datetime_operator.py
[2025-04-17T12:24:49.197+0000] {processor.py:914} INFO - Processing file /home/airflow/.local/lib/python3.12/site-packages/airflow/example_dags/example_branch_datetime_operator.py for tasks to queue
[2025-04-17T12:24:49.202+0000] {logging_mixin.py:190} INFO - [2025-04-17T12:24:49.201+0000] {dagbag.py:588} INFO - Filling up the DagBag from /home/airflow/.local/lib/python3.12/site-packages/airflow/example_dags/example_branch_datetime_operator.py
[2025-04-17T12:24:49.245+0000] {processor.py:925} INFO - DAG(s) 'example_branch_datetime_operator_2', 'example_branch_datetime_operator_3', 'example_branch_datetime_operator' retrieved from /home/airflow/.local/lib/python3.12/site-packages/airflow/example_dags/example_branch_datetime_operator.py
[2025-04-17T12:24:49.313+0000] {logging_mixin.py:190} INFO - [2025-04-17T12:24:49.313+0000] {dag.py:3239} INFO - Sync 3 DAGs
[2025-04-17T12:24:49.374+0000] {logging_mixin.py:190} INFO - [2025-04-17T12:24:49.374+0000] {dag.py:4180} INFO - Setting next_dagrun for example_branch_datetime_operator to 2025-04-16 00:00:00+00:00, run_after=2025-04-17 00:00:00+00:00
[2025-04-17T12:24:49.387+0000] {logging_mixin.py:190} INFO - [2025-04-17T12:24:49.386+0000] {dag.py:4180} INFO - Setting next_dagrun for example_branch_datetime_operator_2 to 2025-04-16 00:00:00+00:00, run_after=2025-04-17 00:00:00+00:00
[2025-04-17T12:24:49.394+0000] {logging_mixin.py:190} INFO - [2025-04-17T12:24:49.393+0000] {dag.py:4180} INFO - Setting next_dagrun for example_branch_datetime_operator_3 to 2025-04-16 00:00:00+00:00, run_after=2025-04-17 00:00:00+00:00
[2025-04-17T12:24:49.427+0000] {processor.py:208} INFO - Processing /home/airflow/.local/lib/python3.12/site-packages/airflow/example_dags/example_branch_datetime_operator.py took 0.255 seconds
[2025-04-17T12:32:47.463+0000] {processor.py:186} INFO - Started process (PID=3649) to work on /home/airflow/.local/lib/python3.12/site-packages/airflow/example_dags/example_branch_datetime_operator.py
[2025-04-17T12:32:47.509+0000] {processor.py:914} INFO - Processing file /home/airflow/.local/lib/python3.12/site-packages/airflow/example_dags/example_branch_datetime_operator.py for tasks to queue
[2025-04-17T12:32:47.538+0000] {logging_mixin.py:190} INFO - [2025-04-17T12:32:47.531+0000] {dagbag.py:588} INFO - Filling up the DagBag from /home/airflow/.local/lib/python3.12/site-packages/airflow/example_dags/example_branch_datetime_operator.py
[2025-04-17T12:32:48.294+0000] {processor.py:925} INFO - DAG(s) 'example_branch_datetime_operator_3', 'example_branch_datetime_operator_2', 'example_branch_datetime_operator' retrieved from /home/airflow/.local/lib/python3.12/site-packages/airflow/example_dags/example_branch_datetime_operator.py
[2025-04-17T12:32:49.155+0000] {logging_mixin.py:190} INFO - [2025-04-17T12:32:49.153+0000] {dag.py:3239} INFO - Sync 3 DAGs
[2025-04-17T12:32:50.001+0000] {logging_mixin.py:190} INFO - [2025-04-17T12:32:49.997+0000] {dag.py:4180} INFO - Setting next_dagrun for example_branch_datetime_operator to 2025-04-16 00:00:00+00:00, run_after=2025-04-17 00:00:00+00:00
[2025-04-17T12:32:50.183+0000] {logging_mixin.py:190} INFO - [2025-04-17T12:32:50.182+0000] {dag.py:4180} INFO - Setting next_dagrun for example_branch_datetime_operator_2 to 2025-04-16 00:00:00+00:00, run_after=2025-04-17 00:00:00+00:00
[2025-04-17T12:32:50.284+0000] {logging_mixin.py:190} INFO - [2025-04-17T12:32:50.254+0000] {dag.py:4180} INFO - Setting next_dagrun for example_branch_datetime_operator_3 to 2025-04-16 00:00:00+00:00, run_after=2025-04-17 00:00:00+00:00
[2025-04-17T12:32:50.899+0000] {processor.py:208} INFO - Processing /home/airflow/.local/lib/python3.12/site-packages/airflow/example_dags/example_branch_datetime_operator.py took 3.575 seconds
[2025-04-17T12:35:46.553+0000] {processor.py:186} INFO - Started process (PID=4076) to work on /home/airflow/.local/lib/python3.12/site-packages/airflow/example_dags/example_branch_datetime_operator.py
[2025-04-17T12:35:46.564+0000] {processor.py:914} INFO - Processing file /home/airflow/.local/lib/python3.12/site-packages/airflow/example_dags/example_branch_datetime_operator.py for tasks to queue
[2025-04-17T12:35:46.570+0000] {logging_mixin.py:190} INFO - [2025-04-17T12:35:46.569+0000] {dagbag.py:588} INFO - Filling up the DagBag from /home/airflow/.local/lib/python3.12/site-packages/airflow/example_dags/example_branch_datetime_operator.py
[2025-04-17T12:35:46.616+0000] {processor.py:925} INFO - DAG(s) 'example_branch_datetime_operator', 'example_branch_datetime_operator_2', 'example_branch_datetime_operator_3' retrieved from /home/airflow/.local/lib/python3.12/site-packages/airflow/example_dags/example_branch_datetime_operator.py
[2025-04-17T12:35:46.696+0000] {logging_mixin.py:190} INFO - [2025-04-17T12:35:46.696+0000] {dag.py:3239} INFO - Sync 3 DAGs
[2025-04-17T12:35:46.772+0000] {logging_mixin.py:190} INFO - [2025-04-17T12:35:46.772+0000] {dag.py:4180} INFO - Setting next_dagrun for example_branch_datetime_operator to 2025-04-16 00:00:00+00:00, run_after=2025-04-17 00:00:00+00:00
[2025-04-17T12:35:46.789+0000] {logging_mixin.py:190} INFO - [2025-04-17T12:35:46.789+0000] {dag.py:4180} INFO - Setting next_dagrun for example_branch_datetime_operator_2 to 2025-04-16 00:00:00+00:00, run_after=2025-04-17 00:00:00+00:00
[2025-04-17T12:35:46.797+0000] {logging_mixin.py:190} INFO - [2025-04-17T12:35:46.796+0000] {dag.py:4180} INFO - Setting next_dagrun for example_branch_datetime_operator_3 to 2025-04-16 00:00:00+00:00, run_after=2025-04-17 00:00:00+00:00
[2025-04-17T12:35:46.847+0000] {processor.py:208} INFO - Processing /home/airflow/.local/lib/python3.12/site-packages/airflow/example_dags/example_branch_datetime_operator.py took 0.308 seconds
[2025-04-17T12:36:26.589+0000] {processor.py:186} INFO - Started process (PID=4421) to work on /home/airflow/.local/lib/python3.12/site-packages/airflow/example_dags/example_branch_datetime_operator.py
[2025-04-17T12:36:26.597+0000] {processor.py:914} INFO - Processing file /home/airflow/.local/lib/python3.12/site-packages/airflow/example_dags/example_branch_datetime_operator.py for tasks to queue
[2025-04-17T12:36:26.600+0000] {logging_mixin.py:190} INFO - [2025-04-17T12:36:26.599+0000] {dagbag.py:588} INFO - Filling up the DagBag from /home/airflow/.local/lib/python3.12/site-packages/airflow/example_dags/example_branch_datetime_operator.py
[2025-04-17T12:36:26.626+0000] {processor.py:925} INFO - DAG(s) 'example_branch_datetime_operator', 'example_branch_datetime_operator_3', 'example_branch_datetime_operator_2' retrieved from /home/airflow/.local/lib/python3.12/site-packages/airflow/example_dags/example_branch_datetime_operator.py
[2025-04-17T12:36:26.684+0000] {logging_mixin.py:190} INFO - [2025-04-17T12:36:26.683+0000] {dag.py:3239} INFO - Sync 3 DAGs
[2025-04-17T12:36:26.735+0000] {logging_mixin.py:190} INFO - [2025-04-17T12:36:26.734+0000] {dag.py:4180} INFO - Setting next_dagrun for example_branch_datetime_operator to 2025-04-16 00:00:00+00:00, run_after=2025-04-17 00:00:00+00:00
[2025-04-17T12:36:26.744+0000] {logging_mixin.py:190} INFO - [2025-04-17T12:36:26.744+0000] {dag.py:4180} INFO - Setting next_dagrun for example_branch_datetime_operator_2 to 2025-04-16 00:00:00+00:00, run_after=2025-04-17 00:00:00+00:00
[2025-04-17T12:36:26.749+0000] {logging_mixin.py:190} INFO - [2025-04-17T12:36:26.749+0000] {dag.py:4180} INFO - Setting next_dagrun for example_branch_datetime_operator_3 to 2025-04-16 00:00:00+00:00, run_after=2025-04-17 00:00:00+00:00
[2025-04-17T12:36:26.804+0000] {processor.py:208} INFO - Processing /home/airflow/.local/lib/python3.12/site-packages/airflow/example_dags/example_branch_datetime_operator.py took 0.231 seconds
[2025-04-17T12:37:23.618+0000] {processor.py:186} INFO - Started process (PID=4775) to work on /home/airflow/.local/lib/python3.12/site-packages/airflow/example_dags/example_branch_datetime_operator.py
[2025-04-17T12:37:23.725+0000] {processor.py:914} INFO - Processing file /home/airflow/.local/lib/python3.12/site-packages/airflow/example_dags/example_branch_datetime_operator.py for tasks to queue
[2025-04-17T12:37:23.728+0000] {logging_mixin.py:190} INFO - [2025-04-17T12:37:23.727+0000] {dagbag.py:588} INFO - Filling up the DagBag from /home/airflow/.local/lib/python3.12/site-packages/airflow/example_dags/example_branch_datetime_operator.py
[2025-04-17T12:37:23.749+0000] {processor.py:925} INFO - DAG(s) 'example_branch_datetime_operator', 'example_branch_datetime_operator_3', 'example_branch_datetime_operator_2' retrieved from /home/airflow/.local/lib/python3.12/site-packages/airflow/example_dags/example_branch_datetime_operator.py
[2025-04-17T12:37:23.800+0000] {logging_mixin.py:190} INFO - [2025-04-17T12:37:23.799+0000] {dag.py:3239} INFO - Sync 3 DAGs
[2025-04-17T12:37:23.908+0000] {logging_mixin.py:190} INFO - [2025-04-17T12:37:23.907+0000] {dag.py:4180} INFO - Setting next_dagrun for example_branch_datetime_operator to 2025-04-16 00:00:00+00:00, run_after=2025-04-17 00:00:00+00:00
[2025-04-17T12:37:23.947+0000] {logging_mixin.py:190} INFO - [2025-04-17T12:37:23.947+0000] {dag.py:4180} INFO - Setting next_dagrun for example_branch_datetime_operator_2 to 2025-04-16 00:00:00+00:00, run_after=2025-04-17 00:00:00+00:00
[2025-04-17T12:37:23.965+0000] {logging_mixin.py:190} INFO - [2025-04-17T12:37:23.964+0000] {dag.py:4180} INFO - Setting next_dagrun for example_branch_datetime_operator_3 to 2025-04-16 00:00:00+00:00, run_after=2025-04-17 00:00:00+00:00
[2025-04-17T12:37:24.081+0000] {processor.py:208} INFO - Processing /home/airflow/.local/lib/python3.12/site-packages/airflow/example_dags/example_branch_datetime_operator.py took 0.472 seconds
[2025-04-17T12:37:54.721+0000] {processor.py:186} INFO - Started process (PID=5082) to work on /home/airflow/.local/lib/python3.12/site-packages/airflow/example_dags/example_branch_datetime_operator.py
[2025-04-17T12:37:54.723+0000] {processor.py:914} INFO - Processing file /home/airflow/.local/lib/python3.12/site-packages/airflow/example_dags/example_branch_datetime_operator.py for tasks to queue
[2025-04-17T12:37:54.726+0000] {logging_mixin.py:190} INFO - [2025-04-17T12:37:54.725+0000] {dagbag.py:588} INFO - Filling up the DagBag from /home/airflow/.local/lib/python3.12/site-packages/airflow/example_dags/example_branch_datetime_operator.py
[2025-04-17T12:37:54.750+0000] {processor.py:925} INFO - DAG(s) 'example_branch_datetime_operator', 'example_branch_datetime_operator_3', 'example_branch_datetime_operator_2' retrieved from /home/airflow/.local/lib/python3.12/site-packages/airflow/example_dags/example_branch_datetime_operator.py
[2025-04-17T12:37:54.850+0000] {logging_mixin.py:190} INFO - [2025-04-17T12:37:54.849+0000] {dag.py:3239} INFO - Sync 3 DAGs
[2025-04-17T12:37:54.919+0000] {logging_mixin.py:190} INFO - [2025-04-17T12:37:54.918+0000] {dag.py:4180} INFO - Setting next_dagrun for example_branch_datetime_operator to 2025-04-16 00:00:00+00:00, run_after=2025-04-17 00:00:00+00:00
[2025-04-17T12:37:54.933+0000] {logging_mixin.py:190} INFO - [2025-04-17T12:37:54.932+0000] {dag.py:4180} INFO - Setting next_dagrun for example_branch_datetime_operator_2 to 2025-04-16 00:00:00+00:00, run_after=2025-04-17 00:00:00+00:00
[2025-04-17T12:37:54.939+0000] {logging_mixin.py:190} INFO - [2025-04-17T12:37:54.939+0000] {dag.py:4180} INFO - Setting next_dagrun for example_branch_datetime_operator_3 to 2025-04-16 00:00:00+00:00, run_after=2025-04-17 00:00:00+00:00
[2025-04-17T12:37:54.970+0000] {processor.py:208} INFO - Processing /home/airflow/.local/lib/python3.12/site-packages/airflow/example_dags/example_branch_datetime_operator.py took 0.262 seconds
[2025-04-17T12:38:25.213+0000] {processor.py:186} INFO - Started process (PID=5389) to work on /home/airflow/.local/lib/python3.12/site-packages/airflow/example_dags/example_branch_datetime_operator.py
[2025-04-17T12:38:25.216+0000] {processor.py:914} INFO - Processing file /home/airflow/.local/lib/python3.12/site-packages/airflow/example_dags/example_branch_datetime_operator.py for tasks to queue
[2025-04-17T12:38:25.218+0000] {logging_mixin.py:190} INFO - [2025-04-17T12:38:25.218+0000] {dagbag.py:588} INFO - Filling up the DagBag from /home/airflow/.local/lib/python3.12/site-packages/airflow/example_dags/example_branch_datetime_operator.py
[2025-04-17T12:38:25.240+0000] {processor.py:925} INFO - DAG(s) 'example_branch_datetime_operator_3', 'example_branch_datetime_operator_2', 'example_branch_datetime_operator' retrieved from /home/airflow/.local/lib/python3.12/site-packages/airflow/example_dags/example_branch_datetime_operator.py
[2025-04-17T12:38:25.292+0000] {logging_mixin.py:190} INFO - [2025-04-17T12:38:25.291+0000] {dag.py:3239} INFO - Sync 3 DAGs
[2025-04-17T12:38:25.345+0000] {logging_mixin.py:190} INFO - [2025-04-17T12:38:25.344+0000] {dag.py:4180} INFO - Setting next_dagrun for example_branch_datetime_operator to 2025-04-16 00:00:00+00:00, run_after=2025-04-17 00:00:00+00:00
[2025-04-17T12:38:25.355+0000] {logging_mixin.py:190} INFO - [2025-04-17T12:38:25.355+0000] {dag.py:4180} INFO - Setting next_dagrun for example_branch_datetime_operator_2 to 2025-04-16 00:00:00+00:00, run_after=2025-04-17 00:00:00+00:00
[2025-04-17T12:38:25.361+0000] {logging_mixin.py:190} INFO - [2025-04-17T12:38:25.361+0000] {dag.py:4180} INFO - Setting next_dagrun for example_branch_datetime_operator_3 to 2025-04-16 00:00:00+00:00, run_after=2025-04-17 00:00:00+00:00
[2025-04-17T12:38:25.389+0000] {processor.py:208} INFO - Processing /home/airflow/.local/lib/python3.12/site-packages/airflow/example_dags/example_branch_datetime_operator.py took 0.185 seconds
[2025-04-17T12:38:56.316+0000] {processor.py:186} INFO - Started process (PID=5696) to work on /home/airflow/.local/lib/python3.12/site-packages/airflow/example_dags/example_branch_datetime_operator.py
[2025-04-17T12:38:56.318+0000] {processor.py:914} INFO - Processing file /home/airflow/.local/lib/python3.12/site-packages/airflow/example_dags/example_branch_datetime_operator.py for tasks to queue
[2025-04-17T12:38:56.322+0000] {logging_mixin.py:190} INFO - [2025-04-17T12:38:56.321+0000] {dagbag.py:588} INFO - Filling up the DagBag from /home/airflow/.local/lib/python3.12/site-packages/airflow/example_dags/example_branch_datetime_operator.py
[2025-04-17T12:38:56.357+0000] {processor.py:925} INFO - DAG(s) 'example_branch_datetime_operator_2', 'example_branch_datetime_operator_3', 'example_branch_datetime_operator' retrieved from /home/airflow/.local/lib/python3.12/site-packages/airflow/example_dags/example_branch_datetime_operator.py
[2025-04-17T12:38:56.422+0000] {logging_mixin.py:190} INFO - [2025-04-17T12:38:56.422+0000] {dag.py:3239} INFO - Sync 3 DAGs
[2025-04-17T12:38:56.492+0000] {logging_mixin.py:190} INFO - [2025-04-17T12:38:56.491+0000] {dag.py:4180} INFO - Setting next_dagrun for example_branch_datetime_operator to 2025-04-16 00:00:00+00:00, run_after=2025-04-17 00:00:00+00:00
[2025-04-17T12:38:56.504+0000] {logging_mixin.py:190} INFO - [2025-04-17T12:38:56.503+0000] {dag.py:4180} INFO - Setting next_dagrun for example_branch_datetime_operator_2 to 2025-04-16 00:00:00+00:00, run_after=2025-04-17 00:00:00+00:00
[2025-04-17T12:38:56.513+0000] {logging_mixin.py:190} INFO - [2025-04-17T12:38:56.512+0000] {dag.py:4180} INFO - Setting next_dagrun for example_branch_datetime_operator_3 to 2025-04-16 00:00:00+00:00, run_after=2025-04-17 00:00:00+00:00
[2025-04-17T12:38:56.604+0000] {processor.py:208} INFO - Processing /home/airflow/.local/lib/python3.12/site-packages/airflow/example_dags/example_branch_datetime_operator.py took 0.302 seconds
[2025-04-17T12:39:27.538+0000] {processor.py:186} INFO - Started process (PID=6003) to work on /home/airflow/.local/lib/python3.12/site-packages/airflow/example_dags/example_branch_datetime_operator.py
[2025-04-17T12:39:27.543+0000] {processor.py:914} INFO - Processing file /home/airflow/.local/lib/python3.12/site-packages/airflow/example_dags/example_branch_datetime_operator.py for tasks to queue
[2025-04-17T12:39:27.548+0000] {logging_mixin.py:190} INFO - [2025-04-17T12:39:27.547+0000] {dagbag.py:588} INFO - Filling up the DagBag from /home/airflow/.local/lib/python3.12/site-packages/airflow/example_dags/example_branch_datetime_operator.py
[2025-04-17T12:39:27.591+0000] {processor.py:925} INFO - DAG(s) 'example_branch_datetime_operator_2', 'example_branch_datetime_operator_3', 'example_branch_datetime_operator' retrieved from /home/airflow/.local/lib/python3.12/site-packages/airflow/example_dags/example_branch_datetime_operator.py
[2025-04-17T12:39:27.683+0000] {logging_mixin.py:190} INFO - [2025-04-17T12:39:27.681+0000] {dag.py:3239} INFO - Sync 3 DAGs
[2025-04-17T12:39:27.783+0000] {logging_mixin.py:190} INFO - [2025-04-17T12:39:27.783+0000] {dag.py:4180} INFO - Setting next_dagrun for example_branch_datetime_operator to 2025-04-16 00:00:00+00:00, run_after=2025-04-17 00:00:00+00:00
[2025-04-17T12:39:27.803+0000] {logging_mixin.py:190} INFO - [2025-04-17T12:39:27.803+0000] {dag.py:4180} INFO - Setting next_dagrun for example_branch_datetime_operator_2 to 2025-04-16 00:00:00+00:00, run_after=2025-04-17 00:00:00+00:00
[2025-04-17T12:39:27.812+0000] {logging_mixin.py:190} INFO - [2025-04-17T12:39:27.811+0000] {dag.py:4180} INFO - Setting next_dagrun for example_branch_datetime_operator_3 to 2025-04-16 00:00:00+00:00, run_after=2025-04-17 00:00:00+00:00
[2025-04-17T12:39:27.864+0000] {processor.py:208} INFO - Processing /home/airflow/.local/lib/python3.12/site-packages/airflow/example_dags/example_branch_datetime_operator.py took 0.348 seconds
[2025-04-17T12:40:00.473+0000] {processor.py:186} INFO - Started process (PID=6336) to work on /home/airflow/.local/lib/python3.12/site-packages/airflow/example_dags/example_branch_datetime_operator.py
[2025-04-17T12:40:00.475+0000] {processor.py:914} INFO - Processing file /home/airflow/.local/lib/python3.12/site-packages/airflow/example_dags/example_branch_datetime_operator.py for tasks to queue
[2025-04-17T12:40:00.478+0000] {logging_mixin.py:190} INFO - [2025-04-17T12:40:00.477+0000] {dagbag.py:588} INFO - Filling up the DagBag from /home/airflow/.local/lib/python3.12/site-packages/airflow/example_dags/example_branch_datetime_operator.py
[2025-04-17T12:40:00.515+0000] {processor.py:925} INFO - DAG(s) 'example_branch_datetime_operator_3', 'example_branch_datetime_operator_2', 'example_branch_datetime_operator' retrieved from /home/airflow/.local/lib/python3.12/site-packages/airflow/example_dags/example_branch_datetime_operator.py
[2025-04-17T12:40:00.606+0000] {logging_mixin.py:190} INFO - [2025-04-17T12:40:00.605+0000] {dag.py:3239} INFO - Sync 3 DAGs
[2025-04-17T12:40:00.683+0000] {logging_mixin.py:190} INFO - [2025-04-17T12:40:00.682+0000] {dag.py:4180} INFO - Setting next_dagrun for example_branch_datetime_operator to 2025-04-16 00:00:00+00:00, run_after=2025-04-17 00:00:00+00:00
[2025-04-17T12:40:00.697+0000] {logging_mixin.py:190} INFO - [2025-04-17T12:40:00.697+0000] {dag.py:4180} INFO - Setting next_dagrun for example_branch_datetime_operator_2 to 2025-04-16 00:00:00+00:00, run_after=2025-04-17 00:00:00+00:00
[2025-04-17T12:40:00.706+0000] {logging_mixin.py:190} INFO - [2025-04-17T12:40:00.705+0000] {dag.py:4180} INFO - Setting next_dagrun for example_branch_datetime_operator_3 to 2025-04-16 00:00:00+00:00, run_after=2025-04-17 00:00:00+00:00
[2025-04-17T12:40:00.766+0000] {processor.py:208} INFO - Processing /home/airflow/.local/lib/python3.12/site-packages/airflow/example_dags/example_branch_datetime_operator.py took 0.309 seconds
[2025-04-17T12:42:40.326+0000] {processor.py:186} INFO - Started process (PID=6812) to work on /home/airflow/.local/lib/python3.12/site-packages/airflow/example_dags/example_branch_datetime_operator.py
[2025-04-17T12:42:40.329+0000] {processor.py:914} INFO - Processing file /home/airflow/.local/lib/python3.12/site-packages/airflow/example_dags/example_branch_datetime_operator.py for tasks to queue
[2025-04-17T12:42:40.332+0000] {logging_mixin.py:190} INFO - [2025-04-17T12:42:40.331+0000] {dagbag.py:588} INFO - Filling up the DagBag from /home/airflow/.local/lib/python3.12/site-packages/airflow/example_dags/example_branch_datetime_operator.py
[2025-04-17T12:42:40.365+0000] {processor.py:925} INFO - DAG(s) 'example_branch_datetime_operator_2', 'example_branch_datetime_operator', 'example_branch_datetime_operator_3' retrieved from /home/airflow/.local/lib/python3.12/site-packages/airflow/example_dags/example_branch_datetime_operator.py
[2025-04-17T12:42:40.431+0000] {logging_mixin.py:190} INFO - [2025-04-17T12:42:40.430+0000] {dag.py:3239} INFO - Sync 3 DAGs
[2025-04-17T12:42:40.502+0000] {logging_mixin.py:190} INFO - [2025-04-17T12:42:40.501+0000] {dag.py:4180} INFO - Setting next_dagrun for example_branch_datetime_operator to 2025-04-16 00:00:00+00:00, run_after=2025-04-17 00:00:00+00:00
[2025-04-17T12:42:40.517+0000] {logging_mixin.py:190} INFO - [2025-04-17T12:42:40.516+0000] {dag.py:4180} INFO - Setting next_dagrun for example_branch_datetime_operator_2 to 2025-04-16 00:00:00+00:00, run_after=2025-04-17 00:00:00+00:00
[2025-04-17T12:42:40.524+0000] {logging_mixin.py:190} INFO - [2025-04-17T12:42:40.524+0000] {dag.py:4180} INFO - Setting next_dagrun for example_branch_datetime_operator_3 to 2025-04-16 00:00:00+00:00, run_after=2025-04-17 00:00:00+00:00
[2025-04-17T12:42:40.562+0000] {processor.py:208} INFO - Processing /home/airflow/.local/lib/python3.12/site-packages/airflow/example_dags/example_branch_datetime_operator.py took 0.250 seconds
[2025-04-17T12:43:12.511+0000] {processor.py:186} INFO - Started process (PID=7233) to work on /home/airflow/.local/lib/python3.12/site-packages/airflow/example_dags/example_branch_datetime_operator.py
[2025-04-17T12:43:12.514+0000] {processor.py:914} INFO - Processing file /home/airflow/.local/lib/python3.12/site-packages/airflow/example_dags/example_branch_datetime_operator.py for tasks to queue
[2025-04-17T12:43:12.518+0000] {logging_mixin.py:190} INFO - [2025-04-17T12:43:12.517+0000] {dagbag.py:588} INFO - Filling up the DagBag from /home/airflow/.local/lib/python3.12/site-packages/airflow/example_dags/example_branch_datetime_operator.py
[2025-04-17T12:43:12.557+0000] {processor.py:925} INFO - DAG(s) 'example_branch_datetime_operator', 'example_branch_datetime_operator_3', 'example_branch_datetime_operator_2' retrieved from /home/airflow/.local/lib/python3.12/site-packages/airflow/example_dags/example_branch_datetime_operator.py
[2025-04-17T12:43:12.630+0000] {logging_mixin.py:190} INFO - [2025-04-17T12:43:12.629+0000] {dag.py:3239} INFO - Sync 3 DAGs
[2025-04-17T12:43:12.737+0000] {logging_mixin.py:190} INFO - [2025-04-17T12:43:12.737+0000] {dag.py:4180} INFO - Setting next_dagrun for example_branch_datetime_operator to 2025-04-16 00:00:00+00:00, run_after=2025-04-17 00:00:00+00:00
[2025-04-17T12:43:12.756+0000] {logging_mixin.py:190} INFO - [2025-04-17T12:43:12.755+0000] {dag.py:4180} INFO - Setting next_dagrun for example_branch_datetime_operator_2 to 2025-04-16 00:00:00+00:00, run_after=2025-04-17 00:00:00+00:00
[2025-04-17T12:43:12.765+0000] {logging_mixin.py:190} INFO - [2025-04-17T12:43:12.765+0000] {dag.py:4180} INFO - Setting next_dagrun for example_branch_datetime_operator_3 to 2025-04-16 00:00:00+00:00, run_after=2025-04-17 00:00:00+00:00
[2025-04-17T12:43:12.836+0000] {processor.py:208} INFO - Processing /home/airflow/.local/lib/python3.12/site-packages/airflow/example_dags/example_branch_datetime_operator.py took 0.345 seconds
[2025-04-17T12:43:44.744+0000] {processor.py:186} INFO - Started process (PID=7541) to work on /home/airflow/.local/lib/python3.12/site-packages/airflow/example_dags/example_branch_datetime_operator.py
[2025-04-17T12:43:44.746+0000] {processor.py:914} INFO - Processing file /home/airflow/.local/lib/python3.12/site-packages/airflow/example_dags/example_branch_datetime_operator.py for tasks to queue
[2025-04-17T12:43:44.749+0000] {logging_mixin.py:190} INFO - [2025-04-17T12:43:44.748+0000] {dagbag.py:588} INFO - Filling up the DagBag from /home/airflow/.local/lib/python3.12/site-packages/airflow/example_dags/example_branch_datetime_operator.py
[2025-04-17T12:43:44.770+0000] {processor.py:925} INFO - DAG(s) 'example_branch_datetime_operator_2', 'example_branch_datetime_operator', 'example_branch_datetime_operator_3' retrieved from /home/airflow/.local/lib/python3.12/site-packages/airflow/example_dags/example_branch_datetime_operator.py
[2025-04-17T12:43:44.825+0000] {logging_mixin.py:190} INFO - [2025-04-17T12:43:44.825+0000] {dag.py:3239} INFO - Sync 3 DAGs
[2025-04-17T12:43:44.873+0000] {logging_mixin.py:190} INFO - [2025-04-17T12:43:44.873+0000] {dag.py:4180} INFO - Setting next_dagrun for example_branch_datetime_operator to 2025-04-16 00:00:00+00:00, run_after=2025-04-17 00:00:00+00:00
[2025-04-17T12:43:44.883+0000] {logging_mixin.py:190} INFO - [2025-04-17T12:43:44.882+0000] {dag.py:4180} INFO - Setting next_dagrun for example_branch_datetime_operator_2 to 2025-04-16 00:00:00+00:00, run_after=2025-04-17 00:00:00+00:00
[2025-04-17T12:43:44.890+0000] {logging_mixin.py:190} INFO - [2025-04-17T12:43:44.889+0000] {dag.py:4180} INFO - Setting next_dagrun for example_branch_datetime_operator_3 to 2025-04-16 00:00:00+00:00, run_after=2025-04-17 00:00:00+00:00
[2025-04-17T12:43:44.916+0000] {processor.py:208} INFO - Processing /home/airflow/.local/lib/python3.12/site-packages/airflow/example_dags/example_branch_datetime_operator.py took 0.183 seconds
[2025-04-17T12:44:20.613+0000] {processor.py:186} INFO - Started process (PID=7918) to work on /home/airflow/.local/lib/python3.12/site-packages/airflow/example_dags/example_branch_datetime_operator.py
[2025-04-17T12:44:20.616+0000] {processor.py:914} INFO - Processing file /home/airflow/.local/lib/python3.12/site-packages/airflow/example_dags/example_branch_datetime_operator.py for tasks to queue
[2025-04-17T12:44:20.620+0000] {logging_mixin.py:190} INFO - [2025-04-17T12:44:20.619+0000] {dagbag.py:588} INFO - Filling up the DagBag from /home/airflow/.local/lib/python3.12/site-packages/airflow/example_dags/example_branch_datetime_operator.py
[2025-04-17T12:44:20.647+0000] {processor.py:925} INFO - DAG(s) 'example_branch_datetime_operator', 'example_branch_datetime_operator_2', 'example_branch_datetime_operator_3' retrieved from /home/airflow/.local/lib/python3.12/site-packages/airflow/example_dags/example_branch_datetime_operator.py
[2025-04-17T12:44:20.719+0000] {logging_mixin.py:190} INFO - [2025-04-17T12:44:20.719+0000] {dag.py:3239} INFO - Sync 3 DAGs
[2025-04-17T12:44:20.798+0000] {logging_mixin.py:190} INFO - [2025-04-17T12:44:20.798+0000] {dag.py:4180} INFO - Setting next_dagrun for example_branch_datetime_operator to 2025-04-16 00:00:00+00:00, run_after=2025-04-17 00:00:00+00:00
[2025-04-17T12:44:20.816+0000] {logging_mixin.py:190} INFO - [2025-04-17T12:44:20.815+0000] {dag.py:4180} INFO - Setting next_dagrun for example_branch_datetime_operator_2 to 2025-04-16 00:00:00+00:00, run_after=2025-04-17 00:00:00+00:00
[2025-04-17T12:44:20.823+0000] {logging_mixin.py:190} INFO - [2025-04-17T12:44:20.823+0000] {dag.py:4180} INFO - Setting next_dagrun for example_branch_datetime_operator_3 to 2025-04-16 00:00:00+00:00, run_after=2025-04-17 00:00:00+00:00
[2025-04-17T12:44:20.866+0000] {processor.py:208} INFO - Processing /home/airflow/.local/lib/python3.12/site-packages/airflow/example_dags/example_branch_datetime_operator.py took 0.271 seconds
[2025-04-17T12:44:52.080+0000] {processor.py:186} INFO - Started process (PID=8356) to work on /home/airflow/.local/lib/python3.12/site-packages/airflow/example_dags/example_branch_datetime_operator.py
[2025-04-17T12:44:52.083+0000] {processor.py:914} INFO - Processing file /home/airflow/.local/lib/python3.12/site-packages/airflow/example_dags/example_branch_datetime_operator.py for tasks to queue
[2025-04-17T12:44:52.085+0000] {logging_mixin.py:190} INFO - [2025-04-17T12:44:52.085+0000] {dagbag.py:588} INFO - Filling up the DagBag from /home/airflow/.local/lib/python3.12/site-packages/airflow/example_dags/example_branch_datetime_operator.py
[2025-04-17T12:44:52.113+0000] {processor.py:925} INFO - DAG(s) 'example_branch_datetime_operator_2', 'example_branch_datetime_operator', 'example_branch_datetime_operator_3' retrieved from /home/airflow/.local/lib/python3.12/site-packages/airflow/example_dags/example_branch_datetime_operator.py
[2025-04-17T12:44:52.173+0000] {logging_mixin.py:190} INFO - [2025-04-17T12:44:52.172+0000] {dag.py:3239} INFO - Sync 3 DAGs
[2025-04-17T12:44:52.228+0000] {logging_mixin.py:190} INFO - [2025-04-17T12:44:52.227+0000] {dag.py:4180} INFO - Setting next_dagrun for example_branch_datetime_operator to 2025-04-16 00:00:00+00:00, run_after=2025-04-17 00:00:00+00:00
[2025-04-17T12:44:52.238+0000] {logging_mixin.py:190} INFO - [2025-04-17T12:44:52.238+0000] {dag.py:4180} INFO - Setting next_dagrun for example_branch_datetime_operator_2 to 2025-04-16 00:00:00+00:00, run_after=2025-04-17 00:00:00+00:00
[2025-04-17T12:44:52.244+0000] {logging_mixin.py:190} INFO - [2025-04-17T12:44:52.243+0000] {dag.py:4180} INFO - Setting next_dagrun for example_branch_datetime_operator_3 to 2025-04-16 00:00:00+00:00, run_after=2025-04-17 00:00:00+00:00
[2025-04-17T12:44:52.275+0000] {processor.py:208} INFO - Processing /home/airflow/.local/lib/python3.12/site-packages/airflow/example_dags/example_branch_datetime_operator.py took 0.205 seconds
[2025-04-17T12:45:24.521+0000] {processor.py:186} INFO - Started process (PID=8669) to work on /home/airflow/.local/lib/python3.12/site-packages/airflow/example_dags/example_branch_datetime_operator.py
[2025-04-17T12:45:24.527+0000] {processor.py:914} INFO - Processing file /home/airflow/.local/lib/python3.12/site-packages/airflow/example_dags/example_branch_datetime_operator.py for tasks to queue
[2025-04-17T12:45:24.532+0000] {logging_mixin.py:190} INFO - [2025-04-17T12:45:24.531+0000] {dagbag.py:588} INFO - Filling up the DagBag from /home/airflow/.local/lib/python3.12/site-packages/airflow/example_dags/example_branch_datetime_operator.py
[2025-04-17T12:45:24.602+0000] {processor.py:925} INFO - DAG(s) 'example_branch_datetime_operator', 'example_branch_datetime_operator_2', 'example_branch_datetime_operator_3' retrieved from /home/airflow/.local/lib/python3.12/site-packages/airflow/example_dags/example_branch_datetime_operator.py
[2025-04-17T12:45:24.719+0000] {logging_mixin.py:190} INFO - [2025-04-17T12:45:24.718+0000] {dag.py:3239} INFO - Sync 3 DAGs
[2025-04-17T12:45:24.800+0000] {logging_mixin.py:190} INFO - [2025-04-17T12:45:24.799+0000] {dag.py:4180} INFO - Setting next_dagrun for example_branch_datetime_operator to 2025-04-16 00:00:00+00:00, run_after=2025-04-17 00:00:00+00:00
[2025-04-17T12:45:24.820+0000] {logging_mixin.py:190} INFO - [2025-04-17T12:45:24.819+0000] {dag.py:4180} INFO - Setting next_dagrun for example_branch_datetime_operator_2 to 2025-04-16 00:00:00+00:00, run_after=2025-04-17 00:00:00+00:00
[2025-04-17T12:45:24.828+0000] {logging_mixin.py:190} INFO - [2025-04-17T12:45:24.827+0000] {dag.py:4180} INFO - Setting next_dagrun for example_branch_datetime_operator_3 to 2025-04-16 00:00:00+00:00, run_after=2025-04-17 00:00:00+00:00
[2025-04-17T12:45:24.872+0000] {processor.py:208} INFO - Processing /home/airflow/.local/lib/python3.12/site-packages/airflow/example_dags/example_branch_datetime_operator.py took 0.369 seconds
[2025-04-17T12:45:56.737+0000] {processor.py:186} INFO - Started process (PID=8976) to work on /home/airflow/.local/lib/python3.12/site-packages/airflow/example_dags/example_branch_datetime_operator.py
[2025-04-17T12:45:56.739+0000] {processor.py:914} INFO - Processing file /home/airflow/.local/lib/python3.12/site-packages/airflow/example_dags/example_branch_datetime_operator.py for tasks to queue
[2025-04-17T12:45:56.742+0000] {logging_mixin.py:190} INFO - [2025-04-17T12:45:56.741+0000] {dagbag.py:588} INFO - Filling up the DagBag from /home/airflow/.local/lib/python3.12/site-packages/airflow/example_dags/example_branch_datetime_operator.py
[2025-04-17T12:45:56.765+0000] {processor.py:925} INFO - DAG(s) 'example_branch_datetime_operator_2', 'example_branch_datetime_operator_3', 'example_branch_datetime_operator' retrieved from /home/airflow/.local/lib/python3.12/site-packages/airflow/example_dags/example_branch_datetime_operator.py
[2025-04-17T12:45:56.812+0000] {logging_mixin.py:190} INFO - [2025-04-17T12:45:56.812+0000] {dag.py:3239} INFO - Sync 3 DAGs
[2025-04-17T12:45:56.858+0000] {logging_mixin.py:190} INFO - [2025-04-17T12:45:56.858+0000] {dag.py:4180} INFO - Setting next_dagrun for example_branch_datetime_operator to 2025-04-16 00:00:00+00:00, run_after=2025-04-17 00:00:00+00:00
[2025-04-17T12:45:56.868+0000] {logging_mixin.py:190} INFO - [2025-04-17T12:45:56.868+0000] {dag.py:4180} INFO - Setting next_dagrun for example_branch_datetime_operator_2 to 2025-04-16 00:00:00+00:00, run_after=2025-04-17 00:00:00+00:00
[2025-04-17T12:45:56.998+0000] {logging_mixin.py:190} INFO - [2025-04-17T12:45:56.998+0000] {dag.py:4180} INFO - Setting next_dagrun for example_branch_datetime_operator_3 to 2025-04-16 00:00:00+00:00, run_after=2025-04-17 00:00:00+00:00
[2025-04-17T12:45:57.458+0000] {processor.py:208} INFO - Processing /home/airflow/.local/lib/python3.12/site-packages/airflow/example_dags/example_branch_datetime_operator.py took 0.731 seconds
[2025-04-17T12:46:28.192+0000] {processor.py:186} INFO - Started process (PID=9283) to work on /home/airflow/.local/lib/python3.12/site-packages/airflow/example_dags/example_branch_datetime_operator.py
[2025-04-17T12:46:28.194+0000] {processor.py:914} INFO - Processing file /home/airflow/.local/lib/python3.12/site-packages/airflow/example_dags/example_branch_datetime_operator.py for tasks to queue
[2025-04-17T12:46:28.197+0000] {logging_mixin.py:190} INFO - [2025-04-17T12:46:28.196+0000] {dagbag.py:588} INFO - Filling up the DagBag from /home/airflow/.local/lib/python3.12/site-packages/airflow/example_dags/example_branch_datetime_operator.py
[2025-04-17T12:46:28.224+0000] {processor.py:925} INFO - DAG(s) 'example_branch_datetime_operator_3', 'example_branch_datetime_operator', 'example_branch_datetime_operator_2' retrieved from /home/airflow/.local/lib/python3.12/site-packages/airflow/example_dags/example_branch_datetime_operator.py
[2025-04-17T12:46:28.285+0000] {logging_mixin.py:190} INFO - [2025-04-17T12:46:28.285+0000] {dag.py:3239} INFO - Sync 3 DAGs
[2025-04-17T12:46:28.344+0000] {logging_mixin.py:190} INFO - [2025-04-17T12:46:28.344+0000] {dag.py:4180} INFO - Setting next_dagrun for example_branch_datetime_operator to 2025-04-16 00:00:00+00:00, run_after=2025-04-17 00:00:00+00:00
[2025-04-17T12:46:28.355+0000] {logging_mixin.py:190} INFO - [2025-04-17T12:46:28.355+0000] {dag.py:4180} INFO - Setting next_dagrun for example_branch_datetime_operator_2 to 2025-04-16 00:00:00+00:00, run_after=2025-04-17 00:00:00+00:00
[2025-04-17T12:46:28.361+0000] {logging_mixin.py:190} INFO - [2025-04-17T12:46:28.361+0000] {dag.py:4180} INFO - Setting next_dagrun for example_branch_datetime_operator_3 to 2025-04-16 00:00:00+00:00, run_after=2025-04-17 00:00:00+00:00
[2025-04-17T12:46:28.395+0000] {processor.py:208} INFO - Processing /home/airflow/.local/lib/python3.12/site-packages/airflow/example_dags/example_branch_datetime_operator.py took 0.214 seconds
[2025-04-17T12:47:00.206+0000] {processor.py:186} INFO - Started process (PID=9590) to work on /home/airflow/.local/lib/python3.12/site-packages/airflow/example_dags/example_branch_datetime_operator.py
[2025-04-17T12:47:00.208+0000] {processor.py:914} INFO - Processing file /home/airflow/.local/lib/python3.12/site-packages/airflow/example_dags/example_branch_datetime_operator.py for tasks to queue
[2025-04-17T12:47:00.211+0000] {logging_mixin.py:190} INFO - [2025-04-17T12:47:00.210+0000] {dagbag.py:588} INFO - Filling up the DagBag from /home/airflow/.local/lib/python3.12/site-packages/airflow/example_dags/example_branch_datetime_operator.py
[2025-04-17T12:47:00.233+0000] {processor.py:925} INFO - DAG(s) 'example_branch_datetime_operator', 'example_branch_datetime_operator_3', 'example_branch_datetime_operator_2' retrieved from /home/airflow/.local/lib/python3.12/site-packages/airflow/example_dags/example_branch_datetime_operator.py
[2025-04-17T12:47:00.284+0000] {logging_mixin.py:190} INFO - [2025-04-17T12:47:00.283+0000] {dag.py:3239} INFO - Sync 3 DAGs
[2025-04-17T12:47:00.333+0000] {logging_mixin.py:190} INFO - [2025-04-17T12:47:00.333+0000] {dag.py:4180} INFO - Setting next_dagrun for example_branch_datetime_operator to 2025-04-16 00:00:00+00:00, run_after=2025-04-17 00:00:00+00:00
[2025-04-17T12:47:00.344+0000] {logging_mixin.py:190} INFO - [2025-04-17T12:47:00.343+0000] {dag.py:4180} INFO - Setting next_dagrun for example_branch_datetime_operator_2 to 2025-04-16 00:00:00+00:00, run_after=2025-04-17 00:00:00+00:00
[2025-04-17T12:47:00.353+0000] {logging_mixin.py:190} INFO - [2025-04-17T12:47:00.352+0000] {dag.py:4180} INFO - Setting next_dagrun for example_branch_datetime_operator_3 to 2025-04-16 00:00:00+00:00, run_after=2025-04-17 00:00:00+00:00
[2025-04-17T12:47:00.399+0000] {processor.py:208} INFO - Processing /home/airflow/.local/lib/python3.12/site-packages/airflow/example_dags/example_branch_datetime_operator.py took 0.204 seconds
[2025-04-17T12:47:32.313+0000] {processor.py:186} INFO - Started process (PID=9895) to work on /home/airflow/.local/lib/python3.12/site-packages/airflow/example_dags/example_branch_datetime_operator.py
[2025-04-17T12:47:32.315+0000] {processor.py:914} INFO - Processing file /home/airflow/.local/lib/python3.12/site-packages/airflow/example_dags/example_branch_datetime_operator.py for tasks to queue
[2025-04-17T12:47:32.318+0000] {logging_mixin.py:190} INFO - [2025-04-17T12:47:32.317+0000] {dagbag.py:588} INFO - Filling up the DagBag from /home/airflow/.local/lib/python3.12/site-packages/airflow/example_dags/example_branch_datetime_operator.py
[2025-04-17T12:47:32.350+0000] {processor.py:925} INFO - DAG(s) 'example_branch_datetime_operator', 'example_branch_datetime_operator_2', 'example_branch_datetime_operator_3' retrieved from /home/airflow/.local/lib/python3.12/site-packages/airflow/example_dags/example_branch_datetime_operator.py
[2025-04-17T12:47:32.403+0000] {logging_mixin.py:190} INFO - [2025-04-17T12:47:32.403+0000] {dag.py:3239} INFO - Sync 3 DAGs
[2025-04-17T12:47:32.454+0000] {logging_mixin.py:190} INFO - [2025-04-17T12:47:32.453+0000] {dag.py:4180} INFO - Setting next_dagrun for example_branch_datetime_operator to 2025-04-16 00:00:00+00:00, run_after=2025-04-17 00:00:00+00:00
[2025-04-17T12:47:32.463+0000] {logging_mixin.py:190} INFO - [2025-04-17T12:47:32.463+0000] {dag.py:4180} INFO - Setting next_dagrun for example_branch_datetime_operator_2 to 2025-04-16 00:00:00+00:00, run_after=2025-04-17 00:00:00+00:00
[2025-04-17T12:47:32.468+0000] {logging_mixin.py:190} INFO - [2025-04-17T12:47:32.468+0000] {dag.py:4180} INFO - Setting next_dagrun for example_branch_datetime_operator_3 to 2025-04-16 00:00:00+00:00, run_after=2025-04-17 00:00:00+00:00
[2025-04-17T12:47:32.502+0000] {processor.py:208} INFO - Processing /home/airflow/.local/lib/python3.12/site-packages/airflow/example_dags/example_branch_datetime_operator.py took 0.200 seconds
[2025-04-17T12:48:04.223+0000] {processor.py:186} INFO - Started process (PID=10202) to work on /home/airflow/.local/lib/python3.12/site-packages/airflow/example_dags/example_branch_datetime_operator.py
[2025-04-17T12:48:04.225+0000] {processor.py:914} INFO - Processing file /home/airflow/.local/lib/python3.12/site-packages/airflow/example_dags/example_branch_datetime_operator.py for tasks to queue
[2025-04-17T12:48:04.228+0000] {logging_mixin.py:190} INFO - [2025-04-17T12:48:04.227+0000] {dagbag.py:588} INFO - Filling up the DagBag from /home/airflow/.local/lib/python3.12/site-packages/airflow/example_dags/example_branch_datetime_operator.py
[2025-04-17T12:48:04.253+0000] {processor.py:925} INFO - DAG(s) 'example_branch_datetime_operator', 'example_branch_datetime_operator_2', 'example_branch_datetime_operator_3' retrieved from /home/airflow/.local/lib/python3.12/site-packages/airflow/example_dags/example_branch_datetime_operator.py
[2025-04-17T12:48:04.304+0000] {logging_mixin.py:190} INFO - [2025-04-17T12:48:04.304+0000] {dag.py:3239} INFO - Sync 3 DAGs
[2025-04-17T12:48:04.404+0000] {logging_mixin.py:190} INFO - [2025-04-17T12:48:04.403+0000] {dag.py:4180} INFO - Setting next_dagrun for example_branch_datetime_operator to 2025-04-16 00:00:00+00:00, run_after=2025-04-17 00:00:00+00:00
[2025-04-17T12:48:04.417+0000] {logging_mixin.py:190} INFO - [2025-04-17T12:48:04.417+0000] {dag.py:4180} INFO - Setting next_dagrun for example_branch_datetime_operator_2 to 2025-04-16 00:00:00+00:00, run_after=2025-04-17 00:00:00+00:00
[2025-04-17T12:48:04.425+0000] {logging_mixin.py:190} INFO - [2025-04-17T12:48:04.424+0000] {dag.py:4180} INFO - Setting next_dagrun for example_branch_datetime_operator_3 to 2025-04-16 00:00:00+00:00, run_after=2025-04-17 00:00:00+00:00
[2025-04-17T12:48:04.464+0000] {processor.py:208} INFO - Processing /home/airflow/.local/lib/python3.12/site-packages/airflow/example_dags/example_branch_datetime_operator.py took 0.252 seconds
[2025-04-17T12:48:37.457+0000] {processor.py:186} INFO - Started process (PID=10511) to work on /home/airflow/.local/lib/python3.12/site-packages/airflow/example_dags/example_branch_datetime_operator.py
[2025-04-17T12:48:37.460+0000] {processor.py:914} INFO - Processing file /home/airflow/.local/lib/python3.12/site-packages/airflow/example_dags/example_branch_datetime_operator.py for tasks to queue
[2025-04-17T12:48:37.463+0000] {logging_mixin.py:190} INFO - [2025-04-17T12:48:37.462+0000] {dagbag.py:588} INFO - Filling up the DagBag from /home/airflow/.local/lib/python3.12/site-packages/airflow/example_dags/example_branch_datetime_operator.py
[2025-04-17T12:48:37.496+0000] {processor.py:925} INFO - DAG(s) 'example_branch_datetime_operator_3', 'example_branch_datetime_operator_2', 'example_branch_datetime_operator' retrieved from /home/airflow/.local/lib/python3.12/site-packages/airflow/example_dags/example_branch_datetime_operator.py
[2025-04-17T12:48:37.565+0000] {logging_mixin.py:190} INFO - [2025-04-17T12:48:37.565+0000] {dag.py:3239} INFO - Sync 3 DAGs
[2025-04-17T12:48:37.628+0000] {logging_mixin.py:190} INFO - [2025-04-17T12:48:37.627+0000] {dag.py:4180} INFO - Setting next_dagrun for example_branch_datetime_operator to 2025-04-16 00:00:00+00:00, run_after=2025-04-17 00:00:00+00:00
[2025-04-17T12:48:37.641+0000] {logging_mixin.py:190} INFO - [2025-04-17T12:48:37.640+0000] {dag.py:4180} INFO - Setting next_dagrun for example_branch_datetime_operator_2 to 2025-04-16 00:00:00+00:00, run_after=2025-04-17 00:00:00+00:00
[2025-04-17T12:48:37.649+0000] {logging_mixin.py:190} INFO - [2025-04-17T12:48:37.648+0000] {dag.py:4180} INFO - Setting next_dagrun for example_branch_datetime_operator_3 to 2025-04-16 00:00:00+00:00, run_after=2025-04-17 00:00:00+00:00
[2025-04-17T12:48:37.688+0000] {processor.py:208} INFO - Processing /home/airflow/.local/lib/python3.12/site-packages/airflow/example_dags/example_branch_datetime_operator.py took 0.248 seconds
[2025-04-17T12:49:09.613+0000] {processor.py:186} INFO - Started process (PID=10818) to work on /home/airflow/.local/lib/python3.12/site-packages/airflow/example_dags/example_branch_datetime_operator.py
[2025-04-17T12:49:09.615+0000] {processor.py:914} INFO - Processing file /home/airflow/.local/lib/python3.12/site-packages/airflow/example_dags/example_branch_datetime_operator.py for tasks to queue
[2025-04-17T12:49:09.617+0000] {logging_mixin.py:190} INFO - [2025-04-17T12:49:09.616+0000] {dagbag.py:588} INFO - Filling up the DagBag from /home/airflow/.local/lib/python3.12/site-packages/airflow/example_dags/example_branch_datetime_operator.py
[2025-04-17T12:49:09.642+0000] {processor.py:925} INFO - DAG(s) 'example_branch_datetime_operator', 'example_branch_datetime_operator_3', 'example_branch_datetime_operator_2' retrieved from /home/airflow/.local/lib/python3.12/site-packages/airflow/example_dags/example_branch_datetime_operator.py
[2025-04-17T12:49:09.701+0000] {logging_mixin.py:190} INFO - [2025-04-17T12:49:09.701+0000] {dag.py:3239} INFO - Sync 3 DAGs
[2025-04-17T12:49:09.769+0000] {logging_mixin.py:190} INFO - [2025-04-17T12:49:09.769+0000] {dag.py:4180} INFO - Setting next_dagrun for example_branch_datetime_operator to 2025-04-16 00:00:00+00:00, run_after=2025-04-17 00:00:00+00:00
[2025-04-17T12:49:09.782+0000] {logging_mixin.py:190} INFO - [2025-04-17T12:49:09.782+0000] {dag.py:4180} INFO - Setting next_dagrun for example_branch_datetime_operator_2 to 2025-04-16 00:00:00+00:00, run_after=2025-04-17 00:00:00+00:00
[2025-04-17T12:49:09.791+0000] {logging_mixin.py:190} INFO - [2025-04-17T12:49:09.791+0000] {dag.py:4180} INFO - Setting next_dagrun for example_branch_datetime_operator_3 to 2025-04-16 00:00:00+00:00, run_after=2025-04-17 00:00:00+00:00
[2025-04-17T12:49:09.833+0000] {processor.py:208} INFO - Processing /home/airflow/.local/lib/python3.12/site-packages/airflow/example_dags/example_branch_datetime_operator.py took 0.230 seconds
[2025-04-17T12:49:41.501+0000] {processor.py:186} INFO - Started process (PID=11123) to work on /home/airflow/.local/lib/python3.12/site-packages/airflow/example_dags/example_branch_datetime_operator.py
[2025-04-17T12:49:41.504+0000] {processor.py:914} INFO - Processing file /home/airflow/.local/lib/python3.12/site-packages/airflow/example_dags/example_branch_datetime_operator.py for tasks to queue
[2025-04-17T12:49:41.508+0000] {logging_mixin.py:190} INFO - [2025-04-17T12:49:41.507+0000] {dagbag.py:588} INFO - Filling up the DagBag from /home/airflow/.local/lib/python3.12/site-packages/airflow/example_dags/example_branch_datetime_operator.py
[2025-04-17T12:49:41.548+0000] {processor.py:925} INFO - DAG(s) 'example_branch_datetime_operator_2', 'example_branch_datetime_operator_3', 'example_branch_datetime_operator' retrieved from /home/airflow/.local/lib/python3.12/site-packages/airflow/example_dags/example_branch_datetime_operator.py
[2025-04-17T12:49:41.618+0000] {logging_mixin.py:190} INFO - [2025-04-17T12:49:41.617+0000] {dag.py:3239} INFO - Sync 3 DAGs
[2025-04-17T12:49:41.688+0000] {logging_mixin.py:190} INFO - [2025-04-17T12:49:41.688+0000] {dag.py:4180} INFO - Setting next_dagrun for example_branch_datetime_operator to 2025-04-16 00:00:00+00:00, run_after=2025-04-17 00:00:00+00:00
[2025-04-17T12:49:41.701+0000] {logging_mixin.py:190} INFO - [2025-04-17T12:49:41.700+0000] {dag.py:4180} INFO - Setting next_dagrun for example_branch_datetime_operator_2 to 2025-04-16 00:00:00+00:00, run_after=2025-04-17 00:00:00+00:00
[2025-04-17T12:49:41.709+0000] {logging_mixin.py:190} INFO - [2025-04-17T12:49:41.709+0000] {dag.py:4180} INFO - Setting next_dagrun for example_branch_datetime_operator_3 to 2025-04-16 00:00:00+00:00, run_after=2025-04-17 00:00:00+00:00
[2025-04-17T12:49:41.758+0000] {processor.py:208} INFO - Processing /home/airflow/.local/lib/python3.12/site-packages/airflow/example_dags/example_branch_datetime_operator.py took 0.274 seconds
[2025-04-17T12:50:14.657+0000] {processor.py:186} INFO - Started process (PID=11432) to work on /home/airflow/.local/lib/python3.12/site-packages/airflow/example_dags/example_branch_datetime_operator.py
[2025-04-17T12:50:14.660+0000] {processor.py:914} INFO - Processing file /home/airflow/.local/lib/python3.12/site-packages/airflow/example_dags/example_branch_datetime_operator.py for tasks to queue
[2025-04-17T12:50:14.668+0000] {logging_mixin.py:190} INFO - [2025-04-17T12:50:14.667+0000] {dagbag.py:588} INFO - Filling up the DagBag from /home/airflow/.local/lib/python3.12/site-packages/airflow/example_dags/example_branch_datetime_operator.py
[2025-04-17T12:50:14.722+0000] {processor.py:925} INFO - DAG(s) 'example_branch_datetime_operator', 'example_branch_datetime_operator_3', 'example_branch_datetime_operator_2' retrieved from /home/airflow/.local/lib/python3.12/site-packages/airflow/example_dags/example_branch_datetime_operator.py
[2025-04-17T12:50:14.826+0000] {logging_mixin.py:190} INFO - [2025-04-17T12:50:14.825+0000] {dag.py:3239} INFO - Sync 3 DAGs
[2025-04-17T12:50:14.929+0000] {logging_mixin.py:190} INFO - [2025-04-17T12:50:14.929+0000] {dag.py:4180} INFO - Setting next_dagrun for example_branch_datetime_operator to 2025-04-16 00:00:00+00:00, run_after=2025-04-17 00:00:00+00:00
[2025-04-17T12:50:14.945+0000] {logging_mixin.py:190} INFO - [2025-04-17T12:50:14.945+0000] {dag.py:4180} INFO - Setting next_dagrun for example_branch_datetime_operator_2 to 2025-04-16 00:00:00+00:00, run_after=2025-04-17 00:00:00+00:00
[2025-04-17T12:50:14.953+0000] {logging_mixin.py:190} INFO - [2025-04-17T12:50:14.952+0000] {dag.py:4180} INFO - Setting next_dagrun for example_branch_datetime_operator_3 to 2025-04-16 00:00:00+00:00, run_after=2025-04-17 00:00:00+00:00
[2025-04-17T12:50:15.003+0000] {processor.py:208} INFO - Processing /home/airflow/.local/lib/python3.12/site-packages/airflow/example_dags/example_branch_datetime_operator.py took 0.361 seconds
[2025-04-17T12:50:46.954+0000] {processor.py:186} INFO - Started process (PID=11752) to work on /home/airflow/.local/lib/python3.12/site-packages/airflow/example_dags/example_branch_datetime_operator.py
[2025-04-17T12:50:46.957+0000] {processor.py:914} INFO - Processing file /home/airflow/.local/lib/python3.12/site-packages/airflow/example_dags/example_branch_datetime_operator.py for tasks to queue
[2025-04-17T12:50:46.959+0000] {logging_mixin.py:190} INFO - [2025-04-17T12:50:46.959+0000] {dagbag.py:588} INFO - Filling up the DagBag from /home/airflow/.local/lib/python3.12/site-packages/airflow/example_dags/example_branch_datetime_operator.py
[2025-04-17T12:50:46.984+0000] {processor.py:925} INFO - DAG(s) 'example_branch_datetime_operator', 'example_branch_datetime_operator_3', 'example_branch_datetime_operator_2' retrieved from /home/airflow/.local/lib/python3.12/site-packages/airflow/example_dags/example_branch_datetime_operator.py
[2025-04-17T12:50:47.044+0000] {logging_mixin.py:190} INFO - [2025-04-17T12:50:47.044+0000] {dag.py:3239} INFO - Sync 3 DAGs
[2025-04-17T12:50:47.109+0000] {logging_mixin.py:190} INFO - [2025-04-17T12:50:47.109+0000] {dag.py:4180} INFO - Setting next_dagrun for example_branch_datetime_operator to 2025-04-16 00:00:00+00:00, run_after=2025-04-17 00:00:00+00:00
[2025-04-17T12:50:47.121+0000] {logging_mixin.py:190} INFO - [2025-04-17T12:50:47.121+0000] {dag.py:4180} INFO - Setting next_dagrun for example_branch_datetime_operator_2 to 2025-04-16 00:00:00+00:00, run_after=2025-04-17 00:00:00+00:00
[2025-04-17T12:50:47.129+0000] {logging_mixin.py:190} INFO - [2025-04-17T12:50:47.129+0000] {dag.py:4180} INFO - Setting next_dagrun for example_branch_datetime_operator_3 to 2025-04-16 00:00:00+00:00, run_after=2025-04-17 00:00:00+00:00
[2025-04-17T12:50:47.170+0000] {processor.py:208} INFO - Processing /home/airflow/.local/lib/python3.12/site-packages/airflow/example_dags/example_branch_datetime_operator.py took 0.230 seconds
[2025-04-17T12:51:18.658+0000] {processor.py:186} INFO - Started process (PID=12059) to work on /home/airflow/.local/lib/python3.12/site-packages/airflow/example_dags/example_branch_datetime_operator.py
[2025-04-17T12:51:18.660+0000] {processor.py:914} INFO - Processing file /home/airflow/.local/lib/python3.12/site-packages/airflow/example_dags/example_branch_datetime_operator.py for tasks to queue
[2025-04-17T12:51:18.663+0000] {logging_mixin.py:190} INFO - [2025-04-17T12:51:18.662+0000] {dagbag.py:588} INFO - Filling up the DagBag from /home/airflow/.local/lib/python3.12/site-packages/airflow/example_dags/example_branch_datetime_operator.py
[2025-04-17T12:51:18.686+0000] {processor.py:925} INFO - DAG(s) 'example_branch_datetime_operator_3', 'example_branch_datetime_operator_2', 'example_branch_datetime_operator' retrieved from /home/airflow/.local/lib/python3.12/site-packages/airflow/example_dags/example_branch_datetime_operator.py
[2025-04-17T12:51:18.749+0000] {logging_mixin.py:190} INFO - [2025-04-17T12:51:18.748+0000] {dag.py:3239} INFO - Sync 3 DAGs
[2025-04-17T12:51:18.801+0000] {logging_mixin.py:190} INFO - [2025-04-17T12:51:18.801+0000] {dag.py:4180} INFO - Setting next_dagrun for example_branch_datetime_operator to 2025-04-16 00:00:00+00:00, run_after=2025-04-17 00:00:00+00:00
[2025-04-17T12:51:18.811+0000] {logging_mixin.py:190} INFO - [2025-04-17T12:51:18.811+0000] {dag.py:4180} INFO - Setting next_dagrun for example_branch_datetime_operator_2 to 2025-04-16 00:00:00+00:00, run_after=2025-04-17 00:00:00+00:00
[2025-04-17T12:51:18.816+0000] {logging_mixin.py:190} INFO - [2025-04-17T12:51:18.816+0000] {dag.py:4180} INFO - Setting next_dagrun for example_branch_datetime_operator_3 to 2025-04-16 00:00:00+00:00, run_after=2025-04-17 00:00:00+00:00
[2025-04-17T12:51:18.846+0000] {processor.py:208} INFO - Processing /home/airflow/.local/lib/python3.12/site-packages/airflow/example_dags/example_branch_datetime_operator.py took 0.202 seconds
[2025-04-17T12:51:49.822+0000] {processor.py:186} INFO - Started process (PID=12371) to work on /home/airflow/.local/lib/python3.12/site-packages/airflow/example_dags/example_branch_datetime_operator.py
[2025-04-17T12:51:49.826+0000] {processor.py:914} INFO - Processing file /home/airflow/.local/lib/python3.12/site-packages/airflow/example_dags/example_branch_datetime_operator.py for tasks to queue
[2025-04-17T12:51:49.829+0000] {logging_mixin.py:190} INFO - [2025-04-17T12:51:49.828+0000] {dagbag.py:588} INFO - Filling up the DagBag from /home/airflow/.local/lib/python3.12/site-packages/airflow/example_dags/example_branch_datetime_operator.py
[2025-04-17T12:51:49.860+0000] {processor.py:925} INFO - DAG(s) 'example_branch_datetime_operator', 'example_branch_datetime_operator_3', 'example_branch_datetime_operator_2' retrieved from /home/airflow/.local/lib/python3.12/site-packages/airflow/example_dags/example_branch_datetime_operator.py
[2025-04-17T12:51:49.915+0000] {logging_mixin.py:190} INFO - [2025-04-17T12:51:49.914+0000] {dag.py:3239} INFO - Sync 3 DAGs
[2025-04-17T12:51:49.961+0000] {logging_mixin.py:190} INFO - [2025-04-17T12:51:49.960+0000] {dag.py:4180} INFO - Setting next_dagrun for example_branch_datetime_operator to 2025-04-16 00:00:00+00:00, run_after=2025-04-17 00:00:00+00:00
[2025-04-17T12:51:49.970+0000] {logging_mixin.py:190} INFO - [2025-04-17T12:51:49.970+0000] {dag.py:4180} INFO - Setting next_dagrun for example_branch_datetime_operator_2 to 2025-04-16 00:00:00+00:00, run_after=2025-04-17 00:00:00+00:00
[2025-04-17T12:51:49.977+0000] {logging_mixin.py:190} INFO - [2025-04-17T12:51:49.977+0000] {dag.py:4180} INFO - Setting next_dagrun for example_branch_datetime_operator_3 to 2025-04-16 00:00:00+00:00, run_after=2025-04-17 00:00:00+00:00
[2025-04-17T12:51:50.006+0000] {processor.py:208} INFO - Processing /home/airflow/.local/lib/python3.12/site-packages/airflow/example_dags/example_branch_datetime_operator.py took 0.205 seconds
[2025-04-17T12:52:20.712+0000] {processor.py:186} INFO - Started process (PID=12674) to work on /home/airflow/.local/lib/python3.12/site-packages/airflow/example_dags/example_branch_datetime_operator.py
[2025-04-17T12:52:20.713+0000] {processor.py:914} INFO - Processing file /home/airflow/.local/lib/python3.12/site-packages/airflow/example_dags/example_branch_datetime_operator.py for tasks to queue
[2025-04-17T12:52:20.716+0000] {logging_mixin.py:190} INFO - [2025-04-17T12:52:20.715+0000] {dagbag.py:588} INFO - Filling up the DagBag from /home/airflow/.local/lib/python3.12/site-packages/airflow/example_dags/example_branch_datetime_operator.py
[2025-04-17T12:52:20.738+0000] {processor.py:925} INFO - DAG(s) 'example_branch_datetime_operator_2', 'example_branch_datetime_operator_3', 'example_branch_datetime_operator' retrieved from /home/airflow/.local/lib/python3.12/site-packages/airflow/example_dags/example_branch_datetime_operator.py
[2025-04-17T12:52:20.794+0000] {logging_mixin.py:190} INFO - [2025-04-17T12:52:20.793+0000] {dag.py:3239} INFO - Sync 3 DAGs
[2025-04-17T12:52:20.849+0000] {logging_mixin.py:190} INFO - [2025-04-17T12:52:20.848+0000] {dag.py:4180} INFO - Setting next_dagrun for example_branch_datetime_operator to 2025-04-16 00:00:00+00:00, run_after=2025-04-17 00:00:00+00:00
[2025-04-17T12:52:20.859+0000] {logging_mixin.py:190} INFO - [2025-04-17T12:52:20.858+0000] {dag.py:4180} INFO - Setting next_dagrun for example_branch_datetime_operator_2 to 2025-04-16 00:00:00+00:00, run_after=2025-04-17 00:00:00+00:00
[2025-04-17T12:52:20.867+0000] {logging_mixin.py:190} INFO - [2025-04-17T12:52:20.866+0000] {dag.py:4180} INFO - Setting next_dagrun for example_branch_datetime_operator_3 to 2025-04-16 00:00:00+00:00, run_after=2025-04-17 00:00:00+00:00
[2025-04-17T12:52:20.900+0000] {processor.py:208} INFO - Processing /home/airflow/.local/lib/python3.12/site-packages/airflow/example_dags/example_branch_datetime_operator.py took 0.200 seconds
[2025-04-17T12:52:54.018+0000] {processor.py:186} INFO - Started process (PID=12987) to work on /home/airflow/.local/lib/python3.12/site-packages/airflow/example_dags/example_branch_datetime_operator.py
[2025-04-17T12:52:54.021+0000] {processor.py:914} INFO - Processing file /home/airflow/.local/lib/python3.12/site-packages/airflow/example_dags/example_branch_datetime_operator.py for tasks to queue
[2025-04-17T12:52:54.023+0000] {logging_mixin.py:190} INFO - [2025-04-17T12:52:54.022+0000] {dagbag.py:588} INFO - Filling up the DagBag from /home/airflow/.local/lib/python3.12/site-packages/airflow/example_dags/example_branch_datetime_operator.py
[2025-04-17T12:52:54.047+0000] {processor.py:925} INFO - DAG(s) 'example_branch_datetime_operator_2', 'example_branch_datetime_operator', 'example_branch_datetime_operator_3' retrieved from /home/airflow/.local/lib/python3.12/site-packages/airflow/example_dags/example_branch_datetime_operator.py
[2025-04-17T12:52:54.092+0000] {logging_mixin.py:190} INFO - [2025-04-17T12:52:54.092+0000] {dag.py:3239} INFO - Sync 3 DAGs
[2025-04-17T12:52:54.143+0000] {logging_mixin.py:190} INFO - [2025-04-17T12:52:54.142+0000] {dag.py:4180} INFO - Setting next_dagrun for example_branch_datetime_operator to 2025-04-16 00:00:00+00:00, run_after=2025-04-17 00:00:00+00:00
[2025-04-17T12:52:54.155+0000] {logging_mixin.py:190} INFO - [2025-04-17T12:52:54.154+0000] {dag.py:4180} INFO - Setting next_dagrun for example_branch_datetime_operator_2 to 2025-04-16 00:00:00+00:00, run_after=2025-04-17 00:00:00+00:00
[2025-04-17T12:52:54.160+0000] {logging_mixin.py:190} INFO - [2025-04-17T12:52:54.160+0000] {dag.py:4180} INFO - Setting next_dagrun for example_branch_datetime_operator_3 to 2025-04-16 00:00:00+00:00, run_after=2025-04-17 00:00:00+00:00
[2025-04-17T12:52:54.187+0000] {processor.py:208} INFO - Processing /home/airflow/.local/lib/python3.12/site-packages/airflow/example_dags/example_branch_datetime_operator.py took 0.179 seconds
[2025-04-17T12:53:25.552+0000] {processor.py:186} INFO - Started process (PID=13294) to work on /home/airflow/.local/lib/python3.12/site-packages/airflow/example_dags/example_branch_datetime_operator.py
[2025-04-17T12:53:25.554+0000] {processor.py:914} INFO - Processing file /home/airflow/.local/lib/python3.12/site-packages/airflow/example_dags/example_branch_datetime_operator.py for tasks to queue
[2025-04-17T12:53:25.556+0000] {logging_mixin.py:190} INFO - [2025-04-17T12:53:25.555+0000] {dagbag.py:588} INFO - Filling up the DagBag from /home/airflow/.local/lib/python3.12/site-packages/airflow/example_dags/example_branch_datetime_operator.py
[2025-04-17T12:53:25.576+0000] {processor.py:925} INFO - DAG(s) 'example_branch_datetime_operator', 'example_branch_datetime_operator_2', 'example_branch_datetime_operator_3' retrieved from /home/airflow/.local/lib/python3.12/site-packages/airflow/example_dags/example_branch_datetime_operator.py
[2025-04-17T12:53:25.621+0000] {logging_mixin.py:190} INFO - [2025-04-17T12:53:25.620+0000] {dag.py:3239} INFO - Sync 3 DAGs
[2025-04-17T12:53:25.670+0000] {logging_mixin.py:190} INFO - [2025-04-17T12:53:25.670+0000] {dag.py:4180} INFO - Setting next_dagrun for example_branch_datetime_operator to 2025-04-16 00:00:00+00:00, run_after=2025-04-17 00:00:00+00:00
[2025-04-17T12:53:25.681+0000] {logging_mixin.py:190} INFO - [2025-04-17T12:53:25.681+0000] {dag.py:4180} INFO - Setting next_dagrun for example_branch_datetime_operator_2 to 2025-04-16 00:00:00+00:00, run_after=2025-04-17 00:00:00+00:00
[2025-04-17T12:53:25.688+0000] {logging_mixin.py:190} INFO - [2025-04-17T12:53:25.687+0000] {dag.py:4180} INFO - Setting next_dagrun for example_branch_datetime_operator_3 to 2025-04-16 00:00:00+00:00, run_after=2025-04-17 00:00:00+00:00
[2025-04-17T12:53:25.715+0000] {processor.py:208} INFO - Processing /home/airflow/.local/lib/python3.12/site-packages/airflow/example_dags/example_branch_datetime_operator.py took 0.173 seconds
[2025-04-17T12:53:59.489+0000] {processor.py:186} INFO - Started process (PID=13626) to work on /home/airflow/.local/lib/python3.12/site-packages/airflow/example_dags/example_branch_datetime_operator.py
[2025-04-17T12:53:59.492+0000] {processor.py:914} INFO - Processing file /home/airflow/.local/lib/python3.12/site-packages/airflow/example_dags/example_branch_datetime_operator.py for tasks to queue
[2025-04-17T12:53:59.497+0000] {logging_mixin.py:190} INFO - [2025-04-17T12:53:59.495+0000] {dagbag.py:588} INFO - Filling up the DagBag from /home/airflow/.local/lib/python3.12/site-packages/airflow/example_dags/example_branch_datetime_operator.py
[2025-04-17T12:53:59.529+0000] {processor.py:925} INFO - DAG(s) 'example_branch_datetime_operator_3', 'example_branch_datetime_operator', 'example_branch_datetime_operator_2' retrieved from /home/airflow/.local/lib/python3.12/site-packages/airflow/example_dags/example_branch_datetime_operator.py
[2025-04-17T12:53:59.604+0000] {logging_mixin.py:190} INFO - [2025-04-17T12:53:59.603+0000] {dag.py:3239} INFO - Sync 3 DAGs
[2025-04-17T12:53:59.671+0000] {logging_mixin.py:190} INFO - [2025-04-17T12:53:59.671+0000] {dag.py:4180} INFO - Setting next_dagrun for example_branch_datetime_operator to 2025-04-16 00:00:00+00:00, run_after=2025-04-17 00:00:00+00:00
[2025-04-17T12:53:59.686+0000] {logging_mixin.py:190} INFO - [2025-04-17T12:53:59.685+0000] {dag.py:4180} INFO - Setting next_dagrun for example_branch_datetime_operator_2 to 2025-04-16 00:00:00+00:00, run_after=2025-04-17 00:00:00+00:00
[2025-04-17T12:53:59.694+0000] {logging_mixin.py:190} INFO - [2025-04-17T12:53:59.694+0000] {dag.py:4180} INFO - Setting next_dagrun for example_branch_datetime_operator_3 to 2025-04-16 00:00:00+00:00, run_after=2025-04-17 00:00:00+00:00
[2025-04-17T12:53:59.727+0000] {processor.py:208} INFO - Processing /home/airflow/.local/lib/python3.12/site-packages/airflow/example_dags/example_branch_datetime_operator.py took 0.253 seconds
[2025-04-17T12:54:30.112+0000] {processor.py:186} INFO - Started process (PID=13945) to work on /home/airflow/.local/lib/python3.12/site-packages/airflow/example_dags/example_branch_datetime_operator.py
[2025-04-17T12:54:30.114+0000] {processor.py:914} INFO - Processing file /home/airflow/.local/lib/python3.12/site-packages/airflow/example_dags/example_branch_datetime_operator.py for tasks to queue
[2025-04-17T12:54:30.116+0000] {logging_mixin.py:190} INFO - [2025-04-17T12:54:30.116+0000] {dagbag.py:588} INFO - Filling up the DagBag from /home/airflow/.local/lib/python3.12/site-packages/airflow/example_dags/example_branch_datetime_operator.py
[2025-04-17T12:54:30.143+0000] {processor.py:925} INFO - DAG(s) 'example_branch_datetime_operator_2', 'example_branch_datetime_operator', 'example_branch_datetime_operator_3' retrieved from /home/airflow/.local/lib/python3.12/site-packages/airflow/example_dags/example_branch_datetime_operator.py
[2025-04-17T12:54:30.205+0000] {logging_mixin.py:190} INFO - [2025-04-17T12:54:30.204+0000] {dag.py:3239} INFO - Sync 3 DAGs
[2025-04-17T12:54:30.262+0000] {logging_mixin.py:190} INFO - [2025-04-17T12:54:30.262+0000] {dag.py:4180} INFO - Setting next_dagrun for example_branch_datetime_operator to 2025-04-16 00:00:00+00:00, run_after=2025-04-17 00:00:00+00:00
[2025-04-17T12:54:30.274+0000] {logging_mixin.py:190} INFO - [2025-04-17T12:54:30.273+0000] {dag.py:4180} INFO - Setting next_dagrun for example_branch_datetime_operator_2 to 2025-04-16 00:00:00+00:00, run_after=2025-04-17 00:00:00+00:00
[2025-04-17T12:54:30.281+0000] {logging_mixin.py:190} INFO - [2025-04-17T12:54:30.280+0000] {dag.py:4180} INFO - Setting next_dagrun for example_branch_datetime_operator_3 to 2025-04-16 00:00:00+00:00, run_after=2025-04-17 00:00:00+00:00
[2025-04-17T12:54:30.316+0000] {processor.py:208} INFO - Processing /home/airflow/.local/lib/python3.12/site-packages/airflow/example_dags/example_branch_datetime_operator.py took 0.214 seconds
