[2025-04-17T11:40:41.735+0000] {processor.py:186} INFO - Started process (PID=39752) to work on /home/airflow/.local/lib/python3.12/site-packages/airflow/example_dags/example_short_circuit_operator.py
[2025-04-17T11:40:41.765+0000] {processor.py:914} INFO - Processing file /home/airflow/.local/lib/python3.12/site-packages/airflow/example_dags/example_short_circuit_operator.py for tasks to queue
[2025-04-17T11:40:41.825+0000] {logging_mixin.py:190} INFO - [2025-04-17T11:40:41.816+0000] {dagbag.py:588} INFO - Filling up the DagBag from /home/airflow/.local/lib/python3.12/site-packages/airflow/example_dags/example_short_circuit_operator.py
[2025-04-17T11:40:42.486+0000] {processor.py:925} INFO - DAG(s) 'example_short_circuit_operator' retrieved from /home/airflow/.local/lib/python3.12/site-packages/airflow/example_dags/example_short_circuit_operator.py
[2025-04-17T11:40:44.724+0000] {logging_mixin.py:190} INFO - [2025-04-17T11:40:44.708+0000] {dag.py:3239} INFO - Sync 1 DAGs
[2025-04-17T11:40:46.383+0000] {logging_mixin.py:190} INFO - [2025-04-17T11:40:46.374+0000] {dag.py:4180} INFO - Setting next_dagrun for example_short_circuit_operator to None, run_after=None
[2025-04-17T11:40:51.409+0000] {processor.py:208} INFO - Processing /home/airflow/.local/lib/python3.12/site-packages/airflow/example_dags/example_short_circuit_operator.py took 10.267 seconds
[2025-04-17T12:09:10.807+0000] {processor.py:186} INFO - Started process (PID=447) to work on /home/airflow/.local/lib/python3.12/site-packages/airflow/example_dags/example_short_circuit_operator.py
[2025-04-17T12:09:10.825+0000] {processor.py:914} INFO - Processing file /home/airflow/.local/lib/python3.12/site-packages/airflow/example_dags/example_short_circuit_operator.py for tasks to queue
[2025-04-17T12:09:10.851+0000] {logging_mixin.py:190} INFO - [2025-04-17T12:09:10.848+0000] {dagbag.py:588} INFO - Filling up the DagBag from /home/airflow/.local/lib/python3.12/site-packages/airflow/example_dags/example_short_circuit_operator.py
[2025-04-17T12:09:10.991+0000] {processor.py:925} INFO - DAG(s) 'example_short_circuit_operator' retrieved from /home/airflow/.local/lib/python3.12/site-packages/airflow/example_dags/example_short_circuit_operator.py
[2025-04-17T12:09:11.399+0000] {logging_mixin.py:190} INFO - [2025-04-17T12:09:11.398+0000] {dag.py:3239} INFO - Sync 1 DAGs
[2025-04-17T12:09:11.539+0000] {logging_mixin.py:190} INFO - [2025-04-17T12:09:11.532+0000] {dag.py:4180} INFO - Setting next_dagrun for example_short_circuit_operator to None, run_after=None
[2025-04-17T12:09:11.649+0000] {processor.py:208} INFO - Processing /home/airflow/.local/lib/python3.12/site-packages/airflow/example_dags/example_short_circuit_operator.py took 0.897 seconds
[2025-04-17T12:13:42.231+0000] {processor.py:186} INFO - Started process (PID=1004) to work on /home/airflow/.local/lib/python3.12/site-packages/airflow/example_dags/example_short_circuit_operator.py
[2025-04-17T12:13:42.240+0000] {processor.py:914} INFO - Processing file /home/airflow/.local/lib/python3.12/site-packages/airflow/example_dags/example_short_circuit_operator.py for tasks to queue
[2025-04-17T12:13:42.316+0000] {logging_mixin.py:190} INFO - [2025-04-17T12:13:42.305+0000] {dagbag.py:588} INFO - Filling up the DagBag from /home/airflow/.local/lib/python3.12/site-packages/airflow/example_dags/example_short_circuit_operator.py
[2025-04-17T12:13:42.703+0000] {processor.py:925} INFO - DAG(s) 'example_short_circuit_operator' retrieved from /home/airflow/.local/lib/python3.12/site-packages/airflow/example_dags/example_short_circuit_operator.py
[2025-04-17T12:19:03.114+0000] {processor.py:186} INFO - Started process (PID=1936) to work on /home/airflow/.local/lib/python3.12/site-packages/airflow/example_dags/example_short_circuit_operator.py
[2025-04-17T12:19:03.142+0000] {processor.py:914} INFO - Processing file /home/airflow/.local/lib/python3.12/site-packages/airflow/example_dags/example_short_circuit_operator.py for tasks to queue
[2025-04-17T12:19:03.148+0000] {logging_mixin.py:190} INFO - [2025-04-17T12:19:03.147+0000] {dagbag.py:588} INFO - Filling up the DagBag from /home/airflow/.local/lib/python3.12/site-packages/airflow/example_dags/example_short_circuit_operator.py
[2025-04-17T12:19:03.217+0000] {processor.py:925} INFO - DAG(s) 'example_short_circuit_operator' retrieved from /home/airflow/.local/lib/python3.12/site-packages/airflow/example_dags/example_short_circuit_operator.py
[2025-04-17T12:19:03.511+0000] {logging_mixin.py:190} INFO - [2025-04-17T12:19:03.510+0000] {dag.py:3239} INFO - Sync 1 DAGs
[2025-04-17T12:19:03.546+0000] {logging_mixin.py:190} INFO - [2025-04-17T12:19:03.545+0000] {dag.py:4180} INFO - Setting next_dagrun for example_short_circuit_operator to None, run_after=None
[2025-04-17T12:19:03.710+0000] {processor.py:208} INFO - Processing /home/airflow/.local/lib/python3.12/site-packages/airflow/example_dags/example_short_circuit_operator.py took 0.617 seconds
[2025-04-17T12:24:40.118+0000] {processor.py:186} INFO - Started process (PID=2613) to work on /home/airflow/.local/lib/python3.12/site-packages/airflow/example_dags/example_short_circuit_operator.py
[2025-04-17T12:24:40.154+0000] {processor.py:914} INFO - Processing file /home/airflow/.local/lib/python3.12/site-packages/airflow/example_dags/example_short_circuit_operator.py for tasks to queue
[2025-04-17T12:24:40.187+0000] {logging_mixin.py:190} INFO - [2025-04-17T12:24:40.175+0000] {dagbag.py:588} INFO - Filling up the DagBag from /home/airflow/.local/lib/python3.12/site-packages/airflow/example_dags/example_short_circuit_operator.py
[2025-04-17T12:24:40.413+0000] {processor.py:925} INFO - DAG(s) 'example_short_circuit_operator' retrieved from /home/airflow/.local/lib/python3.12/site-packages/airflow/example_dags/example_short_circuit_operator.py
[2025-04-17T12:24:40.545+0000] {logging_mixin.py:190} INFO - [2025-04-17T12:24:40.545+0000] {dag.py:3239} INFO - Sync 1 DAGs
[2025-04-17T12:24:40.596+0000] {logging_mixin.py:190} INFO - [2025-04-17T12:24:40.595+0000] {dag.py:4180} INFO - Setting next_dagrun for example_short_circuit_operator to None, run_after=None
[2025-04-17T12:24:40.647+0000] {processor.py:208} INFO - Processing /home/airflow/.local/lib/python3.12/site-packages/airflow/example_dags/example_short_circuit_operator.py took 0.580 seconds
[2025-04-17T12:27:42.876+0000] {processor.py:186} INFO - Started process (PID=3372) to work on /home/airflow/.local/lib/python3.12/site-packages/airflow/example_dags/example_short_circuit_operator.py
[2025-04-17T12:27:42.880+0000] {processor.py:914} INFO - Processing file /home/airflow/.local/lib/python3.12/site-packages/airflow/example_dags/example_short_circuit_operator.py for tasks to queue
[2025-04-17T12:27:42.886+0000] {logging_mixin.py:190} INFO - [2025-04-17T12:27:42.885+0000] {dagbag.py:588} INFO - Filling up the DagBag from /home/airflow/.local/lib/python3.12/site-packages/airflow/example_dags/example_short_circuit_operator.py
[2025-04-17T12:27:42.957+0000] {processor.py:925} INFO - DAG(s) 'example_short_circuit_operator' retrieved from /home/airflow/.local/lib/python3.12/site-packages/airflow/example_dags/example_short_circuit_operator.py
[2025-04-17T12:27:53.127+0000] {logging_mixin.py:190} INFO - [2025-04-17T12:27:53.120+0000] {dag.py:3239} INFO - Sync 1 DAGs
[2025-04-17T12:27:54.656+0000] {logging_mixin.py:190} INFO - [2025-04-17T12:27:54.655+0000] {dag.py:4180} INFO - Setting next_dagrun for example_short_circuit_operator to None, run_after=None
[2025-04-17T12:27:55.136+0000] {processor.py:208} INFO - Processing /home/airflow/.local/lib/python3.12/site-packages/airflow/example_dags/example_short_circuit_operator.py took 11.949 seconds
[2025-04-17T12:35:32.965+0000] {processor.py:186} INFO - Started process (PID=3977) to work on /home/airflow/.local/lib/python3.12/site-packages/airflow/example_dags/example_short_circuit_operator.py
[2025-04-17T12:35:32.972+0000] {processor.py:914} INFO - Processing file /home/airflow/.local/lib/python3.12/site-packages/airflow/example_dags/example_short_circuit_operator.py for tasks to queue
[2025-04-17T12:35:32.976+0000] {logging_mixin.py:190} INFO - [2025-04-17T12:35:32.975+0000] {dagbag.py:588} INFO - Filling up the DagBag from /home/airflow/.local/lib/python3.12/site-packages/airflow/example_dags/example_short_circuit_operator.py
[2025-04-17T12:35:33.011+0000] {processor.py:925} INFO - DAG(s) 'example_short_circuit_operator' retrieved from /home/airflow/.local/lib/python3.12/site-packages/airflow/example_dags/example_short_circuit_operator.py
[2025-04-17T12:35:33.083+0000] {logging_mixin.py:190} INFO - [2025-04-17T12:35:33.082+0000] {dag.py:3239} INFO - Sync 1 DAGs
[2025-04-17T12:35:33.146+0000] {logging_mixin.py:190} INFO - [2025-04-17T12:35:33.145+0000] {dag.py:4180} INFO - Setting next_dagrun for example_short_circuit_operator to None, run_after=None
[2025-04-17T12:35:33.208+0000] {processor.py:208} INFO - Processing /home/airflow/.local/lib/python3.12/site-packages/airflow/example_dags/example_short_circuit_operator.py took 0.279 seconds
[2025-04-17T12:36:15.089+0000] {processor.py:186} INFO - Started process (PID=4312) to work on /home/airflow/.local/lib/python3.12/site-packages/airflow/example_dags/example_short_circuit_operator.py
[2025-04-17T12:36:15.092+0000] {processor.py:914} INFO - Processing file /home/airflow/.local/lib/python3.12/site-packages/airflow/example_dags/example_short_circuit_operator.py for tasks to queue
[2025-04-17T12:36:15.095+0000] {logging_mixin.py:190} INFO - [2025-04-17T12:36:15.094+0000] {dagbag.py:588} INFO - Filling up the DagBag from /home/airflow/.local/lib/python3.12/site-packages/airflow/example_dags/example_short_circuit_operator.py
[2025-04-17T12:36:15.129+0000] {processor.py:925} INFO - DAG(s) 'example_short_circuit_operator' retrieved from /home/airflow/.local/lib/python3.12/site-packages/airflow/example_dags/example_short_circuit_operator.py
[2025-04-17T12:36:15.209+0000] {logging_mixin.py:190} INFO - [2025-04-17T12:36:15.208+0000] {dag.py:3239} INFO - Sync 1 DAGs
[2025-04-17T12:36:15.261+0000] {logging_mixin.py:190} INFO - [2025-04-17T12:36:15.260+0000] {dag.py:4180} INFO - Setting next_dagrun for example_short_circuit_operator to None, run_after=None
[2025-04-17T12:36:15.314+0000] {processor.py:208} INFO - Processing /home/airflow/.local/lib/python3.12/site-packages/airflow/example_dags/example_short_circuit_operator.py took 0.244 seconds
[2025-04-17T12:36:48.018+0000] {processor.py:186} INFO - Started process (PID=4619) to work on /home/airflow/.local/lib/python3.12/site-packages/airflow/example_dags/example_short_circuit_operator.py
[2025-04-17T12:36:48.020+0000] {processor.py:914} INFO - Processing file /home/airflow/.local/lib/python3.12/site-packages/airflow/example_dags/example_short_circuit_operator.py for tasks to queue
[2025-04-17T12:36:48.023+0000] {logging_mixin.py:190} INFO - [2025-04-17T12:36:48.022+0000] {dagbag.py:588} INFO - Filling up the DagBag from /home/airflow/.local/lib/python3.12/site-packages/airflow/example_dags/example_short_circuit_operator.py
[2025-04-17T12:36:48.038+0000] {processor.py:925} INFO - DAG(s) 'example_short_circuit_operator' retrieved from /home/airflow/.local/lib/python3.12/site-packages/airflow/example_dags/example_short_circuit_operator.py
[2025-04-17T12:36:48.083+0000] {logging_mixin.py:190} INFO - [2025-04-17T12:36:48.082+0000] {dag.py:3239} INFO - Sync 1 DAGs
[2025-04-17T12:36:48.116+0000] {logging_mixin.py:190} INFO - [2025-04-17T12:36:48.116+0000] {dag.py:4180} INFO - Setting next_dagrun for example_short_circuit_operator to None, run_after=None
[2025-04-17T12:36:48.149+0000] {processor.py:208} INFO - Processing /home/airflow/.local/lib/python3.12/site-packages/airflow/example_dags/example_short_circuit_operator.py took 0.142 seconds
[2025-04-17T12:37:35.499+0000] {processor.py:186} INFO - Started process (PID=4930) to work on /home/airflow/.local/lib/python3.12/site-packages/airflow/example_dags/example_short_circuit_operator.py
[2025-04-17T12:37:35.500+0000] {processor.py:914} INFO - Processing file /home/airflow/.local/lib/python3.12/site-packages/airflow/example_dags/example_short_circuit_operator.py for tasks to queue
[2025-04-17T12:37:35.503+0000] {logging_mixin.py:190} INFO - [2025-04-17T12:37:35.502+0000] {dagbag.py:588} INFO - Filling up the DagBag from /home/airflow/.local/lib/python3.12/site-packages/airflow/example_dags/example_short_circuit_operator.py
[2025-04-17T12:37:35.525+0000] {processor.py:925} INFO - DAG(s) 'example_short_circuit_operator' retrieved from /home/airflow/.local/lib/python3.12/site-packages/airflow/example_dags/example_short_circuit_operator.py
[2025-04-17T12:37:35.579+0000] {logging_mixin.py:190} INFO - [2025-04-17T12:37:35.578+0000] {dag.py:3239} INFO - Sync 1 DAGs
[2025-04-17T12:37:35.610+0000] {logging_mixin.py:190} INFO - [2025-04-17T12:37:35.609+0000] {dag.py:4180} INFO - Setting next_dagrun for example_short_circuit_operator to None, run_after=None
[2025-04-17T12:37:35.644+0000] {processor.py:208} INFO - Processing /home/airflow/.local/lib/python3.12/site-packages/airflow/example_dags/example_short_circuit_operator.py took 0.156 seconds
[2025-04-17T12:38:08.916+0000] {processor.py:186} INFO - Started process (PID=5237) to work on /home/airflow/.local/lib/python3.12/site-packages/airflow/example_dags/example_short_circuit_operator.py
[2025-04-17T12:38:08.918+0000] {processor.py:914} INFO - Processing file /home/airflow/.local/lib/python3.12/site-packages/airflow/example_dags/example_short_circuit_operator.py for tasks to queue
[2025-04-17T12:38:08.921+0000] {logging_mixin.py:190} INFO - [2025-04-17T12:38:08.920+0000] {dagbag.py:588} INFO - Filling up the DagBag from /home/airflow/.local/lib/python3.12/site-packages/airflow/example_dags/example_short_circuit_operator.py
[2025-04-17T12:38:08.940+0000] {processor.py:925} INFO - DAG(s) 'example_short_circuit_operator' retrieved from /home/airflow/.local/lib/python3.12/site-packages/airflow/example_dags/example_short_circuit_operator.py
[2025-04-17T12:38:08.998+0000] {logging_mixin.py:190} INFO - [2025-04-17T12:38:08.997+0000] {dag.py:3239} INFO - Sync 1 DAGs
[2025-04-17T12:38:09.186+0000] {logging_mixin.py:190} INFO - [2025-04-17T12:38:09.185+0000] {dag.py:4180} INFO - Setting next_dagrun for example_short_circuit_operator to None, run_after=None
[2025-04-17T12:38:09.242+0000] {processor.py:208} INFO - Processing /home/airflow/.local/lib/python3.12/site-packages/airflow/example_dags/example_short_circuit_operator.py took 0.340 seconds
[2025-04-17T12:38:40.074+0000] {processor.py:186} INFO - Started process (PID=5544) to work on /home/airflow/.local/lib/python3.12/site-packages/airflow/example_dags/example_short_circuit_operator.py
[2025-04-17T12:38:40.085+0000] {processor.py:914} INFO - Processing file /home/airflow/.local/lib/python3.12/site-packages/airflow/example_dags/example_short_circuit_operator.py for tasks to queue
[2025-04-17T12:38:40.087+0000] {logging_mixin.py:190} INFO - [2025-04-17T12:38:40.087+0000] {dagbag.py:588} INFO - Filling up the DagBag from /home/airflow/.local/lib/python3.12/site-packages/airflow/example_dags/example_short_circuit_operator.py
[2025-04-17T12:38:40.106+0000] {processor.py:925} INFO - DAG(s) 'example_short_circuit_operator' retrieved from /home/airflow/.local/lib/python3.12/site-packages/airflow/example_dags/example_short_circuit_operator.py
[2025-04-17T12:38:40.163+0000] {logging_mixin.py:190} INFO - [2025-04-17T12:38:40.163+0000] {dag.py:3239} INFO - Sync 1 DAGs
[2025-04-17T12:38:40.197+0000] {logging_mixin.py:190} INFO - [2025-04-17T12:38:40.197+0000] {dag.py:4180} INFO - Setting next_dagrun for example_short_circuit_operator to None, run_after=None
[2025-04-17T12:38:40.228+0000] {processor.py:208} INFO - Processing /home/airflow/.local/lib/python3.12/site-packages/airflow/example_dags/example_short_circuit_operator.py took 0.178 seconds
[2025-04-17T12:39:14.466+0000] {processor.py:186} INFO - Started process (PID=5846) to work on /home/airflow/.local/lib/python3.12/site-packages/airflow/example_dags/example_short_circuit_operator.py
[2025-04-17T12:39:14.489+0000] {processor.py:914} INFO - Processing file /home/airflow/.local/lib/python3.12/site-packages/airflow/example_dags/example_short_circuit_operator.py for tasks to queue
[2025-04-17T12:39:14.492+0000] {logging_mixin.py:190} INFO - [2025-04-17T12:39:14.491+0000] {dagbag.py:588} INFO - Filling up the DagBag from /home/airflow/.local/lib/python3.12/site-packages/airflow/example_dags/example_short_circuit_operator.py
[2025-04-17T12:39:14.509+0000] {processor.py:925} INFO - DAG(s) 'example_short_circuit_operator' retrieved from /home/airflow/.local/lib/python3.12/site-packages/airflow/example_dags/example_short_circuit_operator.py
[2025-04-17T12:39:14.556+0000] {logging_mixin.py:190} INFO - [2025-04-17T12:39:14.556+0000] {dag.py:3239} INFO - Sync 1 DAGs
[2025-04-17T12:39:14.591+0000] {logging_mixin.py:190} INFO - [2025-04-17T12:39:14.590+0000] {dag.py:4180} INFO - Setting next_dagrun for example_short_circuit_operator to None, run_after=None
[2025-04-17T12:39:14.660+0000] {processor.py:208} INFO - Processing /home/airflow/.local/lib/python3.12/site-packages/airflow/example_dags/example_short_circuit_operator.py took 0.203 seconds
[2025-04-17T12:39:45.277+0000] {processor.py:186} INFO - Started process (PID=6160) to work on /home/airflow/.local/lib/python3.12/site-packages/airflow/example_dags/example_short_circuit_operator.py
[2025-04-17T12:39:45.281+0000] {processor.py:914} INFO - Processing file /home/airflow/.local/lib/python3.12/site-packages/airflow/example_dags/example_short_circuit_operator.py for tasks to queue
[2025-04-17T12:39:45.284+0000] {logging_mixin.py:190} INFO - [2025-04-17T12:39:45.283+0000] {dagbag.py:588} INFO - Filling up the DagBag from /home/airflow/.local/lib/python3.12/site-packages/airflow/example_dags/example_short_circuit_operator.py
[2025-04-17T12:39:45.313+0000] {processor.py:925} INFO - DAG(s) 'example_short_circuit_operator' retrieved from /home/airflow/.local/lib/python3.12/site-packages/airflow/example_dags/example_short_circuit_operator.py
[2025-04-17T12:39:45.382+0000] {logging_mixin.py:190} INFO - [2025-04-17T12:39:45.382+0000] {dag.py:3239} INFO - Sync 1 DAGs
[2025-04-17T12:39:45.434+0000] {logging_mixin.py:190} INFO - [2025-04-17T12:39:45.433+0000] {dag.py:4180} INFO - Setting next_dagrun for example_short_circuit_operator to None, run_after=None
[2025-04-17T12:39:45.502+0000] {processor.py:208} INFO - Processing /home/airflow/.local/lib/python3.12/site-packages/airflow/example_dags/example_short_circuit_operator.py took 0.242 seconds
[2025-04-17T12:40:17.089+0000] {processor.py:186} INFO - Started process (PID=6481) to work on /home/airflow/.local/lib/python3.12/site-packages/airflow/example_dags/example_short_circuit_operator.py
[2025-04-17T12:40:17.125+0000] {processor.py:914} INFO - Processing file /home/airflow/.local/lib/python3.12/site-packages/airflow/example_dags/example_short_circuit_operator.py for tasks to queue
[2025-04-17T12:40:17.172+0000] {logging_mixin.py:190} INFO - [2025-04-17T12:40:17.160+0000] {dagbag.py:588} INFO - Filling up the DagBag from /home/airflow/.local/lib/python3.12/site-packages/airflow/example_dags/example_short_circuit_operator.py
[2025-04-17T12:40:17.431+0000] {processor.py:925} INFO - DAG(s) 'example_short_circuit_operator' retrieved from /home/airflow/.local/lib/python3.12/site-packages/airflow/example_dags/example_short_circuit_operator.py
[2025-04-17T12:40:17.991+0000] {logging_mixin.py:190} INFO - [2025-04-17T12:40:17.990+0000] {dag.py:3239} INFO - Sync 1 DAGs
[2025-04-17T12:40:26.041+0000] {logging_mixin.py:190} INFO - [2025-04-17T12:40:25.968+0000] {dag.py:4180} INFO - Setting next_dagrun for example_short_circuit_operator to None, run_after=None
[2025-04-17T12:40:26.852+0000] {processor.py:208} INFO - Processing /home/airflow/.local/lib/python3.12/site-packages/airflow/example_dags/example_short_circuit_operator.py took 10.020 seconds
[2025-04-17T12:42:39.563+0000] {processor.py:186} INFO - Started process (PID=6787) to work on /home/airflow/.local/lib/python3.12/site-packages/airflow/example_dags/example_short_circuit_operator.py
[2025-04-17T12:42:39.565+0000] {processor.py:914} INFO - Processing file /home/airflow/.local/lib/python3.12/site-packages/airflow/example_dags/example_short_circuit_operator.py for tasks to queue
[2025-04-17T12:42:39.568+0000] {logging_mixin.py:190} INFO - [2025-04-17T12:42:39.568+0000] {dagbag.py:588} INFO - Filling up the DagBag from /home/airflow/.local/lib/python3.12/site-packages/airflow/example_dags/example_short_circuit_operator.py
[2025-04-17T12:42:39.585+0000] {processor.py:925} INFO - DAG(s) 'example_short_circuit_operator' retrieved from /home/airflow/.local/lib/python3.12/site-packages/airflow/example_dags/example_short_circuit_operator.py
[2025-04-17T12:42:39.631+0000] {logging_mixin.py:190} INFO - [2025-04-17T12:42:39.631+0000] {dag.py:3239} INFO - Sync 1 DAGs
[2025-04-17T12:42:39.666+0000] {logging_mixin.py:190} INFO - [2025-04-17T12:42:39.665+0000] {dag.py:4180} INFO - Setting next_dagrun for example_short_circuit_operator to None, run_after=None
[2025-04-17T12:42:39.703+0000] {processor.py:208} INFO - Processing /home/airflow/.local/lib/python3.12/site-packages/airflow/example_dags/example_short_circuit_operator.py took 0.151 seconds
[2025-04-17T12:43:11.637+0000] {processor.py:186} INFO - Started process (PID=7206) to work on /home/airflow/.local/lib/python3.12/site-packages/airflow/example_dags/example_short_circuit_operator.py
[2025-04-17T12:43:11.639+0000] {processor.py:914} INFO - Processing file /home/airflow/.local/lib/python3.12/site-packages/airflow/example_dags/example_short_circuit_operator.py for tasks to queue
[2025-04-17T12:43:11.643+0000] {logging_mixin.py:190} INFO - [2025-04-17T12:43:11.642+0000] {dagbag.py:588} INFO - Filling up the DagBag from /home/airflow/.local/lib/python3.12/site-packages/airflow/example_dags/example_short_circuit_operator.py
[2025-04-17T12:43:11.663+0000] {processor.py:925} INFO - DAG(s) 'example_short_circuit_operator' retrieved from /home/airflow/.local/lib/python3.12/site-packages/airflow/example_dags/example_short_circuit_operator.py
[2025-04-17T12:43:11.721+0000] {logging_mixin.py:190} INFO - [2025-04-17T12:43:11.720+0000] {dag.py:3239} INFO - Sync 1 DAGs
[2025-04-17T12:43:11.760+0000] {logging_mixin.py:190} INFO - [2025-04-17T12:43:11.759+0000] {dag.py:4180} INFO - Setting next_dagrun for example_short_circuit_operator to None, run_after=None
[2025-04-17T12:43:11.808+0000] {processor.py:208} INFO - Processing /home/airflow/.local/lib/python3.12/site-packages/airflow/example_dags/example_short_circuit_operator.py took 0.185 seconds
[2025-04-17T12:43:44.098+0000] {processor.py:186} INFO - Started process (PID=7514) to work on /home/airflow/.local/lib/python3.12/site-packages/airflow/example_dags/example_short_circuit_operator.py
[2025-04-17T12:43:44.100+0000] {processor.py:914} INFO - Processing file /home/airflow/.local/lib/python3.12/site-packages/airflow/example_dags/example_short_circuit_operator.py for tasks to queue
[2025-04-17T12:43:44.103+0000] {logging_mixin.py:190} INFO - [2025-04-17T12:43:44.102+0000] {dagbag.py:588} INFO - Filling up the DagBag from /home/airflow/.local/lib/python3.12/site-packages/airflow/example_dags/example_short_circuit_operator.py
[2025-04-17T12:43:44.118+0000] {processor.py:925} INFO - DAG(s) 'example_short_circuit_operator' retrieved from /home/airflow/.local/lib/python3.12/site-packages/airflow/example_dags/example_short_circuit_operator.py
[2025-04-17T12:43:44.165+0000] {logging_mixin.py:190} INFO - [2025-04-17T12:43:44.164+0000] {dag.py:3239} INFO - Sync 1 DAGs
[2025-04-17T12:43:44.198+0000] {logging_mixin.py:190} INFO - [2025-04-17T12:43:44.197+0000] {dag.py:4180} INFO - Setting next_dagrun for example_short_circuit_operator to None, run_after=None
[2025-04-17T12:43:44.233+0000] {processor.py:208} INFO - Processing /home/airflow/.local/lib/python3.12/site-packages/airflow/example_dags/example_short_circuit_operator.py took 0.144 seconds
[2025-04-17T12:44:19.585+0000] {processor.py:186} INFO - Started process (PID=7893) to work on /home/airflow/.local/lib/python3.12/site-packages/airflow/example_dags/example_short_circuit_operator.py
[2025-04-17T12:44:19.603+0000] {processor.py:914} INFO - Processing file /home/airflow/.local/lib/python3.12/site-packages/airflow/example_dags/example_short_circuit_operator.py for tasks to queue
[2025-04-17T12:44:19.606+0000] {logging_mixin.py:190} INFO - [2025-04-17T12:44:19.605+0000] {dagbag.py:588} INFO - Filling up the DagBag from /home/airflow/.local/lib/python3.12/site-packages/airflow/example_dags/example_short_circuit_operator.py
[2025-04-17T12:44:19.635+0000] {processor.py:925} INFO - DAG(s) 'example_short_circuit_operator' retrieved from /home/airflow/.local/lib/python3.12/site-packages/airflow/example_dags/example_short_circuit_operator.py
[2025-04-17T12:44:19.695+0000] {logging_mixin.py:190} INFO - [2025-04-17T12:44:19.695+0000] {dag.py:3239} INFO - Sync 1 DAGs
[2025-04-17T12:44:19.744+0000] {logging_mixin.py:190} INFO - [2025-04-17T12:44:19.743+0000] {dag.py:4180} INFO - Setting next_dagrun for example_short_circuit_operator to None, run_after=None
[2025-04-17T12:44:19.821+0000] {processor.py:208} INFO - Processing /home/airflow/.local/lib/python3.12/site-packages/airflow/example_dags/example_short_circuit_operator.py took 0.252 seconds
[2025-04-17T12:44:51.364+0000] {processor.py:186} INFO - Started process (PID=8332) to work on /home/airflow/.local/lib/python3.12/site-packages/airflow/example_dags/example_short_circuit_operator.py
[2025-04-17T12:44:51.366+0000] {processor.py:914} INFO - Processing file /home/airflow/.local/lib/python3.12/site-packages/airflow/example_dags/example_short_circuit_operator.py for tasks to queue
[2025-04-17T12:44:51.369+0000] {logging_mixin.py:190} INFO - [2025-04-17T12:44:51.368+0000] {dagbag.py:588} INFO - Filling up the DagBag from /home/airflow/.local/lib/python3.12/site-packages/airflow/example_dags/example_short_circuit_operator.py
[2025-04-17T12:44:51.386+0000] {processor.py:925} INFO - DAG(s) 'example_short_circuit_operator' retrieved from /home/airflow/.local/lib/python3.12/site-packages/airflow/example_dags/example_short_circuit_operator.py
[2025-04-17T12:44:51.431+0000] {logging_mixin.py:190} INFO - [2025-04-17T12:44:51.431+0000] {dag.py:3239} INFO - Sync 1 DAGs
[2025-04-17T12:44:51.472+0000] {logging_mixin.py:190} INFO - [2025-04-17T12:44:51.471+0000] {dag.py:4180} INFO - Setting next_dagrun for example_short_circuit_operator to None, run_after=None
[2025-04-17T12:44:51.508+0000] {processor.py:208} INFO - Processing /home/airflow/.local/lib/python3.12/site-packages/airflow/example_dags/example_short_circuit_operator.py took 0.154 seconds
[2025-04-17T12:45:23.679+0000] {processor.py:186} INFO - Started process (PID=8637) to work on /home/airflow/.local/lib/python3.12/site-packages/airflow/example_dags/example_short_circuit_operator.py
[2025-04-17T12:45:23.682+0000] {processor.py:914} INFO - Processing file /home/airflow/.local/lib/python3.12/site-packages/airflow/example_dags/example_short_circuit_operator.py for tasks to queue
[2025-04-17T12:45:23.685+0000] {logging_mixin.py:190} INFO - [2025-04-17T12:45:23.684+0000] {dagbag.py:588} INFO - Filling up the DagBag from /home/airflow/.local/lib/python3.12/site-packages/airflow/example_dags/example_short_circuit_operator.py
[2025-04-17T12:45:23.702+0000] {processor.py:925} INFO - DAG(s) 'example_short_circuit_operator' retrieved from /home/airflow/.local/lib/python3.12/site-packages/airflow/example_dags/example_short_circuit_operator.py
[2025-04-17T12:45:23.748+0000] {logging_mixin.py:190} INFO - [2025-04-17T12:45:23.748+0000] {dag.py:3239} INFO - Sync 1 DAGs
[2025-04-17T12:45:23.779+0000] {logging_mixin.py:190} INFO - [2025-04-17T12:45:23.779+0000] {dag.py:4180} INFO - Setting next_dagrun for example_short_circuit_operator to None, run_after=None
[2025-04-17T12:45:23.819+0000] {processor.py:208} INFO - Processing /home/airflow/.local/lib/python3.12/site-packages/airflow/example_dags/example_short_circuit_operator.py took 0.152 seconds
[2025-04-17T12:45:55.323+0000] {processor.py:186} INFO - Started process (PID=8944) to work on /home/airflow/.local/lib/python3.12/site-packages/airflow/example_dags/example_short_circuit_operator.py
[2025-04-17T12:45:55.325+0000] {processor.py:914} INFO - Processing file /home/airflow/.local/lib/python3.12/site-packages/airflow/example_dags/example_short_circuit_operator.py for tasks to queue
[2025-04-17T12:45:55.327+0000] {logging_mixin.py:190} INFO - [2025-04-17T12:45:55.327+0000] {dagbag.py:588} INFO - Filling up the DagBag from /home/airflow/.local/lib/python3.12/site-packages/airflow/example_dags/example_short_circuit_operator.py
[2025-04-17T12:45:55.349+0000] {processor.py:925} INFO - DAG(s) 'example_short_circuit_operator' retrieved from /home/airflow/.local/lib/python3.12/site-packages/airflow/example_dags/example_short_circuit_operator.py
[2025-04-17T12:45:55.394+0000] {logging_mixin.py:190} INFO - [2025-04-17T12:45:55.394+0000] {dag.py:3239} INFO - Sync 1 DAGs
[2025-04-17T12:45:55.427+0000] {logging_mixin.py:190} INFO - [2025-04-17T12:45:55.426+0000] {dag.py:4180} INFO - Setting next_dagrun for example_short_circuit_operator to None, run_after=None
[2025-04-17T12:45:55.477+0000] {processor.py:208} INFO - Processing /home/airflow/.local/lib/python3.12/site-packages/airflow/example_dags/example_short_circuit_operator.py took 0.165 seconds
[2025-04-17T12:46:27.260+0000] {processor.py:186} INFO - Started process (PID=9253) to work on /home/airflow/.local/lib/python3.12/site-packages/airflow/example_dags/example_short_circuit_operator.py
[2025-04-17T12:46:27.262+0000] {processor.py:914} INFO - Processing file /home/airflow/.local/lib/python3.12/site-packages/airflow/example_dags/example_short_circuit_operator.py for tasks to queue
[2025-04-17T12:46:27.264+0000] {logging_mixin.py:190} INFO - [2025-04-17T12:46:27.264+0000] {dagbag.py:588} INFO - Filling up the DagBag from /home/airflow/.local/lib/python3.12/site-packages/airflow/example_dags/example_short_circuit_operator.py
[2025-04-17T12:46:27.280+0000] {processor.py:925} INFO - DAG(s) 'example_short_circuit_operator' retrieved from /home/airflow/.local/lib/python3.12/site-packages/airflow/example_dags/example_short_circuit_operator.py
[2025-04-17T12:46:27.320+0000] {logging_mixin.py:190} INFO - [2025-04-17T12:46:27.319+0000] {dag.py:3239} INFO - Sync 1 DAGs
[2025-04-17T12:46:27.347+0000] {logging_mixin.py:190} INFO - [2025-04-17T12:46:27.347+0000] {dag.py:4180} INFO - Setting next_dagrun for example_short_circuit_operator to None, run_after=None
[2025-04-17T12:46:27.377+0000] {processor.py:208} INFO - Processing /home/airflow/.local/lib/python3.12/site-packages/airflow/example_dags/example_short_circuit_operator.py took 0.127 seconds
[2025-04-17T12:46:59.465+0000] {processor.py:186} INFO - Started process (PID=9558) to work on /home/airflow/.local/lib/python3.12/site-packages/airflow/example_dags/example_short_circuit_operator.py
[2025-04-17T12:46:59.468+0000] {processor.py:914} INFO - Processing file /home/airflow/.local/lib/python3.12/site-packages/airflow/example_dags/example_short_circuit_operator.py for tasks to queue
[2025-04-17T12:46:59.471+0000] {logging_mixin.py:190} INFO - [2025-04-17T12:46:59.470+0000] {dagbag.py:588} INFO - Filling up the DagBag from /home/airflow/.local/lib/python3.12/site-packages/airflow/example_dags/example_short_circuit_operator.py
[2025-04-17T12:46:59.494+0000] {processor.py:925} INFO - DAG(s) 'example_short_circuit_operator' retrieved from /home/airflow/.local/lib/python3.12/site-packages/airflow/example_dags/example_short_circuit_operator.py
[2025-04-17T12:46:59.543+0000] {logging_mixin.py:190} INFO - [2025-04-17T12:46:59.542+0000] {dag.py:3239} INFO - Sync 1 DAGs
[2025-04-17T12:46:59.575+0000] {logging_mixin.py:190} INFO - [2025-04-17T12:46:59.575+0000] {dag.py:4180} INFO - Setting next_dagrun for example_short_circuit_operator to None, run_after=None
[2025-04-17T12:46:59.615+0000] {processor.py:208} INFO - Processing /home/airflow/.local/lib/python3.12/site-packages/airflow/example_dags/example_short_circuit_operator.py took 0.164 seconds
[2025-04-17T12:47:31.522+0000] {processor.py:186} INFO - Started process (PID=9865) to work on /home/airflow/.local/lib/python3.12/site-packages/airflow/example_dags/example_short_circuit_operator.py
[2025-04-17T12:47:31.524+0000] {processor.py:914} INFO - Processing file /home/airflow/.local/lib/python3.12/site-packages/airflow/example_dags/example_short_circuit_operator.py for tasks to queue
[2025-04-17T12:47:31.527+0000] {logging_mixin.py:190} INFO - [2025-04-17T12:47:31.526+0000] {dagbag.py:588} INFO - Filling up the DagBag from /home/airflow/.local/lib/python3.12/site-packages/airflow/example_dags/example_short_circuit_operator.py
[2025-04-17T12:47:31.544+0000] {processor.py:925} INFO - DAG(s) 'example_short_circuit_operator' retrieved from /home/airflow/.local/lib/python3.12/site-packages/airflow/example_dags/example_short_circuit_operator.py
[2025-04-17T12:47:31.589+0000] {logging_mixin.py:190} INFO - [2025-04-17T12:47:31.588+0000] {dag.py:3239} INFO - Sync 1 DAGs
[2025-04-17T12:47:31.620+0000] {logging_mixin.py:190} INFO - [2025-04-17T12:47:31.619+0000] {dag.py:4180} INFO - Setting next_dagrun for example_short_circuit_operator to None, run_after=None
[2025-04-17T12:47:31.694+0000] {processor.py:208} INFO - Processing /home/airflow/.local/lib/python3.12/site-packages/airflow/example_dags/example_short_circuit_operator.py took 0.182 seconds
[2025-04-17T12:48:03.190+0000] {processor.py:186} INFO - Started process (PID=10172) to work on /home/airflow/.local/lib/python3.12/site-packages/airflow/example_dags/example_short_circuit_operator.py
[2025-04-17T12:48:03.192+0000] {processor.py:914} INFO - Processing file /home/airflow/.local/lib/python3.12/site-packages/airflow/example_dags/example_short_circuit_operator.py for tasks to queue
[2025-04-17T12:48:03.194+0000] {logging_mixin.py:190} INFO - [2025-04-17T12:48:03.194+0000] {dagbag.py:588} INFO - Filling up the DagBag from /home/airflow/.local/lib/python3.12/site-packages/airflow/example_dags/example_short_circuit_operator.py
[2025-04-17T12:48:03.212+0000] {processor.py:925} INFO - DAG(s) 'example_short_circuit_operator' retrieved from /home/airflow/.local/lib/python3.12/site-packages/airflow/example_dags/example_short_circuit_operator.py
[2025-04-17T12:48:03.251+0000] {logging_mixin.py:190} INFO - [2025-04-17T12:48:03.251+0000] {dag.py:3239} INFO - Sync 1 DAGs
[2025-04-17T12:48:03.280+0000] {logging_mixin.py:190} INFO - [2025-04-17T12:48:03.279+0000] {dag.py:4180} INFO - Setting next_dagrun for example_short_circuit_operator to None, run_after=None
[2025-04-17T12:48:03.315+0000] {processor.py:208} INFO - Processing /home/airflow/.local/lib/python3.12/site-packages/airflow/example_dags/example_short_circuit_operator.py took 0.135 seconds
[2025-04-17T12:48:36.617+0000] {processor.py:186} INFO - Started process (PID=10479) to work on /home/airflow/.local/lib/python3.12/site-packages/airflow/example_dags/example_short_circuit_operator.py
[2025-04-17T12:48:36.618+0000] {processor.py:914} INFO - Processing file /home/airflow/.local/lib/python3.12/site-packages/airflow/example_dags/example_short_circuit_operator.py for tasks to queue
[2025-04-17T12:48:36.621+0000] {logging_mixin.py:190} INFO - [2025-04-17T12:48:36.620+0000] {dagbag.py:588} INFO - Filling up the DagBag from /home/airflow/.local/lib/python3.12/site-packages/airflow/example_dags/example_short_circuit_operator.py
[2025-04-17T12:48:36.636+0000] {processor.py:925} INFO - DAG(s) 'example_short_circuit_operator' retrieved from /home/airflow/.local/lib/python3.12/site-packages/airflow/example_dags/example_short_circuit_operator.py
[2025-04-17T12:48:36.677+0000] {logging_mixin.py:190} INFO - [2025-04-17T12:48:36.677+0000] {dag.py:3239} INFO - Sync 1 DAGs
[2025-04-17T12:48:36.704+0000] {logging_mixin.py:190} INFO - [2025-04-17T12:48:36.704+0000] {dag.py:4180} INFO - Setting next_dagrun for example_short_circuit_operator to None, run_after=None
[2025-04-17T12:48:36.738+0000] {processor.py:208} INFO - Processing /home/airflow/.local/lib/python3.12/site-packages/airflow/example_dags/example_short_circuit_operator.py took 0.131 seconds
[2025-04-17T12:49:08.661+0000] {processor.py:186} INFO - Started process (PID=10786) to work on /home/airflow/.local/lib/python3.12/site-packages/airflow/example_dags/example_short_circuit_operator.py
[2025-04-17T12:49:08.664+0000] {processor.py:914} INFO - Processing file /home/airflow/.local/lib/python3.12/site-packages/airflow/example_dags/example_short_circuit_operator.py for tasks to queue
[2025-04-17T12:49:08.667+0000] {logging_mixin.py:190} INFO - [2025-04-17T12:49:08.666+0000] {dagbag.py:588} INFO - Filling up the DagBag from /home/airflow/.local/lib/python3.12/site-packages/airflow/example_dags/example_short_circuit_operator.py
[2025-04-17T12:49:08.689+0000] {processor.py:925} INFO - DAG(s) 'example_short_circuit_operator' retrieved from /home/airflow/.local/lib/python3.12/site-packages/airflow/example_dags/example_short_circuit_operator.py
[2025-04-17T12:49:08.744+0000] {logging_mixin.py:190} INFO - [2025-04-17T12:49:08.743+0000] {dag.py:3239} INFO - Sync 1 DAGs
[2025-04-17T12:49:08.804+0000] {logging_mixin.py:190} INFO - [2025-04-17T12:49:08.803+0000] {dag.py:4180} INFO - Setting next_dagrun for example_short_circuit_operator to None, run_after=None
[2025-04-17T12:49:08.870+0000] {processor.py:208} INFO - Processing /home/airflow/.local/lib/python3.12/site-packages/airflow/example_dags/example_short_circuit_operator.py took 0.224 seconds
[2025-04-17T12:49:40.607+0000] {processor.py:186} INFO - Started process (PID=11093) to work on /home/airflow/.local/lib/python3.12/site-packages/airflow/example_dags/example_short_circuit_operator.py
[2025-04-17T12:49:40.608+0000] {processor.py:914} INFO - Processing file /home/airflow/.local/lib/python3.12/site-packages/airflow/example_dags/example_short_circuit_operator.py for tasks to queue
[2025-04-17T12:49:40.611+0000] {logging_mixin.py:190} INFO - [2025-04-17T12:49:40.610+0000] {dagbag.py:588} INFO - Filling up the DagBag from /home/airflow/.local/lib/python3.12/site-packages/airflow/example_dags/example_short_circuit_operator.py
[2025-04-17T12:49:40.628+0000] {processor.py:925} INFO - DAG(s) 'example_short_circuit_operator' retrieved from /home/airflow/.local/lib/python3.12/site-packages/airflow/example_dags/example_short_circuit_operator.py
[2025-04-17T12:49:40.673+0000] {logging_mixin.py:190} INFO - [2025-04-17T12:49:40.673+0000] {dag.py:3239} INFO - Sync 1 DAGs
[2025-04-17T12:49:40.711+0000] {logging_mixin.py:190} INFO - [2025-04-17T12:49:40.711+0000] {dag.py:4180} INFO - Setting next_dagrun for example_short_circuit_operator to None, run_after=None
[2025-04-17T12:49:40.753+0000] {processor.py:208} INFO - Processing /home/airflow/.local/lib/python3.12/site-packages/airflow/example_dags/example_short_circuit_operator.py took 0.157 seconds
[2025-04-17T12:50:11.444+0000] {processor.py:186} INFO - Started process (PID=11395) to work on /home/airflow/.local/lib/python3.12/site-packages/airflow/example_dags/example_short_circuit_operator.py
[2025-04-17T12:50:11.447+0000] {processor.py:914} INFO - Processing file /home/airflow/.local/lib/python3.12/site-packages/airflow/example_dags/example_short_circuit_operator.py for tasks to queue
[2025-04-17T12:50:11.450+0000] {logging_mixin.py:190} INFO - [2025-04-17T12:50:11.449+0000] {dagbag.py:588} INFO - Filling up the DagBag from /home/airflow/.local/lib/python3.12/site-packages/airflow/example_dags/example_short_circuit_operator.py
[2025-04-17T12:50:11.477+0000] {processor.py:925} INFO - DAG(s) 'example_short_circuit_operator' retrieved from /home/airflow/.local/lib/python3.12/site-packages/airflow/example_dags/example_short_circuit_operator.py
[2025-04-17T12:50:11.551+0000] {logging_mixin.py:190} INFO - [2025-04-17T12:50:11.550+0000] {dag.py:3239} INFO - Sync 1 DAGs
[2025-04-17T12:50:11.606+0000] {logging_mixin.py:190} INFO - [2025-04-17T12:50:11.605+0000] {dag.py:4180} INFO - Setting next_dagrun for example_short_circuit_operator to None, run_after=None
[2025-04-17T12:50:11.672+0000] {processor.py:208} INFO - Processing /home/airflow/.local/lib/python3.12/site-packages/airflow/example_dags/example_short_circuit_operator.py took 0.242 seconds
[2025-04-17T12:50:43.312+0000] {processor.py:186} INFO - Started process (PID=11697) to work on /home/airflow/.local/lib/python3.12/site-packages/airflow/example_dags/example_short_circuit_operator.py
[2025-04-17T12:50:43.314+0000] {processor.py:914} INFO - Processing file /home/airflow/.local/lib/python3.12/site-packages/airflow/example_dags/example_short_circuit_operator.py for tasks to queue
[2025-04-17T12:50:43.317+0000] {logging_mixin.py:190} INFO - [2025-04-17T12:50:43.316+0000] {dagbag.py:588} INFO - Filling up the DagBag from /home/airflow/.local/lib/python3.12/site-packages/airflow/example_dags/example_short_circuit_operator.py
[2025-04-17T12:50:43.339+0000] {processor.py:925} INFO - DAG(s) 'example_short_circuit_operator' retrieved from /home/airflow/.local/lib/python3.12/site-packages/airflow/example_dags/example_short_circuit_operator.py
[2025-04-17T12:50:43.407+0000] {logging_mixin.py:190} INFO - [2025-04-17T12:50:43.407+0000] {dag.py:3239} INFO - Sync 1 DAGs
[2025-04-17T12:50:43.451+0000] {logging_mixin.py:190} INFO - [2025-04-17T12:50:43.450+0000] {dag.py:4180} INFO - Setting next_dagrun for example_short_circuit_operator to None, run_after=None
[2025-04-17T12:50:43.500+0000] {processor.py:208} INFO - Processing /home/airflow/.local/lib/python3.12/site-packages/airflow/example_dags/example_short_circuit_operator.py took 0.202 seconds
[2025-04-17T12:51:14.872+0000] {processor.py:186} INFO - Started process (PID=12004) to work on /home/airflow/.local/lib/python3.12/site-packages/airflow/example_dags/example_short_circuit_operator.py
[2025-04-17T12:51:14.874+0000] {processor.py:914} INFO - Processing file /home/airflow/.local/lib/python3.12/site-packages/airflow/example_dags/example_short_circuit_operator.py for tasks to queue
[2025-04-17T12:51:14.876+0000] {logging_mixin.py:190} INFO - [2025-04-17T12:51:14.876+0000] {dagbag.py:588} INFO - Filling up the DagBag from /home/airflow/.local/lib/python3.12/site-packages/airflow/example_dags/example_short_circuit_operator.py
[2025-04-17T12:51:14.894+0000] {processor.py:925} INFO - DAG(s) 'example_short_circuit_operator' retrieved from /home/airflow/.local/lib/python3.12/site-packages/airflow/example_dags/example_short_circuit_operator.py
[2025-04-17T12:51:14.934+0000] {logging_mixin.py:190} INFO - [2025-04-17T12:51:14.934+0000] {dag.py:3239} INFO - Sync 1 DAGs
[2025-04-17T12:51:14.962+0000] {logging_mixin.py:190} INFO - [2025-04-17T12:51:14.962+0000] {dag.py:4180} INFO - Setting next_dagrun for example_short_circuit_operator to None, run_after=None
[2025-04-17T12:51:15.005+0000] {processor.py:208} INFO - Processing /home/airflow/.local/lib/python3.12/site-packages/airflow/example_dags/example_short_circuit_operator.py took 0.143 seconds
[2025-04-17T12:51:47.196+0000] {processor.py:186} INFO - Started process (PID=12311) to work on /home/airflow/.local/lib/python3.12/site-packages/airflow/example_dags/example_short_circuit_operator.py
[2025-04-17T12:51:47.198+0000] {processor.py:914} INFO - Processing file /home/airflow/.local/lib/python3.12/site-packages/airflow/example_dags/example_short_circuit_operator.py for tasks to queue
[2025-04-17T12:51:47.201+0000] {logging_mixin.py:190} INFO - [2025-04-17T12:51:47.200+0000] {dagbag.py:588} INFO - Filling up the DagBag from /home/airflow/.local/lib/python3.12/site-packages/airflow/example_dags/example_short_circuit_operator.py
[2025-04-17T12:51:47.223+0000] {processor.py:925} INFO - DAG(s) 'example_short_circuit_operator' retrieved from /home/airflow/.local/lib/python3.12/site-packages/airflow/example_dags/example_short_circuit_operator.py
[2025-04-17T12:51:47.274+0000] {logging_mixin.py:190} INFO - [2025-04-17T12:51:47.274+0000] {dag.py:3239} INFO - Sync 1 DAGs
[2025-04-17T12:51:47.319+0000] {logging_mixin.py:190} INFO - [2025-04-17T12:51:47.318+0000] {dag.py:4180} INFO - Setting next_dagrun for example_short_circuit_operator to None, run_after=None
[2025-04-17T12:51:47.361+0000] {processor.py:208} INFO - Processing /home/airflow/.local/lib/python3.12/site-packages/airflow/example_dags/example_short_circuit_operator.py took 0.180 seconds
[2025-04-17T12:52:17.469+0000] {processor.py:186} INFO - Started process (PID=12603) to work on /home/airflow/.local/lib/python3.12/site-packages/airflow/example_dags/example_short_circuit_operator.py
[2025-04-17T12:52:17.470+0000] {processor.py:914} INFO - Processing file /home/airflow/.local/lib/python3.12/site-packages/airflow/example_dags/example_short_circuit_operator.py for tasks to queue
[2025-04-17T12:52:17.473+0000] {logging_mixin.py:190} INFO - [2025-04-17T12:52:17.472+0000] {dagbag.py:588} INFO - Filling up the DagBag from /home/airflow/.local/lib/python3.12/site-packages/airflow/example_dags/example_short_circuit_operator.py
[2025-04-17T12:52:17.490+0000] {processor.py:925} INFO - DAG(s) 'example_short_circuit_operator' retrieved from /home/airflow/.local/lib/python3.12/site-packages/airflow/example_dags/example_short_circuit_operator.py
[2025-04-17T12:52:17.537+0000] {logging_mixin.py:190} INFO - [2025-04-17T12:52:17.537+0000] {dag.py:3239} INFO - Sync 1 DAGs
[2025-04-17T12:52:17.573+0000] {logging_mixin.py:190} INFO - [2025-04-17T12:52:17.572+0000] {dag.py:4180} INFO - Setting next_dagrun for example_short_circuit_operator to None, run_after=None
[2025-04-17T12:52:17.614+0000] {processor.py:208} INFO - Processing /home/airflow/.local/lib/python3.12/site-packages/airflow/example_dags/example_short_circuit_operator.py took 0.155 seconds
[2025-04-17T12:52:47.814+0000] {processor.py:186} INFO - Started process (PID=12905) to work on /home/airflow/.local/lib/python3.12/site-packages/airflow/example_dags/example_short_circuit_operator.py
[2025-04-17T12:52:47.817+0000] {processor.py:914} INFO - Processing file /home/airflow/.local/lib/python3.12/site-packages/airflow/example_dags/example_short_circuit_operator.py for tasks to queue
[2025-04-17T12:52:47.820+0000] {logging_mixin.py:190} INFO - [2025-04-17T12:52:47.819+0000] {dagbag.py:588} INFO - Filling up the DagBag from /home/airflow/.local/lib/python3.12/site-packages/airflow/example_dags/example_short_circuit_operator.py
[2025-04-17T12:52:47.839+0000] {processor.py:925} INFO - DAG(s) 'example_short_circuit_operator' retrieved from /home/airflow/.local/lib/python3.12/site-packages/airflow/example_dags/example_short_circuit_operator.py
[2025-04-17T12:52:47.891+0000] {logging_mixin.py:190} INFO - [2025-04-17T12:52:47.891+0000] {dag.py:3239} INFO - Sync 1 DAGs
[2025-04-17T12:52:47.923+0000] {logging_mixin.py:190} INFO - [2025-04-17T12:52:47.922+0000] {dag.py:4180} INFO - Setting next_dagrun for example_short_circuit_operator to None, run_after=None
[2025-04-17T12:52:47.966+0000] {processor.py:208} INFO - Processing /home/airflow/.local/lib/python3.12/site-packages/airflow/example_dags/example_short_circuit_operator.py took 0.165 seconds
[2025-04-17T12:53:18.385+0000] {processor.py:186} INFO - Started process (PID=13212) to work on /home/airflow/.local/lib/python3.12/site-packages/airflow/example_dags/example_short_circuit_operator.py
[2025-04-17T12:53:18.386+0000] {processor.py:914} INFO - Processing file /home/airflow/.local/lib/python3.12/site-packages/airflow/example_dags/example_short_circuit_operator.py for tasks to queue
[2025-04-17T12:53:18.388+0000] {logging_mixin.py:190} INFO - [2025-04-17T12:53:18.388+0000] {dagbag.py:588} INFO - Filling up the DagBag from /home/airflow/.local/lib/python3.12/site-packages/airflow/example_dags/example_short_circuit_operator.py
[2025-04-17T12:53:18.405+0000] {processor.py:925} INFO - DAG(s) 'example_short_circuit_operator' retrieved from /home/airflow/.local/lib/python3.12/site-packages/airflow/example_dags/example_short_circuit_operator.py
[2025-04-17T12:53:18.450+0000] {logging_mixin.py:190} INFO - [2025-04-17T12:53:18.449+0000] {dag.py:3239} INFO - Sync 1 DAGs
[2025-04-17T12:53:18.484+0000] {logging_mixin.py:190} INFO - [2025-04-17T12:53:18.483+0000] {dag.py:4180} INFO - Setting next_dagrun for example_short_circuit_operator to None, run_after=None
[2025-04-17T12:53:18.517+0000] {processor.py:208} INFO - Processing /home/airflow/.local/lib/python3.12/site-packages/airflow/example_dags/example_short_circuit_operator.py took 0.141 seconds
[2025-04-17T12:53:49.077+0000] {processor.py:186} INFO - Started process (PID=13519) to work on /home/airflow/.local/lib/python3.12/site-packages/airflow/example_dags/example_short_circuit_operator.py
[2025-04-17T12:53:49.082+0000] {processor.py:914} INFO - Processing file /home/airflow/.local/lib/python3.12/site-packages/airflow/example_dags/example_short_circuit_operator.py for tasks to queue
[2025-04-17T12:53:49.088+0000] {logging_mixin.py:190} INFO - [2025-04-17T12:53:49.086+0000] {dagbag.py:588} INFO - Filling up the DagBag from /home/airflow/.local/lib/python3.12/site-packages/airflow/example_dags/example_short_circuit_operator.py
[2025-04-17T12:53:49.134+0000] {processor.py:925} INFO - DAG(s) 'example_short_circuit_operator' retrieved from /home/airflow/.local/lib/python3.12/site-packages/airflow/example_dags/example_short_circuit_operator.py
[2025-04-17T12:53:49.235+0000] {logging_mixin.py:190} INFO - [2025-04-17T12:53:49.234+0000] {dag.py:3239} INFO - Sync 1 DAGs
[2025-04-17T12:53:49.321+0000] {logging_mixin.py:190} INFO - [2025-04-17T12:53:49.320+0000] {dag.py:4180} INFO - Setting next_dagrun for example_short_circuit_operator to None, run_after=None
[2025-04-17T12:53:49.393+0000] {processor.py:208} INFO - Processing /home/airflow/.local/lib/python3.12/site-packages/airflow/example_dags/example_short_circuit_operator.py took 0.353 seconds
[2025-04-17T12:54:20.371+0000] {processor.py:186} INFO - Started process (PID=13858) to work on /home/airflow/.local/lib/python3.12/site-packages/airflow/example_dags/example_short_circuit_operator.py
[2025-04-17T12:54:20.374+0000] {processor.py:914} INFO - Processing file /home/airflow/.local/lib/python3.12/site-packages/airflow/example_dags/example_short_circuit_operator.py for tasks to queue
[2025-04-17T12:54:20.378+0000] {logging_mixin.py:190} INFO - [2025-04-17T12:54:20.377+0000] {dagbag.py:588} INFO - Filling up the DagBag from /home/airflow/.local/lib/python3.12/site-packages/airflow/example_dags/example_short_circuit_operator.py
[2025-04-17T12:54:20.403+0000] {processor.py:925} INFO - DAG(s) 'example_short_circuit_operator' retrieved from /home/airflow/.local/lib/python3.12/site-packages/airflow/example_dags/example_short_circuit_operator.py
[2025-04-17T12:54:20.477+0000] {logging_mixin.py:190} INFO - [2025-04-17T12:54:20.476+0000] {dag.py:3239} INFO - Sync 1 DAGs
[2025-04-17T12:54:20.530+0000] {logging_mixin.py:190} INFO - [2025-04-17T12:54:20.529+0000] {dag.py:4180} INFO - Setting next_dagrun for example_short_circuit_operator to None, run_after=None
[2025-04-17T12:54:20.578+0000] {processor.py:208} INFO - Processing /home/airflow/.local/lib/python3.12/site-packages/airflow/example_dags/example_short_circuit_operator.py took 0.224 seconds
[2025-04-17T12:54:51.609+0000] {processor.py:186} INFO - Started process (PID=14164) to work on /home/airflow/.local/lib/python3.12/site-packages/airflow/example_dags/example_short_circuit_operator.py
[2025-04-17T12:54:51.674+0000] {processor.py:914} INFO - Processing file /home/airflow/.local/lib/python3.12/site-packages/airflow/example_dags/example_short_circuit_operator.py for tasks to queue
[2025-04-17T12:54:51.676+0000] {logging_mixin.py:190} INFO - [2025-04-17T12:54:51.676+0000] {dagbag.py:588} INFO - Filling up the DagBag from /home/airflow/.local/lib/python3.12/site-packages/airflow/example_dags/example_short_circuit_operator.py
[2025-04-17T12:54:51.691+0000] {processor.py:925} INFO - DAG(s) 'example_short_circuit_operator' retrieved from /home/airflow/.local/lib/python3.12/site-packages/airflow/example_dags/example_short_circuit_operator.py
[2025-04-17T12:54:51.730+0000] {logging_mixin.py:190} INFO - [2025-04-17T12:54:51.729+0000] {dag.py:3239} INFO - Sync 1 DAGs
[2025-04-17T12:54:51.759+0000] {logging_mixin.py:190} INFO - [2025-04-17T12:54:51.758+0000] {dag.py:4180} INFO - Setting next_dagrun for example_short_circuit_operator to None, run_after=None
[2025-04-17T12:54:51.819+0000] {processor.py:208} INFO - Processing /home/airflow/.local/lib/python3.12/site-packages/airflow/example_dags/example_short_circuit_operator.py took 0.219 seconds
