[2025-04-17T01:08:23.337+0000] {processor.py:186} INFO - Started process (PID=39468) to work on /home/airflow/.local/lib/python3.12/site-packages/airflow/example_dags/example_branch_operator.py
[2025-04-17T01:08:23.339+0000] {processor.py:914} INFO - Processing file /home/airflow/.local/lib/python3.12/site-packages/airflow/example_dags/example_branch_operator.py for tasks to queue
[2025-04-17T01:08:23.343+0000] {logging_mixin.py:190} INFO - [2025-04-17T01:08:23.342+0000] {dagbag.py:588} INFO - Filling up the DagBag from /home/airflow/.local/lib/python3.12/site-packages/airflow/example_dags/example_branch_operator.py
[2025-04-17T01:08:23.484+0000] {processor.py:925} INFO - DAG(s) 'example_branch_operator' retrieved from /home/airflow/.local/lib/python3.12/site-packages/airflow/example_dags/example_branch_operator.py
[2025-04-17T01:08:23.668+0000] {logging_mixin.py:190} INFO - [2025-04-17T01:08:23.667+0000] {dag.py:3239} INFO - Sync 1 DAGs
[2025-04-17T01:08:23.798+0000] {logging_mixin.py:190} INFO - [2025-04-17T01:08:23.797+0000] {dag.py:4180} INFO - Setting next_dagrun for example_branch_operator to 2025-04-16 00:00:00+00:00, run_after=2025-04-17 00:00:00+00:00
[2025-04-17T01:08:23.878+0000] {processor.py:208} INFO - Processing /home/airflow/.local/lib/python3.12/site-packages/airflow/example_dags/example_branch_operator.py took 0.564 seconds
[2025-04-17T12:10:25.580+0000] {processor.py:186} INFO - Started process (PID=622) to work on /home/airflow/.local/lib/python3.12/site-packages/airflow/example_dags/example_branch_operator.py
[2025-04-17T12:10:25.584+0000] {processor.py:914} INFO - Processing file /home/airflow/.local/lib/python3.12/site-packages/airflow/example_dags/example_branch_operator.py for tasks to queue
[2025-04-17T12:10:25.595+0000] {logging_mixin.py:190} INFO - [2025-04-17T12:10:25.593+0000] {dagbag.py:588} INFO - Filling up the DagBag from /home/airflow/.local/lib/python3.12/site-packages/airflow/example_dags/example_branch_operator.py
[2025-04-17T12:10:25.679+0000] {processor.py:925} INFO - DAG(s) 'example_branch_operator' retrieved from /home/airflow/.local/lib/python3.12/site-packages/airflow/example_dags/example_branch_operator.py
[2025-04-17T12:10:26.174+0000] {logging_mixin.py:190} INFO - [2025-04-17T12:10:26.174+0000] {dag.py:3239} INFO - Sync 1 DAGs
[2025-04-17T12:10:26.249+0000] {logging_mixin.py:190} INFO - [2025-04-17T12:10:26.248+0000] {dag.py:4180} INFO - Setting next_dagrun for example_branch_operator to 2025-04-16 00:00:00+00:00, run_after=2025-04-17 00:00:00+00:00
[2025-04-17T12:10:26.311+0000] {processor.py:208} INFO - Processing /home/airflow/.local/lib/python3.12/site-packages/airflow/example_dags/example_branch_operator.py took 0.748 seconds
[2025-04-17T12:18:15.424+0000] {processor.py:186} INFO - Started process (PID=1503) to work on /home/airflow/.local/lib/python3.12/site-packages/airflow/example_dags/example_branch_operator.py
[2025-04-17T12:18:15.429+0000] {processor.py:914} INFO - Processing file /home/airflow/.local/lib/python3.12/site-packages/airflow/example_dags/example_branch_operator.py for tasks to queue
[2025-04-17T12:18:15.433+0000] {logging_mixin.py:190} INFO - [2025-04-17T12:18:15.432+0000] {dagbag.py:588} INFO - Filling up the DagBag from /home/airflow/.local/lib/python3.12/site-packages/airflow/example_dags/example_branch_operator.py
[2025-04-17T12:18:15.605+0000] {processor.py:925} INFO - DAG(s) 'example_branch_operator' retrieved from /home/airflow/.local/lib/python3.12/site-packages/airflow/example_dags/example_branch_operator.py
[2025-04-17T12:18:15.718+0000] {logging_mixin.py:190} INFO - [2025-04-17T12:18:15.718+0000] {dag.py:3239} INFO - Sync 1 DAGs
[2025-04-17T12:18:15.944+0000] {logging_mixin.py:190} INFO - [2025-04-17T12:18:15.943+0000] {dag.py:4180} INFO - Setting next_dagrun for example_branch_operator to 2025-04-16 00:00:00+00:00, run_after=2025-04-17 00:00:00+00:00
[2025-04-17T12:18:16.010+0000] {processor.py:208} INFO - Processing /home/airflow/.local/lib/python3.12/site-packages/airflow/example_dags/example_branch_operator.py took 0.605 seconds
[2025-04-17T12:20:49.810+0000] {processor.py:186} INFO - Started process (PID=2366) to work on /home/airflow/.local/lib/python3.12/site-packages/airflow/example_dags/example_branch_operator.py
[2025-04-17T12:20:49.838+0000] {processor.py:914} INFO - Processing file /home/airflow/.local/lib/python3.12/site-packages/airflow/example_dags/example_branch_operator.py for tasks to queue
[2025-04-17T12:20:49.905+0000] {logging_mixin.py:190} INFO - [2025-04-17T12:20:49.883+0000] {dagbag.py:588} INFO - Filling up the DagBag from /home/airflow/.local/lib/python3.12/site-packages/airflow/example_dags/example_branch_operator.py
[2025-04-17T12:20:52.603+0000] {processor.py:925} INFO - DAG(s) 'example_branch_operator' retrieved from /home/airflow/.local/lib/python3.12/site-packages/airflow/example_dags/example_branch_operator.py
[2025-04-17T12:20:54.084+0000] {logging_mixin.py:190} INFO - [2025-04-17T12:20:54.036+0000] {dag.py:3239} INFO - Sync 1 DAGs
[2025-04-17T12:20:55.324+0000] {logging_mixin.py:190} INFO - [2025-04-17T12:20:55.318+0000] {dag.py:4180} INFO - Setting next_dagrun for example_branch_operator to 2025-04-16 00:00:00+00:00, run_after=2025-04-17 00:00:00+00:00
[2025-04-17T12:20:55.662+0000] {processor.py:208} INFO - Processing /home/airflow/.local/lib/python3.12/site-packages/airflow/example_dags/example_branch_operator.py took 6.300 seconds
[2025-04-17T12:24:51.684+0000] {processor.py:186} INFO - Started process (PID=2795) to work on /home/airflow/.local/lib/python3.12/site-packages/airflow/example_dags/example_branch_operator.py
[2025-04-17T12:24:51.686+0000] {processor.py:914} INFO - Processing file /home/airflow/.local/lib/python3.12/site-packages/airflow/example_dags/example_branch_operator.py for tasks to queue
[2025-04-17T12:24:51.689+0000] {logging_mixin.py:190} INFO - [2025-04-17T12:24:51.688+0000] {dagbag.py:588} INFO - Filling up the DagBag from /home/airflow/.local/lib/python3.12/site-packages/airflow/example_dags/example_branch_operator.py
[2025-04-17T12:24:51.749+0000] {processor.py:925} INFO - DAG(s) 'example_branch_operator' retrieved from /home/airflow/.local/lib/python3.12/site-packages/airflow/example_dags/example_branch_operator.py
[2025-04-17T12:24:51.836+0000] {logging_mixin.py:190} INFO - [2025-04-17T12:24:51.835+0000] {dag.py:3239} INFO - Sync 1 DAGs
[2025-04-17T12:24:51.898+0000] {logging_mixin.py:190} INFO - [2025-04-17T12:24:51.897+0000] {dag.py:4180} INFO - Setting next_dagrun for example_branch_operator to 2025-04-16 00:00:00+00:00, run_after=2025-04-17 00:00:00+00:00
[2025-04-17T12:24:51.934+0000] {processor.py:208} INFO - Processing /home/airflow/.local/lib/python3.12/site-packages/airflow/example_dags/example_branch_operator.py took 0.264 seconds
[2025-04-17T12:33:17.977+0000] {processor.py:186} INFO - Started process (PID=3730) to work on /home/airflow/.local/lib/python3.12/site-packages/airflow/example_dags/example_branch_operator.py
[2025-04-17T12:33:18.028+0000] {processor.py:914} INFO - Processing file /home/airflow/.local/lib/python3.12/site-packages/airflow/example_dags/example_branch_operator.py for tasks to queue
[2025-04-17T12:33:18.065+0000] {logging_mixin.py:190} INFO - [2025-04-17T12:33:18.056+0000] {dagbag.py:588} INFO - Filling up the DagBag from /home/airflow/.local/lib/python3.12/site-packages/airflow/example_dags/example_branch_operator.py
[2025-04-17T12:33:18.639+0000] {processor.py:925} INFO - DAG(s) 'example_branch_operator' retrieved from /home/airflow/.local/lib/python3.12/site-packages/airflow/example_dags/example_branch_operator.py
[2025-04-17T12:33:20.325+0000] {logging_mixin.py:190} INFO - [2025-04-17T12:33:20.083+0000] {dag.py:3239} INFO - Sync 1 DAGs
[2025-04-17T12:33:28.655+0000] {logging_mixin.py:190} INFO - [2025-04-17T12:33:28.627+0000] {dag.py:4180} INFO - Setting next_dagrun for example_branch_operator to 2025-04-16 00:00:00+00:00, run_after=2025-04-17 00:00:00+00:00
[2025-04-17T12:33:29.999+0000] {processor.py:208} INFO - Processing /home/airflow/.local/lib/python3.12/site-packages/airflow/example_dags/example_branch_operator.py took 12.227 seconds
[2025-04-17T12:35:49.645+0000] {processor.py:186} INFO - Started process (PID=4146) to work on /home/airflow/.local/lib/python3.12/site-packages/airflow/example_dags/example_branch_operator.py
[2025-04-17T12:35:49.648+0000] {processor.py:914} INFO - Processing file /home/airflow/.local/lib/python3.12/site-packages/airflow/example_dags/example_branch_operator.py for tasks to queue
[2025-04-17T12:35:49.651+0000] {logging_mixin.py:190} INFO - [2025-04-17T12:35:49.650+0000] {dagbag.py:588} INFO - Filling up the DagBag from /home/airflow/.local/lib/python3.12/site-packages/airflow/example_dags/example_branch_operator.py
[2025-04-17T12:35:49.713+0000] {processor.py:925} INFO - DAG(s) 'example_branch_operator' retrieved from /home/airflow/.local/lib/python3.12/site-packages/airflow/example_dags/example_branch_operator.py
[2025-04-17T12:35:49.842+0000] {logging_mixin.py:190} INFO - [2025-04-17T12:35:49.841+0000] {dag.py:3239} INFO - Sync 1 DAGs
[2025-04-17T12:35:50.084+0000] {logging_mixin.py:190} INFO - [2025-04-17T12:35:50.083+0000] {dag.py:4180} INFO - Setting next_dagrun for example_branch_operator to 2025-04-16 00:00:00+00:00, run_after=2025-04-17 00:00:00+00:00
[2025-04-17T12:35:50.182+0000] {processor.py:208} INFO - Processing /home/airflow/.local/lib/python3.12/site-packages/airflow/example_dags/example_branch_operator.py took 0.555 seconds
[2025-04-17T12:36:28.451+0000] {processor.py:186} INFO - Started process (PID=4491) to work on /home/airflow/.local/lib/python3.12/site-packages/airflow/example_dags/example_branch_operator.py
[2025-04-17T12:36:28.462+0000] {processor.py:914} INFO - Processing file /home/airflow/.local/lib/python3.12/site-packages/airflow/example_dags/example_branch_operator.py for tasks to queue
[2025-04-17T12:36:28.464+0000] {logging_mixin.py:190} INFO - [2025-04-17T12:36:28.463+0000] {dagbag.py:588} INFO - Filling up the DagBag from /home/airflow/.local/lib/python3.12/site-packages/airflow/example_dags/example_branch_operator.py
[2025-04-17T12:36:28.501+0000] {processor.py:925} INFO - DAG(s) 'example_branch_operator' retrieved from /home/airflow/.local/lib/python3.12/site-packages/airflow/example_dags/example_branch_operator.py
[2025-04-17T12:36:28.562+0000] {logging_mixin.py:190} INFO - [2025-04-17T12:36:28.562+0000] {dag.py:3239} INFO - Sync 1 DAGs
[2025-04-17T12:36:28.613+0000] {logging_mixin.py:190} INFO - [2025-04-17T12:36:28.612+0000] {dag.py:4180} INFO - Setting next_dagrun for example_branch_operator to 2025-04-16 00:00:00+00:00, run_after=2025-04-17 00:00:00+00:00
[2025-04-17T12:36:28.646+0000] {processor.py:208} INFO - Processing /home/airflow/.local/lib/python3.12/site-packages/airflow/example_dags/example_branch_operator.py took 0.208 seconds
[2025-04-17T12:37:26.430+0000] {processor.py:186} INFO - Started process (PID=4845) to work on /home/airflow/.local/lib/python3.12/site-packages/airflow/example_dags/example_branch_operator.py
[2025-04-17T12:37:26.436+0000] {processor.py:914} INFO - Processing file /home/airflow/.local/lib/python3.12/site-packages/airflow/example_dags/example_branch_operator.py for tasks to queue
[2025-04-17T12:37:26.444+0000] {logging_mixin.py:190} INFO - [2025-04-17T12:37:26.443+0000] {dagbag.py:588} INFO - Filling up the DagBag from /home/airflow/.local/lib/python3.12/site-packages/airflow/example_dags/example_branch_operator.py
[2025-04-17T12:37:26.490+0000] {processor.py:925} INFO - DAG(s) 'example_branch_operator' retrieved from /home/airflow/.local/lib/python3.12/site-packages/airflow/example_dags/example_branch_operator.py
[2025-04-17T12:37:26.579+0000] {logging_mixin.py:190} INFO - [2025-04-17T12:37:26.578+0000] {dag.py:3239} INFO - Sync 1 DAGs
[2025-04-17T12:37:26.645+0000] {logging_mixin.py:190} INFO - [2025-04-17T12:37:26.644+0000] {dag.py:4180} INFO - Setting next_dagrun for example_branch_operator to 2025-04-16 00:00:00+00:00, run_after=2025-04-17 00:00:00+00:00
[2025-04-17T12:37:26.681+0000] {processor.py:208} INFO - Processing /home/airflow/.local/lib/python3.12/site-packages/airflow/example_dags/example_branch_operator.py took 0.264 seconds
[2025-04-17T12:37:56.915+0000] {processor.py:186} INFO - Started process (PID=5154) to work on /home/airflow/.local/lib/python3.12/site-packages/airflow/example_dags/example_branch_operator.py
[2025-04-17T12:37:56.917+0000] {processor.py:914} INFO - Processing file /home/airflow/.local/lib/python3.12/site-packages/airflow/example_dags/example_branch_operator.py for tasks to queue
[2025-04-17T12:37:56.920+0000] {logging_mixin.py:190} INFO - [2025-04-17T12:37:56.919+0000] {dagbag.py:588} INFO - Filling up the DagBag from /home/airflow/.local/lib/python3.12/site-packages/airflow/example_dags/example_branch_operator.py
[2025-04-17T12:37:56.956+0000] {processor.py:925} INFO - DAG(s) 'example_branch_operator' retrieved from /home/airflow/.local/lib/python3.12/site-packages/airflow/example_dags/example_branch_operator.py
[2025-04-17T12:37:57.018+0000] {logging_mixin.py:190} INFO - [2025-04-17T12:37:57.017+0000] {dag.py:3239} INFO - Sync 1 DAGs
[2025-04-17T12:37:57.113+0000] {logging_mixin.py:190} INFO - [2025-04-17T12:37:57.113+0000] {dag.py:4180} INFO - Setting next_dagrun for example_branch_operator to 2025-04-16 00:00:00+00:00, run_after=2025-04-17 00:00:00+00:00
[2025-04-17T12:37:57.158+0000] {processor.py:208} INFO - Processing /home/airflow/.local/lib/python3.12/site-packages/airflow/example_dags/example_branch_operator.py took 0.255 seconds
[2025-04-17T12:38:27.353+0000] {processor.py:186} INFO - Started process (PID=5466) to work on /home/airflow/.local/lib/python3.12/site-packages/airflow/example_dags/example_branch_operator.py
[2025-04-17T12:38:27.355+0000] {processor.py:914} INFO - Processing file /home/airflow/.local/lib/python3.12/site-packages/airflow/example_dags/example_branch_operator.py for tasks to queue
[2025-04-17T12:38:27.357+0000] {logging_mixin.py:190} INFO - [2025-04-17T12:38:27.356+0000] {dagbag.py:588} INFO - Filling up the DagBag from /home/airflow/.local/lib/python3.12/site-packages/airflow/example_dags/example_branch_operator.py
[2025-04-17T12:38:27.389+0000] {processor.py:925} INFO - DAG(s) 'example_branch_operator' retrieved from /home/airflow/.local/lib/python3.12/site-packages/airflow/example_dags/example_branch_operator.py
[2025-04-17T12:38:27.444+0000] {logging_mixin.py:190} INFO - [2025-04-17T12:38:27.443+0000] {dag.py:3239} INFO - Sync 1 DAGs
[2025-04-17T12:38:27.491+0000] {logging_mixin.py:190} INFO - [2025-04-17T12:38:27.490+0000] {dag.py:4180} INFO - Setting next_dagrun for example_branch_operator to 2025-04-16 00:00:00+00:00, run_after=2025-04-17 00:00:00+00:00
[2025-04-17T12:38:27.523+0000] {processor.py:208} INFO - Processing /home/airflow/.local/lib/python3.12/site-packages/airflow/example_dags/example_branch_operator.py took 0.180 seconds
[2025-04-17T12:38:58.634+0000] {processor.py:186} INFO - Started process (PID=5766) to work on /home/airflow/.local/lib/python3.12/site-packages/airflow/example_dags/example_branch_operator.py
[2025-04-17T12:38:58.636+0000] {processor.py:914} INFO - Processing file /home/airflow/.local/lib/python3.12/site-packages/airflow/example_dags/example_branch_operator.py for tasks to queue
[2025-04-17T12:38:58.639+0000] {logging_mixin.py:190} INFO - [2025-04-17T12:38:58.638+0000] {dagbag.py:588} INFO - Filling up the DagBag from /home/airflow/.local/lib/python3.12/site-packages/airflow/example_dags/example_branch_operator.py
[2025-04-17T12:38:58.690+0000] {processor.py:925} INFO - DAG(s) 'example_branch_operator' retrieved from /home/airflow/.local/lib/python3.12/site-packages/airflow/example_dags/example_branch_operator.py
[2025-04-17T12:38:58.781+0000] {logging_mixin.py:190} INFO - [2025-04-17T12:38:58.780+0000] {dag.py:3239} INFO - Sync 1 DAGs
[2025-04-17T12:38:58.882+0000] {logging_mixin.py:190} INFO - [2025-04-17T12:38:58.882+0000] {dag.py:4180} INFO - Setting next_dagrun for example_branch_operator to 2025-04-16 00:00:00+00:00, run_after=2025-04-17 00:00:00+00:00
[2025-04-17T12:38:58.944+0000] {processor.py:208} INFO - Processing /home/airflow/.local/lib/python3.12/site-packages/airflow/example_dags/example_branch_operator.py took 0.325 seconds
[2025-04-17T12:39:30.284+0000] {processor.py:186} INFO - Started process (PID=6073) to work on /home/airflow/.local/lib/python3.12/site-packages/airflow/example_dags/example_branch_operator.py
[2025-04-17T12:39:30.288+0000] {processor.py:914} INFO - Processing file /home/airflow/.local/lib/python3.12/site-packages/airflow/example_dags/example_branch_operator.py for tasks to queue
[2025-04-17T12:39:30.298+0000] {logging_mixin.py:190} INFO - [2025-04-17T12:39:30.294+0000] {dagbag.py:588} INFO - Filling up the DagBag from /home/airflow/.local/lib/python3.12/site-packages/airflow/example_dags/example_branch_operator.py
[2025-04-17T12:39:30.381+0000] {processor.py:925} INFO - DAG(s) 'example_branch_operator' retrieved from /home/airflow/.local/lib/python3.12/site-packages/airflow/example_dags/example_branch_operator.py
[2025-04-17T12:39:30.507+0000] {logging_mixin.py:190} INFO - [2025-04-17T12:39:30.506+0000] {dag.py:3239} INFO - Sync 1 DAGs
[2025-04-17T12:39:30.603+0000] {logging_mixin.py:190} INFO - [2025-04-17T12:39:30.602+0000] {dag.py:4180} INFO - Setting next_dagrun for example_branch_operator to 2025-04-16 00:00:00+00:00, run_after=2025-04-17 00:00:00+00:00
[2025-04-17T12:39:30.662+0000] {processor.py:208} INFO - Processing /home/airflow/.local/lib/python3.12/site-packages/airflow/example_dags/example_branch_operator.py took 0.402 seconds
[2025-04-17T12:40:04.680+0000] {processor.py:186} INFO - Started process (PID=6408) to work on /home/airflow/.local/lib/python3.12/site-packages/airflow/example_dags/example_branch_operator.py
[2025-04-17T12:40:04.683+0000] {processor.py:914} INFO - Processing file /home/airflow/.local/lib/python3.12/site-packages/airflow/example_dags/example_branch_operator.py for tasks to queue
[2025-04-17T12:40:04.686+0000] {logging_mixin.py:190} INFO - [2025-04-17T12:40:04.685+0000] {dagbag.py:588} INFO - Filling up the DagBag from /home/airflow/.local/lib/python3.12/site-packages/airflow/example_dags/example_branch_operator.py
[2025-04-17T12:40:04.737+0000] {processor.py:925} INFO - DAG(s) 'example_branch_operator' retrieved from /home/airflow/.local/lib/python3.12/site-packages/airflow/example_dags/example_branch_operator.py
[2025-04-17T12:40:04.814+0000] {logging_mixin.py:190} INFO - [2025-04-17T12:40:04.813+0000] {dag.py:3239} INFO - Sync 1 DAGs
[2025-04-17T12:40:04.887+0000] {logging_mixin.py:190} INFO - [2025-04-17T12:40:04.887+0000] {dag.py:4180} INFO - Setting next_dagrun for example_branch_operator to 2025-04-16 00:00:00+00:00, run_after=2025-04-17 00:00:00+00:00
[2025-04-17T12:40:04.987+0000] {processor.py:208} INFO - Processing /home/airflow/.local/lib/python3.12/site-packages/airflow/example_dags/example_branch_operator.py took 0.322 seconds
[2025-04-17T12:42:43.242+0000] {processor.py:186} INFO - Started process (PID=6930) to work on /home/airflow/.local/lib/python3.12/site-packages/airflow/example_dags/example_branch_operator.py
[2025-04-17T12:42:43.245+0000] {processor.py:914} INFO - Processing file /home/airflow/.local/lib/python3.12/site-packages/airflow/example_dags/example_branch_operator.py for tasks to queue
[2025-04-17T12:42:43.255+0000] {logging_mixin.py:190} INFO - [2025-04-17T12:42:43.249+0000] {dagbag.py:588} INFO - Filling up the DagBag from /home/airflow/.local/lib/python3.12/site-packages/airflow/example_dags/example_branch_operator.py
[2025-04-17T12:42:43.321+0000] {processor.py:925} INFO - DAG(s) 'example_branch_operator' retrieved from /home/airflow/.local/lib/python3.12/site-packages/airflow/example_dags/example_branch_operator.py
[2025-04-17T12:42:43.454+0000] {logging_mixin.py:190} INFO - [2025-04-17T12:42:43.453+0000] {dag.py:3239} INFO - Sync 1 DAGs
[2025-04-17T12:42:43.557+0000] {logging_mixin.py:190} INFO - [2025-04-17T12:42:43.556+0000] {dag.py:4180} INFO - Setting next_dagrun for example_branch_operator to 2025-04-16 00:00:00+00:00, run_after=2025-04-17 00:00:00+00:00
[2025-04-17T12:42:43.620+0000] {processor.py:208} INFO - Processing /home/airflow/.local/lib/python3.12/site-packages/airflow/example_dags/example_branch_operator.py took 0.398 seconds
[2025-04-17T12:43:15.100+0000] {processor.py:186} INFO - Started process (PID=7303) to work on /home/airflow/.local/lib/python3.12/site-packages/airflow/example_dags/example_branch_operator.py
[2025-04-17T12:43:15.106+0000] {processor.py:914} INFO - Processing file /home/airflow/.local/lib/python3.12/site-packages/airflow/example_dags/example_branch_operator.py for tasks to queue
[2025-04-17T12:43:15.110+0000] {logging_mixin.py:190} INFO - [2025-04-17T12:43:15.109+0000] {dagbag.py:588} INFO - Filling up the DagBag from /home/airflow/.local/lib/python3.12/site-packages/airflow/example_dags/example_branch_operator.py
[2025-04-17T12:43:15.154+0000] {processor.py:925} INFO - DAG(s) 'example_branch_operator' retrieved from /home/airflow/.local/lib/python3.12/site-packages/airflow/example_dags/example_branch_operator.py
[2025-04-17T12:43:15.225+0000] {logging_mixin.py:190} INFO - [2025-04-17T12:43:15.225+0000] {dag.py:3239} INFO - Sync 1 DAGs
[2025-04-17T12:43:15.290+0000] {logging_mixin.py:190} INFO - [2025-04-17T12:43:15.289+0000] {dag.py:4180} INFO - Setting next_dagrun for example_branch_operator to 2025-04-16 00:00:00+00:00, run_after=2025-04-17 00:00:00+00:00
[2025-04-17T12:43:15.364+0000] {processor.py:208} INFO - Processing /home/airflow/.local/lib/python3.12/site-packages/airflow/example_dags/example_branch_operator.py took 0.280 seconds
[2025-04-17T12:43:46.865+0000] {processor.py:186} INFO - Started process (PID=7615) to work on /home/airflow/.local/lib/python3.12/site-packages/airflow/example_dags/example_branch_operator.py
[2025-04-17T12:43:46.868+0000] {processor.py:914} INFO - Processing file /home/airflow/.local/lib/python3.12/site-packages/airflow/example_dags/example_branch_operator.py for tasks to queue
[2025-04-17T12:43:46.871+0000] {logging_mixin.py:190} INFO - [2025-04-17T12:43:46.870+0000] {dagbag.py:588} INFO - Filling up the DagBag from /home/airflow/.local/lib/python3.12/site-packages/airflow/example_dags/example_branch_operator.py
[2025-04-17T12:43:46.908+0000] {processor.py:925} INFO - DAG(s) 'example_branch_operator' retrieved from /home/airflow/.local/lib/python3.12/site-packages/airflow/example_dags/example_branch_operator.py
[2025-04-17T12:43:46.972+0000] {logging_mixin.py:190} INFO - [2025-04-17T12:43:46.972+0000] {dag.py:3239} INFO - Sync 1 DAGs
[2025-04-17T12:43:47.034+0000] {logging_mixin.py:190} INFO - [2025-04-17T12:43:47.034+0000] {dag.py:4180} INFO - Setting next_dagrun for example_branch_operator to 2025-04-16 00:00:00+00:00, run_after=2025-04-17 00:00:00+00:00
[2025-04-17T12:43:47.071+0000] {processor.py:208} INFO - Processing /home/airflow/.local/lib/python3.12/site-packages/airflow/example_dags/example_branch_operator.py took 0.216 seconds
[2025-04-17T12:44:23.818+0000] {processor.py:186} INFO - Started process (PID=7998) to work on /home/airflow/.local/lib/python3.12/site-packages/airflow/example_dags/example_branch_operator.py
[2025-04-17T12:44:23.822+0000] {processor.py:914} INFO - Processing file /home/airflow/.local/lib/python3.12/site-packages/airflow/example_dags/example_branch_operator.py for tasks to queue
[2025-04-17T12:44:23.825+0000] {logging_mixin.py:190} INFO - [2025-04-17T12:44:23.824+0000] {dagbag.py:588} INFO - Filling up the DagBag from /home/airflow/.local/lib/python3.12/site-packages/airflow/example_dags/example_branch_operator.py
[2025-04-17T12:44:23.892+0000] {processor.py:925} INFO - DAG(s) 'example_branch_operator' retrieved from /home/airflow/.local/lib/python3.12/site-packages/airflow/example_dags/example_branch_operator.py
[2025-04-17T12:44:23.970+0000] {logging_mixin.py:190} INFO - [2025-04-17T12:44:23.970+0000] {dag.py:3239} INFO - Sync 1 DAGs
[2025-04-17T12:44:24.043+0000] {logging_mixin.py:190} INFO - [2025-04-17T12:44:24.043+0000] {dag.py:4180} INFO - Setting next_dagrun for example_branch_operator to 2025-04-16 00:00:00+00:00, run_after=2025-04-17 00:00:00+00:00
[2025-04-17T12:44:24.085+0000] {processor.py:208} INFO - Processing /home/airflow/.local/lib/python3.12/site-packages/airflow/example_dags/example_branch_operator.py took 0.285 seconds
[2025-04-17T12:44:54.304+0000] {processor.py:186} INFO - Started process (PID=8432) to work on /home/airflow/.local/lib/python3.12/site-packages/airflow/example_dags/example_branch_operator.py
[2025-04-17T12:44:54.307+0000] {processor.py:914} INFO - Processing file /home/airflow/.local/lib/python3.12/site-packages/airflow/example_dags/example_branch_operator.py for tasks to queue
[2025-04-17T12:44:54.310+0000] {logging_mixin.py:190} INFO - [2025-04-17T12:44:54.309+0000] {dagbag.py:588} INFO - Filling up the DagBag from /home/airflow/.local/lib/python3.12/site-packages/airflow/example_dags/example_branch_operator.py
[2025-04-17T12:44:54.359+0000] {processor.py:925} INFO - DAG(s) 'example_branch_operator' retrieved from /home/airflow/.local/lib/python3.12/site-packages/airflow/example_dags/example_branch_operator.py
[2025-04-17T12:44:54.443+0000] {logging_mixin.py:190} INFO - [2025-04-17T12:44:54.442+0000] {dag.py:3239} INFO - Sync 1 DAGs
[2025-04-17T12:44:54.514+0000] {logging_mixin.py:190} INFO - [2025-04-17T12:44:54.513+0000] {dag.py:4180} INFO - Setting next_dagrun for example_branch_operator to 2025-04-16 00:00:00+00:00, run_after=2025-04-17 00:00:00+00:00
[2025-04-17T12:44:54.561+0000] {processor.py:208} INFO - Processing /home/airflow/.local/lib/python3.12/site-packages/airflow/example_dags/example_branch_operator.py took 0.268 seconds
[2025-04-17T12:45:26.753+0000] {processor.py:186} INFO - Started process (PID=8739) to work on /home/airflow/.local/lib/python3.12/site-packages/airflow/example_dags/example_branch_operator.py
[2025-04-17T12:45:26.761+0000] {processor.py:914} INFO - Processing file /home/airflow/.local/lib/python3.12/site-packages/airflow/example_dags/example_branch_operator.py for tasks to queue
[2025-04-17T12:45:26.766+0000] {logging_mixin.py:190} INFO - [2025-04-17T12:45:26.765+0000] {dagbag.py:588} INFO - Filling up the DagBag from /home/airflow/.local/lib/python3.12/site-packages/airflow/example_dags/example_branch_operator.py
[2025-04-17T12:45:26.824+0000] {processor.py:925} INFO - DAG(s) 'example_branch_operator' retrieved from /home/airflow/.local/lib/python3.12/site-packages/airflow/example_dags/example_branch_operator.py
[2025-04-17T12:45:26.917+0000] {logging_mixin.py:190} INFO - [2025-04-17T12:45:26.917+0000] {dag.py:3239} INFO - Sync 1 DAGs
[2025-04-17T12:45:26.992+0000] {logging_mixin.py:190} INFO - [2025-04-17T12:45:26.991+0000] {dag.py:4180} INFO - Setting next_dagrun for example_branch_operator to 2025-04-16 00:00:00+00:00, run_after=2025-04-17 00:00:00+00:00
[2025-04-17T12:45:27.050+0000] {processor.py:208} INFO - Processing /home/airflow/.local/lib/python3.12/site-packages/airflow/example_dags/example_branch_operator.py took 0.313 seconds
[2025-04-17T12:46:00.065+0000] {processor.py:186} INFO - Started process (PID=9046) to work on /home/airflow/.local/lib/python3.12/site-packages/airflow/example_dags/example_branch_operator.py
[2025-04-17T12:46:00.067+0000] {processor.py:914} INFO - Processing file /home/airflow/.local/lib/python3.12/site-packages/airflow/example_dags/example_branch_operator.py for tasks to queue
[2025-04-17T12:46:00.070+0000] {logging_mixin.py:190} INFO - [2025-04-17T12:46:00.069+0000] {dagbag.py:588} INFO - Filling up the DagBag from /home/airflow/.local/lib/python3.12/site-packages/airflow/example_dags/example_branch_operator.py
[2025-04-17T12:46:00.117+0000] {processor.py:925} INFO - DAG(s) 'example_branch_operator' retrieved from /home/airflow/.local/lib/python3.12/site-packages/airflow/example_dags/example_branch_operator.py
[2025-04-17T12:46:00.178+0000] {logging_mixin.py:190} INFO - [2025-04-17T12:46:00.177+0000] {dag.py:3239} INFO - Sync 1 DAGs
[2025-04-17T12:46:00.230+0000] {logging_mixin.py:190} INFO - [2025-04-17T12:46:00.229+0000] {dag.py:4180} INFO - Setting next_dagrun for example_branch_operator to 2025-04-16 00:00:00+00:00, run_after=2025-04-17 00:00:00+00:00
[2025-04-17T12:46:00.262+0000] {processor.py:208} INFO - Processing /home/airflow/.local/lib/python3.12/site-packages/airflow/example_dags/example_branch_operator.py took 0.212 seconds
[2025-04-17T12:46:30.599+0000] {processor.py:186} INFO - Started process (PID=9351) to work on /home/airflow/.local/lib/python3.12/site-packages/airflow/example_dags/example_branch_operator.py
[2025-04-17T12:46:30.601+0000] {processor.py:914} INFO - Processing file /home/airflow/.local/lib/python3.12/site-packages/airflow/example_dags/example_branch_operator.py for tasks to queue
[2025-04-17T12:46:30.604+0000] {logging_mixin.py:190} INFO - [2025-04-17T12:46:30.603+0000] {dagbag.py:588} INFO - Filling up the DagBag from /home/airflow/.local/lib/python3.12/site-packages/airflow/example_dags/example_branch_operator.py
[2025-04-17T12:46:30.641+0000] {processor.py:925} INFO - DAG(s) 'example_branch_operator' retrieved from /home/airflow/.local/lib/python3.12/site-packages/airflow/example_dags/example_branch_operator.py
[2025-04-17T12:46:30.696+0000] {logging_mixin.py:190} INFO - [2025-04-17T12:46:30.695+0000] {dag.py:3239} INFO - Sync 1 DAGs
[2025-04-17T12:46:30.741+0000] {logging_mixin.py:190} INFO - [2025-04-17T12:46:30.740+0000] {dag.py:4180} INFO - Setting next_dagrun for example_branch_operator to 2025-04-16 00:00:00+00:00, run_after=2025-04-17 00:00:00+00:00
[2025-04-17T12:46:30.770+0000] {processor.py:208} INFO - Processing /home/airflow/.local/lib/python3.12/site-packages/airflow/example_dags/example_branch_operator.py took 0.181 seconds
[2025-04-17T12:47:01.843+0000] {processor.py:186} INFO - Started process (PID=9660) to work on /home/airflow/.local/lib/python3.12/site-packages/airflow/example_dags/example_branch_operator.py
[2025-04-17T12:47:01.844+0000] {processor.py:914} INFO - Processing file /home/airflow/.local/lib/python3.12/site-packages/airflow/example_dags/example_branch_operator.py for tasks to queue
[2025-04-17T12:47:01.847+0000] {logging_mixin.py:190} INFO - [2025-04-17T12:47:01.846+0000] {dagbag.py:588} INFO - Filling up the DagBag from /home/airflow/.local/lib/python3.12/site-packages/airflow/example_dags/example_branch_operator.py
[2025-04-17T12:47:01.886+0000] {processor.py:925} INFO - DAG(s) 'example_branch_operator' retrieved from /home/airflow/.local/lib/python3.12/site-packages/airflow/example_dags/example_branch_operator.py
[2025-04-17T12:47:01.942+0000] {logging_mixin.py:190} INFO - [2025-04-17T12:47:01.942+0000] {dag.py:3239} INFO - Sync 1 DAGs
[2025-04-17T12:47:01.989+0000] {logging_mixin.py:190} INFO - [2025-04-17T12:47:01.989+0000] {dag.py:4180} INFO - Setting next_dagrun for example_branch_operator to 2025-04-16 00:00:00+00:00, run_after=2025-04-17 00:00:00+00:00
[2025-04-17T12:47:02.022+0000] {processor.py:208} INFO - Processing /home/airflow/.local/lib/python3.12/site-packages/airflow/example_dags/example_branch_operator.py took 0.191 seconds
[2025-04-17T12:47:34.488+0000] {processor.py:186} INFO - Started process (PID=9965) to work on /home/airflow/.local/lib/python3.12/site-packages/airflow/example_dags/example_branch_operator.py
[2025-04-17T12:47:34.490+0000] {processor.py:914} INFO - Processing file /home/airflow/.local/lib/python3.12/site-packages/airflow/example_dags/example_branch_operator.py for tasks to queue
[2025-04-17T12:47:34.492+0000] {logging_mixin.py:190} INFO - [2025-04-17T12:47:34.492+0000] {dagbag.py:588} INFO - Filling up the DagBag from /home/airflow/.local/lib/python3.12/site-packages/airflow/example_dags/example_branch_operator.py
[2025-04-17T12:47:34.526+0000] {processor.py:925} INFO - DAG(s) 'example_branch_operator' retrieved from /home/airflow/.local/lib/python3.12/site-packages/airflow/example_dags/example_branch_operator.py
[2025-04-17T12:47:34.581+0000] {logging_mixin.py:190} INFO - [2025-04-17T12:47:34.580+0000] {dag.py:3239} INFO - Sync 1 DAGs
[2025-04-17T12:47:34.625+0000] {logging_mixin.py:190} INFO - [2025-04-17T12:47:34.624+0000] {dag.py:4180} INFO - Setting next_dagrun for example_branch_operator to 2025-04-16 00:00:00+00:00, run_after=2025-04-17 00:00:00+00:00
[2025-04-17T12:47:34.654+0000] {processor.py:208} INFO - Processing /home/airflow/.local/lib/python3.12/site-packages/airflow/example_dags/example_branch_operator.py took 0.176 seconds
[2025-04-17T12:48:06.241+0000] {processor.py:186} INFO - Started process (PID=10272) to work on /home/airflow/.local/lib/python3.12/site-packages/airflow/example_dags/example_branch_operator.py
[2025-04-17T12:48:06.243+0000] {processor.py:914} INFO - Processing file /home/airflow/.local/lib/python3.12/site-packages/airflow/example_dags/example_branch_operator.py for tasks to queue
[2025-04-17T12:48:06.246+0000] {logging_mixin.py:190} INFO - [2025-04-17T12:48:06.245+0000] {dagbag.py:588} INFO - Filling up the DagBag from /home/airflow/.local/lib/python3.12/site-packages/airflow/example_dags/example_branch_operator.py
[2025-04-17T12:48:06.281+0000] {processor.py:925} INFO - DAG(s) 'example_branch_operator' retrieved from /home/airflow/.local/lib/python3.12/site-packages/airflow/example_dags/example_branch_operator.py
[2025-04-17T12:48:06.337+0000] {logging_mixin.py:190} INFO - [2025-04-17T12:48:06.337+0000] {dag.py:3239} INFO - Sync 1 DAGs
[2025-04-17T12:48:06.381+0000] {logging_mixin.py:190} INFO - [2025-04-17T12:48:06.381+0000] {dag.py:4180} INFO - Setting next_dagrun for example_branch_operator to 2025-04-16 00:00:00+00:00, run_after=2025-04-17 00:00:00+00:00
[2025-04-17T12:48:06.413+0000] {processor.py:208} INFO - Processing /home/airflow/.local/lib/python3.12/site-packages/airflow/example_dags/example_branch_operator.py took 0.185 seconds
