[2025-04-17T11:38:53.607+0000] {processor.py:186} INFO - Started process (PID=39717) to work on /home/airflow/.local/lib/python3.12/site-packages/airflow/example_dags/example_sensors.py
[2025-04-17T11:38:53.791+0000] {processor.py:914} INFO - Processing file /home/airflow/.local/lib/python3.12/site-packages/airflow/example_dags/example_sensors.py for tasks to queue
[2025-04-17T11:38:53.990+0000] {logging_mixin.py:190} INFO - [2025-04-17T11:38:53.930+0000] {dagbag.py:588} INFO - Filling up the DagBag from /home/airflow/.local/lib/python3.12/site-packages/airflow/example_dags/example_sensors.py
[2025-04-17T11:38:58.785+0000] {processor.py:925} INFO - DAG(s) 'example_sensors' retrieved from /home/airflow/.local/lib/python3.12/site-packages/airflow/example_dags/example_sensors.py
[2025-04-17T11:39:02.035+0000] {logging_mixin.py:190} INFO - [2025-04-17T11:39:01.998+0000] {dag.py:3239} INFO - Sync 1 DAGs
[2025-04-17T11:39:07.143+0000] {logging_mixin.py:190} INFO - [2025-04-17T11:39:07.050+0000] {dag.py:4180} INFO - Setting next_dagrun for example_sensors to None, run_after=None
[2025-04-17T11:39:15.962+0000] {processor.py:208} INFO - Processing /home/airflow/.local/lib/python3.12/site-packages/airflow/example_dags/example_sensors.py took 24.409 seconds
[2025-04-17T11:49:48.808+0000] {processor.py:186} INFO - Started process (PID=40006) to work on /home/airflow/.local/lib/python3.12/site-packages/airflow/example_dags/example_sensors.py
[2025-04-17T11:49:48.838+0000] {processor.py:914} INFO - Processing file /home/airflow/.local/lib/python3.12/site-packages/airflow/example_dags/example_sensors.py for tasks to queue
[2025-04-17T11:49:49.084+0000] {logging_mixin.py:190} INFO - [2025-04-17T11:49:48.974+0000] {dagbag.py:588} INFO - Filling up the DagBag from /home/airflow/.local/lib/python3.12/site-packages/airflow/example_dags/example_sensors.py
[2025-04-17T11:49:50.501+0000] {processor.py:925} INFO - DAG(s) 'example_sensors' retrieved from /home/airflow/.local/lib/python3.12/site-packages/airflow/example_dags/example_sensors.py
[2025-04-17T11:49:53.798+0000] {logging_mixin.py:190} INFO - [2025-04-17T11:49:53.796+0000] {dag.py:3239} INFO - Sync 1 DAGs
[2025-04-17T11:49:56.141+0000] {logging_mixin.py:190} INFO - [2025-04-17T11:49:56.133+0000] {dag.py:4180} INFO - Setting next_dagrun for example_sensors to None, run_after=None
[2025-04-17T11:49:59.586+0000] {processor.py:208} INFO - Processing /home/airflow/.local/lib/python3.12/site-packages/airflow/example_dags/example_sensors.py took 11.745 seconds
[2025-04-17T12:08:11.392+0000] {processor.py:186} INFO - Started process (PID=280) to work on /home/airflow/.local/lib/python3.12/site-packages/airflow/example_dags/example_sensors.py
[2025-04-17T12:08:11.407+0000] {processor.py:914} INFO - Processing file /home/airflow/.local/lib/python3.12/site-packages/airflow/example_dags/example_sensors.py for tasks to queue
[2025-04-17T12:08:11.415+0000] {logging_mixin.py:190} INFO - [2025-04-17T12:08:11.414+0000] {dagbag.py:588} INFO - Filling up the DagBag from /home/airflow/.local/lib/python3.12/site-packages/airflow/example_dags/example_sensors.py
[2025-04-17T12:08:11.477+0000] {processor.py:925} INFO - DAG(s) 'example_sensors' retrieved from /home/airflow/.local/lib/python3.12/site-packages/airflow/example_dags/example_sensors.py
[2025-04-17T12:08:11.605+0000] {logging_mixin.py:190} INFO - [2025-04-17T12:08:11.604+0000] {dag.py:3239} INFO - Sync 1 DAGs
[2025-04-17T12:08:11.665+0000] {logging_mixin.py:190} INFO - [2025-04-17T12:08:11.664+0000] {dag.py:4180} INFO - Setting next_dagrun for example_sensors to None, run_after=None
[2025-04-17T12:08:11.995+0000] {processor.py:208} INFO - Processing /home/airflow/.local/lib/python3.12/site-packages/airflow/example_dags/example_sensors.py took 0.639 seconds
[2025-04-17T12:11:58.889+0000] {processor.py:186} INFO - Started process (PID=950) to work on /home/airflow/.local/lib/python3.12/site-packages/airflow/example_dags/example_sensors.py
[2025-04-17T12:11:58.892+0000] {processor.py:914} INFO - Processing file /home/airflow/.local/lib/python3.12/site-packages/airflow/example_dags/example_sensors.py for tasks to queue
[2025-04-17T12:11:58.906+0000] {logging_mixin.py:190} INFO - [2025-04-17T12:11:58.905+0000] {dagbag.py:588} INFO - Filling up the DagBag from /home/airflow/.local/lib/python3.12/site-packages/airflow/example_dags/example_sensors.py
[2025-04-17T12:11:59.055+0000] {processor.py:925} INFO - DAG(s) 'example_sensors' retrieved from /home/airflow/.local/lib/python3.12/site-packages/airflow/example_dags/example_sensors.py
[2025-04-17T12:11:59.217+0000] {logging_mixin.py:190} INFO - [2025-04-17T12:11:59.215+0000] {dag.py:3239} INFO - Sync 1 DAGs
[2025-04-17T12:11:59.291+0000] {logging_mixin.py:190} INFO - [2025-04-17T12:11:59.288+0000] {dag.py:4180} INFO - Setting next_dagrun for example_sensors to None, run_after=None
[2025-04-17T12:11:59.423+0000] {processor.py:208} INFO - Processing /home/airflow/.local/lib/python3.12/site-packages/airflow/example_dags/example_sensors.py took 0.578 seconds
[2025-04-17T12:15:43.052+0000] {processor.py:186} INFO - Started process (PID=1152) to work on /home/airflow/.local/lib/python3.12/site-packages/airflow/example_dags/example_sensors.py
[2025-04-17T12:15:43.068+0000] {processor.py:914} INFO - Processing file /home/airflow/.local/lib/python3.12/site-packages/airflow/example_dags/example_sensors.py for tasks to queue
[2025-04-17T12:15:43.085+0000] {logging_mixin.py:190} INFO - [2025-04-17T12:15:43.081+0000] {dagbag.py:588} INFO - Filling up the DagBag from /home/airflow/.local/lib/python3.12/site-packages/airflow/example_dags/example_sensors.py
[2025-04-17T12:15:43.264+0000] {processor.py:925} INFO - DAG(s) 'example_sensors' retrieved from /home/airflow/.local/lib/python3.12/site-packages/airflow/example_dags/example_sensors.py
[2025-04-17T12:15:43.478+0000] {logging_mixin.py:190} INFO - [2025-04-17T12:15:43.478+0000] {dag.py:3239} INFO - Sync 1 DAGs
[2025-04-17T12:15:43.608+0000] {logging_mixin.py:190} INFO - [2025-04-17T12:15:43.607+0000] {dag.py:4180} INFO - Setting next_dagrun for example_sensors to None, run_after=None
[2025-04-17T12:15:43.695+0000] {processor.py:208} INFO - Processing /home/airflow/.local/lib/python3.12/site-packages/airflow/example_dags/example_sensors.py took 0.763 seconds
[2025-04-17T12:18:51.113+0000] {processor.py:186} INFO - Started process (PID=1785) to work on /home/airflow/.local/lib/python3.12/site-packages/airflow/example_dags/example_sensors.py
[2025-04-17T12:18:51.116+0000] {processor.py:914} INFO - Processing file /home/airflow/.local/lib/python3.12/site-packages/airflow/example_dags/example_sensors.py for tasks to queue
[2025-04-17T12:18:51.129+0000] {logging_mixin.py:190} INFO - [2025-04-17T12:18:51.126+0000] {dagbag.py:588} INFO - Filling up the DagBag from /home/airflow/.local/lib/python3.12/site-packages/airflow/example_dags/example_sensors.py
[2025-04-17T12:18:51.238+0000] {processor.py:925} INFO - DAG(s) 'example_sensors' retrieved from /home/airflow/.local/lib/python3.12/site-packages/airflow/example_dags/example_sensors.py
[2025-04-17T12:18:51.444+0000] {logging_mixin.py:190} INFO - [2025-04-17T12:18:51.443+0000] {dag.py:3239} INFO - Sync 1 DAGs
[2025-04-17T12:18:51.584+0000] {logging_mixin.py:190} INFO - [2025-04-17T12:18:51.582+0000] {dag.py:4180} INFO - Setting next_dagrun for example_sensors to None, run_after=None
[2025-04-17T12:18:51.692+0000] {processor.py:208} INFO - Processing /home/airflow/.local/lib/python3.12/site-packages/airflow/example_dags/example_sensors.py took 0.620 seconds
[2025-04-17T12:24:16.363+0000] {processor.py:186} INFO - Started process (PID=2526) to work on /home/airflow/.local/lib/python3.12/site-packages/airflow/example_dags/example_sensors.py
[2025-04-17T12:24:16.368+0000] {processor.py:914} INFO - Processing file /home/airflow/.local/lib/python3.12/site-packages/airflow/example_dags/example_sensors.py for tasks to queue
[2025-04-17T12:24:16.380+0000] {logging_mixin.py:190} INFO - [2025-04-17T12:24:16.378+0000] {dagbag.py:588} INFO - Filling up the DagBag from /home/airflow/.local/lib/python3.12/site-packages/airflow/example_dags/example_sensors.py
[2025-04-17T12:24:16.879+0000] {processor.py:925} INFO - DAG(s) 'example_sensors' retrieved from /home/airflow/.local/lib/python3.12/site-packages/airflow/example_dags/example_sensors.py
[2025-04-17T12:24:17.558+0000] {logging_mixin.py:190} INFO - [2025-04-17T12:24:17.557+0000] {dag.py:3239} INFO - Sync 1 DAGs
[2025-04-17T12:24:17.711+0000] {logging_mixin.py:190} INFO - [2025-04-17T12:24:17.710+0000] {dag.py:4180} INFO - Setting next_dagrun for example_sensors to None, run_after=None
[2025-04-17T12:24:17.842+0000] {processor.py:208} INFO - Processing /home/airflow/.local/lib/python3.12/site-packages/airflow/example_dags/example_sensors.py took 1.509 seconds
[2025-04-17T12:24:56.830+0000] {processor.py:186} INFO - Started process (PID=2912) to work on /home/airflow/.local/lib/python3.12/site-packages/airflow/example_dags/example_sensors.py
[2025-04-17T12:24:56.837+0000] {processor.py:914} INFO - Processing file /home/airflow/.local/lib/python3.12/site-packages/airflow/example_dags/example_sensors.py for tasks to queue
[2025-04-17T12:24:56.843+0000] {logging_mixin.py:190} INFO - [2025-04-17T12:24:56.842+0000] {dagbag.py:588} INFO - Filling up the DagBag from /home/airflow/.local/lib/python3.12/site-packages/airflow/example_dags/example_sensors.py
[2025-04-17T12:24:56.893+0000] {processor.py:925} INFO - DAG(s) 'example_sensors' retrieved from /home/airflow/.local/lib/python3.12/site-packages/airflow/example_dags/example_sensors.py
[2025-04-17T12:24:57.006+0000] {logging_mixin.py:190} INFO - [2025-04-17T12:24:57.005+0000] {dag.py:3239} INFO - Sync 1 DAGs
[2025-04-17T12:24:57.089+0000] {logging_mixin.py:190} INFO - [2025-04-17T12:24:57.089+0000] {dag.py:4180} INFO - Setting next_dagrun for example_sensors to None, run_after=None
[2025-04-17T12:24:57.149+0000] {processor.py:208} INFO - Processing /home/airflow/.local/lib/python3.12/site-packages/airflow/example_dags/example_sensors.py took 0.340 seconds
[2025-04-17T12:26:57.987+0000] {processor.py:186} INFO - Started process (PID=3318) to work on /home/airflow/.local/lib/python3.12/site-packages/airflow/example_dags/example_sensors.py
[2025-04-17T12:26:58.363+0000] {processor.py:914} INFO - Processing file /home/airflow/.local/lib/python3.12/site-packages/airflow/example_dags/example_sensors.py for tasks to queue
[2025-04-17T12:26:58.693+0000] {logging_mixin.py:190} INFO - [2025-04-17T12:26:58.544+0000] {dagbag.py:588} INFO - Filling up the DagBag from /home/airflow/.local/lib/python3.12/site-packages/airflow/example_dags/example_sensors.py
[2025-04-17T12:27:02.186+0000] {processor.py:925} INFO - DAG(s) 'example_sensors' retrieved from /home/airflow/.local/lib/python3.12/site-packages/airflow/example_dags/example_sensors.py
[2025-04-17T12:27:12.375+0000] {logging_mixin.py:190} INFO - [2025-04-17T12:27:12.342+0000] {dag.py:3239} INFO - Sync 1 DAGs
[2025-04-17T12:27:20.895+0000] {logging_mixin.py:190} INFO - [2025-04-17T12:27:20.821+0000] {dag.py:4180} INFO - Setting next_dagrun for example_sensors to None, run_after=None
[2025-04-17T12:27:22.536+0000] {processor.py:208} INFO - Processing /home/airflow/.local/lib/python3.12/site-packages/airflow/example_dags/example_sensors.py took 28.402 seconds
[2025-04-17T12:35:15.214+0000] {processor.py:186} INFO - Started process (PID=3904) to work on /home/airflow/.local/lib/python3.12/site-packages/airflow/example_dags/example_sensors.py
[2025-04-17T12:35:15.230+0000] {processor.py:914} INFO - Processing file /home/airflow/.local/lib/python3.12/site-packages/airflow/example_dags/example_sensors.py for tasks to queue
[2025-04-17T12:35:15.253+0000] {logging_mixin.py:190} INFO - [2025-04-17T12:35:15.251+0000] {dagbag.py:588} INFO - Filling up the DagBag from /home/airflow/.local/lib/python3.12/site-packages/airflow/example_dags/example_sensors.py
[2025-04-17T12:35:15.400+0000] {processor.py:925} INFO - DAG(s) 'example_sensors' retrieved from /home/airflow/.local/lib/python3.12/site-packages/airflow/example_dags/example_sensors.py
[2025-04-17T12:35:15.694+0000] {logging_mixin.py:190} INFO - [2025-04-17T12:35:15.693+0000] {dag.py:3239} INFO - Sync 1 DAGs
[2025-04-17T12:35:16.110+0000] {logging_mixin.py:190} INFO - [2025-04-17T12:35:16.109+0000] {dag.py:4180} INFO - Setting next_dagrun for example_sensors to None, run_after=None
[2025-04-17T12:35:16.306+0000] {processor.py:208} INFO - Processing /home/airflow/.local/lib/python3.12/site-packages/airflow/example_dags/example_sensors.py took 1.141 seconds
[2025-04-17T12:35:53.796+0000] {processor.py:186} INFO - Started process (PID=4222) to work on /home/airflow/.local/lib/python3.12/site-packages/airflow/example_dags/example_sensors.py
[2025-04-17T12:35:53.798+0000] {processor.py:914} INFO - Processing file /home/airflow/.local/lib/python3.12/site-packages/airflow/example_dags/example_sensors.py for tasks to queue
[2025-04-17T12:35:53.806+0000] {logging_mixin.py:190} INFO - [2025-04-17T12:35:53.804+0000] {dagbag.py:588} INFO - Filling up the DagBag from /home/airflow/.local/lib/python3.12/site-packages/airflow/example_dags/example_sensors.py
[2025-04-17T12:35:53.853+0000] {processor.py:925} INFO - DAG(s) 'example_sensors' retrieved from /home/airflow/.local/lib/python3.12/site-packages/airflow/example_dags/example_sensors.py
[2025-04-17T12:35:53.957+0000] {logging_mixin.py:190} INFO - [2025-04-17T12:35:53.956+0000] {dag.py:3239} INFO - Sync 1 DAGs
[2025-04-17T12:35:53.999+0000] {logging_mixin.py:190} INFO - [2025-04-17T12:35:53.998+0000] {dag.py:4180} INFO - Setting next_dagrun for example_sensors to None, run_after=None
[2025-04-17T12:35:54.073+0000] {processor.py:208} INFO - Processing /home/airflow/.local/lib/python3.12/site-packages/airflow/example_dags/example_sensors.py took 0.299 seconds
[2025-04-17T12:36:29.481+0000] {processor.py:186} INFO - Started process (PID=4531) to work on /home/airflow/.local/lib/python3.12/site-packages/airflow/example_dags/example_sensors.py
[2025-04-17T12:36:29.483+0000] {processor.py:914} INFO - Processing file /home/airflow/.local/lib/python3.12/site-packages/airflow/example_dags/example_sensors.py for tasks to queue
[2025-04-17T12:36:29.486+0000] {logging_mixin.py:190} INFO - [2025-04-17T12:36:29.485+0000] {dagbag.py:588} INFO - Filling up the DagBag from /home/airflow/.local/lib/python3.12/site-packages/airflow/example_dags/example_sensors.py
[2025-04-17T12:36:29.508+0000] {processor.py:925} INFO - DAG(s) 'example_sensors' retrieved from /home/airflow/.local/lib/python3.12/site-packages/airflow/example_dags/example_sensors.py
[2025-04-17T12:36:29.569+0000] {logging_mixin.py:190} INFO - [2025-04-17T12:36:29.568+0000] {dag.py:3239} INFO - Sync 1 DAGs
[2025-04-17T12:36:29.597+0000] {logging_mixin.py:190} INFO - [2025-04-17T12:36:29.597+0000] {dag.py:4180} INFO - Setting next_dagrun for example_sensors to None, run_after=None
[2025-04-17T12:36:29.636+0000] {processor.py:208} INFO - Processing /home/airflow/.local/lib/python3.12/site-packages/airflow/example_dags/example_sensors.py took 0.168 seconds
[2025-04-17T12:37:16.193+0000] {processor.py:186} INFO - Started process (PID=4724) to work on /home/airflow/.local/lib/python3.12/site-packages/airflow/example_dags/example_sensors.py
[2025-04-17T12:37:16.270+0000] {processor.py:914} INFO - Processing file /home/airflow/.local/lib/python3.12/site-packages/airflow/example_dags/example_sensors.py for tasks to queue
[2025-04-17T12:37:16.273+0000] {logging_mixin.py:190} INFO - [2025-04-17T12:37:16.272+0000] {dagbag.py:588} INFO - Filling up the DagBag from /home/airflow/.local/lib/python3.12/site-packages/airflow/example_dags/example_sensors.py
[2025-04-17T12:37:16.294+0000] {processor.py:925} INFO - DAG(s) 'example_sensors' retrieved from /home/airflow/.local/lib/python3.12/site-packages/airflow/example_dags/example_sensors.py
[2025-04-17T12:37:16.342+0000] {logging_mixin.py:190} INFO - [2025-04-17T12:37:16.342+0000] {dag.py:3239} INFO - Sync 1 DAGs
[2025-04-17T12:37:16.371+0000] {logging_mixin.py:190} INFO - [2025-04-17T12:37:16.371+0000] {dag.py:4180} INFO - Setting next_dagrun for example_sensors to None, run_after=None
[2025-04-17T12:37:17.075+0000] {processor.py:208} INFO - Processing /home/airflow/.local/lib/python3.12/site-packages/airflow/example_dags/example_sensors.py took 0.892 seconds
[2025-04-17T12:37:47.480+0000] {processor.py:186} INFO - Started process (PID=5032) to work on /home/airflow/.local/lib/python3.12/site-packages/airflow/example_dags/example_sensors.py
[2025-04-17T12:37:47.482+0000] {processor.py:914} INFO - Processing file /home/airflow/.local/lib/python3.12/site-packages/airflow/example_dags/example_sensors.py for tasks to queue
[2025-04-17T12:37:47.484+0000] {logging_mixin.py:190} INFO - [2025-04-17T12:37:47.483+0000] {dagbag.py:588} INFO - Filling up the DagBag from /home/airflow/.local/lib/python3.12/site-packages/airflow/example_dags/example_sensors.py
[2025-04-17T12:37:47.506+0000] {processor.py:925} INFO - DAG(s) 'example_sensors' retrieved from /home/airflow/.local/lib/python3.12/site-packages/airflow/example_dags/example_sensors.py
[2025-04-17T12:37:47.557+0000] {logging_mixin.py:190} INFO - [2025-04-17T12:37:47.556+0000] {dag.py:3239} INFO - Sync 1 DAGs
[2025-04-17T12:37:47.584+0000] {logging_mixin.py:190} INFO - [2025-04-17T12:37:47.584+0000] {dag.py:4180} INFO - Setting next_dagrun for example_sensors to None, run_after=None
[2025-04-17T12:37:47.617+0000] {processor.py:208} INFO - Processing /home/airflow/.local/lib/python3.12/site-packages/airflow/example_dags/example_sensors.py took 0.148 seconds
[2025-04-17T12:38:17.795+0000] {processor.py:186} INFO - Started process (PID=5339) to work on /home/airflow/.local/lib/python3.12/site-packages/airflow/example_dags/example_sensors.py
[2025-04-17T12:38:17.802+0000] {processor.py:914} INFO - Processing file /home/airflow/.local/lib/python3.12/site-packages/airflow/example_dags/example_sensors.py for tasks to queue
[2025-04-17T12:38:17.807+0000] {logging_mixin.py:190} INFO - [2025-04-17T12:38:17.805+0000] {dagbag.py:588} INFO - Filling up the DagBag from /home/airflow/.local/lib/python3.12/site-packages/airflow/example_dags/example_sensors.py
[2025-04-17T12:38:17.871+0000] {processor.py:925} INFO - DAG(s) 'example_sensors' retrieved from /home/airflow/.local/lib/python3.12/site-packages/airflow/example_dags/example_sensors.py
[2025-04-17T12:38:18.042+0000] {logging_mixin.py:190} INFO - [2025-04-17T12:38:18.041+0000] {dag.py:3239} INFO - Sync 1 DAGs
[2025-04-17T12:38:18.081+0000] {logging_mixin.py:190} INFO - [2025-04-17T12:38:18.080+0000] {dag.py:4180} INFO - Setting next_dagrun for example_sensors to None, run_after=None
[2025-04-17T12:38:18.143+0000] {processor.py:208} INFO - Processing /home/airflow/.local/lib/python3.12/site-packages/airflow/example_dags/example_sensors.py took 0.378 seconds
[2025-04-17T12:38:51.954+0000] {processor.py:186} INFO - Started process (PID=5646) to work on /home/airflow/.local/lib/python3.12/site-packages/airflow/example_dags/example_sensors.py
[2025-04-17T12:38:51.973+0000] {processor.py:914} INFO - Processing file /home/airflow/.local/lib/python3.12/site-packages/airflow/example_dags/example_sensors.py for tasks to queue
[2025-04-17T12:38:51.977+0000] {logging_mixin.py:190} INFO - [2025-04-17T12:38:51.976+0000] {dagbag.py:588} INFO - Filling up the DagBag from /home/airflow/.local/lib/python3.12/site-packages/airflow/example_dags/example_sensors.py
[2025-04-17T12:38:52.034+0000] {processor.py:925} INFO - DAG(s) 'example_sensors' retrieved from /home/airflow/.local/lib/python3.12/site-packages/airflow/example_dags/example_sensors.py
[2025-04-17T12:38:52.094+0000] {logging_mixin.py:190} INFO - [2025-04-17T12:38:52.094+0000] {dag.py:3239} INFO - Sync 1 DAGs
[2025-04-17T12:38:52.125+0000] {logging_mixin.py:190} INFO - [2025-04-17T12:38:52.125+0000] {dag.py:4180} INFO - Setting next_dagrun for example_sensors to None, run_after=None
[2025-04-17T12:38:52.197+0000] {processor.py:208} INFO - Processing /home/airflow/.local/lib/python3.12/site-packages/airflow/example_dags/example_sensors.py took 0.257 seconds
[2025-04-17T12:39:22.930+0000] {processor.py:186} INFO - Started process (PID=5942) to work on /home/airflow/.local/lib/python3.12/site-packages/airflow/example_dags/example_sensors.py
[2025-04-17T12:39:22.943+0000] {processor.py:914} INFO - Processing file /home/airflow/.local/lib/python3.12/site-packages/airflow/example_dags/example_sensors.py for tasks to queue
[2025-04-17T12:39:22.963+0000] {logging_mixin.py:190} INFO - [2025-04-17T12:39:22.963+0000] {dagbag.py:588} INFO - Filling up the DagBag from /home/airflow/.local/lib/python3.12/site-packages/airflow/example_dags/example_sensors.py
[2025-04-17T12:39:22.995+0000] {processor.py:925} INFO - DAG(s) 'example_sensors' retrieved from /home/airflow/.local/lib/python3.12/site-packages/airflow/example_dags/example_sensors.py
[2025-04-17T12:39:23.041+0000] {logging_mixin.py:190} INFO - [2025-04-17T12:39:23.041+0000] {dag.py:3239} INFO - Sync 1 DAGs
[2025-04-17T12:39:23.069+0000] {logging_mixin.py:190} INFO - [2025-04-17T12:39:23.069+0000] {dag.py:4180} INFO - Setting next_dagrun for example_sensors to None, run_after=None
[2025-04-17T12:39:23.153+0000] {processor.py:208} INFO - Processing /home/airflow/.local/lib/python3.12/site-packages/airflow/example_dags/example_sensors.py took 0.233 seconds
[2025-04-17T12:39:55.454+0000] {processor.py:186} INFO - Started process (PID=6270) to work on /home/airflow/.local/lib/python3.12/site-packages/airflow/example_dags/example_sensors.py
[2025-04-17T12:39:55.456+0000] {processor.py:914} INFO - Processing file /home/airflow/.local/lib/python3.12/site-packages/airflow/example_dags/example_sensors.py for tasks to queue
[2025-04-17T12:39:55.463+0000] {logging_mixin.py:190} INFO - [2025-04-17T12:39:55.460+0000] {dagbag.py:588} INFO - Filling up the DagBag from /home/airflow/.local/lib/python3.12/site-packages/airflow/example_dags/example_sensors.py
[2025-04-17T12:39:55.496+0000] {processor.py:925} INFO - DAG(s) 'example_sensors' retrieved from /home/airflow/.local/lib/python3.12/site-packages/airflow/example_dags/example_sensors.py
[2025-04-17T12:39:55.598+0000] {logging_mixin.py:190} INFO - [2025-04-17T12:39:55.597+0000] {dag.py:3239} INFO - Sync 1 DAGs
[2025-04-17T12:39:55.648+0000] {logging_mixin.py:190} INFO - [2025-04-17T12:39:55.647+0000] {dag.py:4180} INFO - Setting next_dagrun for example_sensors to None, run_after=None
[2025-04-17T12:39:55.792+0000] {processor.py:208} INFO - Processing /home/airflow/.local/lib/python3.12/site-packages/airflow/example_dags/example_sensors.py took 0.357 seconds
[2025-04-17T12:41:25.803+0000] {processor.py:186} INFO - Started process (PID=6578) to work on /home/airflow/.local/lib/python3.12/site-packages/airflow/example_dags/example_sensors.py
[2025-04-17T12:41:25.821+0000] {processor.py:914} INFO - Processing file /home/airflow/.local/lib/python3.12/site-packages/airflow/example_dags/example_sensors.py for tasks to queue
[2025-04-17T12:41:25.841+0000] {logging_mixin.py:190} INFO - [2025-04-17T12:41:25.839+0000] {dagbag.py:588} INFO - Filling up the DagBag from /home/airflow/.local/lib/python3.12/site-packages/airflow/example_dags/example_sensors.py
[2025-04-17T12:41:25.958+0000] {processor.py:925} INFO - DAG(s) 'example_sensors' retrieved from /home/airflow/.local/lib/python3.12/site-packages/airflow/example_dags/example_sensors.py
[2025-04-17T12:41:26.375+0000] {logging_mixin.py:190} INFO - [2025-04-17T12:41:26.367+0000] {dag.py:3239} INFO - Sync 1 DAGs
[2025-04-17T12:41:26.866+0000] {logging_mixin.py:190} INFO - [2025-04-17T12:41:26.863+0000] {dag.py:4180} INFO - Setting next_dagrun for example_sensors to None, run_after=None
[2025-04-17T12:41:27.200+0000] {processor.py:208} INFO - Processing /home/airflow/.local/lib/python3.12/site-packages/airflow/example_dags/example_sensors.py took 1.460 seconds
[2025-04-17T12:42:36.373+0000] {processor.py:186} INFO - Started process (PID=6750) to work on /home/airflow/.local/lib/python3.12/site-packages/airflow/example_dags/example_sensors.py
[2025-04-17T12:42:36.376+0000] {processor.py:914} INFO - Processing file /home/airflow/.local/lib/python3.12/site-packages/airflow/example_dags/example_sensors.py for tasks to queue
[2025-04-17T12:42:36.379+0000] {logging_mixin.py:190} INFO - [2025-04-17T12:42:36.378+0000] {dagbag.py:588} INFO - Filling up the DagBag from /home/airflow/.local/lib/python3.12/site-packages/airflow/example_dags/example_sensors.py
[2025-04-17T12:42:36.405+0000] {processor.py:925} INFO - DAG(s) 'example_sensors' retrieved from /home/airflow/.local/lib/python3.12/site-packages/airflow/example_dags/example_sensors.py
[2025-04-17T12:42:36.464+0000] {logging_mixin.py:190} INFO - [2025-04-17T12:42:36.464+0000] {dag.py:3239} INFO - Sync 1 DAGs
[2025-04-17T12:42:36.499+0000] {logging_mixin.py:190} INFO - [2025-04-17T12:42:36.498+0000] {dag.py:4180} INFO - Setting next_dagrun for example_sensors to None, run_after=None
[2025-04-17T12:42:36.545+0000] {processor.py:208} INFO - Processing /home/airflow/.local/lib/python3.12/site-packages/airflow/example_dags/example_sensors.py took 0.185 seconds
[2025-04-17T12:43:08.765+0000] {processor.py:186} INFO - Started process (PID=7171) to work on /home/airflow/.local/lib/python3.12/site-packages/airflow/example_dags/example_sensors.py
[2025-04-17T12:43:08.769+0000] {processor.py:914} INFO - Processing file /home/airflow/.local/lib/python3.12/site-packages/airflow/example_dags/example_sensors.py for tasks to queue
[2025-04-17T12:43:08.772+0000] {logging_mixin.py:190} INFO - [2025-04-17T12:43:08.771+0000] {dagbag.py:588} INFO - Filling up the DagBag from /home/airflow/.local/lib/python3.12/site-packages/airflow/example_dags/example_sensors.py
[2025-04-17T12:43:08.811+0000] {processor.py:925} INFO - DAG(s) 'example_sensors' retrieved from /home/airflow/.local/lib/python3.12/site-packages/airflow/example_dags/example_sensors.py
[2025-04-17T12:43:08.897+0000] {logging_mixin.py:190} INFO - [2025-04-17T12:43:08.896+0000] {dag.py:3239} INFO - Sync 1 DAGs
[2025-04-17T12:43:08.953+0000] {logging_mixin.py:190} INFO - [2025-04-17T12:43:08.953+0000] {dag.py:4180} INFO - Setting next_dagrun for example_sensors to None, run_after=None
[2025-04-17T12:43:09.027+0000] {processor.py:208} INFO - Processing /home/airflow/.local/lib/python3.12/site-packages/airflow/example_dags/example_sensors.py took 0.275 seconds
[2025-04-17T12:43:41.927+0000] {processor.py:186} INFO - Started process (PID=7479) to work on /home/airflow/.local/lib/python3.12/site-packages/airflow/example_dags/example_sensors.py
[2025-04-17T12:43:41.929+0000] {processor.py:914} INFO - Processing file /home/airflow/.local/lib/python3.12/site-packages/airflow/example_dags/example_sensors.py for tasks to queue
[2025-04-17T12:43:41.932+0000] {logging_mixin.py:190} INFO - [2025-04-17T12:43:41.931+0000] {dagbag.py:588} INFO - Filling up the DagBag from /home/airflow/.local/lib/python3.12/site-packages/airflow/example_dags/example_sensors.py
[2025-04-17T12:43:41.954+0000] {processor.py:925} INFO - DAG(s) 'example_sensors' retrieved from /home/airflow/.local/lib/python3.12/site-packages/airflow/example_dags/example_sensors.py
[2025-04-17T12:43:42.013+0000] {logging_mixin.py:190} INFO - [2025-04-17T12:43:42.013+0000] {dag.py:3239} INFO - Sync 1 DAGs
[2025-04-17T12:43:42.047+0000] {logging_mixin.py:190} INFO - [2025-04-17T12:43:42.047+0000] {dag.py:4180} INFO - Setting next_dagrun for example_sensors to None, run_after=None
[2025-04-17T12:43:42.095+0000] {processor.py:208} INFO - Processing /home/airflow/.local/lib/python3.12/site-packages/airflow/example_dags/example_sensors.py took 0.180 seconds
[2025-04-17T12:44:15.304+0000] {processor.py:186} INFO - Started process (PID=7839) to work on /home/airflow/.local/lib/python3.12/site-packages/airflow/example_dags/example_sensors.py
[2025-04-17T12:44:15.315+0000] {processor.py:914} INFO - Processing file /home/airflow/.local/lib/python3.12/site-packages/airflow/example_dags/example_sensors.py for tasks to queue
[2025-04-17T12:44:15.329+0000] {logging_mixin.py:190} INFO - [2025-04-17T12:44:15.328+0000] {dagbag.py:588} INFO - Filling up the DagBag from /home/airflow/.local/lib/python3.12/site-packages/airflow/example_dags/example_sensors.py
[2025-04-17T12:44:15.388+0000] {processor.py:925} INFO - DAG(s) 'example_sensors' retrieved from /home/airflow/.local/lib/python3.12/site-packages/airflow/example_dags/example_sensors.py
[2025-04-17T12:44:15.511+0000] {logging_mixin.py:190} INFO - [2025-04-17T12:44:15.510+0000] {dag.py:3239} INFO - Sync 1 DAGs
[2025-04-17T12:44:15.590+0000] {logging_mixin.py:190} INFO - [2025-04-17T12:44:15.589+0000] {dag.py:4180} INFO - Setting next_dagrun for example_sensors to None, run_after=None
[2025-04-17T12:44:15.681+0000] {processor.py:208} INFO - Processing /home/airflow/.local/lib/python3.12/site-packages/airflow/example_dags/example_sensors.py took 0.400 seconds
[2025-04-17T12:44:46.855+0000] {processor.py:186} INFO - Started process (PID=8282) to work on /home/airflow/.local/lib/python3.12/site-packages/airflow/example_dags/example_sensors.py
[2025-04-17T12:44:46.857+0000] {processor.py:914} INFO - Processing file /home/airflow/.local/lib/python3.12/site-packages/airflow/example_dags/example_sensors.py for tasks to queue
[2025-04-17T12:44:46.859+0000] {logging_mixin.py:190} INFO - [2025-04-17T12:44:46.859+0000] {dagbag.py:588} INFO - Filling up the DagBag from /home/airflow/.local/lib/python3.12/site-packages/airflow/example_dags/example_sensors.py
[2025-04-17T12:44:46.892+0000] {processor.py:925} INFO - DAG(s) 'example_sensors' retrieved from /home/airflow/.local/lib/python3.12/site-packages/airflow/example_dags/example_sensors.py
[2025-04-17T12:44:46.959+0000] {logging_mixin.py:190} INFO - [2025-04-17T12:44:46.958+0000] {dag.py:3239} INFO - Sync 1 DAGs
[2025-04-17T12:44:46.994+0000] {logging_mixin.py:190} INFO - [2025-04-17T12:44:46.994+0000] {dag.py:4180} INFO - Setting next_dagrun for example_sensors to None, run_after=None
[2025-04-17T12:44:47.043+0000] {processor.py:208} INFO - Processing /home/airflow/.local/lib/python3.12/site-packages/airflow/example_dags/example_sensors.py took 0.200 seconds
[2025-04-17T12:45:19.170+0000] {processor.py:186} INFO - Started process (PID=8597) to work on /home/airflow/.local/lib/python3.12/site-packages/airflow/example_dags/example_sensors.py
[2025-04-17T12:45:19.236+0000] {processor.py:914} INFO - Processing file /home/airflow/.local/lib/python3.12/site-packages/airflow/example_dags/example_sensors.py for tasks to queue
[2025-04-17T12:45:19.239+0000] {logging_mixin.py:190} INFO - [2025-04-17T12:45:19.238+0000] {dagbag.py:588} INFO - Filling up the DagBag from /home/airflow/.local/lib/python3.12/site-packages/airflow/example_dags/example_sensors.py
[2025-04-17T12:45:19.259+0000] {processor.py:925} INFO - DAG(s) 'example_sensors' retrieved from /home/airflow/.local/lib/python3.12/site-packages/airflow/example_dags/example_sensors.py
[2025-04-17T12:45:19.308+0000] {logging_mixin.py:190} INFO - [2025-04-17T12:45:19.308+0000] {dag.py:3239} INFO - Sync 1 DAGs
[2025-04-17T12:45:19.335+0000] {logging_mixin.py:190} INFO - [2025-04-17T12:45:19.335+0000] {dag.py:4180} INFO - Setting next_dagrun for example_sensors to None, run_after=None
[2025-04-17T12:45:19.503+0000] {processor.py:208} INFO - Processing /home/airflow/.local/lib/python3.12/site-packages/airflow/example_dags/example_sensors.py took 0.343 seconds
[2025-04-17T12:45:50.300+0000] {processor.py:186} INFO - Started process (PID=8904) to work on /home/airflow/.local/lib/python3.12/site-packages/airflow/example_dags/example_sensors.py
[2025-04-17T12:45:50.302+0000] {processor.py:914} INFO - Processing file /home/airflow/.local/lib/python3.12/site-packages/airflow/example_dags/example_sensors.py for tasks to queue
[2025-04-17T12:45:50.304+0000] {logging_mixin.py:190} INFO - [2025-04-17T12:45:50.304+0000] {dagbag.py:588} INFO - Filling up the DagBag from /home/airflow/.local/lib/python3.12/site-packages/airflow/example_dags/example_sensors.py
[2025-04-17T12:45:50.326+0000] {processor.py:925} INFO - DAG(s) 'example_sensors' retrieved from /home/airflow/.local/lib/python3.12/site-packages/airflow/example_dags/example_sensors.py
[2025-04-17T12:45:50.374+0000] {logging_mixin.py:190} INFO - [2025-04-17T12:45:50.374+0000] {dag.py:3239} INFO - Sync 1 DAGs
[2025-04-17T12:45:50.412+0000] {logging_mixin.py:190} INFO - [2025-04-17T12:45:50.412+0000] {dag.py:4180} INFO - Setting next_dagrun for example_sensors to None, run_after=None
[2025-04-17T12:45:50.443+0000] {processor.py:208} INFO - Processing /home/airflow/.local/lib/python3.12/site-packages/airflow/example_dags/example_sensors.py took 0.154 seconds
[2025-04-17T12:46:20.684+0000] {processor.py:186} INFO - Started process (PID=9197) to work on /home/airflow/.local/lib/python3.12/site-packages/airflow/example_dags/example_sensors.py
[2025-04-17T12:46:20.687+0000] {processor.py:914} INFO - Processing file /home/airflow/.local/lib/python3.12/site-packages/airflow/example_dags/example_sensors.py for tasks to queue
[2025-04-17T12:46:20.689+0000] {logging_mixin.py:190} INFO - [2025-04-17T12:46:20.689+0000] {dagbag.py:588} INFO - Filling up the DagBag from /home/airflow/.local/lib/python3.12/site-packages/airflow/example_dags/example_sensors.py
[2025-04-17T12:46:20.717+0000] {processor.py:925} INFO - DAG(s) 'example_sensors' retrieved from /home/airflow/.local/lib/python3.12/site-packages/airflow/example_dags/example_sensors.py
[2025-04-17T12:46:20.764+0000] {logging_mixin.py:190} INFO - [2025-04-17T12:46:20.764+0000] {dag.py:3239} INFO - Sync 1 DAGs
[2025-04-17T12:46:20.795+0000] {logging_mixin.py:190} INFO - [2025-04-17T12:46:20.795+0000] {dag.py:4180} INFO - Setting next_dagrun for example_sensors to None, run_after=None
[2025-04-17T12:46:20.828+0000] {processor.py:208} INFO - Processing /home/airflow/.local/lib/python3.12/site-packages/airflow/example_dags/example_sensors.py took 0.157 seconds
[2025-04-17T12:46:50.965+0000] {processor.py:186} INFO - Started process (PID=9504) to work on /home/airflow/.local/lib/python3.12/site-packages/airflow/example_dags/example_sensors.py
[2025-04-17T12:46:50.967+0000] {processor.py:914} INFO - Processing file /home/airflow/.local/lib/python3.12/site-packages/airflow/example_dags/example_sensors.py for tasks to queue
[2025-04-17T12:46:50.969+0000] {logging_mixin.py:190} INFO - [2025-04-17T12:46:50.969+0000] {dagbag.py:588} INFO - Filling up the DagBag from /home/airflow/.local/lib/python3.12/site-packages/airflow/example_dags/example_sensors.py
[2025-04-17T12:46:50.995+0000] {processor.py:925} INFO - DAG(s) 'example_sensors' retrieved from /home/airflow/.local/lib/python3.12/site-packages/airflow/example_dags/example_sensors.py
[2025-04-17T12:46:51.050+0000] {logging_mixin.py:190} INFO - [2025-04-17T12:46:51.050+0000] {dag.py:3239} INFO - Sync 1 DAGs
[2025-04-17T12:46:51.080+0000] {logging_mixin.py:190} INFO - [2025-04-17T12:46:51.080+0000] {dag.py:4180} INFO - Setting next_dagrun for example_sensors to None, run_after=None
[2025-04-17T12:46:51.118+0000] {processor.py:208} INFO - Processing /home/airflow/.local/lib/python3.12/site-packages/airflow/example_dags/example_sensors.py took 0.163 seconds
[2025-04-17T12:47:21.362+0000] {processor.py:186} INFO - Started process (PID=9809) to work on /home/airflow/.local/lib/python3.12/site-packages/airflow/example_dags/example_sensors.py
[2025-04-17T12:47:21.365+0000] {processor.py:914} INFO - Processing file /home/airflow/.local/lib/python3.12/site-packages/airflow/example_dags/example_sensors.py for tasks to queue
[2025-04-17T12:47:21.375+0000] {logging_mixin.py:190} INFO - [2025-04-17T12:47:21.374+0000] {dagbag.py:588} INFO - Filling up the DagBag from /home/airflow/.local/lib/python3.12/site-packages/airflow/example_dags/example_sensors.py
[2025-04-17T12:47:21.412+0000] {processor.py:925} INFO - DAG(s) 'example_sensors' retrieved from /home/airflow/.local/lib/python3.12/site-packages/airflow/example_dags/example_sensors.py
[2025-04-17T12:47:21.495+0000] {logging_mixin.py:190} INFO - [2025-04-17T12:47:21.494+0000] {dag.py:3239} INFO - Sync 1 DAGs
[2025-04-17T12:47:21.562+0000] {logging_mixin.py:190} INFO - [2025-04-17T12:47:21.561+0000] {dag.py:4180} INFO - Setting next_dagrun for example_sensors to None, run_after=None
[2025-04-17T12:47:21.681+0000] {processor.py:208} INFO - Processing /home/airflow/.local/lib/python3.12/site-packages/airflow/example_dags/example_sensors.py took 0.343 seconds
[2025-04-17T12:47:51.912+0000] {processor.py:186} INFO - Started process (PID=10116) to work on /home/airflow/.local/lib/python3.12/site-packages/airflow/example_dags/example_sensors.py
[2025-04-17T12:47:51.914+0000] {processor.py:914} INFO - Processing file /home/airflow/.local/lib/python3.12/site-packages/airflow/example_dags/example_sensors.py for tasks to queue
[2025-04-17T12:47:51.918+0000] {logging_mixin.py:190} INFO - [2025-04-17T12:47:51.917+0000] {dagbag.py:588} INFO - Filling up the DagBag from /home/airflow/.local/lib/python3.12/site-packages/airflow/example_dags/example_sensors.py
[2025-04-17T12:47:51.951+0000] {processor.py:925} INFO - DAG(s) 'example_sensors' retrieved from /home/airflow/.local/lib/python3.12/site-packages/airflow/example_dags/example_sensors.py
[2025-04-17T12:47:52.037+0000] {logging_mixin.py:190} INFO - [2025-04-17T12:47:52.036+0000] {dag.py:3239} INFO - Sync 1 DAGs
[2025-04-17T12:47:52.092+0000] {logging_mixin.py:190} INFO - [2025-04-17T12:47:52.091+0000] {dag.py:4180} INFO - Setting next_dagrun for example_sensors to None, run_after=None
[2025-04-17T12:47:52.142+0000] {processor.py:208} INFO - Processing /home/airflow/.local/lib/python3.12/site-packages/airflow/example_dags/example_sensors.py took 0.244 seconds
[2025-04-17T12:48:22.531+0000] {processor.py:186} INFO - Started process (PID=10423) to work on /home/airflow/.local/lib/python3.12/site-packages/airflow/example_dags/example_sensors.py
[2025-04-17T12:48:22.533+0000] {processor.py:914} INFO - Processing file /home/airflow/.local/lib/python3.12/site-packages/airflow/example_dags/example_sensors.py for tasks to queue
[2025-04-17T12:48:22.535+0000] {logging_mixin.py:190} INFO - [2025-04-17T12:48:22.534+0000] {dagbag.py:588} INFO - Filling up the DagBag from /home/airflow/.local/lib/python3.12/site-packages/airflow/example_dags/example_sensors.py
[2025-04-17T12:48:22.555+0000] {processor.py:925} INFO - DAG(s) 'example_sensors' retrieved from /home/airflow/.local/lib/python3.12/site-packages/airflow/example_dags/example_sensors.py
[2025-04-17T12:48:22.602+0000] {logging_mixin.py:190} INFO - [2025-04-17T12:48:22.602+0000] {dag.py:3239} INFO - Sync 1 DAGs
[2025-04-17T12:48:22.627+0000] {logging_mixin.py:190} INFO - [2025-04-17T12:48:22.627+0000] {dag.py:4180} INFO - Setting next_dagrun for example_sensors to None, run_after=None
[2025-04-17T12:48:22.661+0000] {processor.py:208} INFO - Processing /home/airflow/.local/lib/python3.12/site-packages/airflow/example_dags/example_sensors.py took 0.139 seconds
