[2025-04-17T11:37:12.048+0000] {processor.py:186} INFO - Started process (PID=39690) to work on /home/airflow/.local/lib/python3.12/site-packages/airflow/example_dags/tutorial_dag.py
[2025-04-17T11:37:12.139+0000] {processor.py:914} INFO - Processing file /home/airflow/.local/lib/python3.12/site-packages/airflow/example_dags/tutorial_dag.py for tasks to queue
[2025-04-17T11:37:12.281+0000] {logging_mixin.py:190} INFO - [2025-04-17T11:37:12.237+0000] {dagbag.py:588} INFO - Filling up the DagBag from /home/airflow/.local/lib/python3.12/site-packages/airflow/example_dags/tutorial_dag.py
[2025-04-17T11:37:14.136+0000] {processor.py:925} INFO - DAG(s) 'tutorial_dag' retrieved from /home/airflow/.local/lib/python3.12/site-packages/airflow/example_dags/tutorial_dag.py
[2025-04-17T11:37:15.104+0000] {logging_mixin.py:190} INFO - [2025-04-17T11:37:15.097+0000] {dag.py:3239} INFO - Sync 1 DAGs
[2025-04-17T11:37:15.338+0000] {logging_mixin.py:190} INFO - [2025-04-17T11:37:15.337+0000] {dag.py:4180} INFO - Setting next_dagrun for tutorial_dag to None, run_after=None
[2025-04-17T11:37:21.354+0000] {processor.py:208} INFO - Processing /home/airflow/.local/lib/python3.12/site-packages/airflow/example_dags/tutorial_dag.py took 10.707 seconds
[2025-04-17T11:48:28.903+0000] {processor.py:186} INFO - Started process (PID=39995) to work on /home/airflow/.local/lib/python3.12/site-packages/airflow/example_dags/tutorial_dag.py
[2025-04-17T11:48:29.029+0000] {processor.py:914} INFO - Processing file /home/airflow/.local/lib/python3.12/site-packages/airflow/example_dags/tutorial_dag.py for tasks to queue
[2025-04-17T11:48:29.311+0000] {logging_mixin.py:190} INFO - [2025-04-17T11:48:29.229+0000] {dagbag.py:588} INFO - Filling up the DagBag from /home/airflow/.local/lib/python3.12/site-packages/airflow/example_dags/tutorial_dag.py
[2025-04-17T11:48:32.696+0000] {processor.py:925} INFO - DAG(s) 'tutorial_dag' retrieved from /home/airflow/.local/lib/python3.12/site-packages/airflow/example_dags/tutorial_dag.py
[2025-04-17T11:48:38.774+0000] {logging_mixin.py:190} INFO - [2025-04-17T11:48:38.705+0000] {dag.py:3239} INFO - Sync 1 DAGs
[2025-04-17T11:48:42.898+0000] {logging_mixin.py:190} INFO - [2025-04-17T11:48:42.855+0000] {dag.py:4180} INFO - Setting next_dagrun for tutorial_dag to None, run_after=None
[2025-04-17T11:48:45.052+0000] {processor.py:208} INFO - Processing /home/airflow/.local/lib/python3.12/site-packages/airflow/example_dags/tutorial_dag.py took 17.348 seconds
[2025-04-17T12:08:10.232+0000] {processor.py:186} INFO - Started process (PID=265) to work on /home/airflow/.local/lib/python3.12/site-packages/airflow/example_dags/tutorial_dag.py
[2025-04-17T12:08:10.234+0000] {processor.py:914} INFO - Processing file /home/airflow/.local/lib/python3.12/site-packages/airflow/example_dags/tutorial_dag.py for tasks to queue
[2025-04-17T12:08:10.239+0000] {logging_mixin.py:190} INFO - [2025-04-17T12:08:10.239+0000] {dagbag.py:588} INFO - Filling up the DagBag from /home/airflow/.local/lib/python3.12/site-packages/airflow/example_dags/tutorial_dag.py
[2025-04-17T12:08:10.253+0000] {processor.py:925} INFO - DAG(s) 'tutorial_dag' retrieved from /home/airflow/.local/lib/python3.12/site-packages/airflow/example_dags/tutorial_dag.py
[2025-04-17T12:08:10.306+0000] {logging_mixin.py:190} INFO - [2025-04-17T12:08:10.305+0000] {dag.py:3239} INFO - Sync 1 DAGs
[2025-04-17T12:08:10.343+0000] {logging_mixin.py:190} INFO - [2025-04-17T12:08:10.342+0000] {dag.py:4180} INFO - Setting next_dagrun for tutorial_dag to None, run_after=None
[2025-04-17T12:08:10.386+0000] {processor.py:208} INFO - Processing /home/airflow/.local/lib/python3.12/site-packages/airflow/example_dags/tutorial_dag.py took 0.166 seconds
[2025-04-17T12:11:57.035+0000] {processor.py:186} INFO - Started process (PID=935) to work on /home/airflow/.local/lib/python3.12/site-packages/airflow/example_dags/tutorial_dag.py
[2025-04-17T12:11:57.051+0000] {processor.py:914} INFO - Processing file /home/airflow/.local/lib/python3.12/site-packages/airflow/example_dags/tutorial_dag.py for tasks to queue
[2025-04-17T12:11:57.082+0000] {logging_mixin.py:190} INFO - [2025-04-17T12:11:57.079+0000] {dagbag.py:588} INFO - Filling up the DagBag from /home/airflow/.local/lib/python3.12/site-packages/airflow/example_dags/tutorial_dag.py
[2025-04-17T12:11:57.212+0000] {processor.py:925} INFO - DAG(s) 'tutorial_dag' retrieved from /home/airflow/.local/lib/python3.12/site-packages/airflow/example_dags/tutorial_dag.py
[2025-04-17T12:11:57.377+0000] {logging_mixin.py:190} INFO - [2025-04-17T12:11:57.374+0000] {dag.py:3239} INFO - Sync 1 DAGs
[2025-04-17T12:11:57.506+0000] {logging_mixin.py:190} INFO - [2025-04-17T12:11:57.505+0000] {dag.py:4180} INFO - Setting next_dagrun for tutorial_dag to None, run_after=None
[2025-04-17T12:11:57.620+0000] {processor.py:208} INFO - Processing /home/airflow/.local/lib/python3.12/site-packages/airflow/example_dags/tutorial_dag.py took 0.609 seconds
[2025-04-17T12:15:42.574+0000] {processor.py:186} INFO - Started process (PID=1137) to work on /home/airflow/.local/lib/python3.12/site-packages/airflow/example_dags/tutorial_dag.py
[2025-04-17T12:15:42.577+0000] {processor.py:914} INFO - Processing file /home/airflow/.local/lib/python3.12/site-packages/airflow/example_dags/tutorial_dag.py for tasks to queue
[2025-04-17T12:15:42.580+0000] {logging_mixin.py:190} INFO - [2025-04-17T12:15:42.579+0000] {dagbag.py:588} INFO - Filling up the DagBag from /home/airflow/.local/lib/python3.12/site-packages/airflow/example_dags/tutorial_dag.py
[2025-04-17T12:15:42.599+0000] {processor.py:925} INFO - DAG(s) 'tutorial_dag' retrieved from /home/airflow/.local/lib/python3.12/site-packages/airflow/example_dags/tutorial_dag.py
[2025-04-17T12:15:42.649+0000] {logging_mixin.py:190} INFO - [2025-04-17T12:15:42.648+0000] {dag.py:3239} INFO - Sync 1 DAGs
[2025-04-17T12:15:42.684+0000] {logging_mixin.py:190} INFO - [2025-04-17T12:15:42.684+0000] {dag.py:4180} INFO - Setting next_dagrun for tutorial_dag to None, run_after=None
[2025-04-17T12:15:42.727+0000] {processor.py:208} INFO - Processing /home/airflow/.local/lib/python3.12/site-packages/airflow/example_dags/tutorial_dag.py took 0.170 seconds
[2025-04-17T12:18:43.550+0000] {processor.py:186} INFO - Started process (PID=1764) to work on /home/airflow/.local/lib/python3.12/site-packages/airflow/example_dags/tutorial_dag.py
[2025-04-17T12:18:43.647+0000] {processor.py:914} INFO - Processing file /home/airflow/.local/lib/python3.12/site-packages/airflow/example_dags/tutorial_dag.py for tasks to queue
[2025-04-17T12:18:43.792+0000] {logging_mixin.py:190} INFO - [2025-04-17T12:18:43.790+0000] {dagbag.py:588} INFO - Filling up the DagBag from /home/airflow/.local/lib/python3.12/site-packages/airflow/example_dags/tutorial_dag.py
[2025-04-17T12:18:44.286+0000] {processor.py:925} INFO - DAG(s) 'tutorial_dag' retrieved from /home/airflow/.local/lib/python3.12/site-packages/airflow/example_dags/tutorial_dag.py
[2025-04-17T12:18:45.107+0000] {logging_mixin.py:190} INFO - [2025-04-17T12:18:45.106+0000] {dag.py:3239} INFO - Sync 1 DAGs
[2025-04-17T12:18:45.611+0000] {logging_mixin.py:190} INFO - [2025-04-17T12:18:45.611+0000] {dag.py:4180} INFO - Setting next_dagrun for tutorial_dag to None, run_after=None
[2025-04-17T12:18:45.923+0000] {processor.py:208} INFO - Processing /home/airflow/.local/lib/python3.12/site-packages/airflow/example_dags/tutorial_dag.py took 2.834 seconds
[2025-04-17T12:19:31.778+0000] {processor.py:186} INFO - Started process (PID=2284) to work on /home/airflow/.local/lib/python3.12/site-packages/airflow/example_dags/tutorial_dag.py
[2025-04-17T12:19:31.814+0000] {processor.py:914} INFO - Processing file /home/airflow/.local/lib/python3.12/site-packages/airflow/example_dags/tutorial_dag.py for tasks to queue
[2025-04-17T12:19:31.822+0000] {logging_mixin.py:190} INFO - [2025-04-17T12:19:31.819+0000] {dagbag.py:588} INFO - Filling up the DagBag from /home/airflow/.local/lib/python3.12/site-packages/airflow/example_dags/tutorial_dag.py
[2025-04-17T12:19:32.002+0000] {processor.py:925} INFO - DAG(s) 'tutorial_dag' retrieved from /home/airflow/.local/lib/python3.12/site-packages/airflow/example_dags/tutorial_dag.py
[2025-04-17T12:19:32.303+0000] {logging_mixin.py:190} INFO - [2025-04-17T12:19:32.302+0000] {dag.py:3239} INFO - Sync 1 DAGs
[2025-04-17T12:19:32.463+0000] {logging_mixin.py:190} INFO - [2025-04-17T12:19:32.462+0000] {dag.py:4180} INFO - Setting next_dagrun for tutorial_dag to None, run_after=None
[2025-04-17T12:19:32.701+0000] {processor.py:208} INFO - Processing /home/airflow/.local/lib/python3.12/site-packages/airflow/example_dags/tutorial_dag.py took 1.002 seconds
[2025-04-17T12:24:04.814+0000] {processor.py:186} INFO - Started process (PID=2505) to work on /home/airflow/.local/lib/python3.12/site-packages/airflow/example_dags/tutorial_dag.py
[2025-04-17T12:24:04.831+0000] {processor.py:914} INFO - Processing file /home/airflow/.local/lib/python3.12/site-packages/airflow/example_dags/tutorial_dag.py for tasks to queue
[2025-04-17T12:24:04.841+0000] {logging_mixin.py:190} INFO - [2025-04-17T12:24:04.838+0000] {dagbag.py:588} INFO - Filling up the DagBag from /home/airflow/.local/lib/python3.12/site-packages/airflow/example_dags/tutorial_dag.py
[2025-04-17T12:24:05.101+0000] {processor.py:925} INFO - DAG(s) 'tutorial_dag' retrieved from /home/airflow/.local/lib/python3.12/site-packages/airflow/example_dags/tutorial_dag.py
[2025-04-17T12:24:05.795+0000] {logging_mixin.py:190} INFO - [2025-04-17T12:24:05.794+0000] {dag.py:3239} INFO - Sync 1 DAGs
[2025-04-17T12:24:06.405+0000] {logging_mixin.py:190} INFO - [2025-04-17T12:24:06.395+0000] {dag.py:4180} INFO - Setting next_dagrun for tutorial_dag to None, run_after=None
[2025-04-17T12:24:06.835+0000] {processor.py:208} INFO - Processing /home/airflow/.local/lib/python3.12/site-packages/airflow/example_dags/tutorial_dag.py took 2.050 seconds
[2025-04-17T12:24:56.109+0000] {processor.py:186} INFO - Started process (PID=2892) to work on /home/airflow/.local/lib/python3.12/site-packages/airflow/example_dags/tutorial_dag.py
[2025-04-17T12:24:56.112+0000] {processor.py:914} INFO - Processing file /home/airflow/.local/lib/python3.12/site-packages/airflow/example_dags/tutorial_dag.py for tasks to queue
[2025-04-17T12:24:56.115+0000] {logging_mixin.py:190} INFO - [2025-04-17T12:24:56.114+0000] {dagbag.py:588} INFO - Filling up the DagBag from /home/airflow/.local/lib/python3.12/site-packages/airflow/example_dags/tutorial_dag.py
[2025-04-17T12:24:56.132+0000] {processor.py:925} INFO - DAG(s) 'tutorial_dag' retrieved from /home/airflow/.local/lib/python3.12/site-packages/airflow/example_dags/tutorial_dag.py
[2025-04-17T12:24:56.178+0000] {logging_mixin.py:190} INFO - [2025-04-17T12:24:56.177+0000] {dag.py:3239} INFO - Sync 1 DAGs
[2025-04-17T12:24:56.226+0000] {logging_mixin.py:190} INFO - [2025-04-17T12:24:56.225+0000] {dag.py:4180} INFO - Setting next_dagrun for tutorial_dag to None, run_after=None
[2025-04-17T12:24:56.269+0000] {processor.py:208} INFO - Processing /home/airflow/.local/lib/python3.12/site-packages/airflow/example_dags/tutorial_dag.py took 0.173 seconds
[2025-04-17T12:26:12.676+0000] {processor.py:186} INFO - Started process (PID=3301) to work on /home/airflow/.local/lib/python3.12/site-packages/airflow/example_dags/tutorial_dag.py
[2025-04-17T12:26:12.721+0000] {processor.py:914} INFO - Processing file /home/airflow/.local/lib/python3.12/site-packages/airflow/example_dags/tutorial_dag.py for tasks to queue
[2025-04-17T12:26:12.796+0000] {logging_mixin.py:190} INFO - [2025-04-17T12:26:12.776+0000] {dagbag.py:588} INFO - Filling up the DagBag from /home/airflow/.local/lib/python3.12/site-packages/airflow/example_dags/tutorial_dag.py
[2025-04-17T12:26:13.281+0000] {processor.py:925} INFO - DAG(s) 'tutorial_dag' retrieved from /home/airflow/.local/lib/python3.12/site-packages/airflow/example_dags/tutorial_dag.py
[2025-04-17T12:26:15.031+0000] {logging_mixin.py:190} INFO - [2025-04-17T12:26:15.007+0000] {dag.py:3239} INFO - Sync 1 DAGs
[2025-04-17T12:26:16.967+0000] {logging_mixin.py:190} INFO - [2025-04-17T12:26:16.965+0000] {dag.py:4180} INFO - Setting next_dagrun for tutorial_dag to None, run_after=None
[2025-04-17T12:26:17.854+0000] {processor.py:208} INFO - Processing /home/airflow/.local/lib/python3.12/site-packages/airflow/example_dags/tutorial_dag.py took 5.437 seconds
[2025-04-17T12:35:12.942+0000] {processor.py:186} INFO - Started process (PID=3889) to work on /home/airflow/.local/lib/python3.12/site-packages/airflow/example_dags/tutorial_dag.py
[2025-04-17T12:35:12.971+0000] {processor.py:914} INFO - Processing file /home/airflow/.local/lib/python3.12/site-packages/airflow/example_dags/tutorial_dag.py for tasks to queue
[2025-04-17T12:35:13.000+0000] {logging_mixin.py:190} INFO - [2025-04-17T12:35:12.990+0000] {dagbag.py:588} INFO - Filling up the DagBag from /home/airflow/.local/lib/python3.12/site-packages/airflow/example_dags/tutorial_dag.py
[2025-04-17T12:35:13.143+0000] {processor.py:925} INFO - DAG(s) 'tutorial_dag' retrieved from /home/airflow/.local/lib/python3.12/site-packages/airflow/example_dags/tutorial_dag.py
[2025-04-17T12:35:13.279+0000] {logging_mixin.py:190} INFO - [2025-04-17T12:35:13.278+0000] {dag.py:3239} INFO - Sync 1 DAGs
[2025-04-17T12:35:13.576+0000] {logging_mixin.py:190} INFO - [2025-04-17T12:35:13.575+0000] {dag.py:4180} INFO - Setting next_dagrun for tutorial_dag to None, run_after=None
[2025-04-17T12:35:14.076+0000] {processor.py:208} INFO - Processing /home/airflow/.local/lib/python3.12/site-packages/airflow/example_dags/tutorial_dag.py took 1.359 seconds
[2025-04-17T12:35:53.249+0000] {processor.py:186} INFO - Started process (PID=4207) to work on /home/airflow/.local/lib/python3.12/site-packages/airflow/example_dags/tutorial_dag.py
[2025-04-17T12:35:53.253+0000] {processor.py:914} INFO - Processing file /home/airflow/.local/lib/python3.12/site-packages/airflow/example_dags/tutorial_dag.py for tasks to queue
[2025-04-17T12:35:53.256+0000] {logging_mixin.py:190} INFO - [2025-04-17T12:35:53.255+0000] {dagbag.py:588} INFO - Filling up the DagBag from /home/airflow/.local/lib/python3.12/site-packages/airflow/example_dags/tutorial_dag.py
[2025-04-17T12:35:53.277+0000] {processor.py:925} INFO - DAG(s) 'tutorial_dag' retrieved from /home/airflow/.local/lib/python3.12/site-packages/airflow/example_dags/tutorial_dag.py
[2025-04-17T12:35:53.316+0000] {logging_mixin.py:190} INFO - [2025-04-17T12:35:53.315+0000] {dag.py:3239} INFO - Sync 1 DAGs
[2025-04-17T12:35:53.345+0000] {logging_mixin.py:190} INFO - [2025-04-17T12:35:53.345+0000] {dag.py:4180} INFO - Setting next_dagrun for tutorial_dag to None, run_after=None
[2025-04-17T12:35:53.388+0000] {processor.py:208} INFO - Processing /home/airflow/.local/lib/python3.12/site-packages/airflow/example_dags/tutorial_dag.py took 0.150 seconds
[2025-04-17T12:36:29.076+0000] {processor.py:186} INFO - Started process (PID=4516) to work on /home/airflow/.local/lib/python3.12/site-packages/airflow/example_dags/tutorial_dag.py
[2025-04-17T12:36:29.078+0000] {processor.py:914} INFO - Processing file /home/airflow/.local/lib/python3.12/site-packages/airflow/example_dags/tutorial_dag.py for tasks to queue
[2025-04-17T12:36:29.081+0000] {logging_mixin.py:190} INFO - [2025-04-17T12:36:29.080+0000] {dagbag.py:588} INFO - Filling up the DagBag from /home/airflow/.local/lib/python3.12/site-packages/airflow/example_dags/tutorial_dag.py
[2025-04-17T12:36:29.096+0000] {processor.py:925} INFO - DAG(s) 'tutorial_dag' retrieved from /home/airflow/.local/lib/python3.12/site-packages/airflow/example_dags/tutorial_dag.py
[2025-04-17T12:36:29.173+0000] {logging_mixin.py:190} INFO - [2025-04-17T12:36:29.172+0000] {dag.py:3239} INFO - Sync 1 DAGs
[2025-04-17T12:36:29.228+0000] {logging_mixin.py:190} INFO - [2025-04-17T12:36:29.228+0000] {dag.py:4180} INFO - Setting next_dagrun for tutorial_dag to None, run_after=None
[2025-04-17T12:36:29.266+0000] {processor.py:208} INFO - Processing /home/airflow/.local/lib/python3.12/site-packages/airflow/example_dags/tutorial_dag.py took 0.205 seconds
[2025-04-17T12:37:12.683+0000] {processor.py:186} INFO - Started process (PID=4703) to work on /home/airflow/.local/lib/python3.12/site-packages/airflow/example_dags/tutorial_dag.py
[2025-04-17T12:37:12.776+0000] {processor.py:914} INFO - Processing file /home/airflow/.local/lib/python3.12/site-packages/airflow/example_dags/tutorial_dag.py for tasks to queue
[2025-04-17T12:37:12.992+0000] {logging_mixin.py:190} INFO - [2025-04-17T12:37:12.992+0000] {dagbag.py:588} INFO - Filling up the DagBag from /home/airflow/.local/lib/python3.12/site-packages/airflow/example_dags/tutorial_dag.py
[2025-04-17T12:37:13.005+0000] {processor.py:925} INFO - DAG(s) 'tutorial_dag' retrieved from /home/airflow/.local/lib/python3.12/site-packages/airflow/example_dags/tutorial_dag.py
[2025-04-17T12:37:13.042+0000] {logging_mixin.py:190} INFO - [2025-04-17T12:37:13.041+0000] {dag.py:3239} INFO - Sync 1 DAGs
[2025-04-17T12:37:13.069+0000] {logging_mixin.py:190} INFO - [2025-04-17T12:37:13.068+0000] {dag.py:4180} INFO - Setting next_dagrun for tutorial_dag to None, run_after=None
[2025-04-17T12:37:13.844+0000] {processor.py:208} INFO - Processing /home/airflow/.local/lib/python3.12/site-packages/airflow/example_dags/tutorial_dag.py took 1.170 seconds
[2025-04-17T12:37:44.163+0000] {processor.py:186} INFO - Started process (PID=5011) to work on /home/airflow/.local/lib/python3.12/site-packages/airflow/example_dags/tutorial_dag.py
[2025-04-17T12:37:44.166+0000] {processor.py:914} INFO - Processing file /home/airflow/.local/lib/python3.12/site-packages/airflow/example_dags/tutorial_dag.py for tasks to queue
[2025-04-17T12:37:44.168+0000] {logging_mixin.py:190} INFO - [2025-04-17T12:37:44.168+0000] {dagbag.py:588} INFO - Filling up the DagBag from /home/airflow/.local/lib/python3.12/site-packages/airflow/example_dags/tutorial_dag.py
[2025-04-17T12:37:44.185+0000] {processor.py:925} INFO - DAG(s) 'tutorial_dag' retrieved from /home/airflow/.local/lib/python3.12/site-packages/airflow/example_dags/tutorial_dag.py
[2025-04-17T12:37:44.220+0000] {logging_mixin.py:190} INFO - [2025-04-17T12:37:44.220+0000] {dag.py:3239} INFO - Sync 1 DAGs
[2025-04-17T12:37:44.249+0000] {logging_mixin.py:190} INFO - [2025-04-17T12:37:44.249+0000] {dag.py:4180} INFO - Setting next_dagrun for tutorial_dag to None, run_after=None
[2025-04-17T12:37:44.282+0000] {processor.py:208} INFO - Processing /home/airflow/.local/lib/python3.12/site-packages/airflow/example_dags/tutorial_dag.py took 0.129 seconds
[2025-04-17T12:38:15.418+0000] {processor.py:186} INFO - Started process (PID=5318) to work on /home/airflow/.local/lib/python3.12/site-packages/airflow/example_dags/tutorial_dag.py
[2025-04-17T12:38:15.421+0000] {processor.py:914} INFO - Processing file /home/airflow/.local/lib/python3.12/site-packages/airflow/example_dags/tutorial_dag.py for tasks to queue
[2025-04-17T12:38:15.425+0000] {logging_mixin.py:190} INFO - [2025-04-17T12:38:15.424+0000] {dagbag.py:588} INFO - Filling up the DagBag from /home/airflow/.local/lib/python3.12/site-packages/airflow/example_dags/tutorial_dag.py
[2025-04-17T12:38:15.447+0000] {processor.py:925} INFO - DAG(s) 'tutorial_dag' retrieved from /home/airflow/.local/lib/python3.12/site-packages/airflow/example_dags/tutorial_dag.py
[2025-04-17T12:38:15.500+0000] {logging_mixin.py:190} INFO - [2025-04-17T12:38:15.499+0000] {dag.py:3239} INFO - Sync 1 DAGs
[2025-04-17T12:38:15.544+0000] {logging_mixin.py:190} INFO - [2025-04-17T12:38:15.544+0000] {dag.py:4180} INFO - Setting next_dagrun for tutorial_dag to None, run_after=None
[2025-04-17T12:38:15.593+0000] {processor.py:208} INFO - Processing /home/airflow/.local/lib/python3.12/site-packages/airflow/example_dags/tutorial_dag.py took 0.190 seconds
[2025-04-17T12:38:50.804+0000] {processor.py:186} INFO - Started process (PID=5631) to work on /home/airflow/.local/lib/python3.12/site-packages/airflow/example_dags/tutorial_dag.py
[2025-04-17T12:38:50.819+0000] {processor.py:914} INFO - Processing file /home/airflow/.local/lib/python3.12/site-packages/airflow/example_dags/tutorial_dag.py for tasks to queue
[2025-04-17T12:38:50.822+0000] {logging_mixin.py:190} INFO - [2025-04-17T12:38:50.821+0000] {dagbag.py:588} INFO - Filling up the DagBag from /home/airflow/.local/lib/python3.12/site-packages/airflow/example_dags/tutorial_dag.py
[2025-04-17T12:38:50.857+0000] {processor.py:925} INFO - DAG(s) 'tutorial_dag' retrieved from /home/airflow/.local/lib/python3.12/site-packages/airflow/example_dags/tutorial_dag.py
[2025-04-17T12:38:50.899+0000] {logging_mixin.py:190} INFO - [2025-04-17T12:38:50.899+0000] {dag.py:3239} INFO - Sync 1 DAGs
[2025-04-17T12:38:50.939+0000] {logging_mixin.py:190} INFO - [2025-04-17T12:38:50.938+0000] {dag.py:4180} INFO - Setting next_dagrun for tutorial_dag to None, run_after=None
[2025-04-17T12:38:51.027+0000] {processor.py:208} INFO - Processing /home/airflow/.local/lib/python3.12/site-packages/airflow/example_dags/tutorial_dag.py took 0.237 seconds
[2025-04-17T12:39:21.275+0000] {processor.py:186} INFO - Started process (PID=5924) to work on /home/airflow/.local/lib/python3.12/site-packages/airflow/example_dags/tutorial_dag.py
[2025-04-17T12:39:21.277+0000] {processor.py:914} INFO - Processing file /home/airflow/.local/lib/python3.12/site-packages/airflow/example_dags/tutorial_dag.py for tasks to queue
[2025-04-17T12:39:21.280+0000] {logging_mixin.py:190} INFO - [2025-04-17T12:39:21.279+0000] {dagbag.py:588} INFO - Filling up the DagBag from /home/airflow/.local/lib/python3.12/site-packages/airflow/example_dags/tutorial_dag.py
[2025-04-17T12:39:21.296+0000] {processor.py:925} INFO - DAG(s) 'tutorial_dag' retrieved from /home/airflow/.local/lib/python3.12/site-packages/airflow/example_dags/tutorial_dag.py
[2025-04-17T12:39:21.335+0000] {logging_mixin.py:190} INFO - [2025-04-17T12:39:21.335+0000] {dag.py:3239} INFO - Sync 1 DAGs
[2025-04-17T12:39:21.367+0000] {logging_mixin.py:190} INFO - [2025-04-17T12:39:21.366+0000] {dag.py:4180} INFO - Setting next_dagrun for tutorial_dag to None, run_after=None
[2025-04-17T12:39:21.402+0000] {processor.py:208} INFO - Processing /home/airflow/.local/lib/python3.12/site-packages/airflow/example_dags/tutorial_dag.py took 0.138 seconds
[2025-04-17T12:39:54.347+0000] {processor.py:186} INFO - Started process (PID=6244) to work on /home/airflow/.local/lib/python3.12/site-packages/airflow/example_dags/tutorial_dag.py
[2025-04-17T12:39:54.350+0000] {processor.py:914} INFO - Processing file /home/airflow/.local/lib/python3.12/site-packages/airflow/example_dags/tutorial_dag.py for tasks to queue
[2025-04-17T12:39:54.353+0000] {logging_mixin.py:190} INFO - [2025-04-17T12:39:54.352+0000] {dagbag.py:588} INFO - Filling up the DagBag from /home/airflow/.local/lib/python3.12/site-packages/airflow/example_dags/tutorial_dag.py
[2025-04-17T12:39:54.372+0000] {processor.py:925} INFO - DAG(s) 'tutorial_dag' retrieved from /home/airflow/.local/lib/python3.12/site-packages/airflow/example_dags/tutorial_dag.py
[2025-04-17T12:39:54.425+0000] {logging_mixin.py:190} INFO - [2025-04-17T12:39:54.424+0000] {dag.py:3239} INFO - Sync 1 DAGs
[2025-04-17T12:39:54.472+0000] {logging_mixin.py:190} INFO - [2025-04-17T12:39:54.472+0000] {dag.py:4180} INFO - Setting next_dagrun for tutorial_dag to None, run_after=None
[2025-04-17T12:39:54.527+0000] {processor.py:208} INFO - Processing /home/airflow/.local/lib/python3.12/site-packages/airflow/example_dags/tutorial_dag.py took 0.195 seconds
[2025-04-17T12:41:23.303+0000] {processor.py:186} INFO - Started process (PID=6565) to work on /home/airflow/.local/lib/python3.12/site-packages/airflow/example_dags/tutorial_dag.py
[2025-04-17T12:41:23.342+0000] {processor.py:914} INFO - Processing file /home/airflow/.local/lib/python3.12/site-packages/airflow/example_dags/tutorial_dag.py for tasks to queue
[2025-04-17T12:41:23.384+0000] {logging_mixin.py:190} INFO - [2025-04-17T12:41:23.372+0000] {dagbag.py:588} INFO - Filling up the DagBag from /home/airflow/.local/lib/python3.12/site-packages/airflow/example_dags/tutorial_dag.py
[2025-04-17T12:41:23.884+0000] {processor.py:925} INFO - DAG(s) 'tutorial_dag' retrieved from /home/airflow/.local/lib/python3.12/site-packages/airflow/example_dags/tutorial_dag.py
[2025-04-17T12:41:24.530+0000] {logging_mixin.py:190} INFO - [2025-04-17T12:41:24.527+0000] {dag.py:3239} INFO - Sync 1 DAGs
[2025-04-17T12:41:24.900+0000] {logging_mixin.py:190} INFO - [2025-04-17T12:41:24.899+0000] {dag.py:4180} INFO - Setting next_dagrun for tutorial_dag to None, run_after=None
[2025-04-17T12:41:25.088+0000] {processor.py:208} INFO - Processing /home/airflow/.local/lib/python3.12/site-packages/airflow/example_dags/tutorial_dag.py took 2.113 seconds
[2025-04-17T12:42:36.051+0000] {processor.py:186} INFO - Started process (PID=6735) to work on /home/airflow/.local/lib/python3.12/site-packages/airflow/example_dags/tutorial_dag.py
[2025-04-17T12:42:36.054+0000] {processor.py:914} INFO - Processing file /home/airflow/.local/lib/python3.12/site-packages/airflow/example_dags/tutorial_dag.py for tasks to queue
[2025-04-17T12:42:36.056+0000] {logging_mixin.py:190} INFO - [2025-04-17T12:42:36.056+0000] {dagbag.py:588} INFO - Filling up the DagBag from /home/airflow/.local/lib/python3.12/site-packages/airflow/example_dags/tutorial_dag.py
[2025-04-17T12:42:36.072+0000] {processor.py:925} INFO - DAG(s) 'tutorial_dag' retrieved from /home/airflow/.local/lib/python3.12/site-packages/airflow/example_dags/tutorial_dag.py
[2025-04-17T12:42:36.120+0000] {logging_mixin.py:190} INFO - [2025-04-17T12:42:36.119+0000] {dag.py:3239} INFO - Sync 1 DAGs
[2025-04-17T12:42:36.158+0000] {logging_mixin.py:190} INFO - [2025-04-17T12:42:36.158+0000] {dag.py:4180} INFO - Setting next_dagrun for tutorial_dag to None, run_after=None
[2025-04-17T12:42:36.201+0000] {processor.py:208} INFO - Processing /home/airflow/.local/lib/python3.12/site-packages/airflow/example_dags/tutorial_dag.py took 0.161 seconds
[2025-04-17T12:43:08.254+0000] {processor.py:186} INFO - Started process (PID=7156) to work on /home/airflow/.local/lib/python3.12/site-packages/airflow/example_dags/tutorial_dag.py
[2025-04-17T12:43:08.257+0000] {processor.py:914} INFO - Processing file /home/airflow/.local/lib/python3.12/site-packages/airflow/example_dags/tutorial_dag.py for tasks to queue
[2025-04-17T12:43:08.262+0000] {logging_mixin.py:190} INFO - [2025-04-17T12:43:08.261+0000] {dagbag.py:588} INFO - Filling up the DagBag from /home/airflow/.local/lib/python3.12/site-packages/airflow/example_dags/tutorial_dag.py
[2025-04-17T12:43:08.283+0000] {processor.py:925} INFO - DAG(s) 'tutorial_dag' retrieved from /home/airflow/.local/lib/python3.12/site-packages/airflow/example_dags/tutorial_dag.py
[2025-04-17T12:43:08.334+0000] {logging_mixin.py:190} INFO - [2025-04-17T12:43:08.333+0000] {dag.py:3239} INFO - Sync 1 DAGs
[2025-04-17T12:43:08.384+0000] {logging_mixin.py:190} INFO - [2025-04-17T12:43:08.383+0000] {dag.py:4180} INFO - Setting next_dagrun for tutorial_dag to None, run_after=None
[2025-04-17T12:43:08.443+0000] {processor.py:208} INFO - Processing /home/airflow/.local/lib/python3.12/site-packages/airflow/example_dags/tutorial_dag.py took 0.204 seconds
[2025-04-17T12:43:41.592+0000] {processor.py:186} INFO - Started process (PID=7464) to work on /home/airflow/.local/lib/python3.12/site-packages/airflow/example_dags/tutorial_dag.py
[2025-04-17T12:43:41.595+0000] {processor.py:914} INFO - Processing file /home/airflow/.local/lib/python3.12/site-packages/airflow/example_dags/tutorial_dag.py for tasks to queue
[2025-04-17T12:43:41.598+0000] {logging_mixin.py:190} INFO - [2025-04-17T12:43:41.597+0000] {dagbag.py:588} INFO - Filling up the DagBag from /home/airflow/.local/lib/python3.12/site-packages/airflow/example_dags/tutorial_dag.py
[2025-04-17T12:43:41.614+0000] {processor.py:925} INFO - DAG(s) 'tutorial_dag' retrieved from /home/airflow/.local/lib/python3.12/site-packages/airflow/example_dags/tutorial_dag.py
[2025-04-17T12:43:41.655+0000] {logging_mixin.py:190} INFO - [2025-04-17T12:43:41.655+0000] {dag.py:3239} INFO - Sync 1 DAGs
[2025-04-17T12:43:41.687+0000] {logging_mixin.py:190} INFO - [2025-04-17T12:43:41.687+0000] {dag.py:4180} INFO - Setting next_dagrun for tutorial_dag to None, run_after=None
[2025-04-17T12:43:41.726+0000] {processor.py:208} INFO - Processing /home/airflow/.local/lib/python3.12/site-packages/airflow/example_dags/tutorial_dag.py took 0.146 seconds
[2025-04-17T12:44:14.202+0000] {processor.py:186} INFO - Started process (PID=7804) to work on /home/airflow/.local/lib/python3.12/site-packages/airflow/example_dags/tutorial_dag.py
[2025-04-17T12:44:14.206+0000] {processor.py:914} INFO - Processing file /home/airflow/.local/lib/python3.12/site-packages/airflow/example_dags/tutorial_dag.py for tasks to queue
[2025-04-17T12:44:14.211+0000] {logging_mixin.py:190} INFO - [2025-04-17T12:44:14.210+0000] {dagbag.py:588} INFO - Filling up the DagBag from /home/airflow/.local/lib/python3.12/site-packages/airflow/example_dags/tutorial_dag.py
[2025-04-17T12:44:14.245+0000] {processor.py:925} INFO - DAG(s) 'tutorial_dag' retrieved from /home/airflow/.local/lib/python3.12/site-packages/airflow/example_dags/tutorial_dag.py
[2025-04-17T12:44:14.302+0000] {logging_mixin.py:190} INFO - [2025-04-17T12:44:14.301+0000] {dag.py:3239} INFO - Sync 1 DAGs
[2025-04-17T12:44:14.339+0000] {logging_mixin.py:190} INFO - [2025-04-17T12:44:14.338+0000] {dag.py:4180} INFO - Setting next_dagrun for tutorial_dag to None, run_after=None
[2025-04-17T12:44:14.395+0000] {processor.py:208} INFO - Processing /home/airflow/.local/lib/python3.12/site-packages/airflow/example_dags/tutorial_dag.py took 0.212 seconds
[2025-04-17T12:44:46.517+0000] {processor.py:186} INFO - Started process (PID=8266) to work on /home/airflow/.local/lib/python3.12/site-packages/airflow/example_dags/tutorial_dag.py
[2025-04-17T12:44:46.520+0000] {processor.py:914} INFO - Processing file /home/airflow/.local/lib/python3.12/site-packages/airflow/example_dags/tutorial_dag.py for tasks to queue
[2025-04-17T12:44:46.525+0000] {logging_mixin.py:190} INFO - [2025-04-17T12:44:46.524+0000] {dagbag.py:588} INFO - Filling up the DagBag from /home/airflow/.local/lib/python3.12/site-packages/airflow/example_dags/tutorial_dag.py
[2025-04-17T12:44:46.562+0000] {processor.py:925} INFO - DAG(s) 'tutorial_dag' retrieved from /home/airflow/.local/lib/python3.12/site-packages/airflow/example_dags/tutorial_dag.py
[2025-04-17T12:44:46.606+0000] {logging_mixin.py:190} INFO - [2025-04-17T12:44:46.606+0000] {dag.py:3239} INFO - Sync 1 DAGs
[2025-04-17T12:44:46.637+0000] {logging_mixin.py:190} INFO - [2025-04-17T12:44:46.637+0000] {dag.py:4180} INFO - Setting next_dagrun for tutorial_dag to None, run_after=None
[2025-04-17T12:44:46.673+0000] {processor.py:208} INFO - Processing /home/airflow/.local/lib/python3.12/site-packages/airflow/example_dags/tutorial_dag.py took 0.172 seconds
[2025-04-17T12:45:17.892+0000] {processor.py:186} INFO - Started process (PID=8582) to work on /home/airflow/.local/lib/python3.12/site-packages/airflow/example_dags/tutorial_dag.py
[2025-04-17T12:45:17.967+0000] {processor.py:914} INFO - Processing file /home/airflow/.local/lib/python3.12/site-packages/airflow/example_dags/tutorial_dag.py for tasks to queue
[2025-04-17T12:45:17.970+0000] {logging_mixin.py:190} INFO - [2025-04-17T12:45:17.969+0000] {dagbag.py:588} INFO - Filling up the DagBag from /home/airflow/.local/lib/python3.12/site-packages/airflow/example_dags/tutorial_dag.py
[2025-04-17T12:45:17.983+0000] {processor.py:925} INFO - DAG(s) 'tutorial_dag' retrieved from /home/airflow/.local/lib/python3.12/site-packages/airflow/example_dags/tutorial_dag.py
[2025-04-17T12:45:18.019+0000] {logging_mixin.py:190} INFO - [2025-04-17T12:45:18.018+0000] {dag.py:3239} INFO - Sync 1 DAGs
[2025-04-17T12:45:18.048+0000] {logging_mixin.py:190} INFO - [2025-04-17T12:45:18.048+0000] {dag.py:4180} INFO - Setting next_dagrun for tutorial_dag to None, run_after=None
[2025-04-17T12:45:18.320+0000] {processor.py:208} INFO - Processing /home/airflow/.local/lib/python3.12/site-packages/airflow/example_dags/tutorial_dag.py took 0.439 seconds
[2025-04-17T12:45:48.956+0000] {processor.py:186} INFO - Started process (PID=8875) to work on /home/airflow/.local/lib/python3.12/site-packages/airflow/example_dags/tutorial_dag.py
[2025-04-17T12:45:48.958+0000] {processor.py:914} INFO - Processing file /home/airflow/.local/lib/python3.12/site-packages/airflow/example_dags/tutorial_dag.py for tasks to queue
[2025-04-17T12:45:48.960+0000] {logging_mixin.py:190} INFO - [2025-04-17T12:45:48.960+0000] {dagbag.py:588} INFO - Filling up the DagBag from /home/airflow/.local/lib/python3.12/site-packages/airflow/example_dags/tutorial_dag.py
[2025-04-17T12:45:48.974+0000] {processor.py:925} INFO - DAG(s) 'tutorial_dag' retrieved from /home/airflow/.local/lib/python3.12/site-packages/airflow/example_dags/tutorial_dag.py
[2025-04-17T12:45:49.010+0000] {logging_mixin.py:190} INFO - [2025-04-17T12:45:49.010+0000] {dag.py:3239} INFO - Sync 1 DAGs
[2025-04-17T12:45:49.060+0000] {logging_mixin.py:190} INFO - [2025-04-17T12:45:49.060+0000] {dag.py:4180} INFO - Setting next_dagrun for tutorial_dag to None, run_after=None
[2025-04-17T12:45:49.090+0000] {processor.py:208} INFO - Processing /home/airflow/.local/lib/python3.12/site-packages/airflow/example_dags/tutorial_dag.py took 0.145 seconds
[2025-04-17T12:46:19.228+0000] {processor.py:186} INFO - Started process (PID=9182) to work on /home/airflow/.local/lib/python3.12/site-packages/airflow/example_dags/tutorial_dag.py
[2025-04-17T12:46:19.230+0000] {processor.py:914} INFO - Processing file /home/airflow/.local/lib/python3.12/site-packages/airflow/example_dags/tutorial_dag.py for tasks to queue
[2025-04-17T12:46:19.233+0000] {logging_mixin.py:190} INFO - [2025-04-17T12:46:19.232+0000] {dagbag.py:588} INFO - Filling up the DagBag from /home/airflow/.local/lib/python3.12/site-packages/airflow/example_dags/tutorial_dag.py
[2025-04-17T12:46:19.247+0000] {processor.py:925} INFO - DAG(s) 'tutorial_dag' retrieved from /home/airflow/.local/lib/python3.12/site-packages/airflow/example_dags/tutorial_dag.py
[2025-04-17T12:46:19.284+0000] {logging_mixin.py:190} INFO - [2025-04-17T12:46:19.283+0000] {dag.py:3239} INFO - Sync 1 DAGs
[2025-04-17T12:46:19.313+0000] {logging_mixin.py:190} INFO - [2025-04-17T12:46:19.313+0000] {dag.py:4180} INFO - Setting next_dagrun for tutorial_dag to None, run_after=None
[2025-04-17T12:46:19.347+0000] {processor.py:208} INFO - Processing /home/airflow/.local/lib/python3.12/site-packages/airflow/example_dags/tutorial_dag.py took 0.131 seconds
[2025-04-17T12:46:49.511+0000] {processor.py:186} INFO - Started process (PID=9487) to work on /home/airflow/.local/lib/python3.12/site-packages/airflow/example_dags/tutorial_dag.py
[2025-04-17T12:46:49.514+0000] {processor.py:914} INFO - Processing file /home/airflow/.local/lib/python3.12/site-packages/airflow/example_dags/tutorial_dag.py for tasks to queue
[2025-04-17T12:46:49.516+0000] {logging_mixin.py:190} INFO - [2025-04-17T12:46:49.515+0000] {dagbag.py:588} INFO - Filling up the DagBag from /home/airflow/.local/lib/python3.12/site-packages/airflow/example_dags/tutorial_dag.py
[2025-04-17T12:46:49.531+0000] {processor.py:925} INFO - DAG(s) 'tutorial_dag' retrieved from /home/airflow/.local/lib/python3.12/site-packages/airflow/example_dags/tutorial_dag.py
[2025-04-17T12:46:49.564+0000] {logging_mixin.py:190} INFO - [2025-04-17T12:46:49.563+0000] {dag.py:3239} INFO - Sync 1 DAGs
[2025-04-17T12:46:49.596+0000] {logging_mixin.py:190} INFO - [2025-04-17T12:46:49.595+0000] {dag.py:4180} INFO - Setting next_dagrun for tutorial_dag to None, run_after=None
[2025-04-17T12:46:49.629+0000] {processor.py:208} INFO - Processing /home/airflow/.local/lib/python3.12/site-packages/airflow/example_dags/tutorial_dag.py took 0.130 seconds
[2025-04-17T12:47:19.810+0000] {processor.py:186} INFO - Started process (PID=9794) to work on /home/airflow/.local/lib/python3.12/site-packages/airflow/example_dags/tutorial_dag.py
[2025-04-17T12:47:19.813+0000] {processor.py:914} INFO - Processing file /home/airflow/.local/lib/python3.12/site-packages/airflow/example_dags/tutorial_dag.py for tasks to queue
[2025-04-17T12:47:19.817+0000] {logging_mixin.py:190} INFO - [2025-04-17T12:47:19.816+0000] {dagbag.py:588} INFO - Filling up the DagBag from /home/airflow/.local/lib/python3.12/site-packages/airflow/example_dags/tutorial_dag.py
[2025-04-17T12:47:19.836+0000] {processor.py:925} INFO - DAG(s) 'tutorial_dag' retrieved from /home/airflow/.local/lib/python3.12/site-packages/airflow/example_dags/tutorial_dag.py
[2025-04-17T12:47:19.887+0000] {logging_mixin.py:190} INFO - [2025-04-17T12:47:19.887+0000] {dag.py:3239} INFO - Sync 1 DAGs
[2025-04-17T12:47:19.928+0000] {logging_mixin.py:190} INFO - [2025-04-17T12:47:19.927+0000] {dag.py:4180} INFO - Setting next_dagrun for tutorial_dag to None, run_after=None
[2025-04-17T12:47:19.973+0000] {processor.py:208} INFO - Processing /home/airflow/.local/lib/python3.12/site-packages/airflow/example_dags/tutorial_dag.py took 0.181 seconds
[2025-04-17T12:47:50.475+0000] {processor.py:186} INFO - Started process (PID=10101) to work on /home/airflow/.local/lib/python3.12/site-packages/airflow/example_dags/tutorial_dag.py
[2025-04-17T12:47:50.477+0000] {processor.py:914} INFO - Processing file /home/airflow/.local/lib/python3.12/site-packages/airflow/example_dags/tutorial_dag.py for tasks to queue
[2025-04-17T12:47:50.479+0000] {logging_mixin.py:190} INFO - [2025-04-17T12:47:50.479+0000] {dagbag.py:588} INFO - Filling up the DagBag from /home/airflow/.local/lib/python3.12/site-packages/airflow/example_dags/tutorial_dag.py
[2025-04-17T12:47:50.493+0000] {processor.py:925} INFO - DAG(s) 'tutorial_dag' retrieved from /home/airflow/.local/lib/python3.12/site-packages/airflow/example_dags/tutorial_dag.py
[2025-04-17T12:47:50.534+0000] {logging_mixin.py:190} INFO - [2025-04-17T12:47:50.533+0000] {dag.py:3239} INFO - Sync 1 DAGs
[2025-04-17T12:47:50.566+0000] {logging_mixin.py:190} INFO - [2025-04-17T12:47:50.566+0000] {dag.py:4180} INFO - Setting next_dagrun for tutorial_dag to None, run_after=None
[2025-04-17T12:47:50.599+0000] {processor.py:208} INFO - Processing /home/airflow/.local/lib/python3.12/site-packages/airflow/example_dags/tutorial_dag.py took 0.135 seconds
[2025-04-17T12:48:21.306+0000] {processor.py:186} INFO - Started process (PID=10408) to work on /home/airflow/.local/lib/python3.12/site-packages/airflow/example_dags/tutorial_dag.py
[2025-04-17T12:48:21.308+0000] {processor.py:914} INFO - Processing file /home/airflow/.local/lib/python3.12/site-packages/airflow/example_dags/tutorial_dag.py for tasks to queue
[2025-04-17T12:48:21.310+0000] {logging_mixin.py:190} INFO - [2025-04-17T12:48:21.310+0000] {dagbag.py:588} INFO - Filling up the DagBag from /home/airflow/.local/lib/python3.12/site-packages/airflow/example_dags/tutorial_dag.py
[2025-04-17T12:48:21.323+0000] {processor.py:925} INFO - DAG(s) 'tutorial_dag' retrieved from /home/airflow/.local/lib/python3.12/site-packages/airflow/example_dags/tutorial_dag.py
[2025-04-17T12:48:21.356+0000] {logging_mixin.py:190} INFO - [2025-04-17T12:48:21.356+0000] {dag.py:3239} INFO - Sync 1 DAGs
[2025-04-17T12:48:21.383+0000] {logging_mixin.py:190} INFO - [2025-04-17T12:48:21.382+0000] {dag.py:4180} INFO - Setting next_dagrun for tutorial_dag to None, run_after=None
[2025-04-17T12:48:21.415+0000] {processor.py:208} INFO - Processing /home/airflow/.local/lib/python3.12/site-packages/airflow/example_dags/tutorial_dag.py took 0.119 seconds
[2025-04-17T12:48:52.173+0000] {processor.py:186} INFO - Started process (PID=10715) to work on /home/airflow/.local/lib/python3.12/site-packages/airflow/example_dags/tutorial_dag.py
[2025-04-17T12:48:52.175+0000] {processor.py:914} INFO - Processing file /home/airflow/.local/lib/python3.12/site-packages/airflow/example_dags/tutorial_dag.py for tasks to queue
[2025-04-17T12:48:52.177+0000] {logging_mixin.py:190} INFO - [2025-04-17T12:48:52.177+0000] {dagbag.py:588} INFO - Filling up the DagBag from /home/airflow/.local/lib/python3.12/site-packages/airflow/example_dags/tutorial_dag.py
[2025-04-17T12:48:52.193+0000] {processor.py:925} INFO - DAG(s) 'tutorial_dag' retrieved from /home/airflow/.local/lib/python3.12/site-packages/airflow/example_dags/tutorial_dag.py
[2025-04-17T12:48:52.236+0000] {logging_mixin.py:190} INFO - [2025-04-17T12:48:52.235+0000] {dag.py:3239} INFO - Sync 1 DAGs
[2025-04-17T12:48:52.266+0000] {logging_mixin.py:190} INFO - [2025-04-17T12:48:52.265+0000] {dag.py:4180} INFO - Setting next_dagrun for tutorial_dag to None, run_after=None
[2025-04-17T12:48:52.301+0000] {processor.py:208} INFO - Processing /home/airflow/.local/lib/python3.12/site-packages/airflow/example_dags/tutorial_dag.py took 0.140 seconds
[2025-04-17T12:49:22.665+0000] {processor.py:186} INFO - Started process (PID=11022) to work on /home/airflow/.local/lib/python3.12/site-packages/airflow/example_dags/tutorial_dag.py
[2025-04-17T12:49:22.668+0000] {processor.py:914} INFO - Processing file /home/airflow/.local/lib/python3.12/site-packages/airflow/example_dags/tutorial_dag.py for tasks to queue
[2025-04-17T12:49:22.672+0000] {logging_mixin.py:190} INFO - [2025-04-17T12:49:22.671+0000] {dagbag.py:588} INFO - Filling up the DagBag from /home/airflow/.local/lib/python3.12/site-packages/airflow/example_dags/tutorial_dag.py
[2025-04-17T12:49:22.693+0000] {processor.py:925} INFO - DAG(s) 'tutorial_dag' retrieved from /home/airflow/.local/lib/python3.12/site-packages/airflow/example_dags/tutorial_dag.py
[2025-04-17T12:49:22.737+0000] {logging_mixin.py:190} INFO - [2025-04-17T12:49:22.737+0000] {dag.py:3239} INFO - Sync 1 DAGs
[2025-04-17T12:49:22.778+0000] {logging_mixin.py:190} INFO - [2025-04-17T12:49:22.777+0000] {dag.py:4180} INFO - Setting next_dagrun for tutorial_dag to None, run_after=None
[2025-04-17T12:49:22.829+0000] {processor.py:208} INFO - Processing /home/airflow/.local/lib/python3.12/site-packages/airflow/example_dags/tutorial_dag.py took 0.178 seconds
[2025-04-17T12:49:53.044+0000] {processor.py:186} INFO - Started process (PID=11329) to work on /home/airflow/.local/lib/python3.12/site-packages/airflow/example_dags/tutorial_dag.py
[2025-04-17T12:49:53.046+0000] {processor.py:914} INFO - Processing file /home/airflow/.local/lib/python3.12/site-packages/airflow/example_dags/tutorial_dag.py for tasks to queue
[2025-04-17T12:49:53.049+0000] {logging_mixin.py:190} INFO - [2025-04-17T12:49:53.048+0000] {dagbag.py:588} INFO - Filling up the DagBag from /home/airflow/.local/lib/python3.12/site-packages/airflow/example_dags/tutorial_dag.py
[2025-04-17T12:49:53.064+0000] {processor.py:925} INFO - DAG(s) 'tutorial_dag' retrieved from /home/airflow/.local/lib/python3.12/site-packages/airflow/example_dags/tutorial_dag.py
[2025-04-17T12:49:53.100+0000] {logging_mixin.py:190} INFO - [2025-04-17T12:49:53.100+0000] {dag.py:3239} INFO - Sync 1 DAGs
[2025-04-17T12:49:53.138+0000] {logging_mixin.py:190} INFO - [2025-04-17T12:49:53.137+0000] {dag.py:4180} INFO - Setting next_dagrun for tutorial_dag to None, run_after=None
[2025-04-17T12:49:53.190+0000] {processor.py:208} INFO - Processing /home/airflow/.local/lib/python3.12/site-packages/airflow/example_dags/tutorial_dag.py took 0.157 seconds
[2025-04-17T12:50:23.435+0000] {processor.py:186} INFO - Started process (PID=11636) to work on /home/airflow/.local/lib/python3.12/site-packages/airflow/example_dags/tutorial_dag.py
[2025-04-17T12:50:23.436+0000] {processor.py:914} INFO - Processing file /home/airflow/.local/lib/python3.12/site-packages/airflow/example_dags/tutorial_dag.py for tasks to queue
[2025-04-17T12:50:23.438+0000] {logging_mixin.py:190} INFO - [2025-04-17T12:50:23.438+0000] {dagbag.py:588} INFO - Filling up the DagBag from /home/airflow/.local/lib/python3.12/site-packages/airflow/example_dags/tutorial_dag.py
[2025-04-17T12:50:23.455+0000] {processor.py:925} INFO - DAG(s) 'tutorial_dag' retrieved from /home/airflow/.local/lib/python3.12/site-packages/airflow/example_dags/tutorial_dag.py
[2025-04-17T12:50:23.499+0000] {logging_mixin.py:190} INFO - [2025-04-17T12:50:23.498+0000] {dag.py:3239} INFO - Sync 1 DAGs
[2025-04-17T12:50:23.528+0000] {logging_mixin.py:190} INFO - [2025-04-17T12:50:23.528+0000] {dag.py:4180} INFO - Setting next_dagrun for tutorial_dag to None, run_after=None
[2025-04-17T12:50:23.569+0000] {processor.py:208} INFO - Processing /home/airflow/.local/lib/python3.12/site-packages/airflow/example_dags/tutorial_dag.py took 0.144 seconds
[2025-04-17T12:50:54.525+0000] {processor.py:186} INFO - Started process (PID=11943) to work on /home/airflow/.local/lib/python3.12/site-packages/airflow/example_dags/tutorial_dag.py
[2025-04-17T12:50:54.582+0000] {processor.py:914} INFO - Processing file /home/airflow/.local/lib/python3.12/site-packages/airflow/example_dags/tutorial_dag.py for tasks to queue
[2025-04-17T12:50:54.585+0000] {logging_mixin.py:190} INFO - [2025-04-17T12:50:54.584+0000] {dagbag.py:588} INFO - Filling up the DagBag from /home/airflow/.local/lib/python3.12/site-packages/airflow/example_dags/tutorial_dag.py
[2025-04-17T12:50:54.597+0000] {processor.py:925} INFO - DAG(s) 'tutorial_dag' retrieved from /home/airflow/.local/lib/python3.12/site-packages/airflow/example_dags/tutorial_dag.py
[2025-04-17T12:50:54.632+0000] {logging_mixin.py:190} INFO - [2025-04-17T12:50:54.632+0000] {dag.py:3239} INFO - Sync 1 DAGs
[2025-04-17T12:50:54.658+0000] {logging_mixin.py:190} INFO - [2025-04-17T12:50:54.658+0000] {dag.py:4180} INFO - Setting next_dagrun for tutorial_dag to None, run_after=None
[2025-04-17T12:50:54.983+0000] {processor.py:208} INFO - Processing /home/airflow/.local/lib/python3.12/site-packages/airflow/example_dags/tutorial_dag.py took 0.471 seconds
[2025-04-17T12:51:26.114+0000] {processor.py:186} INFO - Started process (PID=12242) to work on /home/airflow/.local/lib/python3.12/site-packages/airflow/example_dags/tutorial_dag.py
[2025-04-17T12:51:26.116+0000] {processor.py:914} INFO - Processing file /home/airflow/.local/lib/python3.12/site-packages/airflow/example_dags/tutorial_dag.py for tasks to queue
[2025-04-17T12:51:26.118+0000] {logging_mixin.py:190} INFO - [2025-04-17T12:51:26.118+0000] {dagbag.py:588} INFO - Filling up the DagBag from /home/airflow/.local/lib/python3.12/site-packages/airflow/example_dags/tutorial_dag.py
[2025-04-17T12:51:26.131+0000] {processor.py:925} INFO - DAG(s) 'tutorial_dag' retrieved from /home/airflow/.local/lib/python3.12/site-packages/airflow/example_dags/tutorial_dag.py
[2025-04-17T12:51:26.163+0000] {logging_mixin.py:190} INFO - [2025-04-17T12:51:26.162+0000] {dag.py:3239} INFO - Sync 1 DAGs
[2025-04-17T12:51:26.190+0000] {logging_mixin.py:190} INFO - [2025-04-17T12:51:26.190+0000] {dag.py:4180} INFO - Setting next_dagrun for tutorial_dag to None, run_after=None
[2025-04-17T12:51:26.219+0000] {processor.py:208} INFO - Processing /home/airflow/.local/lib/python3.12/site-packages/airflow/example_dags/tutorial_dag.py took 0.117 seconds
[2025-04-17T12:51:57.014+0000] {processor.py:186} INFO - Started process (PID=12543) to work on /home/airflow/.local/lib/python3.12/site-packages/airflow/example_dags/tutorial_dag.py
[2025-04-17T12:51:57.016+0000] {processor.py:914} INFO - Processing file /home/airflow/.local/lib/python3.12/site-packages/airflow/example_dags/tutorial_dag.py for tasks to queue
[2025-04-17T12:51:57.019+0000] {logging_mixin.py:190} INFO - [2025-04-17T12:51:57.018+0000] {dagbag.py:588} INFO - Filling up the DagBag from /home/airflow/.local/lib/python3.12/site-packages/airflow/example_dags/tutorial_dag.py
[2025-04-17T12:51:57.033+0000] {processor.py:925} INFO - DAG(s) 'tutorial_dag' retrieved from /home/airflow/.local/lib/python3.12/site-packages/airflow/example_dags/tutorial_dag.py
[2025-04-17T12:51:57.072+0000] {logging_mixin.py:190} INFO - [2025-04-17T12:51:57.071+0000] {dag.py:3239} INFO - Sync 1 DAGs
[2025-04-17T12:51:57.100+0000] {logging_mixin.py:190} INFO - [2025-04-17T12:51:57.100+0000] {dag.py:4180} INFO - Setting next_dagrun for tutorial_dag to None, run_after=None
[2025-04-17T12:51:57.133+0000] {processor.py:208} INFO - Processing /home/airflow/.local/lib/python3.12/site-packages/airflow/example_dags/tutorial_dag.py took 0.128 seconds
[2025-04-17T12:52:27.360+0000] {processor.py:186} INFO - Started process (PID=12850) to work on /home/airflow/.local/lib/python3.12/site-packages/airflow/example_dags/tutorial_dag.py
[2025-04-17T12:52:27.362+0000] {processor.py:914} INFO - Processing file /home/airflow/.local/lib/python3.12/site-packages/airflow/example_dags/tutorial_dag.py for tasks to queue
[2025-04-17T12:52:27.364+0000] {logging_mixin.py:190} INFO - [2025-04-17T12:52:27.364+0000] {dagbag.py:588} INFO - Filling up the DagBag from /home/airflow/.local/lib/python3.12/site-packages/airflow/example_dags/tutorial_dag.py
[2025-04-17T12:52:27.378+0000] {processor.py:925} INFO - DAG(s) 'tutorial_dag' retrieved from /home/airflow/.local/lib/python3.12/site-packages/airflow/example_dags/tutorial_dag.py
[2025-04-17T12:52:27.412+0000] {logging_mixin.py:190} INFO - [2025-04-17T12:52:27.412+0000] {dag.py:3239} INFO - Sync 1 DAGs
[2025-04-17T12:52:27.442+0000] {logging_mixin.py:190} INFO - [2025-04-17T12:52:27.442+0000] {dag.py:4180} INFO - Setting next_dagrun for tutorial_dag to None, run_after=None
[2025-04-17T12:52:27.473+0000] {processor.py:208} INFO - Processing /home/airflow/.local/lib/python3.12/site-packages/airflow/example_dags/tutorial_dag.py took 0.122 seconds
[2025-04-17T12:52:58.203+0000] {processor.py:186} INFO - Started process (PID=13159) to work on /home/airflow/.local/lib/python3.12/site-packages/airflow/example_dags/tutorial_dag.py
[2025-04-17T12:52:58.205+0000] {processor.py:914} INFO - Processing file /home/airflow/.local/lib/python3.12/site-packages/airflow/example_dags/tutorial_dag.py for tasks to queue
[2025-04-17T12:52:58.207+0000] {logging_mixin.py:190} INFO - [2025-04-17T12:52:58.206+0000] {dagbag.py:588} INFO - Filling up the DagBag from /home/airflow/.local/lib/python3.12/site-packages/airflow/example_dags/tutorial_dag.py
[2025-04-17T12:52:58.220+0000] {processor.py:925} INFO - DAG(s) 'tutorial_dag' retrieved from /home/airflow/.local/lib/python3.12/site-packages/airflow/example_dags/tutorial_dag.py
[2025-04-17T12:52:58.253+0000] {logging_mixin.py:190} INFO - [2025-04-17T12:52:58.252+0000] {dag.py:3239} INFO - Sync 1 DAGs
[2025-04-17T12:52:58.280+0000] {logging_mixin.py:190} INFO - [2025-04-17T12:52:58.279+0000] {dag.py:4180} INFO - Setting next_dagrun for tutorial_dag to None, run_after=None
[2025-04-17T12:52:58.313+0000] {processor.py:208} INFO - Processing /home/airflow/.local/lib/python3.12/site-packages/airflow/example_dags/tutorial_dag.py took 0.120 seconds
[2025-04-17T12:53:30.165+0000] {processor.py:186} INFO - Started process (PID=13464) to work on /home/airflow/.local/lib/python3.12/site-packages/airflow/example_dags/tutorial_dag.py
[2025-04-17T12:53:30.168+0000] {processor.py:914} INFO - Processing file /home/airflow/.local/lib/python3.12/site-packages/airflow/example_dags/tutorial_dag.py for tasks to queue
[2025-04-17T12:53:30.172+0000] {logging_mixin.py:190} INFO - [2025-04-17T12:53:30.171+0000] {dagbag.py:588} INFO - Filling up the DagBag from /home/airflow/.local/lib/python3.12/site-packages/airflow/example_dags/tutorial_dag.py
[2025-04-17T12:53:30.186+0000] {processor.py:925} INFO - DAG(s) 'tutorial_dag' retrieved from /home/airflow/.local/lib/python3.12/site-packages/airflow/example_dags/tutorial_dag.py
[2025-04-17T12:53:30.225+0000] {logging_mixin.py:190} INFO - [2025-04-17T12:53:30.224+0000] {dag.py:3239} INFO - Sync 1 DAGs
[2025-04-17T12:53:30.256+0000] {logging_mixin.py:190} INFO - [2025-04-17T12:53:30.256+0000] {dag.py:4180} INFO - Setting next_dagrun for tutorial_dag to None, run_after=None
[2025-04-17T12:53:30.297+0000] {processor.py:208} INFO - Processing /home/airflow/.local/lib/python3.12/site-packages/airflow/example_dags/tutorial_dag.py took 0.143 seconds
[2025-04-17T12:54:04.540+0000] {processor.py:186} INFO - Started process (PID=13771) to work on /home/airflow/.local/lib/python3.12/site-packages/airflow/example_dags/tutorial_dag.py
[2025-04-17T12:54:04.542+0000] {processor.py:914} INFO - Processing file /home/airflow/.local/lib/python3.12/site-packages/airflow/example_dags/tutorial_dag.py for tasks to queue
[2025-04-17T12:54:04.545+0000] {logging_mixin.py:190} INFO - [2025-04-17T12:54:04.544+0000] {dagbag.py:588} INFO - Filling up the DagBag from /home/airflow/.local/lib/python3.12/site-packages/airflow/example_dags/tutorial_dag.py
[2025-04-17T12:54:04.562+0000] {processor.py:925} INFO - DAG(s) 'tutorial_dag' retrieved from /home/airflow/.local/lib/python3.12/site-packages/airflow/example_dags/tutorial_dag.py
[2025-04-17T12:54:04.611+0000] {logging_mixin.py:190} INFO - [2025-04-17T12:54:04.611+0000] {dag.py:3239} INFO - Sync 1 DAGs
[2025-04-17T12:54:04.650+0000] {logging_mixin.py:190} INFO - [2025-04-17T12:54:04.649+0000] {dag.py:4180} INFO - Setting next_dagrun for tutorial_dag to None, run_after=None
[2025-04-17T12:54:04.692+0000] {processor.py:208} INFO - Processing /home/airflow/.local/lib/python3.12/site-packages/airflow/example_dags/tutorial_dag.py took 0.165 seconds
[2025-04-17T12:54:34.865+0000] {processor.py:186} INFO - Started process (PID=14090) to work on /home/airflow/.local/lib/python3.12/site-packages/airflow/example_dags/tutorial_dag.py
[2025-04-17T12:54:34.867+0000] {processor.py:914} INFO - Processing file /home/airflow/.local/lib/python3.12/site-packages/airflow/example_dags/tutorial_dag.py for tasks to queue
[2025-04-17T12:54:34.870+0000] {logging_mixin.py:190} INFO - [2025-04-17T12:54:34.869+0000] {dagbag.py:588} INFO - Filling up the DagBag from /home/airflow/.local/lib/python3.12/site-packages/airflow/example_dags/tutorial_dag.py
[2025-04-17T12:54:34.882+0000] {processor.py:925} INFO - DAG(s) 'tutorial_dag' retrieved from /home/airflow/.local/lib/python3.12/site-packages/airflow/example_dags/tutorial_dag.py
[2025-04-17T12:54:34.915+0000] {logging_mixin.py:190} INFO - [2025-04-17T12:54:34.914+0000] {dag.py:3239} INFO - Sync 1 DAGs
[2025-04-17T12:54:34.945+0000] {logging_mixin.py:190} INFO - [2025-04-17T12:54:34.944+0000] {dag.py:4180} INFO - Setting next_dagrun for tutorial_dag to None, run_after=None
[2025-04-17T12:54:34.980+0000] {processor.py:208} INFO - Processing /home/airflow/.local/lib/python3.12/site-packages/airflow/example_dags/tutorial_dag.py took 0.124 seconds
