[2025-04-17T11:40:59.306+0000] {processor.py:186} INFO - Started process (PID=39758) to work on /home/airflow/.local/lib/python3.12/site-packages/airflow/example_dags/tutorial_taskflow_templates.py
[2025-04-17T11:40:59.340+0000] {processor.py:914} INFO - Processing file /home/airflow/.local/lib/python3.12/site-packages/airflow/example_dags/tutorial_taskflow_templates.py for tasks to queue
[2025-04-17T11:40:59.622+0000] {logging_mixin.py:190} INFO - [2025-04-17T11:40:59.420+0000] {dagbag.py:588} INFO - Filling up the DagBag from /home/airflow/.local/lib/python3.12/site-packages/airflow/example_dags/tutorial_taskflow_templates.py
[2025-04-17T11:41:01.827+0000] {processor.py:925} INFO - DAG(s) 'tutorial_taskflow_templates' retrieved from /home/airflow/.local/lib/python3.12/site-packages/airflow/example_dags/tutorial_taskflow_templates.py
[2025-04-17T11:41:06.237+0000] {logging_mixin.py:190} INFO - [2025-04-17T11:41:06.202+0000] {dag.py:3239} INFO - Sync 1 DAGs
[2025-04-17T11:41:07.428+0000] {logging_mixin.py:190} INFO - [2025-04-17T11:41:07.423+0000] {dag.py:4180} INFO - Setting next_dagrun for tutorial_taskflow_templates to 2025-04-16 00:00:00+00:00, run_after=2025-04-17 00:00:00+00:00
[2025-04-17T11:41:08.001+0000] {processor.py:208} INFO - Processing /home/airflow/.local/lib/python3.12/site-packages/airflow/example_dags/tutorial_taskflow_templates.py took 9.085 seconds
[2025-04-17T12:09:11.695+0000] {processor.py:186} INFO - Started process (PID=450) to work on /home/airflow/.local/lib/python3.12/site-packages/airflow/example_dags/tutorial_taskflow_templates.py
[2025-04-17T12:09:11.710+0000] {processor.py:914} INFO - Processing file /home/airflow/.local/lib/python3.12/site-packages/airflow/example_dags/tutorial_taskflow_templates.py for tasks to queue
[2025-04-17T12:09:11.783+0000] {logging_mixin.py:190} INFO - [2025-04-17T12:09:11.754+0000] {dagbag.py:588} INFO - Filling up the DagBag from /home/airflow/.local/lib/python3.12/site-packages/airflow/example_dags/tutorial_taskflow_templates.py
[2025-04-17T12:09:12.428+0000] {processor.py:925} INFO - DAG(s) 'tutorial_taskflow_templates' retrieved from /home/airflow/.local/lib/python3.12/site-packages/airflow/example_dags/tutorial_taskflow_templates.py
[2025-04-17T12:09:12.724+0000] {logging_mixin.py:190} INFO - [2025-04-17T12:09:12.724+0000] {dag.py:3239} INFO - Sync 1 DAGs
[2025-04-17T12:09:13.247+0000] {logging_mixin.py:190} INFO - [2025-04-17T12:09:13.238+0000] {dag.py:4180} INFO - Setting next_dagrun for tutorial_taskflow_templates to 2025-04-16 00:00:00+00:00, run_after=2025-04-17 00:00:00+00:00
[2025-04-17T12:09:13.447+0000] {processor.py:208} INFO - Processing /home/airflow/.local/lib/python3.12/site-packages/airflow/example_dags/tutorial_taskflow_templates.py took 1.791 seconds
[2025-04-17T12:15:23.934+0000] {processor.py:186} INFO - Started process (PID=1009) to work on /home/airflow/.local/lib/python3.12/site-packages/airflow/example_dags/tutorial_taskflow_templates.py
[2025-04-17T12:15:23.944+0000] {processor.py:914} INFO - Processing file /home/airflow/.local/lib/python3.12/site-packages/airflow/example_dags/tutorial_taskflow_templates.py for tasks to queue
[2025-04-17T12:15:23.982+0000] {logging_mixin.py:190} INFO - [2025-04-17T12:15:23.971+0000] {dagbag.py:588} INFO - Filling up the DagBag from /home/airflow/.local/lib/python3.12/site-packages/airflow/example_dags/tutorial_taskflow_templates.py
[2025-04-17T12:15:24.539+0000] {processor.py:925} INFO - DAG(s) 'tutorial_taskflow_templates' retrieved from /home/airflow/.local/lib/python3.12/site-packages/airflow/example_dags/tutorial_taskflow_templates.py
[2025-04-17T12:15:25.188+0000] {logging_mixin.py:190} INFO - [2025-04-17T12:15:25.186+0000] {dag.py:3239} INFO - Sync 1 DAGs
[2025-04-17T12:15:25.975+0000] {logging_mixin.py:190} INFO - [2025-04-17T12:15:25.973+0000] {dag.py:4180} INFO - Setting next_dagrun for tutorial_taskflow_templates to 2025-04-16 00:00:00+00:00, run_after=2025-04-17 00:00:00+00:00
[2025-04-17T12:15:26.117+0000] {processor.py:208} INFO - Processing /home/airflow/.local/lib/python3.12/site-packages/airflow/example_dags/tutorial_taskflow_templates.py took 2.542 seconds
[2025-04-17T12:19:03.595+0000] {processor.py:186} INFO - Started process (PID=1941) to work on /home/airflow/.local/lib/python3.12/site-packages/airflow/example_dags/tutorial_taskflow_templates.py
[2025-04-17T12:19:03.617+0000] {processor.py:914} INFO - Processing file /home/airflow/.local/lib/python3.12/site-packages/airflow/example_dags/tutorial_taskflow_templates.py for tasks to queue
[2025-04-17T12:19:03.620+0000] {logging_mixin.py:190} INFO - [2025-04-17T12:19:03.619+0000] {dagbag.py:588} INFO - Filling up the DagBag from /home/airflow/.local/lib/python3.12/site-packages/airflow/example_dags/tutorial_taskflow_templates.py
[2025-04-17T12:19:03.646+0000] {processor.py:925} INFO - DAG(s) 'tutorial_taskflow_templates' retrieved from /home/airflow/.local/lib/python3.12/site-packages/airflow/example_dags/tutorial_taskflow_templates.py
[2025-04-17T12:19:03.702+0000] {logging_mixin.py:190} INFO - [2025-04-17T12:19:03.702+0000] {dag.py:3239} INFO - Sync 1 DAGs
[2025-04-17T12:19:03.768+0000] {logging_mixin.py:190} INFO - [2025-04-17T12:19:03.768+0000] {dag.py:4180} INFO - Setting next_dagrun for tutorial_taskflow_templates to 2025-04-16 00:00:00+00:00, run_after=2025-04-17 00:00:00+00:00
[2025-04-17T12:19:03.972+0000] {processor.py:208} INFO - Processing /home/airflow/.local/lib/python3.12/site-packages/airflow/example_dags/tutorial_taskflow_templates.py took 0.389 seconds
[2025-04-17T12:24:40.181+0000] {processor.py:186} INFO - Started process (PID=2616) to work on /home/airflow/.local/lib/python3.12/site-packages/airflow/example_dags/tutorial_taskflow_templates.py
[2025-04-17T12:24:40.228+0000] {processor.py:914} INFO - Processing file /home/airflow/.local/lib/python3.12/site-packages/airflow/example_dags/tutorial_taskflow_templates.py for tasks to queue
[2025-04-17T12:24:40.269+0000] {logging_mixin.py:190} INFO - [2025-04-17T12:24:40.259+0000] {dagbag.py:588} INFO - Filling up the DagBag from /home/airflow/.local/lib/python3.12/site-packages/airflow/example_dags/tutorial_taskflow_templates.py
[2025-04-17T12:24:40.452+0000] {processor.py:925} INFO - DAG(s) 'tutorial_taskflow_templates' retrieved from /home/airflow/.local/lib/python3.12/site-packages/airflow/example_dags/tutorial_taskflow_templates.py
[2025-04-17T12:24:40.555+0000] {logging_mixin.py:190} INFO - [2025-04-17T12:24:40.554+0000] {dag.py:3239} INFO - Sync 1 DAGs
[2025-04-17T12:24:40.633+0000] {logging_mixin.py:190} INFO - [2025-04-17T12:24:40.633+0000] {dag.py:4180} INFO - Setting next_dagrun for tutorial_taskflow_templates to 2025-04-16 00:00:00+00:00, run_after=2025-04-17 00:00:00+00:00
[2025-04-17T12:24:40.690+0000] {processor.py:208} INFO - Processing /home/airflow/.local/lib/python3.12/site-packages/airflow/example_dags/tutorial_taskflow_templates.py took 0.617 seconds
[2025-04-17T12:27:43.527+0000] {processor.py:186} INFO - Started process (PID=3375) to work on /home/airflow/.local/lib/python3.12/site-packages/airflow/example_dags/tutorial_taskflow_templates.py
[2025-04-17T12:27:43.533+0000] {processor.py:914} INFO - Processing file /home/airflow/.local/lib/python3.12/site-packages/airflow/example_dags/tutorial_taskflow_templates.py for tasks to queue
[2025-04-17T12:27:43.559+0000] {logging_mixin.py:190} INFO - [2025-04-17T12:27:43.557+0000] {dagbag.py:588} INFO - Filling up the DagBag from /home/airflow/.local/lib/python3.12/site-packages/airflow/example_dags/tutorial_taskflow_templates.py
[2025-04-17T12:27:43.901+0000] {processor.py:925} INFO - DAG(s) 'tutorial_taskflow_templates' retrieved from /home/airflow/.local/lib/python3.12/site-packages/airflow/example_dags/tutorial_taskflow_templates.py
[2025-04-17T12:27:53.110+0000] {logging_mixin.py:190} INFO - [2025-04-17T12:27:53.082+0000] {dag.py:3239} INFO - Sync 1 DAGs
[2025-04-17T12:27:55.010+0000] {logging_mixin.py:190} INFO - [2025-04-17T12:27:55.006+0000] {dag.py:4180} INFO - Setting next_dagrun for tutorial_taskflow_templates to 2025-04-16 00:00:00+00:00, run_after=2025-04-17 00:00:00+00:00
[2025-04-17T12:27:55.137+0000] {processor.py:208} INFO - Processing /home/airflow/.local/lib/python3.12/site-packages/airflow/example_dags/tutorial_taskflow_templates.py took 11.343 seconds
[2025-04-17T12:35:33.035+0000] {processor.py:186} INFO - Started process (PID=3982) to work on /home/airflow/.local/lib/python3.12/site-packages/airflow/example_dags/tutorial_taskflow_templates.py
[2025-04-17T12:35:33.038+0000] {processor.py:914} INFO - Processing file /home/airflow/.local/lib/python3.12/site-packages/airflow/example_dags/tutorial_taskflow_templates.py for tasks to queue
[2025-04-17T12:35:33.043+0000] {logging_mixin.py:190} INFO - [2025-04-17T12:35:33.042+0000] {dagbag.py:588} INFO - Filling up the DagBag from /home/airflow/.local/lib/python3.12/site-packages/airflow/example_dags/tutorial_taskflow_templates.py
[2025-04-17T12:35:33.095+0000] {processor.py:925} INFO - DAG(s) 'tutorial_taskflow_templates' retrieved from /home/airflow/.local/lib/python3.12/site-packages/airflow/example_dags/tutorial_taskflow_templates.py
[2025-04-17T12:35:33.164+0000] {logging_mixin.py:190} INFO - [2025-04-17T12:35:33.164+0000] {dag.py:3239} INFO - Sync 1 DAGs
[2025-04-17T12:35:33.260+0000] {logging_mixin.py:190} INFO - [2025-04-17T12:35:33.260+0000] {dag.py:4180} INFO - Setting next_dagrun for tutorial_taskflow_templates to 2025-04-16 00:00:00+00:00, run_after=2025-04-17 00:00:00+00:00
[2025-04-17T12:35:33.346+0000] {processor.py:208} INFO - Processing /home/airflow/.local/lib/python3.12/site-packages/airflow/example_dags/tutorial_taskflow_templates.py took 0.328 seconds
[2025-04-17T12:36:15.089+0000] {processor.py:186} INFO - Started process (PID=4315) to work on /home/airflow/.local/lib/python3.12/site-packages/airflow/example_dags/tutorial_taskflow_templates.py
[2025-04-17T12:36:15.092+0000] {processor.py:914} INFO - Processing file /home/airflow/.local/lib/python3.12/site-packages/airflow/example_dags/tutorial_taskflow_templates.py for tasks to queue
[2025-04-17T12:36:15.095+0000] {logging_mixin.py:190} INFO - [2025-04-17T12:36:15.094+0000] {dagbag.py:588} INFO - Filling up the DagBag from /home/airflow/.local/lib/python3.12/site-packages/airflow/example_dags/tutorial_taskflow_templates.py
[2025-04-17T12:36:15.157+0000] {processor.py:925} INFO - DAG(s) 'tutorial_taskflow_templates' retrieved from /home/airflow/.local/lib/python3.12/site-packages/airflow/example_dags/tutorial_taskflow_templates.py
[2025-04-17T12:36:15.231+0000] {logging_mixin.py:190} INFO - [2025-04-17T12:36:15.230+0000] {dag.py:3239} INFO - Sync 1 DAGs
[2025-04-17T12:36:15.325+0000] {logging_mixin.py:190} INFO - [2025-04-17T12:36:15.324+0000] {dag.py:4180} INFO - Setting next_dagrun for tutorial_taskflow_templates to 2025-04-16 00:00:00+00:00, run_after=2025-04-17 00:00:00+00:00
[2025-04-17T12:36:15.380+0000] {processor.py:208} INFO - Processing /home/airflow/.local/lib/python3.12/site-packages/airflow/example_dags/tutorial_taskflow_templates.py took 0.309 seconds
[2025-04-17T12:36:48.224+0000] {processor.py:186} INFO - Started process (PID=4624) to work on /home/airflow/.local/lib/python3.12/site-packages/airflow/example_dags/tutorial_taskflow_templates.py
[2025-04-17T12:36:48.226+0000] {processor.py:914} INFO - Processing file /home/airflow/.local/lib/python3.12/site-packages/airflow/example_dags/tutorial_taskflow_templates.py for tasks to queue
[2025-04-17T12:36:48.228+0000] {logging_mixin.py:190} INFO - [2025-04-17T12:36:48.227+0000] {dagbag.py:588} INFO - Filling up the DagBag from /home/airflow/.local/lib/python3.12/site-packages/airflow/example_dags/tutorial_taskflow_templates.py
[2025-04-17T12:36:48.253+0000] {processor.py:925} INFO - DAG(s) 'tutorial_taskflow_templates' retrieved from /home/airflow/.local/lib/python3.12/site-packages/airflow/example_dags/tutorial_taskflow_templates.py
[2025-04-17T12:36:48.288+0000] {logging_mixin.py:190} INFO - [2025-04-17T12:36:48.287+0000] {dag.py:3239} INFO - Sync 1 DAGs
[2025-04-17T12:36:48.334+0000] {logging_mixin.py:190} INFO - [2025-04-17T12:36:48.334+0000] {dag.py:4180} INFO - Setting next_dagrun for tutorial_taskflow_templates to 2025-04-16 00:00:00+00:00, run_after=2025-04-17 00:00:00+00:00
[2025-04-17T12:36:48.369+0000] {processor.py:208} INFO - Processing /home/airflow/.local/lib/python3.12/site-packages/airflow/example_dags/tutorial_taskflow_templates.py took 0.155 seconds
[2025-04-17T12:37:35.621+0000] {processor.py:186} INFO - Started process (PID=4935) to work on /home/airflow/.local/lib/python3.12/site-packages/airflow/example_dags/tutorial_taskflow_templates.py
[2025-04-17T12:37:35.623+0000] {processor.py:914} INFO - Processing file /home/airflow/.local/lib/python3.12/site-packages/airflow/example_dags/tutorial_taskflow_templates.py for tasks to queue
[2025-04-17T12:37:35.625+0000] {logging_mixin.py:190} INFO - [2025-04-17T12:37:35.624+0000] {dagbag.py:588} INFO - Filling up the DagBag from /home/airflow/.local/lib/python3.12/site-packages/airflow/example_dags/tutorial_taskflow_templates.py
[2025-04-17T12:37:35.651+0000] {processor.py:925} INFO - DAG(s) 'tutorial_taskflow_templates' retrieved from /home/airflow/.local/lib/python3.12/site-packages/airflow/example_dags/tutorial_taskflow_templates.py
[2025-04-17T12:37:35.690+0000] {logging_mixin.py:190} INFO - [2025-04-17T12:37:35.689+0000] {dag.py:3239} INFO - Sync 1 DAGs
[2025-04-17T12:37:35.738+0000] {logging_mixin.py:190} INFO - [2025-04-17T12:37:35.737+0000] {dag.py:4180} INFO - Setting next_dagrun for tutorial_taskflow_templates to 2025-04-16 00:00:00+00:00, run_after=2025-04-17 00:00:00+00:00
[2025-04-17T12:37:35.770+0000] {processor.py:208} INFO - Processing /home/airflow/.local/lib/python3.12/site-packages/airflow/example_dags/tutorial_taskflow_templates.py took 0.161 seconds
[2025-04-17T12:38:09.320+0000] {processor.py:186} INFO - Started process (PID=5244) to work on /home/airflow/.local/lib/python3.12/site-packages/airflow/example_dags/tutorial_taskflow_templates.py
[2025-04-17T12:38:09.323+0000] {processor.py:914} INFO - Processing file /home/airflow/.local/lib/python3.12/site-packages/airflow/example_dags/tutorial_taskflow_templates.py for tasks to queue
[2025-04-17T12:38:09.326+0000] {logging_mixin.py:190} INFO - [2025-04-17T12:38:09.325+0000] {dagbag.py:588} INFO - Filling up the DagBag from /home/airflow/.local/lib/python3.12/site-packages/airflow/example_dags/tutorial_taskflow_templates.py
[2025-04-17T12:38:09.361+0000] {processor.py:925} INFO - DAG(s) 'tutorial_taskflow_templates' retrieved from /home/airflow/.local/lib/python3.12/site-packages/airflow/example_dags/tutorial_taskflow_templates.py
[2025-04-17T12:38:09.407+0000] {logging_mixin.py:190} INFO - [2025-04-17T12:38:09.406+0000] {dag.py:3239} INFO - Sync 1 DAGs
[2025-04-17T12:38:09.474+0000] {logging_mixin.py:190} INFO - [2025-04-17T12:38:09.473+0000] {dag.py:4180} INFO - Setting next_dagrun for tutorial_taskflow_templates to 2025-04-16 00:00:00+00:00, run_after=2025-04-17 00:00:00+00:00
[2025-04-17T12:38:09.528+0000] {processor.py:208} INFO - Processing /home/airflow/.local/lib/python3.12/site-packages/airflow/example_dags/tutorial_taskflow_templates.py took 0.219 seconds
[2025-04-17T12:38:40.293+0000] {processor.py:186} INFO - Started process (PID=5549) to work on /home/airflow/.local/lib/python3.12/site-packages/airflow/example_dags/tutorial_taskflow_templates.py
[2025-04-17T12:38:40.296+0000] {processor.py:914} INFO - Processing file /home/airflow/.local/lib/python3.12/site-packages/airflow/example_dags/tutorial_taskflow_templates.py for tasks to queue
[2025-04-17T12:38:40.298+0000] {logging_mixin.py:190} INFO - [2025-04-17T12:38:40.298+0000] {dagbag.py:588} INFO - Filling up the DagBag from /home/airflow/.local/lib/python3.12/site-packages/airflow/example_dags/tutorial_taskflow_templates.py
[2025-04-17T12:38:40.325+0000] {processor.py:925} INFO - DAG(s) 'tutorial_taskflow_templates' retrieved from /home/airflow/.local/lib/python3.12/site-packages/airflow/example_dags/tutorial_taskflow_templates.py
[2025-04-17T12:38:40.366+0000] {logging_mixin.py:190} INFO - [2025-04-17T12:38:40.365+0000] {dag.py:3239} INFO - Sync 1 DAGs
[2025-04-17T12:38:40.426+0000] {logging_mixin.py:190} INFO - [2025-04-17T12:38:40.425+0000] {dag.py:4180} INFO - Setting next_dagrun for tutorial_taskflow_templates to 2025-04-16 00:00:00+00:00, run_after=2025-04-17 00:00:00+00:00
[2025-04-17T12:38:40.471+0000] {processor.py:208} INFO - Processing /home/airflow/.local/lib/python3.12/site-packages/airflow/example_dags/tutorial_taskflow_templates.py took 0.188 seconds
[2025-04-17T12:39:14.986+0000] {processor.py:186} INFO - Started process (PID=5866) to work on /home/airflow/.local/lib/python3.12/site-packages/airflow/example_dags/tutorial_taskflow_templates.py
[2025-04-17T12:39:15.001+0000] {processor.py:914} INFO - Processing file /home/airflow/.local/lib/python3.12/site-packages/airflow/example_dags/tutorial_taskflow_templates.py for tasks to queue
[2025-04-17T12:39:15.004+0000] {logging_mixin.py:190} INFO - [2025-04-17T12:39:15.003+0000] {dagbag.py:588} INFO - Filling up the DagBag from /home/airflow/.local/lib/python3.12/site-packages/airflow/example_dags/tutorial_taskflow_templates.py
[2025-04-17T12:39:15.035+0000] {processor.py:925} INFO - DAG(s) 'tutorial_taskflow_templates' retrieved from /home/airflow/.local/lib/python3.12/site-packages/airflow/example_dags/tutorial_taskflow_templates.py
[2025-04-17T12:39:15.078+0000] {logging_mixin.py:190} INFO - [2025-04-17T12:39:15.076+0000] {dag.py:3239} INFO - Sync 1 DAGs
[2025-04-17T12:39:15.146+0000] {logging_mixin.py:190} INFO - [2025-04-17T12:39:15.145+0000] {dag.py:4180} INFO - Setting next_dagrun for tutorial_taskflow_templates to 2025-04-16 00:00:00+00:00, run_after=2025-04-17 00:00:00+00:00
[2025-04-17T12:39:15.223+0000] {processor.py:208} INFO - Processing /home/airflow/.local/lib/python3.12/site-packages/airflow/example_dags/tutorial_taskflow_templates.py took 0.247 seconds
[2025-04-17T12:39:47.669+0000] {processor.py:186} INFO - Started process (PID=6182) to work on /home/airflow/.local/lib/python3.12/site-packages/airflow/example_dags/tutorial_taskflow_templates.py
[2025-04-17T12:39:47.671+0000] {processor.py:914} INFO - Processing file /home/airflow/.local/lib/python3.12/site-packages/airflow/example_dags/tutorial_taskflow_templates.py for tasks to queue
[2025-04-17T12:39:47.675+0000] {logging_mixin.py:190} INFO - [2025-04-17T12:39:47.674+0000] {dagbag.py:588} INFO - Filling up the DagBag from /home/airflow/.local/lib/python3.12/site-packages/airflow/example_dags/tutorial_taskflow_templates.py
[2025-04-17T12:39:47.703+0000] {processor.py:925} INFO - DAG(s) 'tutorial_taskflow_templates' retrieved from /home/airflow/.local/lib/python3.12/site-packages/airflow/example_dags/tutorial_taskflow_templates.py
[2025-04-17T12:39:47.753+0000] {logging_mixin.py:190} INFO - [2025-04-17T12:39:47.752+0000] {dag.py:3239} INFO - Sync 1 DAGs
[2025-04-17T12:39:47.811+0000] {logging_mixin.py:190} INFO - [2025-04-17T12:39:47.811+0000] {dag.py:4180} INFO - Setting next_dagrun for tutorial_taskflow_templates to 2025-04-16 00:00:00+00:00, run_after=2025-04-17 00:00:00+00:00
[2025-04-17T12:39:47.853+0000] {processor.py:208} INFO - Processing /home/airflow/.local/lib/python3.12/site-packages/airflow/example_dags/tutorial_taskflow_templates.py took 0.195 seconds
[2025-04-17T12:42:00.701+0000] {processor.py:186} INFO - Started process (PID=6600) to work on /home/airflow/.local/lib/python3.12/site-packages/airflow/example_dags/tutorial_taskflow_templates.py
[2025-04-17T12:42:00.894+0000] {processor.py:914} INFO - Processing file /home/airflow/.local/lib/python3.12/site-packages/airflow/example_dags/tutorial_taskflow_templates.py for tasks to queue
[2025-04-17T12:42:02.058+0000] {logging_mixin.py:190} INFO - [2025-04-17T12:42:01.332+0000] {dagbag.py:588} INFO - Filling up the DagBag from /home/airflow/.local/lib/python3.12/site-packages/airflow/example_dags/tutorial_taskflow_templates.py
[2025-04-17T12:41:58.689+0000] {processor.py:925} INFO - DAG(s) 'tutorial_taskflow_templates' retrieved from /home/airflow/.local/lib/python3.12/site-packages/airflow/example_dags/tutorial_taskflow_templates.py
[2025-04-17T12:41:59.622+0000] {logging_mixin.py:190} INFO - [2025-04-17T12:41:59.621+0000] {dag.py:3239} INFO - Sync 1 DAGs
[2025-04-17T12:42:00.242+0000] {logging_mixin.py:190} INFO - [2025-04-17T12:42:00.238+0000] {dag.py:4180} INFO - Setting next_dagrun for tutorial_taskflow_templates to 2025-04-16 00:00:00+00:00, run_after=2025-04-17 00:00:00+00:00
[2025-04-17T12:42:00.409+0000] {processor.py:208} INFO - Processing /home/airflow/.local/lib/python3.12/site-packages/airflow/example_dags/tutorial_taskflow_templates.py took 15.857 seconds
[2025-04-17T12:42:39.697+0000] {processor.py:186} INFO - Started process (PID=6792) to work on /home/airflow/.local/lib/python3.12/site-packages/airflow/example_dags/tutorial_taskflow_templates.py
[2025-04-17T12:42:39.699+0000] {processor.py:914} INFO - Processing file /home/airflow/.local/lib/python3.12/site-packages/airflow/example_dags/tutorial_taskflow_templates.py for tasks to queue
[2025-04-17T12:42:39.702+0000] {logging_mixin.py:190} INFO - [2025-04-17T12:42:39.701+0000] {dagbag.py:588} INFO - Filling up the DagBag from /home/airflow/.local/lib/python3.12/site-packages/airflow/example_dags/tutorial_taskflow_templates.py
[2025-04-17T12:42:39.730+0000] {processor.py:925} INFO - DAG(s) 'tutorial_taskflow_templates' retrieved from /home/airflow/.local/lib/python3.12/site-packages/airflow/example_dags/tutorial_taskflow_templates.py
[2025-04-17T12:42:39.776+0000] {logging_mixin.py:190} INFO - [2025-04-17T12:42:39.776+0000] {dag.py:3239} INFO - Sync 1 DAGs
[2025-04-17T12:42:39.836+0000] {logging_mixin.py:190} INFO - [2025-04-17T12:42:39.835+0000] {dag.py:4180} INFO - Setting next_dagrun for tutorial_taskflow_templates to 2025-04-16 00:00:00+00:00, run_after=2025-04-17 00:00:00+00:00
[2025-04-17T12:42:39.880+0000] {processor.py:208} INFO - Processing /home/airflow/.local/lib/python3.12/site-packages/airflow/example_dags/tutorial_taskflow_templates.py took 0.194 seconds
[2025-04-17T12:43:11.708+0000] {processor.py:186} INFO - Started process (PID=7211) to work on /home/airflow/.local/lib/python3.12/site-packages/airflow/example_dags/tutorial_taskflow_templates.py
[2025-04-17T12:43:11.710+0000] {processor.py:914} INFO - Processing file /home/airflow/.local/lib/python3.12/site-packages/airflow/example_dags/tutorial_taskflow_templates.py for tasks to queue
[2025-04-17T12:43:11.713+0000] {logging_mixin.py:190} INFO - [2025-04-17T12:43:11.712+0000] {dagbag.py:588} INFO - Filling up the DagBag from /home/airflow/.local/lib/python3.12/site-packages/airflow/example_dags/tutorial_taskflow_templates.py
[2025-04-17T12:43:11.745+0000] {processor.py:925} INFO - DAG(s) 'tutorial_taskflow_templates' retrieved from /home/airflow/.local/lib/python3.12/site-packages/airflow/example_dags/tutorial_taskflow_templates.py
[2025-04-17T12:43:11.794+0000] {logging_mixin.py:190} INFO - [2025-04-17T12:43:11.794+0000] {dag.py:3239} INFO - Sync 1 DAGs
[2025-04-17T12:43:11.871+0000] {logging_mixin.py:190} INFO - [2025-04-17T12:43:11.871+0000] {dag.py:4180} INFO - Setting next_dagrun for tutorial_taskflow_templates to 2025-04-16 00:00:00+00:00, run_after=2025-04-17 00:00:00+00:00
[2025-04-17T12:43:11.914+0000] {processor.py:208} INFO - Processing /home/airflow/.local/lib/python3.12/site-packages/airflow/example_dags/tutorial_taskflow_templates.py took 0.217 seconds
[2025-04-17T12:43:44.196+0000] {processor.py:186} INFO - Started process (PID=7519) to work on /home/airflow/.local/lib/python3.12/site-packages/airflow/example_dags/tutorial_taskflow_templates.py
[2025-04-17T12:43:44.198+0000] {processor.py:914} INFO - Processing file /home/airflow/.local/lib/python3.12/site-packages/airflow/example_dags/tutorial_taskflow_templates.py for tasks to queue
[2025-04-17T12:43:44.201+0000] {logging_mixin.py:190} INFO - [2025-04-17T12:43:44.200+0000] {dagbag.py:588} INFO - Filling up the DagBag from /home/airflow/.local/lib/python3.12/site-packages/airflow/example_dags/tutorial_taskflow_templates.py
[2025-04-17T12:43:44.227+0000] {processor.py:925} INFO - DAG(s) 'tutorial_taskflow_templates' retrieved from /home/airflow/.local/lib/python3.12/site-packages/airflow/example_dags/tutorial_taskflow_templates.py
[2025-04-17T12:43:44.265+0000] {logging_mixin.py:190} INFO - [2025-04-17T12:43:44.264+0000] {dag.py:3239} INFO - Sync 1 DAGs
[2025-04-17T12:43:44.320+0000] {logging_mixin.py:190} INFO - [2025-04-17T12:43:44.320+0000] {dag.py:4180} INFO - Setting next_dagrun for tutorial_taskflow_templates to 2025-04-16 00:00:00+00:00, run_after=2025-04-17 00:00:00+00:00
[2025-04-17T12:43:44.359+0000] {processor.py:208} INFO - Processing /home/airflow/.local/lib/python3.12/site-packages/airflow/example_dags/tutorial_taskflow_templates.py took 0.174 seconds
[2025-04-17T12:44:19.628+0000] {processor.py:186} INFO - Started process (PID=7896) to work on /home/airflow/.local/lib/python3.12/site-packages/airflow/example_dags/tutorial_taskflow_templates.py
[2025-04-17T12:44:19.644+0000] {processor.py:914} INFO - Processing file /home/airflow/.local/lib/python3.12/site-packages/airflow/example_dags/tutorial_taskflow_templates.py for tasks to queue
[2025-04-17T12:44:19.648+0000] {logging_mixin.py:190} INFO - [2025-04-17T12:44:19.647+0000] {dagbag.py:588} INFO - Filling up the DagBag from /home/airflow/.local/lib/python3.12/site-packages/airflow/example_dags/tutorial_taskflow_templates.py
[2025-04-17T12:44:19.687+0000] {processor.py:925} INFO - DAG(s) 'tutorial_taskflow_templates' retrieved from /home/airflow/.local/lib/python3.12/site-packages/airflow/example_dags/tutorial_taskflow_templates.py
[2025-04-17T12:44:19.744+0000] {logging_mixin.py:190} INFO - [2025-04-17T12:44:19.743+0000] {dag.py:3239} INFO - Sync 1 DAGs
[2025-04-17T12:44:19.811+0000] {logging_mixin.py:190} INFO - [2025-04-17T12:44:19.810+0000] {dag.py:4180} INFO - Setting next_dagrun for tutorial_taskflow_templates to 2025-04-16 00:00:00+00:00, run_after=2025-04-17 00:00:00+00:00
[2025-04-17T12:44:19.892+0000] {processor.py:208} INFO - Processing /home/airflow/.local/lib/python3.12/site-packages/airflow/example_dags/tutorial_taskflow_templates.py took 0.279 seconds
[2025-04-17T12:44:51.599+0000] {processor.py:186} INFO - Started process (PID=8337) to work on /home/airflow/.local/lib/python3.12/site-packages/airflow/example_dags/tutorial_taskflow_templates.py
[2025-04-17T12:44:51.602+0000] {processor.py:914} INFO - Processing file /home/airflow/.local/lib/python3.12/site-packages/airflow/example_dags/tutorial_taskflow_templates.py for tasks to queue
[2025-04-17T12:44:51.605+0000] {logging_mixin.py:190} INFO - [2025-04-17T12:44:51.605+0000] {dagbag.py:588} INFO - Filling up the DagBag from /home/airflow/.local/lib/python3.12/site-packages/airflow/example_dags/tutorial_taskflow_templates.py
[2025-04-17T12:44:51.639+0000] {processor.py:925} INFO - DAG(s) 'tutorial_taskflow_templates' retrieved from /home/airflow/.local/lib/python3.12/site-packages/airflow/example_dags/tutorial_taskflow_templates.py
[2025-04-17T12:44:51.688+0000] {logging_mixin.py:190} INFO - [2025-04-17T12:44:51.687+0000] {dag.py:3239} INFO - Sync 1 DAGs
[2025-04-17T12:44:51.746+0000] {logging_mixin.py:190} INFO - [2025-04-17T12:44:51.746+0000] {dag.py:4180} INFO - Setting next_dagrun for tutorial_taskflow_templates to 2025-04-16 00:00:00+00:00, run_after=2025-04-17 00:00:00+00:00
[2025-04-17T12:44:51.785+0000] {processor.py:208} INFO - Processing /home/airflow/.local/lib/python3.12/site-packages/airflow/example_dags/tutorial_taskflow_templates.py took 0.200 seconds
[2025-04-17T12:45:23.819+0000] {processor.py:186} INFO - Started process (PID=8642) to work on /home/airflow/.local/lib/python3.12/site-packages/airflow/example_dags/tutorial_taskflow_templates.py
[2025-04-17T12:45:23.821+0000] {processor.py:914} INFO - Processing file /home/airflow/.local/lib/python3.12/site-packages/airflow/example_dags/tutorial_taskflow_templates.py for tasks to queue
[2025-04-17T12:45:23.825+0000] {logging_mixin.py:190} INFO - [2025-04-17T12:45:23.824+0000] {dagbag.py:588} INFO - Filling up the DagBag from /home/airflow/.local/lib/python3.12/site-packages/airflow/example_dags/tutorial_taskflow_templates.py
[2025-04-17T12:45:23.853+0000] {processor.py:925} INFO - DAG(s) 'tutorial_taskflow_templates' retrieved from /home/airflow/.local/lib/python3.12/site-packages/airflow/example_dags/tutorial_taskflow_templates.py
[2025-04-17T12:45:23.903+0000] {logging_mixin.py:190} INFO - [2025-04-17T12:45:23.902+0000] {dag.py:3239} INFO - Sync 1 DAGs
[2025-04-17T12:45:23.961+0000] {logging_mixin.py:190} INFO - [2025-04-17T12:45:23.960+0000] {dag.py:4180} INFO - Setting next_dagrun for tutorial_taskflow_templates to 2025-04-16 00:00:00+00:00, run_after=2025-04-17 00:00:00+00:00
[2025-04-17T12:45:24.005+0000] {processor.py:208} INFO - Processing /home/airflow/.local/lib/python3.12/site-packages/airflow/example_dags/tutorial_taskflow_templates.py took 0.198 seconds
[2025-04-17T12:45:55.415+0000] {processor.py:186} INFO - Started process (PID=8949) to work on /home/airflow/.local/lib/python3.12/site-packages/airflow/example_dags/tutorial_taskflow_templates.py
[2025-04-17T12:45:55.417+0000] {processor.py:914} INFO - Processing file /home/airflow/.local/lib/python3.12/site-packages/airflow/example_dags/tutorial_taskflow_templates.py for tasks to queue
[2025-04-17T12:45:55.419+0000] {logging_mixin.py:190} INFO - [2025-04-17T12:45:55.418+0000] {dagbag.py:588} INFO - Filling up the DagBag from /home/airflow/.local/lib/python3.12/site-packages/airflow/example_dags/tutorial_taskflow_templates.py
[2025-04-17T12:45:55.447+0000] {processor.py:925} INFO - DAG(s) 'tutorial_taskflow_templates' retrieved from /home/airflow/.local/lib/python3.12/site-packages/airflow/example_dags/tutorial_taskflow_templates.py
[2025-04-17T12:45:55.489+0000] {logging_mixin.py:190} INFO - [2025-04-17T12:45:55.488+0000] {dag.py:3239} INFO - Sync 1 DAGs
[2025-04-17T12:45:55.555+0000] {logging_mixin.py:190} INFO - [2025-04-17T12:45:55.555+0000] {dag.py:4180} INFO - Setting next_dagrun for tutorial_taskflow_templates to 2025-04-16 00:00:00+00:00, run_after=2025-04-17 00:00:00+00:00
[2025-04-17T12:45:55.596+0000] {processor.py:208} INFO - Processing /home/airflow/.local/lib/python3.12/site-packages/airflow/example_dags/tutorial_taskflow_templates.py took 0.193 seconds
[2025-04-17T12:46:27.260+0000] {processor.py:186} INFO - Started process (PID=9256) to work on /home/airflow/.local/lib/python3.12/site-packages/airflow/example_dags/tutorial_taskflow_templates.py
[2025-04-17T12:46:27.262+0000] {processor.py:914} INFO - Processing file /home/airflow/.local/lib/python3.12/site-packages/airflow/example_dags/tutorial_taskflow_templates.py for tasks to queue
[2025-04-17T12:46:27.264+0000] {logging_mixin.py:190} INFO - [2025-04-17T12:46:27.264+0000] {dagbag.py:588} INFO - Filling up the DagBag from /home/airflow/.local/lib/python3.12/site-packages/airflow/example_dags/tutorial_taskflow_templates.py
[2025-04-17T12:46:27.289+0000] {processor.py:925} INFO - DAG(s) 'tutorial_taskflow_templates' retrieved from /home/airflow/.local/lib/python3.12/site-packages/airflow/example_dags/tutorial_taskflow_templates.py
[2025-04-17T12:46:27.325+0000] {logging_mixin.py:190} INFO - [2025-04-17T12:46:27.325+0000] {dag.py:3239} INFO - Sync 1 DAGs
[2025-04-17T12:46:27.372+0000] {logging_mixin.py:190} INFO - [2025-04-17T12:46:27.371+0000] {dag.py:4180} INFO - Setting next_dagrun for tutorial_taskflow_templates to 2025-04-16 00:00:00+00:00, run_after=2025-04-17 00:00:00+00:00
[2025-04-17T12:46:27.406+0000] {processor.py:208} INFO - Processing /home/airflow/.local/lib/python3.12/site-packages/airflow/example_dags/tutorial_taskflow_templates.py took 0.155 seconds
[2025-04-17T12:46:59.511+0000] {processor.py:186} INFO - Started process (PID=9563) to work on /home/airflow/.local/lib/python3.12/site-packages/airflow/example_dags/tutorial_taskflow_templates.py
[2025-04-17T12:46:59.514+0000] {processor.py:914} INFO - Processing file /home/airflow/.local/lib/python3.12/site-packages/airflow/example_dags/tutorial_taskflow_templates.py for tasks to queue
[2025-04-17T12:46:59.517+0000] {logging_mixin.py:190} INFO - [2025-04-17T12:46:59.516+0000] {dagbag.py:588} INFO - Filling up the DagBag from /home/airflow/.local/lib/python3.12/site-packages/airflow/example_dags/tutorial_taskflow_templates.py
[2025-04-17T12:46:59.546+0000] {processor.py:925} INFO - DAG(s) 'tutorial_taskflow_templates' retrieved from /home/airflow/.local/lib/python3.12/site-packages/airflow/example_dags/tutorial_taskflow_templates.py
[2025-04-17T12:46:59.588+0000] {logging_mixin.py:190} INFO - [2025-04-17T12:46:59.588+0000] {dag.py:3239} INFO - Sync 1 DAGs
[2025-04-17T12:46:59.656+0000] {logging_mixin.py:190} INFO - [2025-04-17T12:46:59.655+0000] {dag.py:4180} INFO - Setting next_dagrun for tutorial_taskflow_templates to 2025-04-16 00:00:00+00:00, run_after=2025-04-17 00:00:00+00:00
[2025-04-17T12:46:59.697+0000] {processor.py:208} INFO - Processing /home/airflow/.local/lib/python3.12/site-packages/airflow/example_dags/tutorial_taskflow_templates.py took 0.196 seconds
[2025-04-17T12:47:31.691+0000] {processor.py:186} INFO - Started process (PID=9870) to work on /home/airflow/.local/lib/python3.12/site-packages/airflow/example_dags/tutorial_taskflow_templates.py
[2025-04-17T12:47:31.693+0000] {processor.py:914} INFO - Processing file /home/airflow/.local/lib/python3.12/site-packages/airflow/example_dags/tutorial_taskflow_templates.py for tasks to queue
[2025-04-17T12:47:31.696+0000] {logging_mixin.py:190} INFO - [2025-04-17T12:47:31.695+0000] {dagbag.py:588} INFO - Filling up the DagBag from /home/airflow/.local/lib/python3.12/site-packages/airflow/example_dags/tutorial_taskflow_templates.py
[2025-04-17T12:47:31.724+0000] {processor.py:925} INFO - DAG(s) 'tutorial_taskflow_templates' retrieved from /home/airflow/.local/lib/python3.12/site-packages/airflow/example_dags/tutorial_taskflow_templates.py
[2025-04-17T12:47:31.767+0000] {logging_mixin.py:190} INFO - [2025-04-17T12:47:31.767+0000] {dag.py:3239} INFO - Sync 1 DAGs
[2025-04-17T12:47:31.816+0000] {logging_mixin.py:190} INFO - [2025-04-17T12:47:31.815+0000] {dag.py:4180} INFO - Setting next_dagrun for tutorial_taskflow_templates to 2025-04-16 00:00:00+00:00, run_after=2025-04-17 00:00:00+00:00
[2025-04-17T12:47:31.875+0000] {processor.py:208} INFO - Processing /home/airflow/.local/lib/python3.12/site-packages/airflow/example_dags/tutorial_taskflow_templates.py took 0.196 seconds
[2025-04-17T12:48:03.398+0000] {processor.py:186} INFO - Started process (PID=10177) to work on /home/airflow/.local/lib/python3.12/site-packages/airflow/example_dags/tutorial_taskflow_templates.py
[2025-04-17T12:48:03.400+0000] {processor.py:914} INFO - Processing file /home/airflow/.local/lib/python3.12/site-packages/airflow/example_dags/tutorial_taskflow_templates.py for tasks to queue
[2025-04-17T12:48:03.404+0000] {logging_mixin.py:190} INFO - [2025-04-17T12:48:03.403+0000] {dagbag.py:588} INFO - Filling up the DagBag from /home/airflow/.local/lib/python3.12/site-packages/airflow/example_dags/tutorial_taskflow_templates.py
[2025-04-17T12:48:03.437+0000] {processor.py:925} INFO - DAG(s) 'tutorial_taskflow_templates' retrieved from /home/airflow/.local/lib/python3.12/site-packages/airflow/example_dags/tutorial_taskflow_templates.py
[2025-04-17T12:48:03.475+0000] {logging_mixin.py:190} INFO - [2025-04-17T12:48:03.474+0000] {dag.py:3239} INFO - Sync 1 DAGs
[2025-04-17T12:48:03.528+0000] {logging_mixin.py:190} INFO - [2025-04-17T12:48:03.528+0000] {dag.py:4180} INFO - Setting next_dagrun for tutorial_taskflow_templates to 2025-04-16 00:00:00+00:00, run_after=2025-04-17 00:00:00+00:00
[2025-04-17T12:48:03.570+0000] {processor.py:208} INFO - Processing /home/airflow/.local/lib/python3.12/site-packages/airflow/example_dags/tutorial_taskflow_templates.py took 0.187 seconds
