[2025-04-16T22:25:31.276+0000] {local_task_job_runner.py:123} INFO - ::group::Pre task execution logs
[2025-04-16T22:25:31.320+0000] {taskinstance.py:2614} INFO - Dependencies all met for dep_context=non-requeueable deps ti=<TaskInstance: beer_data_processing.check_file_exists manual__2025-04-16T22:25:21.258432+00:00 [queued]>
[2025-04-16T22:25:31.340+0000] {taskinstance.py:2614} INFO - Dependencies all met for dep_context=requeueable deps ti=<TaskInstance: beer_data_processing.check_file_exists manual__2025-04-16T22:25:21.258432+00:00 [queued]>
[2025-04-16T22:25:31.341+0000] {taskinstance.py:2867} INFO - Starting attempt 1 of 6
[2025-04-16T22:25:31.383+0000] {taskinstance.py:2890} INFO - Executing <Task(FileSensor): check_file_exists> on 2025-04-16 22:25:21.258432+00:00
[2025-04-16T22:25:31.432+0000] {standard_task_runner.py:104} INFO - Running: ['***', 'tasks', 'run', 'beer_data_processing', 'check_file_exists', 'manual__2025-04-16T22:25:21.258432+00:00', '--job-id', '866', '--raw', '--subdir', 'DAGS_FOLDER/beer_data_processing_dag.py', '--cfg-path', '/tmp/tmpe_7l2jol']
[2025-04-16T22:25:31.437+0000] {logging_mixin.py:190} WARNING - /home/***/.local/lib/python3.12/site-packages/***/task/task_runner/standard_task_runner.py:70 DeprecationWarning: This process (pid=28271) is multi-threaded, use of fork() may lead to deadlocks in the child.
[2025-04-16T22:25:31.438+0000] {standard_task_runner.py:105} INFO - Job 866: Subtask check_file_exists
[2025-04-16T22:25:31.439+0000] {standard_task_runner.py:72} INFO - Started process 28332 to run task
[2025-04-16T22:25:31.557+0000] {task_command.py:467} INFO - Running <TaskInstance: beer_data_processing.check_file_exists manual__2025-04-16T22:25:21.258432+00:00 [running]> on host a0d0456bae2c
[2025-04-16T22:25:31.783+0000] {taskinstance.py:3134} INFO - Exporting env vars: AIRFLOW_CTX_DAG_OWNER='***' AIRFLOW_CTX_DAG_ID='beer_data_processing' AIRFLOW_CTX_TASK_ID='check_file_exists' AIRFLOW_CTX_EXECUTION_DATE='2025-04-16T22:25:21.258432+00:00' AIRFLOW_CTX_TRY_NUMBER='1' AIRFLOW_CTX_DAG_RUN_ID='manual__2025-04-16T22:25:21.258432+00:00'
[2025-04-16T22:25:31.787+0000] {logging_mixin.py:190} INFO - Task instance is in running state
[2025-04-16T22:25:31.788+0000] {logging_mixin.py:190} INFO -  Previous state of the Task instance: queued
[2025-04-16T22:25:31.789+0000] {logging_mixin.py:190} INFO - Current task name:check_file_exists state:running start_date:2025-04-16 22:25:31.322104+00:00
[2025-04-16T22:25:31.791+0000] {logging_mixin.py:190} INFO - Dag name:beer_data_processing and current dag run status:running
[2025-04-16T22:25:31.792+0000] {taskinstance.py:732} INFO - ::endgroup::
[2025-04-16T22:25:31.793+0000] {baseoperator.py:423} WARNING - FileSensor.execute cannot be called outside TaskInstance!
[2025-04-16T22:25:31.811+0000] {base.py:84} INFO - Retrieving connection 'dataset_folder'
[2025-04-16T22:25:31.813+0000] {filesystem.py:109} INFO - Poking for file /opt/***/dags/data/beer_profile_and_ratings.csv
[2025-04-16T22:25:31.827+0000] {filesystem.py:113} INFO - Found File /opt/***/dags/data/beer_profile_and_ratings.csv last modified: 20250416145823
[2025-04-16T22:25:31.829+0000] {base.py:339} INFO - Success criteria met. Exiting.
[2025-04-16T22:25:31.830+0000] {filesystem.py:109} INFO - Poking for file /opt/***/dags/data/beer_profile_and_ratings.csv
[2025-04-16T22:25:31.843+0000] {filesystem.py:113} INFO - Found File /opt/***/dags/data/beer_profile_and_ratings.csv last modified: 20250416145823
[2025-04-16T22:25:31.863+0000] {taskinstance.py:341} INFO - ::group::Post task execution logs
[2025-04-16T22:25:31.864+0000] {taskinstance.py:353} INFO - Marking task as SUCCESS. dag_id=beer_data_processing, task_id=check_file_exists, run_id=manual__2025-04-16T22:25:21.258432+00:00, execution_date=20250416T222521, start_date=20250416T222531, end_date=20250416T222531
[2025-04-16T22:25:31.927+0000] {logging_mixin.py:190} INFO - Task instance in success state
[2025-04-16T22:25:31.928+0000] {logging_mixin.py:190} INFO -  Previous state of the Task instance: running
[2025-04-16T22:25:31.929+0000] {logging_mixin.py:190} INFO - Dag name:beer_data_processing queued_at:2025-04-16 22:25:21.522224+00:00
[2025-04-16T22:25:31.930+0000] {logging_mixin.py:190} INFO - Task hostname:a0d0456bae2c operator:FileSensor
[2025-04-16T22:25:31.982+0000] {local_task_job_runner.py:266} INFO - Task exited with return code 0
[2025-04-16T22:25:32.152+0000] {taskinstance.py:3901} INFO - 1 downstream tasks scheduled from follow-on schedule check
[2025-04-16T22:25:32.156+0000] {local_task_job_runner.py:245} INFO - ::endgroup::
