[2025-04-16T21:00:13.029+0000] {local_task_job_runner.py:123} INFO - ::group::Pre task execution logs
[2025-04-16T21:00:13.060+0000] {taskinstance.py:2614} INFO - Dependencies all met for dep_context=non-requeueable deps ti=<TaskInstance: beer_data_processing.check_file_exists scheduled__2025-04-16T20:00:00+00:00 [queued]>
[2025-04-16T21:00:13.076+0000] {taskinstance.py:2614} INFO - Dependencies all met for dep_context=requeueable deps ti=<TaskInstance: beer_data_processing.check_file_exists scheduled__2025-04-16T20:00:00+00:00 [queued]>
[2025-04-16T21:00:13.078+0000] {taskinstance.py:2867} INFO - Starting attempt 1 of 6
[2025-04-16T21:00:13.109+0000] {taskinstance.py:2890} INFO - Executing <Task(FileSensor): check_file_exists> on 2025-04-16 20:00:00+00:00
[2025-04-16T21:00:13.137+0000] {standard_task_runner.py:104} INFO - Running: ['***', 'tasks', 'run', 'beer_data_processing', 'check_file_exists', 'scheduled__2025-04-16T20:00:00+00:00', '--job-id', '770', '--raw', '--subdir', 'DAGS_FOLDER/beer_data_processing_dag.py', '--cfg-path', '/tmp/tmpv6hty4l3']
[2025-04-16T21:00:13.140+0000] {standard_task_runner.py:105} INFO - Job 770: Subtask check_file_exists
[2025-04-16T21:00:13.139+0000] {logging_mixin.py:190} WARNING - /home/***/.local/lib/python3.12/site-packages/***/task/task_runner/standard_task_runner.py:70 DeprecationWarning: This process (pid=53752) is multi-threaded, use of fork() may lead to deadlocks in the child.
[2025-04-16T21:00:13.142+0000] {standard_task_runner.py:72} INFO - Started process 53889 to run task
[2025-04-16T21:00:13.250+0000] {task_command.py:467} INFO - Running <TaskInstance: beer_data_processing.check_file_exists scheduled__2025-04-16T20:00:00+00:00 [running]> on host 3e53738720c8
[2025-04-16T21:00:13.566+0000] {taskinstance.py:3134} INFO - Exporting env vars: AIRFLOW_CTX_DAG_OWNER='***' AIRFLOW_CTX_DAG_ID='beer_data_processing' AIRFLOW_CTX_TASK_ID='check_file_exists' AIRFLOW_CTX_EXECUTION_DATE='2025-04-16T20:00:00+00:00' AIRFLOW_CTX_TRY_NUMBER='1' AIRFLOW_CTX_DAG_RUN_ID='scheduled__2025-04-16T20:00:00+00:00'
[2025-04-16T21:00:13.571+0000] {logging_mixin.py:190} INFO - Task instance is in running state
[2025-04-16T21:00:13.575+0000] {logging_mixin.py:190} INFO -  Previous state of the Task instance: queued
[2025-04-16T21:00:13.585+0000] {logging_mixin.py:190} INFO - Current task name:check_file_exists state:running start_date:2025-04-16 21:00:13.061382+00:00
[2025-04-16T21:00:13.587+0000] {logging_mixin.py:190} INFO - Dag name:beer_data_processing and current dag run status:running
[2025-04-16T21:00:13.588+0000] {taskinstance.py:732} INFO - ::endgroup::
[2025-04-16T21:00:13.590+0000] {baseoperator.py:423} WARNING - FileSensor.execute cannot be called outside TaskInstance!
[2025-04-16T21:00:13.612+0000] {base.py:84} INFO - Retrieving connection 'dataset_folder'
[2025-04-16T21:00:13.614+0000] {filesystem.py:109} INFO - Poking for file /opt/***/dags/data/beer_profile_and_ratings.csv
[2025-04-16T21:00:13.623+0000] {filesystem.py:113} INFO - Found File /opt/***/dags/data/beer_profile_and_ratings.csv last modified: 20250416145823
[2025-04-16T21:00:13.624+0000] {base.py:339} INFO - Success criteria met. Exiting.
[2025-04-16T21:00:13.625+0000] {filesystem.py:109} INFO - Poking for file /opt/***/dags/data/beer_profile_and_ratings.csv
[2025-04-16T21:00:13.634+0000] {filesystem.py:113} INFO - Found File /opt/***/dags/data/beer_profile_and_ratings.csv last modified: 20250416145823
[2025-04-16T21:00:13.652+0000] {taskinstance.py:341} INFO - ::group::Post task execution logs
[2025-04-16T21:00:13.653+0000] {taskinstance.py:353} INFO - Marking task as SUCCESS. dag_id=beer_data_processing, task_id=check_file_exists, run_id=scheduled__2025-04-16T20:00:00+00:00, execution_date=20250416T200000, start_date=20250416T210013, end_date=20250416T210013
[2025-04-16T21:00:13.700+0000] {logging_mixin.py:190} INFO - Task instance in success state
[2025-04-16T21:00:13.701+0000] {logging_mixin.py:190} INFO -  Previous state of the Task instance: running
[2025-04-16T21:00:13.702+0000] {logging_mixin.py:190} INFO - Dag name:beer_data_processing queued_at:2025-04-16 21:00:00.188398+00:00
[2025-04-16T21:00:13.703+0000] {logging_mixin.py:190} INFO - Task hostname:3e53738720c8 operator:FileSensor
[2025-04-16T21:00:13.723+0000] {local_task_job_runner.py:266} INFO - Task exited with return code 0
[2025-04-16T21:00:13.791+0000] {taskinstance.py:3901} INFO - 1 downstream tasks scheduled from follow-on schedule check
[2025-04-16T21:00:13.794+0000] {local_task_job_runner.py:245} INFO - ::endgroup::
