[2025-04-16T17:00:13.201+0000] {local_task_job_runner.py:123} INFO - ::group::Pre task execution logs
[2025-04-16T17:00:13.239+0000] {taskinstance.py:2614} INFO - Dependencies all met for dep_context=non-requeueable deps ti=<TaskInstance: beer_data_processing.load_and_process_data scheduled__2025-04-16T16:00:00+00:00 [queued]>
[2025-04-16T17:00:13.257+0000] {taskinstance.py:2614} INFO - Dependencies all met for dep_context=requeueable deps ti=<TaskInstance: beer_data_processing.load_and_process_data scheduled__2025-04-16T16:00:00+00:00 [queued]>
[2025-04-16T17:00:13.258+0000] {taskinstance.py:2867} INFO - Starting attempt 1 of 6
[2025-04-16T17:00:13.286+0000] {taskinstance.py:2890} INFO - Executing <Task(PythonOperator): load_and_process_data> on 2025-04-16 16:00:00+00:00
[2025-04-16T17:00:13.305+0000] {standard_task_runner.py:104} INFO - Running: ['***', 'tasks', 'run', 'beer_data_processing', 'load_and_process_data', 'scheduled__2025-04-16T16:00:00+00:00', '--job-id', '699', '--raw', '--subdir', 'DAGS_FOLDER/beer_data_processing_dag.py', '--cfg-path', '/tmp/tmpqlbwo2ck']
[2025-04-16T17:00:13.308+0000] {standard_task_runner.py:105} INFO - Job 699: Subtask load_and_process_data
[2025-04-16T17:00:13.317+0000] {logging_mixin.py:190} WARNING - /home/***/.local/lib/python3.12/site-packages/***/task/task_runner/standard_task_runner.py:70 DeprecationWarning: This process (pid=11060) is multi-threaded, use of fork() may lead to deadlocks in the child.
[2025-04-16T17:00:13.319+0000] {standard_task_runner.py:72} INFO - Started process 11072 to run task
[2025-04-16T17:00:13.397+0000] {task_command.py:467} INFO - Running <TaskInstance: beer_data_processing.load_and_process_data scheduled__2025-04-16T16:00:00+00:00 [running]> on host 3e53738720c8
[2025-04-16T17:00:13.588+0000] {taskinstance.py:3134} INFO - Exporting env vars: AIRFLOW_CTX_DAG_OWNER='***' AIRFLOW_CTX_DAG_ID='beer_data_processing' AIRFLOW_CTX_TASK_ID='load_and_process_data' AIRFLOW_CTX_EXECUTION_DATE='2025-04-16T16:00:00+00:00' AIRFLOW_CTX_TRY_NUMBER='1' AIRFLOW_CTX_DAG_RUN_ID='scheduled__2025-04-16T16:00:00+00:00'
[2025-04-16T17:00:13.594+0000] {logging_mixin.py:190} INFO - Task instance is in running state
[2025-04-16T17:00:13.597+0000] {logging_mixin.py:190} INFO -  Previous state of the Task instance: queued
[2025-04-16T17:00:13.600+0000] {logging_mixin.py:190} INFO - Current task name:load_and_process_data state:running start_date:2025-04-16 17:00:13.241053+00:00
[2025-04-16T17:00:13.603+0000] {logging_mixin.py:190} INFO - Dag name:beer_data_processing and current dag run status:running
[2025-04-16T17:00:13.610+0000] {taskinstance.py:732} INFO - ::endgroup::
[2025-04-16T17:00:13.919+0000] {logging_mixin.py:190} INFO - Завантажено 3197 записів з CSV файлу
[2025-04-16T17:00:13.921+0000] {python.py:240} INFO - Done. Returned value was: True
[2025-04-16T17:00:13.965+0000] {taskinstance.py:341} INFO - ::group::Post task execution logs
[2025-04-16T17:00:13.967+0000] {taskinstance.py:353} INFO - Marking task as SUCCESS. dag_id=beer_data_processing, task_id=load_and_process_data, run_id=scheduled__2025-04-16T16:00:00+00:00, execution_date=20250416T160000, start_date=20250416T170013, end_date=20250416T170013
[2025-04-16T17:00:14.032+0000] {logging_mixin.py:190} INFO - Task instance in success state
[2025-04-16T17:00:14.035+0000] {logging_mixin.py:190} INFO -  Previous state of the Task instance: running
[2025-04-16T17:00:14.037+0000] {logging_mixin.py:190} INFO - Dag name:beer_data_processing queued_at:2025-04-16 17:00:00.441202+00:00
[2025-04-16T17:00:14.038+0000] {logging_mixin.py:190} INFO - Task hostname:3e53738720c8 operator:PythonOperator
[2025-04-16T17:00:14.062+0000] {local_task_job_runner.py:266} INFO - Task exited with return code 0
[2025-04-16T17:00:14.153+0000] {taskinstance.py:3901} INFO - 7 downstream tasks scheduled from follow-on schedule check
[2025-04-16T17:00:14.158+0000] {local_task_job_runner.py:245} INFO - ::endgroup::
