[2025-04-16T16:12:51.366+0000] {local_task_job_runner.py:123} INFO - ::group::Pre task execution logs
[2025-04-16T16:12:51.688+0000] {taskinstance.py:2614} INFO - Dependencies all met for dep_context=non-requeueable deps ti=<TaskInstance: beer_data_processing.create_dim_brewery scheduled__2025-04-16T15:00:00+00:00 [queued]>
[2025-04-16T16:12:51.747+0000] {taskinstance.py:2614} INFO - Dependencies all met for dep_context=requeueable deps ti=<TaskInstance: beer_data_processing.create_dim_brewery scheduled__2025-04-16T15:00:00+00:00 [queued]>
[2025-04-16T16:12:51.753+0000] {taskinstance.py:2867} INFO - Starting attempt 1 of 6
[2025-04-16T16:12:51.949+0000] {taskinstance.py:2890} INFO - Executing <Task(PythonOperator): create_dim_brewery> on 2025-04-16 15:00:00+00:00
[2025-04-16T16:12:52.192+0000] {logging_mixin.py:190} WARNING - /home/***/.local/lib/python3.12/site-packages/***/task/task_runner/standard_task_runner.py:70 DeprecationWarning: This process (pid=3405) is multi-threaded, use of fork() may lead to deadlocks in the child.
[2025-04-16T16:12:52.212+0000] {standard_task_runner.py:104} INFO - Running: ['***', 'tasks', 'run', 'beer_data_processing', 'create_dim_brewery', 'scheduled__2025-04-16T15:00:00+00:00', '--job-id', '675', '--raw', '--subdir', 'DAGS_FOLDER/beer_data_processing_dag.py', '--cfg-path', '/tmp/tmpmr9z29wo']
[2025-04-16T16:12:52.219+0000] {standard_task_runner.py:105} INFO - Job 675: Subtask create_dim_brewery
[2025-04-16T16:12:52.199+0000] {standard_task_runner.py:72} INFO - Started process 3574 to run task
[2025-04-16T16:12:52.791+0000] {task_command.py:467} INFO - Running <TaskInstance: beer_data_processing.create_dim_brewery scheduled__2025-04-16T15:00:00+00:00 [running]> on host 3e53738720c8
[2025-04-16T16:12:53.796+0000] {taskinstance.py:3134} INFO - Exporting env vars: AIRFLOW_CTX_DAG_OWNER='***' AIRFLOW_CTX_DAG_ID='beer_data_processing' AIRFLOW_CTX_TASK_ID='create_dim_brewery' AIRFLOW_CTX_EXECUTION_DATE='2025-04-16T15:00:00+00:00' AIRFLOW_CTX_TRY_NUMBER='1' AIRFLOW_CTX_DAG_RUN_ID='scheduled__2025-04-16T15:00:00+00:00'
[2025-04-16T16:12:53.861+0000] {logging_mixin.py:190} INFO - Task instance is in running state
[2025-04-16T16:12:53.863+0000] {logging_mixin.py:190} INFO -  Previous state of the Task instance: queued
[2025-04-16T16:12:53.870+0000] {logging_mixin.py:190} INFO - Current task name:create_dim_brewery state:running start_date:2025-04-16 16:12:51.691929+00:00
[2025-04-16T16:12:53.872+0000] {logging_mixin.py:190} INFO - Dag name:beer_data_processing and current dag run status:running
[2025-04-16T16:12:53.878+0000] {taskinstance.py:732} INFO - ::endgroup::
[2025-04-16T16:12:55.699+0000] {base.py:84} INFO - Retrieving connection 'postgres_conn'
[2025-04-16T16:12:57.056+0000] {logging_mixin.py:190} INFO - Створено датасет dim_brewery з 935 записами
[2025-04-16T16:12:57.066+0000] {python.py:240} INFO - Done. Returned value was: True
[2025-04-16T16:12:57.190+0000] {taskinstance.py:341} INFO - ::group::Post task execution logs
[2025-04-16T16:12:57.193+0000] {taskinstance.py:353} INFO - Marking task as SUCCESS. dag_id=beer_data_processing, task_id=create_dim_brewery, run_id=scheduled__2025-04-16T15:00:00+00:00, execution_date=20250416T150000, start_date=20250416T161251, end_date=20250416T161257
[2025-04-16T16:12:57.314+0000] {logging_mixin.py:190} INFO - Task instance in success state
[2025-04-16T16:12:57.323+0000] {logging_mixin.py:190} INFO -  Previous state of the Task instance: running
[2025-04-16T16:12:57.327+0000] {logging_mixin.py:190} INFO - Dag name:beer_data_processing queued_at:2025-04-16 16:00:01.637110+00:00
[2025-04-16T16:12:57.330+0000] {logging_mixin.py:190} INFO - Task hostname:3e53738720c8 operator:PythonOperator
[2025-04-16T16:12:57.522+0000] {local_task_job_runner.py:266} INFO - Task exited with return code 0
[2025-04-16T16:12:57.594+0000] {local_task_job_runner.py:245} INFO - ::endgroup::
