[2025-04-16T19:00:22.461+0000] {local_task_job_runner.py:123} INFO - ::group::Pre task execution logs
[2025-04-16T19:00:22.669+0000] {taskinstance.py:2614} INFO - Dependencies all met for dep_context=non-requeueable deps ti=<TaskInstance: beer_data_processing.create_dim_style_table scheduled__2025-04-16T18:00:00+00:00 [queued]>
[2025-04-16T19:00:22.734+0000] {taskinstance.py:2614} INFO - Dependencies all met for dep_context=requeueable deps ti=<TaskInstance: beer_data_processing.create_dim_style_table scheduled__2025-04-16T18:00:00+00:00 [queued]>
[2025-04-16T19:00:22.740+0000] {taskinstance.py:2867} INFO - Starting attempt 1 of 6
[2025-04-16T19:00:22.841+0000] {taskinstance.py:2890} INFO - Executing <Task(SQLExecuteQueryOperator): create_dim_style_table> on 2025-04-16 18:00:00+00:00
[2025-04-16T19:00:23.167+0000] {logging_mixin.py:190} WARNING - /home/***/.local/lib/python3.12/site-packages/***/task/task_runner/standard_task_runner.py:70 DeprecationWarning: This process (pid=81751) is multi-threaded, use of fork() may lead to deadlocks in the child.
[2025-04-16T19:00:23.256+0000] {standard_task_runner.py:72} INFO - Started process 81872 to run task
[2025-04-16T19:00:23.243+0000] {standard_task_runner.py:104} INFO - Running: ['***', 'tasks', 'run', 'beer_data_processing', 'create_dim_style_table', 'scheduled__2025-04-16T18:00:00+00:00', '--job-id', '747', '--raw', '--subdir', 'DAGS_FOLDER/beer_data_processing_dag.py', '--cfg-path', '/tmp/tmpgrv0pulw']
[2025-04-16T19:00:23.282+0000] {standard_task_runner.py:105} INFO - Job 747: Subtask create_dim_style_table
[2025-04-16T19:00:25.270+0000] {task_command.py:467} INFO - Running <TaskInstance: beer_data_processing.create_dim_style_table scheduled__2025-04-16T18:00:00+00:00 [running]> on host 3e53738720c8
[2025-04-16T19:00:26.439+0000] {taskinstance.py:3134} INFO - Exporting env vars: AIRFLOW_CTX_DAG_OWNER='***' AIRFLOW_CTX_DAG_ID='beer_data_processing' AIRFLOW_CTX_TASK_ID='create_dim_style_table' AIRFLOW_CTX_EXECUTION_DATE='2025-04-16T18:00:00+00:00' AIRFLOW_CTX_TRY_NUMBER='1' AIRFLOW_CTX_DAG_RUN_ID='scheduled__2025-04-16T18:00:00+00:00'
[2025-04-16T19:00:26.540+0000] {logging_mixin.py:190} INFO - Task instance is in running state
[2025-04-16T19:00:26.542+0000] {logging_mixin.py:190} INFO -  Previous state of the Task instance: queued
[2025-04-16T19:00:26.546+0000] {logging_mixin.py:190} INFO - Current task name:create_dim_style_table state:running start_date:2025-04-16 19:00:22.672822+00:00
[2025-04-16T19:00:26.550+0000] {logging_mixin.py:190} INFO - Dag name:beer_data_processing and current dag run status:running
[2025-04-16T19:00:26.558+0000] {taskinstance.py:732} INFO - ::endgroup::
[2025-04-16T19:00:26.561+0000] {sql.py:295} INFO - Executing: 
    CREATE TABLE IF NOT EXISTS dim_style (
        style_id SERIAL PRIMARY KEY,
        style_name VARCHAR(255) NOT NULL UNIQUE
    );
    
[2025-04-16T19:00:26.634+0000] {base.py:84} INFO - Retrieving connection 'postgres_conn'
[2025-04-16T19:00:26.715+0000] {base.py:84} INFO - Retrieving connection 'postgres_conn'
[2025-04-16T19:00:26.748+0000] {sql.py:511} INFO - Running statement: 
    CREATE TABLE IF NOT EXISTS dim_style (
        style_id SERIAL PRIMARY KEY,
        style_name VARCHAR(255) NOT NULL UNIQUE
    );
    , parameters: None
[2025-04-16T19:00:26.801+0000] {logging_mixin.py:190} WARNING - /home/***/.local/lib/python3.12/site-packages/***/providers/common/sql/hooks/sql.py:470 DeprecationWarning: Import of fetch_all_handler from the '***.providers.common.sql.hooks' module is deprecated and will
be removed in the future. Please import it from '***.providers.common.sql.hooks.handlers'.
[2025-04-16T19:00:26.821+0000] {logging_mixin.py:190} WARNING - /home/***/.local/lib/python3.12/site-packages/***/providers/common/sql/hooks/sql.py:471 DeprecationWarning: Import of return_single_query_results from the '***.providers.common.sql.hooks' module is deprecated and will
be removed in the future. Please import it from '***.providers.common.sql.hooks.handlers'.
[2025-04-16T19:00:26.837+0000] {logging_mixin.py:190} WARNING - /home/***/.local/lib/python3.12/site-packages/***/providers/common/sql/hooks/sql.py:486 DeprecationWarning: Import of return_single_query_results from the '***.providers.common.sql.hooks' module is deprecated and will
be removed in the future. Please import it from '***.providers.common.sql.hooks.handlers'.
[2025-04-16T19:00:26.846+0000] {logging_mixin.py:190} WARNING - /home/***/.local/lib/python3.12/site-packages/***/providers/common/sql/operators/sql.py:311 DeprecationWarning: Import of return_single_query_results from the '***.providers.common.sql.hooks' module is deprecated and will
be removed in the future. Please import it from '***.providers.common.sql.hooks.handlers'.
[2025-04-16T19:00:26.904+0000] {taskinstance.py:341} INFO - ::group::Post task execution logs
[2025-04-16T19:00:26.907+0000] {taskinstance.py:353} INFO - Marking task as SUCCESS. dag_id=beer_data_processing, task_id=create_dim_style_table, run_id=scheduled__2025-04-16T18:00:00+00:00, execution_date=20250416T180000, start_date=20250416T190022, end_date=20250416T190026
[2025-04-16T19:00:27.178+0000] {logging_mixin.py:190} INFO - Task instance in success state
[2025-04-16T19:00:27.180+0000] {logging_mixin.py:190} INFO -  Previous state of the Task instance: running
[2025-04-16T19:00:27.182+0000] {logging_mixin.py:190} INFO - Dag name:beer_data_processing queued_at:2025-04-16 19:00:01.035553+00:00
[2025-04-16T19:00:27.183+0000] {logging_mixin.py:190} INFO - Task hostname:3e53738720c8 operator:SQLExecuteQueryOperator
[2025-04-16T19:00:27.304+0000] {local_task_job_runner.py:266} INFO - Task exited with return code 0
[2025-04-16T19:00:27.341+0000] {local_task_job_runner.py:245} INFO - ::endgroup::
