[2025-04-17T12:39:45.691+0000] {local_task_job_runner.py:123} INFO - ::group::Pre task execution logs
[2025-04-17T12:39:45.743+0000] {taskinstance.py:2614} INFO - Dependencies all met for dep_context=non-requeueable deps ti=<TaskInstance: beer_data_processing.check_file_exists manual__2025-04-17T12:39:29.171572+00:00 [queued]>
[2025-04-17T12:39:45.778+0000] {taskinstance.py:2614} INFO - Dependencies all met for dep_context=requeueable deps ti=<TaskInstance: beer_data_processing.check_file_exists manual__2025-04-17T12:39:29.171572+00:00 [queued]>
[2025-04-17T12:39:45.780+0000] {taskinstance.py:2867} INFO - Starting attempt 1 of 6
[2025-04-17T12:39:45.836+0000] {taskinstance.py:2890} INFO - Executing <Task(FileSensor): check_file_exists> on 2025-04-17 12:39:29.171572+00:00
[2025-04-17T12:39:45.901+0000] {logging_mixin.py:190} WARNING - /home/***/.local/lib/python3.12/site-packages/***/task/task_runner/standard_task_runner.py:70 DeprecationWarning: This process (pid=6090) is multi-threaded, use of fork() may lead to deadlocks in the child.
[2025-04-17T12:39:45.901+0000] {standard_task_runner.py:104} INFO - Running: ['***', 'tasks', 'run', 'beer_data_processing', 'check_file_exists', 'manual__2025-04-17T12:39:29.171572+00:00', '--job-id', '1018', '--raw', '--subdir', 'DAGS_FOLDER/beer_data_processing_dag.py', '--cfg-path', '/tmp/tmp7b3zgwqu']
[2025-04-17T12:39:45.905+0000] {standard_task_runner.py:72} INFO - Started process 6168 to run task
[2025-04-17T12:39:45.905+0000] {standard_task_runner.py:105} INFO - Job 1018: Subtask check_file_exists
[2025-04-17T12:39:46.071+0000] {task_command.py:467} INFO - Running <TaskInstance: beer_data_processing.check_file_exists manual__2025-04-17T12:39:29.171572+00:00 [running]> on host a0d0456bae2c
[2025-04-17T12:39:46.381+0000] {taskinstance.py:3134} INFO - Exporting env vars: AIRFLOW_CTX_DAG_OWNER='***' AIRFLOW_CTX_DAG_ID='beer_data_processing' AIRFLOW_CTX_TASK_ID='check_file_exists' AIRFLOW_CTX_EXECUTION_DATE='2025-04-17T12:39:29.171572+00:00' AIRFLOW_CTX_TRY_NUMBER='1' AIRFLOW_CTX_DAG_RUN_ID='manual__2025-04-17T12:39:29.171572+00:00'
[2025-04-17T12:39:46.388+0000] {logging_mixin.py:190} INFO - Task instance is in running state
[2025-04-17T12:39:46.390+0000] {logging_mixin.py:190} INFO -  Previous state of the Task instance: queued
[2025-04-17T12:39:46.391+0000] {logging_mixin.py:190} INFO - Current task name:check_file_exists state:running start_date:2025-04-17 12:39:45.745055+00:00
[2025-04-17T12:39:46.392+0000] {logging_mixin.py:190} INFO - Dag name:beer_data_processing and current dag run status:running
[2025-04-17T12:39:46.397+0000] {taskinstance.py:732} INFO - ::endgroup::
[2025-04-17T12:39:46.401+0000] {baseoperator.py:423} WARNING - FileSensor.execute cannot be called outside TaskInstance!
[2025-04-17T12:39:46.427+0000] {base.py:84} INFO - Retrieving connection 'dataset_folder'
[2025-04-17T12:39:46.429+0000] {filesystem.py:109} INFO - Poking for file /opt/***/dags/data/beer_profile_and_ratings.csv
[2025-04-17T12:39:46.449+0000] {filesystem.py:113} INFO - Found File /opt/***/dags/data/beer_profile_and_ratings.csv last modified: 20250416145823
[2025-04-17T12:39:46.451+0000] {base.py:339} INFO - Success criteria met. Exiting.
[2025-04-17T12:39:46.452+0000] {filesystem.py:109} INFO - Poking for file /opt/***/dags/data/beer_profile_and_ratings.csv
[2025-04-17T12:39:46.465+0000] {filesystem.py:113} INFO - Found File /opt/***/dags/data/beer_profile_and_ratings.csv last modified: 20250416145823
[2025-04-17T12:39:46.492+0000] {taskinstance.py:341} INFO - ::group::Post task execution logs
[2025-04-17T12:39:46.493+0000] {taskinstance.py:353} INFO - Marking task as SUCCESS. dag_id=beer_data_processing, task_id=check_file_exists, run_id=manual__2025-04-17T12:39:29.171572+00:00, execution_date=20250417T123929, start_date=20250417T123945, end_date=20250417T123946
[2025-04-17T12:39:46.588+0000] {logging_mixin.py:190} INFO - Task instance in success state
[2025-04-17T12:39:46.590+0000] {logging_mixin.py:190} INFO -  Previous state of the Task instance: running
[2025-04-17T12:39:46.591+0000] {logging_mixin.py:190} INFO - Dag name:beer_data_processing queued_at:2025-04-17 12:39:29.407696+00:00
[2025-04-17T12:39:46.592+0000] {logging_mixin.py:190} INFO - Task hostname:a0d0456bae2c operator:FileSensor
[2025-04-17T12:39:46.659+0000] {local_task_job_runner.py:266} INFO - Task exited with return code 0
[2025-04-17T12:39:46.829+0000] {taskinstance.py:3901} INFO - 1 downstream tasks scheduled from follow-on schedule check
[2025-04-17T12:39:46.835+0000] {local_task_job_runner.py:245} INFO - ::endgroup::
