[2025-04-17T12:19:15.108+0000] {local_task_job_runner.py:123} INFO - ::group::Pre task execution logs
[2025-04-17T12:19:15.470+0000] {taskinstance.py:2614} INFO - Dependencies all met for dep_context=non-requeueable deps ti=<TaskInstance: beer_data_processing.create_merged_data scheduled__2025-04-17T02:00:00+00:00 [queued]>
[2025-04-17T12:19:15.553+0000] {taskinstance.py:2614} INFO - Dependencies all met for dep_context=requeueable deps ti=<TaskInstance: beer_data_processing.create_merged_data scheduled__2025-04-17T02:00:00+00:00 [queued]>
[2025-04-17T12:19:15.556+0000] {taskinstance.py:2867} INFO - Starting attempt 1 of 6
[2025-04-17T12:19:15.703+0000] {taskinstance.py:2890} INFO - Executing <Task(PythonOperator): create_merged_data> on 2025-04-17 02:00:00+00:00
[2025-04-17T12:19:16.206+0000] {standard_task_runner.py:104} INFO - Running: ['***', 'tasks', 'run', 'beer_data_processing', 'create_merged_data', 'scheduled__2025-04-17T02:00:00+00:00', '--job-id', '960', '--raw', '--subdir', 'DAGS_FOLDER/beer_data_processing_dag.py', '--cfg-path', '/tmp/tmpfr4tarz2']
[2025-04-17T12:19:16.254+0000] {standard_task_runner.py:105} INFO - Job 960: Subtask create_merged_data
[2025-04-17T12:19:16.280+0000] {logging_mixin.py:190} WARNING - /home/***/.local/lib/python3.12/site-packages/***/task/task_runner/standard_task_runner.py:70 DeprecationWarning: This process (pid=1794) is multi-threaded, use of fork() may lead to deadlocks in the child.
[2025-04-17T12:19:16.316+0000] {standard_task_runner.py:72} INFO - Started process 2104 to run task
[2025-04-17T12:19:19.466+0000] {task_command.py:467} INFO - Running <TaskInstance: beer_data_processing.create_merged_data scheduled__2025-04-17T02:00:00+00:00 [running]> on host a0d0456bae2c
[2025-04-17T12:19:21.779+0000] {taskinstance.py:3134} INFO - Exporting env vars: AIRFLOW_CTX_DAG_OWNER='***' AIRFLOW_CTX_DAG_ID='beer_data_processing' AIRFLOW_CTX_TASK_ID='create_merged_data' AIRFLOW_CTX_EXECUTION_DATE='2025-04-17T02:00:00+00:00' AIRFLOW_CTX_TRY_NUMBER='1' AIRFLOW_CTX_DAG_RUN_ID='scheduled__2025-04-17T02:00:00+00:00'
[2025-04-17T12:19:21.893+0000] {logging_mixin.py:190} INFO - Task instance is in running state
[2025-04-17T12:19:21.894+0000] {logging_mixin.py:190} INFO -  Previous state of the Task instance: queued
[2025-04-17T12:19:21.895+0000] {logging_mixin.py:190} INFO - Current task name:create_merged_data state:running start_date:2025-04-17 12:19:15.474636+00:00
[2025-04-17T12:19:21.897+0000] {logging_mixin.py:190} INFO - Dag name:beer_data_processing and current dag run status:running
[2025-04-17T12:19:21.898+0000] {taskinstance.py:732} INFO - ::endgroup::
[2025-04-17T12:19:23.903+0000] {logging_mixin.py:190} INFO - Applied MinMax scaling to ['review_aroma', 'review_appearance', 'review_palate', 'review_taste', 'review_overall']
[2025-04-17T12:19:24.076+0000] {logging_mixin.py:190} INFO - Applied Robust scaling to ['ABV', 'Min IBU', 'Max IBU', 'number_of_reviews']
[2025-04-17T12:19:24.372+0000] {logging_mixin.py:190} INFO - Warning: Could not apply Proportion normalization: No columns to parse from file
[2025-04-17T12:19:25.138+0000] {logging_mixin.py:190} INFO - Sample of merged data (first row, transposed):
[2025-04-17T12:19:25.387+0000] {logging_mixin.py:190} INFO -                                                            0
Name                                                   # 100
Style                                  Barleywine - American
Brewery            Nøgne Ø - Det Kompromissløse Bryggeri A/S
Astringency                                               18
Body                                                      70
Alcohol                                                   43
Bitter                                                    85
Sweet                                                     92
Sour                                                      26
Salty                                                      1
Fruits                                                    53
Hoppy                                                     95
Spices                                                    15
Malty                                                    113
review_aroma                                        0.717441
review_appearance                                   0.834263
review_palate                                       0.753617
review_taste                                        0.760689
review_overall                                      0.731085
ABV                                                 1.538462
Min IBU                                                  4.0
Max IBU                                                 3.25
number_of_reviews                                   0.478927
[2025-04-17T12:19:25.507+0000] {python.py:240} INFO - Done. Returned value was: True
[2025-04-17T12:19:25.701+0000] {taskinstance.py:341} INFO - ::group::Post task execution logs
[2025-04-17T12:19:25.708+0000] {taskinstance.py:353} INFO - Marking task as SUCCESS. dag_id=beer_data_processing, task_id=create_merged_data, run_id=scheduled__2025-04-17T02:00:00+00:00, execution_date=20250417T020000, start_date=20250417T121915, end_date=20250417T121925
[2025-04-17T12:19:26.553+0000] {logging_mixin.py:190} INFO - Task instance in success state
[2025-04-17T12:19:26.555+0000] {logging_mixin.py:190} INFO -  Previous state of the Task instance: running
[2025-04-17T12:19:26.557+0000] {logging_mixin.py:190} INFO - Dag name:beer_data_processing queued_at:2025-04-17 11:36:03.845239+00:00
[2025-04-17T12:19:26.558+0000] {logging_mixin.py:190} INFO - Task hostname:a0d0456bae2c operator:PythonOperator
[2025-04-17T12:19:26.649+0000] {local_task_job_runner.py:266} INFO - Task exited with return code 0
[2025-04-17T12:19:26.847+0000] {taskinstance.py:3901} INFO - 4 downstream tasks scheduled from follow-on schedule check
[2025-04-17T12:19:26.851+0000] {local_task_job_runner.py:245} INFO - ::endgroup::
