[2025-04-10T10:34:16.227+0000] {local_task_job_runner.py:123} INFO - ::group::Pre task execution logs
[2025-04-10T10:34:16.357+0000] {taskinstance.py:2614} INFO - Dependencies all met for dep_context=non-requeueable deps ti=<TaskInstance: beer_data_processing.create_fact_table manual__2025-04-10T10:26:22.960711+00:00 [queued]>
[2025-04-10T10:34:16.621+0000] {taskinstance.py:2614} INFO - Dependencies all met for dep_context=requeueable deps ti=<TaskInstance: beer_data_processing.create_fact_table manual__2025-04-10T10:26:22.960711+00:00 [queued]>
[2025-04-10T10:34:16.624+0000] {taskinstance.py:2867} INFO - Starting attempt 1 of 6
[2025-04-10T10:34:16.702+0000] {taskinstance.py:2890} INFO - Executing <Task(PythonOperator): create_fact_table> on 2025-04-10 10:26:22.960711+00:00
[2025-04-10T10:34:16.863+0000] {logging_mixin.py:190} WARNING - /home/***/.local/lib/python3.12/site-packages/***/task/task_runner/standard_task_runner.py:70 DeprecationWarning: This process (pid=36351) is multi-threaded, use of fork() may lead to deadlocks in the child.
[2025-04-10T10:34:16.864+0000] {standard_task_runner.py:104} INFO - Running: ['***', 'tasks', 'run', 'beer_data_processing', 'create_fact_table', 'manual__2025-04-10T10:26:22.960711+00:00', '--job-id', '241', '--raw', '--subdir', 'DAGS_FOLDER/beer_data_processing_dag.py', '--cfg-path', '/tmp/tmp1qu8tm1d']
[2025-04-10T10:34:16.871+0000] {standard_task_runner.py:105} INFO - Job 241: Subtask create_fact_table
[2025-04-10T10:34:16.875+0000] {standard_task_runner.py:72} INFO - Started process 36468 to run task
[2025-04-10T10:34:17.928+0000] {task_command.py:467} INFO - Running <TaskInstance: beer_data_processing.create_fact_table manual__2025-04-10T10:26:22.960711+00:00 [running]> on host abcc0ba2292b
[2025-04-10T10:34:19.485+0000] {taskinstance.py:3134} INFO - Exporting env vars: AIRFLOW_CTX_DAG_OWNER='***' AIRFLOW_CTX_DAG_ID='beer_data_processing' AIRFLOW_CTX_TASK_ID='create_fact_table' AIRFLOW_CTX_EXECUTION_DATE='2025-04-10T10:26:22.960711+00:00' AIRFLOW_CTX_TRY_NUMBER='1' AIRFLOW_CTX_DAG_RUN_ID='manual__2025-04-10T10:26:22.960711+00:00'
[2025-04-10T10:34:19.538+0000] {logging_mixin.py:190} INFO - Task instance is in running state
[2025-04-10T10:34:19.549+0000] {logging_mixin.py:190} INFO -  Previous state of the Task instance: queued
[2025-04-10T10:34:19.567+0000] {logging_mixin.py:190} INFO - Current task name:create_fact_table state:running start_date:2025-04-10 10:34:16.536002+00:00
[2025-04-10T10:34:19.576+0000] {logging_mixin.py:190} INFO - Dag name:beer_data_processing and current dag run status:running
[2025-04-10T10:34:19.583+0000] {taskinstance.py:732} INFO - ::endgroup::
[2025-04-10T10:34:21.203+0000] {logging_mixin.py:190} WARNING - /opt/***/dags/beer_data_processing_dag.py:190 FutureWarning: Passing literal json to 'read_json' is deprecated and will be removed in a future version. To read from a literal string, wrap it in a 'StringIO' object.
[2025-04-10T10:34:25.244+0000] {base.py:84} INFO - Retrieving connection 'postgres_conn'
[2025-04-10T10:34:43.003+0000] {logging_mixin.py:190} INFO - Створено факт-таблицю з 3197 записами
[2025-04-10T10:34:43.587+0000] {python.py:240} INFO - Done. Returned value was: True
[2025-04-10T10:34:46.519+0000] {job.py:229} INFO - Heartbeat recovered after 10.67 seconds
[2025-04-10T10:34:57.692+0000] {taskinstance.py:341} INFO - ::group::Post task execution logs
[2025-04-10T10:34:59.159+0000] {taskinstance.py:353} INFO - Marking task as SUCCESS. dag_id=beer_data_processing, task_id=create_fact_table, run_id=manual__2025-04-10T10:26:22.960711+00:00, execution_date=20250410T102622, start_date=20250410T103416, end_date=20250410T103459
[2025-04-10T10:34:59.934+0000] {job.py:229} INFO - Heartbeat recovered after 14.78 seconds
[2025-04-10T10:35:01.453+0000] {logging_mixin.py:190} INFO - Task instance in success state
[2025-04-10T10:35:01.463+0000] {logging_mixin.py:190} INFO -  Previous state of the Task instance: running
[2025-04-10T10:35:01.472+0000] {logging_mixin.py:190} INFO - Dag name:beer_data_processing queued_at:2025-04-10 10:26:23.276188+00:00
[2025-04-10T10:35:01.486+0000] {logging_mixin.py:190} INFO - Task hostname:abcc0ba2292b operator:PythonOperator
[2025-04-10T10:35:12.873+0000] {local_task_job_runner.py:266} INFO - Task exited with return code 0
[2025-04-10T10:35:14.010+0000] {standard_task_runner.py:217} INFO - Process not found (most likely exited), stop collecting metrics
[2025-04-10T10:35:16.567+0000] {local_task_job_runner.py:245} INFO - ::endgroup::
