[2025-04-17T12:28:59.290+0000] {local_task_job_runner.py:123} INFO - ::group::Pre task execution logs
[2025-04-17T12:28:59.531+0000] {taskinstance.py:2614} INFO - Dependencies all met for dep_context=non-requeueable deps ti=<TaskInstance: beer_data_processing.create_dim_brewery scheduled__2025-04-17T05:00:00+00:00 [queued]>
[2025-04-17T12:28:59.962+0000] {taskinstance.py:2614} INFO - Dependencies all met for dep_context=requeueable deps ti=<TaskInstance: beer_data_processing.create_dim_brewery scheduled__2025-04-17T05:00:00+00:00 [queued]>
[2025-04-17T12:28:59.974+0000] {taskinstance.py:2867} INFO - Starting attempt 1 of 6
[2025-04-17T12:29:00.734+0000] {taskinstance.py:2890} INFO - Executing <Task(PythonOperator): create_dim_brewery> on 2025-04-17 05:00:00+00:00
[2025-04-17T12:29:02.063+0000] {logging_mixin.py:190} WARNING - /home/***/.local/lib/python3.12/site-packages/***/task/task_runner/standard_task_runner.py:70 DeprecationWarning: This process (pid=3395) is multi-threaded, use of fork() may lead to deadlocks in the child.
[2025-04-17T12:29:02.148+0000] {standard_task_runner.py:72} INFO - Started process 3572 to run task
[2025-04-17T12:29:02.542+0000] {standard_task_runner.py:104} INFO - Running: ['***', 'tasks', 'run', 'beer_data_processing', 'create_dim_brewery', 'scheduled__2025-04-17T05:00:00+00:00', '--job-id', '1006', '--raw', '--subdir', 'DAGS_FOLDER/beer_data_processing_dag.py', '--cfg-path', '/tmp/tmplfv5oogv']
[2025-04-17T12:29:02.751+0000] {standard_task_runner.py:105} INFO - Job 1006: Subtask create_dim_brewery
[2025-04-17T12:30:13.806+0000] {job.py:229} INFO - Heartbeat recovered after 78.05 seconds
[2025-04-17T12:30:42.176+0000] {task_command.py:467} INFO - Running <TaskInstance: beer_data_processing.create_dim_brewery scheduled__2025-04-17T05:00:00+00:00 [running]> on host a0d0456bae2c
[2025-04-17T12:31:00.011+0000] {job.py:229} INFO - Heartbeat recovered after 47.73 seconds
[2025-04-17T12:31:07.411+0000] {taskinstance.py:3134} INFO - Exporting env vars: AIRFLOW_CTX_DAG_OWNER='***' AIRFLOW_CTX_DAG_ID='beer_data_processing' AIRFLOW_CTX_TASK_ID='create_dim_brewery' AIRFLOW_CTX_EXECUTION_DATE='2025-04-17T05:00:00+00:00' AIRFLOW_CTX_TRY_NUMBER='1' AIRFLOW_CTX_DAG_RUN_ID='scheduled__2025-04-17T05:00:00+00:00'
[2025-04-17T12:31:09.565+0000] {logging_mixin.py:190} INFO - Task instance is in running state
[2025-04-17T12:31:09.679+0000] {logging_mixin.py:190} INFO -  Previous state of the Task instance: queued
[2025-04-17T12:31:09.749+0000] {logging_mixin.py:190} INFO - Current task name:create_dim_brewery state:running start_date:2025-04-17 12:28:59.597025+00:00
[2025-04-17T12:31:09.779+0000] {logging_mixin.py:190} INFO - Dag name:beer_data_processing and current dag run status:running
[2025-04-17T12:31:09.908+0000] {taskinstance.py:732} INFO - ::endgroup::
[2025-04-17T12:31:19.322+0000] {job.py:229} INFO - Heartbeat recovered after 11.56 seconds
[2025-04-17T12:32:08.121+0000] {job.py:229} INFO - Heartbeat recovered after 48.88 seconds
[2025-04-17T12:32:15.123+0000] {base.py:84} INFO - Retrieving connection 'postgres_conn'
[2025-04-17T12:32:17.917+0000] {job.py:229} INFO - Heartbeat recovered after 18.24 seconds
[2025-04-17T12:32:21.765+0000] {logging_mixin.py:190} INFO - Створено датасет dim_brewery з 935 записами
[2025-04-17T12:32:21.958+0000] {python.py:240} INFO - Done. Returned value was: True
[2025-04-17T12:32:29.262+0000] {taskinstance.py:341} INFO - ::group::Post task execution logs
[2025-04-17T12:32:29.351+0000] {taskinstance.py:353} INFO - Marking task as SUCCESS. dag_id=beer_data_processing, task_id=create_dim_brewery, run_id=scheduled__2025-04-17T05:00:00+00:00, execution_date=20250417T050000, start_date=20250417T122859, end_date=20250417T123229
[2025-04-17T12:32:30.256+0000] {logging_mixin.py:190} INFO - Task instance in success state
[2025-04-17T12:32:30.266+0000] {logging_mixin.py:190} INFO -  Previous state of the Task instance: running
[2025-04-17T12:32:30.291+0000] {logging_mixin.py:190} INFO - Dag name:beer_data_processing queued_at:2025-04-17 11:36:11.494718+00:00
[2025-04-17T12:32:30.321+0000] {logging_mixin.py:190} INFO - Task hostname:a0d0456bae2c operator:PythonOperator
[2025-04-17T12:32:31.370+0000] {local_task_job_runner.py:266} INFO - Task exited with return code 0
[2025-04-17T12:32:33.471+0000] {taskinstance.py:3901} INFO - 0 downstream tasks scheduled from follow-on schedule check
[2025-04-17T12:32:33.602+0000] {local_task_job_runner.py:245} INFO - ::endgroup::
[2025-04-17T12:32:33.915+0000] {standard_task_runner.py:217} INFO - Process not found (most likely exited), stop collecting metrics
