[2025-04-16T21:49:38.934+0000] {local_task_job_runner.py:123} INFO - ::group::Pre task execution logs
[2025-04-16T21:49:38.970+0000] {taskinstance.py:2614} INFO - Dependencies all met for dep_context=non-requeueable deps ti=<TaskInstance: beer_data_processing.check_file_exists manual__2025-04-16T21:49:33.580918+00:00 [queued]>
[2025-04-16T21:49:38.992+0000] {taskinstance.py:2614} INFO - Dependencies all met for dep_context=requeueable deps ti=<TaskInstance: beer_data_processing.check_file_exists manual__2025-04-16T21:49:33.580918+00:00 [queued]>
[2025-04-16T21:49:38.994+0000] {taskinstance.py:2867} INFO - Starting attempt 1 of 6
[2025-04-16T21:49:39.028+0000] {taskinstance.py:2890} INFO - Executing <Task(FileSensor): check_file_exists> on 2025-04-16 21:49:33.580918+00:00
[2025-04-16T21:49:39.057+0000] {standard_task_runner.py:104} INFO - Running: ['***', 'tasks', 'run', 'beer_data_processing', 'check_file_exists', 'manual__2025-04-16T21:49:33.580918+00:00', '--job-id', '826', '--raw', '--subdir', 'DAGS_FOLDER/beer_data_processing_dag.py', '--cfg-path', '/tmp/tmpq5grdgq3']
[2025-04-16T21:49:39.061+0000] {standard_task_runner.py:105} INFO - Job 826: Subtask check_file_exists
[2025-04-16T21:49:39.073+0000] {logging_mixin.py:190} WARNING - /home/***/.local/lib/python3.12/site-packages/***/task/task_runner/standard_task_runner.py:70 DeprecationWarning: This process (pid=6531) is multi-threaded, use of fork() may lead to deadlocks in the child.
[2025-04-16T21:49:39.074+0000] {standard_task_runner.py:72} INFO - Started process 6602 to run task
[2025-04-16T21:49:39.162+0000] {task_command.py:467} INFO - Running <TaskInstance: beer_data_processing.check_file_exists manual__2025-04-16T21:49:33.580918+00:00 [running]> on host a0d0456bae2c
[2025-04-16T21:49:39.354+0000] {taskinstance.py:3134} INFO - Exporting env vars: AIRFLOW_CTX_DAG_OWNER='***' AIRFLOW_CTX_DAG_ID='beer_data_processing' AIRFLOW_CTX_TASK_ID='check_file_exists' AIRFLOW_CTX_EXECUTION_DATE='2025-04-16T21:49:33.580918+00:00' AIRFLOW_CTX_TRY_NUMBER='1' AIRFLOW_CTX_DAG_RUN_ID='manual__2025-04-16T21:49:33.580918+00:00'
[2025-04-16T21:49:39.357+0000] {logging_mixin.py:190} INFO - Task instance is in running state
[2025-04-16T21:49:39.358+0000] {logging_mixin.py:190} INFO -  Previous state of the Task instance: queued
[2025-04-16T21:49:39.360+0000] {logging_mixin.py:190} INFO - Current task name:check_file_exists state:running start_date:2025-04-16 21:49:38.971577+00:00
[2025-04-16T21:49:39.361+0000] {logging_mixin.py:190} INFO - Dag name:beer_data_processing and current dag run status:running
[2025-04-16T21:49:39.362+0000] {taskinstance.py:732} INFO - ::endgroup::
[2025-04-16T21:49:39.364+0000] {baseoperator.py:423} WARNING - FileSensor.execute cannot be called outside TaskInstance!
[2025-04-16T21:49:39.383+0000] {base.py:84} INFO - Retrieving connection 'dataset_folder'
[2025-04-16T21:49:39.385+0000] {filesystem.py:109} INFO - Poking for file /opt/***/dags/data/beer_profile_and_ratings.csv
[2025-04-16T21:49:39.396+0000] {filesystem.py:113} INFO - Found File /opt/***/dags/data/beer_profile_and_ratings.csv last modified: 20250416145823
[2025-04-16T21:49:39.398+0000] {base.py:339} INFO - Success criteria met. Exiting.
[2025-04-16T21:49:39.399+0000] {filesystem.py:109} INFO - Poking for file /opt/***/dags/data/beer_profile_and_ratings.csv
[2025-04-16T21:49:39.411+0000] {filesystem.py:113} INFO - Found File /opt/***/dags/data/beer_profile_and_ratings.csv last modified: 20250416145823
[2025-04-16T21:49:39.431+0000] {taskinstance.py:341} INFO - ::group::Post task execution logs
[2025-04-16T21:49:39.432+0000] {taskinstance.py:353} INFO - Marking task as SUCCESS. dag_id=beer_data_processing, task_id=check_file_exists, run_id=manual__2025-04-16T21:49:33.580918+00:00, execution_date=20250416T214933, start_date=20250416T214938, end_date=20250416T214939
[2025-04-16T21:49:39.478+0000] {logging_mixin.py:190} INFO - Task instance in success state
[2025-04-16T21:49:39.480+0000] {logging_mixin.py:190} INFO -  Previous state of the Task instance: running
[2025-04-16T21:49:39.481+0000] {logging_mixin.py:190} INFO - Dag name:beer_data_processing queued_at:2025-04-16 21:49:33.738904+00:00
[2025-04-16T21:49:39.482+0000] {logging_mixin.py:190} INFO - Task hostname:a0d0456bae2c operator:FileSensor
[2025-04-16T21:49:39.536+0000] {local_task_job_runner.py:266} INFO - Task exited with return code 0
[2025-04-16T21:49:39.618+0000] {taskinstance.py:3901} INFO - 1 downstream tasks scheduled from follow-on schedule check
[2025-04-16T21:49:39.623+0000] {local_task_job_runner.py:245} INFO - ::endgroup::
