[2025-04-16T12:54:47.035+0000] {local_task_job_runner.py:123} INFO - ::group::Pre task execution logs
[2025-04-16T12:54:47.235+0000] {taskinstance.py:2614} INFO - Dependencies all met for dep_context=non-requeueable deps ti=<TaskInstance: beer_data_processing.create_dim_style scheduled__2025-04-11T00:00:00+00:00 [queued]>
[2025-04-16T12:54:47.350+0000] {taskinstance.py:2614} INFO - Dependencies all met for dep_context=requeueable deps ti=<TaskInstance: beer_data_processing.create_dim_style scheduled__2025-04-11T00:00:00+00:00 [queued]>
[2025-04-16T12:54:47.361+0000] {taskinstance.py:2867} INFO - Starting attempt 1 of 6
[2025-04-16T12:54:47.494+0000] {taskinstance.py:2890} INFO - Executing <Task(PythonOperator): create_dim_style> on 2025-04-11 00:00:00+00:00
[2025-04-16T12:54:47.694+0000] {standard_task_runner.py:104} INFO - Running: ['***', 'tasks', 'run', 'beer_data_processing', 'create_dim_style', 'scheduled__2025-04-11T00:00:00+00:00', '--job-id', '367', '--raw', '--subdir', 'DAGS_FOLDER/beer_data_processing_dag.py', '--cfg-path', '/tmp/tmp247yn17x']
[2025-04-16T12:54:47.708+0000] {standard_task_runner.py:105} INFO - Job 367: Subtask create_dim_style
[2025-04-16T12:54:47.694+0000] {logging_mixin.py:190} WARNING - /home/***/.local/lib/python3.12/site-packages/***/task/task_runner/standard_task_runner.py:70 DeprecationWarning: This process (pid=1731) is multi-threaded, use of fork() may lead to deadlocks in the child.
[2025-04-16T12:54:47.717+0000] {standard_task_runner.py:72} INFO - Started process 2062 to run task
[2025-04-16T12:54:48.934+0000] {task_command.py:467} INFO - Running <TaskInstance: beer_data_processing.create_dim_style scheduled__2025-04-11T00:00:00+00:00 [running]> on host 3e53738720c8
[2025-04-16T12:54:53.294+0000] {taskinstance.py:3134} INFO - Exporting env vars: AIRFLOW_CTX_DAG_OWNER='***' AIRFLOW_CTX_DAG_ID='beer_data_processing' AIRFLOW_CTX_TASK_ID='create_dim_style' AIRFLOW_CTX_EXECUTION_DATE='2025-04-11T00:00:00+00:00' AIRFLOW_CTX_TRY_NUMBER='1' AIRFLOW_CTX_DAG_RUN_ID='scheduled__2025-04-11T00:00:00+00:00'
[2025-04-16T12:54:53.401+0000] {logging_mixin.py:190} INFO - Task instance is in running state
[2025-04-16T12:54:53.427+0000] {logging_mixin.py:190} INFO -  Previous state of the Task instance: queued
[2025-04-16T12:54:53.451+0000] {logging_mixin.py:190} INFO - Current task name:create_dim_style state:running start_date:2025-04-16 12:54:47.248617+00:00
[2025-04-16T12:54:53.466+0000] {logging_mixin.py:190} INFO - Dag name:beer_data_processing and current dag run status:running
[2025-04-16T12:54:53.487+0000] {taskinstance.py:732} INFO - ::endgroup::
[2025-04-16T12:54:56.748+0000] {base.py:84} INFO - Retrieving connection 'postgres_conn'
[2025-04-16T12:54:58.742+0000] {logging_mixin.py:190} INFO - Створено датасет dim_style з 113 записами
[2025-04-16T12:54:58.954+0000] {python.py:240} INFO - Done. Returned value was: True
[2025-04-16T12:54:59.722+0000] {taskinstance.py:341} INFO - ::group::Post task execution logs
[2025-04-16T12:54:59.738+0000] {taskinstance.py:353} INFO - Marking task as SUCCESS. dag_id=beer_data_processing, task_id=create_dim_style, run_id=scheduled__2025-04-11T00:00:00+00:00, execution_date=20250411T000000, start_date=20250416T125447, end_date=20250416T125459
[2025-04-16T12:55:00.428+0000] {logging_mixin.py:190} INFO - Task instance in success state
[2025-04-16T12:55:00.506+0000] {logging_mixin.py:190} INFO -  Previous state of the Task instance: running
[2025-04-16T12:55:00.526+0000] {logging_mixin.py:190} INFO - Dag name:beer_data_processing queued_at:2025-04-16 12:41:28.007590+00:00
[2025-04-16T12:55:00.783+0000] {logging_mixin.py:190} INFO - Task hostname:3e53738720c8 operator:PythonOperator
[2025-04-16T12:55:01.282+0000] {local_task_job_runner.py:266} INFO - Task exited with return code 0
[2025-04-16T12:55:01.670+0000] {local_task_job_runner.py:245} INFO - ::endgroup::
[2025-04-16T12:55:03.090+0000] {standard_task_runner.py:217} INFO - Process not found (most likely exited), stop collecting metrics
