[2025-04-09T21:41:01.636+0000] {local_task_job_runner.py:123} INFO - ::group::Pre task execution logs
[2025-04-09T21:41:01.680+0000] {taskinstance.py:2614} INFO - Dependencies all met for dep_context=non-requeueable deps ti=<TaskInstance: check_beer_data_file.check_file_exists manual__2025-04-09T21:40:34.333757+00:00 [queued]>
[2025-04-09T21:41:01.702+0000] {taskinstance.py:2614} INFO - Dependencies all met for dep_context=requeueable deps ti=<TaskInstance: check_beer_data_file.check_file_exists manual__2025-04-09T21:40:34.333757+00:00 [queued]>
[2025-04-09T21:41:01.704+0000] {taskinstance.py:2867} INFO - Starting attempt 1 of 1
[2025-04-09T21:41:01.739+0000] {taskinstance.py:2890} INFO - Executing <Task(PythonOperator): check_file_exists> on 2025-04-09 21:40:34.333757+00:00
[2025-04-09T21:41:01.772+0000] {standard_task_runner.py:104} INFO - Running: ['***', 'tasks', 'run', 'check_beer_data_file', 'check_file_exists', 'manual__2025-04-09T21:40:34.333757+00:00', '--job-id', '65', '--raw', '--subdir', 'DAGS_FOLDER/test_dag.py', '--cfg-path', '/tmp/tmpv11z3d66']
[2025-04-09T21:41:01.780+0000] {standard_task_runner.py:105} INFO - Job 65: Subtask check_file_exists
[2025-04-09T21:41:01.786+0000] {logging_mixin.py:190} WARNING - /home/***/.local/lib/python3.12/site-packages/***/task/task_runner/standard_task_runner.py:70 DeprecationWarning: This process (pid=26335) is multi-threaded, use of fork() may lead to deadlocks in the child.
[2025-04-09T21:41:01.788+0000] {standard_task_runner.py:72} INFO - Started process 26594 to run task
[2025-04-09T21:41:01.895+0000] {task_command.py:467} INFO - Running <TaskInstance: check_beer_data_file.check_file_exists manual__2025-04-09T21:40:34.333757+00:00 [running]> on host 893b969cc7b0
[2025-04-09T21:41:02.090+0000] {taskinstance.py:3134} INFO - Exporting env vars: AIRFLOW_CTX_DAG_OWNER='***' AIRFLOW_CTX_DAG_ID='check_beer_data_file' AIRFLOW_CTX_TASK_ID='check_file_exists' AIRFLOW_CTX_EXECUTION_DATE='2025-04-09T21:40:34.333757+00:00' AIRFLOW_CTX_TRY_NUMBER='1' AIRFLOW_CTX_DAG_RUN_ID='manual__2025-04-09T21:40:34.333757+00:00'
[2025-04-09T21:41:02.094+0000] {logging_mixin.py:190} INFO - Task instance is in running state
[2025-04-09T21:41:02.096+0000] {logging_mixin.py:190} INFO -  Previous state of the Task instance: queued
[2025-04-09T21:41:02.097+0000] {logging_mixin.py:190} INFO - Current task name:check_file_exists state:running start_date:2025-04-09 21:41:01.681670+00:00
[2025-04-09T21:41:02.098+0000] {logging_mixin.py:190} INFO - Dag name:check_beer_data_file and current dag run status:running
[2025-04-09T21:41:02.099+0000] {taskinstance.py:732} INFO - ::endgroup::
[2025-04-09T21:41:02.123+0000] {base.py:84} INFO - Retrieving connection 'dataset_folder'
[2025-04-09T21:41:02.156+0000] {logging_mixin.py:190} INFO - ✅ Файл знайдено: /opt/***/dags/data/beer_profile_and_ratings.csv
[2025-04-09T21:41:02.158+0000] {python.py:240} INFO - Done. Returned value was: None
[2025-04-09T21:41:02.182+0000] {taskinstance.py:341} INFO - ::group::Post task execution logs
[2025-04-09T21:41:02.183+0000] {taskinstance.py:353} INFO - Marking task as SUCCESS. dag_id=check_beer_data_file, task_id=check_file_exists, run_id=manual__2025-04-09T21:40:34.333757+00:00, execution_date=20250409T214034, start_date=20250409T214101, end_date=20250409T214102
[2025-04-09T21:41:02.292+0000] {logging_mixin.py:190} INFO - Task instance in success state
[2025-04-09T21:41:02.294+0000] {logging_mixin.py:190} INFO -  Previous state of the Task instance: running
[2025-04-09T21:41:02.295+0000] {logging_mixin.py:190} INFO - Dag name:check_beer_data_file queued_at:2025-04-09 21:40:34.985796+00:00
[2025-04-09T21:41:02.296+0000] {logging_mixin.py:190} INFO - Task hostname:893b969cc7b0 operator:PythonOperator
[2025-04-09T21:41:02.332+0000] {local_task_job_runner.py:266} INFO - Task exited with return code 0
[2025-04-09T21:41:02.395+0000] {taskinstance.py:3901} INFO - 0 downstream tasks scheduled from follow-on schedule check
[2025-04-09T21:41:02.399+0000] {local_task_job_runner.py:245} INFO - ::endgroup::
