[2025-04-02T19:10:31.319+0000] {local_task_job_runner.py:123} INFO - ::group::Pre task execution logs
[2025-04-02T19:10:31.363+0000] {taskinstance.py:2614} INFO - Dependencies all met for dep_context=non-requeueable deps ti=<TaskInstance: example_bash_operator.also_run_this scheduled__2025-04-01T00:00:00+00:00 [queued]>
[2025-04-02T19:10:31.392+0000] {taskinstance.py:2614} INFO - Dependencies all met for dep_context=requeueable deps ti=<TaskInstance: example_bash_operator.also_run_this scheduled__2025-04-01T00:00:00+00:00 [queued]>
[2025-04-02T19:10:31.393+0000] {taskinstance.py:2867} INFO - Starting attempt 1 of 1
[2025-04-02T19:10:31.520+0000] {taskinstance.py:2890} INFO - Executing <Task(BashOperator): also_run_this> on 2025-04-01 00:00:00+00:00
[2025-04-02T19:10:31.680+0000] {standard_task_runner.py:104} INFO - Running: ['***', 'tasks', 'run', 'example_bash_operator', 'also_run_this', 'scheduled__2025-04-01T00:00:00+00:00', '--job-id', '7', '--raw', '--subdir', '/home/***/.local/lib/python3.12/site-packages/***/example_dags/example_bash_operator.py', '--cfg-path', '/tmp/tmpq86qjjor']
[2025-04-02T19:10:31.688+0000] {standard_task_runner.py:105} INFO - Job 7: Subtask also_run_this
[2025-04-02T19:10:31.696+0000] {logging_mixin.py:190} WARNING - /home/***/.local/lib/python3.12/site-packages/***/task/task_runner/standard_task_runner.py:70 DeprecationWarning: This process (pid=4472) is multi-threaded, use of fork() may lead to deadlocks in the child.
[2025-04-02T19:10:31.709+0000] {standard_task_runner.py:72} INFO - Started process 4507 to run task
[2025-04-02T19:10:31.914+0000] {task_command.py:467} INFO - Running <TaskInstance: example_bash_operator.also_run_this scheduled__2025-04-01T00:00:00+00:00 [running]> on host a3c2d02c38a4
[2025-04-02T19:10:32.277+0000] {taskinstance.py:3134} INFO - Exporting env vars: AIRFLOW_CTX_DAG_OWNER='***' AIRFLOW_CTX_DAG_ID='example_bash_operator' AIRFLOW_CTX_TASK_ID='also_run_this' AIRFLOW_CTX_EXECUTION_DATE='2025-04-01T00:00:00+00:00' AIRFLOW_CTX_TRY_NUMBER='1' AIRFLOW_CTX_DAG_RUN_ID='scheduled__2025-04-01T00:00:00+00:00'
[2025-04-02T19:10:32.285+0000] {logging_mixin.py:190} INFO - Task instance is in running state
[2025-04-02T19:10:32.287+0000] {logging_mixin.py:190} INFO -  Previous state of the Task instance: queued
[2025-04-02T19:10:32.289+0000] {logging_mixin.py:190} INFO - Current task name:also_run_this state:running start_date:2025-04-02 19:10:31.365252+00:00
[2025-04-02T19:10:32.291+0000] {logging_mixin.py:190} INFO - Dag name:example_bash_operator and current dag run status:running
[2025-04-02T19:10:32.292+0000] {taskinstance.py:732} INFO - ::endgroup::
[2025-04-02T19:10:32.297+0000] {subprocess.py:78} INFO - Tmp dir root location: /tmp
[2025-04-02T19:10:32.302+0000] {subprocess.py:88} INFO - Running command: ['/usr/bin/bash', '-c', 'echo "ti_key=example_bash_operator__also_run_this__20250401"']
[2025-04-02T19:10:32.361+0000] {subprocess.py:99} INFO - Output:
[2025-04-02T19:10:32.389+0000] {subprocess.py:106} INFO - ti_key=example_bash_operator__also_run_this__20250401
[2025-04-02T19:10:32.392+0000] {subprocess.py:110} INFO - Command exited with return code 0
[2025-04-02T19:10:32.487+0000] {taskinstance.py:341} INFO - ::group::Post task execution logs
[2025-04-02T19:10:32.490+0000] {taskinstance.py:353} INFO - Marking task as SUCCESS. dag_id=example_bash_operator, task_id=also_run_this, run_id=scheduled__2025-04-01T00:00:00+00:00, execution_date=20250401T000000, start_date=20250402T191031, end_date=20250402T191032
[2025-04-02T19:10:32.580+0000] {logging_mixin.py:190} INFO - Task instance in success state
[2025-04-02T19:10:32.582+0000] {logging_mixin.py:190} INFO -  Previous state of the Task instance: running
[2025-04-02T19:10:32.584+0000] {logging_mixin.py:190} INFO - Dag name:example_bash_operator queued_at:2025-04-02 19:09:51.316440+00:00
[2025-04-02T19:10:32.586+0000] {logging_mixin.py:190} INFO - Task hostname:a3c2d02c38a4 operator:BashOperator
[2025-04-02T19:10:32.634+0000] {local_task_job_runner.py:266} INFO - Task exited with return code 0
[2025-04-02T19:10:32.668+0000] {local_task_job_runner.py:245} INFO - ::endgroup::
