[2025-04-16T16:07:18.772+0000] {local_task_job_runner.py:123} INFO - ::group::Pre task execution logs
[2025-04-16T16:07:21.096+0000] {taskinstance.py:2614} INFO - Dependencies all met for dep_context=non-requeueable deps ti=<TaskInstance: beer_data_processing.create_dim_brewery_table scheduled__2025-04-16T08:00:00+00:00 [queued]>
[2025-04-16T16:07:21.850+0000] {taskinstance.py:2614} INFO - Dependencies all met for dep_context=requeueable deps ti=<TaskInstance: beer_data_processing.create_dim_brewery_table scheduled__2025-04-16T08:00:00+00:00 [queued]>
[2025-04-16T16:07:21.853+0000] {taskinstance.py:2867} INFO - Starting attempt 2 of 6
[2025-04-16T16:07:22.597+0000] {taskinstance.py:2890} INFO - Executing <Task(SQLExecuteQueryOperator): create_dim_brewery_table> on 2025-04-16 08:00:00+00:00
[2025-04-16T16:07:23.300+0000] {standard_task_runner.py:104} INFO - Running: ['***', 'tasks', 'run', 'beer_data_processing', 'create_dim_brewery_table', 'scheduled__2025-04-16T08:00:00+00:00', '--job-id', '662', '--raw', '--subdir', 'DAGS_FOLDER/beer_data_processing_dag.py', '--cfg-path', '/tmp/tmpcmmuwr4b']
[2025-04-16T16:07:23.424+0000] {standard_task_runner.py:105} INFO - Job 662: Subtask create_dim_brewery_table
[2025-04-16T16:07:23.617+0000] {logging_mixin.py:190} WARNING - /home/***/.local/lib/python3.12/site-packages/***/task/task_runner/standard_task_runner.py:70 DeprecationWarning: This process (pid=2672) is multi-threaded, use of fork() may lead to deadlocks in the child.
[2025-04-16T16:07:23.631+0000] {standard_task_runner.py:72} INFO - Started process 2939 to run task
[2025-04-16T16:07:25.515+0000] {task_command.py:467} INFO - Running <TaskInstance: beer_data_processing.create_dim_brewery_table scheduled__2025-04-16T08:00:00+00:00 [running]> on host 3e53738720c8
[2025-04-16T16:07:27.452+0000] {taskinstance.py:3134} INFO - Exporting env vars: AIRFLOW_CTX_DAG_OWNER='***' AIRFLOW_CTX_DAG_ID='beer_data_processing' AIRFLOW_CTX_TASK_ID='create_dim_brewery_table' AIRFLOW_CTX_EXECUTION_DATE='2025-04-16T08:00:00+00:00' AIRFLOW_CTX_TRY_NUMBER='2' AIRFLOW_CTX_DAG_RUN_ID='scheduled__2025-04-16T08:00:00+00:00'
[2025-04-16T16:07:27.525+0000] {logging_mixin.py:190} INFO - Task instance is in running state
[2025-04-16T16:07:27.534+0000] {logging_mixin.py:190} INFO -  Previous state of the Task instance: queued
[2025-04-16T16:07:27.539+0000] {logging_mixin.py:190} INFO - Current task name:create_dim_brewery_table state:running start_date:2025-04-16 16:07:21.144356+00:00
[2025-04-16T16:07:27.548+0000] {logging_mixin.py:190} INFO - Dag name:beer_data_processing and current dag run status:running
[2025-04-16T16:07:27.567+0000] {taskinstance.py:732} INFO - ::endgroup::
[2025-04-16T16:07:27.592+0000] {sql.py:295} INFO - Executing: 
    CREATE TABLE IF NOT EXISTS dim_brewery (
        brewery_id SERIAL PRIMARY KEY,
        brewery_name VARCHAR(255) NOT NULL UNIQUE
    );
    
[2025-04-16T16:07:27.945+0000] {base.py:84} INFO - Retrieving connection 'postgres_conn'
[2025-04-16T16:07:28.795+0000] {base.py:84} INFO - Retrieving connection 'postgres_conn'
[2025-04-16T16:07:28.885+0000] {sql.py:511} INFO - Running statement: 
    CREATE TABLE IF NOT EXISTS dim_brewery (
        brewery_id SERIAL PRIMARY KEY,
        brewery_name VARCHAR(255) NOT NULL UNIQUE
    );
    , parameters: None
[2025-04-16T16:07:28.948+0000] {logging_mixin.py:190} WARNING - /home/***/.local/lib/python3.12/site-packages/***/providers/common/sql/hooks/sql.py:470 DeprecationWarning: Import of fetch_all_handler from the '***.providers.common.sql.hooks' module is deprecated and will
be removed in the future. Please import it from '***.providers.common.sql.hooks.handlers'.
[2025-04-16T16:07:28.997+0000] {logging_mixin.py:190} WARNING - /home/***/.local/lib/python3.12/site-packages/***/providers/common/sql/hooks/sql.py:471 DeprecationWarning: Import of return_single_query_results from the '***.providers.common.sql.hooks' module is deprecated and will
be removed in the future. Please import it from '***.providers.common.sql.hooks.handlers'.
[2025-04-16T16:07:29.013+0000] {logging_mixin.py:190} WARNING - /home/***/.local/lib/python3.12/site-packages/***/providers/common/sql/hooks/sql.py:486 DeprecationWarning: Import of return_single_query_results from the '***.providers.common.sql.hooks' module is deprecated and will
be removed in the future. Please import it from '***.providers.common.sql.hooks.handlers'.
[2025-04-16T16:07:29.026+0000] {logging_mixin.py:190} WARNING - /home/***/.local/lib/python3.12/site-packages/***/providers/common/sql/operators/sql.py:311 DeprecationWarning: Import of return_single_query_results from the '***.providers.common.sql.hooks' module is deprecated and will
be removed in the future. Please import it from '***.providers.common.sql.hooks.handlers'.
[2025-04-16T16:07:29.115+0000] {taskinstance.py:341} INFO - ::group::Post task execution logs
[2025-04-16T16:07:29.122+0000] {taskinstance.py:353} INFO - Marking task as SUCCESS. dag_id=beer_data_processing, task_id=create_dim_brewery_table, run_id=scheduled__2025-04-16T08:00:00+00:00, execution_date=20250416T080000, start_date=20250416T160721, end_date=20250416T160729
[2025-04-16T16:07:29.355+0000] {job.py:229} INFO - Heartbeat recovered after 16.58 seconds
[2025-04-16T16:07:29.584+0000] {logging_mixin.py:190} INFO - Task instance in success state
[2025-04-16T16:07:29.598+0000] {logging_mixin.py:190} INFO -  Previous state of the Task instance: running
[2025-04-16T16:07:29.607+0000] {logging_mixin.py:190} INFO - Dag name:beer_data_processing queued_at:2025-04-16 15:07:09.591370+00:00
[2025-04-16T16:07:29.615+0000] {logging_mixin.py:190} INFO - Task hostname:3e53738720c8 operator:SQLExecuteQueryOperator
[2025-04-16T16:07:29.775+0000] {local_task_job_runner.py:266} INFO - Task exited with return code 0
[2025-04-16T16:07:30.102+0000] {taskinstance.py:3901} INFO - 1 downstream tasks scheduled from follow-on schedule check
[2025-04-16T16:07:30.134+0000] {local_task_job_runner.py:245} INFO - ::endgroup::
