[2025-04-16T19:00:12.662+0000] {local_task_job_runner.py:123} INFO - ::group::Pre task execution logs
[2025-04-16T19:00:12.700+0000] {taskinstance.py:2614} INFO - Dependencies all met for dep_context=non-requeueable deps ti=<TaskInstance: beer_data_processing.load_and_process_data scheduled__2025-04-16T18:00:00+00:00 [queued]>
[2025-04-16T19:00:12.719+0000] {taskinstance.py:2614} INFO - Dependencies all met for dep_context=requeueable deps ti=<TaskInstance: beer_data_processing.load_and_process_data scheduled__2025-04-16T18:00:00+00:00 [queued]>
[2025-04-16T19:00:12.720+0000] {taskinstance.py:2867} INFO - Starting attempt 1 of 6
[2025-04-16T19:00:12.745+0000] {taskinstance.py:2890} INFO - Executing <Task(PythonOperator): load_and_process_data> on 2025-04-16 18:00:00+00:00
[2025-04-16T19:00:12.763+0000] {standard_task_runner.py:104} INFO - Running: ['***', 'tasks', 'run', 'beer_data_processing', 'load_and_process_data', 'scheduled__2025-04-16T18:00:00+00:00', '--job-id', '745', '--raw', '--subdir', 'DAGS_FOLDER/beer_data_processing_dag.py', '--cfg-path', '/tmp/tmpy9v87sqk']
[2025-04-16T19:00:12.765+0000] {logging_mixin.py:190} WARNING - /home/***/.local/lib/python3.12/site-packages/***/task/task_runner/standard_task_runner.py:70 DeprecationWarning: This process (pid=81691) is multi-threaded, use of fork() may lead to deadlocks in the child.
[2025-04-16T19:00:12.766+0000] {standard_task_runner.py:105} INFO - Job 745: Subtask load_and_process_data
[2025-04-16T19:00:12.767+0000] {standard_task_runner.py:72} INFO - Started process 81723 to run task
[2025-04-16T19:00:12.835+0000] {task_command.py:467} INFO - Running <TaskInstance: beer_data_processing.load_and_process_data scheduled__2025-04-16T18:00:00+00:00 [running]> on host 3e53738720c8
[2025-04-16T19:00:13.025+0000] {taskinstance.py:3134} INFO - Exporting env vars: AIRFLOW_CTX_DAG_OWNER='***' AIRFLOW_CTX_DAG_ID='beer_data_processing' AIRFLOW_CTX_TASK_ID='load_and_process_data' AIRFLOW_CTX_EXECUTION_DATE='2025-04-16T18:00:00+00:00' AIRFLOW_CTX_TRY_NUMBER='1' AIRFLOW_CTX_DAG_RUN_ID='scheduled__2025-04-16T18:00:00+00:00'
[2025-04-16T19:00:13.028+0000] {logging_mixin.py:190} INFO - Task instance is in running state
[2025-04-16T19:00:13.029+0000] {logging_mixin.py:190} INFO -  Previous state of the Task instance: queued
[2025-04-16T19:00:13.031+0000] {logging_mixin.py:190} INFO - Current task name:load_and_process_data state:running start_date:2025-04-16 19:00:12.701412+00:00
[2025-04-16T19:00:13.032+0000] {logging_mixin.py:190} INFO - Dag name:beer_data_processing and current dag run status:running
[2025-04-16T19:00:13.033+0000] {taskinstance.py:732} INFO - ::endgroup::
[2025-04-16T19:00:13.368+0000] {logging_mixin.py:190} INFO - Завантажено 3197 записів з CSV файлу
[2025-04-16T19:00:13.370+0000] {python.py:240} INFO - Done. Returned value was: True
[2025-04-16T19:00:13.408+0000] {taskinstance.py:341} INFO - ::group::Post task execution logs
[2025-04-16T19:00:13.409+0000] {taskinstance.py:353} INFO - Marking task as SUCCESS. dag_id=beer_data_processing, task_id=load_and_process_data, run_id=scheduled__2025-04-16T18:00:00+00:00, execution_date=20250416T180000, start_date=20250416T190012, end_date=20250416T190013
[2025-04-16T19:00:13.481+0000] {logging_mixin.py:190} INFO - Task instance in success state
[2025-04-16T19:00:13.482+0000] {logging_mixin.py:190} INFO -  Previous state of the Task instance: running
[2025-04-16T19:00:13.483+0000] {logging_mixin.py:190} INFO - Dag name:beer_data_processing queued_at:2025-04-16 19:00:01.035553+00:00
[2025-04-16T19:00:13.485+0000] {logging_mixin.py:190} INFO - Task hostname:3e53738720c8 operator:PythonOperator
[2025-04-16T19:00:13.587+0000] {local_task_job_runner.py:266} INFO - Task exited with return code 0
[2025-04-16T19:00:13.668+0000] {taskinstance.py:3901} INFO - 7 downstream tasks scheduled from follow-on schedule check
[2025-04-16T19:00:13.671+0000] {local_task_job_runner.py:245} INFO - ::endgroup::
