[2025-04-16T12:59:52.011+0000] {local_task_job_runner.py:123} INFO - ::group::Pre task execution logs
[2025-04-16T12:59:52.761+0000] {taskinstance.py:2614} INFO - Dependencies all met for dep_context=non-requeueable deps ti=<TaskInstance: beer_data_processing.load_and_process_data scheduled__2025-04-13T00:00:00+00:00 [queued]>
[2025-04-16T12:59:52.907+0000] {taskinstance.py:2614} INFO - Dependencies all met for dep_context=requeueable deps ti=<TaskInstance: beer_data_processing.load_and_process_data scheduled__2025-04-13T00:00:00+00:00 [queued]>
[2025-04-16T12:59:52.925+0000] {taskinstance.py:2867} INFO - Starting attempt 3 of 6
[2025-04-16T12:59:53.198+0000] {taskinstance.py:2890} INFO - Executing <Task(PythonOperator): load_and_process_data> on 2025-04-13 00:00:00+00:00
[2025-04-16T12:59:53.945+0000] {logging_mixin.py:190} WARNING - /home/***/.local/lib/python3.12/site-packages/***/task/task_runner/standard_task_runner.py:70 DeprecationWarning: This process (pid=2744) is multi-threaded, use of fork() may lead to deadlocks in the child.
[2025-04-16T12:59:53.872+0000] {standard_task_runner.py:104} INFO - Running: ['***', 'tasks', 'run', 'beer_data_processing', 'load_and_process_data', 'scheduled__2025-04-13T00:00:00+00:00', '--job-id', '393', '--raw', '--subdir', 'DAGS_FOLDER/beer_data_processing_dag.py', '--cfg-path', '/tmp/tmpuiyhyubw']
[2025-04-16T12:59:54.021+0000] {standard_task_runner.py:105} INFO - Job 393: Subtask load_and_process_data
[2025-04-16T12:59:54.036+0000] {standard_task_runner.py:72} INFO - Started process 2905 to run task
[2025-04-16T12:59:57.181+0000] {task_command.py:467} INFO - Running <TaskInstance: beer_data_processing.load_and_process_data scheduled__2025-04-13T00:00:00+00:00 [running]> on host 3e53738720c8
[2025-04-16T13:00:02.270+0000] {job.py:229} INFO - Heartbeat recovered after 14.35 seconds
[2025-04-16T13:00:02.790+0000] {taskinstance.py:3134} INFO - Exporting env vars: AIRFLOW_CTX_DAG_OWNER='***' AIRFLOW_CTX_DAG_ID='beer_data_processing' AIRFLOW_CTX_TASK_ID='load_and_process_data' AIRFLOW_CTX_EXECUTION_DATE='2025-04-13T00:00:00+00:00' AIRFLOW_CTX_TRY_NUMBER='3' AIRFLOW_CTX_DAG_RUN_ID='scheduled__2025-04-13T00:00:00+00:00'
[2025-04-16T13:00:10.045+0000] {logging_mixin.py:190} INFO - Task instance is in running state
[2025-04-16T13:00:10.970+0000] {logging_mixin.py:190} INFO -  Previous state of the Task instance: queued
[2025-04-16T13:00:11.487+0000] {logging_mixin.py:190} INFO - Current task name:load_and_process_data state:running start_date:2025-04-16 12:59:52.791903+00:00
[2025-04-16T13:00:11.616+0000] {logging_mixin.py:190} INFO - Dag name:beer_data_processing and current dag run status:running
[2025-04-16T13:00:12.338+0000] {taskinstance.py:732} INFO - ::endgroup::
[2025-04-16T13:00:39.142+0000] {job.py:229} INFO - Heartbeat recovered after 37.50 seconds
[2025-04-16T13:00:50.295+0000] {job.py:229} INFO - Heartbeat recovered after 17.47 seconds
[2025-04-16T13:01:00.250+0000] {logging_mixin.py:190} INFO - Завантажено 3197 записів з CSV файлу
[2025-04-16T13:01:00.610+0000] {python.py:240} INFO - Done. Returned value was: True
[2025-04-16T13:01:01.935+0000] {taskinstance.py:341} INFO - ::group::Post task execution logs
[2025-04-16T13:01:01.989+0000] {taskinstance.py:353} INFO - Marking task as SUCCESS. dag_id=beer_data_processing, task_id=load_and_process_data, run_id=scheduled__2025-04-13T00:00:00+00:00, execution_date=20250413T000000, start_date=20250416T125952, end_date=20250416T130101
[2025-04-16T13:01:03.812+0000] {logging_mixin.py:190} INFO - Task instance in success state
[2025-04-16T13:01:03.842+0000] {logging_mixin.py:190} INFO -  Previous state of the Task instance: running
[2025-04-16T13:01:03.880+0000] {logging_mixin.py:190} INFO - Dag name:beer_data_processing queued_at:2025-04-16 12:41:30.704242+00:00
[2025-04-16T13:01:03.919+0000] {logging_mixin.py:190} INFO - Task hostname:3e53738720c8 operator:PythonOperator
[2025-04-16T13:01:04.754+0000] {local_task_job_runner.py:266} INFO - Task exited with return code 0
[2025-04-16T13:01:07.892+0000] {standard_task_runner.py:217} INFO - Process not found (most likely exited), stop collecting metrics
[2025-04-16T13:01:08.772+0000] {taskinstance.py:3901} INFO - 7 downstream tasks scheduled from follow-on schedule check
[2025-04-16T13:01:09.466+0000] {local_task_job_runner.py:245} INFO - ::endgroup::
