[2025-04-17T12:23:00.522+0000] {local_task_job_runner.py:123} INFO - ::group::Pre task execution logs
[2025-04-17T12:23:00.936+0000] {taskinstance.py:2614} INFO - Dependencies all met for dep_context=non-requeueable deps ti=<TaskInstance: beer_data_processing.process_robust_scaler scheduled__2025-04-17T03:00:00+00:00 [queued]>
[2025-04-17T12:23:01.333+0000] {taskinstance.py:2614} INFO - Dependencies all met for dep_context=requeueable deps ti=<TaskInstance: beer_data_processing.process_robust_scaler scheduled__2025-04-17T03:00:00+00:00 [queued]>
[2025-04-17T12:23:01.347+0000] {taskinstance.py:2867} INFO - Starting attempt 3 of 6
[2025-04-17T12:23:01.688+0000] {taskinstance.py:2890} INFO - Executing <Task(PythonOperator): process_robust_scaler> on 2025-04-17 03:00:00+00:00
[2025-04-17T12:23:02.381+0000] {standard_task_runner.py:104} INFO - Running: ['***', 'tasks', 'run', 'beer_data_processing', 'process_robust_scaler', 'scheduled__2025-04-17T03:00:00+00:00', '--job-id', '968', '--raw', '--subdir', 'DAGS_FOLDER/beer_data_processing_dag.py', '--cfg-path', '/tmp/tmp3m_9k83n']
[2025-04-17T12:23:02.465+0000] {standard_task_runner.py:105} INFO - Job 968: Subtask process_robust_scaler
[2025-04-17T12:23:02.795+0000] {logging_mixin.py:190} WARNING - /home/***/.local/lib/python3.12/site-packages/***/task/task_runner/standard_task_runner.py:70 DeprecationWarning: This process (pid=1969) is multi-threaded, use of fork() may lead to deadlocks in the child.
[2025-04-17T12:23:02.843+0000] {standard_task_runner.py:72} INFO - Started process 2445 to run task
[2025-04-17T12:23:05.610+0000] {task_command.py:467} INFO - Running <TaskInstance: beer_data_processing.process_robust_scaler scheduled__2025-04-17T03:00:00+00:00 [running]> on host a0d0456bae2c
[2025-04-17T12:23:07.449+0000] {taskinstance.py:3134} INFO - Exporting env vars: AIRFLOW_CTX_DAG_OWNER='***' AIRFLOW_CTX_DAG_ID='beer_data_processing' AIRFLOW_CTX_TASK_ID='process_robust_scaler' AIRFLOW_CTX_EXECUTION_DATE='2025-04-17T03:00:00+00:00' AIRFLOW_CTX_TRY_NUMBER='3' AIRFLOW_CTX_DAG_RUN_ID='scheduled__2025-04-17T03:00:00+00:00'
[2025-04-17T12:23:07.505+0000] {logging_mixin.py:190} INFO - Task instance is in running state
[2025-04-17T12:23:07.508+0000] {logging_mixin.py:190} INFO -  Previous state of the Task instance: queued
[2025-04-17T12:23:07.514+0000] {logging_mixin.py:190} INFO - Current task name:process_robust_scaler state:running start_date:2025-04-17 12:23:00.944941+00:00
[2025-04-17T12:23:07.516+0000] {logging_mixin.py:190} INFO - Dag name:beer_data_processing and current dag run status:running
[2025-04-17T12:23:07.518+0000] {taskinstance.py:732} INFO - ::endgroup::
[2025-04-17T12:23:10.164+0000] {logging_mixin.py:190} INFO - Robust Scaling Example - Original: {'ABV': 10.0, 'Min IBU': 60.0, 'Max IBU': 100.0, 'number_of_reviews': 218.0}
[2025-04-17T12:23:10.166+0000] {logging_mixin.py:190} INFO - Robust Scaling Example - Scaled: {'ABV': 1.5384615384615388, 'Min IBU': 4.0, 'Max IBU': 3.25, 'number_of_reviews': 0.4789272030651341}
[2025-04-17T12:23:11.277+0000] {python.py:240} INFO - Done. Returned value was: True
[2025-04-17T12:23:11.516+0000] {taskinstance.py:341} INFO - ::group::Post task execution logs
[2025-04-17T12:23:11.529+0000] {taskinstance.py:353} INFO - Marking task as SUCCESS. dag_id=beer_data_processing, task_id=process_robust_scaler, run_id=scheduled__2025-04-17T03:00:00+00:00, execution_date=20250417T030000, start_date=20250417T122300, end_date=20250417T122311
[2025-04-17T12:23:11.751+0000] {logging_mixin.py:190} INFO - Task instance in success state
[2025-04-17T12:23:11.769+0000] {logging_mixin.py:190} INFO -  Previous state of the Task instance: running
[2025-04-17T12:23:11.770+0000] {logging_mixin.py:190} INFO - Dag name:beer_data_processing queued_at:2025-04-17 11:36:07.227813+00:00
[2025-04-17T12:23:11.771+0000] {logging_mixin.py:190} INFO - Task hostname:a0d0456bae2c operator:PythonOperator
[2025-04-17T12:23:12.072+0000] {local_task_job_runner.py:266} INFO - Task exited with return code 0
[2025-04-17T12:23:12.163+0000] {local_task_job_runner.py:245} INFO - ::endgroup::
