[2025-04-17T12:42:54.755+0000] {local_task_job_runner.py:123} INFO - ::group::Pre task execution logs
[2025-04-17T12:42:54.810+0000] {taskinstance.py:2614} INFO - Dependencies all met for dep_context=non-requeueable deps ti=<TaskInstance: beer_data_processing.create_dim_beer manual__2025-04-17T12:39:29.171572+00:00 [queued]>
[2025-04-17T12:42:54.840+0000] {taskinstance.py:2614} INFO - Dependencies all met for dep_context=requeueable deps ti=<TaskInstance: beer_data_processing.create_dim_beer manual__2025-04-17T12:39:29.171572+00:00 [queued]>
[2025-04-17T12:42:54.842+0000] {taskinstance.py:2867} INFO - Starting attempt 1 of 6
[2025-04-17T12:42:54.877+0000] {taskinstance.py:2890} INFO - Executing <Task(PythonOperator): create_dim_beer> on 2025-04-17 12:39:29.171572+00:00
[2025-04-17T12:42:54.905+0000] {standard_task_runner.py:104} INFO - Running: ['***', 'tasks', 'run', 'beer_data_processing', 'create_dim_beer', 'manual__2025-04-17T12:39:29.171572+00:00', '--job-id', '1028', '--raw', '--subdir', 'DAGS_FOLDER/beer_data_processing_dag.py', '--cfg-path', '/tmp/tmpu363as0z']
[2025-04-17T12:42:54.906+0000] {logging_mixin.py:190} WARNING - /home/***/.local/lib/python3.12/site-packages/***/task/task_runner/standard_task_runner.py:70 DeprecationWarning: This process (pid=7008) is multi-threaded, use of fork() may lead to deadlocks in the child.
[2025-04-17T12:42:54.908+0000] {standard_task_runner.py:105} INFO - Job 1028: Subtask create_dim_beer
[2025-04-17T12:42:54.908+0000] {standard_task_runner.py:72} INFO - Started process 7067 to run task
[2025-04-17T12:42:55.019+0000] {task_command.py:467} INFO - Running <TaskInstance: beer_data_processing.create_dim_beer manual__2025-04-17T12:39:29.171572+00:00 [running]> on host a0d0456bae2c
[2025-04-17T12:42:55.218+0000] {taskinstance.py:3134} INFO - Exporting env vars: AIRFLOW_CTX_DAG_OWNER='***' AIRFLOW_CTX_DAG_ID='beer_data_processing' AIRFLOW_CTX_TASK_ID='create_dim_beer' AIRFLOW_CTX_EXECUTION_DATE='2025-04-17T12:39:29.171572+00:00' AIRFLOW_CTX_TRY_NUMBER='1' AIRFLOW_CTX_DAG_RUN_ID='manual__2025-04-17T12:39:29.171572+00:00'
[2025-04-17T12:42:55.222+0000] {logging_mixin.py:190} INFO - Task instance is in running state
[2025-04-17T12:42:55.224+0000] {logging_mixin.py:190} INFO -  Previous state of the Task instance: queued
[2025-04-17T12:42:55.225+0000] {logging_mixin.py:190} INFO - Current task name:create_dim_beer state:running start_date:2025-04-17 12:42:54.813127+00:00
[2025-04-17T12:42:55.226+0000] {logging_mixin.py:190} INFO - Dag name:beer_data_processing and current dag run status:running
[2025-04-17T12:42:55.227+0000] {taskinstance.py:732} INFO - ::endgroup::
[2025-04-17T12:42:55.331+0000] {base.py:84} INFO - Retrieving connection 'postgres_conn'
[2025-04-17T12:42:57.388+0000] {logging_mixin.py:190} INFO - Створено датасет dim_beer з 3069 записами
[2025-04-17T12:42:57.390+0000] {python.py:240} INFO - Done. Returned value was: True
[2025-04-17T12:42:57.431+0000] {taskinstance.py:341} INFO - ::group::Post task execution logs
[2025-04-17T12:42:57.433+0000] {taskinstance.py:353} INFO - Marking task as SUCCESS. dag_id=beer_data_processing, task_id=create_dim_beer, run_id=manual__2025-04-17T12:39:29.171572+00:00, execution_date=20250417T123929, start_date=20250417T124254, end_date=20250417T124257
[2025-04-17T12:42:57.483+0000] {logging_mixin.py:190} INFO - Task instance in success state
[2025-04-17T12:42:57.485+0000] {logging_mixin.py:190} INFO -  Previous state of the Task instance: running
[2025-04-17T12:42:57.487+0000] {logging_mixin.py:190} INFO - Dag name:beer_data_processing queued_at:2025-04-17 12:39:29.407696+00:00
[2025-04-17T12:42:57.489+0000] {logging_mixin.py:190} INFO - Task hostname:a0d0456bae2c operator:PythonOperator
[2025-04-17T12:42:57.539+0000] {local_task_job_runner.py:266} INFO - Task exited with return code 0
[2025-04-17T12:42:57.602+0000] {taskinstance.py:3901} INFO - 1 downstream tasks scheduled from follow-on schedule check
[2025-04-17T12:42:57.606+0000] {local_task_job_runner.py:245} INFO - ::endgroup::
