[2025-04-16T15:54:03.218+0000] {local_task_job_runner.py:123} INFO - ::group::Pre task execution logs
[2025-04-16T15:54:03.849+0000] {taskinstance.py:2614} INFO - Dependencies all met for dep_context=non-requeueable deps ti=<TaskInstance: beer_data_processing.create_fact_beer_table scheduled__2025-04-16T08:00:00+00:00 [queued]>
[2025-04-16T15:54:03.926+0000] {taskinstance.py:2614} INFO - Dependencies all met for dep_context=requeueable deps ti=<TaskInstance: beer_data_processing.create_fact_beer_table scheduled__2025-04-16T08:00:00+00:00 [queued]>
[2025-04-16T15:54:03.935+0000] {taskinstance.py:2867} INFO - Starting attempt 1 of 6
[2025-04-16T15:54:04.373+0000] {taskinstance.py:2890} INFO - Executing <Task(SQLExecuteQueryOperator): create_fact_beer_table> on 2025-04-16 08:00:00+00:00
[2025-04-16T15:54:04.865+0000] {standard_task_runner.py:104} INFO - Running: ['***', 'tasks', 'run', 'beer_data_processing', 'create_fact_beer_table', 'scheduled__2025-04-16T08:00:00+00:00', '--job-id', '620', '--raw', '--subdir', 'DAGS_FOLDER/beer_data_processing_dag.py', '--cfg-path', '/tmp/tmpboljcvr2']
[2025-04-16T15:54:04.871+0000] {standard_task_runner.py:105} INFO - Job 620: Subtask create_fact_beer_table
[2025-04-16T15:54:04.907+0000] {logging_mixin.py:190} WARNING - /home/***/.local/lib/python3.12/site-packages/***/task/task_runner/standard_task_runner.py:70 DeprecationWarning: This process (pid=936) is multi-threaded, use of fork() may lead to deadlocks in the child.
[2025-04-16T15:54:04.936+0000] {standard_task_runner.py:72} INFO - Started process 1323 to run task
[2025-04-16T15:54:24.221+0000] {cli_action_loggers.py:177} WARNING - Failed to log action (psycopg2.OperationalError) could not translate host name "postgres" to address: Temporary failure in name resolution

(Background on this error at: https://sqlalche.me/e/14/e3q8)
[2025-04-16T15:54:54.497+0000] {job.py:229} INFO - Heartbeat recovered after 53.67 seconds
[2025-04-16T15:54:58.437+0000] {task_command.py:467} INFO - Running <TaskInstance: beer_data_processing.create_fact_beer_table scheduled__2025-04-16T08:00:00+00:00 [running]> on host 3e53738720c8
[2025-04-16T15:55:00.064+0000] {taskinstance.py:3134} INFO - Exporting env vars: AIRFLOW_CTX_DAG_OWNER='***' AIRFLOW_CTX_DAG_ID='beer_data_processing' AIRFLOW_CTX_TASK_ID='create_fact_beer_table' AIRFLOW_CTX_EXECUTION_DATE='2025-04-16T08:00:00+00:00' AIRFLOW_CTX_TRY_NUMBER='1' AIRFLOW_CTX_DAG_RUN_ID='scheduled__2025-04-16T08:00:00+00:00'
[2025-04-16T15:55:00.186+0000] {logging_mixin.py:190} INFO - Task instance is in running state
[2025-04-16T15:55:00.191+0000] {logging_mixin.py:190} INFO -  Previous state of the Task instance: queued
[2025-04-16T15:55:00.205+0000] {logging_mixin.py:190} INFO - Current task name:create_fact_beer_table state:running start_date:2025-04-16 15:54:03.852500+00:00
[2025-04-16T15:55:00.213+0000] {logging_mixin.py:190} INFO - Dag name:beer_data_processing and current dag run status:running
[2025-04-16T15:55:00.229+0000] {taskinstance.py:732} INFO - ::endgroup::
[2025-04-16T15:55:00.243+0000] {sql.py:295} INFO - Executing: 
    CREATE TABLE IF NOT EXISTS fact_beer (
        beer_id INTEGER REFERENCES dim_beer(beer_id),
        style_id INTEGER REFERENCES dim_style(style_id),
        brewery_id INTEGER REFERENCES dim_brewery(brewery_id),
        abv FLOAT,
        min_ibu FLOAT,
        max_ibu FLOAT,
        astringency FLOAT,
        body FLOAT,
        alcohol FLOAT,
        bitter FLOAT,
        sweet FLOAT,
        sour FLOAT,
        salty FLOAT,
        fruits FLOAT,
        hoppy FLOAT,
        spices FLOAT,
        malty FLOAT,
        review_aroma NUMERIC(3,2),
        review_appearance NUMERIC(3,2),
        review_palate NUMERIC(3,2),
        review_taste NUMERIC(3,2),
        average_review_overall NUMERIC(3,2),
        number_of_reviews INTEGER DEFAULT 1,
        is_active BOOLEAN DEFAULT TRUE,
        last_updated TIMESTAMP DEFAULT CURRENT_TIMESTAMP,
        PRIMARY KEY (beer_id, style_id, brewery_id)
    );
    
[2025-04-16T15:55:00.379+0000] {base.py:84} INFO - Retrieving connection 'postgres_conn'
[2025-04-16T15:55:00.504+0000] {base.py:84} INFO - Retrieving connection 'postgres_conn'
[2025-04-16T15:55:00.545+0000] {sql.py:511} INFO - Running statement: 
    CREATE TABLE IF NOT EXISTS fact_beer (
        beer_id INTEGER REFERENCES dim_beer(beer_id),
        style_id INTEGER REFERENCES dim_style(style_id),
        brewery_id INTEGER REFERENCES dim_brewery(brewery_id),
        abv FLOAT,
        min_ibu FLOAT,
        max_ibu FLOAT,
        astringency FLOAT,
        body FLOAT,
        alcohol FLOAT,
        bitter FLOAT,
        sweet FLOAT,
        sour FLOAT,
        salty FLOAT,
        fruits FLOAT,
        hoppy FLOAT,
        spices FLOAT,
        malty FLOAT,
        review_aroma NUMERIC(3,2),
        review_appearance NUMERIC(3,2),
        review_palate NUMERIC(3,2),
        review_taste NUMERIC(3,2),
        average_review_overall NUMERIC(3,2),
        number_of_reviews INTEGER DEFAULT 1,
        is_active BOOLEAN DEFAULT TRUE,
        last_updated TIMESTAMP DEFAULT CURRENT_TIMESTAMP,
        PRIMARY KEY (beer_id, style_id, brewery_id)
    );
    , parameters: None
[2025-04-16T15:55:00.668+0000] {logging_mixin.py:190} WARNING - /home/***/.local/lib/python3.12/site-packages/***/providers/common/sql/hooks/sql.py:470 DeprecationWarning: Import of fetch_all_handler from the '***.providers.common.sql.hooks' module is deprecated and will
be removed in the future. Please import it from '***.providers.common.sql.hooks.handlers'.
[2025-04-16T15:55:00.712+0000] {logging_mixin.py:190} WARNING - /home/***/.local/lib/python3.12/site-packages/***/providers/common/sql/hooks/sql.py:471 DeprecationWarning: Import of return_single_query_results from the '***.providers.common.sql.hooks' module is deprecated and will
be removed in the future. Please import it from '***.providers.common.sql.hooks.handlers'.
[2025-04-16T15:55:00.752+0000] {logging_mixin.py:190} WARNING - /home/***/.local/lib/python3.12/site-packages/***/providers/common/sql/hooks/sql.py:486 DeprecationWarning: Import of return_single_query_results from the '***.providers.common.sql.hooks' module is deprecated and will
be removed in the future. Please import it from '***.providers.common.sql.hooks.handlers'.
[2025-04-16T15:55:00.782+0000] {logging_mixin.py:190} WARNING - /home/***/.local/lib/python3.12/site-packages/***/providers/common/sql/operators/sql.py:311 DeprecationWarning: Import of return_single_query_results from the '***.providers.common.sql.hooks' module is deprecated and will
be removed in the future. Please import it from '***.providers.common.sql.hooks.handlers'.
[2025-04-16T15:55:00.862+0000] {taskinstance.py:341} INFO - ::group::Post task execution logs
[2025-04-16T15:55:00.881+0000] {taskinstance.py:353} INFO - Marking task as SUCCESS. dag_id=beer_data_processing, task_id=create_fact_beer_table, run_id=scheduled__2025-04-16T08:00:00+00:00, execution_date=20250416T080000, start_date=20250416T155403, end_date=20250416T155500
[2025-04-16T15:55:01.450+0000] {logging_mixin.py:190} INFO - Task instance in success state
[2025-04-16T15:55:01.468+0000] {logging_mixin.py:190} INFO -  Previous state of the Task instance: running
[2025-04-16T15:55:01.476+0000] {logging_mixin.py:190} INFO - Dag name:beer_data_processing queued_at:2025-04-16 15:07:09.591370+00:00
[2025-04-16T15:55:01.487+0000] {logging_mixin.py:190} INFO - Task hostname:3e53738720c8 operator:SQLExecuteQueryOperator
[2025-04-16T15:55:01.794+0000] {local_task_job_runner.py:266} INFO - Task exited with return code 0
[2025-04-16T15:55:02.217+0000] {standard_task_runner.py:217} INFO - Process not found (most likely exited), stop collecting metrics
[2025-04-16T15:55:05.892+0000] {taskinstance.py:3901} INFO - 0 downstream tasks scheduled from follow-on schedule check
[2025-04-16T15:55:06.047+0000] {local_task_job_runner.py:245} INFO - ::endgroup::
