[2025-04-16T16:52:45.280+0000] {local_task_job_runner.py:123} INFO - ::group::Pre task execution logs
[2025-04-16T16:52:45.339+0000] {taskinstance.py:2614} INFO - Dependencies all met for dep_context=non-requeueable deps ti=<TaskInstance: beer_data_processing.create_dim_brewery manual__2025-04-16T16:51:28.772565+00:00 [queued]>
[2025-04-16T16:52:45.380+0000] {taskinstance.py:2614} INFO - Dependencies all met for dep_context=requeueable deps ti=<TaskInstance: beer_data_processing.create_dim_brewery manual__2025-04-16T16:51:28.772565+00:00 [queued]>
[2025-04-16T16:52:45.382+0000] {taskinstance.py:2867} INFO - Starting attempt 1 of 6
[2025-04-16T16:52:45.429+0000] {taskinstance.py:2890} INFO - Executing <Task(PythonOperator): create_dim_brewery> on 2025-04-16 16:51:28.772565+00:00
[2025-04-16T16:52:45.465+0000] {standard_task_runner.py:104} INFO - Running: ['***', 'tasks', 'run', 'beer_data_processing', 'create_dim_brewery', 'manual__2025-04-16T16:51:28.772565+00:00', '--job-id', '696', '--raw', '--subdir', 'DAGS_FOLDER/beer_data_processing_dag.py', '--cfg-path', '/tmp/tmp6fgtdx6j']
[2025-04-16T16:52:45.470+0000] {standard_task_runner.py:105} INFO - Job 696: Subtask create_dim_brewery
[2025-04-16T16:52:45.479+0000] {logging_mixin.py:190} WARNING - /home/***/.local/lib/python3.12/site-packages/***/task/task_runner/standard_task_runner.py:70 DeprecationWarning: This process (pid=6619) is multi-threaded, use of fork() may lead to deadlocks in the child.
[2025-04-16T16:52:45.481+0000] {standard_task_runner.py:72} INFO - Started process 6781 to run task
[2025-04-16T16:52:45.606+0000] {task_command.py:467} INFO - Running <TaskInstance: beer_data_processing.create_dim_brewery manual__2025-04-16T16:51:28.772565+00:00 [running]> on host 3e53738720c8
[2025-04-16T16:52:45.865+0000] {taskinstance.py:3134} INFO - Exporting env vars: AIRFLOW_CTX_DAG_OWNER='***' AIRFLOW_CTX_DAG_ID='beer_data_processing' AIRFLOW_CTX_TASK_ID='create_dim_brewery' AIRFLOW_CTX_EXECUTION_DATE='2025-04-16T16:51:28.772565+00:00' AIRFLOW_CTX_TRY_NUMBER='1' AIRFLOW_CTX_DAG_RUN_ID='manual__2025-04-16T16:51:28.772565+00:00'
[2025-04-16T16:52:45.870+0000] {logging_mixin.py:190} INFO - Task instance is in running state
[2025-04-16T16:52:45.872+0000] {logging_mixin.py:190} INFO -  Previous state of the Task instance: queued
[2025-04-16T16:52:45.873+0000] {logging_mixin.py:190} INFO - Current task name:create_dim_brewery state:running start_date:2025-04-16 16:52:45.340608+00:00
[2025-04-16T16:52:45.875+0000] {logging_mixin.py:190} INFO - Dag name:beer_data_processing and current dag run status:running
[2025-04-16T16:52:45.876+0000] {taskinstance.py:732} INFO - ::endgroup::
[2025-04-16T16:52:46.030+0000] {base.py:84} INFO - Retrieving connection 'postgres_conn'
[2025-04-16T16:52:46.795+0000] {logging_mixin.py:190} INFO - Створено датасет dim_brewery з 935 записами
[2025-04-16T16:52:46.797+0000] {python.py:240} INFO - Done. Returned value was: True
[2025-04-16T16:52:46.846+0000] {taskinstance.py:341} INFO - ::group::Post task execution logs
[2025-04-16T16:52:46.847+0000] {taskinstance.py:353} INFO - Marking task as SUCCESS. dag_id=beer_data_processing, task_id=create_dim_brewery, run_id=manual__2025-04-16T16:51:28.772565+00:00, execution_date=20250416T165128, start_date=20250416T165245, end_date=20250416T165246
[2025-04-16T16:52:46.899+0000] {logging_mixin.py:190} INFO - Task instance in success state
[2025-04-16T16:52:46.901+0000] {logging_mixin.py:190} INFO -  Previous state of the Task instance: running
[2025-04-16T16:52:46.903+0000] {logging_mixin.py:190} INFO - Dag name:beer_data_processing queued_at:2025-04-16 16:51:28.821154+00:00
[2025-04-16T16:52:46.904+0000] {logging_mixin.py:190} INFO - Task hostname:3e53738720c8 operator:PythonOperator
[2025-04-16T16:52:46.952+0000] {local_task_job_runner.py:266} INFO - Task exited with return code 0
[2025-04-16T16:52:47.020+0000] {taskinstance.py:3901} INFO - 0 downstream tasks scheduled from follow-on schedule check
[2025-04-16T16:52:47.028+0000] {local_task_job_runner.py:245} INFO - ::endgroup::
