[2025-04-10T09:50:05.056+0000] {local_task_job_runner.py:123} INFO - ::group::Pre task execution logs
[2025-04-10T09:50:05.119+0000] {taskinstance.py:2614} INFO - Dependencies all met for dep_context=non-requeueable deps ti=<TaskInstance: beer_data_processing.create_dim_style manual__2025-04-10T09:49:24.777495+00:00 [queued]>
[2025-04-10T09:50:05.151+0000] {taskinstance.py:2614} INFO - Dependencies all met for dep_context=requeueable deps ti=<TaskInstance: beer_data_processing.create_dim_style manual__2025-04-10T09:49:24.777495+00:00 [queued]>
[2025-04-10T09:50:05.153+0000] {taskinstance.py:2867} INFO - Starting attempt 1 of 6
[2025-04-10T09:50:05.212+0000] {taskinstance.py:2890} INFO - Executing <Task(PythonOperator): create_dim_style> on 2025-04-10 09:49:24.777495+00:00
[2025-04-10T09:50:05.334+0000] {logging_mixin.py:190} WARNING - /home/***/.local/lib/python3.12/site-packages/***/task/task_runner/standard_task_runner.py:70 DeprecationWarning: This process (pid=22733) is multi-threaded, use of fork() may lead to deadlocks in the child.
[2025-04-10T09:50:05.327+0000] {standard_task_runner.py:104} INFO - Running: ['***', 'tasks', 'run', 'beer_data_processing', 'create_dim_style', 'manual__2025-04-10T09:49:24.777495+00:00', '--job-id', '178', '--raw', '--subdir', 'DAGS_FOLDER/beer_data_processing_dag.py', '--cfg-path', '/tmp/tmpt196o_vt']
[2025-04-10T09:50:05.370+0000] {standard_task_runner.py:72} INFO - Started process 22808 to run task
[2025-04-10T09:50:05.372+0000] {standard_task_runner.py:105} INFO - Job 178: Subtask create_dim_style
[2025-04-10T09:50:06.091+0000] {task_command.py:467} INFO - Running <TaskInstance: beer_data_processing.create_dim_style manual__2025-04-10T09:49:24.777495+00:00 [running]> on host abcc0ba2292b
[2025-04-10T09:50:06.890+0000] {taskinstance.py:3134} INFO - Exporting env vars: AIRFLOW_CTX_DAG_OWNER='***' AIRFLOW_CTX_DAG_ID='beer_data_processing' AIRFLOW_CTX_TASK_ID='create_dim_style' AIRFLOW_CTX_EXECUTION_DATE='2025-04-10T09:49:24.777495+00:00' AIRFLOW_CTX_TRY_NUMBER='1' AIRFLOW_CTX_DAG_RUN_ID='manual__2025-04-10T09:49:24.777495+00:00'
[2025-04-10T09:50:06.895+0000] {logging_mixin.py:190} INFO - Task instance is in running state
[2025-04-10T09:50:06.901+0000] {logging_mixin.py:190} INFO -  Previous state of the Task instance: queued
[2025-04-10T09:50:06.903+0000] {logging_mixin.py:190} INFO - Current task name:create_dim_style state:running start_date:2025-04-10 09:50:05.120796+00:00
[2025-04-10T09:50:06.905+0000] {logging_mixin.py:190} INFO - Dag name:beer_data_processing and current dag run status:running
[2025-04-10T09:50:06.908+0000] {taskinstance.py:732} INFO - ::endgroup::
[2025-04-10T09:50:07.117+0000] {logging_mixin.py:190} WARNING - /opt/***/dags/beer_data_processing_dag.py:108 FutureWarning: Passing literal json to 'read_json' is deprecated and will be removed in a future version. To read from a literal string, wrap it in a 'StringIO' object.
[2025-04-10T09:50:07.452+0000] {base.py:84} INFO - Retrieving connection 'postgres_conn'
[2025-04-10T09:50:07.666+0000] {logging_mixin.py:190} INFO - Створено датасет dim_style з 111 записами
[2025-04-10T09:50:07.672+0000] {python.py:240} INFO - Done. Returned value was: True
[2025-04-10T09:50:07.845+0000] {taskinstance.py:341} INFO - ::group::Post task execution logs
[2025-04-10T09:50:07.848+0000] {taskinstance.py:353} INFO - Marking task as SUCCESS. dag_id=beer_data_processing, task_id=create_dim_style, run_id=manual__2025-04-10T09:49:24.777495+00:00, execution_date=20250410T094924, start_date=20250410T095005, end_date=20250410T095007
[2025-04-10T09:50:07.956+0000] {logging_mixin.py:190} INFO - Task instance in success state
[2025-04-10T09:50:07.959+0000] {logging_mixin.py:190} INFO -  Previous state of the Task instance: running
[2025-04-10T09:50:07.962+0000] {logging_mixin.py:190} INFO - Dag name:beer_data_processing queued_at:2025-04-10 09:49:25.094288+00:00
[2025-04-10T09:50:07.964+0000] {logging_mixin.py:190} INFO - Task hostname:abcc0ba2292b operator:PythonOperator
[2025-04-10T09:50:08.031+0000] {local_task_job_runner.py:266} INFO - Task exited with return code 0
[2025-04-10T09:50:08.135+0000] {taskinstance.py:3901} INFO - 0 downstream tasks scheduled from follow-on schedule check
[2025-04-10T09:50:08.151+0000] {local_task_job_runner.py:245} INFO - ::endgroup::
