[2025-04-16T14:50:37.582+0000] {local_task_job_runner.py:123} INFO - ::group::Pre task execution logs
[2025-04-16T14:50:37.808+0000] {taskinstance.py:2614} INFO - Dependencies all met for dep_context=non-requeueable deps ti=<TaskInstance: beer_data_processing.process_robust_scaler manual__2025-04-16T14:45:32.400052+00:00 [queued]>
[2025-04-16T14:50:37.883+0000] {taskinstance.py:2614} INFO - Dependencies all met for dep_context=requeueable deps ti=<TaskInstance: beer_data_processing.process_robust_scaler manual__2025-04-16T14:45:32.400052+00:00 [queued]>
[2025-04-16T14:50:37.898+0000] {taskinstance.py:2867} INFO - Starting attempt 1 of 6
[2025-04-16T14:50:37.881+0000] {taskinstance.py:2890} INFO - Executing <Task(PythonOperator): process_robust_scaler> on 2025-04-16 14:45:32.400052+00:00
[2025-04-16T14:50:38.092+0000] {logging_mixin.py:190} WARNING - /home/***/.local/lib/python3.12/site-packages/***/task/task_runner/standard_task_runner.py:70 DeprecationWarning: This process (pid=49960) is multi-threaded, use of fork() may lead to deadlocks in the child.
[2025-04-16T14:50:38.098+0000] {standard_task_runner.py:72} INFO - Started process 50206 to run task
[2025-04-16T14:50:38.197+0000] {standard_task_runner.py:104} INFO - Running: ['***', 'tasks', 'run', 'beer_data_processing', 'process_robust_scaler', 'manual__2025-04-16T14:45:32.400052+00:00', '--job-id', '568', '--raw', '--subdir', 'DAGS_FOLDER/beer_data_processing_dag.py', '--cfg-path', '/tmp/tmpqb0_x626']
[2025-04-16T14:50:38.254+0000] {standard_task_runner.py:105} INFO - Job 568: Subtask process_robust_scaler
[2025-04-16T14:50:40.322+0000] {task_command.py:467} INFO - Running <TaskInstance: beer_data_processing.process_robust_scaler manual__2025-04-16T14:45:32.400052+00:00 [running]> on host 3e53738720c8
[2025-04-16T14:50:42.472+0000] {taskinstance.py:3134} INFO - Exporting env vars: AIRFLOW_CTX_DAG_OWNER='***' AIRFLOW_CTX_DAG_ID='beer_data_processing' AIRFLOW_CTX_TASK_ID='process_robust_scaler' AIRFLOW_CTX_EXECUTION_DATE='2025-04-16T14:45:32.400052+00:00' AIRFLOW_CTX_TRY_NUMBER='1' AIRFLOW_CTX_DAG_RUN_ID='manual__2025-04-16T14:45:32.400052+00:00'
[2025-04-16T14:50:42.478+0000] {logging_mixin.py:190} INFO - Task instance is in running state
[2025-04-16T14:50:42.479+0000] {logging_mixin.py:190} INFO -  Previous state of the Task instance: queued
[2025-04-16T14:50:42.481+0000] {logging_mixin.py:190} INFO - Current task name:process_robust_scaler state:running start_date:2025-04-16 14:50:37.814352+00:00
[2025-04-16T14:50:42.483+0000] {logging_mixin.py:190} INFO - Dag name:beer_data_processing and current dag run status:running
[2025-04-16T14:50:42.485+0000] {taskinstance.py:732} INFO - ::endgroup::
[2025-04-16T14:50:44.047+0000] {python.py:240} INFO - Done. Returned value was: True
[2025-04-16T14:50:44.449+0000] {taskinstance.py:341} INFO - ::group::Post task execution logs
[2025-04-16T14:50:44.465+0000] {taskinstance.py:353} INFO - Marking task as SUCCESS. dag_id=beer_data_processing, task_id=process_robust_scaler, run_id=manual__2025-04-16T14:45:32.400052+00:00, execution_date=20250416T144532, start_date=20250416T145037, end_date=20250416T145044
[2025-04-16T14:50:44.777+0000] {logging_mixin.py:190} INFO - Task instance in success state
[2025-04-16T14:50:44.782+0000] {logging_mixin.py:190} INFO -  Previous state of the Task instance: running
[2025-04-16T14:50:44.790+0000] {logging_mixin.py:190} INFO - Dag name:beer_data_processing queued_at:2025-04-16 14:45:34.333208+00:00
[2025-04-16T14:50:44.792+0000] {logging_mixin.py:190} INFO - Task hostname:3e53738720c8 operator:PythonOperator
[2025-04-16T14:50:44.899+0000] {local_task_job_runner.py:266} INFO - Task exited with return code 0
[2025-04-16T14:50:45.054+0000] {local_task_job_runner.py:245} INFO - ::endgroup::
