[2025-04-16T13:04:26.903+0000] {local_task_job_runner.py:123} INFO - ::group::Pre task execution logs
[2025-04-16T13:04:27.005+0000] {taskinstance.py:2614} INFO - Dependencies all met for dep_context=non-requeueable deps ti=<TaskInstance: beer_data_processing.process_proportions scheduled__2025-04-13T00:00:00+00:00 [queued]>
[2025-04-16T13:04:27.051+0000] {taskinstance.py:2614} INFO - Dependencies all met for dep_context=requeueable deps ti=<TaskInstance: beer_data_processing.process_proportions scheduled__2025-04-13T00:00:00+00:00 [queued]>
[2025-04-16T13:04:27.053+0000] {taskinstance.py:2867} INFO - Starting attempt 1 of 6
[2025-04-16T13:04:27.107+0000] {taskinstance.py:2890} INFO - Executing <Task(PythonOperator): process_proportions> on 2025-04-13 00:00:00+00:00
[2025-04-16T13:04:27.247+0000] {logging_mixin.py:190} WARNING - /home/***/.local/lib/python3.12/site-packages/***/task/task_runner/standard_task_runner.py:70 DeprecationWarning: This process (pid=2959) is multi-threaded, use of fork() may lead to deadlocks in the child.
[2025-04-16T13:04:27.249+0000] {standard_task_runner.py:104} INFO - Running: ['***', 'tasks', 'run', 'beer_data_processing', 'process_proportions', 'scheduled__2025-04-13T00:00:00+00:00', '--job-id', '403', '--raw', '--subdir', 'DAGS_FOLDER/beer_data_processing_dag.py', '--cfg-path', '/tmp/tmpl6pfk_8m']
[2025-04-16T13:04:27.262+0000] {standard_task_runner.py:72} INFO - Started process 3269 to run task
[2025-04-16T13:04:27.265+0000] {standard_task_runner.py:105} INFO - Job 403: Subtask process_proportions
[2025-04-16T13:04:27.761+0000] {task_command.py:467} INFO - Running <TaskInstance: beer_data_processing.process_proportions scheduled__2025-04-13T00:00:00+00:00 [running]> on host 3e53738720c8
[2025-04-16T13:04:28.585+0000] {taskinstance.py:3134} INFO - Exporting env vars: AIRFLOW_CTX_DAG_OWNER='***' AIRFLOW_CTX_DAG_ID='beer_data_processing' AIRFLOW_CTX_TASK_ID='process_proportions' AIRFLOW_CTX_EXECUTION_DATE='2025-04-13T00:00:00+00:00' AIRFLOW_CTX_TRY_NUMBER='1' AIRFLOW_CTX_DAG_RUN_ID='scheduled__2025-04-13T00:00:00+00:00'
[2025-04-16T13:04:28.601+0000] {logging_mixin.py:190} INFO - Task instance is in running state
[2025-04-16T13:04:28.614+0000] {logging_mixin.py:190} INFO -  Previous state of the Task instance: queued
[2025-04-16T13:04:28.635+0000] {logging_mixin.py:190} INFO - Current task name:process_proportions state:running start_date:2025-04-16 13:04:27.008419+00:00
[2025-04-16T13:04:28.653+0000] {logging_mixin.py:190} INFO - Dag name:beer_data_processing and current dag run status:running
[2025-04-16T13:04:28.682+0000] {taskinstance.py:732} INFO - ::endgroup::
[2025-04-16T13:04:37.617+0000] {python.py:240} INFO - Done. Returned value was: True
[2025-04-16T13:04:37.863+0000] {taskinstance.py:341} INFO - ::group::Post task execution logs
[2025-04-16T13:04:37.868+0000] {taskinstance.py:353} INFO - Marking task as SUCCESS. dag_id=beer_data_processing, task_id=process_proportions, run_id=scheduled__2025-04-13T00:00:00+00:00, execution_date=20250413T000000, start_date=20250416T130427, end_date=20250416T130437
[2025-04-16T13:04:38.003+0000] {logging_mixin.py:190} INFO - Task instance in success state
[2025-04-16T13:04:38.007+0000] {logging_mixin.py:190} INFO -  Previous state of the Task instance: running
[2025-04-16T13:04:38.019+0000] {logging_mixin.py:190} INFO - Dag name:beer_data_processing queued_at:2025-04-16 12:41:30.704242+00:00
[2025-04-16T13:04:38.032+0000] {logging_mixin.py:190} INFO - Task hostname:3e53738720c8 operator:PythonOperator
[2025-04-16T13:04:38.172+0000] {local_task_job_runner.py:266} INFO - Task exited with return code 0
[2025-04-16T13:04:38.364+0000] {taskinstance.py:3901} INFO - 2 downstream tasks scheduled from follow-on schedule check
[2025-04-16T13:04:38.375+0000] {local_task_job_runner.py:245} INFO - ::endgroup::
