[2025-04-16T22:28:46.401+0000] {local_task_job_runner.py:123} INFO - ::group::Pre task execution logs
[2025-04-16T22:28:46.467+0000] {taskinstance.py:2614} INFO - Dependencies all met for dep_context=non-requeueable deps ti=<TaskInstance: beer_data_processing.process_robust_scaler manual__2025-04-16T22:28:24.981382+00:00 [queued]>
[2025-04-16T22:28:46.501+0000] {taskinstance.py:2614} INFO - Dependencies all met for dep_context=requeueable deps ti=<TaskInstance: beer_data_processing.process_robust_scaler manual__2025-04-16T22:28:24.981382+00:00 [queued]>
[2025-04-16T22:28:46.502+0000] {taskinstance.py:2867} INFO - Starting attempt 1 of 6
[2025-04-16T22:28:46.558+0000] {taskinstance.py:2890} INFO - Executing <Task(PythonOperator): process_robust_scaler> on 2025-04-16 22:28:24.981382+00:00
[2025-04-16T22:28:46.612+0000] {logging_mixin.py:190} WARNING - /home/***/.local/lib/python3.12/site-packages/***/task/task_runner/standard_task_runner.py:70 DeprecationWarning: This process (pid=30386) is multi-threaded, use of fork() may lead to deadlocks in the child.
[2025-04-16T22:28:46.621+0000] {standard_task_runner.py:72} INFO - Started process 30447 to run task
[2025-04-16T22:28:46.617+0000] {standard_task_runner.py:104} INFO - Running: ['***', 'tasks', 'run', 'beer_data_processing', 'process_robust_scaler', 'manual__2025-04-16T22:28:24.981382+00:00', '--job-id', '884', '--raw', '--subdir', 'DAGS_FOLDER/beer_data_processing_dag.py', '--cfg-path', '/tmp/tmphi07al4l']
[2025-04-16T22:28:46.628+0000] {standard_task_runner.py:105} INFO - Job 884: Subtask process_robust_scaler
[2025-04-16T22:28:46.938+0000] {task_command.py:467} INFO - Running <TaskInstance: beer_data_processing.process_robust_scaler manual__2025-04-16T22:28:24.981382+00:00 [running]> on host a0d0456bae2c
[2025-04-16T22:28:47.384+0000] {taskinstance.py:3134} INFO - Exporting env vars: AIRFLOW_CTX_DAG_OWNER='***' AIRFLOW_CTX_DAG_ID='beer_data_processing' AIRFLOW_CTX_TASK_ID='process_robust_scaler' AIRFLOW_CTX_EXECUTION_DATE='2025-04-16T22:28:24.981382+00:00' AIRFLOW_CTX_TRY_NUMBER='1' AIRFLOW_CTX_DAG_RUN_ID='manual__2025-04-16T22:28:24.981382+00:00'
[2025-04-16T22:28:47.388+0000] {logging_mixin.py:190} INFO - Task instance is in running state
[2025-04-16T22:28:47.390+0000] {logging_mixin.py:190} INFO -  Previous state of the Task instance: queued
[2025-04-16T22:28:47.393+0000] {logging_mixin.py:190} INFO - Current task name:process_robust_scaler state:running start_date:2025-04-16 22:28:46.469024+00:00
[2025-04-16T22:28:47.395+0000] {logging_mixin.py:190} INFO - Dag name:beer_data_processing and current dag run status:running
[2025-04-16T22:28:47.399+0000] {taskinstance.py:732} INFO - ::endgroup::
[2025-04-16T22:28:47.669+0000] {logging_mixin.py:190} INFO - Robust Scaling Example - Original: {'ABV': 10.0, 'Min IBU': 60.0, 'Max IBU': 100.0, 'number_of_reviews': 218.0}
[2025-04-16T22:28:47.671+0000] {logging_mixin.py:190} INFO - Robust Scaling Example - Scaled: {'ABV': 1.5384615384615388, 'Min IBU': 4.0, 'Max IBU': 3.25, 'number_of_reviews': 0.4789272030651341}
[2025-04-16T22:28:47.834+0000] {python.py:240} INFO - Done. Returned value was: True
[2025-04-16T22:28:47.919+0000] {taskinstance.py:341} INFO - ::group::Post task execution logs
[2025-04-16T22:28:47.921+0000] {taskinstance.py:353} INFO - Marking task as SUCCESS. dag_id=beer_data_processing, task_id=process_robust_scaler, run_id=manual__2025-04-16T22:28:24.981382+00:00, execution_date=20250416T222824, start_date=20250416T222846, end_date=20250416T222847
[2025-04-16T22:28:48.018+0000] {logging_mixin.py:190} INFO - Task instance in success state
[2025-04-16T22:28:48.021+0000] {logging_mixin.py:190} INFO -  Previous state of the Task instance: running
[2025-04-16T22:28:48.024+0000] {logging_mixin.py:190} INFO - Dag name:beer_data_processing queued_at:2025-04-16 22:28:25.450526+00:00
[2025-04-16T22:28:48.025+0000] {logging_mixin.py:190} INFO - Task hostname:a0d0456bae2c operator:PythonOperator
[2025-04-16T22:28:48.146+0000] {local_task_job_runner.py:266} INFO - Task exited with return code 0
[2025-04-16T22:28:48.249+0000] {taskinstance.py:3901} INFO - 0 downstream tasks scheduled from follow-on schedule check
[2025-04-16T22:28:48.255+0000] {local_task_job_runner.py:245} INFO - ::endgroup::
