[2025-04-16T12:59:50.762+0000] {local_task_job_runner.py:123} INFO - ::group::Pre task execution logs
[2025-04-16T12:59:52.487+0000] {taskinstance.py:2614} INFO - Dependencies all met for dep_context=non-requeueable deps ti=<TaskInstance: beer_data_processing.create_dim_style scheduled__2025-04-10T00:00:00+00:00 [queued]>
[2025-04-16T12:59:52.634+0000] {taskinstance.py:2614} INFO - Dependencies all met for dep_context=requeueable deps ti=<TaskInstance: beer_data_processing.create_dim_style scheduled__2025-04-10T00:00:00+00:00 [queued]>
[2025-04-16T12:59:52.652+0000] {taskinstance.py:2867} INFO - Starting attempt 3 of 6
[2025-04-16T12:59:52.913+0000] {taskinstance.py:2890} INFO - Executing <Task(PythonOperator): create_dim_style> on 2025-04-10 00:00:00+00:00
[2025-04-16T12:59:53.409+0000] {logging_mixin.py:190} WARNING - /home/***/.local/lib/python3.12/site-packages/***/task/task_runner/standard_task_runner.py:70 DeprecationWarning: This process (pid=2745) is multi-threaded, use of fork() may lead to deadlocks in the child.
[2025-04-16T12:59:53.585+0000] {standard_task_runner.py:72} INFO - Started process 2899 to run task
[2025-04-16T12:59:53.553+0000] {standard_task_runner.py:104} INFO - Running: ['***', 'tasks', 'run', 'beer_data_processing', 'create_dim_style', 'scheduled__2025-04-10T00:00:00+00:00', '--job-id', '392', '--raw', '--subdir', 'DAGS_FOLDER/beer_data_processing_dag.py', '--cfg-path', '/tmp/tmplwg52dfw']
[2025-04-16T12:59:53.703+0000] {standard_task_runner.py:105} INFO - Job 392: Subtask create_dim_style
[2025-04-16T12:59:57.225+0000] {task_command.py:467} INFO - Running <TaskInstance: beer_data_processing.create_dim_style scheduled__2025-04-10T00:00:00+00:00 [running]> on host 3e53738720c8
[2025-04-16T13:00:00.675+0000] {taskinstance.py:3134} INFO - Exporting env vars: AIRFLOW_CTX_DAG_OWNER='***' AIRFLOW_CTX_DAG_ID='beer_data_processing' AIRFLOW_CTX_TASK_ID='create_dim_style' AIRFLOW_CTX_EXECUTION_DATE='2025-04-10T00:00:00+00:00' AIRFLOW_CTX_TRY_NUMBER='3' AIRFLOW_CTX_DAG_RUN_ID='scheduled__2025-04-10T00:00:00+00:00'
[2025-04-16T13:00:00.711+0000] {job.py:229} INFO - Heartbeat recovered after 12.98 seconds
[2025-04-16T13:00:00.996+0000] {logging_mixin.py:190} INFO - Task instance is in running state
[2025-04-16T13:00:01.203+0000] {logging_mixin.py:190} INFO -  Previous state of the Task instance: queued
[2025-04-16T13:00:01.250+0000] {logging_mixin.py:190} INFO - Current task name:create_dim_style state:running start_date:2025-04-16 12:59:52.532081+00:00
[2025-04-16T13:00:01.258+0000] {logging_mixin.py:190} INFO - Dag name:beer_data_processing and current dag run status:running
[2025-04-16T13:00:01.608+0000] {taskinstance.py:732} INFO - ::endgroup::
[2025-04-16T13:00:20.560+0000] {job.py:229} INFO - Heartbeat recovered after 19.97 seconds
[2025-04-16T13:00:40.946+0000] {job.py:229} INFO - Heartbeat recovered after 21.66 seconds
[2025-04-16T13:00:48.517+0000] {base.py:84} INFO - Retrieving connection 'postgres_conn'
[2025-04-16T13:00:57.514+0000] {logging_mixin.py:190} INFO - Створено датасет dim_style з 113 записами
[2025-04-16T13:00:58.010+0000] {python.py:240} INFO - Done. Returned value was: True
[2025-04-16T13:01:00.038+0000] {job.py:229} INFO - Heartbeat recovered after 10.74 seconds
[2025-04-16T13:01:00.899+0000] {taskinstance.py:341} INFO - ::group::Post task execution logs
[2025-04-16T13:01:01.019+0000] {taskinstance.py:353} INFO - Marking task as SUCCESS. dag_id=beer_data_processing, task_id=create_dim_style, run_id=scheduled__2025-04-10T00:00:00+00:00, execution_date=20250410T000000, start_date=20250416T125952, end_date=20250416T130100
[2025-04-16T13:01:02.413+0000] {logging_mixin.py:190} INFO - Task instance in success state
[2025-04-16T13:01:02.461+0000] {logging_mixin.py:190} INFO -  Previous state of the Task instance: running
[2025-04-16T13:01:02.468+0000] {logging_mixin.py:190} INFO - Dag name:beer_data_processing queued_at:2025-04-16 12:41:26.863776+00:00
[2025-04-16T13:01:02.498+0000] {logging_mixin.py:190} INFO - Task hostname:3e53738720c8 operator:PythonOperator
[2025-04-16T13:01:03.337+0000] {local_task_job_runner.py:266} INFO - Task exited with return code 0
[2025-04-16T13:01:04.443+0000] {taskinstance.py:3901} INFO - 0 downstream tasks scheduled from follow-on schedule check
[2025-04-16T13:01:04.514+0000] {local_task_job_runner.py:245} INFO - ::endgroup::
[2025-04-16T13:01:05.674+0000] {standard_task_runner.py:217} INFO - Process not found (most likely exited), stop collecting metrics
