[2025-04-10T09:57:38.708+0000] {local_task_job_runner.py:123} INFO - ::group::Pre task execution logs
[2025-04-10T09:57:38.826+0000] {taskinstance.py:2614} INFO - Dependencies all met for dep_context=non-requeueable deps ti=<TaskInstance: beer_data_processing.create_dim_style manual__2025-04-10T09:57:09.376072+00:00 [queued]>
[2025-04-10T09:57:38.861+0000] {taskinstance.py:2614} INFO - Dependencies all met for dep_context=requeueable deps ti=<TaskInstance: beer_data_processing.create_dim_style manual__2025-04-10T09:57:09.376072+00:00 [queued]>
[2025-04-10T09:57:38.863+0000] {taskinstance.py:2867} INFO - Starting attempt 1 of 6
[2025-04-10T09:57:38.928+0000] {taskinstance.py:2890} INFO - Executing <Task(PythonOperator): create_dim_style> on 2025-04-10 09:57:09.376072+00:00
[2025-04-10T09:57:39.037+0000] {logging_mixin.py:190} WARNING - /home/***/.local/lib/python3.12/site-packages/***/task/task_runner/standard_task_runner.py:70 DeprecationWarning: This process (pid=25263) is multi-threaded, use of fork() may lead to deadlocks in the child.
[2025-04-10T09:57:39.032+0000] {standard_task_runner.py:104} INFO - Running: ['***', 'tasks', 'run', 'beer_data_processing', 'create_dim_style', 'manual__2025-04-10T09:57:09.376072+00:00', '--job-id', '197', '--raw', '--subdir', 'DAGS_FOLDER/beer_data_processing_dag.py', '--cfg-path', '/tmp/tmpq6m5nup4']
[2025-04-10T09:57:39.043+0000] {standard_task_runner.py:72} INFO - Started process 25274 to run task
[2025-04-10T09:57:39.045+0000] {standard_task_runner.py:105} INFO - Job 197: Subtask create_dim_style
[2025-04-10T09:57:39.331+0000] {task_command.py:467} INFO - Running <TaskInstance: beer_data_processing.create_dim_style manual__2025-04-10T09:57:09.376072+00:00 [running]> on host abcc0ba2292b
[2025-04-10T09:57:40.146+0000] {taskinstance.py:3134} INFO - Exporting env vars: AIRFLOW_CTX_DAG_OWNER='***' AIRFLOW_CTX_DAG_ID='beer_data_processing' AIRFLOW_CTX_TASK_ID='create_dim_style' AIRFLOW_CTX_EXECUTION_DATE='2025-04-10T09:57:09.376072+00:00' AIRFLOW_CTX_TRY_NUMBER='1' AIRFLOW_CTX_DAG_RUN_ID='manual__2025-04-10T09:57:09.376072+00:00'
[2025-04-10T09:57:40.220+0000] {logging_mixin.py:190} INFO - Task instance is in running state
[2025-04-10T09:57:40.222+0000] {logging_mixin.py:190} INFO -  Previous state of the Task instance: queued
[2025-04-10T09:57:40.223+0000] {logging_mixin.py:190} INFO - Current task name:create_dim_style state:running start_date:2025-04-10 09:57:38.828268+00:00
[2025-04-10T09:57:40.227+0000] {logging_mixin.py:190} INFO - Dag name:beer_data_processing and current dag run status:running
[2025-04-10T09:57:40.320+0000] {taskinstance.py:732} INFO - ::endgroup::
[2025-04-10T09:57:41.211+0000] {logging_mixin.py:190} WARNING - /opt/***/dags/beer_data_processing_dag.py:108 FutureWarning: Passing literal json to 'read_json' is deprecated and will be removed in a future version. To read from a literal string, wrap it in a 'StringIO' object.
[2025-04-10T09:57:42.984+0000] {base.py:84} INFO - Retrieving connection 'postgres_conn'
[2025-04-10T09:57:44.197+0000] {logging_mixin.py:190} INFO - Створено датасет dim_style з 111 записами
[2025-04-10T09:57:44.248+0000] {python.py:240} INFO - Done. Returned value was: True
[2025-04-10T09:57:44.967+0000] {taskinstance.py:341} INFO - ::group::Post task execution logs
[2025-04-10T09:57:45.060+0000] {taskinstance.py:353} INFO - Marking task as SUCCESS. dag_id=beer_data_processing, task_id=create_dim_style, run_id=manual__2025-04-10T09:57:09.376072+00:00, execution_date=20250410T095709, start_date=20250410T095738, end_date=20250410T095744
[2025-04-10T09:57:45.635+0000] {logging_mixin.py:190} INFO - Task instance in success state
[2025-04-10T09:57:45.644+0000] {logging_mixin.py:190} INFO -  Previous state of the Task instance: running
[2025-04-10T09:57:45.652+0000] {logging_mixin.py:190} INFO - Dag name:beer_data_processing queued_at:2025-04-10 09:57:09.595680+00:00
[2025-04-10T09:57:45.660+0000] {logging_mixin.py:190} INFO - Task hostname:abcc0ba2292b operator:PythonOperator
[2025-04-10T09:57:45.850+0000] {local_task_job_runner.py:266} INFO - Task exited with return code 0
[2025-04-10T09:57:46.107+0000] {taskinstance.py:3901} INFO - 0 downstream tasks scheduled from follow-on schedule check
[2025-04-10T09:57:46.123+0000] {local_task_job_runner.py:245} INFO - ::endgroup::
