[2025-04-16T13:08:01.882+0000] {task_command.py:467} INFO - Running <TaskInstance: beer_data_processing.create_dim_beer_table scheduled__2025-04-12T00:00:00+00:00 [queued]> on host 3e53738720c8
[2025-04-16T13:08:10.185+0000] {taskinstance.py:3134} INFO - Exporting env vars: AIRFLOW_CTX_DAG_OWNER='***' AIRFLOW_CTX_DAG_ID='beer_data_processing' AIRFLOW_CTX_TASK_ID='create_dim_beer_table' AIRFLOW_CTX_EXECUTION_DATE='2025-04-12T00:00:00+00:00' AIRFLOW_CTX_TRY_NUMBER='3' AIRFLOW_CTX_DAG_RUN_ID='scheduled__2025-04-12T00:00:00+00:00'
[2025-04-16T13:08:10.215+0000] {logging_mixin.py:190} INFO - Task instance is in running state
[2025-04-16T13:08:10.229+0000] {logging_mixin.py:190} INFO -  Previous state of the Task instance: queued
[2025-04-16T13:08:10.240+0000] {logging_mixin.py:190} INFO - Current task name:create_dim_beer_table state:queued start_date:2025-04-16 13:07:59.048670+00:00
[2025-04-16T13:08:10.242+0000] {logging_mixin.py:190} INFO - Dag name:beer_data_processing and current dag run status:running
[2025-04-16T13:08:10.245+0000] {taskinstance.py:732} INFO - ::endgroup::
[2025-04-16T13:08:10.249+0000] {sql.py:295} INFO - Executing: 
    CREATE TABLE IF NOT EXISTS dim_beer (
        beer_id SERIAL PRIMARY KEY,
        beer_name VARCHAR(255) NOT NULL UNIQUE
    );
    
[2025-04-16T13:08:10.430+0000] {base.py:84} INFO - Retrieving connection 'postgres_conn'
[2025-04-16T13:08:10.548+0000] {base.py:84} INFO - Retrieving connection 'postgres_conn'
[2025-04-16T13:08:10.585+0000] {sql.py:511} INFO - Running statement: 
    CREATE TABLE IF NOT EXISTS dim_beer (
        beer_id SERIAL PRIMARY KEY,
        beer_name VARCHAR(255) NOT NULL UNIQUE
    );
    , parameters: None
[2025-04-16T13:08:10.610+0000] {logging_mixin.py:190} WARNING - /home/***/.local/lib/python3.12/site-packages/***/providers/common/sql/hooks/sql.py:470 DeprecationWarning: Import of fetch_all_handler from the '***.providers.common.sql.hooks' module is deprecated and will
be removed in the future. Please import it from '***.providers.common.sql.hooks.handlers'.
[2025-04-16T13:08:10.622+0000] {logging_mixin.py:190} WARNING - /home/***/.local/lib/python3.12/site-packages/***/providers/common/sql/hooks/sql.py:471 DeprecationWarning: Import of return_single_query_results from the '***.providers.common.sql.hooks' module is deprecated and will
be removed in the future. Please import it from '***.providers.common.sql.hooks.handlers'.
[2025-04-16T13:08:10.644+0000] {logging_mixin.py:190} WARNING - /home/***/.local/lib/python3.12/site-packages/***/providers/common/sql/hooks/sql.py:486 DeprecationWarning: Import of return_single_query_results from the '***.providers.common.sql.hooks' module is deprecated and will
be removed in the future. Please import it from '***.providers.common.sql.hooks.handlers'.
[2025-04-16T13:08:10.654+0000] {logging_mixin.py:190} WARNING - /home/***/.local/lib/python3.12/site-packages/***/providers/common/sql/operators/sql.py:311 DeprecationWarning: Import of return_single_query_results from the '***.providers.common.sql.hooks' module is deprecated and will
be removed in the future. Please import it from '***.providers.common.sql.hooks.handlers'.
[2025-04-16T13:08:10.777+0000] {taskinstance.py:341} INFO - ::group::Post task execution logs
[2025-04-16T13:08:10.782+0000] {taskinstance.py:353} INFO - Marking task as SUCCESS. dag_id=beer_data_processing, task_id=create_dim_beer_table, run_id=scheduled__2025-04-12T00:00:00+00:00, execution_date=20250412T000000, start_date=20250416T130759, end_date=20250416T130810
[2025-04-16T13:08:10.975+0000] {logging_mixin.py:190} INFO - Task instance in success state
[2025-04-16T13:08:10.977+0000] {logging_mixin.py:190} INFO -  Previous state of the Task instance: running
[2025-04-16T13:08:10.979+0000] {logging_mixin.py:190} INFO - Dag name:beer_data_processing queued_at:2025-04-16 12:41:29.848920+00:00
[2025-04-16T13:08:10.984+0000] {logging_mixin.py:190} INFO - Task hostname:3e53738720c8 operator:SQLExecuteQueryOperator
[2025-04-16T13:08:34.243+0000] {local_task_job_runner.py:123} INFO - ::group::Pre task execution logs
[2025-04-16T13:08:34.320+0000] {taskinstance.py:2604} INFO - Dependencies not met for <TaskInstance: beer_data_processing.create_dim_beer_table scheduled__2025-04-12T00:00:00+00:00 [success]>, dependency 'Task Instance State' FAILED: Task is in the 'success' state.
[2025-04-16T13:08:34.409+0000] {local_task_job_runner.py:166} INFO - Task is not able to be run
