[2025-04-17T12:19:18.676+0000] {local_task_job_runner.py:123} INFO - ::group::Pre task execution logs
[2025-04-17T12:19:18.871+0000] {taskinstance.py:2614} INFO - Dependencies all met for dep_context=non-requeueable deps ti=<TaskInstance: beer_data_processing.process_min_max scheduled__2025-04-17T09:00:00+00:00 [queued]>
[2025-04-17T12:19:18.938+0000] {taskinstance.py:2614} INFO - Dependencies all met for dep_context=requeueable deps ti=<TaskInstance: beer_data_processing.process_min_max scheduled__2025-04-17T09:00:00+00:00 [queued]>
[2025-04-17T12:19:18.940+0000] {taskinstance.py:2867} INFO - Starting attempt 2 of 6
[2025-04-17T12:19:19.114+0000] {taskinstance.py:2890} INFO - Executing <Task(PythonOperator): process_min_max> on 2025-04-17 09:00:00+00:00
[2025-04-17T12:19:19.549+0000] {standard_task_runner.py:104} INFO - Running: ['***', 'tasks', 'run', 'beer_data_processing', 'process_min_max', 'scheduled__2025-04-17T09:00:00+00:00', '--job-id', '966', '--raw', '--subdir', 'DAGS_FOLDER/beer_data_processing_dag.py', '--cfg-path', '/tmp/tmpyud14zt0']
[2025-04-17T12:19:19.623+0000] {standard_task_runner.py:105} INFO - Job 966: Subtask process_min_max
[2025-04-17T12:19:19.652+0000] {logging_mixin.py:190} WARNING - /home/***/.local/lib/python3.12/site-packages/***/task/task_runner/standard_task_runner.py:70 DeprecationWarning: This process (pid=1799) is multi-threaded, use of fork() may lead to deadlocks in the child.
[2025-04-17T12:19:19.724+0000] {standard_task_runner.py:72} INFO - Started process 2120 to run task
[2025-04-17T12:19:20.617+0000] {task_command.py:467} INFO - Running <TaskInstance: beer_data_processing.process_min_max scheduled__2025-04-17T09:00:00+00:00 [running]> on host a0d0456bae2c
[2025-04-17T12:19:23.099+0000] {taskinstance.py:3134} INFO - Exporting env vars: AIRFLOW_CTX_DAG_OWNER='***' AIRFLOW_CTX_DAG_ID='beer_data_processing' AIRFLOW_CTX_TASK_ID='process_min_max' AIRFLOW_CTX_EXECUTION_DATE='2025-04-17T09:00:00+00:00' AIRFLOW_CTX_TRY_NUMBER='2' AIRFLOW_CTX_DAG_RUN_ID='scheduled__2025-04-17T09:00:00+00:00'
[2025-04-17T12:19:23.186+0000] {logging_mixin.py:190} INFO - Task instance is in running state
[2025-04-17T12:19:23.190+0000] {logging_mixin.py:190} INFO -  Previous state of the Task instance: queued
[2025-04-17T12:19:23.195+0000] {logging_mixin.py:190} INFO - Current task name:process_min_max state:running start_date:2025-04-17 12:19:18.875163+00:00
[2025-04-17T12:19:23.198+0000] {logging_mixin.py:190} INFO - Dag name:beer_data_processing and current dag run status:running
[2025-04-17T12:19:23.200+0000] {taskinstance.py:732} INFO - ::endgroup::
[2025-04-17T12:19:23.955+0000] {logging_mixin.py:190} INFO - MinMax Scaling Example - Original: {'review_aroma': 4.013761, 'review_appearance': 4.15367, 'review_palate': 4.084862, 'review_taste': 4.094037, 'review_overall': 3.961009}
[2025-04-17T12:19:23.956+0000] {logging_mixin.py:190} INFO - MinMax Scaling Example - Scaled: {'review_aroma': 0.7174411991800331, 'review_appearance': 0.8342625025926924, 'review_palate': 0.753616711260253, 'review_taste': 0.7606890008067171, 'review_overall': 0.7310846570432619}
[2025-04-17T12:19:24.304+0000] {python.py:240} INFO - Done. Returned value was: True
[2025-04-17T12:19:24.506+0000] {taskinstance.py:341} INFO - ::group::Post task execution logs
[2025-04-17T12:19:24.508+0000] {taskinstance.py:353} INFO - Marking task as SUCCESS. dag_id=beer_data_processing, task_id=process_min_max, run_id=scheduled__2025-04-17T09:00:00+00:00, execution_date=20250417T090000, start_date=20250417T121918, end_date=20250417T121924
[2025-04-17T12:19:25.218+0000] {logging_mixin.py:190} INFO - Task instance in success state
[2025-04-17T12:19:25.226+0000] {logging_mixin.py:190} INFO -  Previous state of the Task instance: running
[2025-04-17T12:19:25.230+0000] {logging_mixin.py:190} INFO - Dag name:beer_data_processing queued_at:2025-04-17 11:36:15.873430+00:00
[2025-04-17T12:19:25.232+0000] {logging_mixin.py:190} INFO - Task hostname:a0d0456bae2c operator:PythonOperator
[2025-04-17T12:19:25.383+0000] {local_task_job_runner.py:266} INFO - Task exited with return code 0
[2025-04-17T12:19:25.577+0000] {taskinstance.py:3901} INFO - 1 downstream tasks scheduled from follow-on schedule check
[2025-04-17T12:19:25.592+0000] {local_task_job_runner.py:245} INFO - ::endgroup::
