[2025-04-16T13:04:39.720+0000] {local_task_job_runner.py:123} INFO - ::group::Pre task execution logs
[2025-04-16T13:04:39.893+0000] {taskinstance.py:2614} INFO - Dependencies all met for dep_context=non-requeueable deps ti=<TaskInstance: beer_data_processing.process_robust_scaler scheduled__2025-04-13T00:00:00+00:00 [queued]>
[2025-04-16T13:04:40.009+0000] {taskinstance.py:2614} INFO - Dependencies all met for dep_context=requeueable deps ti=<TaskInstance: beer_data_processing.process_robust_scaler scheduled__2025-04-13T00:00:00+00:00 [queued]>
[2025-04-16T13:04:40.022+0000] {taskinstance.py:2867} INFO - Starting attempt 1 of 6
[2025-04-16T13:04:40.140+0000] {taskinstance.py:2890} INFO - Executing <Task(PythonOperator): process_robust_scaler> on 2025-04-13 00:00:00+00:00
[2025-04-16T13:04:40.319+0000] {logging_mixin.py:190} WARNING - /home/***/.local/lib/python3.12/site-packages/***/task/task_runner/standard_task_runner.py:70 DeprecationWarning: This process (pid=2961) is multi-threaded, use of fork() may lead to deadlocks in the child.
[2025-04-16T13:04:40.336+0000] {standard_task_runner.py:104} INFO - Running: ['***', 'tasks', 'run', 'beer_data_processing', 'process_robust_scaler', 'scheduled__2025-04-13T00:00:00+00:00', '--job-id', '407', '--raw', '--subdir', 'DAGS_FOLDER/beer_data_processing_dag.py', '--cfg-path', '/tmp/tmpksnfl_pn']
[2025-04-16T13:04:40.344+0000] {standard_task_runner.py:72} INFO - Started process 3313 to run task
[2025-04-16T13:04:40.345+0000] {standard_task_runner.py:105} INFO - Job 407: Subtask process_robust_scaler
[2025-04-16T13:04:40.802+0000] {task_command.py:467} INFO - Running <TaskInstance: beer_data_processing.process_robust_scaler scheduled__2025-04-13T00:00:00+00:00 [running]> on host 3e53738720c8
[2025-04-16T13:04:41.617+0000] {taskinstance.py:3134} INFO - Exporting env vars: AIRFLOW_CTX_DAG_OWNER='***' AIRFLOW_CTX_DAG_ID='beer_data_processing' AIRFLOW_CTX_TASK_ID='process_robust_scaler' AIRFLOW_CTX_EXECUTION_DATE='2025-04-13T00:00:00+00:00' AIRFLOW_CTX_TRY_NUMBER='1' AIRFLOW_CTX_DAG_RUN_ID='scheduled__2025-04-13T00:00:00+00:00'
[2025-04-16T13:04:41.624+0000] {logging_mixin.py:190} INFO - Task instance is in running state
[2025-04-16T13:04:41.631+0000] {logging_mixin.py:190} INFO -  Previous state of the Task instance: queued
[2025-04-16T13:04:41.635+0000] {logging_mixin.py:190} INFO - Current task name:process_robust_scaler state:running start_date:2025-04-16 13:04:39.905803+00:00
[2025-04-16T13:04:41.639+0000] {logging_mixin.py:190} INFO - Dag name:beer_data_processing and current dag run status:running
[2025-04-16T13:04:41.646+0000] {taskinstance.py:732} INFO - ::endgroup::
[2025-04-16T13:04:43.924+0000] {python.py:240} INFO - Done. Returned value was: True
[2025-04-16T13:04:46.001+0000] {taskinstance.py:341} INFO - ::group::Post task execution logs
[2025-04-16T13:04:46.121+0000] {taskinstance.py:353} INFO - Marking task as SUCCESS. dag_id=beer_data_processing, task_id=process_robust_scaler, run_id=scheduled__2025-04-13T00:00:00+00:00, execution_date=20250413T000000, start_date=20250416T130439, end_date=20250416T130446
[2025-04-16T13:04:47.092+0000] {logging_mixin.py:190} INFO - Task instance in success state
[2025-04-16T13:04:47.118+0000] {logging_mixin.py:190} INFO -  Previous state of the Task instance: running
[2025-04-16T13:04:47.184+0000] {logging_mixin.py:190} INFO - Dag name:beer_data_processing queued_at:2025-04-16 12:41:30.704242+00:00
[2025-04-16T13:04:47.443+0000] {logging_mixin.py:190} INFO - Task hostname:3e53738720c8 operator:PythonOperator
[2025-04-16T13:04:48.581+0000] {local_task_job_runner.py:266} INFO - Task exited with return code 0
[2025-04-16T13:04:50.034+0000] {taskinstance.py:3901} INFO - 0 downstream tasks scheduled from follow-on schedule check
[2025-04-16T13:04:50.123+0000] {local_task_job_runner.py:245} INFO - ::endgroup::
[2025-04-16T13:04:50.751+0000] {standard_task_runner.py:217} INFO - Process not found (most likely exited), stop collecting metrics
