[2025-04-10T13:49:51.041+0000] {local_task_job_runner.py:123} INFO - ::group::Pre task execution logs
[2025-04-10T13:49:51.371+0000] {taskinstance.py:2614} INFO - Dependencies all met for dep_context=non-requeueable deps ti=<TaskInstance: beer_data_processing.process_min_max manual__2025-04-10T13:43:01.188156+00:00 [queued]>
[2025-04-10T13:49:51.469+0000] {taskinstance.py:2614} INFO - Dependencies all met for dep_context=requeueable deps ti=<TaskInstance: beer_data_processing.process_min_max manual__2025-04-10T13:43:01.188156+00:00 [queued]>
[2025-04-10T13:49:51.476+0000] {taskinstance.py:2867} INFO - Starting attempt 2 of 6
[2025-04-10T13:49:51.637+0000] {taskinstance.py:2890} INFO - Executing <Task(PythonOperator): process_min_max> on 2025-04-10 13:43:01.188156+00:00
[2025-04-10T13:49:52.515+0000] {logging_mixin.py:190} WARNING - /home/***/.local/lib/python3.12/site-packages/***/task/task_runner/standard_task_runner.py:70 DeprecationWarning: This process (pid=13600) is multi-threaded, use of fork() may lead to deadlocks in the child.
[2025-04-10T13:49:52.545+0000] {standard_task_runner.py:104} INFO - Running: ['***', 'tasks', 'run', 'beer_data_processing', 'process_min_max', 'manual__2025-04-10T13:43:01.188156+00:00', '--job-id', '307', '--raw', '--subdir', 'DAGS_FOLDER/beer_data_processing_dag.py', '--cfg-path', '/tmp/tmpxq9jk_6w']
[2025-04-10T13:49:52.560+0000] {standard_task_runner.py:72} INFO - Started process 13761 to run task
[2025-04-10T13:49:52.579+0000] {standard_task_runner.py:105} INFO - Job 307: Subtask process_min_max
[2025-04-10T13:49:53.157+0000] {task_command.py:467} INFO - Running <TaskInstance: beer_data_processing.process_min_max manual__2025-04-10T13:43:01.188156+00:00 [running]> on host 3e53738720c8
[2025-04-10T13:49:54.439+0000] {taskinstance.py:3134} INFO - Exporting env vars: AIRFLOW_CTX_DAG_OWNER='***' AIRFLOW_CTX_DAG_ID='beer_data_processing' AIRFLOW_CTX_TASK_ID='process_min_max' AIRFLOW_CTX_EXECUTION_DATE='2025-04-10T13:43:01.188156+00:00' AIRFLOW_CTX_TRY_NUMBER='2' AIRFLOW_CTX_DAG_RUN_ID='manual__2025-04-10T13:43:01.188156+00:00'
[2025-04-10T13:49:54.575+0000] {logging_mixin.py:190} INFO - Task instance is in running state
[2025-04-10T13:49:54.587+0000] {logging_mixin.py:190} INFO -  Previous state of the Task instance: queued
[2025-04-10T13:49:54.609+0000] {logging_mixin.py:190} INFO - Current task name:process_min_max state:running start_date:2025-04-10 13:49:51.378370+00:00
[2025-04-10T13:49:54.616+0000] {logging_mixin.py:190} INFO - Dag name:beer_data_processing and current dag run status:running
[2025-04-10T13:49:54.625+0000] {taskinstance.py:732} INFO - ::endgroup::
[2025-04-10T13:50:00.873+0000] {python.py:240} INFO - Done. Returned value was: True
[2025-04-10T13:50:01.769+0000] {taskinstance.py:341} INFO - ::group::Post task execution logs
[2025-04-10T13:50:01.817+0000] {taskinstance.py:353} INFO - Marking task as SUCCESS. dag_id=beer_data_processing, task_id=process_min_max, run_id=manual__2025-04-10T13:43:01.188156+00:00, execution_date=20250410T134301, start_date=20250410T134951, end_date=20250410T135001
[2025-04-10T13:50:02.325+0000] {logging_mixin.py:190} INFO - Task instance in success state
[2025-04-10T13:50:02.347+0000] {logging_mixin.py:190} INFO -  Previous state of the Task instance: running
[2025-04-10T13:50:02.356+0000] {logging_mixin.py:190} INFO - Dag name:beer_data_processing queued_at:2025-04-10 13:43:02.020273+00:00
[2025-04-10T13:50:02.384+0000] {logging_mixin.py:190} INFO - Task hostname:3e53738720c8 operator:PythonOperator
[2025-04-10T13:50:02.598+0000] {local_task_job_runner.py:266} INFO - Task exited with return code 0
[2025-04-10T13:50:02.897+0000] {standard_task_runner.py:217} INFO - Process not found (most likely exited), stop collecting metrics
[2025-04-10T13:50:03.121+0000] {taskinstance.py:3901} INFO - 0 downstream tasks scheduled from follow-on schedule check
[2025-04-10T13:50:03.154+0000] {local_task_job_runner.py:245} INFO - ::endgroup::
