[2025-04-16T21:50:05.382+0000] {local_task_job_runner.py:123} INFO - ::group::Pre task execution logs
[2025-04-16T21:50:05.478+0000] {taskinstance.py:2614} INFO - Dependencies all met for dep_context=non-requeueable deps ti=<TaskInstance: beer_data_processing.create_dim_beer_table manual__2025-04-16T21:49:33.580918+00:00 [queued]>
[2025-04-16T21:50:05.511+0000] {taskinstance.py:2614} INFO - Dependencies all met for dep_context=requeueable deps ti=<TaskInstance: beer_data_processing.create_dim_beer_table manual__2025-04-16T21:49:33.580918+00:00 [queued]>
[2025-04-16T21:50:05.513+0000] {taskinstance.py:2867} INFO - Starting attempt 1 of 6
[2025-04-16T21:50:05.617+0000] {taskinstance.py:2890} INFO - Executing <Task(SQLExecuteQueryOperator): create_dim_beer_table> on 2025-04-16 21:49:33.580918+00:00
[2025-04-16T21:50:05.730+0000] {standard_task_runner.py:104} INFO - Running: ['***', 'tasks', 'run', 'beer_data_processing', 'create_dim_beer_table', 'manual__2025-04-16T21:49:33.580918+00:00', '--job-id', '834', '--raw', '--subdir', 'DAGS_FOLDER/beer_data_processing_dag.py', '--cfg-path', '/tmp/tmpi079qg0h']
[2025-04-16T21:50:05.741+0000] {standard_task_runner.py:105} INFO - Job 834: Subtask create_dim_beer_table
[2025-04-16T21:50:05.753+0000] {logging_mixin.py:190} WARNING - /home/***/.local/lib/python3.12/site-packages/***/task/task_runner/standard_task_runner.py:70 DeprecationWarning: This process (pid=6789) is multi-threaded, use of fork() may lead to deadlocks in the child.
[2025-04-16T21:50:05.759+0000] {standard_task_runner.py:72} INFO - Started process 6942 to run task
[2025-04-16T21:50:06.251+0000] {task_command.py:467} INFO - Running <TaskInstance: beer_data_processing.create_dim_beer_table manual__2025-04-16T21:49:33.580918+00:00 [running]> on host a0d0456bae2c
[2025-04-16T21:50:07.065+0000] {taskinstance.py:3134} INFO - Exporting env vars: AIRFLOW_CTX_DAG_OWNER='***' AIRFLOW_CTX_DAG_ID='beer_data_processing' AIRFLOW_CTX_TASK_ID='create_dim_beer_table' AIRFLOW_CTX_EXECUTION_DATE='2025-04-16T21:49:33.580918+00:00' AIRFLOW_CTX_TRY_NUMBER='1' AIRFLOW_CTX_DAG_RUN_ID='manual__2025-04-16T21:49:33.580918+00:00'
[2025-04-16T21:50:07.117+0000] {logging_mixin.py:190} INFO - Task instance is in running state
[2025-04-16T21:50:07.118+0000] {logging_mixin.py:190} INFO -  Previous state of the Task instance: queued
[2025-04-16T21:50:07.126+0000] {logging_mixin.py:190} INFO - Current task name:create_dim_beer_table state:running start_date:2025-04-16 21:50:05.480362+00:00
[2025-04-16T21:50:07.127+0000] {logging_mixin.py:190} INFO - Dag name:beer_data_processing and current dag run status:running
[2025-04-16T21:50:07.130+0000] {taskinstance.py:732} INFO - ::endgroup::
[2025-04-16T21:50:07.135+0000] {sql.py:295} INFO - Executing: 
    CREATE TABLE IF NOT EXISTS dim_beer (
        beer_id SERIAL PRIMARY KEY,
        beer_name VARCHAR(255) NOT NULL UNIQUE
    );
    
[2025-04-16T21:50:07.276+0000] {base.py:84} INFO - Retrieving connection 'postgres_conn'
[2025-04-16T21:50:07.359+0000] {base.py:84} INFO - Retrieving connection 'postgres_conn'
[2025-04-16T21:50:07.399+0000] {sql.py:511} INFO - Running statement: 
    CREATE TABLE IF NOT EXISTS dim_beer (
        beer_id SERIAL PRIMARY KEY,
        beer_name VARCHAR(255) NOT NULL UNIQUE
    );
    , parameters: None
[2025-04-16T21:50:07.466+0000] {logging_mixin.py:190} WARNING - /home/***/.local/lib/python3.12/site-packages/***/providers/common/sql/hooks/sql.py:470 DeprecationWarning: Import of fetch_all_handler from the '***.providers.common.sql.hooks' module is deprecated and will
be removed in the future. Please import it from '***.providers.common.sql.hooks.handlers'.
[2025-04-16T21:50:07.501+0000] {logging_mixin.py:190} WARNING - /home/***/.local/lib/python3.12/site-packages/***/providers/common/sql/hooks/sql.py:471 DeprecationWarning: Import of return_single_query_results from the '***.providers.common.sql.hooks' module is deprecated and will
be removed in the future. Please import it from '***.providers.common.sql.hooks.handlers'.
[2025-04-16T21:50:07.518+0000] {logging_mixin.py:190} WARNING - /home/***/.local/lib/python3.12/site-packages/***/providers/common/sql/hooks/sql.py:486 DeprecationWarning: Import of return_single_query_results from the '***.providers.common.sql.hooks' module is deprecated and will
be removed in the future. Please import it from '***.providers.common.sql.hooks.handlers'.
[2025-04-16T21:50:07.523+0000] {logging_mixin.py:190} WARNING - /home/***/.local/lib/python3.12/site-packages/***/providers/common/sql/operators/sql.py:311 DeprecationWarning: Import of return_single_query_results from the '***.providers.common.sql.hooks' module is deprecated and will
be removed in the future. Please import it from '***.providers.common.sql.hooks.handlers'.
[2025-04-16T21:50:07.581+0000] {taskinstance.py:341} INFO - ::group::Post task execution logs
[2025-04-16T21:50:07.588+0000] {taskinstance.py:353} INFO - Marking task as SUCCESS. dag_id=beer_data_processing, task_id=create_dim_beer_table, run_id=manual__2025-04-16T21:49:33.580918+00:00, execution_date=20250416T214933, start_date=20250416T215005, end_date=20250416T215007
[2025-04-16T21:50:07.744+0000] {logging_mixin.py:190} INFO - Task instance in success state
[2025-04-16T21:50:07.745+0000] {logging_mixin.py:190} INFO -  Previous state of the Task instance: running
[2025-04-16T21:50:07.749+0000] {logging_mixin.py:190} INFO - Dag name:beer_data_processing queued_at:2025-04-16 21:49:33.738904+00:00
[2025-04-16T21:50:07.752+0000] {logging_mixin.py:190} INFO - Task hostname:a0d0456bae2c operator:SQLExecuteQueryOperator
[2025-04-16T21:50:07.846+0000] {local_task_job_runner.py:266} INFO - Task exited with return code 0
[2025-04-16T21:50:08.026+0000] {taskinstance.py:3901} INFO - 1 downstream tasks scheduled from follow-on schedule check
[2025-04-16T21:50:08.033+0000] {local_task_job_runner.py:245} INFO - ::endgroup::
