[2025-04-16T12:49:38.564+0000] {local_task_job_runner.py:123} INFO - ::group::Pre task execution logs
[2025-04-16T12:49:38.864+0000] {taskinstance.py:2614} INFO - Dependencies all met for dep_context=non-requeueable deps ti=<TaskInstance: beer_data_processing.process_proportions scheduled__2025-04-15T00:00:00+00:00 [queued]>
[2025-04-16T12:49:38.991+0000] {taskinstance.py:2614} INFO - Dependencies all met for dep_context=requeueable deps ti=<TaskInstance: beer_data_processing.process_proportions scheduled__2025-04-15T00:00:00+00:00 [queued]>
[2025-04-16T12:49:38.997+0000] {taskinstance.py:2867} INFO - Starting attempt 2 of 6
[2025-04-16T12:49:39.253+0000] {taskinstance.py:2890} INFO - Executing <Task(PythonOperator): process_proportions> on 2025-04-15 00:00:00+00:00
[2025-04-16T12:49:39.500+0000] {standard_task_runner.py:104} INFO - Running: ['***', 'tasks', 'run', 'beer_data_processing', 'process_proportions', 'scheduled__2025-04-15T00:00:00+00:00', '--job-id', '348', '--raw', '--subdir', 'DAGS_FOLDER/beer_data_processing_dag.py', '--cfg-path', '/tmp/tmpeskonbfn']
[2025-04-16T12:49:39.562+0000] {standard_task_runner.py:105} INFO - Job 348: Subtask process_proportions
[2025-04-16T12:49:39.691+0000] {logging_mixin.py:190} WARNING - /home/***/.local/lib/python3.12/site-packages/***/task/task_runner/standard_task_runner.py:70 DeprecationWarning: This process (pid=1357) is multi-threaded, use of fork() may lead to deadlocks in the child.
[2025-04-16T12:49:39.755+0000] {standard_task_runner.py:72} INFO - Started process 1532 to run task
[2025-04-16T12:49:39.996+0000] {task_command.py:467} INFO - Running <TaskInstance: beer_data_processing.process_proportions scheduled__2025-04-15T00:00:00+00:00 [running]> on host 3e53738720c8
[2025-04-16T12:49:40.815+0000] {taskinstance.py:3134} INFO - Exporting env vars: AIRFLOW_CTX_DAG_OWNER='***' AIRFLOW_CTX_DAG_ID='beer_data_processing' AIRFLOW_CTX_TASK_ID='process_proportions' AIRFLOW_CTX_EXECUTION_DATE='2025-04-15T00:00:00+00:00' AIRFLOW_CTX_TRY_NUMBER='2' AIRFLOW_CTX_DAG_RUN_ID='scheduled__2025-04-15T00:00:00+00:00'
[2025-04-16T12:49:40.831+0000] {logging_mixin.py:190} INFO - Task instance is in running state
[2025-04-16T12:49:40.834+0000] {logging_mixin.py:190} INFO -  Previous state of the Task instance: queued
[2025-04-16T12:49:40.836+0000] {logging_mixin.py:190} INFO - Current task name:process_proportions state:running start_date:2025-04-16 12:49:38.867542+00:00
[2025-04-16T12:49:40.838+0000] {logging_mixin.py:190} INFO - Dag name:beer_data_processing and current dag run status:running
[2025-04-16T12:49:40.841+0000] {taskinstance.py:732} INFO - ::endgroup::
[2025-04-16T12:49:43.834+0000] {python.py:240} INFO - Done. Returned value was: True
[2025-04-16T12:49:44.479+0000] {taskinstance.py:341} INFO - ::group::Post task execution logs
[2025-04-16T12:49:44.487+0000] {taskinstance.py:353} INFO - Marking task as SUCCESS. dag_id=beer_data_processing, task_id=process_proportions, run_id=scheduled__2025-04-15T00:00:00+00:00, execution_date=20250415T000000, start_date=20250416T124938, end_date=20250416T124944
[2025-04-16T12:49:44.915+0000] {logging_mixin.py:190} INFO - Task instance in success state
[2025-04-16T12:49:44.925+0000] {logging_mixin.py:190} INFO -  Previous state of the Task instance: running
[2025-04-16T12:49:44.946+0000] {logging_mixin.py:190} INFO - Dag name:beer_data_processing queued_at:2025-04-16 12:42:12.417120+00:00
[2025-04-16T12:49:44.957+0000] {logging_mixin.py:190} INFO - Task hostname:3e53738720c8 operator:PythonOperator
[2025-04-16T12:49:45.056+0000] {job.py:229} INFO - Heartbeat recovered after 10.82 seconds
[2025-04-16T12:49:45.158+0000] {local_task_job_runner.py:266} INFO - Task exited with return code 0
[2025-04-16T12:49:45.457+0000] {taskinstance.py:3901} INFO - 2 downstream tasks scheduled from follow-on schedule check
[2025-04-16T12:49:45.472+0000] {local_task_job_runner.py:245} INFO - ::endgroup::
