[2025-04-17T12:44:11.990+0000] {local_task_job_runner.py:123} INFO - ::group::Pre task execution logs
[2025-04-17T12:44:12.043+0000] {taskinstance.py:2614} INFO - Dependencies all met for dep_context=non-requeueable deps ti=<TaskInstance: beer_data_processing.load_data manual__2025-04-17T12:43:59.627851+00:00 [queued]>
[2025-04-17T12:44:12.064+0000] {taskinstance.py:2614} INFO - Dependencies all met for dep_context=requeueable deps ti=<TaskInstance: beer_data_processing.load_data manual__2025-04-17T12:43:59.627851+00:00 [queued]>
[2025-04-17T12:44:12.066+0000] {taskinstance.py:2867} INFO - Starting attempt 1 of 6
[2025-04-17T12:44:12.095+0000] {taskinstance.py:2890} INFO - Executing <Task(PythonOperator): load_data> on 2025-04-17 12:43:59.627851+00:00
[2025-04-17T12:44:12.127+0000] {standard_task_runner.py:104} INFO - Running: ['***', 'tasks', 'run', 'beer_data_processing', 'load_data', 'manual__2025-04-17T12:43:59.627851+00:00', '--job-id', '1033', '--raw', '--subdir', 'DAGS_FOLDER/beer_data_processing_dag.py', '--cfg-path', '/tmp/tmp1f1fqchd']
[2025-04-17T12:44:12.131+0000] {standard_task_runner.py:105} INFO - Job 1033: Subtask load_data
[2025-04-17T12:44:12.134+0000] {logging_mixin.py:190} WARNING - /home/***/.local/lib/python3.12/site-packages/***/task/task_runner/standard_task_runner.py:70 DeprecationWarning: This process (pid=7736) is multi-threaded, use of fork() may lead to deadlocks in the child.
[2025-04-17T12:44:12.137+0000] {standard_task_runner.py:72} INFO - Started process 7775 to run task
[2025-04-17T12:44:12.269+0000] {task_command.py:467} INFO - Running <TaskInstance: beer_data_processing.load_data manual__2025-04-17T12:43:59.627851+00:00 [running]> on host a0d0456bae2c
[2025-04-17T12:44:12.606+0000] {taskinstance.py:3134} INFO - Exporting env vars: AIRFLOW_CTX_DAG_OWNER='***' AIRFLOW_CTX_DAG_ID='beer_data_processing' AIRFLOW_CTX_TASK_ID='load_data' AIRFLOW_CTX_EXECUTION_DATE='2025-04-17T12:43:59.627851+00:00' AIRFLOW_CTX_TRY_NUMBER='1' AIRFLOW_CTX_DAG_RUN_ID='manual__2025-04-17T12:43:59.627851+00:00'
[2025-04-17T12:44:12.614+0000] {logging_mixin.py:190} INFO - Task instance is in running state
[2025-04-17T12:44:12.616+0000] {logging_mixin.py:190} INFO -  Previous state of the Task instance: queued
[2025-04-17T12:44:12.618+0000] {logging_mixin.py:190} INFO - Current task name:load_data state:running start_date:2025-04-17 12:44:12.045362+00:00
[2025-04-17T12:44:12.620+0000] {logging_mixin.py:190} INFO - Dag name:beer_data_processing and current dag run status:running
[2025-04-17T12:44:12.621+0000] {taskinstance.py:732} INFO - ::endgroup::
[2025-04-17T12:44:12.998+0000] {logging_mixin.py:190} INFO - Завантажено 3197 записів з CSV файлу
[2025-04-17T12:44:13.001+0000] {python.py:240} INFO - Done. Returned value was: True
[2025-04-17T12:44:13.063+0000] {taskinstance.py:341} INFO - ::group::Post task execution logs
[2025-04-17T12:44:13.068+0000] {taskinstance.py:353} INFO - Marking task as SUCCESS. dag_id=beer_data_processing, task_id=load_data, run_id=manual__2025-04-17T12:43:59.627851+00:00, execution_date=20250417T124359, start_date=20250417T124412, end_date=20250417T124413
[2025-04-17T12:44:13.134+0000] {logging_mixin.py:190} INFO - Task instance in success state
[2025-04-17T12:44:13.136+0000] {logging_mixin.py:190} INFO -  Previous state of the Task instance: running
[2025-04-17T12:44:13.137+0000] {logging_mixin.py:190} INFO - Dag name:beer_data_processing queued_at:2025-04-17 12:43:59.855324+00:00
[2025-04-17T12:44:13.139+0000] {logging_mixin.py:190} INFO - Task hostname:a0d0456bae2c operator:PythonOperator
[2025-04-17T12:44:13.184+0000] {local_task_job_runner.py:266} INFO - Task exited with return code 0
[2025-04-17T12:44:13.279+0000] {taskinstance.py:3901} INFO - 3 downstream tasks scheduled from follow-on schedule check
[2025-04-17T12:44:13.283+0000] {local_task_job_runner.py:245} INFO - ::endgroup::
