[2025-04-16T12:43:33.252+0000] {local_task_job_runner.py:123} INFO - ::group::Pre task execution logs
[2025-04-16T12:43:33.340+0000] {taskinstance.py:2614} INFO - Dependencies all met for dep_context=non-requeueable deps ti=<TaskInstance: beer_data_processing.load_and_process_data scheduled__2025-04-14T00:00:00+00:00 [queued]>
[2025-04-16T12:43:33.385+0000] {taskinstance.py:2614} INFO - Dependencies all met for dep_context=requeueable deps ti=<TaskInstance: beer_data_processing.load_and_process_data scheduled__2025-04-14T00:00:00+00:00 [queued]>
[2025-04-16T12:43:33.391+0000] {taskinstance.py:2867} INFO - Starting attempt 1 of 6
[2025-04-16T12:43:33.438+0000] {taskinstance.py:2890} INFO - Executing <Task(PythonOperator): load_and_process_data> on 2025-04-14 00:00:00+00:00
[2025-04-16T12:43:33.468+0000] {standard_task_runner.py:104} INFO - Running: ['***', 'tasks', 'run', 'beer_data_processing', 'load_and_process_data', 'scheduled__2025-04-14T00:00:00+00:00', '--job-id', '319', '--raw', '--subdir', 'DAGS_FOLDER/beer_data_processing_dag.py', '--cfg-path', '/tmp/tmpf28n3d_2']
[2025-04-16T12:43:33.471+0000] {standard_task_runner.py:105} INFO - Job 319: Subtask load_and_process_data
[2025-04-16T12:43:33.481+0000] {logging_mixin.py:190} WARNING - /home/***/.local/lib/python3.12/site-packages/***/task/task_runner/standard_task_runner.py:70 DeprecationWarning: This process (pid=496) is multi-threaded, use of fork() may lead to deadlocks in the child.
[2025-04-16T12:43:33.486+0000] {standard_task_runner.py:72} INFO - Started process 715 to run task
[2025-04-16T12:43:33.602+0000] {task_command.py:467} INFO - Running <TaskInstance: beer_data_processing.load_and_process_data scheduled__2025-04-14T00:00:00+00:00 [running]> on host 3e53738720c8
[2025-04-16T12:43:33.860+0000] {taskinstance.py:3134} INFO - Exporting env vars: AIRFLOW_CTX_DAG_OWNER='***' AIRFLOW_CTX_DAG_ID='beer_data_processing' AIRFLOW_CTX_TASK_ID='load_and_process_data' AIRFLOW_CTX_EXECUTION_DATE='2025-04-14T00:00:00+00:00' AIRFLOW_CTX_TRY_NUMBER='1' AIRFLOW_CTX_DAG_RUN_ID='scheduled__2025-04-14T00:00:00+00:00'
[2025-04-16T12:43:33.869+0000] {logging_mixin.py:190} INFO - Task instance is in running state
[2025-04-16T12:43:33.871+0000] {logging_mixin.py:190} INFO -  Previous state of the Task instance: queued
[2025-04-16T12:43:33.873+0000] {logging_mixin.py:190} INFO - Current task name:load_and_process_data state:running start_date:2025-04-16 12:43:33.342929+00:00
[2025-04-16T12:43:33.874+0000] {logging_mixin.py:190} INFO - Dag name:beer_data_processing and current dag run status:running
[2025-04-16T12:43:33.876+0000] {taskinstance.py:732} INFO - ::endgroup::
[2025-04-16T12:43:34.500+0000] {logging_mixin.py:190} INFO - Завантажено 3197 записів з CSV файлу
[2025-04-16T12:43:34.506+0000] {python.py:240} INFO - Done. Returned value was: True
[2025-04-16T12:43:34.627+0000] {taskinstance.py:341} INFO - ::group::Post task execution logs
[2025-04-16T12:43:34.632+0000] {taskinstance.py:353} INFO - Marking task as SUCCESS. dag_id=beer_data_processing, task_id=load_and_process_data, run_id=scheduled__2025-04-14T00:00:00+00:00, execution_date=20250414T000000, start_date=20250416T124333, end_date=20250416T124334
[2025-04-16T12:43:34.749+0000] {logging_mixin.py:190} INFO - Task instance in success state
[2025-04-16T12:43:34.757+0000] {logging_mixin.py:190} INFO -  Previous state of the Task instance: running
[2025-04-16T12:43:34.759+0000] {logging_mixin.py:190} INFO - Dag name:beer_data_processing queued_at:2025-04-16 12:42:08.084545+00:00
[2025-04-16T12:43:34.762+0000] {logging_mixin.py:190} INFO - Task hostname:3e53738720c8 operator:PythonOperator
[2025-04-16T12:43:34.837+0000] {local_task_job_runner.py:266} INFO - Task exited with return code 0
[2025-04-16T12:43:34.862+0000] {local_task_job_runner.py:245} INFO - ::endgroup::
