[2025-04-10T06:29:54.955+0000] {local_task_job_runner.py:123} INFO - ::group::Pre task execution logs
[2025-04-10T06:29:55.027+0000] {taskinstance.py:2614} INFO - Dependencies all met for dep_context=non-requeueable deps ti=<TaskInstance: beer_data_processing.create_dim_style manual__2025-04-10T06:29:16.313208+00:00 [queued]>
[2025-04-10T06:29:55.056+0000] {taskinstance.py:2614} INFO - Dependencies all met for dep_context=requeueable deps ti=<TaskInstance: beer_data_processing.create_dim_style manual__2025-04-10T06:29:16.313208+00:00 [queued]>
[2025-04-10T06:29:55.058+0000] {taskinstance.py:2867} INFO - Starting attempt 1 of 1
[2025-04-10T06:29:55.090+0000] {taskinstance.py:2890} INFO - Executing <Task(PythonOperator): create_dim_style> on 2025-04-10 06:29:16.313208+00:00
[2025-04-10T06:29:55.149+0000] {standard_task_runner.py:104} INFO - Running: ['***', 'tasks', 'run', 'beer_data_processing', 'create_dim_style', 'manual__2025-04-10T06:29:16.313208+00:00', '--job-id', '102', '--raw', '--subdir', 'DAGS_FOLDER/beer_data_processing_dag.py', '--cfg-path', '/tmp/tmpk2ohmklx']
[2025-04-10T06:29:55.152+0000] {standard_task_runner.py:105} INFO - Job 102: Subtask create_dim_style
[2025-04-10T06:29:55.161+0000] {logging_mixin.py:190} WARNING - /home/***/.local/lib/python3.12/site-packages/***/task/task_runner/standard_task_runner.py:70 DeprecationWarning: This process (pid=5918) is multi-threaded, use of fork() may lead to deadlocks in the child.
[2025-04-10T06:29:55.163+0000] {standard_task_runner.py:72} INFO - Started process 5922 to run task
[2025-04-10T06:29:55.321+0000] {task_command.py:467} INFO - Running <TaskInstance: beer_data_processing.create_dim_style manual__2025-04-10T06:29:16.313208+00:00 [running]> on host 893b969cc7b0
[2025-04-10T06:29:55.862+0000] {taskinstance.py:3134} INFO - Exporting env vars: AIRFLOW_CTX_DAG_OWNER='***' AIRFLOW_CTX_DAG_ID='beer_data_processing' AIRFLOW_CTX_TASK_ID='create_dim_style' AIRFLOW_CTX_EXECUTION_DATE='2025-04-10T06:29:16.313208+00:00' AIRFLOW_CTX_TRY_NUMBER='1' AIRFLOW_CTX_DAG_RUN_ID='manual__2025-04-10T06:29:16.313208+00:00'
[2025-04-10T06:29:55.910+0000] {logging_mixin.py:190} INFO - Task instance is in running state
[2025-04-10T06:29:55.911+0000] {logging_mixin.py:190} INFO -  Previous state of the Task instance: queued
[2025-04-10T06:29:55.914+0000] {logging_mixin.py:190} INFO - Current task name:create_dim_style state:running start_date:2025-04-10 06:29:55.028699+00:00
[2025-04-10T06:29:55.915+0000] {logging_mixin.py:190} INFO - Dag name:beer_data_processing and current dag run status:running
[2025-04-10T06:29:55.918+0000] {taskinstance.py:732} INFO - ::endgroup::
[2025-04-10T06:29:56.513+0000] {logging_mixin.py:190} WARNING - /opt/***/dags/beer_data_processing_dag.py:108 FutureWarning: Passing literal json to 'read_json' is deprecated and will be removed in a future version. To read from a literal string, wrap it in a 'StringIO' object.
[2025-04-10T06:29:57.172+0000] {base.py:84} INFO - Retrieving connection 'postgres_conn'
[2025-04-10T06:30:02.535+0000] {logging_mixin.py:190} INFO - Створено датасет dim_style з 111 записами
[2025-04-10T06:30:02.540+0000] {python.py:240} INFO - Done. Returned value was: True
[2025-04-10T06:30:02.597+0000] {taskinstance.py:341} INFO - ::group::Post task execution logs
[2025-04-10T06:30:02.599+0000] {taskinstance.py:353} INFO - Marking task as SUCCESS. dag_id=beer_data_processing, task_id=create_dim_style, run_id=manual__2025-04-10T06:29:16.313208+00:00, execution_date=20250410T062916, start_date=20250410T062955, end_date=20250410T063002
[2025-04-10T06:30:02.650+0000] {logging_mixin.py:190} INFO - Task instance in success state
[2025-04-10T06:30:02.651+0000] {logging_mixin.py:190} INFO -  Previous state of the Task instance: running
[2025-04-10T06:30:02.654+0000] {logging_mixin.py:190} INFO - Dag name:beer_data_processing queued_at:2025-04-10 06:29:16.898497+00:00
[2025-04-10T06:30:02.655+0000] {logging_mixin.py:190} INFO - Task hostname:893b969cc7b0 operator:PythonOperator
[2025-04-10T06:30:02.689+0000] {local_task_job_runner.py:266} INFO - Task exited with return code 0
[2025-04-10T06:30:02.713+0000] {local_task_job_runner.py:245} INFO - ::endgroup::
