[2025-04-10T06:29:45.822+0000] {local_task_job_runner.py:123} INFO - ::group::Pre task execution logs
[2025-04-10T06:29:45.880+0000] {taskinstance.py:2614} INFO - Dependencies all met for dep_context=non-requeueable deps ti=<TaskInstance: beer_data_processing.create_tables manual__2025-04-10T06:29:16.313208+00:00 [queued]>
[2025-04-10T06:29:45.911+0000] {taskinstance.py:2614} INFO - Dependencies all met for dep_context=requeueable deps ti=<TaskInstance: beer_data_processing.create_tables manual__2025-04-10T06:29:16.313208+00:00 [queued]>
[2025-04-10T06:29:45.913+0000] {taskinstance.py:2867} INFO - Starting attempt 1 of 1
[2025-04-10T06:29:45.949+0000] {taskinstance.py:2890} INFO - Executing <Task(SQLExecuteQueryOperator): create_tables> on 2025-04-10 06:29:16.313208+00:00
[2025-04-10T06:29:45.970+0000] {standard_task_runner.py:104} INFO - Running: ['***', 'tasks', 'run', 'beer_data_processing', 'create_tables', 'manual__2025-04-10T06:29:16.313208+00:00', '--job-id', '99', '--raw', '--subdir', 'DAGS_FOLDER/beer_data_processing_dag.py', '--cfg-path', '/tmp/tmpsxupqar8']
[2025-04-10T06:29:45.974+0000] {standard_task_runner.py:105} INFO - Job 99: Subtask create_tables
[2025-04-10T06:29:45.982+0000] {logging_mixin.py:190} WARNING - /home/***/.local/lib/python3.12/site-packages/***/task/task_runner/standard_task_runner.py:70 DeprecationWarning: This process (pid=5770) is multi-threaded, use of fork() may lead to deadlocks in the child.
[2025-04-10T06:29:45.984+0000] {standard_task_runner.py:72} INFO - Started process 5865 to run task
[2025-04-10T06:29:46.082+0000] {task_command.py:467} INFO - Running <TaskInstance: beer_data_processing.create_tables manual__2025-04-10T06:29:16.313208+00:00 [running]> on host 893b969cc7b0
[2025-04-10T06:29:46.341+0000] {taskinstance.py:3134} INFO - Exporting env vars: AIRFLOW_CTX_DAG_OWNER='***' AIRFLOW_CTX_DAG_ID='beer_data_processing' AIRFLOW_CTX_TASK_ID='create_tables' AIRFLOW_CTX_EXECUTION_DATE='2025-04-10T06:29:16.313208+00:00' AIRFLOW_CTX_TRY_NUMBER='1' AIRFLOW_CTX_DAG_RUN_ID='manual__2025-04-10T06:29:16.313208+00:00'
[2025-04-10T06:29:46.344+0000] {logging_mixin.py:190} INFO - Task instance is in running state
[2025-04-10T06:29:46.346+0000] {logging_mixin.py:190} INFO -  Previous state of the Task instance: queued
[2025-04-10T06:29:46.347+0000] {logging_mixin.py:190} INFO - Current task name:create_tables state:running start_date:2025-04-10 06:29:45.881948+00:00
[2025-04-10T06:29:46.348+0000] {logging_mixin.py:190} INFO - Dag name:beer_data_processing and current dag run status:running
[2025-04-10T06:29:46.349+0000] {taskinstance.py:732} INFO - ::endgroup::
[2025-04-10T06:29:46.350+0000] {sql.py:295} INFO - Executing: 
    -- Створення таблиці dim_beer
    CREATE TABLE IF NOT EXISTS dim_beer (
        beer_id INTEGER PRIMARY KEY,
        beer_name VARCHAR(255) NOT NULL
    );
    
    -- Створення таблиці dim_style
    CREATE TABLE IF NOT EXISTS dim_style (
        style_id INTEGER PRIMARY KEY,
        style_name VARCHAR(255) NOT NULL
    );
    
    -- Створення таблиці dim_brewery
    CREATE TABLE IF NOT EXISTS dim_brewery (
        brewery_id INTEGER PRIMARY KEY,
        brewery_name VARCHAR(255) NOT NULL
    );
    
    -- Створення таблиці фактів
    CREATE TABLE IF NOT EXISTS fact_beer (
        beer_id INTEGER REFERENCES dim_beer(beer_id),
        style_id INTEGER REFERENCES dim_style(style_id),
        brewery_id INTEGER REFERENCES dim_brewery(brewery_id),
        abv FLOAT,
        min_ibu FLOAT,
        max_ibu FLOAT,
        astringency FLOAT,
        body FLOAT,
        alcohol FLOAT,
        bitter FLOAT,
        sweet FLOAT,
        sour FLOAT,
        salty FLOAT,
        fruits FLOAT,
        hoppy FLOAT,
        spices FLOAT,
        malty FLOAT,
        average_review_overall NUMERIC(3,2),
        number_of_reviews INTEGER,
        PRIMARY KEY (beer_id, style_id, brewery_id)
    );
    
[2025-04-10T06:29:46.367+0000] {base.py:84} INFO - Retrieving connection 'postgres_conn'
[2025-04-10T06:29:46.384+0000] {base.py:84} INFO - Retrieving connection 'postgres_conn'
[2025-04-10T06:29:46.394+0000] {sql.py:511} INFO - Running statement: 
    -- Створення таблиці dim_beer
    CREATE TABLE IF NOT EXISTS dim_beer (
        beer_id INTEGER PRIMARY KEY,
        beer_name VARCHAR(255) NOT NULL
    );
    
    -- Створення таблиці dim_style
    CREATE TABLE IF NOT EXISTS dim_style (
        style_id INTEGER PRIMARY KEY,
        style_name VARCHAR(255) NOT NULL
    );
    
    -- Створення таблиці dim_brewery
    CREATE TABLE IF NOT EXISTS dim_brewery (
        brewery_id INTEGER PRIMARY KEY,
        brewery_name VARCHAR(255) NOT NULL
    );
    
    -- Створення таблиці фактів
    CREATE TABLE IF NOT EXISTS fact_beer (
        beer_id INTEGER REFERENCES dim_beer(beer_id),
        style_id INTEGER REFERENCES dim_style(style_id),
        brewery_id INTEGER REFERENCES dim_brewery(brewery_id),
        abv FLOAT,
        min_ibu FLOAT,
        max_ibu FLOAT,
        astringency FLOAT,
        body FLOAT,
        alcohol FLOAT,
        bitter FLOAT,
        sweet FLOAT,
        sour FLOAT,
        salty FLOAT,
        fruits FLOAT,
        hoppy FLOAT,
        spices FLOAT,
        malty FLOAT,
        average_review_overall NUMERIC(3,2),
        number_of_reviews INTEGER,
        PRIMARY KEY (beer_id, style_id, brewery_id)
    );
    , parameters: None
[2025-04-10T06:29:46.412+0000] {logging_mixin.py:190} WARNING - /home/***/.local/lib/python3.12/site-packages/***/providers/common/sql/hooks/sql.py:470 DeprecationWarning: Import of fetch_all_handler from the '***.providers.common.sql.hooks' module is deprecated and will
be removed in the future. Please import it from '***.providers.common.sql.hooks.handlers'.
[2025-04-10T06:29:46.420+0000] {logging_mixin.py:190} WARNING - /home/***/.local/lib/python3.12/site-packages/***/providers/common/sql/hooks/sql.py:471 DeprecationWarning: Import of return_single_query_results from the '***.providers.common.sql.hooks' module is deprecated and will
be removed in the future. Please import it from '***.providers.common.sql.hooks.handlers'.
[2025-04-10T06:29:46.425+0000] {logging_mixin.py:190} WARNING - /home/***/.local/lib/python3.12/site-packages/***/providers/common/sql/hooks/sql.py:486 DeprecationWarning: Import of return_single_query_results from the '***.providers.common.sql.hooks' module is deprecated and will
be removed in the future. Please import it from '***.providers.common.sql.hooks.handlers'.
[2025-04-10T06:29:46.430+0000] {logging_mixin.py:190} WARNING - /home/***/.local/lib/python3.12/site-packages/***/providers/common/sql/operators/sql.py:311 DeprecationWarning: Import of return_single_query_results from the '***.providers.common.sql.hooks' module is deprecated and will
be removed in the future. Please import it from '***.providers.common.sql.hooks.handlers'.
[2025-04-10T06:29:46.455+0000] {taskinstance.py:341} INFO - ::group::Post task execution logs
[2025-04-10T06:29:46.457+0000] {taskinstance.py:353} INFO - Marking task as SUCCESS. dag_id=beer_data_processing, task_id=create_tables, run_id=manual__2025-04-10T06:29:16.313208+00:00, execution_date=20250410T062916, start_date=20250410T062945, end_date=20250410T062946
[2025-04-10T06:29:46.517+0000] {logging_mixin.py:190} INFO - Task instance in success state
[2025-04-10T06:29:46.519+0000] {logging_mixin.py:190} INFO -  Previous state of the Task instance: running
[2025-04-10T06:29:46.521+0000] {logging_mixin.py:190} INFO - Dag name:beer_data_processing queued_at:2025-04-10 06:29:16.898497+00:00
[2025-04-10T06:29:46.522+0000] {logging_mixin.py:190} INFO - Task hostname:893b969cc7b0 operator:SQLExecuteQueryOperator
[2025-04-10T06:29:46.568+0000] {local_task_job_runner.py:266} INFO - Task exited with return code 0
[2025-04-10T06:29:46.633+0000] {taskinstance.py:3901} INFO - 1 downstream tasks scheduled from follow-on schedule check
[2025-04-10T06:29:46.637+0000] {local_task_job_runner.py:245} INFO - ::endgroup::
