[2025-04-17T12:09:46.365+0000] {local_task_job_runner.py:123} INFO - ::group::Pre task execution logs
[2025-04-17T12:09:46.551+0000] {taskinstance.py:2614} INFO - Dependencies all met for dep_context=non-requeueable deps ti=<TaskInstance: beer_data_processing.load_data scheduled__2025-04-17T02:00:00+00:00 [queued]>
[2025-04-17T12:09:46.669+0000] {taskinstance.py:2614} INFO - Dependencies all met for dep_context=requeueable deps ti=<TaskInstance: beer_data_processing.load_data scheduled__2025-04-17T02:00:00+00:00 [queued]>
[2025-04-17T12:09:46.670+0000] {taskinstance.py:2867} INFO - Starting attempt 2 of 6
[2025-04-17T12:09:46.762+0000] {taskinstance.py:2890} INFO - Executing <Task(PythonOperator): load_data> on 2025-04-17 02:00:00+00:00
[2025-04-17T12:09:47.065+0000] {logging_mixin.py:190} WARNING - /home/***/.local/lib/python3.12/site-packages/***/task/task_runner/standard_task_runner.py:70 DeprecationWarning: This process (pid=288) is multi-threaded, use of fork() may lead to deadlocks in the child.
[2025-04-17T12:09:47.056+0000] {standard_task_runner.py:104} INFO - Running: ['***', 'tasks', 'run', 'beer_data_processing', 'load_data', 'scheduled__2025-04-17T02:00:00+00:00', '--job-id', '906', '--raw', '--subdir', 'DAGS_FOLDER/beer_data_processing_dag.py', '--cfg-path', '/tmp/tmp0rhsg2wb']
[2025-04-17T12:09:47.084+0000] {standard_task_runner.py:105} INFO - Job 906: Subtask load_data
[2025-04-17T12:09:47.083+0000] {standard_task_runner.py:72} INFO - Started process 479 to run task
[2025-04-17T12:09:47.944+0000] {task_command.py:467} INFO - Running <TaskInstance: beer_data_processing.load_data scheduled__2025-04-17T02:00:00+00:00 [running]> on host a0d0456bae2c
[2025-04-17T12:09:48.808+0000] {taskinstance.py:3134} INFO - Exporting env vars: AIRFLOW_CTX_DAG_OWNER='***' AIRFLOW_CTX_DAG_ID='beer_data_processing' AIRFLOW_CTX_TASK_ID='load_data' AIRFLOW_CTX_EXECUTION_DATE='2025-04-17T02:00:00+00:00' AIRFLOW_CTX_TRY_NUMBER='2' AIRFLOW_CTX_DAG_RUN_ID='scheduled__2025-04-17T02:00:00+00:00'
[2025-04-17T12:09:48.830+0000] {logging_mixin.py:190} INFO - Task instance is in running state
[2025-04-17T12:09:48.833+0000] {logging_mixin.py:190} INFO -  Previous state of the Task instance: queued
[2025-04-17T12:09:48.838+0000] {logging_mixin.py:190} INFO - Current task name:load_data state:running start_date:2025-04-17 12:09:46.553534+00:00
[2025-04-17T12:09:48.842+0000] {logging_mixin.py:190} INFO - Dag name:beer_data_processing and current dag run status:running
[2025-04-17T12:09:48.856+0000] {taskinstance.py:732} INFO - ::endgroup::
[2025-04-17T12:09:59.926+0000] {logging_mixin.py:190} INFO - Завантажено 3197 записів з CSV файлу
[2025-04-17T12:10:00.239+0000] {python.py:240} INFO - Done. Returned value was: True
[2025-04-17T12:10:00.868+0000] {taskinstance.py:341} INFO - ::group::Post task execution logs
[2025-04-17T12:10:00.883+0000] {taskinstance.py:353} INFO - Marking task as SUCCESS. dag_id=beer_data_processing, task_id=load_data, run_id=scheduled__2025-04-17T02:00:00+00:00, execution_date=20250417T020000, start_date=20250417T120946, end_date=20250417T121000
[2025-04-17T12:10:26.486+0000] {logging_mixin.py:190} INFO - Task instance in success state
[2025-04-17T12:10:26.501+0000] {logging_mixin.py:190} INFO -  Previous state of the Task instance: running
[2025-04-17T12:10:26.503+0000] {logging_mixin.py:190} INFO - Dag name:beer_data_processing queued_at:2025-04-17 11:36:03.845239+00:00
[2025-04-17T12:10:26.507+0000] {logging_mixin.py:190} INFO - Task hostname:a0d0456bae2c operator:PythonOperator
[2025-04-17T12:10:26.810+0000] {local_task_job_runner.py:266} INFO - Task exited with return code 0
[2025-04-17T12:10:27.269+0000] {standard_task_runner.py:217} INFO - Process not found (most likely exited), stop collecting metrics
[2025-04-17T12:10:28.130+0000] {taskinstance.py:3901} INFO - 3 downstream tasks scheduled from follow-on schedule check
[2025-04-17T12:10:28.142+0000] {local_task_job_runner.py:245} INFO - ::endgroup::
