[2025-04-16T12:47:47.957+0000] {local_task_job_runner.py:123} INFO - ::group::Pre task execution logs
[2025-04-16T12:47:48.266+0000] {taskinstance.py:2614} INFO - Dependencies all met for dep_context=non-requeueable deps ti=<TaskInstance: beer_data_processing.process_proportions scheduled__2025-04-14T00:00:00+00:00 [queued]>
[2025-04-16T12:47:48.342+0000] {taskinstance.py:2614} INFO - Dependencies all met for dep_context=requeueable deps ti=<TaskInstance: beer_data_processing.process_proportions scheduled__2025-04-14T00:00:00+00:00 [queued]>
[2025-04-16T12:47:48.348+0000] {taskinstance.py:2867} INFO - Starting attempt 1 of 6
[2025-04-16T12:47:48.459+0000] {taskinstance.py:2890} INFO - Executing <Task(PythonOperator): process_proportions> on 2025-04-14 00:00:00+00:00
[2025-04-16T12:47:48.883+0000] {standard_task_runner.py:104} INFO - Running: ['***', 'tasks', 'run', 'beer_data_processing', 'process_proportions', 'scheduled__2025-04-14T00:00:00+00:00', '--job-id', '337', '--raw', '--subdir', 'DAGS_FOLDER/beer_data_processing_dag.py', '--cfg-path', '/tmp/tmp7jz201le']
[2025-04-16T12:47:48.997+0000] {standard_task_runner.py:105} INFO - Job 337: Subtask process_proportions
[2025-04-16T12:47:49.014+0000] {logging_mixin.py:190} WARNING - /home/***/.local/lib/python3.12/site-packages/***/task/task_runner/standard_task_runner.py:70 DeprecationWarning: This process (pid=763) is multi-threaded, use of fork() may lead to deadlocks in the child.
[2025-04-16T12:47:49.032+0000] {standard_task_runner.py:72} INFO - Started process 1150 to run task
[2025-04-16T12:47:50.097+0000] {task_command.py:467} INFO - Running <TaskInstance: beer_data_processing.process_proportions scheduled__2025-04-14T00:00:00+00:00 [running]> on host 3e53738720c8
[2025-04-16T12:47:51.188+0000] {taskinstance.py:3134} INFO - Exporting env vars: AIRFLOW_CTX_DAG_OWNER='***' AIRFLOW_CTX_DAG_ID='beer_data_processing' AIRFLOW_CTX_TASK_ID='process_proportions' AIRFLOW_CTX_EXECUTION_DATE='2025-04-14T00:00:00+00:00' AIRFLOW_CTX_TRY_NUMBER='1' AIRFLOW_CTX_DAG_RUN_ID='scheduled__2025-04-14T00:00:00+00:00'
[2025-04-16T12:47:51.307+0000] {logging_mixin.py:190} INFO - Task instance is in running state
[2025-04-16T12:47:51.323+0000] {logging_mixin.py:190} INFO -  Previous state of the Task instance: queued
[2025-04-16T12:47:51.362+0000] {logging_mixin.py:190} INFO - Current task name:process_proportions state:running start_date:2025-04-16 12:47:48.269277+00:00
[2025-04-16T12:47:51.384+0000] {logging_mixin.py:190} INFO - Dag name:beer_data_processing and current dag run status:running
[2025-04-16T12:47:51.400+0000] {taskinstance.py:732} INFO - ::endgroup::
[2025-04-16T12:47:54.774+0000] {python.py:240} INFO - Done. Returned value was: True
[2025-04-16T12:47:55.787+0000] {taskinstance.py:341} INFO - ::group::Post task execution logs
[2025-04-16T12:47:55.886+0000] {taskinstance.py:353} INFO - Marking task as SUCCESS. dag_id=beer_data_processing, task_id=process_proportions, run_id=scheduled__2025-04-14T00:00:00+00:00, execution_date=20250414T000000, start_date=20250416T124748, end_date=20250416T124755
[2025-04-16T12:47:57.667+0000] {logging_mixin.py:190} INFO - Task instance in success state
[2025-04-16T12:47:57.673+0000] {logging_mixin.py:190} INFO -  Previous state of the Task instance: running
[2025-04-16T12:47:57.678+0000] {logging_mixin.py:190} INFO - Dag name:beer_data_processing queued_at:2025-04-16 12:42:08.084545+00:00
[2025-04-16T12:47:57.683+0000] {logging_mixin.py:190} INFO - Task hostname:3e53738720c8 operator:PythonOperator
[2025-04-16T12:47:58.290+0000] {local_task_job_runner.py:266} INFO - Task exited with return code 0
[2025-04-16T12:47:58.354+0000] {local_task_job_runner.py:245} INFO - ::endgroup::
