[2025-04-10T10:33:55.237+0000] {local_task_job_runner.py:123} INFO - ::group::Pre task execution logs
[2025-04-10T10:33:55.349+0000] {taskinstance.py:2614} INFO - Dependencies all met for dep_context=non-requeueable deps ti=<TaskInstance: beer_data_processing.create_dim_brewery manual__2025-04-10T10:26:22.960711+00:00 [queued]>
[2025-04-10T10:33:55.397+0000] {taskinstance.py:2614} INFO - Dependencies all met for dep_context=requeueable deps ti=<TaskInstance: beer_data_processing.create_dim_brewery manual__2025-04-10T10:26:22.960711+00:00 [queued]>
[2025-04-10T10:33:55.399+0000] {taskinstance.py:2867} INFO - Starting attempt 2 of 6
[2025-04-10T10:33:55.480+0000] {taskinstance.py:2890} INFO - Executing <Task(PythonOperator): create_dim_brewery> on 2025-04-10 10:26:22.960711+00:00
[2025-04-10T10:33:55.821+0000] {standard_task_runner.py:104} INFO - Running: ['***', 'tasks', 'run', 'beer_data_processing', 'create_dim_brewery', 'manual__2025-04-10T10:26:22.960711+00:00', '--job-id', '240', '--raw', '--subdir', 'DAGS_FOLDER/beer_data_processing_dag.py', '--cfg-path', '/tmp/tmpjq9zgiua']
[2025-04-10T10:33:55.830+0000] {standard_task_runner.py:105} INFO - Job 240: Subtask create_dim_brewery
[2025-04-10T10:33:55.842+0000] {logging_mixin.py:190} WARNING - /home/***/.local/lib/python3.12/site-packages/***/task/task_runner/standard_task_runner.py:70 DeprecationWarning: This process (pid=36066) is multi-threaded, use of fork() may lead to deadlocks in the child.
[2025-04-10T10:33:55.847+0000] {standard_task_runner.py:72} INFO - Started process 36288 to run task
[2025-04-10T10:33:56.138+0000] {task_command.py:467} INFO - Running <TaskInstance: beer_data_processing.create_dim_brewery manual__2025-04-10T10:26:22.960711+00:00 [running]> on host abcc0ba2292b
[2025-04-10T10:33:55.225+0000] {taskinstance.py:3134} INFO - Exporting env vars: AIRFLOW_CTX_DAG_OWNER='***' AIRFLOW_CTX_DAG_ID='beer_data_processing' AIRFLOW_CTX_TASK_ID='create_dim_brewery' AIRFLOW_CTX_EXECUTION_DATE='2025-04-10T10:26:22.960711+00:00' AIRFLOW_CTX_TRY_NUMBER='2' AIRFLOW_CTX_DAG_RUN_ID='manual__2025-04-10T10:26:22.960711+00:00'
[2025-04-10T10:33:55.230+0000] {logging_mixin.py:190} INFO - Task instance is in running state
[2025-04-10T10:33:55.232+0000] {logging_mixin.py:190} INFO -  Previous state of the Task instance: queued
[2025-04-10T10:33:55.234+0000] {logging_mixin.py:190} INFO - Current task name:create_dim_brewery state:running start_date:2025-04-10 10:33:55.352399+00:00
[2025-04-10T10:33:55.236+0000] {logging_mixin.py:190} INFO - Dag name:beer_data_processing and current dag run status:running
[2025-04-10T10:33:55.239+0000] {taskinstance.py:732} INFO - ::endgroup::
[2025-04-10T10:33:55.772+0000] {logging_mixin.py:190} WARNING - /opt/***/dags/beer_data_processing_dag.py:149 FutureWarning: Passing literal json to 'read_json' is deprecated and will be removed in a future version. To read from a literal string, wrap it in a 'StringIO' object.
[2025-04-10T10:33:56.493+0000] {base.py:84} INFO - Retrieving connection 'postgres_conn'
[2025-04-10T10:33:57.911+0000] {logging_mixin.py:190} INFO - Створено датасет dim_brewery з 934 записами
[2025-04-10T10:33:57.917+0000] {python.py:240} INFO - Done. Returned value was: True
[2025-04-10T10:33:57.995+0000] {taskinstance.py:341} INFO - ::group::Post task execution logs
[2025-04-10T10:33:57.999+0000] {taskinstance.py:353} INFO - Marking task as SUCCESS. dag_id=beer_data_processing, task_id=create_dim_brewery, run_id=manual__2025-04-10T10:26:22.960711+00:00, execution_date=20250410T102622, start_date=20250410T103355, end_date=20250410T103357
[2025-04-10T10:33:58.086+0000] {logging_mixin.py:190} INFO - Task instance in success state
[2025-04-10T10:33:58.089+0000] {logging_mixin.py:190} INFO -  Previous state of the Task instance: running
[2025-04-10T10:33:58.091+0000] {logging_mixin.py:190} INFO - Dag name:beer_data_processing queued_at:2025-04-10 10:26:23.276188+00:00
[2025-04-10T10:33:58.093+0000] {logging_mixin.py:190} INFO - Task hostname:abcc0ba2292b operator:PythonOperator
[2025-04-10T10:33:58.162+0000] {local_task_job_runner.py:266} INFO - Task exited with return code 0
[2025-04-10T10:33:58.259+0000] {taskinstance.py:3901} INFO - 1 downstream tasks scheduled from follow-on schedule check
[2025-04-10T10:33:58.268+0000] {local_task_job_runner.py:245} INFO - ::endgroup::
