[2025-04-16T12:59:50.186+0000] {local_task_job_runner.py:123} INFO - ::group::Pre task execution logs
[2025-04-16T12:59:52.226+0000] {taskinstance.py:2614} INFO - Dependencies all met for dep_context=non-requeueable deps ti=<TaskInstance: beer_data_processing.create_dim_style scheduled__2025-04-15T00:00:00+00:00 [queued]>
[2025-04-16T12:59:52.433+0000] {taskinstance.py:2614} INFO - Dependencies all met for dep_context=requeueable deps ti=<TaskInstance: beer_data_processing.create_dim_style scheduled__2025-04-15T00:00:00+00:00 [queued]>
[2025-04-16T12:59:52.443+0000] {taskinstance.py:2867} INFO - Starting attempt 3 of 6
[2025-04-16T12:59:52.958+0000] {taskinstance.py:2890} INFO - Executing <Task(PythonOperator): create_dim_style> on 2025-04-15 00:00:00+00:00
[2025-04-16T12:59:53.706+0000] {logging_mixin.py:190} WARNING - /home/***/.local/lib/python3.12/site-packages/***/task/task_runner/standard_task_runner.py:70 DeprecationWarning: This process (pid=2749) is multi-threaded, use of fork() may lead to deadlocks in the child.
[2025-04-16T12:59:53.757+0000] {standard_task_runner.py:72} INFO - Started process 2903 to run task
[2025-04-16T12:59:53.875+0000] {standard_task_runner.py:104} INFO - Running: ['***', 'tasks', 'run', 'beer_data_processing', 'create_dim_style', 'scheduled__2025-04-15T00:00:00+00:00', '--job-id', '389', '--raw', '--subdir', 'DAGS_FOLDER/beer_data_processing_dag.py', '--cfg-path', '/tmp/tmpbsjfrtwr']
[2025-04-16T12:59:53.924+0000] {standard_task_runner.py:105} INFO - Job 389: Subtask create_dim_style
[2025-04-16T12:59:57.255+0000] {task_command.py:467} INFO - Running <TaskInstance: beer_data_processing.create_dim_style scheduled__2025-04-15T00:00:00+00:00 [running]> on host 3e53738720c8
[2025-04-16T13:00:00.644+0000] {job.py:229} INFO - Heartbeat recovered after 12.81 seconds
[2025-04-16T13:00:01.017+0000] {taskinstance.py:3134} INFO - Exporting env vars: AIRFLOW_CTX_DAG_OWNER='***' AIRFLOW_CTX_DAG_ID='beer_data_processing' AIRFLOW_CTX_TASK_ID='create_dim_style' AIRFLOW_CTX_EXECUTION_DATE='2025-04-15T00:00:00+00:00' AIRFLOW_CTX_TRY_NUMBER='3' AIRFLOW_CTX_DAG_RUN_ID='scheduled__2025-04-15T00:00:00+00:00'
[2025-04-16T13:00:01.209+0000] {logging_mixin.py:190} INFO - Task instance is in running state
[2025-04-16T13:00:01.280+0000] {logging_mixin.py:190} INFO -  Previous state of the Task instance: queued
[2025-04-16T13:00:01.854+0000] {logging_mixin.py:190} INFO - Current task name:create_dim_style state:running start_date:2025-04-16 12:59:52.286946+00:00
[2025-04-16T13:00:01.993+0000] {logging_mixin.py:190} INFO - Dag name:beer_data_processing and current dag run status:running
[2025-04-16T13:00:02.065+0000] {taskinstance.py:732} INFO - ::endgroup::
[2025-04-16T13:00:20.615+0000] {job.py:229} INFO - Heartbeat recovered after 20.07 seconds
[2025-04-16T13:00:42.061+0000] {job.py:229} INFO - Heartbeat recovered after 21.63 seconds
[2025-04-16T13:00:50.775+0000] {base.py:84} INFO - Retrieving connection 'postgres_conn'
[2025-04-16T13:00:57.006+0000] {logging_mixin.py:190} INFO - Створено датасет dim_style з 113 записами
[2025-04-16T13:00:57.475+0000] {python.py:240} INFO - Done. Returned value was: True
[2025-04-16T13:01:01.214+0000] {taskinstance.py:341} INFO - ::group::Post task execution logs
[2025-04-16T13:01:01.262+0000] {taskinstance.py:353} INFO - Marking task as SUCCESS. dag_id=beer_data_processing, task_id=create_dim_style, run_id=scheduled__2025-04-15T00:00:00+00:00, execution_date=20250415T000000, start_date=20250416T125952, end_date=20250416T130101
[2025-04-16T13:01:03.812+0000] {logging_mixin.py:190} INFO - Task instance in success state
[2025-04-16T13:01:03.839+0000] {logging_mixin.py:190} INFO -  Previous state of the Task instance: running
[2025-04-16T13:01:03.875+0000] {logging_mixin.py:190} INFO - Dag name:beer_data_processing queued_at:2025-04-16 12:42:12.417120+00:00
[2025-04-16T13:01:03.929+0000] {logging_mixin.py:190} INFO - Task hostname:3e53738720c8 operator:PythonOperator
[2025-04-16T13:01:04.682+0000] {standard_task_runner.py:217} INFO - Process not found (most likely exited), stop collecting metrics
[2025-04-16T13:01:04.701+0000] {local_task_job_runner.py:266} INFO - Task exited with return code 0
[2025-04-16T13:01:07.388+0000] {taskinstance.py:3901} INFO - 1 downstream tasks scheduled from follow-on schedule check
[2025-04-16T13:01:08.067+0000] {local_task_job_runner.py:245} INFO - ::endgroup::
