[2025-04-16T16:13:06.125+0000] {local_task_job_runner.py:123} INFO - ::group::Pre task execution logs
[2025-04-16T16:13:06.266+0000] {taskinstance.py:2614} INFO - Dependencies all met for dep_context=non-requeueable deps ti=<TaskInstance: beer_data_processing.create_dim_style scheduled__2025-04-16T15:00:00+00:00 [queued]>
[2025-04-16T16:13:06.310+0000] {taskinstance.py:2614} INFO - Dependencies all met for dep_context=requeueable deps ti=<TaskInstance: beer_data_processing.create_dim_style scheduled__2025-04-16T15:00:00+00:00 [queued]>
[2025-04-16T16:13:06.312+0000] {taskinstance.py:2867} INFO - Starting attempt 1 of 6
[2025-04-16T16:13:06.378+0000] {taskinstance.py:2890} INFO - Executing <Task(PythonOperator): create_dim_style> on 2025-04-16 15:00:00+00:00
[2025-04-16T16:13:06.476+0000] {logging_mixin.py:190} WARNING - /home/***/.local/lib/python3.12/site-packages/***/task/task_runner/standard_task_runner.py:70 DeprecationWarning: This process (pid=3375) is multi-threaded, use of fork() may lead to deadlocks in the child.
[2025-04-16T16:13:06.488+0000] {standard_task_runner.py:104} INFO - Running: ['***', 'tasks', 'run', 'beer_data_processing', 'create_dim_style', 'scheduled__2025-04-16T15:00:00+00:00', '--job-id', '681', '--raw', '--subdir', 'DAGS_FOLDER/beer_data_processing_dag.py', '--cfg-path', '/tmp/tmpnu9xona1']
[2025-04-16T16:13:06.490+0000] {standard_task_runner.py:72} INFO - Started process 3684 to run task
[2025-04-16T16:13:06.491+0000] {standard_task_runner.py:105} INFO - Job 681: Subtask create_dim_style
[2025-04-16T16:13:06.682+0000] {task_command.py:467} INFO - Running <TaskInstance: beer_data_processing.create_dim_style scheduled__2025-04-16T15:00:00+00:00 [running]> on host 3e53738720c8
[2025-04-16T16:13:07.251+0000] {taskinstance.py:3134} INFO - Exporting env vars: AIRFLOW_CTX_DAG_OWNER='***' AIRFLOW_CTX_DAG_ID='beer_data_processing' AIRFLOW_CTX_TASK_ID='create_dim_style' AIRFLOW_CTX_EXECUTION_DATE='2025-04-16T15:00:00+00:00' AIRFLOW_CTX_TRY_NUMBER='1' AIRFLOW_CTX_DAG_RUN_ID='scheduled__2025-04-16T15:00:00+00:00'
[2025-04-16T16:13:07.258+0000] {logging_mixin.py:190} INFO - Task instance is in running state
[2025-04-16T16:13:07.260+0000] {logging_mixin.py:190} INFO -  Previous state of the Task instance: queued
[2025-04-16T16:13:07.262+0000] {logging_mixin.py:190} INFO - Current task name:create_dim_style state:running start_date:2025-04-16 16:13:06.268105+00:00
[2025-04-16T16:13:07.263+0000] {logging_mixin.py:190} INFO - Dag name:beer_data_processing and current dag run status:running
[2025-04-16T16:13:07.264+0000] {taskinstance.py:732} INFO - ::endgroup::
[2025-04-16T16:13:07.717+0000] {base.py:84} INFO - Retrieving connection 'postgres_conn'
[2025-04-16T16:13:07.980+0000] {logging_mixin.py:190} INFO - Створено датасет dim_style з 112 записами
[2025-04-16T16:13:07.985+0000] {python.py:240} INFO - Done. Returned value was: True
[2025-04-16T16:13:08.055+0000] {taskinstance.py:341} INFO - ::group::Post task execution logs
[2025-04-16T16:13:08.059+0000] {taskinstance.py:353} INFO - Marking task as SUCCESS. dag_id=beer_data_processing, task_id=create_dim_style, run_id=scheduled__2025-04-16T15:00:00+00:00, execution_date=20250416T150000, start_date=20250416T161306, end_date=20250416T161308
[2025-04-16T16:13:08.142+0000] {logging_mixin.py:190} INFO - Task instance in success state
[2025-04-16T16:13:08.143+0000] {logging_mixin.py:190} INFO -  Previous state of the Task instance: running
[2025-04-16T16:13:08.145+0000] {logging_mixin.py:190} INFO - Dag name:beer_data_processing queued_at:2025-04-16 16:00:01.637110+00:00
[2025-04-16T16:13:08.147+0000] {logging_mixin.py:190} INFO - Task hostname:3e53738720c8 operator:PythonOperator
[2025-04-16T16:13:08.201+0000] {local_task_job_runner.py:266} INFO - Task exited with return code 0
[2025-04-16T16:13:08.295+0000] {taskinstance.py:3901} INFO - 1 downstream tasks scheduled from follow-on schedule check
[2025-04-16T16:13:08.301+0000] {local_task_job_runner.py:245} INFO - ::endgroup::
