[2025-04-10T06:17:19.285+0000] {local_task_job_runner.py:123} INFO - ::group::Pre task execution logs
[2025-04-10T06:17:19.329+0000] {taskinstance.py:2614} INFO - Dependencies all met for dep_context=non-requeueable deps ti=<TaskInstance: beer_data_processing.create_fact_table scheduled__2025-04-09T00:00:00+00:00 [queued]>
[2025-04-10T06:17:19.352+0000] {taskinstance.py:2614} INFO - Dependencies all met for dep_context=requeueable deps ti=<TaskInstance: beer_data_processing.create_fact_table scheduled__2025-04-09T00:00:00+00:00 [queued]>
[2025-04-10T06:17:19.353+0000] {taskinstance.py:2867} INFO - Starting attempt 1 of 1
[2025-04-10T06:17:19.449+0000] {taskinstance.py:2890} INFO - Executing <Task(PythonOperator): create_fact_table> on 2025-04-09 00:00:00+00:00
[2025-04-10T06:17:19.470+0000] {standard_task_runner.py:104} INFO - Running: ['***', 'tasks', 'run', 'beer_data_processing', 'create_fact_table', 'scheduled__2025-04-09T00:00:00+00:00', '--job-id', '90', '--raw', '--subdir', 'DAGS_FOLDER/beer_data_processing_dag.py', '--cfg-path', '/tmp/tmp3qw3z4pp']
[2025-04-10T06:17:19.473+0000] {standard_task_runner.py:105} INFO - Job 90: Subtask create_fact_table
[2025-04-10T06:17:19.484+0000] {logging_mixin.py:190} WARNING - /home/***/.local/lib/python3.12/site-packages/***/task/task_runner/standard_task_runner.py:70 DeprecationWarning: This process (pid=598) is multi-threaded, use of fork() may lead to deadlocks in the child.
[2025-04-10T06:17:19.485+0000] {standard_task_runner.py:72} INFO - Started process 599 to run task
[2025-04-10T06:17:19.602+0000] {task_command.py:467} INFO - Running <TaskInstance: beer_data_processing.create_fact_table scheduled__2025-04-09T00:00:00+00:00 [running]> on host 893b969cc7b0
[2025-04-10T06:17:19.746+0000] {taskinstance.py:3134} INFO - Exporting env vars: AIRFLOW_CTX_DAG_OWNER='***' AIRFLOW_CTX_DAG_ID='beer_data_processing' AIRFLOW_CTX_TASK_ID='create_fact_table' AIRFLOW_CTX_EXECUTION_DATE='2025-04-09T00:00:00+00:00' AIRFLOW_CTX_TRY_NUMBER='1' AIRFLOW_CTX_DAG_RUN_ID='scheduled__2025-04-09T00:00:00+00:00'
[2025-04-10T06:17:19.748+0000] {logging_mixin.py:190} INFO - Task instance is in running state
[2025-04-10T06:17:19.749+0000] {logging_mixin.py:190} INFO -  Previous state of the Task instance: queued
[2025-04-10T06:17:19.750+0000] {logging_mixin.py:190} INFO - Current task name:create_fact_table state:running start_date:2025-04-10 06:17:19.331001+00:00
[2025-04-10T06:17:19.751+0000] {logging_mixin.py:190} INFO - Dag name:beer_data_processing and current dag run status:running
[2025-04-10T06:17:19.751+0000] {taskinstance.py:732} INFO - ::endgroup::
[2025-04-10T06:17:19.836+0000] {logging_mixin.py:190} WARNING - /opt/***/dags/beer_data_processing_dag.py:179 FutureWarning: Passing literal json to 'read_json' is deprecated and will be removed in a future version. To read from a literal string, wrap it in a 'StringIO' object.
[2025-04-10T06:17:20.017+0000] {base.py:84} INFO - Retrieving connection 'postgres_conn'
[2025-04-10T06:17:23.087+0000] {logging_mixin.py:190} INFO - Створено факт-таблицю з 3197 записами
[2025-04-10T06:17:23.089+0000] {python.py:240} INFO - Done. Returned value was: True
[2025-04-10T06:17:23.148+0000] {taskinstance.py:341} INFO - ::group::Post task execution logs
[2025-04-10T06:17:23.149+0000] {taskinstance.py:353} INFO - Marking task as SUCCESS. dag_id=beer_data_processing, task_id=create_fact_table, run_id=scheduled__2025-04-09T00:00:00+00:00, execution_date=20250409T000000, start_date=20250410T061719, end_date=20250410T061723
[2025-04-10T06:17:23.272+0000] {logging_mixin.py:190} INFO - Task instance in success state
[2025-04-10T06:17:23.273+0000] {logging_mixin.py:190} INFO -  Previous state of the Task instance: running
[2025-04-10T06:17:23.275+0000] {logging_mixin.py:190} INFO - Dag name:beer_data_processing queued_at:2025-04-10 06:16:28.255085+00:00
[2025-04-10T06:17:23.276+0000] {logging_mixin.py:190} INFO - Task hostname:893b969cc7b0 operator:PythonOperator
[2025-04-10T06:17:23.325+0000] {local_task_job_runner.py:266} INFO - Task exited with return code 0
[2025-04-10T06:17:23.356+0000] {taskinstance.py:3901} INFO - 0 downstream tasks scheduled from follow-on schedule check
[2025-04-10T06:17:23.359+0000] {local_task_job_runner.py:245} INFO - ::endgroup::
