[2025-04-16T21:47:23.622+0000] {local_task_job_runner.py:123} INFO - ::group::Pre task execution logs
[2025-04-16T21:47:23.700+0000] {taskinstance.py:2614} INFO - Dependencies all met for dep_context=non-requeueable deps ti=<TaskInstance: beer_data_processing.process_min_max manual__2025-04-16T21:28:41.526921+00:00 [queued]>
[2025-04-16T21:47:23.740+0000] {taskinstance.py:2614} INFO - Dependencies all met for dep_context=requeueable deps ti=<TaskInstance: beer_data_processing.process_min_max manual__2025-04-16T21:28:41.526921+00:00 [queued]>
[2025-04-16T21:47:23.742+0000] {taskinstance.py:2867} INFO - Starting attempt 5 of 6
[2025-04-16T21:47:23.799+0000] {taskinstance.py:2890} INFO - Executing <Task(PythonOperator): process_min_max> on 2025-04-16 21:28:41.526921+00:00
[2025-04-16T21:47:23.867+0000] {standard_task_runner.py:104} INFO - Running: ['***', 'tasks', 'run', 'beer_data_processing', 'process_min_max', 'manual__2025-04-16T21:28:41.526921+00:00', '--job-id', '822', '--raw', '--subdir', 'DAGS_FOLDER/beer_data_processing_dag.py', '--cfg-path', '/tmp/tmpqu260_v3']
[2025-04-16T21:47:23.879+0000] {standard_task_runner.py:105} INFO - Job 822: Subtask process_min_max
[2025-04-16T21:47:23.885+0000] {logging_mixin.py:190} WARNING - /home/***/.local/lib/python3.12/site-packages/***/task/task_runner/standard_task_runner.py:70 DeprecationWarning: This process (pid=5112) is multi-threaded, use of fork() may lead to deadlocks in the child.
[2025-04-16T21:47:23.890+0000] {standard_task_runner.py:72} INFO - Started process 5258 to run task
[2025-04-16T21:47:24.105+0000] {task_command.py:467} INFO - Running <TaskInstance: beer_data_processing.process_min_max manual__2025-04-16T21:28:41.526921+00:00 [running]> on host a0d0456bae2c
[2025-04-16T21:47:25.259+0000] {taskinstance.py:3134} INFO - Exporting env vars: AIRFLOW_CTX_DAG_OWNER='***' AIRFLOW_CTX_DAG_ID='beer_data_processing' AIRFLOW_CTX_TASK_ID='process_min_max' AIRFLOW_CTX_EXECUTION_DATE='2025-04-16T21:28:41.526921+00:00' AIRFLOW_CTX_TRY_NUMBER='5' AIRFLOW_CTX_DAG_RUN_ID='manual__2025-04-16T21:28:41.526921+00:00'
[2025-04-16T21:47:25.274+0000] {logging_mixin.py:190} INFO - Task instance is in running state
[2025-04-16T21:47:25.280+0000] {logging_mixin.py:190} INFO -  Previous state of the Task instance: queued
[2025-04-16T21:47:25.292+0000] {logging_mixin.py:190} INFO - Current task name:process_min_max state:running start_date:2025-04-16 21:47:23.701857+00:00
[2025-04-16T21:47:25.293+0000] {logging_mixin.py:190} INFO - Dag name:beer_data_processing and current dag run status:running
[2025-04-16T21:47:25.295+0000] {taskinstance.py:732} INFO - ::endgroup::
[2025-04-16T21:47:26.327+0000] {python.py:240} INFO - Done. Returned value was: True
[2025-04-16T21:47:26.426+0000] {taskinstance.py:341} INFO - ::group::Post task execution logs
[2025-04-16T21:47:26.428+0000] {taskinstance.py:353} INFO - Marking task as SUCCESS. dag_id=beer_data_processing, task_id=process_min_max, run_id=manual__2025-04-16T21:28:41.526921+00:00, execution_date=20250416T212841, start_date=20250416T214723, end_date=20250416T214726
[2025-04-16T21:47:26.517+0000] {logging_mixin.py:190} INFO - Task instance in success state
[2025-04-16T21:47:26.518+0000] {logging_mixin.py:190} INFO -  Previous state of the Task instance: running
[2025-04-16T21:47:26.524+0000] {logging_mixin.py:190} INFO - Dag name:beer_data_processing queued_at:2025-04-16 21:28:41.720606+00:00
[2025-04-16T21:47:26.527+0000] {logging_mixin.py:190} INFO - Task hostname:a0d0456bae2c operator:PythonOperator
[2025-04-16T21:47:26.615+0000] {local_task_job_runner.py:266} INFO - Task exited with return code 0
[2025-04-16T21:47:26.651+0000] {local_task_job_runner.py:245} INFO - ::endgroup::
