[2025-04-16T13:43:15.257+0000] {local_task_job_runner.py:123} INFO - ::group::Pre task execution logs
[2025-04-16T13:43:15.415+0000] {taskinstance.py:2614} INFO - Dependencies all met for dep_context=non-requeueable deps ti=<TaskInstance: beer_data_processing.process_robust_scaler manual__2025-04-16T13:42:37.598033+00:00 [queued]>
[2025-04-16T13:43:15.479+0000] {taskinstance.py:2614} INFO - Dependencies all met for dep_context=requeueable deps ti=<TaskInstance: beer_data_processing.process_robust_scaler manual__2025-04-16T13:42:37.598033+00:00 [queued]>
[2025-04-16T13:43:15.484+0000] {taskinstance.py:2867} INFO - Starting attempt 1 of 6
[2025-04-16T13:43:15.698+0000] {taskinstance.py:2890} INFO - Executing <Task(PythonOperator): process_robust_scaler> on 2025-04-16 13:42:37.598033+00:00
[2025-04-16T13:43:15.859+0000] {standard_task_runner.py:104} INFO - Running: ['***', 'tasks', 'run', 'beer_data_processing', 'process_robust_scaler', 'manual__2025-04-16T13:42:37.598033+00:00', '--job-id', '501', '--raw', '--subdir', 'DAGS_FOLDER/beer_data_processing_dag.py', '--cfg-path', '/tmp/tmpq4v2zkve']
[2025-04-16T13:43:15.883+0000] {standard_task_runner.py:105} INFO - Job 501: Subtask process_robust_scaler
[2025-04-16T13:43:15.930+0000] {logging_mixin.py:190} WARNING - /home/***/.local/lib/python3.12/site-packages/***/task/task_runner/standard_task_runner.py:70 DeprecationWarning: This process (pid=21901) is multi-threaded, use of fork() may lead to deadlocks in the child.
[2025-04-16T13:43:15.936+0000] {standard_task_runner.py:72} INFO - Started process 22009 to run task
[2025-04-16T13:43:24.112+0000] {job.py:229} INFO - Heartbeat recovered after 10.60 seconds
[2025-04-16T13:43:24.211+0000] {task_command.py:467} INFO - Running <TaskInstance: beer_data_processing.process_robust_scaler manual__2025-04-16T13:42:37.598033+00:00 [running]> on host 3e53738720c8
[2025-04-16T13:43:24.540+0000] {taskinstance.py:3134} INFO - Exporting env vars: AIRFLOW_CTX_DAG_OWNER='***' AIRFLOW_CTX_DAG_ID='beer_data_processing' AIRFLOW_CTX_TASK_ID='process_robust_scaler' AIRFLOW_CTX_EXECUTION_DATE='2025-04-16T13:42:37.598033+00:00' AIRFLOW_CTX_TRY_NUMBER='1' AIRFLOW_CTX_DAG_RUN_ID='manual__2025-04-16T13:42:37.598033+00:00'
[2025-04-16T13:43:24.548+0000] {logging_mixin.py:190} INFO - Task instance is in running state
[2025-04-16T13:43:24.550+0000] {logging_mixin.py:190} INFO -  Previous state of the Task instance: queued
[2025-04-16T13:43:24.551+0000] {logging_mixin.py:190} INFO - Current task name:process_robust_scaler state:running start_date:2025-04-16 13:43:15.417231+00:00
[2025-04-16T13:43:24.553+0000] {logging_mixin.py:190} INFO - Dag name:beer_data_processing and current dag run status:running
[2025-04-16T13:43:24.554+0000] {taskinstance.py:732} INFO - ::endgroup::
[2025-04-16T13:43:25.501+0000] {python.py:240} INFO - Done. Returned value was: True
[2025-04-16T13:43:25.598+0000] {taskinstance.py:341} INFO - ::group::Post task execution logs
[2025-04-16T13:43:25.603+0000] {taskinstance.py:353} INFO - Marking task as SUCCESS. dag_id=beer_data_processing, task_id=process_robust_scaler, run_id=manual__2025-04-16T13:42:37.598033+00:00, execution_date=20250416T134237, start_date=20250416T134315, end_date=20250416T134325
[2025-04-16T13:43:25.741+0000] {logging_mixin.py:190} INFO - Task instance in success state
[2025-04-16T13:43:25.745+0000] {logging_mixin.py:190} INFO -  Previous state of the Task instance: running
[2025-04-16T13:43:25.749+0000] {logging_mixin.py:190} INFO - Dag name:beer_data_processing queued_at:2025-04-16 13:42:37.877207+00:00
[2025-04-16T13:43:25.751+0000] {logging_mixin.py:190} INFO - Task hostname:3e53738720c8 operator:PythonOperator
[2025-04-16T13:43:25.844+0000] {local_task_job_runner.py:266} INFO - Task exited with return code 0
[2025-04-16T13:43:25.881+0000] {local_task_job_runner.py:245} INFO - ::endgroup::
