[2025-04-16T15:59:59.499+0000] {local_task_job_runner.py:123} INFO - ::group::Pre task execution logs
[2025-04-16T15:59:59.782+0000] {taskinstance.py:2614} INFO - Dependencies all met for dep_context=non-requeueable deps ti=<TaskInstance: beer_data_processing.process_min_max scheduled__2025-04-16T11:00:00+00:00 [queued]>
[2025-04-16T15:59:59.897+0000] {taskinstance.py:2614} INFO - Dependencies all met for dep_context=requeueable deps ti=<TaskInstance: beer_data_processing.process_min_max scheduled__2025-04-16T11:00:00+00:00 [queued]>
[2025-04-16T15:59:59.937+0000] {taskinstance.py:2867} INFO - Starting attempt 2 of 6
[2025-04-16T16:00:00.210+0000] {taskinstance.py:2890} INFO - Executing <Task(PythonOperator): process_min_max> on 2025-04-16 11:00:00+00:00
[2025-04-16T16:00:00.627+0000] {logging_mixin.py:190} WARNING - /home/***/.local/lib/python3.12/site-packages/***/task/task_runner/standard_task_runner.py:70 DeprecationWarning: This process (pid=1817) is multi-threaded, use of fork() may lead to deadlocks in the child.
[2025-04-16T16:00:00.679+0000] {standard_task_runner.py:72} INFO - Started process 2037 to run task
[2025-04-16T16:00:00.752+0000] {standard_task_runner.py:104} INFO - Running: ['***', 'tasks', 'run', 'beer_data_processing', 'process_min_max', 'scheduled__2025-04-16T11:00:00+00:00', '--job-id', '643', '--raw', '--subdir', 'DAGS_FOLDER/beer_data_processing_dag.py', '--cfg-path', '/tmp/tmpuurvjy85']
[2025-04-16T16:00:00.802+0000] {standard_task_runner.py:105} INFO - Job 643: Subtask process_min_max
[2025-04-16T16:00:02.980+0000] {task_command.py:467} INFO - Running <TaskInstance: beer_data_processing.process_min_max scheduled__2025-04-16T11:00:00+00:00 [running]> on host 3e53738720c8
[2025-04-16T16:00:05.001+0000] {taskinstance.py:3134} INFO - Exporting env vars: AIRFLOW_CTX_DAG_OWNER='***' AIRFLOW_CTX_DAG_ID='beer_data_processing' AIRFLOW_CTX_TASK_ID='process_min_max' AIRFLOW_CTX_EXECUTION_DATE='2025-04-16T11:00:00+00:00' AIRFLOW_CTX_TRY_NUMBER='2' AIRFLOW_CTX_DAG_RUN_ID='scheduled__2025-04-16T11:00:00+00:00'
[2025-04-16T16:00:05.069+0000] {logging_mixin.py:190} INFO - Task instance is in running state
[2025-04-16T16:00:05.123+0000] {logging_mixin.py:190} INFO -  Previous state of the Task instance: queued
[2025-04-16T16:00:05.360+0000] {logging_mixin.py:190} INFO - Current task name:process_min_max state:running start_date:2025-04-16 15:59:59.786591+00:00
[2025-04-16T16:00:05.446+0000] {logging_mixin.py:190} INFO - Dag name:beer_data_processing and current dag run status:running
[2025-04-16T16:00:05.477+0000] {taskinstance.py:732} INFO - ::endgroup::
[2025-04-16T16:00:20.594+0000] {python.py:240} INFO - Done. Returned value was: True
[2025-04-16T16:00:26.431+0000] {taskinstance.py:341} INFO - ::group::Post task execution logs
[2025-04-16T16:00:26.651+0000] {taskinstance.py:353} INFO - Marking task as SUCCESS. dag_id=beer_data_processing, task_id=process_min_max, run_id=scheduled__2025-04-16T11:00:00+00:00, execution_date=20250416T110000, start_date=20250416T155959, end_date=20250416T160026
[2025-04-16T16:00:31.327+0000] {logging_mixin.py:190} INFO - Task instance in success state
[2025-04-16T16:00:31.459+0000] {logging_mixin.py:190} INFO -  Previous state of the Task instance: running
[2025-04-16T16:00:31.570+0000] {logging_mixin.py:190} INFO - Dag name:beer_data_processing queued_at:2025-04-16 15:07:13.499993+00:00
[2025-04-16T16:00:31.708+0000] {logging_mixin.py:190} INFO - Task hostname:3e53738720c8 operator:PythonOperator
[2025-04-16T16:00:33.189+0000] {local_task_job_runner.py:266} INFO - Task exited with return code 0
[2025-04-16T16:00:35.130+0000] {local_task_job_runner.py:245} INFO - ::endgroup::
