[2025-04-16T16:06:21.864+0000] {local_task_job_runner.py:123} INFO - ::group::Pre task execution logs
[2025-04-16T16:06:22.323+0000] {taskinstance.py:2614} INFO - Dependencies all met for dep_context=non-requeueable deps ti=<TaskInstance: beer_data_processing.process_min_max scheduled__2025-04-16T15:00:00+00:00 [queued]>
[2025-04-16T16:06:22.551+0000] {taskinstance.py:2614} INFO - Dependencies all met for dep_context=requeueable deps ti=<TaskInstance: beer_data_processing.process_min_max scheduled__2025-04-16T15:00:00+00:00 [queued]>
[2025-04-16T16:06:22.556+0000] {taskinstance.py:2867} INFO - Starting attempt 1 of 6
[2025-04-16T16:06:22.876+0000] {taskinstance.py:2890} INFO - Executing <Task(PythonOperator): process_min_max> on 2025-04-16 15:00:00+00:00
[2025-04-16T16:06:23.529+0000] {logging_mixin.py:190} WARNING - /home/***/.local/lib/python3.12/site-packages/***/task/task_runner/standard_task_runner.py:70 DeprecationWarning: This process (pid=2499) is multi-threaded, use of fork() may lead to deadlocks in the child.
[2025-04-16T16:06:23.579+0000] {standard_task_runner.py:72} INFO - Started process 2904 to run task
[2025-04-16T16:06:23.782+0000] {standard_task_runner.py:104} INFO - Running: ['***', 'tasks', 'run', 'beer_data_processing', 'process_min_max', 'scheduled__2025-04-16T15:00:00+00:00', '--job-id', '661', '--raw', '--subdir', 'DAGS_FOLDER/beer_data_processing_dag.py', '--cfg-path', '/tmp/tmp17d3lh5p']
[2025-04-16T16:06:23.809+0000] {standard_task_runner.py:105} INFO - Job 661: Subtask process_min_max
[2025-04-16T16:06:24.646+0000] {task_command.py:467} INFO - Running <TaskInstance: beer_data_processing.process_min_max scheduled__2025-04-16T15:00:00+00:00 [running]> on host 3e53738720c8
[2025-04-16T16:07:13.995+0000] {job.py:229} INFO - Heartbeat recovered after 53.01 seconds
[2025-04-16T16:07:18.311+0000] {taskinstance.py:3134} INFO - Exporting env vars: AIRFLOW_CTX_DAG_OWNER='***' AIRFLOW_CTX_DAG_ID='beer_data_processing' AIRFLOW_CTX_TASK_ID='process_min_max' AIRFLOW_CTX_EXECUTION_DATE='2025-04-16T15:00:00+00:00' AIRFLOW_CTX_TRY_NUMBER='1' AIRFLOW_CTX_DAG_RUN_ID='scheduled__2025-04-16T15:00:00+00:00'
[2025-04-16T16:07:19.452+0000] {logging_mixin.py:190} INFO - Task instance is in running state
[2025-04-16T16:07:19.509+0000] {logging_mixin.py:190} INFO -  Previous state of the Task instance: queued
[2025-04-16T16:07:19.587+0000] {logging_mixin.py:190} INFO - Current task name:process_min_max state:running start_date:2025-04-16 16:06:22.352455+00:00
[2025-04-16T16:07:19.674+0000] {logging_mixin.py:190} INFO - Dag name:beer_data_processing and current dag run status:running
[2025-04-16T16:07:19.779+0000] {taskinstance.py:732} INFO - ::endgroup::
[2025-04-16T16:07:28.884+0000] {python.py:240} INFO - Done. Returned value was: True
[2025-04-16T16:07:29.718+0000] {taskinstance.py:341} INFO - ::group::Post task execution logs
[2025-04-16T16:07:29.728+0000] {taskinstance.py:353} INFO - Marking task as SUCCESS. dag_id=beer_data_processing, task_id=process_min_max, run_id=scheduled__2025-04-16T15:00:00+00:00, execution_date=20250416T150000, start_date=20250416T160622, end_date=20250416T160729
[2025-04-16T16:07:30.174+0000] {logging_mixin.py:190} INFO - Task instance in success state
[2025-04-16T16:07:30.180+0000] {logging_mixin.py:190} INFO -  Previous state of the Task instance: running
[2025-04-16T16:07:30.191+0000] {logging_mixin.py:190} INFO - Dag name:beer_data_processing queued_at:2025-04-16 16:00:01.637110+00:00
[2025-04-16T16:07:30.233+0000] {logging_mixin.py:190} INFO - Task hostname:3e53738720c8 operator:PythonOperator
[2025-04-16T16:07:30.708+0000] {local_task_job_runner.py:266} INFO - Task exited with return code 0
[2025-04-16T16:07:31.074+0000] {local_task_job_runner.py:245} INFO - ::endgroup::
[2025-04-16T16:07:31.192+0000] {standard_task_runner.py:217} INFO - Process not found (most likely exited), stop collecting metrics
