[2025-04-16T15:11:36.510+0000] {local_task_job_runner.py:123} INFO - ::group::Pre task execution logs
[2025-04-16T15:11:36.811+0000] {taskinstance.py:2614} INFO - Dependencies all met for dep_context=non-requeueable deps ti=<TaskInstance: beer_data_processing.check_file_exists scheduled__2025-04-16T13:00:00+00:00 [queued]>
[2025-04-16T15:11:37.119+0000] {taskinstance.py:2614} INFO - Dependencies all met for dep_context=requeueable deps ti=<TaskInstance: beer_data_processing.check_file_exists scheduled__2025-04-16T13:00:00+00:00 [queued]>
[2025-04-16T15:11:37.136+0000] {taskinstance.py:2867} INFO - Starting attempt 1 of 6
[2025-04-16T15:11:39.708+0000] {taskinstance.py:2890} INFO - Executing <Task(FileSensor): check_file_exists> on 2025-04-16 13:00:00+00:00
[2025-04-16T15:11:40.469+0000] {standard_task_runner.py:104} INFO - Running: ['***', 'tasks', 'run', 'beer_data_processing', 'check_file_exists', 'scheduled__2025-04-16T13:00:00+00:00', '--job-id', '575', '--raw', '--subdir', 'DAGS_FOLDER/beer_data_processing_dag.py', '--cfg-path', '/tmp/tmpfmtpxhen']
[2025-04-16T15:11:40.723+0000] {logging_mixin.py:190} WARNING - /home/***/.local/lib/python3.12/site-packages/***/task/task_runner/standard_task_runner.py:70 DeprecationWarning: This process (pid=53757) is multi-threaded, use of fork() may lead to deadlocks in the child.
[2025-04-16T15:11:40.734+0000] {standard_task_runner.py:105} INFO - Job 575: Subtask check_file_exists
[2025-04-16T15:11:40.786+0000] {standard_task_runner.py:72} INFO - Started process 53945 to run task
[2025-04-16T15:11:42.805+0000] {task_command.py:467} INFO - Running <TaskInstance: beer_data_processing.check_file_exists scheduled__2025-04-16T13:00:00+00:00 [running]> on host 3e53738720c8
[2025-04-16T15:11:45.471+0000] {taskinstance.py:3134} INFO - Exporting env vars: AIRFLOW_CTX_DAG_OWNER='***' AIRFLOW_CTX_DAG_ID='beer_data_processing' AIRFLOW_CTX_TASK_ID='check_file_exists' AIRFLOW_CTX_EXECUTION_DATE='2025-04-16T13:00:00+00:00' AIRFLOW_CTX_TRY_NUMBER='1' AIRFLOW_CTX_DAG_RUN_ID='scheduled__2025-04-16T13:00:00+00:00'
[2025-04-16T15:11:45.688+0000] {logging_mixin.py:190} INFO - Task instance is in running state
[2025-04-16T15:11:45.704+0000] {logging_mixin.py:190} INFO -  Previous state of the Task instance: queued
[2025-04-16T15:11:45.725+0000] {logging_mixin.py:190} INFO - Current task name:check_file_exists state:running start_date:2025-04-16 15:11:36.816894+00:00
[2025-04-16T15:11:45.744+0000] {logging_mixin.py:190} INFO - Dag name:beer_data_processing and current dag run status:running
[2025-04-16T15:11:45.783+0000] {taskinstance.py:732} INFO - ::endgroup::
[2025-04-16T15:11:45.830+0000] {baseoperator.py:423} WARNING - FileSensor.execute cannot be called outside TaskInstance!
[2025-04-16T15:11:46.019+0000] {base.py:84} INFO - Retrieving connection 'dataset_folder'
[2025-04-16T15:11:46.038+0000] {filesystem.py:109} INFO - Poking for file /opt/***/dags/data/beer_profile_and_ratings.csv
[2025-04-16T15:11:46.562+0000] {filesystem.py:113} INFO - Found File /opt/***/dags/data/beer_profile_and_ratings.csv last modified: 20250416145823
[2025-04-16T15:11:46.622+0000] {base.py:339} INFO - Success criteria met. Exiting.
[2025-04-16T15:11:46.684+0000] {filesystem.py:109} INFO - Poking for file /opt/***/dags/data/beer_profile_and_ratings.csv
[2025-04-16T15:11:46.682+0000] {job.py:229} INFO - Heartbeat recovered after 13.30 seconds
[2025-04-16T15:11:46.964+0000] {filesystem.py:113} INFO - Found File /opt/***/dags/data/beer_profile_and_ratings.csv last modified: 20250416145823
[2025-04-16T15:11:47.635+0000] {taskinstance.py:341} INFO - ::group::Post task execution logs
[2025-04-16T15:11:47.669+0000] {taskinstance.py:353} INFO - Marking task as SUCCESS. dag_id=beer_data_processing, task_id=check_file_exists, run_id=scheduled__2025-04-16T13:00:00+00:00, execution_date=20250416T130000, start_date=20250416T151136, end_date=20250416T151147
[2025-04-16T15:11:48.379+0000] {logging_mixin.py:190} INFO - Task instance in success state
[2025-04-16T15:11:48.407+0000] {logging_mixin.py:190} INFO -  Previous state of the Task instance: running
[2025-04-16T15:11:48.417+0000] {logging_mixin.py:190} INFO - Dag name:beer_data_processing queued_at:2025-04-16 15:07:18.140012+00:00
[2025-04-16T15:11:48.577+0000] {logging_mixin.py:190} INFO - Task hostname:3e53738720c8 operator:FileSensor
[2025-04-16T15:11:49.961+0000] {local_task_job_runner.py:266} INFO - Task exited with return code 0
[2025-04-16T15:11:50.639+0000] {standard_task_runner.py:217} INFO - Process not found (most likely exited), stop collecting metrics
[2025-04-16T15:11:50.918+0000] {local_task_job_runner.py:245} INFO - ::endgroup::
