[2025-04-16T15:47:02.232+0000] {local_task_job_runner.py:123} INFO - ::group::Pre task execution logs
[2025-04-16T15:47:02.849+0000] {taskinstance.py:2614} INFO - Dependencies all met for dep_context=non-requeueable deps ti=<TaskInstance: beer_data_processing.create_dim_beer scheduled__2025-04-16T00:00:00+00:00 [queued]>
[2025-04-16T15:47:03.074+0000] {taskinstance.py:2614} INFO - Dependencies all met for dep_context=requeueable deps ti=<TaskInstance: beer_data_processing.create_dim_beer scheduled__2025-04-16T00:00:00+00:00 [queued]>
[2025-04-16T15:47:03.080+0000] {taskinstance.py:2867} INFO - Starting attempt 3 of 6
[2025-04-16T15:47:03.697+0000] {taskinstance.py:2890} INFO - Executing <Task(PythonOperator): create_dim_beer> on 2025-04-16 00:00:00+00:00
[2025-04-16T15:47:05.236+0000] {standard_task_runner.py:104} INFO - Running: ['***', 'tasks', 'run', 'beer_data_processing', 'create_dim_beer', 'scheduled__2025-04-16T00:00:00+00:00', '--job-id', '607', '--raw', '--subdir', 'DAGS_FOLDER/beer_data_processing_dag.py', '--cfg-path', '/tmp/tmp38gsugmu']
[2025-04-16T15:47:05.362+0000] {standard_task_runner.py:105} INFO - Job 607: Subtask create_dim_beer
[2025-04-16T15:47:05.452+0000] {logging_mixin.py:190} WARNING - /home/***/.local/lib/python3.12/site-packages/***/task/task_runner/standard_task_runner.py:70 DeprecationWarning: This process (pid=221) is multi-threaded, use of fork() may lead to deadlocks in the child.
[2025-04-16T15:47:05.468+0000] {standard_task_runner.py:72} INFO - Started process 631 to run task
[2025-04-16T15:47:06.524+0000] {task_command.py:467} INFO - Running <TaskInstance: beer_data_processing.create_dim_beer scheduled__2025-04-16T00:00:00+00:00 [running]> on host 3e53738720c8
[2025-04-16T15:47:07.127+0000] {taskinstance.py:3134} INFO - Exporting env vars: AIRFLOW_CTX_DAG_OWNER='***' AIRFLOW_CTX_DAG_ID='beer_data_processing' AIRFLOW_CTX_TASK_ID='create_dim_beer' AIRFLOW_CTX_EXECUTION_DATE='2025-04-16T00:00:00+00:00' AIRFLOW_CTX_TRY_NUMBER='3' AIRFLOW_CTX_DAG_RUN_ID='scheduled__2025-04-16T00:00:00+00:00'
[2025-04-16T15:47:07.150+0000] {logging_mixin.py:190} INFO - Task instance is in running state
[2025-04-16T15:47:07.156+0000] {logging_mixin.py:190} INFO -  Previous state of the Task instance: queued
[2025-04-16T15:47:07.159+0000] {logging_mixin.py:190} INFO - Current task name:create_dim_beer state:running start_date:2025-04-16 15:47:02.854659+00:00
[2025-04-16T15:47:07.161+0000] {logging_mixin.py:190} INFO - Dag name:beer_data_processing and current dag run status:running
[2025-04-16T15:47:07.162+0000] {taskinstance.py:732} INFO - ::endgroup::
[2025-04-16T15:47:08.643+0000] {base.py:84} INFO - Retrieving connection 'postgres_conn'
[2025-04-16T15:47:11.082+0000] {job.py:229} INFO - Heartbeat recovered after 11.40 seconds
[2025-04-16T15:47:14.543+0000] {logging_mixin.py:190} INFO - Створено датасет dim_beer з 3066 записами
[2025-04-16T15:47:14.551+0000] {python.py:240} INFO - Done. Returned value was: True
[2025-04-16T15:47:14.918+0000] {taskinstance.py:341} INFO - ::group::Post task execution logs
[2025-04-16T15:47:14.920+0000] {taskinstance.py:353} INFO - Marking task as SUCCESS. dag_id=beer_data_processing, task_id=create_dim_beer, run_id=scheduled__2025-04-16T00:00:00+00:00, execution_date=20250416T000000, start_date=20250416T154702, end_date=20250416T154714
[2025-04-16T15:47:15.300+0000] {logging_mixin.py:190} INFO - Task instance in success state
[2025-04-16T15:47:15.304+0000] {logging_mixin.py:190} INFO -  Previous state of the Task instance: running
[2025-04-16T15:47:15.317+0000] {logging_mixin.py:190} INFO - Dag name:beer_data_processing queued_at:2025-04-16 15:07:03.587936+00:00
[2025-04-16T15:47:15.321+0000] {logging_mixin.py:190} INFO - Task hostname:3e53738720c8 operator:PythonOperator
[2025-04-16T15:47:15.542+0000] {local_task_job_runner.py:266} INFO - Task exited with return code 0
[2025-04-16T15:47:15.737+0000] {standard_task_runner.py:217} INFO - Process not found (most likely exited), stop collecting metrics
[2025-04-16T15:47:15.813+0000] {taskinstance.py:3901} INFO - 0 downstream tasks scheduled from follow-on schedule check
[2025-04-16T15:47:15.879+0000] {local_task_job_runner.py:245} INFO - ::endgroup::
