[2025-04-16T22:30:33.385+0000] {local_task_job_runner.py:123} INFO - ::group::Pre task execution logs
[2025-04-16T22:30:33.451+0000] {taskinstance.py:2614} INFO - Dependencies all met for dep_context=non-requeueable deps ti=<TaskInstance: beer_data_processing.create_dim_style manual__2025-04-16T22:28:24.981382+00:00 [queued]>
[2025-04-16T22:30:33.482+0000] {taskinstance.py:2614} INFO - Dependencies all met for dep_context=requeueable deps ti=<TaskInstance: beer_data_processing.create_dim_style manual__2025-04-16T22:28:24.981382+00:00 [queued]>
[2025-04-16T22:30:33.483+0000] {taskinstance.py:2867} INFO - Starting attempt 1 of 6
[2025-04-16T22:30:33.557+0000] {taskinstance.py:2890} INFO - Executing <Task(PythonOperator): create_dim_style> on 2025-04-16 22:28:24.981382+00:00
[2025-04-16T22:30:33.622+0000] {standard_task_runner.py:104} INFO - Running: ['***', 'tasks', 'run', 'beer_data_processing', 'create_dim_style', 'manual__2025-04-16T22:28:24.981382+00:00', '--job-id', '892', '--raw', '--subdir', 'DAGS_FOLDER/beer_data_processing_dag.py', '--cfg-path', '/tmp/tmpqawf6kyh']
[2025-04-16T22:30:33.624+0000] {logging_mixin.py:190} WARNING - /home/***/.local/lib/python3.12/site-packages/***/task/task_runner/standard_task_runner.py:70 DeprecationWarning: This process (pid=30805) is multi-threaded, use of fork() may lead to deadlocks in the child.
[2025-04-16T22:30:33.626+0000] {standard_task_runner.py:105} INFO - Job 892: Subtask create_dim_style
[2025-04-16T22:30:33.627+0000] {standard_task_runner.py:72} INFO - Started process 30958 to run task
[2025-04-16T22:30:33.777+0000] {task_command.py:467} INFO - Running <TaskInstance: beer_data_processing.create_dim_style manual__2025-04-16T22:28:24.981382+00:00 [running]> on host a0d0456bae2c
[2025-04-16T22:30:34.043+0000] {taskinstance.py:3134} INFO - Exporting env vars: AIRFLOW_CTX_DAG_OWNER='***' AIRFLOW_CTX_DAG_ID='beer_data_processing' AIRFLOW_CTX_TASK_ID='create_dim_style' AIRFLOW_CTX_EXECUTION_DATE='2025-04-16T22:28:24.981382+00:00' AIRFLOW_CTX_TRY_NUMBER='1' AIRFLOW_CTX_DAG_RUN_ID='manual__2025-04-16T22:28:24.981382+00:00'
[2025-04-16T22:30:34.055+0000] {logging_mixin.py:190} INFO - Task instance is in running state
[2025-04-16T22:30:34.058+0000] {logging_mixin.py:190} INFO -  Previous state of the Task instance: queued
[2025-04-16T22:30:34.072+0000] {logging_mixin.py:190} INFO - Current task name:create_dim_style state:running start_date:2025-04-16 22:30:33.452770+00:00
[2025-04-16T22:30:34.092+0000] {logging_mixin.py:190} INFO - Dag name:beer_data_processing and current dag run status:running
[2025-04-16T22:30:34.094+0000] {taskinstance.py:732} INFO - ::endgroup::
[2025-04-16T22:30:34.308+0000] {base.py:84} INFO - Retrieving connection 'postgres_conn'
[2025-04-16T22:30:34.579+0000] {logging_mixin.py:190} INFO - Створено датасет dim_style з 112 записами
[2025-04-16T22:30:34.581+0000] {python.py:240} INFO - Done. Returned value was: True
[2025-04-16T22:30:34.637+0000] {taskinstance.py:341} INFO - ::group::Post task execution logs
[2025-04-16T22:30:34.639+0000] {taskinstance.py:353} INFO - Marking task as SUCCESS. dag_id=beer_data_processing, task_id=create_dim_style, run_id=manual__2025-04-16T22:28:24.981382+00:00, execution_date=20250416T222824, start_date=20250416T223033, end_date=20250416T223034
[2025-04-16T22:30:34.752+0000] {logging_mixin.py:190} INFO - Task instance in success state
[2025-04-16T22:30:34.761+0000] {logging_mixin.py:190} INFO -  Previous state of the Task instance: running
[2025-04-16T22:30:34.769+0000] {logging_mixin.py:190} INFO - Dag name:beer_data_processing queued_at:2025-04-16 22:28:25.450526+00:00
[2025-04-16T22:30:34.771+0000] {logging_mixin.py:190} INFO - Task hostname:a0d0456bae2c operator:PythonOperator
[2025-04-16T22:30:34.861+0000] {local_task_job_runner.py:266} INFO - Task exited with return code 0
[2025-04-16T22:30:34.998+0000] {taskinstance.py:3901} INFO - 0 downstream tasks scheduled from follow-on schedule check
[2025-04-16T22:30:35.008+0000] {local_task_job_runner.py:245} INFO - ::endgroup::
