[2025-04-16T12:59:48.937+0000] {local_task_job_runner.py:123} INFO - ::group::Pre task execution logs
[2025-04-16T12:59:49.866+0000] {taskinstance.py:2614} INFO - Dependencies all met for dep_context=non-requeueable deps ti=<TaskInstance: beer_data_processing.load_and_process_data scheduled__2025-04-12T00:00:00+00:00 [queued]>
[2025-04-16T12:59:50.292+0000] {taskinstance.py:2614} INFO - Dependencies all met for dep_context=requeueable deps ti=<TaskInstance: beer_data_processing.load_and_process_data scheduled__2025-04-12T00:00:00+00:00 [queued]>
[2025-04-16T12:59:50.322+0000] {taskinstance.py:2867} INFO - Starting attempt 3 of 6
[2025-04-16T12:59:52.429+0000] {taskinstance.py:2890} INFO - Executing <Task(PythonOperator): load_and_process_data> on 2025-04-12 00:00:00+00:00
[2025-04-16T12:59:53.145+0000] {standard_task_runner.py:104} INFO - Running: ['***', 'tasks', 'run', 'beer_data_processing', 'load_and_process_data', 'scheduled__2025-04-12T00:00:00+00:00', '--job-id', '387', '--raw', '--subdir', 'DAGS_FOLDER/beer_data_processing_dag.py', '--cfg-path', '/tmp/tmp8pnyeuhh']
[2025-04-16T12:59:53.177+0000] {standard_task_runner.py:105} INFO - Job 387: Subtask load_and_process_data
[2025-04-16T12:59:53.204+0000] {logging_mixin.py:190} WARNING - /home/***/.local/lib/python3.12/site-packages/***/task/task_runner/standard_task_runner.py:70 DeprecationWarning: This process (pid=2743) is multi-threaded, use of fork() may lead to deadlocks in the child.
[2025-04-16T12:59:53.233+0000] {standard_task_runner.py:72} INFO - Started process 2897 to run task
[2025-04-16T12:59:57.136+0000] {task_command.py:467} INFO - Running <TaskInstance: beer_data_processing.load_and_process_data scheduled__2025-04-12T00:00:00+00:00 [running]> on host 3e53738720c8
[2025-04-16T12:59:59.450+0000] {job.py:229} INFO - Heartbeat recovered after 12.03 seconds
[2025-04-16T13:00:00.747+0000] {taskinstance.py:3134} INFO - Exporting env vars: AIRFLOW_CTX_DAG_OWNER='***' AIRFLOW_CTX_DAG_ID='beer_data_processing' AIRFLOW_CTX_TASK_ID='load_and_process_data' AIRFLOW_CTX_EXECUTION_DATE='2025-04-12T00:00:00+00:00' AIRFLOW_CTX_TRY_NUMBER='3' AIRFLOW_CTX_DAG_RUN_ID='scheduled__2025-04-12T00:00:00+00:00'
[2025-04-16T13:00:01.605+0000] {logging_mixin.py:190} INFO - Task instance is in running state
[2025-04-16T13:00:01.853+0000] {logging_mixin.py:190} INFO -  Previous state of the Task instance: queued
[2025-04-16T13:00:01.998+0000] {logging_mixin.py:190} INFO - Current task name:load_and_process_data state:running start_date:2025-04-16 12:59:49.911902+00:00
[2025-04-16T13:00:02.053+0000] {logging_mixin.py:190} INFO - Dag name:beer_data_processing and current dag run status:running
[2025-04-16T13:00:02.095+0000] {taskinstance.py:732} INFO - ::endgroup::
[2025-04-16T13:00:19.386+0000] {job.py:229} INFO - Heartbeat recovered after 20.04 seconds
[2025-04-16T13:00:42.045+0000] {job.py:229} INFO - Heartbeat recovered after 24.85 seconds
[2025-04-16T13:01:00.187+0000] {logging_mixin.py:190} INFO - Завантажено 3197 записів з CSV файлу
[2025-04-16T13:01:00.777+0000] {python.py:240} INFO - Done. Returned value was: True
[2025-04-16T13:01:03.229+0000] {taskinstance.py:341} INFO - ::group::Post task execution logs
[2025-04-16T13:01:03.341+0000] {taskinstance.py:353} INFO - Marking task as SUCCESS. dag_id=beer_data_processing, task_id=load_and_process_data, run_id=scheduled__2025-04-12T00:00:00+00:00, execution_date=20250412T000000, start_date=20250416T125949, end_date=20250416T130103
[2025-04-16T13:01:04.091+0000] {logging_mixin.py:190} INFO - Task instance in success state
[2025-04-16T13:01:04.203+0000] {logging_mixin.py:190} INFO -  Previous state of the Task instance: running
[2025-04-16T13:01:04.247+0000] {logging_mixin.py:190} INFO - Dag name:beer_data_processing queued_at:2025-04-16 12:41:29.848920+00:00
[2025-04-16T13:01:04.278+0000] {logging_mixin.py:190} INFO - Task hostname:3e53738720c8 operator:PythonOperator
[2025-04-16T13:01:04.696+0000] {local_task_job_runner.py:266} INFO - Task exited with return code 0
[2025-04-16T13:01:05.670+0000] {standard_task_runner.py:217} INFO - Process not found (most likely exited), stop collecting metrics
[2025-04-16T13:01:06.383+0000] {local_task_job_runner.py:245} INFO - ::endgroup::
