[2025-04-16T19:00:36.866+0000] {local_task_job_runner.py:123} INFO - ::group::Pre task execution logs
[2025-04-16T19:00:36.905+0000] {taskinstance.py:2614} INFO - Dependencies all met for dep_context=non-requeueable deps ti=<TaskInstance: beer_data_processing.create_dim_brewery scheduled__2025-04-16T18:00:00+00:00 [queued]>
[2025-04-16T19:00:36.925+0000] {taskinstance.py:2614} INFO - Dependencies all met for dep_context=requeueable deps ti=<TaskInstance: beer_data_processing.create_dim_brewery scheduled__2025-04-16T18:00:00+00:00 [queued]>
[2025-04-16T19:00:36.927+0000] {taskinstance.py:2867} INFO - Starting attempt 1 of 6
[2025-04-16T19:00:36.956+0000] {taskinstance.py:2890} INFO - Executing <Task(PythonOperator): create_dim_brewery> on 2025-04-16 18:00:00+00:00
[2025-04-16T19:00:36.986+0000] {logging_mixin.py:190} WARNING - /home/***/.local/lib/python3.12/site-packages/***/task/task_runner/standard_task_runner.py:70 DeprecationWarning: This process (pid=81910) is multi-threaded, use of fork() may lead to deadlocks in the child.
[2025-04-16T19:00:36.986+0000] {standard_task_runner.py:104} INFO - Running: ['***', 'tasks', 'run', 'beer_data_processing', 'create_dim_brewery', 'scheduled__2025-04-16T18:00:00+00:00', '--job-id', '753', '--raw', '--subdir', 'DAGS_FOLDER/beer_data_processing_dag.py', '--cfg-path', '/tmp/tmp30aym9j4']
[2025-04-16T19:00:36.989+0000] {standard_task_runner.py:72} INFO - Started process 82090 to run task
[2025-04-16T19:00:36.989+0000] {standard_task_runner.py:105} INFO - Job 753: Subtask create_dim_brewery
[2025-04-16T19:00:37.075+0000] {task_command.py:467} INFO - Running <TaskInstance: beer_data_processing.create_dim_brewery scheduled__2025-04-16T18:00:00+00:00 [running]> on host 3e53738720c8
[2025-04-16T19:00:37.272+0000] {taskinstance.py:3134} INFO - Exporting env vars: AIRFLOW_CTX_DAG_OWNER='***' AIRFLOW_CTX_DAG_ID='beer_data_processing' AIRFLOW_CTX_TASK_ID='create_dim_brewery' AIRFLOW_CTX_EXECUTION_DATE='2025-04-16T18:00:00+00:00' AIRFLOW_CTX_TRY_NUMBER='1' AIRFLOW_CTX_DAG_RUN_ID='scheduled__2025-04-16T18:00:00+00:00'
[2025-04-16T19:00:37.279+0000] {logging_mixin.py:190} INFO - Task instance is in running state
[2025-04-16T19:00:37.280+0000] {logging_mixin.py:190} INFO -  Previous state of the Task instance: queued
[2025-04-16T19:00:37.282+0000] {logging_mixin.py:190} INFO - Current task name:create_dim_brewery state:running start_date:2025-04-16 19:00:36.906361+00:00
[2025-04-16T19:00:37.283+0000] {logging_mixin.py:190} INFO - Dag name:beer_data_processing and current dag run status:running
[2025-04-16T19:00:37.284+0000] {taskinstance.py:732} INFO - ::endgroup::
[2025-04-16T19:00:37.517+0000] {base.py:84} INFO - Retrieving connection 'postgres_conn'
[2025-04-16T19:00:38.161+0000] {logging_mixin.py:190} INFO - Створено датасет dim_brewery з 935 записами
[2025-04-16T19:00:38.164+0000] {python.py:240} INFO - Done. Returned value was: True
[2025-04-16T19:00:38.208+0000] {taskinstance.py:341} INFO - ::group::Post task execution logs
[2025-04-16T19:00:38.211+0000] {taskinstance.py:353} INFO - Marking task as SUCCESS. dag_id=beer_data_processing, task_id=create_dim_brewery, run_id=scheduled__2025-04-16T18:00:00+00:00, execution_date=20250416T180000, start_date=20250416T190036, end_date=20250416T190038
[2025-04-16T19:00:38.263+0000] {logging_mixin.py:190} INFO - Task instance in success state
[2025-04-16T19:00:38.266+0000] {logging_mixin.py:190} INFO -  Previous state of the Task instance: running
[2025-04-16T19:00:38.267+0000] {logging_mixin.py:190} INFO - Dag name:beer_data_processing queued_at:2025-04-16 19:00:01.035553+00:00
[2025-04-16T19:00:38.270+0000] {logging_mixin.py:190} INFO - Task hostname:3e53738720c8 operator:PythonOperator
[2025-04-16T19:00:38.331+0000] {local_task_job_runner.py:266} INFO - Task exited with return code 0
[2025-04-16T19:00:38.387+0000] {taskinstance.py:3901} INFO - 0 downstream tasks scheduled from follow-on schedule check
[2025-04-16T19:00:38.391+0000] {local_task_job_runner.py:245} INFO - ::endgroup::
