[2025-04-10T10:10:13.562+0000] {local_task_job_runner.py:123} INFO - ::group::Pre task execution logs
[2025-04-10T10:10:13.628+0000] {taskinstance.py:2614} INFO - Dependencies all met for dep_context=non-requeueable deps ti=<TaskInstance: beer_data_processing.check_file_exists manual__2025-04-10T10:09:57.158680+00:00 [queued]>
[2025-04-10T10:10:13.673+0000] {taskinstance.py:2614} INFO - Dependencies all met for dep_context=requeueable deps ti=<TaskInstance: beer_data_processing.check_file_exists manual__2025-04-10T10:09:57.158680+00:00 [queued]>
[2025-04-10T10:10:13.676+0000] {taskinstance.py:2867} INFO - Starting attempt 1 of 6
[2025-04-10T10:10:13.732+0000] {taskinstance.py:2890} INFO - Executing <Task(FileSensor): check_file_exists> on 2025-04-10 10:09:57.158680+00:00
[2025-04-10T10:10:13.776+0000] {logging_mixin.py:190} WARNING - /home/***/.local/lib/python3.12/site-packages/***/task/task_runner/standard_task_runner.py:70 DeprecationWarning: This process (pid=29277) is multi-threaded, use of fork() may lead to deadlocks in the child.
[2025-04-10T10:10:13.780+0000] {standard_task_runner.py:72} INFO - Started process 29440 to run task
[2025-04-10T10:10:13.778+0000] {standard_task_runner.py:104} INFO - Running: ['***', 'tasks', 'run', 'beer_data_processing', 'check_file_exists', 'manual__2025-04-10T10:09:57.158680+00:00', '--job-id', '204', '--raw', '--subdir', 'DAGS_FOLDER/beer_data_processing_dag.py', '--cfg-path', '/tmp/tmpuo8iq3u4']
[2025-04-10T10:10:13.783+0000] {standard_task_runner.py:105} INFO - Job 204: Subtask check_file_exists
[2025-04-10T10:10:13.923+0000] {task_command.py:467} INFO - Running <TaskInstance: beer_data_processing.check_file_exists manual__2025-04-10T10:09:57.158680+00:00 [running]> on host abcc0ba2292b
[2025-04-10T10:10:14.224+0000] {taskinstance.py:3134} INFO - Exporting env vars: AIRFLOW_CTX_DAG_OWNER='***' AIRFLOW_CTX_DAG_ID='beer_data_processing' AIRFLOW_CTX_TASK_ID='check_file_exists' AIRFLOW_CTX_EXECUTION_DATE='2025-04-10T10:09:57.158680+00:00' AIRFLOW_CTX_TRY_NUMBER='1' AIRFLOW_CTX_DAG_RUN_ID='manual__2025-04-10T10:09:57.158680+00:00'
[2025-04-10T10:10:14.229+0000] {logging_mixin.py:190} INFO - Task instance is in running state
[2025-04-10T10:10:14.232+0000] {logging_mixin.py:190} INFO -  Previous state of the Task instance: queued
[2025-04-10T10:10:14.233+0000] {logging_mixin.py:190} INFO - Current task name:check_file_exists state:running start_date:2025-04-10 10:10:13.630913+00:00
[2025-04-10T10:10:14.235+0000] {logging_mixin.py:190} INFO - Dag name:beer_data_processing and current dag run status:running
[2025-04-10T10:10:14.237+0000] {taskinstance.py:732} INFO - ::endgroup::
[2025-04-10T10:10:14.239+0000] {baseoperator.py:423} WARNING - FileSensor.execute cannot be called outside TaskInstance!
[2025-04-10T10:10:14.262+0000] {base.py:84} INFO - Retrieving connection 'dataset_folder'
[2025-04-10T10:10:14.265+0000] {filesystem.py:109} INFO - Poking for file /opt/***/dags/data/beer_profile_and_ratings.csv
[2025-04-10T10:10:14.282+0000] {filesystem.py:113} INFO - Found File /opt/***/dags/data/beer_profile_and_ratings.csv last modified: 20250402135654
[2025-04-10T10:10:14.283+0000] {base.py:339} INFO - Success criteria met. Exiting.
[2025-04-10T10:10:14.284+0000] {filesystem.py:109} INFO - Poking for file /opt/***/dags/data/beer_profile_and_ratings.csv
[2025-04-10T10:10:14.300+0000] {filesystem.py:113} INFO - Found File /opt/***/dags/data/beer_profile_and_ratings.csv last modified: 20250402135654
[2025-04-10T10:10:14.325+0000] {taskinstance.py:341} INFO - ::group::Post task execution logs
[2025-04-10T10:10:14.327+0000] {taskinstance.py:353} INFO - Marking task as SUCCESS. dag_id=beer_data_processing, task_id=check_file_exists, run_id=manual__2025-04-10T10:09:57.158680+00:00, execution_date=20250410T100957, start_date=20250410T101013, end_date=20250410T101014
[2025-04-10T10:10:14.392+0000] {logging_mixin.py:190} INFO - Task instance in success state
[2025-04-10T10:10:14.395+0000] {logging_mixin.py:190} INFO -  Previous state of the Task instance: running
[2025-04-10T10:10:14.397+0000] {logging_mixin.py:190} INFO - Dag name:beer_data_processing queued_at:2025-04-10 10:09:57.474780+00:00
[2025-04-10T10:10:14.399+0000] {logging_mixin.py:190} INFO - Task hostname:abcc0ba2292b operator:FileSensor
[2025-04-10T10:10:14.447+0000] {local_task_job_runner.py:266} INFO - Task exited with return code 0
[2025-04-10T10:10:14.567+0000] {taskinstance.py:3901} INFO - 1 downstream tasks scheduled from follow-on schedule check
[2025-04-10T10:10:14.572+0000] {local_task_job_runner.py:245} INFO - ::endgroup::
