[2025-04-10T13:44:29.221+0000] {local_task_job_runner.py:123} INFO - ::group::Pre task execution logs
[2025-04-10T13:44:29.445+0000] {taskinstance.py:2614} INFO - Dependencies all met for dep_context=non-requeueable deps ti=<TaskInstance: beer_data_processing.create_dim_beer_table manual__2025-04-10T13:43:01.188156+00:00 [queued]>
[2025-04-10T13:44:29.503+0000] {taskinstance.py:2614} INFO - Dependencies all met for dep_context=requeueable deps ti=<TaskInstance: beer_data_processing.create_dim_beer_table manual__2025-04-10T13:43:01.188156+00:00 [queued]>
[2025-04-10T13:44:29.506+0000] {taskinstance.py:2867} INFO - Starting attempt 1 of 6
[2025-04-10T13:44:29.850+0000] {taskinstance.py:2890} INFO - Executing <Task(SQLExecuteQueryOperator): create_dim_beer_table> on 2025-04-10 13:43:01.188156+00:00
[2025-04-10T13:44:30.120+0000] {logging_mixin.py:190} WARNING - /home/***/.local/lib/python3.12/site-packages/***/task/task_runner/standard_task_runner.py:70 DeprecationWarning: This process (pid=13087) is multi-threaded, use of fork() may lead to deadlocks in the child.
[2025-04-10T13:44:30.268+0000] {standard_task_runner.py:72} INFO - Started process 13228 to run task
[2025-04-10T13:44:30.218+0000] {standard_task_runner.py:104} INFO - Running: ['***', 'tasks', 'run', 'beer_data_processing', 'create_dim_beer_table', 'manual__2025-04-10T13:43:01.188156+00:00', '--job-id', '304', '--raw', '--subdir', 'DAGS_FOLDER/beer_data_processing_dag.py', '--cfg-path', '/tmp/tmp18s6tbu1']
[2025-04-10T13:44:30.274+0000] {standard_task_runner.py:105} INFO - Job 304: Subtask create_dim_beer_table
[2025-04-10T13:44:31.356+0000] {task_command.py:467} INFO - Running <TaskInstance: beer_data_processing.create_dim_beer_table manual__2025-04-10T13:43:01.188156+00:00 [running]> on host 3e53738720c8
[2025-04-10T13:45:02.030+0000] {job.py:229} INFO - Heartbeat recovered after 34.48 seconds
[2025-04-10T13:45:01.962+0000] {taskinstance.py:3134} INFO - Exporting env vars: AIRFLOW_CTX_DAG_OWNER='***' AIRFLOW_CTX_DAG_ID='beer_data_processing' AIRFLOW_CTX_TASK_ID='create_dim_beer_table' AIRFLOW_CTX_EXECUTION_DATE='2025-04-10T13:43:01.188156+00:00' AIRFLOW_CTX_TRY_NUMBER='1' AIRFLOW_CTX_DAG_RUN_ID='manual__2025-04-10T13:43:01.188156+00:00'
[2025-04-10T13:45:01.980+0000] {logging_mixin.py:190} INFO - Task instance is in running state
[2025-04-10T13:45:01.988+0000] {logging_mixin.py:190} INFO -  Previous state of the Task instance: queued
[2025-04-10T13:45:01.994+0000] {logging_mixin.py:190} INFO - Current task name:create_dim_beer_table state:running start_date:2025-04-10 13:44:29.477484+00:00
[2025-04-10T13:45:01.995+0000] {logging_mixin.py:190} INFO - Dag name:beer_data_processing and current dag run status:running
[2025-04-10T13:45:01.998+0000] {taskinstance.py:732} INFO - ::endgroup::
[2025-04-10T13:45:02.002+0000] {sql.py:295} INFO - Executing: 
    CREATE TABLE IF NOT EXISTS dim_beer (
        beer_id SERIAL PRIMARY KEY,
        beer_name VARCHAR(255) NOT NULL UNIQUE
    );
    
[2025-04-10T13:45:02.286+0000] {base.py:84} INFO - Retrieving connection 'postgres_conn'
[2025-04-10T13:45:02.374+0000] {base.py:84} INFO - Retrieving connection 'postgres_conn'
[2025-04-10T13:45:02.424+0000] {sql.py:511} INFO - Running statement: 
    CREATE TABLE IF NOT EXISTS dim_beer (
        beer_id SERIAL PRIMARY KEY,
        beer_name VARCHAR(255) NOT NULL UNIQUE
    );
    , parameters: None
[2025-04-10T13:45:02.489+0000] {logging_mixin.py:190} WARNING - /home/***/.local/lib/python3.12/site-packages/***/providers/common/sql/hooks/sql.py:470 DeprecationWarning: Import of fetch_all_handler from the '***.providers.common.sql.hooks' module is deprecated and will
be removed in the future. Please import it from '***.providers.common.sql.hooks.handlers'.
[2025-04-10T13:45:02.529+0000] {logging_mixin.py:190} WARNING - /home/***/.local/lib/python3.12/site-packages/***/providers/common/sql/hooks/sql.py:471 DeprecationWarning: Import of return_single_query_results from the '***.providers.common.sql.hooks' module is deprecated and will
be removed in the future. Please import it from '***.providers.common.sql.hooks.handlers'.
[2025-04-10T13:45:02.546+0000] {logging_mixin.py:190} WARNING - /home/***/.local/lib/python3.12/site-packages/***/providers/common/sql/hooks/sql.py:486 DeprecationWarning: Import of return_single_query_results from the '***.providers.common.sql.hooks' module is deprecated and will
be removed in the future. Please import it from '***.providers.common.sql.hooks.handlers'.
[2025-04-10T13:45:02.556+0000] {logging_mixin.py:190} WARNING - /home/***/.local/lib/python3.12/site-packages/***/providers/common/sql/operators/sql.py:311 DeprecationWarning: Import of return_single_query_results from the '***.providers.common.sql.hooks' module is deprecated and will
be removed in the future. Please import it from '***.providers.common.sql.hooks.handlers'.
[2025-04-10T13:45:02.700+0000] {taskinstance.py:341} INFO - ::group::Post task execution logs
[2025-04-10T13:45:02.713+0000] {taskinstance.py:353} INFO - Marking task as SUCCESS. dag_id=beer_data_processing, task_id=create_dim_beer_table, run_id=manual__2025-04-10T13:43:01.188156+00:00, execution_date=20250410T134301, start_date=20250410T134429, end_date=20250410T134502
[2025-04-10T13:45:03.028+0000] {logging_mixin.py:190} INFO - Task instance in success state
[2025-04-10T13:45:03.033+0000] {logging_mixin.py:190} INFO -  Previous state of the Task instance: running
[2025-04-10T13:45:03.047+0000] {logging_mixin.py:190} INFO - Dag name:beer_data_processing queued_at:2025-04-10 13:43:02.020273+00:00
[2025-04-10T13:45:03.050+0000] {logging_mixin.py:190} INFO - Task hostname:3e53738720c8 operator:SQLExecuteQueryOperator
[2025-04-10T13:45:03.274+0000] {local_task_job_runner.py:266} INFO - Task exited with return code 0
[2025-04-10T13:45:03.350+0000] {local_task_job_runner.py:245} INFO - ::endgroup::
