[2025-04-16T16:06:20.966+0000] {local_task_job_runner.py:123} INFO - ::group::Pre task execution logs
[2025-04-16T16:06:21.339+0000] {taskinstance.py:2614} INFO - Dependencies all met for dep_context=non-requeueable deps ti=<TaskInstance: beer_data_processing.create_dim_beer scheduled__2025-04-16T08:00:00+00:00 [queued]>
[2025-04-16T16:06:21.417+0000] {taskinstance.py:2614} INFO - Dependencies all met for dep_context=requeueable deps ti=<TaskInstance: beer_data_processing.create_dim_beer scheduled__2025-04-16T08:00:00+00:00 [queued]>
[2025-04-16T16:06:21.421+0000] {taskinstance.py:2867} INFO - Starting attempt 2 of 6
[2025-04-16T16:06:21.664+0000] {taskinstance.py:2890} INFO - Executing <Task(PythonOperator): create_dim_beer> on 2025-04-16 08:00:00+00:00
[2025-04-16T16:06:22.108+0000] {logging_mixin.py:190} WARNING - /home/***/.local/lib/python3.12/site-packages/***/task/task_runner/standard_task_runner.py:70 DeprecationWarning: This process (pid=2492) is multi-threaded, use of fork() may lead to deadlocks in the child.
[2025-04-16T16:06:22.125+0000] {standard_task_runner.py:72} INFO - Started process 2894 to run task
[2025-04-16T16:06:22.285+0000] {standard_task_runner.py:104} INFO - Running: ['***', 'tasks', 'run', 'beer_data_processing', 'create_dim_beer', 'scheduled__2025-04-16T08:00:00+00:00', '--job-id', '659', '--raw', '--subdir', 'DAGS_FOLDER/beer_data_processing_dag.py', '--cfg-path', '/tmp/tmpib7e3p15']
[2025-04-16T16:06:22.298+0000] {standard_task_runner.py:105} INFO - Job 659: Subtask create_dim_beer
[2025-04-16T16:06:24.282+0000] {task_command.py:467} INFO - Running <TaskInstance: beer_data_processing.create_dim_beer scheduled__2025-04-16T08:00:00+00:00 [running]> on host 3e53738720c8
[2025-04-16T16:07:16.607+0000] {job.py:229} INFO - Heartbeat recovered after 57.13 seconds
[2025-04-16T16:07:18.189+0000] {taskinstance.py:3134} INFO - Exporting env vars: AIRFLOW_CTX_DAG_OWNER='***' AIRFLOW_CTX_DAG_ID='beer_data_processing' AIRFLOW_CTX_TASK_ID='create_dim_beer' AIRFLOW_CTX_EXECUTION_DATE='2025-04-16T08:00:00+00:00' AIRFLOW_CTX_TRY_NUMBER='2' AIRFLOW_CTX_DAG_RUN_ID='scheduled__2025-04-16T08:00:00+00:00'
[2025-04-16T16:07:19.097+0000] {logging_mixin.py:190} INFO - Task instance is in running state
[2025-04-16T16:07:19.154+0000] {logging_mixin.py:190} INFO -  Previous state of the Task instance: queued
[2025-04-16T16:07:19.376+0000] {logging_mixin.py:190} INFO - Current task name:create_dim_beer state:running start_date:2025-04-16 16:06:21.344837+00:00
[2025-04-16T16:07:19.439+0000] {logging_mixin.py:190} INFO - Dag name:beer_data_processing and current dag run status:running
[2025-04-16T16:07:19.604+0000] {taskinstance.py:732} INFO - ::endgroup::
[2025-04-16T16:07:26.759+0000] {base.py:84} INFO - Retrieving connection 'postgres_conn'
[2025-04-16T16:07:32.999+0000] {logging_mixin.py:190} INFO - Створено датасет dim_beer з 3069 записами
[2025-04-16T16:07:33.034+0000] {python.py:240} INFO - Done. Returned value was: True
[2025-04-16T16:07:33.592+0000] {taskinstance.py:341} INFO - ::group::Post task execution logs
[2025-04-16T16:07:33.597+0000] {taskinstance.py:353} INFO - Marking task as SUCCESS. dag_id=beer_data_processing, task_id=create_dim_beer, run_id=scheduled__2025-04-16T08:00:00+00:00, execution_date=20250416T080000, start_date=20250416T160621, end_date=20250416T160733
[2025-04-16T16:07:33.954+0000] {logging_mixin.py:190} INFO - Task instance in success state
[2025-04-16T16:07:33.957+0000] {logging_mixin.py:190} INFO -  Previous state of the Task instance: running
[2025-04-16T16:07:33.961+0000] {logging_mixin.py:190} INFO - Dag name:beer_data_processing queued_at:2025-04-16 15:07:09.591370+00:00
[2025-04-16T16:07:33.967+0000] {logging_mixin.py:190} INFO - Task hostname:3e53738720c8 operator:PythonOperator
[2025-04-16T16:07:34.092+0000] {local_task_job_runner.py:266} INFO - Task exited with return code 0
[2025-04-16T16:07:35.001+0000] {taskinstance.py:3901} INFO - 0 downstream tasks scheduled from follow-on schedule check
[2025-04-16T16:07:35.026+0000] {local_task_job_runner.py:245} INFO - ::endgroup::
