[2025-04-16T22:02:00.335+0000] {local_task_job_runner.py:123} INFO - ::group::Pre task execution logs
[2025-04-16T22:02:00.380+0000] {taskinstance.py:2614} INFO - Dependencies all met for dep_context=non-requeueable deps ti=<TaskInstance: beer_data_processing.load_and_process_data scheduled__2025-04-16T21:00:00+00:00 [queued]>
[2025-04-16T22:02:00.405+0000] {taskinstance.py:2614} INFO - Dependencies all met for dep_context=requeueable deps ti=<TaskInstance: beer_data_processing.load_and_process_data scheduled__2025-04-16T21:00:00+00:00 [queued]>
[2025-04-16T22:02:00.408+0000] {taskinstance.py:2867} INFO - Starting attempt 1 of 6
[2025-04-16T22:02:00.444+0000] {taskinstance.py:2890} INFO - Executing <Task(PythonOperator): load_and_process_data> on 2025-04-16 21:00:00+00:00
[2025-04-16T22:02:00.473+0000] {standard_task_runner.py:104} INFO - Running: ['***', 'tasks', 'run', 'beer_data_processing', 'load_and_process_data', 'scheduled__2025-04-16T21:00:00+00:00', '--job-id', '840', '--raw', '--subdir', 'DAGS_FOLDER/beer_data_processing_dag.py', '--cfg-path', '/tmp/tmpfiv784o7']
[2025-04-16T22:02:00.479+0000] {standard_task_runner.py:105} INFO - Job 840: Subtask load_and_process_data
[2025-04-16T22:02:00.489+0000] {logging_mixin.py:190} WARNING - /home/***/.local/lib/python3.12/site-packages/***/task/task_runner/standard_task_runner.py:70 DeprecationWarning: This process (pid=14042) is multi-threaded, use of fork() may lead to deadlocks in the child.
[2025-04-16T22:02:00.492+0000] {standard_task_runner.py:72} INFO - Started process 14101 to run task
[2025-04-16T22:02:00.608+0000] {task_command.py:467} INFO - Running <TaskInstance: beer_data_processing.load_and_process_data scheduled__2025-04-16T21:00:00+00:00 [running]> on host a0d0456bae2c
[2025-04-16T22:02:00.813+0000] {taskinstance.py:3134} INFO - Exporting env vars: AIRFLOW_CTX_DAG_OWNER='***' AIRFLOW_CTX_DAG_ID='beer_data_processing' AIRFLOW_CTX_TASK_ID='load_and_process_data' AIRFLOW_CTX_EXECUTION_DATE='2025-04-16T21:00:00+00:00' AIRFLOW_CTX_TRY_NUMBER='1' AIRFLOW_CTX_DAG_RUN_ID='scheduled__2025-04-16T21:00:00+00:00'
[2025-04-16T22:02:00.816+0000] {logging_mixin.py:190} INFO - Task instance is in running state
[2025-04-16T22:02:00.818+0000] {logging_mixin.py:190} INFO -  Previous state of the Task instance: queued
[2025-04-16T22:02:00.820+0000] {logging_mixin.py:190} INFO - Current task name:load_and_process_data state:running start_date:2025-04-16 22:02:00.382089+00:00
[2025-04-16T22:02:00.821+0000] {logging_mixin.py:190} INFO - Dag name:beer_data_processing and current dag run status:running
[2025-04-16T22:02:00.822+0000] {taskinstance.py:732} INFO - ::endgroup::
[2025-04-16T22:02:01.230+0000] {logging_mixin.py:190} INFO - Завантажено 3197 записів з CSV файлу
[2025-04-16T22:02:01.232+0000] {python.py:240} INFO - Done. Returned value was: True
[2025-04-16T22:02:01.283+0000] {taskinstance.py:341} INFO - ::group::Post task execution logs
[2025-04-16T22:02:01.286+0000] {taskinstance.py:353} INFO - Marking task as SUCCESS. dag_id=beer_data_processing, task_id=load_and_process_data, run_id=scheduled__2025-04-16T21:00:00+00:00, execution_date=20250416T210000, start_date=20250416T220200, end_date=20250416T220201
[2025-04-16T22:02:01.356+0000] {logging_mixin.py:190} INFO - Task instance in success state
[2025-04-16T22:02:01.358+0000] {logging_mixin.py:190} INFO -  Previous state of the Task instance: running
[2025-04-16T22:02:01.359+0000] {logging_mixin.py:190} INFO - Dag name:beer_data_processing queued_at:2025-04-16 22:01:46.907373+00:00
[2025-04-16T22:02:01.360+0000] {logging_mixin.py:190} INFO - Task hostname:a0d0456bae2c operator:PythonOperator
[2025-04-16T22:02:01.398+0000] {local_task_job_runner.py:266} INFO - Task exited with return code 0
[2025-04-16T22:02:01.500+0000] {taskinstance.py:3901} INFO - 7 downstream tasks scheduled from follow-on schedule check
[2025-04-16T22:02:01.505+0000] {local_task_job_runner.py:245} INFO - ::endgroup::
