[2025-04-10T07:21:56.716+0000] {local_task_job_runner.py:123} INFO - ::group::Pre task execution logs
[2025-04-10T07:21:56.796+0000] {taskinstance.py:2614} INFO - Dependencies all met for dep_context=non-requeueable deps ti=<TaskInstance: beer_data_processing.check_file_exists manual__2025-04-10T07:21:42.815772+00:00 [queued]>
[2025-04-10T07:21:56.827+0000] {taskinstance.py:2614} INFO - Dependencies all met for dep_context=requeueable deps ti=<TaskInstance: beer_data_processing.check_file_exists manual__2025-04-10T07:21:42.815772+00:00 [queued]>
[2025-04-10T07:21:56.828+0000] {taskinstance.py:2867} INFO - Starting attempt 1 of 6
[2025-04-10T07:21:56.878+0000] {taskinstance.py:2890} INFO - Executing <Task(FileSensor): check_file_exists> on 2025-04-10 07:21:42.815772+00:00
[2025-04-10T07:21:56.964+0000] {logging_mixin.py:190} WARNING - /home/***/.local/lib/python3.12/site-packages/***/task/task_runner/standard_task_runner.py:70 DeprecationWarning: This process (pid=32157) is multi-threaded, use of fork() may lead to deadlocks in the child.
[2025-04-10T07:21:56.964+0000] {standard_task_runner.py:104} INFO - Running: ['***', 'tasks', 'run', 'beer_data_processing', 'check_file_exists', 'manual__2025-04-10T07:21:42.815772+00:00', '--job-id', '136', '--raw', '--subdir', 'DAGS_FOLDER/beer_data_processing_dag.py', '--cfg-path', '/tmp/tmp4rpipesw']
[2025-04-10T07:21:56.967+0000] {standard_task_runner.py:72} INFO - Started process 32292 to run task
[2025-04-10T07:21:56.969+0000] {standard_task_runner.py:105} INFO - Job 136: Subtask check_file_exists
[2025-04-10T07:21:57.130+0000] {task_command.py:467} INFO - Running <TaskInstance: beer_data_processing.check_file_exists manual__2025-04-10T07:21:42.815772+00:00 [running]> on host 893b969cc7b0
[2025-04-10T07:21:57.471+0000] {taskinstance.py:3134} INFO - Exporting env vars: AIRFLOW_CTX_DAG_OWNER='***' AIRFLOW_CTX_DAG_ID='beer_data_processing' AIRFLOW_CTX_TASK_ID='check_file_exists' AIRFLOW_CTX_EXECUTION_DATE='2025-04-10T07:21:42.815772+00:00' AIRFLOW_CTX_TRY_NUMBER='1' AIRFLOW_CTX_DAG_RUN_ID='manual__2025-04-10T07:21:42.815772+00:00'
[2025-04-10T07:21:57.475+0000] {logging_mixin.py:190} INFO - Task instance is in running state
[2025-04-10T07:21:57.477+0000] {logging_mixin.py:190} INFO -  Previous state of the Task instance: queued
[2025-04-10T07:21:57.479+0000] {logging_mixin.py:190} INFO - Current task name:check_file_exists state:running start_date:2025-04-10 07:21:56.797917+00:00
[2025-04-10T07:21:57.481+0000] {logging_mixin.py:190} INFO - Dag name:beer_data_processing and current dag run status:running
[2025-04-10T07:21:57.482+0000] {taskinstance.py:732} INFO - ::endgroup::
[2025-04-10T07:21:57.485+0000] {baseoperator.py:423} WARNING - FileSensor.execute cannot be called outside TaskInstance!
[2025-04-10T07:21:57.516+0000] {base.py:84} INFO - Retrieving connection 'dataset_folder'
[2025-04-10T07:21:57.520+0000] {filesystem.py:109} INFO - Poking for file /opt/***/dags/data/beer_profile_and_ratings.csv
[2025-04-10T07:21:57.539+0000] {filesystem.py:113} INFO - Found File /opt/***/dags/data/beer_profile_and_ratings.csv last modified: 20250402135654
[2025-04-10T07:21:57.541+0000] {base.py:339} INFO - Success criteria met. Exiting.
[2025-04-10T07:21:57.544+0000] {filesystem.py:109} INFO - Poking for file /opt/***/dags/data/beer_profile_and_ratings.csv
[2025-04-10T07:21:57.554+0000] {filesystem.py:113} INFO - Found File /opt/***/dags/data/beer_profile_and_ratings.csv last modified: 20250402135654
[2025-04-10T07:21:57.587+0000] {taskinstance.py:341} INFO - ::group::Post task execution logs
[2025-04-10T07:21:57.589+0000] {taskinstance.py:353} INFO - Marking task as SUCCESS. dag_id=beer_data_processing, task_id=check_file_exists, run_id=manual__2025-04-10T07:21:42.815772+00:00, execution_date=20250410T072142, start_date=20250410T072156, end_date=20250410T072157
[2025-04-10T07:21:57.655+0000] {logging_mixin.py:190} INFO - Task instance in success state
[2025-04-10T07:21:57.657+0000] {logging_mixin.py:190} INFO -  Previous state of the Task instance: running
[2025-04-10T07:21:57.658+0000] {logging_mixin.py:190} INFO - Dag name:beer_data_processing queued_at:2025-04-10 07:21:43.213712+00:00
[2025-04-10T07:21:57.660+0000] {logging_mixin.py:190} INFO - Task hostname:893b969cc7b0 operator:FileSensor
[2025-04-10T07:21:57.717+0000] {local_task_job_runner.py:266} INFO - Task exited with return code 0
[2025-04-10T07:21:57.838+0000] {taskinstance.py:3901} INFO - 1 downstream tasks scheduled from follow-on schedule check
[2025-04-10T07:21:57.845+0000] {local_task_job_runner.py:245} INFO - ::endgroup::
