[2025-04-16T22:28:39.994+0000] {local_task_job_runner.py:123} INFO - ::group::Pre task execution logs
[2025-04-16T22:28:40.037+0000] {taskinstance.py:2614} INFO - Dependencies all met for dep_context=non-requeueable deps ti=<TaskInstance: beer_data_processing.load_data manual__2025-04-16T22:28:24.981382+00:00 [queued]>
[2025-04-16T22:28:40.058+0000] {taskinstance.py:2614} INFO - Dependencies all met for dep_context=requeueable deps ti=<TaskInstance: beer_data_processing.load_data manual__2025-04-16T22:28:24.981382+00:00 [queued]>
[2025-04-16T22:28:40.059+0000] {taskinstance.py:2867} INFO - Starting attempt 1 of 6
[2025-04-16T22:28:40.094+0000] {taskinstance.py:2890} INFO - Executing <Task(PythonOperator): load_data> on 2025-04-16 22:28:24.981382+00:00
[2025-04-16T22:28:40.116+0000] {standard_task_runner.py:104} INFO - Running: ['***', 'tasks', 'run', 'beer_data_processing', 'load_data', 'manual__2025-04-16T22:28:24.981382+00:00', '--job-id', '881', '--raw', '--subdir', 'DAGS_FOLDER/beer_data_processing_dag.py', '--cfg-path', '/tmp/tmpygsr7ban']
[2025-04-16T22:28:40.118+0000] {standard_task_runner.py:105} INFO - Job 881: Subtask load_data
[2025-04-16T22:28:40.118+0000] {logging_mixin.py:190} WARNING - /home/***/.local/lib/python3.12/site-packages/***/task/task_runner/standard_task_runner.py:70 DeprecationWarning: This process (pid=30354) is multi-threaded, use of fork() may lead to deadlocks in the child.
[2025-04-16T22:28:40.120+0000] {standard_task_runner.py:72} INFO - Started process 30383 to run task
[2025-04-16T22:28:40.209+0000] {task_command.py:467} INFO - Running <TaskInstance: beer_data_processing.load_data manual__2025-04-16T22:28:24.981382+00:00 [running]> on host a0d0456bae2c
[2025-04-16T22:28:40.388+0000] {taskinstance.py:3134} INFO - Exporting env vars: AIRFLOW_CTX_DAG_OWNER='***' AIRFLOW_CTX_DAG_ID='beer_data_processing' AIRFLOW_CTX_TASK_ID='load_data' AIRFLOW_CTX_EXECUTION_DATE='2025-04-16T22:28:24.981382+00:00' AIRFLOW_CTX_TRY_NUMBER='1' AIRFLOW_CTX_DAG_RUN_ID='manual__2025-04-16T22:28:24.981382+00:00'
[2025-04-16T22:28:40.392+0000] {logging_mixin.py:190} INFO - Task instance is in running state
[2025-04-16T22:28:40.393+0000] {logging_mixin.py:190} INFO -  Previous state of the Task instance: queued
[2025-04-16T22:28:40.394+0000] {logging_mixin.py:190} INFO - Current task name:load_data state:running start_date:2025-04-16 22:28:40.038773+00:00
[2025-04-16T22:28:40.395+0000] {logging_mixin.py:190} INFO - Dag name:beer_data_processing and current dag run status:running
[2025-04-16T22:28:40.397+0000] {taskinstance.py:732} INFO - ::endgroup::
[2025-04-16T22:28:40.687+0000] {logging_mixin.py:190} INFO - Завантажено 3197 записів з CSV файлу
[2025-04-16T22:28:40.689+0000] {python.py:240} INFO - Done. Returned value was: True
[2025-04-16T22:28:40.734+0000] {taskinstance.py:341} INFO - ::group::Post task execution logs
[2025-04-16T22:28:40.736+0000] {taskinstance.py:353} INFO - Marking task as SUCCESS. dag_id=beer_data_processing, task_id=load_data, run_id=manual__2025-04-16T22:28:24.981382+00:00, execution_date=20250416T222824, start_date=20250416T222840, end_date=20250416T222840
[2025-04-16T22:28:40.789+0000] {logging_mixin.py:190} INFO - Task instance in success state
[2025-04-16T22:28:40.791+0000] {logging_mixin.py:190} INFO -  Previous state of the Task instance: running
[2025-04-16T22:28:40.792+0000] {logging_mixin.py:190} INFO - Dag name:beer_data_processing queued_at:2025-04-16 22:28:25.450526+00:00
[2025-04-16T22:28:40.793+0000] {logging_mixin.py:190} INFO - Task hostname:a0d0456bae2c operator:PythonOperator
[2025-04-16T22:28:40.823+0000] {local_task_job_runner.py:266} INFO - Task exited with return code 0
[2025-04-16T22:28:40.902+0000] {taskinstance.py:3901} INFO - 3 downstream tasks scheduled from follow-on schedule check
[2025-04-16T22:28:40.908+0000] {local_task_job_runner.py:245} INFO - ::endgroup::
