[2025-04-16T21:50:16.883+0000] {local_task_job_runner.py:123} INFO - ::group::Pre task execution logs
[2025-04-16T21:50:16.964+0000] {taskinstance.py:2614} INFO - Dependencies all met for dep_context=non-requeueable deps ti=<TaskInstance: beer_data_processing.create_dim_beer manual__2025-04-16T21:49:33.580918+00:00 [queued]>
[2025-04-16T21:50:17.002+0000] {taskinstance.py:2614} INFO - Dependencies all met for dep_context=requeueable deps ti=<TaskInstance: beer_data_processing.create_dim_beer manual__2025-04-16T21:49:33.580918+00:00 [queued]>
[2025-04-16T21:50:17.005+0000] {taskinstance.py:2867} INFO - Starting attempt 1 of 6
[2025-04-16T21:50:17.067+0000] {taskinstance.py:2890} INFO - Executing <Task(PythonOperator): create_dim_beer> on 2025-04-16 21:49:33.580918+00:00
[2025-04-16T21:50:17.100+0000] {standard_task_runner.py:104} INFO - Running: ['***', 'tasks', 'run', 'beer_data_processing', 'create_dim_beer', 'manual__2025-04-16T21:49:33.580918+00:00', '--job-id', '836', '--raw', '--subdir', 'DAGS_FOLDER/beer_data_processing_dag.py', '--cfg-path', '/tmp/tmpz6jkewey']
[2025-04-16T21:50:17.107+0000] {standard_task_runner.py:105} INFO - Job 836: Subtask create_dim_beer
[2025-04-16T21:50:17.115+0000] {logging_mixin.py:190} WARNING - /home/***/.local/lib/python3.12/site-packages/***/task/task_runner/standard_task_runner.py:70 DeprecationWarning: This process (pid=6961) is multi-threaded, use of fork() may lead to deadlocks in the child.
[2025-04-16T21:50:17.119+0000] {standard_task_runner.py:72} INFO - Started process 7106 to run task
[2025-04-16T21:50:17.257+0000] {task_command.py:467} INFO - Running <TaskInstance: beer_data_processing.create_dim_beer manual__2025-04-16T21:49:33.580918+00:00 [running]> on host a0d0456bae2c
[2025-04-16T21:50:17.545+0000] {taskinstance.py:3134} INFO - Exporting env vars: AIRFLOW_CTX_DAG_OWNER='***' AIRFLOW_CTX_DAG_ID='beer_data_processing' AIRFLOW_CTX_TASK_ID='create_dim_beer' AIRFLOW_CTX_EXECUTION_DATE='2025-04-16T21:49:33.580918+00:00' AIRFLOW_CTX_TRY_NUMBER='1' AIRFLOW_CTX_DAG_RUN_ID='manual__2025-04-16T21:49:33.580918+00:00'
[2025-04-16T21:50:17.549+0000] {logging_mixin.py:190} INFO - Task instance is in running state
[2025-04-16T21:50:17.551+0000] {logging_mixin.py:190} INFO -  Previous state of the Task instance: queued
[2025-04-16T21:50:17.552+0000] {logging_mixin.py:190} INFO - Current task name:create_dim_beer state:running start_date:2025-04-16 21:50:16.966246+00:00
[2025-04-16T21:50:17.554+0000] {logging_mixin.py:190} INFO - Dag name:beer_data_processing and current dag run status:running
[2025-04-16T21:50:17.555+0000] {taskinstance.py:732} INFO - ::endgroup::
[2025-04-16T21:50:17.772+0000] {base.py:84} INFO - Retrieving connection 'postgres_conn'
[2025-04-16T21:50:20.197+0000] {logging_mixin.py:190} INFO - Створено датасет dim_beer з 3069 записами
[2025-04-16T21:50:20.200+0000] {python.py:240} INFO - Done. Returned value was: True
[2025-04-16T21:50:20.247+0000] {taskinstance.py:341} INFO - ::group::Post task execution logs
[2025-04-16T21:50:20.249+0000] {taskinstance.py:353} INFO - Marking task as SUCCESS. dag_id=beer_data_processing, task_id=create_dim_beer, run_id=manual__2025-04-16T21:49:33.580918+00:00, execution_date=20250416T214933, start_date=20250416T215016, end_date=20250416T215020
[2025-04-16T21:50:20.297+0000] {logging_mixin.py:190} INFO - Task instance in success state
[2025-04-16T21:50:20.299+0000] {logging_mixin.py:190} INFO -  Previous state of the Task instance: running
[2025-04-16T21:50:20.300+0000] {logging_mixin.py:190} INFO - Dag name:beer_data_processing queued_at:2025-04-16 21:49:33.738904+00:00
[2025-04-16T21:50:20.301+0000] {logging_mixin.py:190} INFO - Task hostname:a0d0456bae2c operator:PythonOperator
[2025-04-16T21:50:20.357+0000] {local_task_job_runner.py:266} INFO - Task exited with return code 0
[2025-04-16T21:50:20.429+0000] {taskinstance.py:3901} INFO - 1 downstream tasks scheduled from follow-on schedule check
[2025-04-16T21:50:20.434+0000] {local_task_job_runner.py:245} INFO - ::endgroup::
