[2025-04-16T22:30:06.756+0000] {local_task_job_runner.py:123} INFO - ::group::Pre task execution logs
[2025-04-16T22:30:06.885+0000] {taskinstance.py:2614} INFO - Dependencies all met for dep_context=non-requeueable deps ti=<TaskInstance: beer_data_processing.create_dim_brewery_table manual__2025-04-16T22:28:24.981382+00:00 [queued]>
[2025-04-16T22:30:07.029+0000] {taskinstance.py:2614} INFO - Dependencies all met for dep_context=requeueable deps ti=<TaskInstance: beer_data_processing.create_dim_brewery_table manual__2025-04-16T22:28:24.981382+00:00 [queued]>
[2025-04-16T22:30:07.031+0000] {taskinstance.py:2867} INFO - Starting attempt 1 of 6
[2025-04-16T22:30:07.186+0000] {taskinstance.py:2890} INFO - Executing <Task(SQLExecuteQueryOperator): create_dim_brewery_table> on 2025-04-16 22:28:24.981382+00:00
[2025-04-16T22:30:07.301+0000] {logging_mixin.py:190} WARNING - /home/***/.local/lib/python3.12/site-packages/***/task/task_runner/standard_task_runner.py:70 DeprecationWarning: This process (pid=30665) is multi-threaded, use of fork() may lead to deadlocks in the child.
[2025-04-16T22:30:07.307+0000] {standard_task_runner.py:104} INFO - Running: ['***', 'tasks', 'run', 'beer_data_processing', 'create_dim_brewery_table', 'manual__2025-04-16T22:28:24.981382+00:00', '--job-id', '886', '--raw', '--subdir', 'DAGS_FOLDER/beer_data_processing_dag.py', '--cfg-path', '/tmp/tmp56osu0px']
[2025-04-16T22:30:07.311+0000] {standard_task_runner.py:72} INFO - Started process 30792 to run task
[2025-04-16T22:30:07.314+0000] {standard_task_runner.py:105} INFO - Job 886: Subtask create_dim_brewery_table
[2025-04-16T22:30:07.848+0000] {task_command.py:467} INFO - Running <TaskInstance: beer_data_processing.create_dim_brewery_table manual__2025-04-16T22:28:24.981382+00:00 [running]> on host a0d0456bae2c
[2025-04-16T22:30:08.526+0000] {taskinstance.py:3134} INFO - Exporting env vars: AIRFLOW_CTX_DAG_OWNER='***' AIRFLOW_CTX_DAG_ID='beer_data_processing' AIRFLOW_CTX_TASK_ID='create_dim_brewery_table' AIRFLOW_CTX_EXECUTION_DATE='2025-04-16T22:28:24.981382+00:00' AIRFLOW_CTX_TRY_NUMBER='1' AIRFLOW_CTX_DAG_RUN_ID='manual__2025-04-16T22:28:24.981382+00:00'
[2025-04-16T22:30:08.532+0000] {logging_mixin.py:190} INFO - Task instance is in running state
[2025-04-16T22:30:08.534+0000] {logging_mixin.py:190} INFO -  Previous state of the Task instance: queued
[2025-04-16T22:30:08.536+0000] {logging_mixin.py:190} INFO - Current task name:create_dim_brewery_table state:running start_date:2025-04-16 22:30:06.887368+00:00
[2025-04-16T22:30:08.538+0000] {logging_mixin.py:190} INFO - Dag name:beer_data_processing and current dag run status:running
[2025-04-16T22:30:08.539+0000] {taskinstance.py:732} INFO - ::endgroup::
[2025-04-16T22:30:08.541+0000] {sql.py:295} INFO - Executing: 
    CREATE TABLE IF NOT EXISTS dim_brewery (
        brewery_id SERIAL PRIMARY KEY,
        brewery_name VARCHAR(255) NOT NULL UNIQUE
    );
    
[2025-04-16T22:30:08.566+0000] {base.py:84} INFO - Retrieving connection 'postgres_conn'
[2025-04-16T22:30:08.675+0000] {base.py:84} INFO - Retrieving connection 'postgres_conn'
[2025-04-16T22:30:08.704+0000] {sql.py:511} INFO - Running statement: 
    CREATE TABLE IF NOT EXISTS dim_brewery (
        brewery_id SERIAL PRIMARY KEY,
        brewery_name VARCHAR(255) NOT NULL UNIQUE
    );
    , parameters: None
[2025-04-16T22:30:08.817+0000] {logging_mixin.py:190} WARNING - /home/***/.local/lib/python3.12/site-packages/***/providers/common/sql/hooks/sql.py:470 DeprecationWarning: Import of fetch_all_handler from the '***.providers.common.sql.hooks' module is deprecated and will
be removed in the future. Please import it from '***.providers.common.sql.hooks.handlers'.
[2025-04-16T22:30:09.511+0000] {logging_mixin.py:190} WARNING - /home/***/.local/lib/python3.12/site-packages/***/providers/common/sql/hooks/sql.py:471 DeprecationWarning: Import of return_single_query_results from the '***.providers.common.sql.hooks' module is deprecated and will
be removed in the future. Please import it from '***.providers.common.sql.hooks.handlers'.
[2025-04-16T22:30:09.583+0000] {logging_mixin.py:190} WARNING - /home/***/.local/lib/python3.12/site-packages/***/providers/common/sql/hooks/sql.py:486 DeprecationWarning: Import of return_single_query_results from the '***.providers.common.sql.hooks' module is deprecated and will
be removed in the future. Please import it from '***.providers.common.sql.hooks.handlers'.
[2025-04-16T22:30:09.588+0000] {logging_mixin.py:190} WARNING - /home/***/.local/lib/python3.12/site-packages/***/providers/common/sql/operators/sql.py:311 DeprecationWarning: Import of return_single_query_results from the '***.providers.common.sql.hooks' module is deprecated and will
be removed in the future. Please import it from '***.providers.common.sql.hooks.handlers'.
[2025-04-16T22:30:10.180+0000] {taskinstance.py:341} INFO - ::group::Post task execution logs
[2025-04-16T22:30:10.197+0000] {taskinstance.py:353} INFO - Marking task as SUCCESS. dag_id=beer_data_processing, task_id=create_dim_brewery_table, run_id=manual__2025-04-16T22:28:24.981382+00:00, execution_date=20250416T222824, start_date=20250416T223006, end_date=20250416T223010
[2025-04-16T22:30:10.626+0000] {logging_mixin.py:190} INFO - Task instance in success state
[2025-04-16T22:30:10.628+0000] {logging_mixin.py:190} INFO -  Previous state of the Task instance: running
[2025-04-16T22:30:10.643+0000] {logging_mixin.py:190} INFO - Dag name:beer_data_processing queued_at:2025-04-16 22:28:25.450526+00:00
[2025-04-16T22:30:10.646+0000] {logging_mixin.py:190} INFO - Task hostname:a0d0456bae2c operator:SQLExecuteQueryOperator
[2025-04-16T22:30:10.722+0000] {local_task_job_runner.py:266} INFO - Task exited with return code 0
[2025-04-16T22:30:10.770+0000] {local_task_job_runner.py:245} INFO - ::endgroup::
