[2025-04-16T21:50:05.266+0000] {local_task_job_runner.py:123} INFO - ::group::Pre task execution logs
[2025-04-16T21:50:05.394+0000] {taskinstance.py:2614} INFO - Dependencies all met for dep_context=non-requeueable deps ti=<TaskInstance: beer_data_processing.create_dim_style_table manual__2025-04-16T21:49:33.580918+00:00 [queued]>
[2025-04-16T21:50:05.468+0000] {taskinstance.py:2614} INFO - Dependencies all met for dep_context=requeueable deps ti=<TaskInstance: beer_data_processing.create_dim_style_table manual__2025-04-16T21:49:33.580918+00:00 [queued]>
[2025-04-16T21:50:05.471+0000] {taskinstance.py:2867} INFO - Starting attempt 1 of 6
[2025-04-16T21:50:05.576+0000] {taskinstance.py:2890} INFO - Executing <Task(SQLExecuteQueryOperator): create_dim_style_table> on 2025-04-16 21:49:33.580918+00:00
[2025-04-16T21:50:05.708+0000] {standard_task_runner.py:104} INFO - Running: ['***', 'tasks', 'run', 'beer_data_processing', 'create_dim_style_table', 'manual__2025-04-16T21:49:33.580918+00:00', '--job-id', '828', '--raw', '--subdir', 'DAGS_FOLDER/beer_data_processing_dag.py', '--cfg-path', '/tmp/tmp33wb97sf']
[2025-04-16T21:50:05.744+0000] {standard_task_runner.py:105} INFO - Job 828: Subtask create_dim_style_table
[2025-04-16T21:50:05.802+0000] {logging_mixin.py:190} WARNING - /home/***/.local/lib/python3.12/site-packages/***/task/task_runner/standard_task_runner.py:70 DeprecationWarning: This process (pid=6790) is multi-threaded, use of fork() may lead to deadlocks in the child.
[2025-04-16T21:50:05.806+0000] {standard_task_runner.py:72} INFO - Started process 6938 to run task
[2025-04-16T21:50:06.469+0000] {task_command.py:467} INFO - Running <TaskInstance: beer_data_processing.create_dim_style_table manual__2025-04-16T21:49:33.580918+00:00 [running]> on host a0d0456bae2c
[2025-04-16T21:50:07.264+0000] {taskinstance.py:3134} INFO - Exporting env vars: AIRFLOW_CTX_DAG_OWNER='***' AIRFLOW_CTX_DAG_ID='beer_data_processing' AIRFLOW_CTX_TASK_ID='create_dim_style_table' AIRFLOW_CTX_EXECUTION_DATE='2025-04-16T21:49:33.580918+00:00' AIRFLOW_CTX_TRY_NUMBER='1' AIRFLOW_CTX_DAG_RUN_ID='manual__2025-04-16T21:49:33.580918+00:00'
[2025-04-16T21:50:07.292+0000] {logging_mixin.py:190} INFO - Task instance is in running state
[2025-04-16T21:50:07.294+0000] {logging_mixin.py:190} INFO -  Previous state of the Task instance: queued
[2025-04-16T21:50:07.297+0000] {logging_mixin.py:190} INFO - Current task name:create_dim_style_table state:running start_date:2025-04-16 21:50:05.402335+00:00
[2025-04-16T21:50:07.299+0000] {logging_mixin.py:190} INFO - Dag name:beer_data_processing and current dag run status:running
[2025-04-16T21:50:07.302+0000] {taskinstance.py:732} INFO - ::endgroup::
[2025-04-16T21:50:07.312+0000] {sql.py:295} INFO - Executing: 
    CREATE TABLE IF NOT EXISTS dim_style (
        style_id SERIAL PRIMARY KEY,
        style_name VARCHAR(255) NOT NULL UNIQUE
    );
    
[2025-04-16T21:50:07.404+0000] {base.py:84} INFO - Retrieving connection 'postgres_conn'
[2025-04-16T21:50:07.485+0000] {base.py:84} INFO - Retrieving connection 'postgres_conn'
[2025-04-16T21:50:07.516+0000] {sql.py:511} INFO - Running statement: 
    CREATE TABLE IF NOT EXISTS dim_style (
        style_id SERIAL PRIMARY KEY,
        style_name VARCHAR(255) NOT NULL UNIQUE
    );
    , parameters: None
[2025-04-16T21:50:07.556+0000] {logging_mixin.py:190} WARNING - /home/***/.local/lib/python3.12/site-packages/***/providers/common/sql/hooks/sql.py:470 DeprecationWarning: Import of fetch_all_handler from the '***.providers.common.sql.hooks' module is deprecated and will
be removed in the future. Please import it from '***.providers.common.sql.hooks.handlers'.
[2025-04-16T21:50:07.570+0000] {logging_mixin.py:190} WARNING - /home/***/.local/lib/python3.12/site-packages/***/providers/common/sql/hooks/sql.py:471 DeprecationWarning: Import of return_single_query_results from the '***.providers.common.sql.hooks' module is deprecated and will
be removed in the future. Please import it from '***.providers.common.sql.hooks.handlers'.
[2025-04-16T21:50:07.578+0000] {logging_mixin.py:190} WARNING - /home/***/.local/lib/python3.12/site-packages/***/providers/common/sql/hooks/sql.py:486 DeprecationWarning: Import of return_single_query_results from the '***.providers.common.sql.hooks' module is deprecated and will
be removed in the future. Please import it from '***.providers.common.sql.hooks.handlers'.
[2025-04-16T21:50:07.593+0000] {logging_mixin.py:190} WARNING - /home/***/.local/lib/python3.12/site-packages/***/providers/common/sql/operators/sql.py:311 DeprecationWarning: Import of return_single_query_results from the '***.providers.common.sql.hooks' module is deprecated and will
be removed in the future. Please import it from '***.providers.common.sql.hooks.handlers'.
[2025-04-16T21:50:07.637+0000] {taskinstance.py:341} INFO - ::group::Post task execution logs
[2025-04-16T21:50:07.640+0000] {taskinstance.py:353} INFO - Marking task as SUCCESS. dag_id=beer_data_processing, task_id=create_dim_style_table, run_id=manual__2025-04-16T21:49:33.580918+00:00, execution_date=20250416T214933, start_date=20250416T215005, end_date=20250416T215007
[2025-04-16T21:50:07.755+0000] {logging_mixin.py:190} INFO - Task instance in success state
[2025-04-16T21:50:07.758+0000] {logging_mixin.py:190} INFO -  Previous state of the Task instance: running
[2025-04-16T21:50:07.762+0000] {logging_mixin.py:190} INFO - Dag name:beer_data_processing queued_at:2025-04-16 21:49:33.738904+00:00
[2025-04-16T21:50:07.763+0000] {logging_mixin.py:190} INFO - Task hostname:a0d0456bae2c operator:SQLExecuteQueryOperator
[2025-04-16T21:50:07.850+0000] {local_task_job_runner.py:266} INFO - Task exited with return code 0
[2025-04-16T21:50:07.887+0000] {local_task_job_runner.py:245} INFO - ::endgroup::
