[2025-04-16T15:16:56.764+0000] {local_task_job_runner.py:123} INFO - ::group::Pre task execution logs
[2025-04-16T15:16:57.713+0000] {taskinstance.py:2614} INFO - Dependencies all met for dep_context=non-requeueable deps ti=<TaskInstance: beer_data_processing.load_and_process_data scheduled__2025-04-16T13:00:00+00:00 [queued]>
[2025-04-16T15:16:58.045+0000] {taskinstance.py:2614} INFO - Dependencies all met for dep_context=requeueable deps ti=<TaskInstance: beer_data_processing.load_and_process_data scheduled__2025-04-16T13:00:00+00:00 [queued]>
[2025-04-16T15:16:58.068+0000] {taskinstance.py:2867} INFO - Starting attempt 1 of 6
[2025-04-16T15:16:58.721+0000] {taskinstance.py:2890} INFO - Executing <Task(PythonOperator): load_and_process_data> on 2025-04-16 13:00:00+00:00
[2025-04-16T15:16:59.672+0000] {standard_task_runner.py:104} INFO - Running: ['***', 'tasks', 'run', 'beer_data_processing', 'load_and_process_data', 'scheduled__2025-04-16T13:00:00+00:00', '--job-id', '584', '--raw', '--subdir', 'DAGS_FOLDER/beer_data_processing_dag.py', '--cfg-path', '/tmp/tmpv4s8regs']
[2025-04-16T15:16:59.725+0000] {standard_task_runner.py:105} INFO - Job 584: Subtask load_and_process_data
[2025-04-16T15:16:59.816+0000] {logging_mixin.py:190} WARNING - /home/***/.local/lib/python3.12/site-packages/***/task/task_runner/standard_task_runner.py:70 DeprecationWarning: This process (pid=53971) is multi-threaded, use of fork() may lead to deadlocks in the child.
[2025-04-16T15:16:59.836+0000] {standard_task_runner.py:72} INFO - Started process 54273 to run task
[2025-04-16T15:17:09.997+0000] {cli_action_loggers.py:177} WARNING - Failed to log action (psycopg2.OperationalError) could not translate host name "postgres" to address: Temporary failure in name resolution

(Background on this error at: https://sqlalche.me/e/14/e3q8)
[2025-04-16T15:17:14.329+0000] {job.py:229} INFO - Heartbeat recovered after 26.83 seconds
[2025-04-16T15:17:14.564+0000] {task_command.py:467} INFO - Running <TaskInstance: beer_data_processing.load_and_process_data scheduled__2025-04-16T13:00:00+00:00 [running]> on host 3e53738720c8
[2025-04-16T15:17:15.681+0000] {taskinstance.py:3134} INFO - Exporting env vars: AIRFLOW_CTX_DAG_OWNER='***' AIRFLOW_CTX_DAG_ID='beer_data_processing' AIRFLOW_CTX_TASK_ID='load_and_process_data' AIRFLOW_CTX_EXECUTION_DATE='2025-04-16T13:00:00+00:00' AIRFLOW_CTX_TRY_NUMBER='1' AIRFLOW_CTX_DAG_RUN_ID='scheduled__2025-04-16T13:00:00+00:00'
[2025-04-16T15:17:15.762+0000] {logging_mixin.py:190} INFO - Task instance is in running state
[2025-04-16T15:17:15.764+0000] {logging_mixin.py:190} INFO -  Previous state of the Task instance: queued
[2025-04-16T15:17:15.767+0000] {logging_mixin.py:190} INFO - Current task name:load_and_process_data state:running start_date:2025-04-16 15:16:57.725629+00:00
[2025-04-16T15:17:15.768+0000] {logging_mixin.py:190} INFO - Dag name:beer_data_processing and current dag run status:running
[2025-04-16T15:17:15.770+0000] {taskinstance.py:732} INFO - ::endgroup::
[2025-04-16T15:17:18.088+0000] {logging_mixin.py:190} INFO - Завантажено 3197 записів з CSV файлу
[2025-04-16T15:17:18.141+0000] {python.py:240} INFO - Done. Returned value was: True
[2025-04-16T15:17:18.749+0000] {taskinstance.py:341} INFO - ::group::Post task execution logs
[2025-04-16T15:17:18.765+0000] {taskinstance.py:353} INFO - Marking task as SUCCESS. dag_id=beer_data_processing, task_id=load_and_process_data, run_id=scheduled__2025-04-16T13:00:00+00:00, execution_date=20250416T130000, start_date=20250416T151657, end_date=20250416T151718
[2025-04-16T15:17:19.790+0000] {logging_mixin.py:190} INFO - Task instance in success state
[2025-04-16T15:17:19.812+0000] {logging_mixin.py:190} INFO -  Previous state of the Task instance: running
[2025-04-16T15:17:19.828+0000] {logging_mixin.py:190} INFO - Dag name:beer_data_processing queued_at:2025-04-16 15:07:18.140012+00:00
[2025-04-16T15:17:19.846+0000] {logging_mixin.py:190} INFO - Task hostname:3e53738720c8 operator:PythonOperator
[2025-04-16T15:17:20.113+0000] {local_task_job_runner.py:266} INFO - Task exited with return code 0
[2025-04-16T15:17:20.255+0000] {local_task_job_runner.py:245} INFO - ::endgroup::
