[2025-04-16T17:02:46.111+0000] {local_task_job_runner.py:123} INFO - ::group::Pre task execution logs
[2025-04-16T17:02:46.202+0000] {taskinstance.py:2614} INFO - Dependencies all met for dep_context=non-requeueable deps ti=<TaskInstance: beer_data_processing.process_min_max scheduled__2025-04-16T16:00:00+00:00 [queued]>
[2025-04-16T17:02:46.243+0000] {taskinstance.py:2614} INFO - Dependencies all met for dep_context=requeueable deps ti=<TaskInstance: beer_data_processing.process_min_max scheduled__2025-04-16T16:00:00+00:00 [queued]>
[2025-04-16T17:02:46.245+0000] {taskinstance.py:2867} INFO - Starting attempt 2 of 6
[2025-04-16T17:02:46.314+0000] {taskinstance.py:2890} INFO - Executing <Task(PythonOperator): process_min_max> on 2025-04-16 16:00:00+00:00
[2025-04-16T17:02:46.409+0000] {standard_task_runner.py:104} INFO - Running: ['***', 'tasks', 'run', 'beer_data_processing', 'process_min_max', 'scheduled__2025-04-16T16:00:00+00:00', '--job-id', '708', '--raw', '--subdir', 'DAGS_FOLDER/beer_data_processing_dag.py', '--cfg-path', '/tmp/tmpdf5h00yh']
[2025-04-16T17:02:46.450+0000] {standard_task_runner.py:105} INFO - Job 708: Subtask process_min_max
[2025-04-16T17:02:46.438+0000] {logging_mixin.py:190} WARNING - /home/***/.local/lib/python3.12/site-packages/***/task/task_runner/standard_task_runner.py:70 DeprecationWarning: This process (pid=11849) is multi-threaded, use of fork() may lead to deadlocks in the child.
[2025-04-16T17:02:46.462+0000] {standard_task_runner.py:72} INFO - Started process 11989 to run task
[2025-04-16T17:02:46.858+0000] {task_command.py:467} INFO - Running <TaskInstance: beer_data_processing.process_min_max scheduled__2025-04-16T16:00:00+00:00 [running]> on host 3e53738720c8
[2025-04-16T17:02:47.392+0000] {taskinstance.py:3134} INFO - Exporting env vars: AIRFLOW_CTX_DAG_OWNER='***' AIRFLOW_CTX_DAG_ID='beer_data_processing' AIRFLOW_CTX_TASK_ID='process_min_max' AIRFLOW_CTX_EXECUTION_DATE='2025-04-16T16:00:00+00:00' AIRFLOW_CTX_TRY_NUMBER='2' AIRFLOW_CTX_DAG_RUN_ID='scheduled__2025-04-16T16:00:00+00:00'
[2025-04-16T17:02:47.412+0000] {logging_mixin.py:190} INFO - Task instance is in running state
[2025-04-16T17:02:47.416+0000] {logging_mixin.py:190} INFO -  Previous state of the Task instance: queued
[2025-04-16T17:02:47.421+0000] {logging_mixin.py:190} INFO - Current task name:process_min_max state:running start_date:2025-04-16 17:02:46.207546+00:00
[2025-04-16T17:02:47.424+0000] {logging_mixin.py:190} INFO - Dag name:beer_data_processing and current dag run status:running
[2025-04-16T17:02:47.425+0000] {taskinstance.py:732} INFO - ::endgroup::
[2025-04-16T17:02:48.168+0000] {python.py:240} INFO - Done. Returned value was: True
[2025-04-16T17:02:48.229+0000] {taskinstance.py:341} INFO - ::group::Post task execution logs
[2025-04-16T17:02:48.230+0000] {taskinstance.py:353} INFO - Marking task as SUCCESS. dag_id=beer_data_processing, task_id=process_min_max, run_id=scheduled__2025-04-16T16:00:00+00:00, execution_date=20250416T160000, start_date=20250416T170246, end_date=20250416T170248
[2025-04-16T17:02:48.287+0000] {logging_mixin.py:190} INFO - Task instance in success state
[2025-04-16T17:02:48.291+0000] {logging_mixin.py:190} INFO -  Previous state of the Task instance: running
[2025-04-16T17:02:48.293+0000] {logging_mixin.py:190} INFO - Dag name:beer_data_processing queued_at:2025-04-16 17:00:00.441202+00:00
[2025-04-16T17:02:48.294+0000] {logging_mixin.py:190} INFO - Task hostname:3e53738720c8 operator:PythonOperator
[2025-04-16T17:02:48.371+0000] {local_task_job_runner.py:266} INFO - Task exited with return code 0
[2025-04-16T17:02:48.396+0000] {local_task_job_runner.py:245} INFO - ::endgroup::
