[2025-04-16T21:50:05.260+0000] {local_task_job_runner.py:123} INFO - ::group::Pre task execution logs
[2025-04-16T21:50:05.411+0000] {taskinstance.py:2614} INFO - Dependencies all met for dep_context=non-requeueable deps ti=<TaskInstance: beer_data_processing.process_proportions manual__2025-04-16T21:49:33.580918+00:00 [queued]>
[2025-04-16T21:50:05.468+0000] {taskinstance.py:2614} INFO - Dependencies all met for dep_context=requeueable deps ti=<TaskInstance: beer_data_processing.process_proportions manual__2025-04-16T21:49:33.580918+00:00 [queued]>
[2025-04-16T21:50:05.470+0000] {taskinstance.py:2867} INFO - Starting attempt 1 of 6
[2025-04-16T21:50:05.541+0000] {taskinstance.py:2890} INFO - Executing <Task(PythonOperator): process_proportions> on 2025-04-16 21:49:33.580918+00:00
[2025-04-16T21:50:05.633+0000] {standard_task_runner.py:104} INFO - Running: ['***', 'tasks', 'run', 'beer_data_processing', 'process_proportions', 'manual__2025-04-16T21:49:33.580918+00:00', '--job-id', '830', '--raw', '--subdir', 'DAGS_FOLDER/beer_data_processing_dag.py', '--cfg-path', '/tmp/tmp544tlenn']
[2025-04-16T21:50:05.642+0000] {standard_task_runner.py:105} INFO - Job 830: Subtask process_proportions
[2025-04-16T21:50:05.664+0000] {logging_mixin.py:190} WARNING - /home/***/.local/lib/python3.12/site-packages/***/task/task_runner/standard_task_runner.py:70 DeprecationWarning: This process (pid=6794) is multi-threaded, use of fork() may lead to deadlocks in the child.
[2025-04-16T21:50:05.685+0000] {standard_task_runner.py:72} INFO - Started process 6937 to run task
[2025-04-16T21:50:06.161+0000] {task_command.py:467} INFO - Running <TaskInstance: beer_data_processing.process_proportions manual__2025-04-16T21:49:33.580918+00:00 [running]> on host a0d0456bae2c
[2025-04-16T21:50:07.137+0000] {taskinstance.py:3134} INFO - Exporting env vars: AIRFLOW_CTX_DAG_OWNER='***' AIRFLOW_CTX_DAG_ID='beer_data_processing' AIRFLOW_CTX_TASK_ID='process_proportions' AIRFLOW_CTX_EXECUTION_DATE='2025-04-16T21:49:33.580918+00:00' AIRFLOW_CTX_TRY_NUMBER='1' AIRFLOW_CTX_DAG_RUN_ID='manual__2025-04-16T21:49:33.580918+00:00'
[2025-04-16T21:50:07.152+0000] {logging_mixin.py:190} INFO - Task instance is in running state
[2025-04-16T21:50:07.156+0000] {logging_mixin.py:190} INFO -  Previous state of the Task instance: queued
[2025-04-16T21:50:07.160+0000] {logging_mixin.py:190} INFO - Current task name:process_proportions state:running start_date:2025-04-16 21:50:05.414328+00:00
[2025-04-16T21:50:07.162+0000] {logging_mixin.py:190} INFO - Dag name:beer_data_processing and current dag run status:running
[2025-04-16T21:50:07.168+0000] {taskinstance.py:732} INFO - ::endgroup::
[2025-04-16T21:50:08.455+0000] {python.py:240} INFO - Done. Returned value was: True
[2025-04-16T21:50:08.635+0000] {taskinstance.py:341} INFO - ::group::Post task execution logs
[2025-04-16T21:50:08.648+0000] {taskinstance.py:353} INFO - Marking task as SUCCESS. dag_id=beer_data_processing, task_id=process_proportions, run_id=manual__2025-04-16T21:49:33.580918+00:00, execution_date=20250416T214933, start_date=20250416T215005, end_date=20250416T215008
[2025-04-16T21:50:08.771+0000] {logging_mixin.py:190} INFO - Task instance in success state
[2025-04-16T21:50:08.778+0000] {logging_mixin.py:190} INFO -  Previous state of the Task instance: running
[2025-04-16T21:50:08.780+0000] {logging_mixin.py:190} INFO - Dag name:beer_data_processing queued_at:2025-04-16 21:49:33.738904+00:00
[2025-04-16T21:50:08.783+0000] {logging_mixin.py:190} INFO - Task hostname:a0d0456bae2c operator:PythonOperator
[2025-04-16T21:50:08.876+0000] {local_task_job_runner.py:266} INFO - Task exited with return code 0
[2025-04-16T21:50:09.021+0000] {taskinstance.py:3901} INFO - 0 downstream tasks scheduled from follow-on schedule check
[2025-04-16T21:50:09.029+0000] {local_task_job_runner.py:245} INFO - ::endgroup::
