[2025-04-16T15:48:01.367+0000] {local_task_job_runner.py:123} INFO - ::group::Pre task execution logs
[2025-04-16T15:48:01.552+0000] {taskinstance.py:2614} INFO - Dependencies all met for dep_context=non-requeueable deps ti=<TaskInstance: beer_data_processing.load_and_process_data scheduled__2025-04-16T11:00:00+00:00 [queued]>
[2025-04-16T15:48:01.681+0000] {taskinstance.py:2614} INFO - Dependencies all met for dep_context=requeueable deps ti=<TaskInstance: beer_data_processing.load_and_process_data scheduled__2025-04-16T11:00:00+00:00 [queued]>
[2025-04-16T15:48:01.684+0000] {taskinstance.py:2867} INFO - Starting attempt 1 of 6
[2025-04-16T15:48:01.860+0000] {taskinstance.py:2890} INFO - Executing <Task(PythonOperator): load_and_process_data> on 2025-04-16 11:00:00+00:00
[2025-04-16T15:48:02.061+0000] {logging_mixin.py:190} WARNING - /home/***/.local/lib/python3.12/site-packages/***/task/task_runner/standard_task_runner.py:70 DeprecationWarning: This process (pid=689) is multi-threaded, use of fork() may lead to deadlocks in the child.
[2025-04-16T15:48:02.067+0000] {standard_task_runner.py:104} INFO - Running: ['***', 'tasks', 'run', 'beer_data_processing', 'load_and_process_data', 'scheduled__2025-04-16T11:00:00+00:00', '--job-id', '611', '--raw', '--subdir', 'DAGS_FOLDER/beer_data_processing_dag.py', '--cfg-path', '/tmp/tmpow9ogk76']
[2025-04-16T15:48:02.105+0000] {standard_task_runner.py:72} INFO - Started process 887 to run task
[2025-04-16T15:48:02.123+0000] {standard_task_runner.py:105} INFO - Job 611: Subtask load_and_process_data
[2025-04-16T15:48:02.571+0000] {task_command.py:467} INFO - Running <TaskInstance: beer_data_processing.load_and_process_data scheduled__2025-04-16T11:00:00+00:00 [running]> on host 3e53738720c8
[2025-04-16T15:48:03.298+0000] {taskinstance.py:3134} INFO - Exporting env vars: AIRFLOW_CTX_DAG_OWNER='***' AIRFLOW_CTX_DAG_ID='beer_data_processing' AIRFLOW_CTX_TASK_ID='load_and_process_data' AIRFLOW_CTX_EXECUTION_DATE='2025-04-16T11:00:00+00:00' AIRFLOW_CTX_TRY_NUMBER='1' AIRFLOW_CTX_DAG_RUN_ID='scheduled__2025-04-16T11:00:00+00:00'
[2025-04-16T15:48:03.323+0000] {logging_mixin.py:190} INFO - Task instance is in running state
[2025-04-16T15:48:03.328+0000] {logging_mixin.py:190} INFO -  Previous state of the Task instance: queued
[2025-04-16T15:48:03.336+0000] {logging_mixin.py:190} INFO - Current task name:load_and_process_data state:running start_date:2025-04-16 15:48:01.573763+00:00
[2025-04-16T15:48:03.348+0000] {logging_mixin.py:190} INFO - Dag name:beer_data_processing and current dag run status:running
[2025-04-16T15:48:03.353+0000] {taskinstance.py:732} INFO - ::endgroup::
[2025-04-16T15:48:08.633+0000] {logging_mixin.py:190} INFO - Завантажено 3197 записів з CSV файлу
[2025-04-16T15:48:09.201+0000] {python.py:240} INFO - Done. Returned value was: True
[2025-04-16T15:48:11.816+0000] {taskinstance.py:341} INFO - ::group::Post task execution logs
[2025-04-16T15:48:11.933+0000] {taskinstance.py:353} INFO - Marking task as SUCCESS. dag_id=beer_data_processing, task_id=load_and_process_data, run_id=scheduled__2025-04-16T11:00:00+00:00, execution_date=20250416T110000, start_date=20250416T154801, end_date=20250416T154811
[2025-04-16T15:48:12.481+0000] {logging_mixin.py:190} INFO - Task instance in success state
[2025-04-16T15:48:12.490+0000] {logging_mixin.py:190} INFO -  Previous state of the Task instance: running
[2025-04-16T15:48:12.508+0000] {logging_mixin.py:190} INFO - Dag name:beer_data_processing queued_at:2025-04-16 15:07:13.499993+00:00
[2025-04-16T15:48:12.525+0000] {logging_mixin.py:190} INFO - Task hostname:3e53738720c8 operator:PythonOperator
[2025-04-16T15:48:13.394+0000] {local_task_job_runner.py:266} INFO - Task exited with return code 0
[2025-04-16T15:48:14.130+0000] {local_task_job_runner.py:245} INFO - ::endgroup::
