[2025-04-16T15:19:22.076+0000] {local_task_job_runner.py:123} INFO - ::group::Pre task execution logs
[2025-04-16T15:19:22.237+0000] {taskinstance.py:2614} INFO - Dependencies all met for dep_context=non-requeueable deps ti=<TaskInstance: beer_data_processing.load_and_process_data scheduled__2025-04-16T00:00:00+00:00 [queued]>
[2025-04-16T15:19:22.310+0000] {taskinstance.py:2614} INFO - Dependencies all met for dep_context=requeueable deps ti=<TaskInstance: beer_data_processing.load_and_process_data scheduled__2025-04-16T00:00:00+00:00 [queued]>
[2025-04-16T15:19:22.319+0000] {taskinstance.py:2867} INFO - Starting attempt 1 of 6
[2025-04-16T15:19:22.456+0000] {taskinstance.py:2890} INFO - Executing <Task(PythonOperator): load_and_process_data> on 2025-04-16 00:00:00+00:00
[2025-04-16T15:19:22.744+0000] {logging_mixin.py:190} WARNING - /home/***/.local/lib/python3.12/site-packages/***/task/task_runner/standard_task_runner.py:70 DeprecationWarning: This process (pid=54285) is multi-threaded, use of fork() may lead to deadlocks in the child.
[2025-04-16T15:19:22.749+0000] {standard_task_runner.py:104} INFO - Running: ['***', 'tasks', 'run', 'beer_data_processing', 'load_and_process_data', 'scheduled__2025-04-16T00:00:00+00:00', '--job-id', '587', '--raw', '--subdir', 'DAGS_FOLDER/beer_data_processing_dag.py', '--cfg-path', '/tmp/tmp4sfh_tpl']
[2025-04-16T15:19:22.763+0000] {standard_task_runner.py:105} INFO - Job 587: Subtask load_and_process_data
[2025-04-16T15:19:22.756+0000] {standard_task_runner.py:72} INFO - Started process 54576 to run task
[2025-04-16T15:19:23.191+0000] {task_command.py:467} INFO - Running <TaskInstance: beer_data_processing.load_and_process_data scheduled__2025-04-16T00:00:00+00:00 [running]> on host 3e53738720c8
[2025-04-16T15:19:24.566+0000] {taskinstance.py:3134} INFO - Exporting env vars: AIRFLOW_CTX_DAG_OWNER='***' AIRFLOW_CTX_DAG_ID='beer_data_processing' AIRFLOW_CTX_TASK_ID='load_and_process_data' AIRFLOW_CTX_EXECUTION_DATE='2025-04-16T00:00:00+00:00' AIRFLOW_CTX_TRY_NUMBER='1' AIRFLOW_CTX_DAG_RUN_ID='scheduled__2025-04-16T00:00:00+00:00'
[2025-04-16T15:19:24.597+0000] {logging_mixin.py:190} INFO - Task instance is in running state
[2025-04-16T15:19:24.599+0000] {logging_mixin.py:190} INFO -  Previous state of the Task instance: queued
[2025-04-16T15:19:24.601+0000] {logging_mixin.py:190} INFO - Current task name:load_and_process_data state:running start_date:2025-04-16 15:19:22.239691+00:00
[2025-04-16T15:19:24.610+0000] {logging_mixin.py:190} INFO - Dag name:beer_data_processing and current dag run status:running
[2025-04-16T15:19:24.613+0000] {taskinstance.py:732} INFO - ::endgroup::
[2025-04-16T15:19:26.370+0000] {logging_mixin.py:190} INFO - Завантажено 3197 записів з CSV файлу
[2025-04-16T15:19:26.392+0000] {python.py:240} INFO - Done. Returned value was: True
[2025-04-16T15:19:26.637+0000] {taskinstance.py:341} INFO - ::group::Post task execution logs
[2025-04-16T15:19:26.640+0000] {taskinstance.py:353} INFO - Marking task as SUCCESS. dag_id=beer_data_processing, task_id=load_and_process_data, run_id=scheduled__2025-04-16T00:00:00+00:00, execution_date=20250416T000000, start_date=20250416T151922, end_date=20250416T151926
[2025-04-16T15:19:27.169+0000] {logging_mixin.py:190} INFO - Task instance in success state
[2025-04-16T15:19:27.171+0000] {logging_mixin.py:190} INFO -  Previous state of the Task instance: running
[2025-04-16T15:19:27.175+0000] {logging_mixin.py:190} INFO - Dag name:beer_data_processing queued_at:2025-04-16 15:07:03.587936+00:00
[2025-04-16T15:19:27.182+0000] {logging_mixin.py:190} INFO - Task hostname:3e53738720c8 operator:PythonOperator
[2025-04-16T15:19:27.337+0000] {local_task_job_runner.py:266} INFO - Task exited with return code 0
[2025-04-16T15:19:27.756+0000] {standard_task_runner.py:217} INFO - Process not found (most likely exited), stop collecting metrics
[2025-04-16T15:19:27.767+0000] {local_task_job_runner.py:245} INFO - ::endgroup::
