[2025-04-09T22:18:01.546+0000] {local_task_job_runner.py:123} INFO - ::group::Pre task execution logs
[2025-04-09T22:18:01.585+0000] {taskinstance.py:2614} INFO - Dependencies all met for dep_context=non-requeueable deps ti=<TaskInstance: beer_data_processing.check_file_exists manual__2025-04-09T22:17:46.681532+00:00 [queued]>
[2025-04-09T22:18:01.604+0000] {taskinstance.py:2614} INFO - Dependencies all met for dep_context=requeueable deps ti=<TaskInstance: beer_data_processing.check_file_exists manual__2025-04-09T22:17:46.681532+00:00 [queued]>
[2025-04-09T22:18:01.606+0000] {taskinstance.py:2867} INFO - Starting attempt 1 of 1
[2025-04-09T22:18:01.642+0000] {taskinstance.py:2890} INFO - Executing <Task(FileSensor): check_file_exists> on 2025-04-09 22:17:46.681532+00:00
[2025-04-09T22:18:01.685+0000] {standard_task_runner.py:104} INFO - Running: ['***', 'tasks', 'run', 'beer_data_processing', 'check_file_exists', 'manual__2025-04-09T22:17:46.681532+00:00', '--job-id', '75', '--raw', '--subdir', 'DAGS_FOLDER/beer_data_processing_dag.py', '--cfg-path', '/tmp/tmpktn2qc4s']
[2025-04-09T22:18:01.688+0000] {standard_task_runner.py:105} INFO - Job 75: Subtask check_file_exists
[2025-04-09T22:18:01.695+0000] {logging_mixin.py:190} WARNING - /home/***/.local/lib/python3.12/site-packages/***/task/task_runner/standard_task_runner.py:70 DeprecationWarning: This process (pid=46980) is multi-threaded, use of fork() may lead to deadlocks in the child.
[2025-04-09T22:18:01.698+0000] {standard_task_runner.py:72} INFO - Started process 47244 to run task
[2025-04-09T22:18:01.803+0000] {task_command.py:467} INFO - Running <TaskInstance: beer_data_processing.check_file_exists manual__2025-04-09T22:17:46.681532+00:00 [running]> on host 893b969cc7b0
[2025-04-09T22:18:01.984+0000] {taskinstance.py:3134} INFO - Exporting env vars: AIRFLOW_CTX_DAG_OWNER='***' AIRFLOW_CTX_DAG_ID='beer_data_processing' AIRFLOW_CTX_TASK_ID='check_file_exists' AIRFLOW_CTX_EXECUTION_DATE='2025-04-09T22:17:46.681532+00:00' AIRFLOW_CTX_TRY_NUMBER='1' AIRFLOW_CTX_DAG_RUN_ID='manual__2025-04-09T22:17:46.681532+00:00'
[2025-04-09T22:18:01.988+0000] {logging_mixin.py:190} INFO - Task instance is in running state
[2025-04-09T22:18:01.989+0000] {logging_mixin.py:190} INFO -  Previous state of the Task instance: queued
[2025-04-09T22:18:01.991+0000] {logging_mixin.py:190} INFO - Current task name:check_file_exists state:running start_date:2025-04-09 22:18:01.586840+00:00
[2025-04-09T22:18:01.992+0000] {logging_mixin.py:190} INFO - Dag name:beer_data_processing and current dag run status:running
[2025-04-09T22:18:01.993+0000] {taskinstance.py:732} INFO - ::endgroup::
[2025-04-09T22:18:01.995+0000] {baseoperator.py:423} WARNING - FileSensor.execute cannot be called outside TaskInstance!
[2025-04-09T22:18:02.013+0000] {base.py:84} INFO - Retrieving connection 'dataset_folder'
[2025-04-09T22:18:02.014+0000] {filesystem.py:109} INFO - Poking for file /opt/***/dags/data/beer_profile_and_ratings.csv
[2025-04-09T22:18:02.025+0000] {filesystem.py:113} INFO - Found File /opt/***/dags/data/beer_profile_and_ratings.csv last modified: 20250402135654
[2025-04-09T22:18:02.027+0000] {base.py:339} INFO - Success criteria met. Exiting.
[2025-04-09T22:18:02.028+0000] {filesystem.py:109} INFO - Poking for file /opt/***/dags/data/beer_profile_and_ratings.csv
[2025-04-09T22:18:02.037+0000] {filesystem.py:113} INFO - Found File /opt/***/dags/data/beer_profile_and_ratings.csv last modified: 20250402135654
[2025-04-09T22:18:02.058+0000] {taskinstance.py:341} INFO - ::group::Post task execution logs
[2025-04-09T22:18:02.060+0000] {taskinstance.py:353} INFO - Marking task as SUCCESS. dag_id=beer_data_processing, task_id=check_file_exists, run_id=manual__2025-04-09T22:17:46.681532+00:00, execution_date=20250409T221746, start_date=20250409T221801, end_date=20250409T221802
[2025-04-09T22:18:02.126+0000] {logging_mixin.py:190} INFO - Task instance in success state
[2025-04-09T22:18:02.128+0000] {logging_mixin.py:190} INFO -  Previous state of the Task instance: running
[2025-04-09T22:18:02.130+0000] {logging_mixin.py:190} INFO - Dag name:beer_data_processing queued_at:2025-04-09 22:17:47.099534+00:00
[2025-04-09T22:18:02.132+0000] {logging_mixin.py:190} INFO - Task hostname:893b969cc7b0 operator:FileSensor
[2025-04-09T22:18:02.164+0000] {local_task_job_runner.py:266} INFO - Task exited with return code 0
[2025-04-09T22:18:02.243+0000] {taskinstance.py:3901} INFO - 1 downstream tasks scheduled from follow-on schedule check
[2025-04-09T22:18:02.247+0000] {local_task_job_runner.py:245} INFO - ::endgroup::
