[2025-04-10T06:20:00.028+0000] {local_task_job_runner.py:123} INFO - ::group::Pre task execution logs
[2025-04-10T06:20:00.103+0000] {taskinstance.py:2614} INFO - Dependencies all met for dep_context=non-requeueable deps ti=<TaskInstance: beer_data_processing.create_dim_style manual__2025-04-10T06:18:42.061773+00:00 [queued]>
[2025-04-10T06:20:00.146+0000] {taskinstance.py:2614} INFO - Dependencies all met for dep_context=requeueable deps ti=<TaskInstance: beer_data_processing.create_dim_style manual__2025-04-10T06:18:42.061773+00:00 [queued]>
[2025-04-10T06:20:00.150+0000] {taskinstance.py:2867} INFO - Starting attempt 1 of 1
[2025-04-10T06:20:00.249+0000] {taskinstance.py:2890} INFO - Executing <Task(PythonOperator): create_dim_style> on 2025-04-10 06:18:42.061773+00:00
[2025-04-10T06:20:00.472+0000] {standard_task_runner.py:104} INFO - Running: ['***', 'tasks', 'run', 'beer_data_processing', 'create_dim_style', 'manual__2025-04-10T06:18:42.061773+00:00', '--job-id', '96', '--raw', '--subdir', 'DAGS_FOLDER/beer_data_processing_dag.py', '--cfg-path', '/tmp/tmpkor6nvh1']
[2025-04-10T06:20:00.480+0000] {standard_task_runner.py:105} INFO - Job 96: Subtask create_dim_style
[2025-04-10T06:20:00.494+0000] {logging_mixin.py:190} WARNING - /home/***/.local/lib/python3.12/site-packages/***/task/task_runner/standard_task_runner.py:70 DeprecationWarning: This process (pid=1584) is multi-threaded, use of fork() may lead to deadlocks in the child.
[2025-04-10T06:20:00.496+0000] {standard_task_runner.py:72} INFO - Started process 1649 to run task
[2025-04-10T06:20:00.877+0000] {task_command.py:467} INFO - Running <TaskInstance: beer_data_processing.create_dim_style manual__2025-04-10T06:18:42.061773+00:00 [running]> on host 893b969cc7b0
[2025-04-10T06:20:01.372+0000] {taskinstance.py:3134} INFO - Exporting env vars: AIRFLOW_CTX_DAG_OWNER='***' AIRFLOW_CTX_DAG_ID='beer_data_processing' AIRFLOW_CTX_TASK_ID='create_dim_style' AIRFLOW_CTX_EXECUTION_DATE='2025-04-10T06:18:42.061773+00:00' AIRFLOW_CTX_TRY_NUMBER='1' AIRFLOW_CTX_DAG_RUN_ID='manual__2025-04-10T06:18:42.061773+00:00'
[2025-04-10T06:20:01.387+0000] {logging_mixin.py:190} INFO - Task instance is in running state
[2025-04-10T06:20:01.388+0000] {logging_mixin.py:190} INFO -  Previous state of the Task instance: queued
[2025-04-10T06:20:01.391+0000] {logging_mixin.py:190} INFO - Current task name:create_dim_style state:running start_date:2025-04-10 06:20:00.105150+00:00
[2025-04-10T06:20:01.394+0000] {logging_mixin.py:190} INFO - Dag name:beer_data_processing and current dag run status:running
[2025-04-10T06:20:01.396+0000] {taskinstance.py:732} INFO - ::endgroup::
[2025-04-10T06:20:01.662+0000] {logging_mixin.py:190} WARNING - /opt/***/dags/beer_data_processing_dag.py:105 FutureWarning: Passing literal json to 'read_json' is deprecated and will be removed in a future version. To read from a literal string, wrap it in a 'StringIO' object.
[2025-04-10T06:20:07.138+0000] {base.py:84} INFO - Retrieving connection 'postgres_conn'
[2025-04-10T06:20:09.638+0000] {logging_mixin.py:190} INFO - Створено датасет dim_style з 111 записами
[2025-04-10T06:20:09.641+0000] {python.py:240} INFO - Done. Returned value was: True
[2025-04-10T06:20:09.689+0000] {taskinstance.py:341} INFO - ::group::Post task execution logs
[2025-04-10T06:20:09.691+0000] {taskinstance.py:353} INFO - Marking task as SUCCESS. dag_id=beer_data_processing, task_id=create_dim_style, run_id=manual__2025-04-10T06:18:42.061773+00:00, execution_date=20250410T061842, start_date=20250410T062000, end_date=20250410T062009
[2025-04-10T06:20:09.748+0000] {logging_mixin.py:190} INFO - Task instance in success state
[2025-04-10T06:20:09.749+0000] {logging_mixin.py:190} INFO -  Previous state of the Task instance: running
[2025-04-10T06:20:09.751+0000] {logging_mixin.py:190} INFO - Dag name:beer_data_processing queued_at:2025-04-10 06:18:42.628177+00:00
[2025-04-10T06:20:09.753+0000] {logging_mixin.py:190} INFO - Task hostname:893b969cc7b0 operator:PythonOperator
[2025-04-10T06:20:09.788+0000] {local_task_job_runner.py:266} INFO - Task exited with return code 0
[2025-04-10T06:20:09.809+0000] {local_task_job_runner.py:245} INFO - ::endgroup::
