[2025-04-10T13:24:37.624+0000] {local_task_job_runner.py:123} INFO - ::group::Pre task execution logs
[2025-04-10T13:24:37.679+0000] {taskinstance.py:2614} INFO - Dependencies all met for dep_context=non-requeueable deps ti=<TaskInstance: beer_data_processing.create_fact_table manual__2025-04-10T13:22:39.556118+00:00 [queued]>
[2025-04-10T13:24:37.703+0000] {taskinstance.py:2614} INFO - Dependencies all met for dep_context=requeueable deps ti=<TaskInstance: beer_data_processing.create_fact_table manual__2025-04-10T13:22:39.556118+00:00 [queued]>
[2025-04-10T13:24:37.704+0000] {taskinstance.py:2867} INFO - Starting attempt 1 of 6
[2025-04-10T13:24:37.740+0000] {taskinstance.py:2890} INFO - Executing <Task(PythonOperator): create_fact_table> on 2025-04-10 13:22:39.556118+00:00
[2025-04-10T13:24:37.769+0000] {standard_task_runner.py:104} INFO - Running: ['***', 'tasks', 'run', 'beer_data_processing', 'create_fact_table', 'manual__2025-04-10T13:22:39.556118+00:00', '--job-id', '258', '--raw', '--subdir', 'DAGS_FOLDER/beer_data_processing_dag.py', '--cfg-path', '/tmp/tmpn6wzkjkc']
[2025-04-10T13:24:37.772+0000] {standard_task_runner.py:105} INFO - Job 258: Subtask create_fact_table
[2025-04-10T13:24:37.778+0000] {logging_mixin.py:190} WARNING - /home/***/.local/lib/python3.12/site-packages/***/task/task_runner/standard_task_runner.py:70 DeprecationWarning: This process (pid=2275) is multi-threaded, use of fork() may lead to deadlocks in the child.
[2025-04-10T13:24:37.780+0000] {standard_task_runner.py:72} INFO - Started process 2403 to run task
[2025-04-10T13:24:37.864+0000] {task_command.py:467} INFO - Running <TaskInstance: beer_data_processing.create_fact_table manual__2025-04-10T13:22:39.556118+00:00 [running]> on host 3e53738720c8
[2025-04-10T13:24:38.066+0000] {taskinstance.py:3134} INFO - Exporting env vars: AIRFLOW_CTX_DAG_OWNER='***' AIRFLOW_CTX_DAG_ID='beer_data_processing' AIRFLOW_CTX_TASK_ID='create_fact_table' AIRFLOW_CTX_EXECUTION_DATE='2025-04-10T13:22:39.556118+00:00' AIRFLOW_CTX_TRY_NUMBER='1' AIRFLOW_CTX_DAG_RUN_ID='manual__2025-04-10T13:22:39.556118+00:00'
[2025-04-10T13:24:38.070+0000] {logging_mixin.py:190} INFO - Task instance is in running state
[2025-04-10T13:24:38.072+0000] {logging_mixin.py:190} INFO -  Previous state of the Task instance: queued
[2025-04-10T13:24:38.073+0000] {logging_mixin.py:190} INFO - Current task name:create_fact_table state:running start_date:2025-04-10 13:24:37.680800+00:00
[2025-04-10T13:24:38.075+0000] {logging_mixin.py:190} INFO - Dag name:beer_data_processing and current dag run status:running
[2025-04-10T13:24:38.076+0000] {taskinstance.py:732} INFO - ::endgroup::
[2025-04-10T13:24:38.383+0000] {base.py:84} INFO - Retrieving connection 'postgres_conn'
[2025-04-10T13:24:43.406+0000] {logging_mixin.py:190} INFO - Створено факт-таблицю з 6394 записами
[2025-04-10T13:24:43.418+0000] {python.py:240} INFO - Done. Returned value was: True
[2025-04-10T13:24:43.463+0000] {taskinstance.py:341} INFO - ::group::Post task execution logs
[2025-04-10T13:24:43.464+0000] {taskinstance.py:353} INFO - Marking task as SUCCESS. dag_id=beer_data_processing, task_id=create_fact_table, run_id=manual__2025-04-10T13:22:39.556118+00:00, execution_date=20250410T132239, start_date=20250410T132437, end_date=20250410T132443
[2025-04-10T13:24:43.508+0000] {logging_mixin.py:190} INFO - Task instance in success state
[2025-04-10T13:24:43.510+0000] {logging_mixin.py:190} INFO -  Previous state of the Task instance: running
[2025-04-10T13:24:43.511+0000] {logging_mixin.py:190} INFO - Dag name:beer_data_processing queued_at:2025-04-10 13:22:39.728988+00:00
[2025-04-10T13:24:43.512+0000] {logging_mixin.py:190} INFO - Task hostname:3e53738720c8 operator:PythonOperator
[2025-04-10T13:24:43.575+0000] {local_task_job_runner.py:266} INFO - Task exited with return code 0
[2025-04-10T13:24:43.613+0000] {taskinstance.py:3901} INFO - 0 downstream tasks scheduled from follow-on schedule check
[2025-04-10T13:24:43.621+0000] {local_task_job_runner.py:245} INFO - ::endgroup::
