[2025-04-10T07:22:07.619+0000] {local_task_job_runner.py:123} INFO - ::group::Pre task execution logs
[2025-04-10T07:22:07.664+0000] {taskinstance.py:2614} INFO - Dependencies all met for dep_context=non-requeueable deps ti=<TaskInstance: beer_data_processing.load_and_process_data manual__2025-04-10T07:21:42.815772+00:00 [queued]>
[2025-04-10T07:22:07.688+0000] {taskinstance.py:2614} INFO - Dependencies all met for dep_context=requeueable deps ti=<TaskInstance: beer_data_processing.load_and_process_data manual__2025-04-10T07:21:42.815772+00:00 [queued]>
[2025-04-10T07:22:07.690+0000] {taskinstance.py:2867} INFO - Starting attempt 1 of 6
[2025-04-10T07:22:07.719+0000] {taskinstance.py:2890} INFO - Executing <Task(PythonOperator): load_and_process_data> on 2025-04-10 07:21:42.815772+00:00
[2025-04-10T07:22:07.745+0000] {logging_mixin.py:190} WARNING - /home/***/.local/lib/python3.12/site-packages/***/task/task_runner/standard_task_runner.py:70 DeprecationWarning: This process (pid=32399) is multi-threaded, use of fork() may lead to deadlocks in the child.
[2025-04-10T07:22:07.744+0000] {standard_task_runner.py:104} INFO - Running: ['***', 'tasks', 'run', 'beer_data_processing', 'load_and_process_data', 'manual__2025-04-10T07:21:42.815772+00:00', '--job-id', '138', '--raw', '--subdir', 'DAGS_FOLDER/beer_data_processing_dag.py', '--cfg-path', '/tmp/tmp30a8rnks']
[2025-04-10T07:22:07.747+0000] {standard_task_runner.py:72} INFO - Started process 32410 to run task
[2025-04-10T07:22:07.748+0000] {standard_task_runner.py:105} INFO - Job 138: Subtask load_and_process_data
[2025-04-10T07:22:07.841+0000] {task_command.py:467} INFO - Running <TaskInstance: beer_data_processing.load_and_process_data manual__2025-04-10T07:21:42.815772+00:00 [running]> on host 893b969cc7b0
[2025-04-10T07:22:08.044+0000] {taskinstance.py:3134} INFO - Exporting env vars: AIRFLOW_CTX_DAG_OWNER='***' AIRFLOW_CTX_DAG_ID='beer_data_processing' AIRFLOW_CTX_TASK_ID='load_and_process_data' AIRFLOW_CTX_EXECUTION_DATE='2025-04-10T07:21:42.815772+00:00' AIRFLOW_CTX_TRY_NUMBER='1' AIRFLOW_CTX_DAG_RUN_ID='manual__2025-04-10T07:21:42.815772+00:00'
[2025-04-10T07:22:08.048+0000] {logging_mixin.py:190} INFO - Task instance is in running state
[2025-04-10T07:22:08.050+0000] {logging_mixin.py:190} INFO -  Previous state of the Task instance: queued
[2025-04-10T07:22:08.052+0000] {logging_mixin.py:190} INFO - Current task name:load_and_process_data state:running start_date:2025-04-10 07:22:07.666025+00:00
[2025-04-10T07:22:08.054+0000] {logging_mixin.py:190} INFO - Dag name:beer_data_processing and current dag run status:running
[2025-04-10T07:22:08.055+0000] {taskinstance.py:732} INFO - ::endgroup::
[2025-04-10T07:22:08.758+0000] {logging_mixin.py:190} INFO - Завантажено та оброблено 3197 записів з CSV файлу
[2025-04-10T07:22:08.762+0000] {python.py:240} INFO - Done. Returned value was: True
[2025-04-10T07:22:08.807+0000] {taskinstance.py:341} INFO - ::group::Post task execution logs
[2025-04-10T07:22:08.808+0000] {taskinstance.py:353} INFO - Marking task as SUCCESS. dag_id=beer_data_processing, task_id=load_and_process_data, run_id=manual__2025-04-10T07:21:42.815772+00:00, execution_date=20250410T072142, start_date=20250410T072207, end_date=20250410T072208
[2025-04-10T07:22:08.874+0000] {logging_mixin.py:190} INFO - Task instance in success state
[2025-04-10T07:22:08.876+0000] {logging_mixin.py:190} INFO -  Previous state of the Task instance: running
[2025-04-10T07:22:08.878+0000] {logging_mixin.py:190} INFO - Dag name:beer_data_processing queued_at:2025-04-10 07:21:43.213712+00:00
[2025-04-10T07:22:08.879+0000] {logging_mixin.py:190} INFO - Task hostname:893b969cc7b0 operator:PythonOperator
[2025-04-10T07:22:08.935+0000] {local_task_job_runner.py:266} INFO - Task exited with return code 0
[2025-04-10T07:22:09.021+0000] {taskinstance.py:3901} INFO - 0 downstream tasks scheduled from follow-on schedule check
[2025-04-10T07:22:09.028+0000] {local_task_job_runner.py:245} INFO - ::endgroup::
