[2025-04-16T15:58:19.320+0000] {local_task_job_runner.py:123} INFO - ::group::Pre task execution logs
[2025-04-16T15:58:19.409+0000] {taskinstance.py:2614} INFO - Dependencies all met for dep_context=non-requeueable deps ti=<TaskInstance: beer_data_processing.create_dim_style scheduled__2025-04-16T04:00:00+00:00 [queued]>
[2025-04-16T15:58:19.458+0000] {taskinstance.py:2614} INFO - Dependencies all met for dep_context=requeueable deps ti=<TaskInstance: beer_data_processing.create_dim_style scheduled__2025-04-16T04:00:00+00:00 [queued]>
[2025-04-16T15:58:19.460+0000] {taskinstance.py:2867} INFO - Starting attempt 1 of 6
[2025-04-16T15:58:19.641+0000] {taskinstance.py:2890} INFO - Executing <Task(PythonOperator): create_dim_style> on 2025-04-16 04:00:00+00:00
[2025-04-16T15:58:19.762+0000] {logging_mixin.py:190} WARNING - /home/***/.local/lib/python3.12/site-packages/***/task/task_runner/standard_task_runner.py:70 DeprecationWarning: This process (pid=1624) is multi-threaded, use of fork() may lead to deadlocks in the child.
[2025-04-16T15:58:19.758+0000] {standard_task_runner.py:104} INFO - Running: ['***', 'tasks', 'run', 'beer_data_processing', 'create_dim_style', 'scheduled__2025-04-16T04:00:00+00:00', '--job-id', '640', '--raw', '--subdir', 'DAGS_FOLDER/beer_data_processing_dag.py', '--cfg-path', '/tmp/tmpckh3pm72']
[2025-04-16T15:58:19.771+0000] {standard_task_runner.py:72} INFO - Started process 1788 to run task
[2025-04-16T15:58:19.773+0000] {standard_task_runner.py:105} INFO - Job 640: Subtask create_dim_style
[2025-04-16T15:58:19.912+0000] {task_command.py:467} INFO - Running <TaskInstance: beer_data_processing.create_dim_style scheduled__2025-04-16T04:00:00+00:00 [running]> on host 3e53738720c8
[2025-04-16T15:58:20.853+0000] {taskinstance.py:3134} INFO - Exporting env vars: AIRFLOW_CTX_DAG_OWNER='***' AIRFLOW_CTX_DAG_ID='beer_data_processing' AIRFLOW_CTX_TASK_ID='create_dim_style' AIRFLOW_CTX_EXECUTION_DATE='2025-04-16T04:00:00+00:00' AIRFLOW_CTX_TRY_NUMBER='1' AIRFLOW_CTX_DAG_RUN_ID='scheduled__2025-04-16T04:00:00+00:00'
[2025-04-16T15:58:20.859+0000] {logging_mixin.py:190} INFO - Task instance is in running state
[2025-04-16T15:58:20.861+0000] {logging_mixin.py:190} INFO -  Previous state of the Task instance: queued
[2025-04-16T15:58:20.869+0000] {logging_mixin.py:190} INFO - Current task name:create_dim_style state:running start_date:2025-04-16 15:58:19.411604+00:00
[2025-04-16T15:58:20.885+0000] {logging_mixin.py:190} INFO - Dag name:beer_data_processing and current dag run status:running
[2025-04-16T15:58:20.895+0000] {taskinstance.py:732} INFO - ::endgroup::
[2025-04-16T15:58:21.873+0000] {base.py:84} INFO - Retrieving connection 'postgres_conn'
[2025-04-16T15:58:22.605+0000] {logging_mixin.py:190} INFO - Створено датасет dim_style з 112 записами
[2025-04-16T15:58:22.630+0000] {python.py:240} INFO - Done. Returned value was: True
[2025-04-16T15:58:22.720+0000] {taskinstance.py:341} INFO - ::group::Post task execution logs
[2025-04-16T15:58:22.765+0000] {taskinstance.py:353} INFO - Marking task as SUCCESS. dag_id=beer_data_processing, task_id=create_dim_style, run_id=scheduled__2025-04-16T04:00:00+00:00, execution_date=20250416T040000, start_date=20250416T155819, end_date=20250416T155822
[2025-04-16T15:58:22.977+0000] {logging_mixin.py:190} INFO - Task instance in success state
[2025-04-16T15:58:22.988+0000] {logging_mixin.py:190} INFO -  Previous state of the Task instance: running
[2025-04-16T15:58:22.991+0000] {logging_mixin.py:190} INFO - Dag name:beer_data_processing queued_at:2025-04-16 15:07:06.513542+00:00
[2025-04-16T15:58:22.994+0000] {logging_mixin.py:190} INFO - Task hostname:3e53738720c8 operator:PythonOperator
[2025-04-16T15:58:23.203+0000] {local_task_job_runner.py:266} INFO - Task exited with return code 0
[2025-04-16T15:58:23.261+0000] {local_task_job_runner.py:245} INFO - ::endgroup::
