[2025-04-10T09:57:31.859+0000] {local_task_job_runner.py:123} INFO - ::group::Pre task execution logs
[2025-04-10T09:57:31.913+0000] {taskinstance.py:2614} INFO - Dependencies all met for dep_context=non-requeueable deps ti=<TaskInstance: beer_data_processing.load_and_process_data manual__2025-04-10T09:57:09.376072+00:00 [queued]>
[2025-04-10T09:57:31.939+0000] {taskinstance.py:2614} INFO - Dependencies all met for dep_context=requeueable deps ti=<TaskInstance: beer_data_processing.load_and_process_data manual__2025-04-10T09:57:09.376072+00:00 [queued]>
[2025-04-10T09:57:31.940+0000] {taskinstance.py:2867} INFO - Starting attempt 1 of 6
[2025-04-10T09:57:31.977+0000] {taskinstance.py:2890} INFO - Executing <Task(PythonOperator): load_and_process_data> on 2025-04-10 09:57:09.376072+00:00
[2025-04-10T09:57:32.005+0000] {standard_task_runner.py:104} INFO - Running: ['***', 'tasks', 'run', 'beer_data_processing', 'load_and_process_data', 'manual__2025-04-10T09:57:09.376072+00:00', '--job-id', '194', '--raw', '--subdir', 'DAGS_FOLDER/beer_data_processing_dag.py', '--cfg-path', '/tmp/tmpteepzf4t']
[2025-04-10T09:57:32.008+0000] {logging_mixin.py:190} WARNING - /home/***/.local/lib/python3.12/site-packages/***/task/task_runner/standard_task_runner.py:70 DeprecationWarning: This process (pid=25258) is multi-threaded, use of fork() may lead to deadlocks in the child.
[2025-04-10T09:57:32.009+0000] {standard_task_runner.py:105} INFO - Job 194: Subtask load_and_process_data
[2025-04-10T09:57:32.011+0000] {standard_task_runner.py:72} INFO - Started process 25259 to run task
[2025-04-10T09:57:32.101+0000] {task_command.py:467} INFO - Running <TaskInstance: beer_data_processing.load_and_process_data manual__2025-04-10T09:57:09.376072+00:00 [running]> on host abcc0ba2292b
[2025-04-10T09:57:32.299+0000] {taskinstance.py:3134} INFO - Exporting env vars: AIRFLOW_CTX_DAG_OWNER='***' AIRFLOW_CTX_DAG_ID='beer_data_processing' AIRFLOW_CTX_TASK_ID='load_and_process_data' AIRFLOW_CTX_EXECUTION_DATE='2025-04-10T09:57:09.376072+00:00' AIRFLOW_CTX_TRY_NUMBER='1' AIRFLOW_CTX_DAG_RUN_ID='manual__2025-04-10T09:57:09.376072+00:00'
[2025-04-10T09:57:32.301+0000] {logging_mixin.py:190} INFO - Task instance is in running state
[2025-04-10T09:57:32.303+0000] {logging_mixin.py:190} INFO -  Previous state of the Task instance: queued
[2025-04-10T09:57:32.304+0000] {logging_mixin.py:190} INFO - Current task name:load_and_process_data state:running start_date:2025-04-10 09:57:31.914512+00:00
[2025-04-10T09:57:32.305+0000] {logging_mixin.py:190} INFO - Dag name:beer_data_processing and current dag run status:running
[2025-04-10T09:57:32.306+0000] {taskinstance.py:732} INFO - ::endgroup::
[2025-04-10T09:57:32.862+0000] {logging_mixin.py:190} INFO - Завантажено та оброблено 3197 записів з CSV файлу
[2025-04-10T09:57:32.865+0000] {python.py:240} INFO - Done. Returned value was: True
[2025-04-10T09:57:32.911+0000] {taskinstance.py:341} INFO - ::group::Post task execution logs
[2025-04-10T09:57:32.913+0000] {taskinstance.py:353} INFO - Marking task as SUCCESS. dag_id=beer_data_processing, task_id=load_and_process_data, run_id=manual__2025-04-10T09:57:09.376072+00:00, execution_date=20250410T095709, start_date=20250410T095731, end_date=20250410T095732
[2025-04-10T09:57:32.969+0000] {logging_mixin.py:190} INFO - Task instance in success state
[2025-04-10T09:57:32.971+0000] {logging_mixin.py:190} INFO -  Previous state of the Task instance: running
[2025-04-10T09:57:32.972+0000] {logging_mixin.py:190} INFO - Dag name:beer_data_processing queued_at:2025-04-10 09:57:09.595680+00:00
[2025-04-10T09:57:32.973+0000] {logging_mixin.py:190} INFO - Task hostname:abcc0ba2292b operator:PythonOperator
[2025-04-10T09:57:33.011+0000] {local_task_job_runner.py:266} INFO - Task exited with return code 0
[2025-04-10T09:57:33.086+0000] {taskinstance.py:3901} INFO - 3 downstream tasks scheduled from follow-on schedule check
[2025-04-10T09:57:33.090+0000] {local_task_job_runner.py:245} INFO - ::endgroup::
