[2025-04-10T10:24:36.770+0000] {local_task_job_runner.py:123} INFO - ::group::Pre task execution logs
[2025-04-10T10:24:36.819+0000] {taskinstance.py:2614} INFO - Dependencies all met for dep_context=non-requeueable deps ti=<TaskInstance: beer_data_processing.check_file_exists manual__2025-04-10T10:24:19.718031+00:00 [queued]>
[2025-04-10T10:24:36.846+0000] {taskinstance.py:2614} INFO - Dependencies all met for dep_context=requeueable deps ti=<TaskInstance: beer_data_processing.check_file_exists manual__2025-04-10T10:24:19.718031+00:00 [queued]>
[2025-04-10T10:24:36.848+0000] {taskinstance.py:2867} INFO - Starting attempt 1 of 6
[2025-04-10T10:24:36.888+0000] {taskinstance.py:2890} INFO - Executing <Task(FileSensor): check_file_exists> on 2025-04-10 10:24:19.718031+00:00
[2025-04-10T10:24:36.921+0000] {logging_mixin.py:190} WARNING - /home/***/.local/lib/python3.12/site-packages/***/task/task_runner/standard_task_runner.py:70 DeprecationWarning: This process (pid=34442) is multi-threaded, use of fork() may lead to deadlocks in the child.
[2025-04-10T10:24:36.921+0000] {standard_task_runner.py:104} INFO - Running: ['***', 'tasks', 'run', 'beer_data_processing', 'check_file_exists', 'manual__2025-04-10T10:24:19.718031+00:00', '--job-id', '225', '--raw', '--subdir', 'DAGS_FOLDER/beer_data_processing_dag.py', '--cfg-path', '/tmp/tmp4ptc4os5']
[2025-04-10T10:24:36.924+0000] {standard_task_runner.py:72} INFO - Started process 34621 to run task
[2025-04-10T10:24:36.925+0000] {standard_task_runner.py:105} INFO - Job 225: Subtask check_file_exists
[2025-04-10T10:24:37.030+0000] {task_command.py:467} INFO - Running <TaskInstance: beer_data_processing.check_file_exists manual__2025-04-10T10:24:19.718031+00:00 [running]> on host abcc0ba2292b
[2025-04-10T10:24:37.308+0000] {taskinstance.py:3134} INFO - Exporting env vars: AIRFLOW_CTX_DAG_OWNER='***' AIRFLOW_CTX_DAG_ID='beer_data_processing' AIRFLOW_CTX_TASK_ID='check_file_exists' AIRFLOW_CTX_EXECUTION_DATE='2025-04-10T10:24:19.718031+00:00' AIRFLOW_CTX_TRY_NUMBER='1' AIRFLOW_CTX_DAG_RUN_ID='manual__2025-04-10T10:24:19.718031+00:00'
[2025-04-10T10:24:37.313+0000] {logging_mixin.py:190} INFO - Task instance is in running state
[2025-04-10T10:24:37.316+0000] {logging_mixin.py:190} INFO -  Previous state of the Task instance: queued
[2025-04-10T10:24:37.319+0000] {logging_mixin.py:190} INFO - Current task name:check_file_exists state:running start_date:2025-04-10 10:24:36.821214+00:00
[2025-04-10T10:24:37.321+0000] {logging_mixin.py:190} INFO - Dag name:beer_data_processing and current dag run status:running
[2025-04-10T10:24:37.322+0000] {taskinstance.py:732} INFO - ::endgroup::
[2025-04-10T10:24:37.326+0000] {baseoperator.py:423} WARNING - FileSensor.execute cannot be called outside TaskInstance!
[2025-04-10T10:24:37.350+0000] {base.py:84} INFO - Retrieving connection 'dataset_folder'
[2025-04-10T10:24:37.353+0000] {filesystem.py:109} INFO - Poking for file /opt/***/dags/data/beer_profile_and_ratings.csv
[2025-04-10T10:24:37.381+0000] {filesystem.py:113} INFO - Found File /opt/***/dags/data/beer_profile_and_ratings.csv last modified: 20250402135654
[2025-04-10T10:24:37.383+0000] {base.py:339} INFO - Success criteria met. Exiting.
[2025-04-10T10:24:37.384+0000] {filesystem.py:109} INFO - Poking for file /opt/***/dags/data/beer_profile_and_ratings.csv
[2025-04-10T10:24:37.408+0000] {filesystem.py:113} INFO - Found File /opt/***/dags/data/beer_profile_and_ratings.csv last modified: 20250402135654
[2025-04-10T10:24:37.435+0000] {taskinstance.py:341} INFO - ::group::Post task execution logs
[2025-04-10T10:24:37.437+0000] {taskinstance.py:353} INFO - Marking task as SUCCESS. dag_id=beer_data_processing, task_id=check_file_exists, run_id=manual__2025-04-10T10:24:19.718031+00:00, execution_date=20250410T102419, start_date=20250410T102436, end_date=20250410T102437
[2025-04-10T10:24:37.511+0000] {logging_mixin.py:190} INFO - Task instance in success state
[2025-04-10T10:24:37.514+0000] {logging_mixin.py:190} INFO -  Previous state of the Task instance: running
[2025-04-10T10:24:37.516+0000] {logging_mixin.py:190} INFO - Dag name:beer_data_processing queued_at:2025-04-10 10:24:20.049318+00:00
[2025-04-10T10:24:37.519+0000] {logging_mixin.py:190} INFO - Task hostname:abcc0ba2292b operator:FileSensor
[2025-04-10T10:24:37.588+0000] {local_task_job_runner.py:266} INFO - Task exited with return code 0
[2025-04-10T10:24:37.615+0000] {local_task_job_runner.py:245} INFO - ::endgroup::
