[2025-04-17T12:28:59.150+0000] {local_task_job_runner.py:123} INFO - ::group::Pre task execution logs
[2025-04-17T12:28:59.980+0000] {taskinstance.py:2614} INFO - Dependencies all met for dep_context=non-requeueable deps ti=<TaskInstance: beer_data_processing.create_dim_beer scheduled__2025-04-17T05:00:00+00:00 [queued]>
[2025-04-17T12:29:00.487+0000] {taskinstance.py:2614} INFO - Dependencies all met for dep_context=requeueable deps ti=<TaskInstance: beer_data_processing.create_dim_beer scheduled__2025-04-17T05:00:00+00:00 [queued]>
[2025-04-17T12:29:00.516+0000] {taskinstance.py:2867} INFO - Starting attempt 1 of 6
[2025-04-17T12:29:00.928+0000] {taskinstance.py:2890} INFO - Executing <Task(PythonOperator): create_dim_beer> on 2025-04-17 05:00:00+00:00
[2025-04-17T12:29:02.844+0000] {logging_mixin.py:190} WARNING - /home/***/.local/lib/python3.12/site-packages/***/task/task_runner/standard_task_runner.py:70 DeprecationWarning: This process (pid=3398) is multi-threaded, use of fork() may lead to deadlocks in the child.
[2025-04-17T12:29:02.912+0000] {standard_task_runner.py:72} INFO - Started process 3574 to run task
[2025-04-17T12:29:03.385+0000] {standard_task_runner.py:104} INFO - Running: ['***', 'tasks', 'run', 'beer_data_processing', 'create_dim_beer', 'scheduled__2025-04-17T05:00:00+00:00', '--job-id', '1005', '--raw', '--subdir', 'DAGS_FOLDER/beer_data_processing_dag.py', '--cfg-path', '/tmp/tmpxjbdlbx2']
[2025-04-17T12:29:03.655+0000] {standard_task_runner.py:105} INFO - Job 1005: Subtask create_dim_beer
[2025-04-17T12:30:12.101+0000] {job.py:229} INFO - Heartbeat recovered after 75.97 seconds
[2025-04-17T12:30:40.662+0000] {job.py:229} INFO - Heartbeat recovered after 30.31 seconds
[2025-04-17T12:30:41.963+0000] {task_command.py:467} INFO - Running <TaskInstance: beer_data_processing.create_dim_beer scheduled__2025-04-17T05:00:00+00:00 [running]> on host a0d0456bae2c
[2025-04-17T12:31:00.371+0000] {job.py:229} INFO - Heartbeat recovered after 19.76 seconds
[2025-04-17T12:31:05.233+0000] {taskinstance.py:3134} INFO - Exporting env vars: AIRFLOW_CTX_DAG_OWNER='***' AIRFLOW_CTX_DAG_ID='beer_data_processing' AIRFLOW_CTX_TASK_ID='create_dim_beer' AIRFLOW_CTX_EXECUTION_DATE='2025-04-17T05:00:00+00:00' AIRFLOW_CTX_TRY_NUMBER='1' AIRFLOW_CTX_DAG_RUN_ID='scheduled__2025-04-17T05:00:00+00:00'
[2025-04-17T12:31:06.056+0000] {logging_mixin.py:190} INFO - Task instance is in running state
[2025-04-17T12:31:06.117+0000] {logging_mixin.py:190} INFO -  Previous state of the Task instance: queued
[2025-04-17T12:31:06.190+0000] {logging_mixin.py:190} INFO - Current task name:create_dim_beer state:running start_date:2025-04-17 12:28:59.982862+00:00
[2025-04-17T12:31:06.304+0000] {logging_mixin.py:190} INFO - Dag name:beer_data_processing and current dag run status:running
[2025-04-17T12:31:06.343+0000] {taskinstance.py:732} INFO - ::endgroup::
[2025-04-17T12:31:58.610+0000] {job.py:229} INFO - Heartbeat recovered after 43.96 seconds
[2025-04-17T12:32:15.687+0000] {base.py:84} INFO - Retrieving connection 'postgres_conn'
[2025-04-17T12:32:19.921+0000] {job.py:229} INFO - Heartbeat recovered after 44.60 seconds
[2025-04-17T12:32:31.773+0000] {logging_mixin.py:190} INFO - Створено датасет dim_beer з 3069 записами
[2025-04-17T12:32:32.046+0000] {python.py:240} INFO - Done. Returned value was: True
[2025-04-17T12:32:35.651+0000] {taskinstance.py:341} INFO - ::group::Post task execution logs
[2025-04-17T12:32:35.706+0000] {taskinstance.py:353} INFO - Marking task as SUCCESS. dag_id=beer_data_processing, task_id=create_dim_beer, run_id=scheduled__2025-04-17T05:00:00+00:00, execution_date=20250417T050000, start_date=20250417T122859, end_date=20250417T123235
[2025-04-17T12:32:37.022+0000] {logging_mixin.py:190} INFO - Task instance in success state
[2025-04-17T12:32:37.028+0000] {logging_mixin.py:190} INFO -  Previous state of the Task instance: running
[2025-04-17T12:32:37.052+0000] {logging_mixin.py:190} INFO - Dag name:beer_data_processing queued_at:2025-04-17 11:36:11.494718+00:00
[2025-04-17T12:32:37.060+0000] {logging_mixin.py:190} INFO - Task hostname:a0d0456bae2c operator:PythonOperator
[2025-04-17T12:32:38.371+0000] {local_task_job_runner.py:266} INFO - Task exited with return code 0
[2025-04-17T12:32:39.255+0000] {local_task_job_runner.py:245} INFO - ::endgroup::
