[2025-04-16T12:54:43.476+0000] {local_task_job_runner.py:123} INFO - ::group::Pre task execution logs
[2025-04-16T12:54:43.778+0000] {taskinstance.py:2614} INFO - Dependencies all met for dep_context=non-requeueable deps ti=<TaskInstance: beer_data_processing.process_robust_scaler scheduled__2025-04-10T00:00:00+00:00 [queued]>
[2025-04-16T12:54:43.878+0000] {taskinstance.py:2614} INFO - Dependencies all met for dep_context=requeueable deps ti=<TaskInstance: beer_data_processing.process_robust_scaler scheduled__2025-04-10T00:00:00+00:00 [queued]>
[2025-04-16T12:54:43.892+0000] {taskinstance.py:2867} INFO - Starting attempt 1 of 6
[2025-04-16T12:54:44.012+0000] {taskinstance.py:2890} INFO - Executing <Task(PythonOperator): process_robust_scaler> on 2025-04-10 00:00:00+00:00
[2025-04-16T12:54:44.298+0000] {standard_task_runner.py:104} INFO - Running: ['***', 'tasks', 'run', 'beer_data_processing', 'process_robust_scaler', 'scheduled__2025-04-10T00:00:00+00:00', '--job-id', '364', '--raw', '--subdir', 'DAGS_FOLDER/beer_data_processing_dag.py', '--cfg-path', '/tmp/tmpppouehao']
[2025-04-16T12:54:44.303+0000] {standard_task_runner.py:105} INFO - Job 364: Subtask process_robust_scaler
[2025-04-16T12:54:44.299+0000] {logging_mixin.py:190} WARNING - /home/***/.local/lib/python3.12/site-packages/***/task/task_runner/standard_task_runner.py:70 DeprecationWarning: This process (pid=1845) is multi-threaded, use of fork() may lead to deadlocks in the child.
[2025-04-16T12:54:44.344+0000] {standard_task_runner.py:72} INFO - Started process 2043 to run task
[2025-04-16T12:54:44.719+0000] {task_command.py:467} INFO - Running <TaskInstance: beer_data_processing.process_robust_scaler scheduled__2025-04-10T00:00:00+00:00 [running]> on host 3e53738720c8
[2025-04-16T12:54:46.002+0000] {taskinstance.py:3134} INFO - Exporting env vars: AIRFLOW_CTX_DAG_OWNER='***' AIRFLOW_CTX_DAG_ID='beer_data_processing' AIRFLOW_CTX_TASK_ID='process_robust_scaler' AIRFLOW_CTX_EXECUTION_DATE='2025-04-10T00:00:00+00:00' AIRFLOW_CTX_TRY_NUMBER='1' AIRFLOW_CTX_DAG_RUN_ID='scheduled__2025-04-10T00:00:00+00:00'
[2025-04-16T12:54:46.028+0000] {logging_mixin.py:190} INFO - Task instance is in running state
[2025-04-16T12:54:46.047+0000] {logging_mixin.py:190} INFO -  Previous state of the Task instance: queued
[2025-04-16T12:54:46.115+0000] {logging_mixin.py:190} INFO - Current task name:process_robust_scaler state:running start_date:2025-04-16 12:54:43.787318+00:00
[2025-04-16T12:54:46.145+0000] {logging_mixin.py:190} INFO - Dag name:beer_data_processing and current dag run status:running
[2025-04-16T12:54:46.185+0000] {taskinstance.py:732} INFO - ::endgroup::
[2025-04-16T12:54:53.330+0000] {python.py:240} INFO - Done. Returned value was: True
[2025-04-16T12:54:55.302+0000] {taskinstance.py:341} INFO - ::group::Post task execution logs
[2025-04-16T12:54:55.407+0000] {taskinstance.py:353} INFO - Marking task as SUCCESS. dag_id=beer_data_processing, task_id=process_robust_scaler, run_id=scheduled__2025-04-10T00:00:00+00:00, execution_date=20250410T000000, start_date=20250416T125443, end_date=20250416T125455
[2025-04-16T12:54:56.081+0000] {logging_mixin.py:190} INFO - Task instance in success state
[2025-04-16T12:54:56.123+0000] {logging_mixin.py:190} INFO -  Previous state of the Task instance: running
[2025-04-16T12:54:56.144+0000] {logging_mixin.py:190} INFO - Dag name:beer_data_processing queued_at:2025-04-16 12:41:26.863776+00:00
[2025-04-16T12:54:56.158+0000] {logging_mixin.py:190} INFO - Task hostname:3e53738720c8 operator:PythonOperator
[2025-04-16T12:54:57.360+0000] {local_task_job_runner.py:266} INFO - Task exited with return code 0
[2025-04-16T12:54:57.699+0000] {local_task_job_runner.py:245} INFO - ::endgroup::
