[2025-04-16T21:14:26.306+0000] {local_task_job_runner.py:123} INFO - ::group::Pre task execution logs
[2025-04-16T21:14:26.353+0000] {taskinstance.py:2614} INFO - Dependencies all met for dep_context=non-requeueable deps ti=<TaskInstance: beer_data_processing.create_dim_brewery manual__2025-04-16T21:12:08.431361+00:00 [queued]>
[2025-04-16T21:14:26.381+0000] {taskinstance.py:2614} INFO - Dependencies all met for dep_context=requeueable deps ti=<TaskInstance: beer_data_processing.create_dim_brewery manual__2025-04-16T21:12:08.431361+00:00 [queued]>
[2025-04-16T21:14:26.384+0000] {taskinstance.py:2867} INFO - Starting attempt 1 of 6
[2025-04-16T21:14:26.426+0000] {taskinstance.py:2890} INFO - Executing <Task(PythonOperator): create_dim_brewery> on 2025-04-16 21:12:08.431361+00:00
[2025-04-16T21:14:26.495+0000] {logging_mixin.py:190} WARNING - /home/***/.local/lib/python3.12/site-packages/***/task/task_runner/standard_task_runner.py:70 DeprecationWarning: This process (pid=61487) is multi-threaded, use of fork() may lead to deadlocks in the child.
[2025-04-16T21:14:26.502+0000] {standard_task_runner.py:104} INFO - Running: ['***', 'tasks', 'run', 'beer_data_processing', 'create_dim_brewery', 'manual__2025-04-16T21:12:08.431361+00:00', '--job-id', '793', '--raw', '--subdir', 'DAGS_FOLDER/beer_data_processing_dag.py', '--cfg-path', '/tmp/tmpvzyf50lc']
[2025-04-16T21:14:26.508+0000] {standard_task_runner.py:105} INFO - Job 793: Subtask create_dim_brewery
[2025-04-16T21:14:26.505+0000] {standard_task_runner.py:72} INFO - Started process 61613 to run task
[2025-04-16T21:14:26.784+0000] {task_command.py:467} INFO - Running <TaskInstance: beer_data_processing.create_dim_brewery manual__2025-04-16T21:12:08.431361+00:00 [running]> on host 3e53738720c8
[2025-04-16T21:14:27.081+0000] {taskinstance.py:3134} INFO - Exporting env vars: AIRFLOW_CTX_DAG_OWNER='***' AIRFLOW_CTX_DAG_ID='beer_data_processing' AIRFLOW_CTX_TASK_ID='create_dim_brewery' AIRFLOW_CTX_EXECUTION_DATE='2025-04-16T21:12:08.431361+00:00' AIRFLOW_CTX_TRY_NUMBER='1' AIRFLOW_CTX_DAG_RUN_ID='manual__2025-04-16T21:12:08.431361+00:00'
[2025-04-16T21:14:27.084+0000] {logging_mixin.py:190} INFO - Task instance is in running state
[2025-04-16T21:14:27.085+0000] {logging_mixin.py:190} INFO -  Previous state of the Task instance: queued
[2025-04-16T21:14:27.086+0000] {logging_mixin.py:190} INFO - Current task name:create_dim_brewery state:running start_date:2025-04-16 21:14:26.354742+00:00
[2025-04-16T21:14:27.087+0000] {logging_mixin.py:190} INFO - Dag name:beer_data_processing and current dag run status:running
[2025-04-16T21:14:27.088+0000] {taskinstance.py:732} INFO - ::endgroup::
[2025-04-16T21:14:27.292+0000] {base.py:84} INFO - Retrieving connection 'postgres_conn'
[2025-04-16T21:14:27.992+0000] {logging_mixin.py:190} INFO - Створено датасет dim_brewery з 935 записами
[2025-04-16T21:14:27.994+0000] {python.py:240} INFO - Done. Returned value was: True
[2025-04-16T21:14:28.036+0000] {taskinstance.py:341} INFO - ::group::Post task execution logs
[2025-04-16T21:14:28.037+0000] {taskinstance.py:353} INFO - Marking task as SUCCESS. dag_id=beer_data_processing, task_id=create_dim_brewery, run_id=manual__2025-04-16T21:12:08.431361+00:00, execution_date=20250416T211208, start_date=20250416T211426, end_date=20250416T211428
[2025-04-16T21:14:28.089+0000] {logging_mixin.py:190} INFO - Task instance in success state
[2025-04-16T21:14:28.090+0000] {logging_mixin.py:190} INFO -  Previous state of the Task instance: running
[2025-04-16T21:14:28.092+0000] {logging_mixin.py:190} INFO - Dag name:beer_data_processing queued_at:2025-04-16 21:12:08.689941+00:00
[2025-04-16T21:14:28.092+0000] {logging_mixin.py:190} INFO - Task hostname:3e53738720c8 operator:PythonOperator
[2025-04-16T21:14:28.143+0000] {local_task_job_runner.py:266} INFO - Task exited with return code 0
[2025-04-16T21:14:28.219+0000] {taskinstance.py:3901} INFO - 0 downstream tasks scheduled from follow-on schedule check
[2025-04-16T21:14:28.223+0000] {local_task_job_runner.py:245} INFO - ::endgroup::
