[2025-04-16T12:54:43.682+0000] {local_task_job_runner.py:123} INFO - ::group::Pre task execution logs
[2025-04-16T12:54:43.959+0000] {taskinstance.py:2614} INFO - Dependencies all met for dep_context=non-requeueable deps ti=<TaskInstance: beer_data_processing.create_dim_beer scheduled__2025-04-15T00:00:00+00:00 [queued]>
[2025-04-16T12:54:44.067+0000] {taskinstance.py:2614} INFO - Dependencies all met for dep_context=requeueable deps ti=<TaskInstance: beer_data_processing.create_dim_beer scheduled__2025-04-15T00:00:00+00:00 [queued]>
[2025-04-16T12:54:44.071+0000] {taskinstance.py:2867} INFO - Starting attempt 1 of 6
[2025-04-16T12:54:44.213+0000] {taskinstance.py:2890} INFO - Executing <Task(PythonOperator): create_dim_beer> on 2025-04-15 00:00:00+00:00
[2025-04-16T12:54:44.643+0000] {logging_mixin.py:190} WARNING - /home/***/.local/lib/python3.12/site-packages/***/task/task_runner/standard_task_runner.py:70 DeprecationWarning: This process (pid=1833) is multi-threaded, use of fork() may lead to deadlocks in the child.
[2025-04-16T12:54:44.661+0000] {standard_task_runner.py:72} INFO - Started process 2048 to run task
[2025-04-16T12:54:44.687+0000] {standard_task_runner.py:104} INFO - Running: ['***', 'tasks', 'run', 'beer_data_processing', 'create_dim_beer', 'scheduled__2025-04-15T00:00:00+00:00', '--job-id', '365', '--raw', '--subdir', 'DAGS_FOLDER/beer_data_processing_dag.py', '--cfg-path', '/tmp/tmpd6qc6o_t']
[2025-04-16T12:54:44.692+0000] {standard_task_runner.py:105} INFO - Job 365: Subtask create_dim_beer
[2025-04-16T12:54:45.165+0000] {task_command.py:467} INFO - Running <TaskInstance: beer_data_processing.create_dim_beer scheduled__2025-04-15T00:00:00+00:00 [running]> on host 3e53738720c8
[2025-04-16T12:54:46.138+0000] {taskinstance.py:3134} INFO - Exporting env vars: AIRFLOW_CTX_DAG_OWNER='***' AIRFLOW_CTX_DAG_ID='beer_data_processing' AIRFLOW_CTX_TASK_ID='create_dim_beer' AIRFLOW_CTX_EXECUTION_DATE='2025-04-15T00:00:00+00:00' AIRFLOW_CTX_TRY_NUMBER='1' AIRFLOW_CTX_DAG_RUN_ID='scheduled__2025-04-15T00:00:00+00:00'
[2025-04-16T12:54:46.164+0000] {logging_mixin.py:190} INFO - Task instance is in running state
[2025-04-16T12:54:46.191+0000] {logging_mixin.py:190} INFO -  Previous state of the Task instance: queued
[2025-04-16T12:54:46.196+0000] {logging_mixin.py:190} INFO - Current task name:create_dim_beer state:running start_date:2025-04-16 12:54:43.961598+00:00
[2025-04-16T12:54:46.206+0000] {logging_mixin.py:190} INFO - Dag name:beer_data_processing and current dag run status:running
[2025-04-16T12:54:46.215+0000] {taskinstance.py:732} INFO - ::endgroup::
[2025-04-16T12:54:47.415+0000] {base.py:84} INFO - Retrieving connection 'postgres_conn'
[2025-04-16T12:54:56.218+0000] {logging_mixin.py:190} INFO - Створено датасет dim_beer з 3068 записами
[2025-04-16T12:54:56.466+0000] {python.py:240} INFO - Done. Returned value was: True
[2025-04-16T12:54:57.361+0000] {taskinstance.py:341} INFO - ::group::Post task execution logs
[2025-04-16T12:54:57.395+0000] {taskinstance.py:353} INFO - Marking task as SUCCESS. dag_id=beer_data_processing, task_id=create_dim_beer, run_id=scheduled__2025-04-15T00:00:00+00:00, execution_date=20250415T000000, start_date=20250416T125443, end_date=20250416T125457
[2025-04-16T12:54:59.181+0000] {logging_mixin.py:190} INFO - Task instance in success state
[2025-04-16T12:54:59.237+0000] {logging_mixin.py:190} INFO -  Previous state of the Task instance: running
[2025-04-16T12:54:59.261+0000] {logging_mixin.py:190} INFO - Dag name:beer_data_processing queued_at:2025-04-16 12:42:12.417120+00:00
[2025-04-16T12:54:59.268+0000] {logging_mixin.py:190} INFO - Task hostname:3e53738720c8 operator:PythonOperator
[2025-04-16T12:54:59.936+0000] {standard_task_runner.py:217} INFO - Process not found (most likely exited), stop collecting metrics
[2025-04-16T12:55:00.128+0000] {local_task_job_runner.py:266} INFO - Task exited with return code 0
[2025-04-16T12:55:01.738+0000] {taskinstance.py:3901} INFO - 0 downstream tasks scheduled from follow-on schedule check
[2025-04-16T12:55:01.805+0000] {local_task_job_runner.py:245} INFO - ::endgroup::
