[2025-04-10T06:29:55.005+0000] {local_task_job_runner.py:123} INFO - ::group::Pre task execution logs
[2025-04-10T06:29:55.073+0000] {taskinstance.py:2614} INFO - Dependencies all met for dep_context=non-requeueable deps ti=<TaskInstance: beer_data_processing.create_dim_brewery manual__2025-04-10T06:29:16.313208+00:00 [queued]>
[2025-04-10T06:29:55.098+0000] {taskinstance.py:2614} INFO - Dependencies all met for dep_context=requeueable deps ti=<TaskInstance: beer_data_processing.create_dim_brewery manual__2025-04-10T06:29:16.313208+00:00 [queued]>
[2025-04-10T06:29:55.100+0000] {taskinstance.py:2867} INFO - Starting attempt 1 of 1
[2025-04-10T06:29:55.139+0000] {taskinstance.py:2890} INFO - Executing <Task(PythonOperator): create_dim_brewery> on 2025-04-10 06:29:16.313208+00:00
[2025-04-10T06:29:55.204+0000] {standard_task_runner.py:104} INFO - Running: ['***', 'tasks', 'run', 'beer_data_processing', 'create_dim_brewery', 'manual__2025-04-10T06:29:16.313208+00:00', '--job-id', '103', '--raw', '--subdir', 'DAGS_FOLDER/beer_data_processing_dag.py', '--cfg-path', '/tmp/tmp5lp1_yu4']
[2025-04-10T06:29:55.209+0000] {standard_task_runner.py:105} INFO - Job 103: Subtask create_dim_brewery
[2025-04-10T06:29:55.218+0000] {logging_mixin.py:190} WARNING - /home/***/.local/lib/python3.12/site-packages/***/task/task_runner/standard_task_runner.py:70 DeprecationWarning: This process (pid=5919) is multi-threaded, use of fork() may lead to deadlocks in the child.
[2025-04-10T06:29:55.220+0000] {standard_task_runner.py:72} INFO - Started process 5924 to run task
[2025-04-10T06:29:55.387+0000] {task_command.py:467} INFO - Running <TaskInstance: beer_data_processing.create_dim_brewery manual__2025-04-10T06:29:16.313208+00:00 [running]> on host 893b969cc7b0
[2025-04-10T06:29:56.209+0000] {taskinstance.py:3134} INFO - Exporting env vars: AIRFLOW_CTX_DAG_OWNER='***' AIRFLOW_CTX_DAG_ID='beer_data_processing' AIRFLOW_CTX_TASK_ID='create_dim_brewery' AIRFLOW_CTX_EXECUTION_DATE='2025-04-10T06:29:16.313208+00:00' AIRFLOW_CTX_TRY_NUMBER='1' AIRFLOW_CTX_DAG_RUN_ID='manual__2025-04-10T06:29:16.313208+00:00'
[2025-04-10T06:29:56.222+0000] {logging_mixin.py:190} INFO - Task instance is in running state
[2025-04-10T06:29:56.223+0000] {logging_mixin.py:190} INFO -  Previous state of the Task instance: queued
[2025-04-10T06:29:56.225+0000] {logging_mixin.py:190} INFO - Current task name:create_dim_brewery state:running start_date:2025-04-10 06:29:55.074494+00:00
[2025-04-10T06:29:56.226+0000] {logging_mixin.py:190} INFO - Dag name:beer_data_processing and current dag run status:running
[2025-04-10T06:29:56.228+0000] {taskinstance.py:732} INFO - ::endgroup::
[2025-04-10T06:29:56.582+0000] {logging_mixin.py:190} WARNING - /opt/***/dags/beer_data_processing_dag.py:149 FutureWarning: Passing literal json to 'read_json' is deprecated and will be removed in a future version. To read from a literal string, wrap it in a 'StringIO' object.
[2025-04-10T06:29:57.209+0000] {base.py:84} INFO - Retrieving connection 'postgres_conn'
[2025-04-10T06:30:02.444+0000] {logging_mixin.py:190} INFO - Створено датасет dim_brewery з 934 записами
[2025-04-10T06:30:02.448+0000] {python.py:240} INFO - Done. Returned value was: True
[2025-04-10T06:30:02.501+0000] {taskinstance.py:341} INFO - ::group::Post task execution logs
[2025-04-10T06:30:02.504+0000] {taskinstance.py:353} INFO - Marking task as SUCCESS. dag_id=beer_data_processing, task_id=create_dim_brewery, run_id=manual__2025-04-10T06:29:16.313208+00:00, execution_date=20250410T062916, start_date=20250410T062955, end_date=20250410T063002
[2025-04-10T06:30:02.587+0000] {logging_mixin.py:190} INFO - Task instance in success state
[2025-04-10T06:30:02.588+0000] {logging_mixin.py:190} INFO -  Previous state of the Task instance: running
[2025-04-10T06:30:02.590+0000] {logging_mixin.py:190} INFO - Dag name:beer_data_processing queued_at:2025-04-10 06:29:16.898497+00:00
[2025-04-10T06:30:02.591+0000] {logging_mixin.py:190} INFO - Task hostname:893b969cc7b0 operator:PythonOperator
[2025-04-10T06:30:02.638+0000] {local_task_job_runner.py:266} INFO - Task exited with return code 0
[2025-04-10T06:30:02.711+0000] {taskinstance.py:3901} INFO - 1 downstream tasks scheduled from follow-on schedule check
[2025-04-10T06:30:02.716+0000] {local_task_job_runner.py:245} INFO - ::endgroup::
