[2025-04-16T17:02:55.317+0000] {local_task_job_runner.py:123} INFO - ::group::Pre task execution logs
[2025-04-16T17:02:55.373+0000] {taskinstance.py:2614} INFO - Dependencies all met for dep_context=non-requeueable deps ti=<TaskInstance: beer_data_processing.create_dim_style scheduled__2025-04-16T16:00:00+00:00 [queued]>
[2025-04-16T17:02:55.399+0000] {taskinstance.py:2614} INFO - Dependencies all met for dep_context=requeueable deps ti=<TaskInstance: beer_data_processing.create_dim_style scheduled__2025-04-16T16:00:00+00:00 [queued]>
[2025-04-16T17:02:55.401+0000] {taskinstance.py:2867} INFO - Starting attempt 1 of 6
[2025-04-16T17:02:55.441+0000] {taskinstance.py:2890} INFO - Executing <Task(PythonOperator): create_dim_style> on 2025-04-16 16:00:00+00:00
[2025-04-16T17:02:55.477+0000] {standard_task_runner.py:104} INFO - Running: ['***', 'tasks', 'run', 'beer_data_processing', 'create_dim_style', 'scheduled__2025-04-16T16:00:00+00:00', '--job-id', '716', '--raw', '--subdir', 'DAGS_FOLDER/beer_data_processing_dag.py', '--cfg-path', '/tmp/tmpyv5xyt25']
[2025-04-16T17:02:55.481+0000] {standard_task_runner.py:105} INFO - Job 716: Subtask create_dim_style
[2025-04-16T17:02:55.487+0000] {logging_mixin.py:190} WARNING - /home/***/.local/lib/python3.12/site-packages/***/task/task_runner/standard_task_runner.py:70 DeprecationWarning: This process (pid=12004) is multi-threaded, use of fork() may lead to deadlocks in the child.
[2025-04-16T17:02:55.489+0000] {standard_task_runner.py:72} INFO - Started process 12089 to run task
[2025-04-16T17:02:55.610+0000] {task_command.py:467} INFO - Running <TaskInstance: beer_data_processing.create_dim_style scheduled__2025-04-16T16:00:00+00:00 [running]> on host 3e53738720c8
[2025-04-16T17:02:55.873+0000] {taskinstance.py:3134} INFO - Exporting env vars: AIRFLOW_CTX_DAG_OWNER='***' AIRFLOW_CTX_DAG_ID='beer_data_processing' AIRFLOW_CTX_TASK_ID='create_dim_style' AIRFLOW_CTX_EXECUTION_DATE='2025-04-16T16:00:00+00:00' AIRFLOW_CTX_TRY_NUMBER='1' AIRFLOW_CTX_DAG_RUN_ID='scheduled__2025-04-16T16:00:00+00:00'
[2025-04-16T17:02:55.877+0000] {logging_mixin.py:190} INFO - Task instance is in running state
[2025-04-16T17:02:55.878+0000] {logging_mixin.py:190} INFO -  Previous state of the Task instance: queued
[2025-04-16T17:02:55.880+0000] {logging_mixin.py:190} INFO - Current task name:create_dim_style state:running start_date:2025-04-16 17:02:55.374728+00:00
[2025-04-16T17:02:55.881+0000] {logging_mixin.py:190} INFO - Dag name:beer_data_processing and current dag run status:running
[2025-04-16T17:02:55.883+0000] {taskinstance.py:732} INFO - ::endgroup::
[2025-04-16T17:02:56.078+0000] {base.py:84} INFO - Retrieving connection 'postgres_conn'
[2025-04-16T17:02:56.227+0000] {logging_mixin.py:190} INFO - Створено датасет dim_style з 112 записами
[2025-04-16T17:02:56.230+0000] {python.py:240} INFO - Done. Returned value was: True
[2025-04-16T17:02:56.292+0000] {taskinstance.py:341} INFO - ::group::Post task execution logs
[2025-04-16T17:02:56.294+0000] {taskinstance.py:353} INFO - Marking task as SUCCESS. dag_id=beer_data_processing, task_id=create_dim_style, run_id=scheduled__2025-04-16T16:00:00+00:00, execution_date=20250416T160000, start_date=20250416T170255, end_date=20250416T170256
[2025-04-16T17:02:56.364+0000] {logging_mixin.py:190} INFO - Task instance in success state
[2025-04-16T17:02:56.366+0000] {logging_mixin.py:190} INFO -  Previous state of the Task instance: running
[2025-04-16T17:02:56.367+0000] {logging_mixin.py:190} INFO - Dag name:beer_data_processing queued_at:2025-04-16 17:00:00.441202+00:00
[2025-04-16T17:02:56.368+0000] {logging_mixin.py:190} INFO - Task hostname:3e53738720c8 operator:PythonOperator
[2025-04-16T17:02:56.393+0000] {local_task_job_runner.py:266} INFO - Task exited with return code 0
[2025-04-16T17:02:56.449+0000] {taskinstance.py:3901} INFO - 0 downstream tasks scheduled from follow-on schedule check
[2025-04-16T17:02:56.453+0000] {local_task_job_runner.py:245} INFO - ::endgroup::
