[2025-04-16T18:00:09.510+0000] {local_task_job_runner.py:123} INFO - ::group::Pre task execution logs
[2025-04-16T18:00:09.537+0000] {taskinstance.py:2614} INFO - Dependencies all met for dep_context=non-requeueable deps ti=<TaskInstance: beer_data_processing.check_file_exists scheduled__2025-04-16T17:00:00+00:00 [queued]>
[2025-04-16T18:00:09.552+0000] {taskinstance.py:2614} INFO - Dependencies all met for dep_context=requeueable deps ti=<TaskInstance: beer_data_processing.check_file_exists scheduled__2025-04-16T17:00:00+00:00 [queued]>
[2025-04-16T18:00:09.553+0000] {taskinstance.py:2867} INFO - Starting attempt 1 of 6
[2025-04-16T18:00:09.581+0000] {taskinstance.py:2890} INFO - Executing <Task(FileSensor): check_file_exists> on 2025-04-16 17:00:00+00:00
[2025-04-16T18:00:09.608+0000] {standard_task_runner.py:104} INFO - Running: ['***', 'tasks', 'run', 'beer_data_processing', 'check_file_exists', 'scheduled__2025-04-16T17:00:00+00:00', '--job-id', '731', '--raw', '--subdir', 'DAGS_FOLDER/beer_data_processing_dag.py', '--cfg-path', '/tmp/tmp9slr0uq6']
[2025-04-16T18:00:09.611+0000] {standard_task_runner.py:105} INFO - Job 731: Subtask check_file_exists
[2025-04-16T18:00:09.611+0000] {logging_mixin.py:190} WARNING - /home/***/.local/lib/python3.12/site-packages/***/task/task_runner/standard_task_runner.py:70 DeprecationWarning: This process (pid=45742) is multi-threaded, use of fork() may lead to deadlocks in the child.
[2025-04-16T18:00:09.613+0000] {standard_task_runner.py:72} INFO - Started process 45839 to run task
[2025-04-16T18:00:09.712+0000] {task_command.py:467} INFO - Running <TaskInstance: beer_data_processing.check_file_exists scheduled__2025-04-16T17:00:00+00:00 [running]> on host 3e53738720c8
[2025-04-16T18:00:09.911+0000] {taskinstance.py:3134} INFO - Exporting env vars: AIRFLOW_CTX_DAG_OWNER='***' AIRFLOW_CTX_DAG_ID='beer_data_processing' AIRFLOW_CTX_TASK_ID='check_file_exists' AIRFLOW_CTX_EXECUTION_DATE='2025-04-16T17:00:00+00:00' AIRFLOW_CTX_TRY_NUMBER='1' AIRFLOW_CTX_DAG_RUN_ID='scheduled__2025-04-16T17:00:00+00:00'
[2025-04-16T18:00:09.913+0000] {logging_mixin.py:190} INFO - Task instance is in running state
[2025-04-16T18:00:09.914+0000] {logging_mixin.py:190} INFO -  Previous state of the Task instance: queued
[2025-04-16T18:00:09.915+0000] {logging_mixin.py:190} INFO - Current task name:check_file_exists state:running start_date:2025-04-16 18:00:09.538770+00:00
[2025-04-16T18:00:09.916+0000] {logging_mixin.py:190} INFO - Dag name:beer_data_processing and current dag run status:running
[2025-04-16T18:00:09.917+0000] {taskinstance.py:732} INFO - ::endgroup::
[2025-04-16T18:00:09.918+0000] {baseoperator.py:423} WARNING - FileSensor.execute cannot be called outside TaskInstance!
[2025-04-16T18:00:09.931+0000] {base.py:84} INFO - Retrieving connection 'dataset_folder'
[2025-04-16T18:00:09.932+0000] {filesystem.py:109} INFO - Poking for file /opt/***/dags/data/beer_profile_and_ratings.csv
[2025-04-16T18:00:09.940+0000] {filesystem.py:113} INFO - Found File /opt/***/dags/data/beer_profile_and_ratings.csv last modified: 20250416145823
[2025-04-16T18:00:09.941+0000] {base.py:339} INFO - Success criteria met. Exiting.
[2025-04-16T18:00:09.942+0000] {filesystem.py:109} INFO - Poking for file /opt/***/dags/data/beer_profile_and_ratings.csv
[2025-04-16T18:00:09.951+0000] {filesystem.py:113} INFO - Found File /opt/***/dags/data/beer_profile_and_ratings.csv last modified: 20250416145823
[2025-04-16T18:00:09.967+0000] {taskinstance.py:341} INFO - ::group::Post task execution logs
[2025-04-16T18:00:09.968+0000] {taskinstance.py:353} INFO - Marking task as SUCCESS. dag_id=beer_data_processing, task_id=check_file_exists, run_id=scheduled__2025-04-16T17:00:00+00:00, execution_date=20250416T170000, start_date=20250416T180009, end_date=20250416T180009
[2025-04-16T18:00:10.008+0000] {logging_mixin.py:190} INFO - Task instance in success state
[2025-04-16T18:00:10.010+0000] {logging_mixin.py:190} INFO -  Previous state of the Task instance: running
[2025-04-16T18:00:10.011+0000] {logging_mixin.py:190} INFO - Dag name:beer_data_processing queued_at:2025-04-16 18:00:01.401510+00:00
[2025-04-16T18:00:10.012+0000] {logging_mixin.py:190} INFO - Task hostname:3e53738720c8 operator:FileSensor
[2025-04-16T18:00:10.032+0000] {local_task_job_runner.py:266} INFO - Task exited with return code 0
[2025-04-16T18:00:10.099+0000] {taskinstance.py:3901} INFO - 1 downstream tasks scheduled from follow-on schedule check
[2025-04-16T18:00:10.103+0000] {local_task_job_runner.py:245} INFO - ::endgroup::
