[2025-04-10T07:22:13.247+0000] {local_task_job_runner.py:123} INFO - ::group::Pre task execution logs
[2025-04-10T07:22:13.300+0000] {taskinstance.py:2614} INFO - Dependencies all met for dep_context=non-requeueable deps ti=<TaskInstance: beer_data_processing.create_dim_style manual__2025-04-10T07:21:42.815772+00:00 [queued]>
[2025-04-10T07:22:13.330+0000] {taskinstance.py:2614} INFO - Dependencies all met for dep_context=requeueable deps ti=<TaskInstance: beer_data_processing.create_dim_style manual__2025-04-10T07:21:42.815772+00:00 [queued]>
[2025-04-10T07:22:13.331+0000] {taskinstance.py:2867} INFO - Starting attempt 1 of 6
[2025-04-10T07:22:13.370+0000] {taskinstance.py:2890} INFO - Executing <Task(PythonOperator): create_dim_style> on 2025-04-10 07:21:42.815772+00:00
[2025-04-10T07:22:13.400+0000] {standard_task_runner.py:104} INFO - Running: ['***', 'tasks', 'run', 'beer_data_processing', 'create_dim_style', 'manual__2025-04-10T07:21:42.815772+00:00', '--job-id', '139', '--raw', '--subdir', 'DAGS_FOLDER/beer_data_processing_dag.py', '--cfg-path', '/tmp/tmp2gyqdi1g']
[2025-04-10T07:22:13.400+0000] {logging_mixin.py:190} WARNING - /home/***/.local/lib/python3.12/site-packages/***/task/task_runner/standard_task_runner.py:70 DeprecationWarning: This process (pid=32431) is multi-threaded, use of fork() may lead to deadlocks in the child.
[2025-04-10T07:22:13.403+0000] {standard_task_runner.py:105} INFO - Job 139: Subtask create_dim_style
[2025-04-10T07:22:13.404+0000] {standard_task_runner.py:72} INFO - Started process 32470 to run task
[2025-04-10T07:22:13.515+0000] {task_command.py:467} INFO - Running <TaskInstance: beer_data_processing.create_dim_style manual__2025-04-10T07:21:42.815772+00:00 [running]> on host 893b969cc7b0
[2025-04-10T07:22:13.747+0000] {taskinstance.py:3134} INFO - Exporting env vars: AIRFLOW_CTX_DAG_OWNER='***' AIRFLOW_CTX_DAG_ID='beer_data_processing' AIRFLOW_CTX_TASK_ID='create_dim_style' AIRFLOW_CTX_EXECUTION_DATE='2025-04-10T07:21:42.815772+00:00' AIRFLOW_CTX_TRY_NUMBER='1' AIRFLOW_CTX_DAG_RUN_ID='manual__2025-04-10T07:21:42.815772+00:00'
[2025-04-10T07:22:13.750+0000] {logging_mixin.py:190} INFO - Task instance is in running state
[2025-04-10T07:22:13.751+0000] {logging_mixin.py:190} INFO -  Previous state of the Task instance: queued
[2025-04-10T07:22:13.752+0000] {logging_mixin.py:190} INFO - Current task name:create_dim_style state:running start_date:2025-04-10 07:22:13.301376+00:00
[2025-04-10T07:22:13.753+0000] {logging_mixin.py:190} INFO - Dag name:beer_data_processing and current dag run status:running
[2025-04-10T07:22:13.754+0000] {taskinstance.py:732} INFO - ::endgroup::
[2025-04-10T07:22:13.893+0000] {logging_mixin.py:190} WARNING - /opt/***/dags/beer_data_processing_dag.py:108 FutureWarning: Passing literal json to 'read_json' is deprecated and will be removed in a future version. To read from a literal string, wrap it in a 'StringIO' object.
[2025-04-10T07:22:14.113+0000] {base.py:84} INFO - Retrieving connection 'postgres_conn'
[2025-04-10T07:22:14.334+0000] {logging_mixin.py:190} INFO - Створено датасет dim_style з 111 записами
[2025-04-10T07:22:14.337+0000] {python.py:240} INFO - Done. Returned value was: True
[2025-04-10T07:22:14.381+0000] {taskinstance.py:341} INFO - ::group::Post task execution logs
[2025-04-10T07:22:14.383+0000] {taskinstance.py:353} INFO - Marking task as SUCCESS. dag_id=beer_data_processing, task_id=create_dim_style, run_id=manual__2025-04-10T07:21:42.815772+00:00, execution_date=20250410T072142, start_date=20250410T072213, end_date=20250410T072214
[2025-04-10T07:22:14.438+0000] {logging_mixin.py:190} INFO - Task instance in success state
[2025-04-10T07:22:14.441+0000] {logging_mixin.py:190} INFO -  Previous state of the Task instance: running
[2025-04-10T07:22:14.443+0000] {logging_mixin.py:190} INFO - Dag name:beer_data_processing queued_at:2025-04-10 07:21:43.213712+00:00
[2025-04-10T07:22:14.444+0000] {logging_mixin.py:190} INFO - Task hostname:893b969cc7b0 operator:PythonOperator
[2025-04-10T07:22:14.509+0000] {local_task_job_runner.py:266} INFO - Task exited with return code 0
[2025-04-10T07:22:14.569+0000] {taskinstance.py:3901} INFO - 0 downstream tasks scheduled from follow-on schedule check
[2025-04-10T07:22:14.573+0000] {local_task_job_runner.py:245} INFO - ::endgroup::
