[2025-04-16T13:43:15.273+0000] {local_task_job_runner.py:123} INFO - ::group::Pre task execution logs
[2025-04-16T13:43:15.437+0000] {taskinstance.py:2614} INFO - Dependencies all met for dep_context=non-requeueable deps ti=<TaskInstance: beer_data_processing.process_proportions manual__2025-04-16T13:42:37.598033+00:00 [queued]>
[2025-04-16T13:43:15.510+0000] {taskinstance.py:2614} INFO - Dependencies all met for dep_context=requeueable deps ti=<TaskInstance: beer_data_processing.process_proportions manual__2025-04-16T13:42:37.598033+00:00 [queued]>
[2025-04-16T13:43:15.515+0000] {taskinstance.py:2867} INFO - Starting attempt 1 of 6
[2025-04-16T13:43:15.624+0000] {taskinstance.py:2890} INFO - Executing <Task(PythonOperator): process_proportions> on 2025-04-16 13:42:37.598033+00:00
[2025-04-16T13:43:15.767+0000] {standard_task_runner.py:104} INFO - Running: ['***', 'tasks', 'run', 'beer_data_processing', 'process_proportions', 'manual__2025-04-16T13:42:37.598033+00:00', '--job-id', '502', '--raw', '--subdir', 'DAGS_FOLDER/beer_data_processing_dag.py', '--cfg-path', '/tmp/tmpis6tfx8r']
[2025-04-16T13:43:15.803+0000] {standard_task_runner.py:105} INFO - Job 502: Subtask process_proportions
[2025-04-16T13:43:15.830+0000] {logging_mixin.py:190} WARNING - /home/***/.local/lib/python3.12/site-packages/***/task/task_runner/standard_task_runner.py:70 DeprecationWarning: This process (pid=21903) is multi-threaded, use of fork() may lead to deadlocks in the child.
[2025-04-16T13:43:15.836+0000] {standard_task_runner.py:72} INFO - Started process 22004 to run task
[2025-04-16T13:43:24.133+0000] {job.py:229} INFO - Heartbeat recovered after 10.63 seconds
[2025-04-16T13:43:24.195+0000] {task_command.py:467} INFO - Running <TaskInstance: beer_data_processing.process_proportions manual__2025-04-16T13:42:37.598033+00:00 [running]> on host 3e53738720c8
[2025-04-16T13:43:24.545+0000] {taskinstance.py:3134} INFO - Exporting env vars: AIRFLOW_CTX_DAG_OWNER='***' AIRFLOW_CTX_DAG_ID='beer_data_processing' AIRFLOW_CTX_TASK_ID='process_proportions' AIRFLOW_CTX_EXECUTION_DATE='2025-04-16T13:42:37.598033+00:00' AIRFLOW_CTX_TRY_NUMBER='1' AIRFLOW_CTX_DAG_RUN_ID='manual__2025-04-16T13:42:37.598033+00:00'
[2025-04-16T13:43:24.564+0000] {logging_mixin.py:190} INFO - Task instance is in running state
[2025-04-16T13:43:24.566+0000] {logging_mixin.py:190} INFO -  Previous state of the Task instance: queued
[2025-04-16T13:43:24.568+0000] {logging_mixin.py:190} INFO - Current task name:process_proportions state:running start_date:2025-04-16 13:43:15.439825+00:00
[2025-04-16T13:43:24.569+0000] {logging_mixin.py:190} INFO - Dag name:beer_data_processing and current dag run status:running
[2025-04-16T13:43:24.570+0000] {taskinstance.py:732} INFO - ::endgroup::
[2025-04-16T13:43:25.768+0000] {python.py:240} INFO - Done. Returned value was: True
[2025-04-16T13:43:25.877+0000] {taskinstance.py:341} INFO - ::group::Post task execution logs
[2025-04-16T13:43:25.885+0000] {taskinstance.py:353} INFO - Marking task as SUCCESS. dag_id=beer_data_processing, task_id=process_proportions, run_id=manual__2025-04-16T13:42:37.598033+00:00, execution_date=20250416T134237, start_date=20250416T134315, end_date=20250416T134325
[2025-04-16T13:43:26.040+0000] {logging_mixin.py:190} INFO - Task instance in success state
[2025-04-16T13:43:26.043+0000] {logging_mixin.py:190} INFO -  Previous state of the Task instance: running
[2025-04-16T13:43:26.044+0000] {logging_mixin.py:190} INFO - Dag name:beer_data_processing queued_at:2025-04-16 13:42:37.877207+00:00
[2025-04-16T13:43:26.048+0000] {logging_mixin.py:190} INFO - Task hostname:3e53738720c8 operator:PythonOperator
[2025-04-16T13:43:26.135+0000] {local_task_job_runner.py:266} INFO - Task exited with return code 0
[2025-04-16T13:43:26.161+0000] {local_task_job_runner.py:245} INFO - ::endgroup::
[2025-04-16T13:43:26.183+0000] {standard_task_runner.py:217} INFO - Process not found (most likely exited), stop collecting metrics
