[2025-04-17T12:24:42.680+0000] {local_task_job_runner.py:123} INFO - ::group::Pre task execution logs
[2025-04-17T12:24:42.782+0000] {taskinstance.py:2614} INFO - Dependencies all met for dep_context=non-requeueable deps ti=<TaskInstance: beer_data_processing.create_dim_beer scheduled__2025-04-17T02:00:00+00:00 [queued]>
[2025-04-17T12:24:42.915+0000] {taskinstance.py:2614} INFO - Dependencies all met for dep_context=requeueable deps ti=<TaskInstance: beer_data_processing.create_dim_beer scheduled__2025-04-17T02:00:00+00:00 [queued]>
[2025-04-17T12:24:42.917+0000] {taskinstance.py:2867} INFO - Starting attempt 1 of 6
[2025-04-17T12:24:43.003+0000] {taskinstance.py:2890} INFO - Executing <Task(PythonOperator): create_dim_beer> on 2025-04-17 02:00:00+00:00
[2025-04-17T12:24:43.174+0000] {standard_task_runner.py:104} INFO - Running: ['***', 'tasks', 'run', 'beer_data_processing', 'create_dim_beer', 'scheduled__2025-04-17T02:00:00+00:00', '--job-id', '977', '--raw', '--subdir', 'DAGS_FOLDER/beer_data_processing_dag.py', '--cfg-path', '/tmp/tmp090r16p7']
[2025-04-17T12:24:43.258+0000] {standard_task_runner.py:105} INFO - Job 977: Subtask create_dim_beer
[2025-04-17T12:24:43.336+0000] {logging_mixin.py:190} WARNING - /home/***/.local/lib/python3.12/site-packages/***/task/task_runner/standard_task_runner.py:70 DeprecationWarning: This process (pid=2582) is multi-threaded, use of fork() may lead to deadlocks in the child.
[2025-04-17T12:24:43.348+0000] {standard_task_runner.py:72} INFO - Started process 2636 to run task
[2025-04-17T12:24:44.556+0000] {task_command.py:467} INFO - Running <TaskInstance: beer_data_processing.create_dim_beer scheduled__2025-04-17T02:00:00+00:00 [running]> on host a0d0456bae2c
[2025-04-17T12:24:45.610+0000] {taskinstance.py:3134} INFO - Exporting env vars: AIRFLOW_CTX_DAG_OWNER='***' AIRFLOW_CTX_DAG_ID='beer_data_processing' AIRFLOW_CTX_TASK_ID='create_dim_beer' AIRFLOW_CTX_EXECUTION_DATE='2025-04-17T02:00:00+00:00' AIRFLOW_CTX_TRY_NUMBER='1' AIRFLOW_CTX_DAG_RUN_ID='scheduled__2025-04-17T02:00:00+00:00'
[2025-04-17T12:24:45.614+0000] {logging_mixin.py:190} INFO - Task instance is in running state
[2025-04-17T12:24:45.616+0000] {logging_mixin.py:190} INFO -  Previous state of the Task instance: queued
[2025-04-17T12:24:45.617+0000] {logging_mixin.py:190} INFO - Current task name:create_dim_beer state:running start_date:2025-04-17 12:24:42.791788+00:00
[2025-04-17T12:24:45.619+0000] {logging_mixin.py:190} INFO - Dag name:beer_data_processing and current dag run status:running
[2025-04-17T12:24:45.621+0000] {taskinstance.py:732} INFO - ::endgroup::
[2025-04-17T12:24:46.437+0000] {base.py:84} INFO - Retrieving connection 'postgres_conn'
[2025-04-17T12:24:49.085+0000] {logging_mixin.py:190} INFO - Створено датасет dim_beer з 3069 записами
[2025-04-17T12:24:49.087+0000] {python.py:240} INFO - Done. Returned value was: True
[2025-04-17T12:24:49.132+0000] {taskinstance.py:341} INFO - ::group::Post task execution logs
[2025-04-17T12:24:49.133+0000] {taskinstance.py:353} INFO - Marking task as SUCCESS. dag_id=beer_data_processing, task_id=create_dim_beer, run_id=scheduled__2025-04-17T02:00:00+00:00, execution_date=20250417T020000, start_date=20250417T122442, end_date=20250417T122449
[2025-04-17T12:24:49.187+0000] {logging_mixin.py:190} INFO - Task instance in success state
[2025-04-17T12:24:49.189+0000] {logging_mixin.py:190} INFO -  Previous state of the Task instance: running
[2025-04-17T12:24:49.190+0000] {logging_mixin.py:190} INFO - Dag name:beer_data_processing queued_at:2025-04-17 11:36:03.845239+00:00
[2025-04-17T12:24:49.191+0000] {logging_mixin.py:190} INFO - Task hostname:a0d0456bae2c operator:PythonOperator
[2025-04-17T12:24:49.234+0000] {local_task_job_runner.py:266} INFO - Task exited with return code 0
[2025-04-17T12:24:49.295+0000] {taskinstance.py:3901} INFO - 0 downstream tasks scheduled from follow-on schedule check
[2025-04-17T12:24:49.299+0000] {local_task_job_runner.py:245} INFO - ::endgroup::
