[2025-04-09T22:06:42.483+0000] {local_task_job_runner.py:123} INFO - ::group::Pre task execution logs
[2025-04-09T22:06:42.530+0000] {taskinstance.py:2614} INFO - Dependencies all met for dep_context=non-requeueable deps ti=<TaskInstance: beer_data_processing.create_tables manual__2025-04-09T22:06:23.920472+00:00 [queued]>
[2025-04-09T22:06:42.552+0000] {taskinstance.py:2614} INFO - Dependencies all met for dep_context=requeueable deps ti=<TaskInstance: beer_data_processing.create_tables manual__2025-04-09T22:06:23.920472+00:00 [queued]>
[2025-04-09T22:06:42.554+0000] {taskinstance.py:2867} INFO - Starting attempt 1 of 1
[2025-04-09T22:06:42.583+0000] {taskinstance.py:2890} INFO - Executing <Task(SQLExecuteQueryOperator): create_tables> on 2025-04-09 22:06:23.920472+00:00
[2025-04-09T22:06:42.603+0000] {standard_task_runner.py:104} INFO - Running: ['***', 'tasks', 'run', 'beer_data_processing', 'create_tables', 'manual__2025-04-09T22:06:23.920472+00:00', '--job-id', '69', '--raw', '--subdir', 'DAGS_FOLDER/beer_data_processing_dag.py', '--cfg-path', '/tmp/tmpze_p12i8']
[2025-04-09T22:06:42.606+0000] {standard_task_runner.py:105} INFO - Job 69: Subtask create_tables
[2025-04-09T22:06:42.611+0000] {logging_mixin.py:190} WARNING - /home/***/.local/lib/python3.12/site-packages/***/task/task_runner/standard_task_runner.py:70 DeprecationWarning: This process (pid=41138) is multi-threaded, use of fork() may lead to deadlocks in the child.
[2025-04-09T22:06:42.613+0000] {standard_task_runner.py:72} INFO - Started process 41194 to run task
[2025-04-09T22:06:42.720+0000] {task_command.py:467} INFO - Running <TaskInstance: beer_data_processing.create_tables manual__2025-04-09T22:06:23.920472+00:00 [running]> on host 893b969cc7b0
[2025-04-09T22:06:42.923+0000] {taskinstance.py:3134} INFO - Exporting env vars: AIRFLOW_CTX_DAG_OWNER='***' AIRFLOW_CTX_DAG_ID='beer_data_processing' AIRFLOW_CTX_TASK_ID='create_tables' AIRFLOW_CTX_EXECUTION_DATE='2025-04-09T22:06:23.920472+00:00' AIRFLOW_CTX_TRY_NUMBER='1' AIRFLOW_CTX_DAG_RUN_ID='manual__2025-04-09T22:06:23.920472+00:00'
[2025-04-09T22:06:42.927+0000] {logging_mixin.py:190} INFO - Task instance is in running state
[2025-04-09T22:06:42.928+0000] {logging_mixin.py:190} INFO -  Previous state of the Task instance: queued
[2025-04-09T22:06:42.929+0000] {logging_mixin.py:190} INFO - Current task name:create_tables state:running start_date:2025-04-09 22:06:42.531789+00:00
[2025-04-09T22:06:42.930+0000] {logging_mixin.py:190} INFO - Dag name:beer_data_processing and current dag run status:running
[2025-04-09T22:06:42.931+0000] {taskinstance.py:732} INFO - ::endgroup::
[2025-04-09T22:06:42.932+0000] {sql.py:295} INFO - Executing: 
    -- Створення таблиці dim_beer
    CREATE TABLE IF NOT EXISTS dim_beer (
        beer_id INTEGER PRIMARY KEY,
        beer_name VARCHAR(255) NOT NULL
    );
    
    -- Створення таблиці dim_style
    CREATE TABLE IF NOT EXISTS dim_style (
        style_id INTEGER PRIMARY KEY,
        style_name VARCHAR(255) NOT NULL
    );
    
    -- Створення таблиці dim_brewery
    CREATE TABLE IF NOT EXISTS dim_brewery (
        brewery_id INTEGER PRIMARY KEY,
        brewery_name VARCHAR(255) NOT NULL
    );
    
    -- Створення таблиці фактів
    CREATE TABLE IF NOT EXISTS fact_beer (
        beer_id INTEGER REFERENCES dim_beer(beer_id),
        style_id INTEGER REFERENCES dim_style(style_id),
        brewery_id INTEGER REFERENCES dim_brewery(brewery_id),
        abv FLOAT,
        min_ibu FLOAT,
        max_ibu FLOAT,
        astringency FLOAT,
        body FLOAT,
        alcohol FLOAT,
        bitter FLOAT,
        sweet FLOAT,
        sour FLOAT,
        salty FLOAT,
        fruits FLOAT,
        hoppy FLOAT,
        spices FLOAT,
        malty FLOAT,
        average_review_overall NUMERIC(3,2),
        number_of_reviews INTEGER,
        PRIMARY KEY (beer_id, style_id, brewery_id)
    );
    
[2025-04-09T22:06:42.949+0000] {base.py:84} INFO - Retrieving connection 'postgres_conn'
[2025-04-09T22:06:42.968+0000] {base.py:84} INFO - Retrieving connection 'postgres_conn'
[2025-04-09T22:06:42.978+0000] {sql.py:511} INFO - Running statement: 
    -- Створення таблиці dim_beer
    CREATE TABLE IF NOT EXISTS dim_beer (
        beer_id INTEGER PRIMARY KEY,
        beer_name VARCHAR(255) NOT NULL
    );
    
    -- Створення таблиці dim_style
    CREATE TABLE IF NOT EXISTS dim_style (
        style_id INTEGER PRIMARY KEY,
        style_name VARCHAR(255) NOT NULL
    );
    
    -- Створення таблиці dim_brewery
    CREATE TABLE IF NOT EXISTS dim_brewery (
        brewery_id INTEGER PRIMARY KEY,
        brewery_name VARCHAR(255) NOT NULL
    );
    
    -- Створення таблиці фактів
    CREATE TABLE IF NOT EXISTS fact_beer (
        beer_id INTEGER REFERENCES dim_beer(beer_id),
        style_id INTEGER REFERENCES dim_style(style_id),
        brewery_id INTEGER REFERENCES dim_brewery(brewery_id),
        abv FLOAT,
        min_ibu FLOAT,
        max_ibu FLOAT,
        astringency FLOAT,
        body FLOAT,
        alcohol FLOAT,
        bitter FLOAT,
        sweet FLOAT,
        sour FLOAT,
        salty FLOAT,
        fruits FLOAT,
        hoppy FLOAT,
        spices FLOAT,
        malty FLOAT,
        average_review_overall NUMERIC(3,2),
        number_of_reviews INTEGER,
        PRIMARY KEY (beer_id, style_id, brewery_id)
    );
    , parameters: None
[2025-04-09T22:06:43.160+0000] {logging_mixin.py:190} WARNING - /home/***/.local/lib/python3.12/site-packages/***/providers/common/sql/hooks/sql.py:470 DeprecationWarning: Import of fetch_all_handler from the '***.providers.common.sql.hooks' module is deprecated and will
be removed in the future. Please import it from '***.providers.common.sql.hooks.handlers'.
[2025-04-09T22:06:43.173+0000] {logging_mixin.py:190} WARNING - /home/***/.local/lib/python3.12/site-packages/***/providers/common/sql/hooks/sql.py:471 DeprecationWarning: Import of return_single_query_results from the '***.providers.common.sql.hooks' module is deprecated and will
be removed in the future. Please import it from '***.providers.common.sql.hooks.handlers'.
[2025-04-09T22:06:43.181+0000] {logging_mixin.py:190} WARNING - /home/***/.local/lib/python3.12/site-packages/***/providers/common/sql/hooks/sql.py:486 DeprecationWarning: Import of return_single_query_results from the '***.providers.common.sql.hooks' module is deprecated and will
be removed in the future. Please import it from '***.providers.common.sql.hooks.handlers'.
[2025-04-09T22:06:43.184+0000] {logging_mixin.py:190} WARNING - /home/***/.local/lib/python3.12/site-packages/***/providers/common/sql/operators/sql.py:311 DeprecationWarning: Import of return_single_query_results from the '***.providers.common.sql.hooks' module is deprecated and will
be removed in the future. Please import it from '***.providers.common.sql.hooks.handlers'.
[2025-04-09T22:06:43.207+0000] {taskinstance.py:341} INFO - ::group::Post task execution logs
[2025-04-09T22:06:43.209+0000] {taskinstance.py:353} INFO - Marking task as SUCCESS. dag_id=beer_data_processing, task_id=create_tables, run_id=manual__2025-04-09T22:06:23.920472+00:00, execution_date=20250409T220623, start_date=20250409T220642, end_date=20250409T220643
[2025-04-09T22:06:43.283+0000] {logging_mixin.py:190} INFO - Task instance in success state
[2025-04-09T22:06:43.290+0000] {logging_mixin.py:190} INFO -  Previous state of the Task instance: running
[2025-04-09T22:06:43.292+0000] {logging_mixin.py:190} INFO - Dag name:beer_data_processing queued_at:2025-04-09 22:06:24.320832+00:00
[2025-04-09T22:06:43.294+0000] {logging_mixin.py:190} INFO - Task hostname:893b969cc7b0 operator:SQLExecuteQueryOperator
[2025-04-09T22:06:43.323+0000] {local_task_job_runner.py:266} INFO - Task exited with return code 0
[2025-04-09T22:06:43.345+0000] {local_task_job_runner.py:245} INFO - ::endgroup::
