[2025-04-16T15:11:36.510+0000] {local_task_job_runner.py:123} INFO - ::group::Pre task execution logs
[2025-04-16T15:11:36.804+0000] {taskinstance.py:2614} INFO - Dependencies all met for dep_context=non-requeueable deps ti=<TaskInstance: beer_data_processing.check_file_exists scheduled__2025-04-16T14:00:00+00:00 [queued]>
[2025-04-16T15:11:37.121+0000] {taskinstance.py:2614} INFO - Dependencies all met for dep_context=requeueable deps ti=<TaskInstance: beer_data_processing.check_file_exists scheduled__2025-04-16T14:00:00+00:00 [queued]>
[2025-04-16T15:11:37.134+0000] {taskinstance.py:2867} INFO - Starting attempt 1 of 6
[2025-04-16T15:11:39.611+0000] {taskinstance.py:2890} INFO - Executing <Task(FileSensor): check_file_exists> on 2025-04-16 14:00:00+00:00
[2025-04-16T15:11:40.467+0000] {standard_task_runner.py:104} INFO - Running: ['***', 'tasks', 'run', 'beer_data_processing', 'check_file_exists', 'scheduled__2025-04-16T14:00:00+00:00', '--job-id', '576', '--raw', '--subdir', 'DAGS_FOLDER/beer_data_processing_dag.py', '--cfg-path', '/tmp/tmpjggs1qfs']
[2025-04-16T15:11:40.702+0000] {standard_task_runner.py:105} INFO - Job 576: Subtask check_file_exists
[2025-04-16T15:11:40.722+0000] {logging_mixin.py:190} WARNING - /home/***/.local/lib/python3.12/site-packages/***/task/task_runner/standard_task_runner.py:70 DeprecationWarning: This process (pid=53758) is multi-threaded, use of fork() may lead to deadlocks in the child.
[2025-04-16T15:11:40.786+0000] {standard_task_runner.py:72} INFO - Started process 53946 to run task
[2025-04-16T15:11:42.919+0000] {task_command.py:467} INFO - Running <TaskInstance: beer_data_processing.check_file_exists scheduled__2025-04-16T14:00:00+00:00 [running]> on host 3e53738720c8
[2025-04-16T15:11:45.500+0000] {taskinstance.py:3134} INFO - Exporting env vars: AIRFLOW_CTX_DAG_OWNER='***' AIRFLOW_CTX_DAG_ID='beer_data_processing' AIRFLOW_CTX_TASK_ID='check_file_exists' AIRFLOW_CTX_EXECUTION_DATE='2025-04-16T14:00:00+00:00' AIRFLOW_CTX_TRY_NUMBER='1' AIRFLOW_CTX_DAG_RUN_ID='scheduled__2025-04-16T14:00:00+00:00'
[2025-04-16T15:11:45.752+0000] {logging_mixin.py:190} INFO - Task instance is in running state
[2025-04-16T15:11:45.809+0000] {logging_mixin.py:190} INFO -  Previous state of the Task instance: queued
[2025-04-16T15:11:45.831+0000] {logging_mixin.py:190} INFO - Current task name:check_file_exists state:running start_date:2025-04-16 15:11:36.810235+00:00
[2025-04-16T15:11:45.467+0000] {logging_mixin.py:190} INFO - Dag name:beer_data_processing and current dag run status:running
[2025-04-16T15:11:45.726+0000] {taskinstance.py:732} INFO - ::endgroup::
[2025-04-16T15:11:45.767+0000] {baseoperator.py:423} WARNING - FileSensor.execute cannot be called outside TaskInstance!
[2025-04-16T15:11:46.241+0000] {base.py:84} INFO - Retrieving connection 'dataset_folder'
[2025-04-16T15:11:46.274+0000] {filesystem.py:109} INFO - Poking for file /opt/***/dags/data/beer_profile_and_ratings.csv
[2025-04-16T15:11:46.412+0000] {filesystem.py:113} INFO - Found File /opt/***/dags/data/beer_profile_and_ratings.csv last modified: 20250416145823
[2025-04-16T15:11:46.445+0000] {base.py:339} INFO - Success criteria met. Exiting.
[2025-04-16T15:11:46.451+0000] {filesystem.py:109} INFO - Poking for file /opt/***/dags/data/beer_profile_and_ratings.csv
[2025-04-16T15:11:46.756+0000] {filesystem.py:113} INFO - Found File /opt/***/dags/data/beer_profile_and_ratings.csv last modified: 20250416145823
[2025-04-16T15:11:46.721+0000] {job.py:229} INFO - Heartbeat recovered after 13.34 seconds
[2025-04-16T15:11:47.935+0000] {taskinstance.py:341} INFO - ::group::Post task execution logs
[2025-04-16T15:11:47.980+0000] {taskinstance.py:353} INFO - Marking task as SUCCESS. dag_id=beer_data_processing, task_id=check_file_exists, run_id=scheduled__2025-04-16T14:00:00+00:00, execution_date=20250416T140000, start_date=20250416T151136, end_date=20250416T151147
[2025-04-16T15:11:52.635+0000] {logging_mixin.py:190} INFO - Task instance in success state
[2025-04-16T15:11:52.865+0000] {logging_mixin.py:190} INFO -  Previous state of the Task instance: running
[2025-04-16T15:11:52.924+0000] {logging_mixin.py:190} INFO - Dag name:beer_data_processing queued_at:2025-04-16 15:07:22.308543+00:00
[2025-04-16T15:11:52.963+0000] {logging_mixin.py:190} INFO - Task hostname:3e53738720c8 operator:FileSensor
[2025-04-16T15:11:55.300+0000] {local_task_job_runner.py:266} INFO - Task exited with return code 0
[2025-04-16T15:11:55.638+0000] {local_task_job_runner.py:245} INFO - ::endgroup::
[2025-04-16T15:11:55.669+0000] {standard_task_runner.py:217} INFO - Process not found (most likely exited), stop collecting metrics
