[2025-04-10T10:13:16.923+0000] {local_task_job_runner.py:123} INFO - ::group::Pre task execution logs
[2025-04-10T10:13:17.005+0000] {taskinstance.py:2614} INFO - Dependencies all met for dep_context=non-requeueable deps ti=<TaskInstance: beer_data_processing.create_fact_table manual__2025-04-10T10:09:57.158680+00:00 [queued]>
[2025-04-10T10:13:17.061+0000] {taskinstance.py:2614} INFO - Dependencies all met for dep_context=requeueable deps ti=<TaskInstance: beer_data_processing.create_fact_table manual__2025-04-10T10:09:57.158680+00:00 [queued]>
[2025-04-10T10:13:17.062+0000] {taskinstance.py:2867} INFO - Starting attempt 1 of 6
[2025-04-10T10:13:17.163+0000] {taskinstance.py:2890} INFO - Executing <Task(PythonOperator): create_fact_table> on 2025-04-10 10:09:57.158680+00:00
[2025-04-10T10:13:17.246+0000] {logging_mixin.py:190} WARNING - /home/***/.local/lib/python3.12/site-packages/***/task/task_runner/standard_task_runner.py:70 DeprecationWarning: This process (pid=29800) is multi-threaded, use of fork() may lead to deadlocks in the child.
[2025-04-10T10:13:17.245+0000] {standard_task_runner.py:104} INFO - Running: ['***', 'tasks', 'run', 'beer_data_processing', 'create_fact_table', 'manual__2025-04-10T10:09:57.158680+00:00', '--job-id', '210', '--raw', '--subdir', 'DAGS_FOLDER/beer_data_processing_dag.py', '--cfg-path', '/tmp/tmpjw9bzvs3']
[2025-04-10T10:13:17.252+0000] {standard_task_runner.py:72} INFO - Started process 29940 to run task
[2025-04-10T10:13:17.253+0000] {standard_task_runner.py:105} INFO - Job 210: Subtask create_fact_table
[2025-04-10T10:13:17.413+0000] {task_command.py:467} INFO - Running <TaskInstance: beer_data_processing.create_fact_table manual__2025-04-10T10:09:57.158680+00:00 [running]> on host abcc0ba2292b
[2025-04-10T10:13:17.680+0000] {taskinstance.py:3134} INFO - Exporting env vars: AIRFLOW_CTX_DAG_OWNER='***' AIRFLOW_CTX_DAG_ID='beer_data_processing' AIRFLOW_CTX_TASK_ID='create_fact_table' AIRFLOW_CTX_EXECUTION_DATE='2025-04-10T10:09:57.158680+00:00' AIRFLOW_CTX_TRY_NUMBER='1' AIRFLOW_CTX_DAG_RUN_ID='manual__2025-04-10T10:09:57.158680+00:00'
[2025-04-10T10:13:17.684+0000] {logging_mixin.py:190} INFO - Task instance is in running state
[2025-04-10T10:13:17.687+0000] {logging_mixin.py:190} INFO -  Previous state of the Task instance: queued
[2025-04-10T10:13:17.689+0000] {logging_mixin.py:190} INFO - Current task name:create_fact_table state:running start_date:2025-04-10 10:13:17.007667+00:00
[2025-04-10T10:13:17.690+0000] {logging_mixin.py:190} INFO - Dag name:beer_data_processing and current dag run status:running
[2025-04-10T10:13:17.692+0000] {taskinstance.py:732} INFO - ::endgroup::
[2025-04-10T10:13:17.876+0000] {logging_mixin.py:190} WARNING - /opt/***/dags/beer_data_processing_dag.py:190 FutureWarning: Passing literal json to 'read_json' is deprecated and will be removed in a future version. To read from a literal string, wrap it in a 'StringIO' object.
[2025-04-10T10:13:18.223+0000] {base.py:84} INFO - Retrieving connection 'postgres_conn'
[2025-04-10T10:13:24.585+0000] {logging_mixin.py:190} INFO - Створено факт-таблицю з 3197 записами
[2025-04-10T10:13:24.590+0000] {python.py:240} INFO - Done. Returned value was: True
[2025-04-10T10:13:24.664+0000] {taskinstance.py:341} INFO - ::group::Post task execution logs
[2025-04-10T10:13:24.668+0000] {taskinstance.py:353} INFO - Marking task as SUCCESS. dag_id=beer_data_processing, task_id=create_fact_table, run_id=manual__2025-04-10T10:09:57.158680+00:00, execution_date=20250410T100957, start_date=20250410T101317, end_date=20250410T101324
[2025-04-10T10:13:24.725+0000] {logging_mixin.py:190} INFO - Task instance in success state
[2025-04-10T10:13:24.727+0000] {logging_mixin.py:190} INFO -  Previous state of the Task instance: running
[2025-04-10T10:13:24.729+0000] {logging_mixin.py:190} INFO - Dag name:beer_data_processing queued_at:2025-04-10 10:09:57.474780+00:00
[2025-04-10T10:13:24.730+0000] {logging_mixin.py:190} INFO - Task hostname:abcc0ba2292b operator:PythonOperator
[2025-04-10T10:13:24.775+0000] {local_task_job_runner.py:266} INFO - Task exited with return code 0
[2025-04-10T10:13:24.813+0000] {taskinstance.py:3901} INFO - 0 downstream tasks scheduled from follow-on schedule check
[2025-04-10T10:13:24.851+0000] {local_task_job_runner.py:245} INFO - ::endgroup::
