[2025-04-10T09:13:40.151+0000] {local_task_job_runner.py:123} INFO - ::group::Pre task execution logs
[2025-04-10T09:13:40.210+0000] {taskinstance.py:2614} INFO - Dependencies all met for dep_context=non-requeueable deps ti=<TaskInstance: beer_data_processing.create_dim_style manual__2025-04-10T09:12:13.608268+00:00 [queued]>
[2025-04-10T09:13:40.252+0000] {taskinstance.py:2614} INFO - Dependencies all met for dep_context=requeueable deps ti=<TaskInstance: beer_data_processing.create_dim_style manual__2025-04-10T09:12:13.608268+00:00 [queued]>
[2025-04-10T09:13:40.254+0000] {taskinstance.py:2867} INFO - Starting attempt 1 of 6
[2025-04-10T09:13:40.299+0000] {taskinstance.py:2890} INFO - Executing <Task(PythonOperator): create_dim_style> on 2025-04-10 09:12:13.608268+00:00
[2025-04-10T09:13:40.336+0000] {standard_task_runner.py:104} INFO - Running: ['***', 'tasks', 'run', 'beer_data_processing', 'create_dim_style', 'manual__2025-04-10T09:12:13.608268+00:00', '--job-id', '148', '--raw', '--subdir', 'DAGS_FOLDER/beer_data_processing_dag.py', '--cfg-path', '/tmp/tmpdtybm054']
[2025-04-10T09:13:40.347+0000] {standard_task_runner.py:105} INFO - Job 148: Subtask create_dim_style
[2025-04-10T09:13:40.351+0000] {logging_mixin.py:190} WARNING - /home/***/.local/lib/python3.12/site-packages/***/task/task_runner/standard_task_runner.py:70 DeprecationWarning: This process (pid=7911) is multi-threaded, use of fork() may lead to deadlocks in the child.
[2025-04-10T09:13:40.355+0000] {standard_task_runner.py:72} INFO - Started process 7994 to run task
[2025-04-10T09:13:40.576+0000] {task_command.py:467} INFO - Running <TaskInstance: beer_data_processing.create_dim_style manual__2025-04-10T09:12:13.608268+00:00 [running]> on host abcc0ba2292b
[2025-04-10T09:13:41.081+0000] {taskinstance.py:3134} INFO - Exporting env vars: AIRFLOW_CTX_DAG_OWNER='***' AIRFLOW_CTX_DAG_ID='beer_data_processing' AIRFLOW_CTX_TASK_ID='create_dim_style' AIRFLOW_CTX_EXECUTION_DATE='2025-04-10T09:12:13.608268+00:00' AIRFLOW_CTX_TRY_NUMBER='1' AIRFLOW_CTX_DAG_RUN_ID='manual__2025-04-10T09:12:13.608268+00:00'
[2025-04-10T09:13:41.094+0000] {logging_mixin.py:190} INFO - Task instance is in running state
[2025-04-10T09:13:41.097+0000] {logging_mixin.py:190} INFO -  Previous state of the Task instance: queued
[2025-04-10T09:13:41.099+0000] {logging_mixin.py:190} INFO - Current task name:create_dim_style state:running start_date:2025-04-10 09:13:40.212073+00:00
[2025-04-10T09:13:41.103+0000] {logging_mixin.py:190} INFO - Dag name:beer_data_processing and current dag run status:running
[2025-04-10T09:13:41.106+0000] {taskinstance.py:732} INFO - ::endgroup::
[2025-04-10T09:13:41.597+0000] {logging_mixin.py:190} WARNING - /opt/***/dags/beer_data_processing_dag.py:108 FutureWarning: Passing literal json to 'read_json' is deprecated and will be removed in a future version. To read from a literal string, wrap it in a 'StringIO' object.
[2025-04-10T09:13:43.873+0000] {base.py:84} INFO - Retrieving connection 'postgres_conn'
[2025-04-10T09:13:46.382+0000] {logging_mixin.py:190} INFO - Створено датасет dim_style з 111 записами
[2025-04-10T09:13:46.385+0000] {python.py:240} INFO - Done. Returned value was: True
[2025-04-10T09:13:46.421+0000] {taskinstance.py:341} INFO - ::group::Post task execution logs
[2025-04-10T09:13:46.423+0000] {taskinstance.py:353} INFO - Marking task as SUCCESS. dag_id=beer_data_processing, task_id=create_dim_style, run_id=manual__2025-04-10T09:12:13.608268+00:00, execution_date=20250410T091213, start_date=20250410T091340, end_date=20250410T091346
[2025-04-10T09:13:46.469+0000] {logging_mixin.py:190} INFO - Task instance in success state
[2025-04-10T09:13:46.471+0000] {logging_mixin.py:190} INFO -  Previous state of the Task instance: running
[2025-04-10T09:13:46.473+0000] {logging_mixin.py:190} INFO - Dag name:beer_data_processing queued_at:2025-04-10 09:12:13.670049+00:00
[2025-04-10T09:13:46.474+0000] {logging_mixin.py:190} INFO - Task hostname:abcc0ba2292b operator:PythonOperator
[2025-04-10T09:13:46.533+0000] {local_task_job_runner.py:266} INFO - Task exited with return code 0
[2025-04-10T09:13:46.568+0000] {taskinstance.py:3901} INFO - 0 downstream tasks scheduled from follow-on schedule check
[2025-04-10T09:13:46.573+0000] {local_task_job_runner.py:245} INFO - ::endgroup::
