[2025-04-16T13:30:09.144+0000] {local_task_job_runner.py:123} INFO - ::group::Pre task execution logs
[2025-04-16T13:30:09.303+0000] {taskinstance.py:2614} INFO - Dependencies all met for dep_context=non-requeueable deps ti=<TaskInstance: beer_data_processing.load_and_process_data manual__2025-04-16T13:28:46.724350+00:00 [queued]>
[2025-04-16T13:30:09.372+0000] {taskinstance.py:2614} INFO - Dependencies all met for dep_context=requeueable deps ti=<TaskInstance: beer_data_processing.load_and_process_data manual__2025-04-16T13:28:46.724350+00:00 [queued]>
[2025-04-16T13:30:09.375+0000] {taskinstance.py:2867} INFO - Starting attempt 1 of 6
[2025-04-16T13:30:09.499+0000] {taskinstance.py:2890} INFO - Executing <Task(PythonOperator): load_and_process_data> on 2025-04-16 13:28:46.724350+00:00
[2025-04-16T13:30:09.841+0000] {logging_mixin.py:190} WARNING - /home/***/.local/lib/python3.12/site-packages/***/task/task_runner/standard_task_runner.py:70 DeprecationWarning: This process (pid=15656) is multi-threaded, use of fork() may lead to deadlocks in the child.
[2025-04-16T13:30:09.841+0000] {standard_task_runner.py:104} INFO - Running: ['***', 'tasks', 'run', 'beer_data_processing', 'load_and_process_data', 'manual__2025-04-16T13:28:46.724350+00:00', '--job-id', '467', '--raw', '--subdir', 'DAGS_FOLDER/beer_data_processing_dag.py', '--cfg-path', '/tmp/tmp68rkulx8']
[2025-04-16T13:30:09.868+0000] {standard_task_runner.py:105} INFO - Job 467: Subtask load_and_process_data
[2025-04-16T13:30:09.868+0000] {standard_task_runner.py:72} INFO - Started process 15884 to run task
[2025-04-16T13:30:10.833+0000] {task_command.py:467} INFO - Running <TaskInstance: beer_data_processing.load_and_process_data manual__2025-04-16T13:28:46.724350+00:00 [running]> on host 3e53738720c8
[2025-04-16T13:30:12.023+0000] {taskinstance.py:3134} INFO - Exporting env vars: AIRFLOW_CTX_DAG_OWNER='***' AIRFLOW_CTX_DAG_ID='beer_data_processing' AIRFLOW_CTX_TASK_ID='load_and_process_data' AIRFLOW_CTX_EXECUTION_DATE='2025-04-16T13:28:46.724350+00:00' AIRFLOW_CTX_TRY_NUMBER='1' AIRFLOW_CTX_DAG_RUN_ID='manual__2025-04-16T13:28:46.724350+00:00'
[2025-04-16T13:30:12.027+0000] {logging_mixin.py:190} INFO - Task instance is in running state
[2025-04-16T13:30:12.028+0000] {logging_mixin.py:190} INFO -  Previous state of the Task instance: queued
[2025-04-16T13:30:12.029+0000] {logging_mixin.py:190} INFO - Current task name:load_and_process_data state:running start_date:2025-04-16 13:30:09.306149+00:00
[2025-04-16T13:30:12.030+0000] {logging_mixin.py:190} INFO - Dag name:beer_data_processing and current dag run status:running
[2025-04-16T13:30:12.031+0000] {taskinstance.py:732} INFO - ::endgroup::
[2025-04-16T13:30:12.503+0000] {logging_mixin.py:190} INFO - Завантажено 3197 записів з CSV файлу
[2025-04-16T13:30:12.510+0000] {python.py:240} INFO - Done. Returned value was: True
[2025-04-16T13:30:12.574+0000] {taskinstance.py:341} INFO - ::group::Post task execution logs
[2025-04-16T13:30:12.576+0000] {taskinstance.py:353} INFO - Marking task as SUCCESS. dag_id=beer_data_processing, task_id=load_and_process_data, run_id=manual__2025-04-16T13:28:46.724350+00:00, execution_date=20250416T132846, start_date=20250416T133009, end_date=20250416T133012
[2025-04-16T13:30:12.700+0000] {logging_mixin.py:190} INFO - Task instance in success state
[2025-04-16T13:30:12.702+0000] {logging_mixin.py:190} INFO -  Previous state of the Task instance: running
[2025-04-16T13:30:12.703+0000] {logging_mixin.py:190} INFO - Dag name:beer_data_processing queued_at:2025-04-16 13:28:47.076796+00:00
[2025-04-16T13:30:12.705+0000] {logging_mixin.py:190} INFO - Task hostname:3e53738720c8 operator:PythonOperator
[2025-04-16T13:30:12.788+0000] {local_task_job_runner.py:266} INFO - Task exited with return code 0
[2025-04-16T13:30:12.952+0000] {taskinstance.py:3901} INFO - 7 downstream tasks scheduled from follow-on schedule check
[2025-04-16T13:30:12.958+0000] {local_task_job_runner.py:245} INFO - ::endgroup::
