[2025-04-16T22:02:17.371+0000] {local_task_job_runner.py:123} INFO - ::group::Pre task execution logs
[2025-04-16T22:02:17.635+0000] {taskinstance.py:2614} INFO - Dependencies all met for dep_context=non-requeueable deps ti=<TaskInstance: beer_data_processing.process_min_max scheduled__2025-04-16T21:00:00+00:00 [queued]>
[2025-04-16T22:02:17.715+0000] {taskinstance.py:2614} INFO - Dependencies all met for dep_context=requeueable deps ti=<TaskInstance: beer_data_processing.process_min_max scheduled__2025-04-16T21:00:00+00:00 [queued]>
[2025-04-16T22:02:17.719+0000] {taskinstance.py:2867} INFO - Starting attempt 1 of 6
[2025-04-16T22:02:17.860+0000] {taskinstance.py:2890} INFO - Executing <Task(PythonOperator): process_min_max> on 2025-04-16 21:00:00+00:00
[2025-04-16T22:02:17.992+0000] {logging_mixin.py:190} WARNING - /home/***/.local/lib/python3.12/site-packages/***/task/task_runner/standard_task_runner.py:70 DeprecationWarning: This process (pid=14112) is multi-threaded, use of fork() may lead to deadlocks in the child.
[2025-04-16T22:02:18.007+0000] {standard_task_runner.py:72} INFO - Started process 14236 to run task
[2025-04-16T22:02:17.980+0000] {standard_task_runner.py:104} INFO - Running: ['***', 'tasks', 'run', 'beer_data_processing', 'process_min_max', 'scheduled__2025-04-16T21:00:00+00:00', '--job-id', '847', '--raw', '--subdir', 'DAGS_FOLDER/beer_data_processing_dag.py', '--cfg-path', '/tmp/tmp8ikoitgz']
[2025-04-16T22:02:18.011+0000] {standard_task_runner.py:105} INFO - Job 847: Subtask process_min_max
[2025-04-16T22:02:18.263+0000] {task_command.py:467} INFO - Running <TaskInstance: beer_data_processing.process_min_max scheduled__2025-04-16T21:00:00+00:00 [running]> on host a0d0456bae2c
[2025-04-16T22:02:19.415+0000] {taskinstance.py:3134} INFO - Exporting env vars: AIRFLOW_CTX_DAG_OWNER='***' AIRFLOW_CTX_DAG_ID='beer_data_processing' AIRFLOW_CTX_TASK_ID='process_min_max' AIRFLOW_CTX_EXECUTION_DATE='2025-04-16T21:00:00+00:00' AIRFLOW_CTX_TRY_NUMBER='1' AIRFLOW_CTX_DAG_RUN_ID='scheduled__2025-04-16T21:00:00+00:00'
[2025-04-16T22:02:19.420+0000] {logging_mixin.py:190} INFO - Task instance is in running state
[2025-04-16T22:02:19.422+0000] {logging_mixin.py:190} INFO -  Previous state of the Task instance: queued
[2025-04-16T22:02:19.424+0000] {logging_mixin.py:190} INFO - Current task name:process_min_max state:running start_date:2025-04-16 22:02:17.648010+00:00
[2025-04-16T22:02:19.426+0000] {logging_mixin.py:190} INFO - Dag name:beer_data_processing and current dag run status:running
[2025-04-16T22:02:19.429+0000] {taskinstance.py:732} INFO - ::endgroup::
[2025-04-16T22:02:20.016+0000] {python.py:240} INFO - Done. Returned value was: True
[2025-04-16T22:02:20.125+0000] {taskinstance.py:341} INFO - ::group::Post task execution logs
[2025-04-16T22:02:20.127+0000] {taskinstance.py:353} INFO - Marking task as SUCCESS. dag_id=beer_data_processing, task_id=process_min_max, run_id=scheduled__2025-04-16T21:00:00+00:00, execution_date=20250416T210000, start_date=20250416T220217, end_date=20250416T220220
[2025-04-16T22:02:20.204+0000] {logging_mixin.py:190} INFO - Task instance in success state
[2025-04-16T22:02:20.207+0000] {logging_mixin.py:190} INFO -  Previous state of the Task instance: running
[2025-04-16T22:02:20.209+0000] {logging_mixin.py:190} INFO - Dag name:beer_data_processing queued_at:2025-04-16 22:01:46.907373+00:00
[2025-04-16T22:02:20.211+0000] {logging_mixin.py:190} INFO - Task hostname:a0d0456bae2c operator:PythonOperator
[2025-04-16T22:02:20.263+0000] {local_task_job_runner.py:266} INFO - Task exited with return code 0
[2025-04-16T22:02:20.336+0000] {taskinstance.py:3901} INFO - 0 downstream tasks scheduled from follow-on schedule check
[2025-04-16T22:02:20.340+0000] {local_task_job_runner.py:245} INFO - ::endgroup::
