[2025-04-16T20:00:38.288+0000] {local_task_job_runner.py:123} INFO - ::group::Pre task execution logs
[2025-04-16T20:00:38.338+0000] {taskinstance.py:2614} INFO - Dependencies all met for dep_context=non-requeueable deps ti=<TaskInstance: beer_data_processing.create_dim_brewery scheduled__2025-04-16T19:00:00+00:00 [queued]>
[2025-04-16T20:00:38.369+0000] {taskinstance.py:2614} INFO - Dependencies all met for dep_context=requeueable deps ti=<TaskInstance: beer_data_processing.create_dim_brewery scheduled__2025-04-16T19:00:00+00:00 [queued]>
[2025-04-16T20:00:38.370+0000] {taskinstance.py:2867} INFO - Starting attempt 1 of 6
[2025-04-16T20:00:38.400+0000] {taskinstance.py:2890} INFO - Executing <Task(PythonOperator): create_dim_brewery> on 2025-04-16 19:00:00+00:00
[2025-04-16T20:00:38.427+0000] {logging_mixin.py:190} WARNING - /home/***/.local/lib/python3.12/site-packages/***/task/task_runner/standard_task_runner.py:70 DeprecationWarning: This process (pid=18170) is multi-threaded, use of fork() may lead to deadlocks in the child.
[2025-04-16T20:00:38.426+0000] {standard_task_runner.py:104} INFO - Running: ['***', 'tasks', 'run', 'beer_data_processing', 'create_dim_brewery', 'scheduled__2025-04-16T19:00:00+00:00', '--job-id', '768', '--raw', '--subdir', 'DAGS_FOLDER/beer_data_processing_dag.py', '--cfg-path', '/tmp/tmp67jjr7yz']
[2025-04-16T20:00:38.430+0000] {standard_task_runner.py:72} INFO - Started process 18338 to run task
[2025-04-16T20:00:38.431+0000] {standard_task_runner.py:105} INFO - Job 768: Subtask create_dim_brewery
[2025-04-16T20:00:38.582+0000] {task_command.py:467} INFO - Running <TaskInstance: beer_data_processing.create_dim_brewery scheduled__2025-04-16T19:00:00+00:00 [running]> on host 3e53738720c8
[2025-04-16T20:00:38.764+0000] {taskinstance.py:3134} INFO - Exporting env vars: AIRFLOW_CTX_DAG_OWNER='***' AIRFLOW_CTX_DAG_ID='beer_data_processing' AIRFLOW_CTX_TASK_ID='create_dim_brewery' AIRFLOW_CTX_EXECUTION_DATE='2025-04-16T19:00:00+00:00' AIRFLOW_CTX_TRY_NUMBER='1' AIRFLOW_CTX_DAG_RUN_ID='scheduled__2025-04-16T19:00:00+00:00'
[2025-04-16T20:00:38.767+0000] {logging_mixin.py:190} INFO - Task instance is in running state
[2025-04-16T20:00:38.769+0000] {logging_mixin.py:190} INFO -  Previous state of the Task instance: queued
[2025-04-16T20:00:38.771+0000] {logging_mixin.py:190} INFO - Current task name:create_dim_brewery state:running start_date:2025-04-16 20:00:38.340167+00:00
[2025-04-16T20:00:38.772+0000] {logging_mixin.py:190} INFO - Dag name:beer_data_processing and current dag run status:running
[2025-04-16T20:00:38.772+0000] {taskinstance.py:732} INFO - ::endgroup::
[2025-04-16T20:00:39.003+0000] {base.py:84} INFO - Retrieving connection 'postgres_conn'
[2025-04-16T20:00:39.612+0000] {logging_mixin.py:190} INFO - Створено датасет dim_brewery з 935 записами
[2025-04-16T20:00:39.614+0000] {python.py:240} INFO - Done. Returned value was: True
[2025-04-16T20:00:39.653+0000] {taskinstance.py:341} INFO - ::group::Post task execution logs
[2025-04-16T20:00:39.654+0000] {taskinstance.py:353} INFO - Marking task as SUCCESS. dag_id=beer_data_processing, task_id=create_dim_brewery, run_id=scheduled__2025-04-16T19:00:00+00:00, execution_date=20250416T190000, start_date=20250416T200038, end_date=20250416T200039
[2025-04-16T20:00:39.709+0000] {logging_mixin.py:190} INFO - Task instance in success state
[2025-04-16T20:00:39.710+0000] {logging_mixin.py:190} INFO -  Previous state of the Task instance: running
[2025-04-16T20:00:39.711+0000] {logging_mixin.py:190} INFO - Dag name:beer_data_processing queued_at:2025-04-16 20:00:00.108549+00:00
[2025-04-16T20:00:39.713+0000] {logging_mixin.py:190} INFO - Task hostname:3e53738720c8 operator:PythonOperator
[2025-04-16T20:00:39.776+0000] {local_task_job_runner.py:266} INFO - Task exited with return code 0
[2025-04-16T20:00:39.831+0000] {taskinstance.py:3901} INFO - 0 downstream tasks scheduled from follow-on schedule check
[2025-04-16T20:00:39.835+0000] {local_task_job_runner.py:245} INFO - ::endgroup::
