[2025-04-16T13:04:39.678+0000] {local_task_job_runner.py:123} INFO - ::group::Pre task execution logs
[2025-04-16T13:04:39.968+0000] {taskinstance.py:2614} INFO - Dependencies all met for dep_context=non-requeueable deps ti=<TaskInstance: beer_data_processing.process_min_max scheduled__2025-04-12T00:00:00+00:00 [queued]>
[2025-04-16T13:04:40.087+0000] {taskinstance.py:2614} INFO - Dependencies all met for dep_context=requeueable deps ti=<TaskInstance: beer_data_processing.process_min_max scheduled__2025-04-12T00:00:00+00:00 [queued]>
[2025-04-16T13:04:40.094+0000] {taskinstance.py:2867} INFO - Starting attempt 1 of 6
[2025-04-16T13:04:40.230+0000] {taskinstance.py:2890} INFO - Executing <Task(PythonOperator): process_min_max> on 2025-04-12 00:00:00+00:00
[2025-04-16T13:04:40.420+0000] {standard_task_runner.py:104} INFO - Running: ['***', 'tasks', 'run', 'beer_data_processing', 'process_min_max', 'scheduled__2025-04-12T00:00:00+00:00', '--job-id', '406', '--raw', '--subdir', 'DAGS_FOLDER/beer_data_processing_dag.py', '--cfg-path', '/tmp/tmplh2p1f5w']
[2025-04-16T13:04:40.444+0000] {standard_task_runner.py:105} INFO - Job 406: Subtask process_min_max
[2025-04-16T13:04:40.523+0000] {logging_mixin.py:190} WARNING - /home/***/.local/lib/python3.12/site-packages/***/task/task_runner/standard_task_runner.py:70 DeprecationWarning: This process (pid=2970) is multi-threaded, use of fork() may lead to deadlocks in the child.
[2025-04-16T13:04:40.526+0000] {standard_task_runner.py:72} INFO - Started process 3314 to run task
[2025-04-16T13:04:40.844+0000] {task_command.py:467} INFO - Running <TaskInstance: beer_data_processing.process_min_max scheduled__2025-04-12T00:00:00+00:00 [running]> on host 3e53738720c8
[2025-04-16T13:04:41.618+0000] {taskinstance.py:3134} INFO - Exporting env vars: AIRFLOW_CTX_DAG_OWNER='***' AIRFLOW_CTX_DAG_ID='beer_data_processing' AIRFLOW_CTX_TASK_ID='process_min_max' AIRFLOW_CTX_EXECUTION_DATE='2025-04-12T00:00:00+00:00' AIRFLOW_CTX_TRY_NUMBER='1' AIRFLOW_CTX_DAG_RUN_ID='scheduled__2025-04-12T00:00:00+00:00'
[2025-04-16T13:04:41.679+0000] {logging_mixin.py:190} INFO - Task instance is in running state
[2025-04-16T13:04:41.680+0000] {logging_mixin.py:190} INFO -  Previous state of the Task instance: queued
[2025-04-16T13:04:41.682+0000] {logging_mixin.py:190} INFO - Current task name:process_min_max state:running start_date:2025-04-16 13:04:40.001797+00:00
[2025-04-16T13:04:41.684+0000] {logging_mixin.py:190} INFO - Dag name:beer_data_processing and current dag run status:running
[2025-04-16T13:04:41.685+0000] {taskinstance.py:732} INFO - ::endgroup::
[2025-04-16T13:04:43.943+0000] {python.py:240} INFO - Done. Returned value was: True
[2025-04-16T13:04:45.296+0000] {taskinstance.py:341} INFO - ::group::Post task execution logs
[2025-04-16T13:04:45.314+0000] {taskinstance.py:353} INFO - Marking task as SUCCESS. dag_id=beer_data_processing, task_id=process_min_max, run_id=scheduled__2025-04-12T00:00:00+00:00, execution_date=20250412T000000, start_date=20250416T130440, end_date=20250416T130445
[2025-04-16T13:04:46.286+0000] {logging_mixin.py:190} INFO - Task instance in success state
[2025-04-16T13:04:46.373+0000] {logging_mixin.py:190} INFO -  Previous state of the Task instance: running
[2025-04-16T13:04:46.391+0000] {logging_mixin.py:190} INFO - Dag name:beer_data_processing queued_at:2025-04-16 12:41:29.848920+00:00
[2025-04-16T13:04:46.419+0000] {logging_mixin.py:190} INFO - Task hostname:3e53738720c8 operator:PythonOperator
[2025-04-16T13:04:48.571+0000] {local_task_job_runner.py:266} INFO - Task exited with return code 0
[2025-04-16T13:04:50.066+0000] {taskinstance.py:3901} INFO - 0 downstream tasks scheduled from follow-on schedule check
[2025-04-16T13:04:50.139+0000] {local_task_job_runner.py:245} INFO - ::endgroup::
[2025-04-16T13:04:50.607+0000] {standard_task_runner.py:217} INFO - Process not found (most likely exited), stop collecting metrics
