[2025-04-17T11:50:18.779+0000] {local_task_job_runner.py:123} INFO - ::group::Pre task execution logs
[2025-04-17T11:50:21.873+0000] {taskinstance.py:2614} INFO - Dependencies all met for dep_context=non-requeueable deps ti=<TaskInstance: beer_data_processing.check_file_exists scheduled__2025-04-17T09:00:00+00:00 [queued]>
[2025-04-17T11:50:24.379+0000] {taskinstance.py:2614} INFO - Dependencies all met for dep_context=requeueable deps ti=<TaskInstance: beer_data_processing.check_file_exists scheduled__2025-04-17T09:00:00+00:00 [queued]>
[2025-04-17T11:50:24.384+0000] {taskinstance.py:2867} INFO - Starting attempt 1 of 6
[2025-04-17T11:50:24.722+0000] {taskinstance.py:2890} INFO - Executing <Task(FileSensor): check_file_exists> on 2025-04-17 09:00:00+00:00
[2025-04-17T11:50:25.175+0000] {logging_mixin.py:190} WARNING - /home/***/.local/lib/python3.12/site-packages/***/task/task_runner/standard_task_runner.py:70 DeprecationWarning: This process (pid=39557) is multi-threaded, use of fork() may lead to deadlocks in the child.
[2025-04-17T11:50:25.185+0000] {standard_task_runner.py:72} INFO - Started process 40028 to run task
[2025-04-17T11:50:25.422+0000] {standard_task_runner.py:104} INFO - Running: ['***', 'tasks', 'run', 'beer_data_processing', 'check_file_exists', 'scheduled__2025-04-17T09:00:00+00:00', '--job-id', '895', '--raw', '--subdir', 'DAGS_FOLDER/beer_data_processing_dag.py', '--cfg-path', '/tmp/tmppqew_ytr']
[2025-04-17T11:50:25.430+0000] {standard_task_runner.py:105} INFO - Job 895: Subtask check_file_exists
[2025-04-17T11:50:27.848+0000] {task_command.py:467} INFO - Running <TaskInstance: beer_data_processing.check_file_exists scheduled__2025-04-17T09:00:00+00:00 [running]> on host a0d0456bae2c
[2025-04-17T11:50:39.220+0000] {job.py:229} INFO - Heartbeat recovered after 22.59 seconds
[2025-04-17T11:50:41.524+0000] {taskinstance.py:3134} INFO - Exporting env vars: AIRFLOW_CTX_DAG_OWNER='***' AIRFLOW_CTX_DAG_ID='beer_data_processing' AIRFLOW_CTX_TASK_ID='check_file_exists' AIRFLOW_CTX_EXECUTION_DATE='2025-04-17T09:00:00+00:00' AIRFLOW_CTX_TRY_NUMBER='1' AIRFLOW_CTX_DAG_RUN_ID='scheduled__2025-04-17T09:00:00+00:00'
[2025-04-17T11:50:41.588+0000] {logging_mixin.py:190} INFO - Task instance is in running state
[2025-04-17T11:50:41.618+0000] {logging_mixin.py:190} INFO -  Previous state of the Task instance: queued
[2025-04-17T11:50:41.626+0000] {logging_mixin.py:190} INFO - Current task name:check_file_exists state:running start_date:2025-04-17 11:50:21.874969+00:00
[2025-04-17T11:50:41.636+0000] {logging_mixin.py:190} INFO - Dag name:beer_data_processing and current dag run status:running
[2025-04-17T11:50:41.667+0000] {taskinstance.py:732} INFO - ::endgroup::
[2025-04-17T11:50:41.683+0000] {baseoperator.py:423} WARNING - FileSensor.execute cannot be called outside TaskInstance!
[2025-04-17T11:50:41.872+0000] {base.py:84} INFO - Retrieving connection 'dataset_folder'
[2025-04-17T11:50:41.877+0000] {filesystem.py:109} INFO - Poking for file /opt/***/dags/data/beer_profile_and_ratings.csv
[2025-04-17T11:50:41.935+0000] {filesystem.py:113} INFO - Found File /opt/***/dags/data/beer_profile_and_ratings.csv last modified: 20250416145823
[2025-04-17T11:50:41.937+0000] {base.py:339} INFO - Success criteria met. Exiting.
[2025-04-17T11:50:41.939+0000] {filesystem.py:109} INFO - Poking for file /opt/***/dags/data/beer_profile_and_ratings.csv
[2025-04-17T11:50:41.970+0000] {filesystem.py:113} INFO - Found File /opt/***/dags/data/beer_profile_and_ratings.csv last modified: 20250416145823
[2025-04-17T11:50:42.100+0000] {taskinstance.py:341} INFO - ::group::Post task execution logs
[2025-04-17T11:50:42.117+0000] {taskinstance.py:353} INFO - Marking task as SUCCESS. dag_id=beer_data_processing, task_id=check_file_exists, run_id=scheduled__2025-04-17T09:00:00+00:00, execution_date=20250417T090000, start_date=20250417T115021, end_date=20250417T115042
[2025-04-17T11:50:42.464+0000] {logging_mixin.py:190} INFO - Task instance in success state
[2025-04-17T11:50:42.468+0000] {logging_mixin.py:190} INFO -  Previous state of the Task instance: running
[2025-04-17T11:50:42.473+0000] {logging_mixin.py:190} INFO - Dag name:beer_data_processing queued_at:2025-04-17 11:36:15.873430+00:00
[2025-04-17T11:50:42.480+0000] {logging_mixin.py:190} INFO - Task hostname:a0d0456bae2c operator:FileSensor
[2025-04-17T11:50:42.680+0000] {local_task_job_runner.py:266} INFO - Task exited with return code 0
[2025-04-17T12:01:05.483+0000] {standard_task_runner.py:217} INFO - Process not found (most likely exited), stop collecting metrics
[2025-04-17T12:01:08.458+0000] {taskinstance.py:3901} INFO - 1 downstream tasks scheduled from follow-on schedule check
[2025-04-17T12:01:08.606+0000] {local_task_job_runner.py:245} INFO - ::endgroup::
