[2025-04-10T10:22:38.024+0000] {local_task_job_runner.py:123} INFO - ::group::Pre task execution logs
[2025-04-10T10:22:38.423+0000] {taskinstance.py:2614} INFO - Dependencies all met for dep_context=non-requeueable deps ti=<TaskInstance: beer_data_processing.create_fact_table manual__2025-04-10T10:21:09.831883+00:00 [queued]>
[2025-04-10T10:22:38.552+0000] {taskinstance.py:2614} INFO - Dependencies all met for dep_context=requeueable deps ti=<TaskInstance: beer_data_processing.create_fact_table manual__2025-04-10T10:21:09.831883+00:00 [queued]>
[2025-04-10T10:22:38.559+0000] {taskinstance.py:2867} INFO - Starting attempt 1 of 6
[2025-04-10T10:22:38.736+0000] {taskinstance.py:2890} INFO - Executing <Task(PythonOperator): create_fact_table> on 2025-04-10 10:21:09.831883+00:00
[2025-04-10T10:22:39.038+0000] {logging_mixin.py:190} WARNING - /home/***/.local/lib/python3.12/site-packages/***/task/task_runner/standard_task_runner.py:70 DeprecationWarning: This process (pid=33369) is multi-threaded, use of fork() may lead to deadlocks in the child.
[2025-04-10T10:22:39.029+0000] {standard_task_runner.py:104} INFO - Running: ['***', 'tasks', 'run', 'beer_data_processing', 'create_fact_table', 'manual__2025-04-10T10:21:09.831883+00:00', '--job-id', '224', '--raw', '--subdir', 'DAGS_FOLDER/beer_data_processing_dag.py', '--cfg-path', '/tmp/tmptc75vkb0']
[2025-04-10T10:22:39.048+0000] {standard_task_runner.py:72} INFO - Started process 33492 to run task
[2025-04-10T10:22:39.052+0000] {standard_task_runner.py:105} INFO - Job 224: Subtask create_fact_table
[2025-04-10T10:22:39.343+0000] {task_command.py:467} INFO - Running <TaskInstance: beer_data_processing.create_fact_table manual__2025-04-10T10:21:09.831883+00:00 [running]> on host abcc0ba2292b
[2025-04-10T10:22:39.918+0000] {taskinstance.py:3134} INFO - Exporting env vars: AIRFLOW_CTX_DAG_OWNER='***' AIRFLOW_CTX_DAG_ID='beer_data_processing' AIRFLOW_CTX_TASK_ID='create_fact_table' AIRFLOW_CTX_EXECUTION_DATE='2025-04-10T10:21:09.831883+00:00' AIRFLOW_CTX_TRY_NUMBER='1' AIRFLOW_CTX_DAG_RUN_ID='manual__2025-04-10T10:21:09.831883+00:00'
[2025-04-10T10:22:39.947+0000] {logging_mixin.py:190} INFO - Task instance is in running state
[2025-04-10T10:22:39.952+0000] {logging_mixin.py:190} INFO -  Previous state of the Task instance: queued
[2025-04-10T10:22:39.957+0000] {logging_mixin.py:190} INFO - Current task name:create_fact_table state:running start_date:2025-04-10 10:22:38.437018+00:00
[2025-04-10T10:22:39.962+0000] {logging_mixin.py:190} INFO - Dag name:beer_data_processing and current dag run status:running
[2025-04-10T10:22:39.969+0000] {taskinstance.py:732} INFO - ::endgroup::
[2025-04-10T10:22:40.302+0000] {logging_mixin.py:190} WARNING - /opt/***/dags/beer_data_processing_dag.py:190 FutureWarning: Passing literal json to 'read_json' is deprecated and will be removed in a future version. To read from a literal string, wrap it in a 'StringIO' object.
[2025-04-10T10:22:41.310+0000] {base.py:84} INFO - Retrieving connection 'postgres_conn'
[2025-04-10T10:22:46.878+0000] {logging_mixin.py:190} INFO - Створено факт-таблицю з 3197 записами
[2025-04-10T10:22:46.893+0000] {python.py:240} INFO - Done. Returned value was: True
[2025-04-10T10:22:47.310+0000] {taskinstance.py:341} INFO - ::group::Post task execution logs
[2025-04-10T10:22:47.337+0000] {taskinstance.py:353} INFO - Marking task as SUCCESS. dag_id=beer_data_processing, task_id=create_fact_table, run_id=manual__2025-04-10T10:21:09.831883+00:00, execution_date=20250410T102109, start_date=20250410T102238, end_date=20250410T102247
[2025-04-10T10:22:47.806+0000] {logging_mixin.py:190} INFO - Task instance in success state
[2025-04-10T10:22:47.817+0000] {logging_mixin.py:190} INFO -  Previous state of the Task instance: running
[2025-04-10T10:22:47.837+0000] {logging_mixin.py:190} INFO - Dag name:beer_data_processing queued_at:2025-04-10 10:21:10.065104+00:00
[2025-04-10T10:22:47.847+0000] {logging_mixin.py:190} INFO - Task hostname:abcc0ba2292b operator:PythonOperator
[2025-04-10T10:22:48.060+0000] {local_task_job_runner.py:266} INFO - Task exited with return code 0
[2025-04-10T10:22:48.231+0000] {taskinstance.py:3901} INFO - 0 downstream tasks scheduled from follow-on schedule check
[2025-04-10T10:22:48.263+0000] {local_task_job_runner.py:245} INFO - ::endgroup::
