[2025-04-16T15:48:01.522+0000] {local_task_job_runner.py:123} INFO - ::group::Pre task execution logs
[2025-04-16T15:48:01.767+0000] {taskinstance.py:2614} INFO - Dependencies all met for dep_context=non-requeueable deps ti=<TaskInstance: beer_data_processing.process_proportions scheduled__2025-04-16T13:00:00+00:00 [queued]>
[2025-04-16T15:48:01.855+0000] {taskinstance.py:2614} INFO - Dependencies all met for dep_context=requeueable deps ti=<TaskInstance: beer_data_processing.process_proportions scheduled__2025-04-16T13:00:00+00:00 [queued]>
[2025-04-16T15:48:01.865+0000] {taskinstance.py:2867} INFO - Starting attempt 3 of 6
[2025-04-16T15:48:02.014+0000] {taskinstance.py:2890} INFO - Executing <Task(PythonOperator): process_proportions> on 2025-04-16 13:00:00+00:00
[2025-04-16T15:48:02.216+0000] {standard_task_runner.py:104} INFO - Running: ['***', 'tasks', 'run', 'beer_data_processing', 'process_proportions', 'scheduled__2025-04-16T13:00:00+00:00', '--job-id', '613', '--raw', '--subdir', 'DAGS_FOLDER/beer_data_processing_dag.py', '--cfg-path', '/tmp/tmpezytx9yl']
[2025-04-16T15:48:02.258+0000] {standard_task_runner.py:105} INFO - Job 613: Subtask process_proportions
[2025-04-16T15:48:02.249+0000] {logging_mixin.py:190} WARNING - /home/***/.local/lib/python3.12/site-packages/***/task/task_runner/standard_task_runner.py:70 DeprecationWarning: This process (pid=622) is multi-threaded, use of fork() may lead to deadlocks in the child.
[2025-04-16T15:48:02.278+0000] {standard_task_runner.py:72} INFO - Started process 889 to run task
[2025-04-16T15:48:02.759+0000] {task_command.py:467} INFO - Running <TaskInstance: beer_data_processing.process_proportions scheduled__2025-04-16T13:00:00+00:00 [running]> on host 3e53738720c8
[2025-04-16T15:48:03.463+0000] {taskinstance.py:3134} INFO - Exporting env vars: AIRFLOW_CTX_DAG_OWNER='***' AIRFLOW_CTX_DAG_ID='beer_data_processing' AIRFLOW_CTX_TASK_ID='process_proportions' AIRFLOW_CTX_EXECUTION_DATE='2025-04-16T13:00:00+00:00' AIRFLOW_CTX_TRY_NUMBER='3' AIRFLOW_CTX_DAG_RUN_ID='scheduled__2025-04-16T13:00:00+00:00'
[2025-04-16T15:48:03.474+0000] {logging_mixin.py:190} INFO - Task instance is in running state
[2025-04-16T15:48:03.480+0000] {logging_mixin.py:190} INFO -  Previous state of the Task instance: queued
[2025-04-16T15:48:03.485+0000] {logging_mixin.py:190} INFO - Current task name:process_proportions state:running start_date:2025-04-16 15:48:01.772268+00:00
[2025-04-16T15:48:03.495+0000] {logging_mixin.py:190} INFO - Dag name:beer_data_processing and current dag run status:running
[2025-04-16T15:48:03.499+0000] {taskinstance.py:732} INFO - ::endgroup::
[2025-04-16T15:48:08.513+0000] {python.py:240} INFO - Done. Returned value was: True
[2025-04-16T15:48:11.887+0000] {taskinstance.py:341} INFO - ::group::Post task execution logs
[2025-04-16T15:48:12.011+0000] {taskinstance.py:353} INFO - Marking task as SUCCESS. dag_id=beer_data_processing, task_id=process_proportions, run_id=scheduled__2025-04-16T13:00:00+00:00, execution_date=20250416T130000, start_date=20250416T154801, end_date=20250416T154812
[2025-04-16T15:48:12.511+0000] {logging_mixin.py:190} INFO - Task instance in success state
[2025-04-16T15:48:12.525+0000] {logging_mixin.py:190} INFO -  Previous state of the Task instance: running
[2025-04-16T15:48:12.554+0000] {logging_mixin.py:190} INFO - Dag name:beer_data_processing queued_at:2025-04-16 15:07:18.140012+00:00
[2025-04-16T15:48:12.595+0000] {logging_mixin.py:190} INFO - Task hostname:3e53738720c8 operator:PythonOperator
[2025-04-16T15:48:13.303+0000] {local_task_job_runner.py:266} INFO - Task exited with return code 0
[2025-04-16T15:48:14.092+0000] {local_task_job_runner.py:245} INFO - ::endgroup::
