[2025-04-16T18:00:32.296+0000] {local_task_job_runner.py:123} INFO - ::group::Pre task execution logs
[2025-04-16T18:00:32.389+0000] {taskinstance.py:2614} INFO - Dependencies all met for dep_context=non-requeueable deps ti=<TaskInstance: beer_data_processing.process_robust_scaler scheduled__2025-04-16T17:00:00+00:00 [queued]>
[2025-04-16T18:00:32.433+0000] {taskinstance.py:2614} INFO - Dependencies all met for dep_context=requeueable deps ti=<TaskInstance: beer_data_processing.process_robust_scaler scheduled__2025-04-16T17:00:00+00:00 [queued]>
[2025-04-16T18:00:32.438+0000] {taskinstance.py:2867} INFO - Starting attempt 1 of 6
[2025-04-16T18:00:32.500+0000] {taskinstance.py:2890} INFO - Executing <Task(PythonOperator): process_robust_scaler> on 2025-04-16 17:00:00+00:00
[2025-04-16T18:00:32.578+0000] {logging_mixin.py:190} WARNING - /home/***/.local/lib/python3.12/site-packages/***/task/task_runner/standard_task_runner.py:70 DeprecationWarning: This process (pid=45922) is multi-threaded, use of fork() may lead to deadlocks in the child.
[2025-04-16T18:00:32.583+0000] {standard_task_runner.py:72} INFO - Started process 46097 to run task
[2025-04-16T18:00:32.670+0000] {standard_task_runner.py:104} INFO - Running: ['***', 'tasks', 'run', 'beer_data_processing', 'process_robust_scaler', 'scheduled__2025-04-16T17:00:00+00:00', '--job-id', '734', '--raw', '--subdir', 'DAGS_FOLDER/beer_data_processing_dag.py', '--cfg-path', '/tmp/tmpo3o66nda']
[2025-04-16T18:00:32.682+0000] {standard_task_runner.py:105} INFO - Job 734: Subtask process_robust_scaler
[2025-04-16T18:00:33.088+0000] {task_command.py:467} INFO - Running <TaskInstance: beer_data_processing.process_robust_scaler scheduled__2025-04-16T17:00:00+00:00 [running]> on host 3e53738720c8
[2025-04-16T18:00:33.569+0000] {taskinstance.py:3134} INFO - Exporting env vars: AIRFLOW_CTX_DAG_OWNER='***' AIRFLOW_CTX_DAG_ID='beer_data_processing' AIRFLOW_CTX_TASK_ID='process_robust_scaler' AIRFLOW_CTX_EXECUTION_DATE='2025-04-16T17:00:00+00:00' AIRFLOW_CTX_TRY_NUMBER='1' AIRFLOW_CTX_DAG_RUN_ID='scheduled__2025-04-16T17:00:00+00:00'
[2025-04-16T18:00:33.587+0000] {logging_mixin.py:190} INFO - Task instance is in running state
[2025-04-16T18:00:33.590+0000] {logging_mixin.py:190} INFO -  Previous state of the Task instance: queued
[2025-04-16T18:00:33.592+0000] {logging_mixin.py:190} INFO - Current task name:process_robust_scaler state:running start_date:2025-04-16 18:00:32.392105+00:00
[2025-04-16T18:00:33.595+0000] {logging_mixin.py:190} INFO - Dag name:beer_data_processing and current dag run status:running
[2025-04-16T18:00:33.598+0000] {taskinstance.py:732} INFO - ::endgroup::
[2025-04-16T18:00:40.607+0000] {python.py:240} INFO - Done. Returned value was: True
[2025-04-16T18:00:40.712+0000] {taskinstance.py:341} INFO - ::group::Post task execution logs
[2025-04-16T18:00:40.714+0000] {taskinstance.py:353} INFO - Marking task as SUCCESS. dag_id=beer_data_processing, task_id=process_robust_scaler, run_id=scheduled__2025-04-16T17:00:00+00:00, execution_date=20250416T170000, start_date=20250416T180032, end_date=20250416T180040
[2025-04-16T18:00:40.829+0000] {logging_mixin.py:190} INFO - Task instance in success state
[2025-04-16T18:00:40.832+0000] {logging_mixin.py:190} INFO -  Previous state of the Task instance: running
[2025-04-16T18:00:40.851+0000] {logging_mixin.py:190} INFO - Dag name:beer_data_processing queued_at:2025-04-16 18:00:01.401510+00:00
[2025-04-16T18:00:40.853+0000] {logging_mixin.py:190} INFO - Task hostname:3e53738720c8 operator:PythonOperator
[2025-04-16T18:00:40.949+0000] {local_task_job_runner.py:266} INFO - Task exited with return code 0
[2025-04-16T18:00:41.076+0000] {taskinstance.py:3901} INFO - 0 downstream tasks scheduled from follow-on schedule check
[2025-04-16T18:00:41.083+0000] {local_task_job_runner.py:245} INFO - ::endgroup::
