[2025-04-16T22:25:49.389+0000] {local_task_job_runner.py:123} INFO - ::group::Pre task execution logs
[2025-04-16T22:25:49.520+0000] {taskinstance.py:2614} INFO - Dependencies all met for dep_context=non-requeueable deps ti=<TaskInstance: beer_data_processing.process_robust_scaler manual__2025-04-16T22:25:21.258432+00:00 [queued]>
[2025-04-16T22:25:49.560+0000] {taskinstance.py:2614} INFO - Dependencies all met for dep_context=requeueable deps ti=<TaskInstance: beer_data_processing.process_robust_scaler manual__2025-04-16T22:25:21.258432+00:00 [queued]>
[2025-04-16T22:25:49.562+0000] {taskinstance.py:2867} INFO - Starting attempt 1 of 6
[2025-04-16T22:25:49.620+0000] {taskinstance.py:2890} INFO - Executing <Task(PythonOperator): process_robust_scaler> on 2025-04-16 22:25:21.258432+00:00
[2025-04-16T22:25:49.647+0000] {standard_task_runner.py:104} INFO - Running: ['***', 'tasks', 'run', 'beer_data_processing', 'process_robust_scaler', 'manual__2025-04-16T22:25:21.258432+00:00', '--job-id', '868', '--raw', '--subdir', 'DAGS_FOLDER/beer_data_processing_dag.py', '--cfg-path', '/tmp/tmpzurksir7']
[2025-04-16T22:25:49.650+0000] {standard_task_runner.py:105} INFO - Job 868: Subtask process_robust_scaler
[2025-04-16T22:25:49.650+0000] {logging_mixin.py:190} WARNING - /home/***/.local/lib/python3.12/site-packages/***/task/task_runner/standard_task_runner.py:70 DeprecationWarning: This process (pid=28541) is multi-threaded, use of fork() may lead to deadlocks in the child.
[2025-04-16T22:25:49.652+0000] {standard_task_runner.py:72} INFO - Started process 28621 to run task
[2025-04-16T22:25:49.762+0000] {task_command.py:467} INFO - Running <TaskInstance: beer_data_processing.process_robust_scaler manual__2025-04-16T22:25:21.258432+00:00 [running]> on host a0d0456bae2c
[2025-04-16T22:25:49.967+0000] {taskinstance.py:3134} INFO - Exporting env vars: AIRFLOW_CTX_DAG_OWNER='***' AIRFLOW_CTX_DAG_ID='beer_data_processing' AIRFLOW_CTX_TASK_ID='process_robust_scaler' AIRFLOW_CTX_EXECUTION_DATE='2025-04-16T22:25:21.258432+00:00' AIRFLOW_CTX_TRY_NUMBER='1' AIRFLOW_CTX_DAG_RUN_ID='manual__2025-04-16T22:25:21.258432+00:00'
[2025-04-16T22:25:49.970+0000] {logging_mixin.py:190} INFO - Task instance is in running state
[2025-04-16T22:25:49.971+0000] {logging_mixin.py:190} INFO -  Previous state of the Task instance: queued
[2025-04-16T22:25:49.973+0000] {logging_mixin.py:190} INFO - Current task name:process_robust_scaler state:running start_date:2025-04-16 22:25:49.522025+00:00
[2025-04-16T22:25:49.974+0000] {logging_mixin.py:190} INFO - Dag name:beer_data_processing and current dag run status:running
[2025-04-16T22:25:49.975+0000] {taskinstance.py:732} INFO - ::endgroup::
[2025-04-16T22:25:50.081+0000] {logging_mixin.py:190} INFO - Robust Scaling Example - Original: {'ABV': 10.0, 'Min IBU': 60.0, 'Max IBU': 100.0, 'number_of_reviews': 218.0}
[2025-04-16T22:25:50.082+0000] {logging_mixin.py:190} INFO - Robust Scaling Example - Scaled: {'ABV': 1.5384615384615388, 'Min IBU': 4.0, 'Max IBU': 3.25, 'number_of_reviews': 0.4789272030651341}
[2025-04-16T22:25:50.241+0000] {python.py:240} INFO - Done. Returned value was: True
[2025-04-16T22:25:50.304+0000] {taskinstance.py:341} INFO - ::group::Post task execution logs
[2025-04-16T22:25:50.306+0000] {taskinstance.py:353} INFO - Marking task as SUCCESS. dag_id=beer_data_processing, task_id=process_robust_scaler, run_id=manual__2025-04-16T22:25:21.258432+00:00, execution_date=20250416T222521, start_date=20250416T222549, end_date=20250416T222550
[2025-04-16T22:25:50.371+0000] {logging_mixin.py:190} INFO - Task instance in success state
[2025-04-16T22:25:50.374+0000] {logging_mixin.py:190} INFO -  Previous state of the Task instance: running
[2025-04-16T22:25:50.376+0000] {logging_mixin.py:190} INFO - Dag name:beer_data_processing queued_at:2025-04-16 22:25:21.522224+00:00
[2025-04-16T22:25:50.378+0000] {logging_mixin.py:190} INFO - Task hostname:a0d0456bae2c operator:PythonOperator
[2025-04-16T22:25:50.435+0000] {local_task_job_runner.py:266} INFO - Task exited with return code 0
[2025-04-16T22:25:50.510+0000] {taskinstance.py:3901} INFO - 0 downstream tasks scheduled from follow-on schedule check
[2025-04-16T22:25:50.516+0000] {local_task_job_runner.py:245} INFO - ::endgroup::
