[2025-04-10T13:31:33.182+0000] {local_task_job_runner.py:123} INFO - ::group::Pre task execution logs
[2025-04-10T13:31:33.213+0000] {taskinstance.py:2614} INFO - Dependencies all met for dep_context=non-requeueable deps ti=<TaskInstance: beer_data_processing.check_file_exists manual__2025-04-10T13:31:23.952261+00:00 [queued]>
[2025-04-10T13:31:33.228+0000] {taskinstance.py:2614} INFO - Dependencies all met for dep_context=requeueable deps ti=<TaskInstance: beer_data_processing.check_file_exists manual__2025-04-10T13:31:23.952261+00:00 [queued]>
[2025-04-10T13:31:33.230+0000] {taskinstance.py:2867} INFO - Starting attempt 1 of 6
[2025-04-10T13:31:33.255+0000] {taskinstance.py:2890} INFO - Executing <Task(FileSensor): check_file_exists> on 2025-04-10 13:31:23.952261+00:00
[2025-04-10T13:31:33.290+0000] {standard_task_runner.py:104} INFO - Running: ['***', 'tasks', 'run', 'beer_data_processing', 'check_file_exists', 'manual__2025-04-10T13:31:23.952261+00:00', '--job-id', '259', '--raw', '--subdir', 'DAGS_FOLDER/beer_data_processing_dag.py', '--cfg-path', '/tmp/tmp8u4fnszf']
[2025-04-10T13:31:33.294+0000] {standard_task_runner.py:105} INFO - Job 259: Subtask check_file_exists
[2025-04-10T13:31:33.300+0000] {logging_mixin.py:190} WARNING - /home/***/.local/lib/python3.12/site-packages/***/task/task_runner/standard_task_runner.py:70 DeprecationWarning: This process (pid=6372) is multi-threaded, use of fork() may lead to deadlocks in the child.
[2025-04-10T13:31:33.302+0000] {standard_task_runner.py:72} INFO - Started process 6384 to run task
[2025-04-10T13:31:33.387+0000] {task_command.py:467} INFO - Running <TaskInstance: beer_data_processing.check_file_exists manual__2025-04-10T13:31:23.952261+00:00 [running]> on host 3e53738720c8
[2025-04-10T13:31:33.572+0000] {taskinstance.py:3134} INFO - Exporting env vars: AIRFLOW_CTX_DAG_OWNER='***' AIRFLOW_CTX_DAG_ID='beer_data_processing' AIRFLOW_CTX_TASK_ID='check_file_exists' AIRFLOW_CTX_EXECUTION_DATE='2025-04-10T13:31:23.952261+00:00' AIRFLOW_CTX_TRY_NUMBER='1' AIRFLOW_CTX_DAG_RUN_ID='manual__2025-04-10T13:31:23.952261+00:00'
[2025-04-10T13:31:33.576+0000] {logging_mixin.py:190} INFO - Task instance is in running state
[2025-04-10T13:31:33.577+0000] {logging_mixin.py:190} INFO -  Previous state of the Task instance: queued
[2025-04-10T13:31:33.578+0000] {logging_mixin.py:190} INFO - Current task name:check_file_exists state:running start_date:2025-04-10 13:31:33.214451+00:00
[2025-04-10T13:31:33.579+0000] {logging_mixin.py:190} INFO - Dag name:beer_data_processing and current dag run status:running
[2025-04-10T13:31:33.580+0000] {taskinstance.py:732} INFO - ::endgroup::
[2025-04-10T13:31:33.581+0000] {baseoperator.py:423} WARNING - FileSensor.execute cannot be called outside TaskInstance!
[2025-04-10T13:31:33.596+0000] {base.py:84} INFO - Retrieving connection 'dataset_folder'
[2025-04-10T13:31:33.597+0000] {filesystem.py:109} INFO - Poking for file /opt/***/dags/data/beer_profile_and_ratings.csv
[2025-04-10T13:31:33.609+0000] {filesystem.py:113} INFO - Found File /opt/***/dags/data/beer_profile_and_ratings.csv last modified: 20250402135654
[2025-04-10T13:31:33.610+0000] {base.py:339} INFO - Success criteria met. Exiting.
[2025-04-10T13:31:33.611+0000] {filesystem.py:109} INFO - Poking for file /opt/***/dags/data/beer_profile_and_ratings.csv
[2025-04-10T13:31:33.622+0000] {filesystem.py:113} INFO - Found File /opt/***/dags/data/beer_profile_and_ratings.csv last modified: 20250402135654
[2025-04-10T13:31:33.639+0000] {taskinstance.py:341} INFO - ::group::Post task execution logs
[2025-04-10T13:31:33.640+0000] {taskinstance.py:353} INFO - Marking task as SUCCESS. dag_id=beer_data_processing, task_id=check_file_exists, run_id=manual__2025-04-10T13:31:23.952261+00:00, execution_date=20250410T133123, start_date=20250410T133133, end_date=20250410T133133
[2025-04-10T13:31:33.690+0000] {logging_mixin.py:190} INFO - Task instance in success state
[2025-04-10T13:31:33.692+0000] {logging_mixin.py:190} INFO -  Previous state of the Task instance: running
[2025-04-10T13:31:33.693+0000] {logging_mixin.py:190} INFO - Dag name:beer_data_processing queued_at:2025-04-10 13:31:24.539061+00:00
[2025-04-10T13:31:33.694+0000] {logging_mixin.py:190} INFO - Task hostname:3e53738720c8 operator:FileSensor
[2025-04-10T13:31:33.722+0000] {local_task_job_runner.py:266} INFO - Task exited with return code 0
[2025-04-10T13:31:33.823+0000] {taskinstance.py:3901} INFO - 1 downstream tasks scheduled from follow-on schedule check
[2025-04-10T13:31:33.827+0000] {local_task_job_runner.py:245} INFO - ::endgroup::
