[2025-04-16T20:00:08.675+0000] {local_task_job_runner.py:123} INFO - ::group::Pre task execution logs
[2025-04-16T20:00:08.709+0000] {taskinstance.py:2614} INFO - Dependencies all met for dep_context=non-requeueable deps ti=<TaskInstance: beer_data_processing.check_file_exists scheduled__2025-04-16T19:00:00+00:00 [queued]>
[2025-04-16T20:00:08.725+0000] {taskinstance.py:2614} INFO - Dependencies all met for dep_context=requeueable deps ti=<TaskInstance: beer_data_processing.check_file_exists scheduled__2025-04-16T19:00:00+00:00 [queued]>
[2025-04-16T20:00:08.727+0000] {taskinstance.py:2867} INFO - Starting attempt 1 of 6
[2025-04-16T20:00:08.763+0000] {taskinstance.py:2890} INFO - Executing <Task(FileSensor): check_file_exists> on 2025-04-16 19:00:00+00:00
[2025-04-16T20:00:08.798+0000] {standard_task_runner.py:104} INFO - Running: ['***', 'tasks', 'run', 'beer_data_processing', 'check_file_exists', 'scheduled__2025-04-16T19:00:00+00:00', '--job-id', '757', '--raw', '--subdir', 'DAGS_FOLDER/beer_data_processing_dag.py', '--cfg-path', '/tmp/tmpkf913q8c']
[2025-04-16T20:00:08.802+0000] {standard_task_runner.py:105} INFO - Job 757: Subtask check_file_exists
[2025-04-16T20:00:08.803+0000] {logging_mixin.py:190} WARNING - /home/***/.local/lib/python3.12/site-packages/***/task/task_runner/standard_task_runner.py:70 DeprecationWarning: This process (pid=17799) is multi-threaded, use of fork() may lead to deadlocks in the child.
[2025-04-16T20:00:08.804+0000] {standard_task_runner.py:72} INFO - Started process 17887 to run task
[2025-04-16T20:00:08.889+0000] {task_command.py:467} INFO - Running <TaskInstance: beer_data_processing.check_file_exists scheduled__2025-04-16T19:00:00+00:00 [running]> on host 3e53738720c8
[2025-04-16T20:00:09.111+0000] {taskinstance.py:3134} INFO - Exporting env vars: AIRFLOW_CTX_DAG_OWNER='***' AIRFLOW_CTX_DAG_ID='beer_data_processing' AIRFLOW_CTX_TASK_ID='check_file_exists' AIRFLOW_CTX_EXECUTION_DATE='2025-04-16T19:00:00+00:00' AIRFLOW_CTX_TRY_NUMBER='1' AIRFLOW_CTX_DAG_RUN_ID='scheduled__2025-04-16T19:00:00+00:00'
[2025-04-16T20:00:09.113+0000] {logging_mixin.py:190} INFO - Task instance is in running state
[2025-04-16T20:00:09.114+0000] {logging_mixin.py:190} INFO -  Previous state of the Task instance: queued
[2025-04-16T20:00:09.115+0000] {logging_mixin.py:190} INFO - Current task name:check_file_exists state:running start_date:2025-04-16 20:00:08.710445+00:00
[2025-04-16T20:00:09.116+0000] {logging_mixin.py:190} INFO - Dag name:beer_data_processing and current dag run status:running
[2025-04-16T20:00:09.117+0000] {taskinstance.py:732} INFO - ::endgroup::
[2025-04-16T20:00:09.118+0000] {baseoperator.py:423} WARNING - FileSensor.execute cannot be called outside TaskInstance!
[2025-04-16T20:00:09.132+0000] {base.py:84} INFO - Retrieving connection 'dataset_folder'
[2025-04-16T20:00:09.133+0000] {filesystem.py:109} INFO - Poking for file /opt/***/dags/data/beer_profile_and_ratings.csv
[2025-04-16T20:00:09.142+0000] {filesystem.py:113} INFO - Found File /opt/***/dags/data/beer_profile_and_ratings.csv last modified: 20250416145823
[2025-04-16T20:00:09.143+0000] {base.py:339} INFO - Success criteria met. Exiting.
[2025-04-16T20:00:09.144+0000] {filesystem.py:109} INFO - Poking for file /opt/***/dags/data/beer_profile_and_ratings.csv
[2025-04-16T20:00:09.152+0000] {filesystem.py:113} INFO - Found File /opt/***/dags/data/beer_profile_and_ratings.csv last modified: 20250416145823
[2025-04-16T20:00:09.170+0000] {taskinstance.py:341} INFO - ::group::Post task execution logs
[2025-04-16T20:00:09.172+0000] {taskinstance.py:353} INFO - Marking task as SUCCESS. dag_id=beer_data_processing, task_id=check_file_exists, run_id=scheduled__2025-04-16T19:00:00+00:00, execution_date=20250416T190000, start_date=20250416T200008, end_date=20250416T200009
[2025-04-16T20:00:09.217+0000] {logging_mixin.py:190} INFO - Task instance in success state
[2025-04-16T20:00:09.219+0000] {logging_mixin.py:190} INFO -  Previous state of the Task instance: running
[2025-04-16T20:00:09.220+0000] {logging_mixin.py:190} INFO - Dag name:beer_data_processing queued_at:2025-04-16 20:00:00.108549+00:00
[2025-04-16T20:00:09.221+0000] {logging_mixin.py:190} INFO - Task hostname:3e53738720c8 operator:FileSensor
[2025-04-16T20:00:09.266+0000] {local_task_job_runner.py:266} INFO - Task exited with return code 0
[2025-04-16T20:00:09.335+0000] {taskinstance.py:3901} INFO - 1 downstream tasks scheduled from follow-on schedule check
[2025-04-16T20:00:09.339+0000] {local_task_job_runner.py:245} INFO - ::endgroup::
