[2025-04-10T09:56:47.031+0000] {local_task_job_runner.py:123} INFO - ::group::Pre task execution logs
[2025-04-10T09:56:47.095+0000] {taskinstance.py:2614} INFO - Dependencies all met for dep_context=non-requeueable deps ti=<TaskInstance: beer_data_processing.create_fact_table manual__2025-04-10T09:54:49.979216+00:00 [queued]>
[2025-04-10T09:56:47.132+0000] {taskinstance.py:2614} INFO - Dependencies all met for dep_context=requeueable deps ti=<TaskInstance: beer_data_processing.create_fact_table manual__2025-04-10T09:54:49.979216+00:00 [queued]>
[2025-04-10T09:56:47.134+0000] {taskinstance.py:2867} INFO - Starting attempt 1 of 6
[2025-04-10T09:56:47.174+0000] {taskinstance.py:2890} INFO - Executing <Task(PythonOperator): create_fact_table> on 2025-04-10 09:54:49.979216+00:00
[2025-04-10T09:56:47.205+0000] {standard_task_runner.py:104} INFO - Running: ['***', 'tasks', 'run', 'beer_data_processing', 'create_fact_table', 'manual__2025-04-10T09:54:49.979216+00:00', '--job-id', '191', '--raw', '--subdir', 'DAGS_FOLDER/beer_data_processing_dag.py', '--cfg-path', '/tmp/tmpqoc70whh']
[2025-04-10T09:56:47.209+0000] {standard_task_runner.py:105} INFO - Job 191: Subtask create_fact_table
[2025-04-10T09:56:47.213+0000] {logging_mixin.py:190} WARNING - /home/***/.local/lib/python3.12/site-packages/***/task/task_runner/standard_task_runner.py:70 DeprecationWarning: This process (pid=24941) is multi-threaded, use of fork() may lead to deadlocks in the child.
[2025-04-10T09:56:47.218+0000] {standard_task_runner.py:72} INFO - Started process 24942 to run task
[2025-04-10T09:56:47.383+0000] {task_command.py:467} INFO - Running <TaskInstance: beer_data_processing.create_fact_table manual__2025-04-10T09:54:49.979216+00:00 [running]> on host abcc0ba2292b
[2025-04-10T09:56:47.861+0000] {taskinstance.py:3134} INFO - Exporting env vars: AIRFLOW_CTX_DAG_OWNER='***' AIRFLOW_CTX_DAG_ID='beer_data_processing' AIRFLOW_CTX_TASK_ID='create_fact_table' AIRFLOW_CTX_EXECUTION_DATE='2025-04-10T09:54:49.979216+00:00' AIRFLOW_CTX_TRY_NUMBER='1' AIRFLOW_CTX_DAG_RUN_ID='manual__2025-04-10T09:54:49.979216+00:00'
[2025-04-10T09:56:47.867+0000] {logging_mixin.py:190} INFO - Task instance is in running state
[2025-04-10T09:56:47.869+0000] {logging_mixin.py:190} INFO -  Previous state of the Task instance: queued
[2025-04-10T09:56:47.873+0000] {logging_mixin.py:190} INFO - Current task name:create_fact_table state:running start_date:2025-04-10 09:56:47.096488+00:00
[2025-04-10T09:56:47.875+0000] {logging_mixin.py:190} INFO - Dag name:beer_data_processing and current dag run status:running
[2025-04-10T09:56:47.877+0000] {taskinstance.py:732} INFO - ::endgroup::
[2025-04-10T09:56:48.072+0000] {logging_mixin.py:190} WARNING - /opt/***/dags/beer_data_processing_dag.py:190 FutureWarning: Passing literal json to 'read_json' is deprecated and will be removed in a future version. To read from a literal string, wrap it in a 'StringIO' object.
[2025-04-10T09:56:48.522+0000] {base.py:84} INFO - Retrieving connection 'postgres_conn'
[2025-04-10T09:56:54.298+0000] {logging_mixin.py:190} INFO - Створено факт-таблицю з 3197 записами
[2025-04-10T09:56:54.306+0000] {python.py:240} INFO - Done. Returned value was: True
[2025-04-10T09:56:54.420+0000] {taskinstance.py:341} INFO - ::group::Post task execution logs
[2025-04-10T09:56:54.423+0000] {taskinstance.py:353} INFO - Marking task as SUCCESS. dag_id=beer_data_processing, task_id=create_fact_table, run_id=manual__2025-04-10T09:54:49.979216+00:00, execution_date=20250410T095449, start_date=20250410T095647, end_date=20250410T095654
[2025-04-10T09:56:54.500+0000] {logging_mixin.py:190} INFO - Task instance in success state
[2025-04-10T09:56:54.501+0000] {logging_mixin.py:190} INFO -  Previous state of the Task instance: running
[2025-04-10T09:56:54.502+0000] {logging_mixin.py:190} INFO - Dag name:beer_data_processing queued_at:2025-04-10 09:54:50.150238+00:00
[2025-04-10T09:56:54.505+0000] {logging_mixin.py:190} INFO - Task hostname:abcc0ba2292b operator:PythonOperator
[2025-04-10T09:56:54.582+0000] {local_task_job_runner.py:266} INFO - Task exited with return code 0
[2025-04-10T09:56:54.677+0000] {taskinstance.py:3901} INFO - 0 downstream tasks scheduled from follow-on schedule check
[2025-04-10T09:56:54.684+0000] {local_task_job_runner.py:245} INFO - ::endgroup::
