[2025-04-16T21:47:35.706+0000] {local_task_job_runner.py:123} INFO - ::group::Pre task execution logs
[2025-04-16T21:47:35.754+0000] {taskinstance.py:2614} INFO - Dependencies all met for dep_context=non-requeueable deps ti=<TaskInstance: beer_data_processing.create_dim_style manual__2025-04-16T21:28:41.526921+00:00 [queued]>
[2025-04-16T21:47:35.778+0000] {taskinstance.py:2614} INFO - Dependencies all met for dep_context=requeueable deps ti=<TaskInstance: beer_data_processing.create_dim_style manual__2025-04-16T21:28:41.526921+00:00 [queued]>
[2025-04-16T21:47:35.780+0000] {taskinstance.py:2867} INFO - Starting attempt 1 of 6
[2025-04-16T21:47:35.811+0000] {taskinstance.py:2890} INFO - Executing <Task(PythonOperator): create_dim_style> on 2025-04-16 21:28:41.526921+00:00
[2025-04-16T21:47:35.835+0000] {standard_task_runner.py:104} INFO - Running: ['***', 'tasks', 'run', 'beer_data_processing', 'create_dim_style', 'manual__2025-04-16T21:28:41.526921+00:00', '--job-id', '824', '--raw', '--subdir', 'DAGS_FOLDER/beer_data_processing_dag.py', '--cfg-path', '/tmp/tmpuunhaih0']
[2025-04-16T21:47:35.837+0000] {standard_task_runner.py:105} INFO - Job 824: Subtask create_dim_style
[2025-04-16T21:47:35.845+0000] {logging_mixin.py:190} WARNING - /home/***/.local/lib/python3.12/site-packages/***/task/task_runner/standard_task_runner.py:70 DeprecationWarning: This process (pid=5306) is multi-threaded, use of fork() may lead to deadlocks in the child.
[2025-04-16T21:47:35.848+0000] {standard_task_runner.py:72} INFO - Started process 5496 to run task
[2025-04-16T21:47:35.941+0000] {task_command.py:467} INFO - Running <TaskInstance: beer_data_processing.create_dim_style manual__2025-04-16T21:28:41.526921+00:00 [running]> on host a0d0456bae2c
[2025-04-16T21:47:36.145+0000] {taskinstance.py:3134} INFO - Exporting env vars: AIRFLOW_CTX_DAG_OWNER='***' AIRFLOW_CTX_DAG_ID='beer_data_processing' AIRFLOW_CTX_TASK_ID='create_dim_style' AIRFLOW_CTX_EXECUTION_DATE='2025-04-16T21:28:41.526921+00:00' AIRFLOW_CTX_TRY_NUMBER='1' AIRFLOW_CTX_DAG_RUN_ID='manual__2025-04-16T21:28:41.526921+00:00'
[2025-04-16T21:47:36.148+0000] {logging_mixin.py:190} INFO - Task instance is in running state
[2025-04-16T21:47:36.149+0000] {logging_mixin.py:190} INFO -  Previous state of the Task instance: queued
[2025-04-16T21:47:36.150+0000] {logging_mixin.py:190} INFO - Current task name:create_dim_style state:running start_date:2025-04-16 21:47:35.756309+00:00
[2025-04-16T21:47:36.151+0000] {logging_mixin.py:190} INFO - Dag name:beer_data_processing and current dag run status:running
[2025-04-16T21:47:36.152+0000] {taskinstance.py:732} INFO - ::endgroup::
[2025-04-16T21:47:36.260+0000] {base.py:84} INFO - Retrieving connection 'postgres_conn'
[2025-04-16T21:47:36.411+0000] {logging_mixin.py:190} INFO - Створено датасет dim_style з 112 записами
[2025-04-16T21:47:36.413+0000] {python.py:240} INFO - Done. Returned value was: True
[2025-04-16T21:47:36.470+0000] {taskinstance.py:341} INFO - ::group::Post task execution logs
[2025-04-16T21:47:36.472+0000] {taskinstance.py:353} INFO - Marking task as SUCCESS. dag_id=beer_data_processing, task_id=create_dim_style, run_id=manual__2025-04-16T21:28:41.526921+00:00, execution_date=20250416T212841, start_date=20250416T214735, end_date=20250416T214736
[2025-04-16T21:47:36.529+0000] {logging_mixin.py:190} INFO - Task instance in success state
[2025-04-16T21:47:36.533+0000] {logging_mixin.py:190} INFO -  Previous state of the Task instance: running
[2025-04-16T21:47:36.534+0000] {logging_mixin.py:190} INFO - Dag name:beer_data_processing queued_at:2025-04-16 21:28:41.720606+00:00
[2025-04-16T21:47:36.536+0000] {logging_mixin.py:190} INFO - Task hostname:a0d0456bae2c operator:PythonOperator
[2025-04-16T21:47:36.590+0000] {local_task_job_runner.py:266} INFO - Task exited with return code 0
[2025-04-16T21:47:36.650+0000] {taskinstance.py:3901} INFO - 0 downstream tasks scheduled from follow-on schedule check
[2025-04-16T21:47:36.653+0000] {local_task_job_runner.py:245} INFO - ::endgroup::
