[2025-04-10T13:23:18.626+0000] {local_task_job_runner.py:123} INFO - ::group::Pre task execution logs
[2025-04-10T13:23:18.713+0000] {taskinstance.py:2614} INFO - Dependencies all met for dep_context=non-requeueable deps ti=<TaskInstance: beer_data_processing.process_proportions manual__2025-04-10T13:22:39.556118+00:00 [queued]>
[2025-04-10T13:23:18.765+0000] {taskinstance.py:2614} INFO - Dependencies all met for dep_context=requeueable deps ti=<TaskInstance: beer_data_processing.process_proportions manual__2025-04-10T13:22:39.556118+00:00 [queued]>
[2025-04-10T13:23:18.768+0000] {taskinstance.py:2867} INFO - Starting attempt 1 of 6
[2025-04-10T13:23:18.847+0000] {taskinstance.py:2890} INFO - Executing <Task(PythonOperator): process_proportions> on 2025-04-10 13:22:39.556118+00:00
[2025-04-10T13:23:18.924+0000] {standard_task_runner.py:104} INFO - Running: ['***', 'tasks', 'run', 'beer_data_processing', 'process_proportions', 'manual__2025-04-10T13:22:39.556118+00:00', '--job-id', '248', '--raw', '--subdir', 'DAGS_FOLDER/beer_data_processing_dag.py', '--cfg-path', '/tmp/tmpzcpoe_2m']
[2025-04-10T13:23:18.937+0000] {standard_task_runner.py:105} INFO - Job 248: Subtask process_proportions
[2025-04-10T13:23:18.986+0000] {logging_mixin.py:190} WARNING - /home/***/.local/lib/python3.12/site-packages/***/task/task_runner/standard_task_runner.py:70 DeprecationWarning: This process (pid=1853) is multi-threaded, use of fork() may lead to deadlocks in the child.
[2025-04-10T13:23:18.990+0000] {standard_task_runner.py:72} INFO - Started process 1899 to run task
[2025-04-10T13:23:20.763+0000] {task_command.py:467} INFO - Running <TaskInstance: beer_data_processing.process_proportions manual__2025-04-10T13:22:39.556118+00:00 [running]> on host 3e53738720c8
[2025-04-10T13:23:22.795+0000] {taskinstance.py:3134} INFO - Exporting env vars: AIRFLOW_CTX_DAG_OWNER='***' AIRFLOW_CTX_DAG_ID='beer_data_processing' AIRFLOW_CTX_TASK_ID='process_proportions' AIRFLOW_CTX_EXECUTION_DATE='2025-04-10T13:22:39.556118+00:00' AIRFLOW_CTX_TRY_NUMBER='1' AIRFLOW_CTX_DAG_RUN_ID='manual__2025-04-10T13:22:39.556118+00:00'
[2025-04-10T13:23:22.799+0000] {logging_mixin.py:190} INFO - Task instance is in running state
[2025-04-10T13:23:22.800+0000] {logging_mixin.py:190} INFO -  Previous state of the Task instance: queued
[2025-04-10T13:23:22.805+0000] {logging_mixin.py:190} INFO - Current task name:process_proportions state:running start_date:2025-04-10 13:23:18.715368+00:00
[2025-04-10T13:23:22.809+0000] {logging_mixin.py:190} INFO - Dag name:beer_data_processing and current dag run status:running
[2025-04-10T13:23:22.811+0000] {taskinstance.py:732} INFO - ::endgroup::
[2025-04-10T13:23:24.673+0000] {python.py:240} INFO - Done. Returned value was: True
[2025-04-10T13:23:25.691+0000] {taskinstance.py:341} INFO - ::group::Post task execution logs
[2025-04-10T13:23:25.693+0000] {taskinstance.py:353} INFO - Marking task as SUCCESS. dag_id=beer_data_processing, task_id=process_proportions, run_id=manual__2025-04-10T13:22:39.556118+00:00, execution_date=20250410T132239, start_date=20250410T132318, end_date=20250410T132325
[2025-04-10T13:23:25.809+0000] {logging_mixin.py:190} INFO - Task instance in success state
[2025-04-10T13:23:25.811+0000] {logging_mixin.py:190} INFO -  Previous state of the Task instance: running
[2025-04-10T13:23:25.814+0000] {logging_mixin.py:190} INFO - Dag name:beer_data_processing queued_at:2025-04-10 13:22:39.728988+00:00
[2025-04-10T13:23:25.817+0000] {logging_mixin.py:190} INFO - Task hostname:3e53738720c8 operator:PythonOperator
[2025-04-10T13:23:25.913+0000] {local_task_job_runner.py:266} INFO - Task exited with return code 0
[2025-04-10T13:23:25.941+0000] {local_task_job_runner.py:245} INFO - ::endgroup::
