[2025-04-10T09:12:27.751+0000] {local_task_job_runner.py:123} INFO - ::group::Pre task execution logs
[2025-04-10T09:12:27.810+0000] {taskinstance.py:2614} INFO - Dependencies all met for dep_context=non-requeueable deps ti=<TaskInstance: beer_data_processing.check_file_exists manual__2025-04-10T09:12:13.608268+00:00 [queued]>
[2025-04-10T09:12:27.852+0000] {taskinstance.py:2614} INFO - Dependencies all met for dep_context=requeueable deps ti=<TaskInstance: beer_data_processing.check_file_exists manual__2025-04-10T09:12:13.608268+00:00 [queued]>
[2025-04-10T09:12:27.855+0000] {taskinstance.py:2867} INFO - Starting attempt 1 of 6
[2025-04-10T09:12:27.925+0000] {taskinstance.py:2890} INFO - Executing <Task(FileSensor): check_file_exists> on 2025-04-10 09:12:13.608268+00:00
[2025-04-10T09:12:27.967+0000] {standard_task_runner.py:104} INFO - Running: ['***', 'tasks', 'run', 'beer_data_processing', 'check_file_exists', 'manual__2025-04-10T09:12:13.608268+00:00', '--job-id', '145', '--raw', '--subdir', 'DAGS_FOLDER/beer_data_processing_dag.py', '--cfg-path', '/tmp/tmp8_qptjdq']
[2025-04-10T09:12:27.972+0000] {standard_task_runner.py:105} INFO - Job 145: Subtask check_file_exists
[2025-04-10T09:12:27.982+0000] {logging_mixin.py:190} WARNING - /home/***/.local/lib/python3.12/site-packages/***/task/task_runner/standard_task_runner.py:70 DeprecationWarning: This process (pid=7599) is multi-threaded, use of fork() may lead to deadlocks in the child.
[2025-04-10T09:12:27.985+0000] {standard_task_runner.py:72} INFO - Started process 7656 to run task
[2025-04-10T09:12:28.113+0000] {task_command.py:467} INFO - Running <TaskInstance: beer_data_processing.check_file_exists manual__2025-04-10T09:12:13.608268+00:00 [running]> on host abcc0ba2292b
[2025-04-10T09:12:28.441+0000] {taskinstance.py:3134} INFO - Exporting env vars: AIRFLOW_CTX_DAG_OWNER='***' AIRFLOW_CTX_DAG_ID='beer_data_processing' AIRFLOW_CTX_TASK_ID='check_file_exists' AIRFLOW_CTX_EXECUTION_DATE='2025-04-10T09:12:13.608268+00:00' AIRFLOW_CTX_TRY_NUMBER='1' AIRFLOW_CTX_DAG_RUN_ID='manual__2025-04-10T09:12:13.608268+00:00'
[2025-04-10T09:12:28.445+0000] {logging_mixin.py:190} INFO - Task instance is in running state
[2025-04-10T09:12:28.447+0000] {logging_mixin.py:190} INFO -  Previous state of the Task instance: queued
[2025-04-10T09:12:28.447+0000] {logging_mixin.py:190} INFO - Current task name:check_file_exists state:running start_date:2025-04-10 09:12:27.813236+00:00
[2025-04-10T09:12:28.448+0000] {logging_mixin.py:190} INFO - Dag name:beer_data_processing and current dag run status:running
[2025-04-10T09:12:28.450+0000] {taskinstance.py:732} INFO - ::endgroup::
[2025-04-10T09:12:28.452+0000] {baseoperator.py:423} WARNING - FileSensor.execute cannot be called outside TaskInstance!
[2025-04-10T09:12:28.474+0000] {base.py:84} INFO - Retrieving connection 'dataset_folder'
[2025-04-10T09:12:28.477+0000] {filesystem.py:109} INFO - Poking for file /opt/***/dags/data/beer_profile_and_ratings.csv
[2025-04-10T09:12:28.506+0000] {filesystem.py:113} INFO - Found File /opt/***/dags/data/beer_profile_and_ratings.csv last modified: 20250402135654
[2025-04-10T09:12:28.508+0000] {base.py:339} INFO - Success criteria met. Exiting.
[2025-04-10T09:12:28.510+0000] {filesystem.py:109} INFO - Poking for file /opt/***/dags/data/beer_profile_and_ratings.csv
[2025-04-10T09:12:28.530+0000] {filesystem.py:113} INFO - Found File /opt/***/dags/data/beer_profile_and_ratings.csv last modified: 20250402135654
[2025-04-10T09:12:28.557+0000] {taskinstance.py:341} INFO - ::group::Post task execution logs
[2025-04-10T09:12:28.558+0000] {taskinstance.py:353} INFO - Marking task as SUCCESS. dag_id=beer_data_processing, task_id=check_file_exists, run_id=manual__2025-04-10T09:12:13.608268+00:00, execution_date=20250410T091213, start_date=20250410T091227, end_date=20250410T091228
[2025-04-10T09:12:28.621+0000] {logging_mixin.py:190} INFO - Task instance in success state
[2025-04-10T09:12:28.622+0000] {logging_mixin.py:190} INFO -  Previous state of the Task instance: running
[2025-04-10T09:12:28.623+0000] {logging_mixin.py:190} INFO - Dag name:beer_data_processing queued_at:2025-04-10 09:12:13.670049+00:00
[2025-04-10T09:12:28.624+0000] {logging_mixin.py:190} INFO - Task hostname:abcc0ba2292b operator:FileSensor
[2025-04-10T09:12:28.694+0000] {local_task_job_runner.py:266} INFO - Task exited with return code 0
[2025-04-10T09:12:28.773+0000] {taskinstance.py:3901} INFO - 1 downstream tasks scheduled from follow-on schedule check
[2025-04-10T09:12:28.786+0000] {local_task_job_runner.py:245} INFO - ::endgroup::
