[2025-04-16T14:10:56.352+0000] {local_task_job_runner.py:123} INFO - ::group::Pre task execution logs
[2025-04-16T14:10:56.827+0000] {taskinstance.py:2614} INFO - Dependencies all met for dep_context=non-requeueable deps ti=<TaskInstance: beer_data_processing.process_robust_scaler manual__2025-04-16T14:04:23.930993+00:00 [queued]>
[2025-04-16T14:10:56.950+0000] {taskinstance.py:2614} INFO - Dependencies all met for dep_context=requeueable deps ti=<TaskInstance: beer_data_processing.process_robust_scaler manual__2025-04-16T14:04:23.930993+00:00 [queued]>
[2025-04-16T14:10:56.952+0000] {taskinstance.py:2867} INFO - Starting attempt 2 of 6
[2025-04-16T14:10:57.139+0000] {taskinstance.py:2890} INFO - Executing <Task(PythonOperator): process_robust_scaler> on 2025-04-16 14:04:23.930993+00:00
[2025-04-16T14:10:58.524+0000] {standard_task_runner.py:104} INFO - Running: ['***', 'tasks', 'run', 'beer_data_processing', 'process_robust_scaler', 'manual__2025-04-16T14:04:23.930993+00:00', '--job-id', '530', '--raw', '--subdir', 'DAGS_FOLDER/beer_data_processing_dag.py', '--cfg-path', '/tmp/tmp_1r35vmk']
[2025-04-16T14:10:58.666+0000] {logging_mixin.py:190} WARNING - /home/***/.local/lib/python3.12/site-packages/***/task/task_runner/standard_task_runner.py:70 DeprecationWarning: This process (pid=35319) is multi-threaded, use of fork() may lead to deadlocks in the child.
[2025-04-16T14:10:59.025+0000] {standard_task_runner.py:72} INFO - Started process 35608 to run task
[2025-04-16T14:10:59.019+0000] {standard_task_runner.py:105} INFO - Job 530: Subtask process_robust_scaler
[2025-04-16T14:11:11.668+0000] {job.py:229} INFO - Heartbeat recovered after 15.94 seconds
[2025-04-16T14:11:19.899+0000] {task_command.py:467} INFO - Running <TaskInstance: beer_data_processing.process_robust_scaler manual__2025-04-16T14:04:23.930993+00:00 [running]> on host 3e53738720c8
[2025-04-16T14:11:22.404+0000] {taskinstance.py:3134} INFO - Exporting env vars: AIRFLOW_CTX_DAG_OWNER='***' AIRFLOW_CTX_DAG_ID='beer_data_processing' AIRFLOW_CTX_TASK_ID='process_robust_scaler' AIRFLOW_CTX_EXECUTION_DATE='2025-04-16T14:04:23.930993+00:00' AIRFLOW_CTX_TRY_NUMBER='2' AIRFLOW_CTX_DAG_RUN_ID='manual__2025-04-16T14:04:23.930993+00:00'
[2025-04-16T14:11:22.520+0000] {logging_mixin.py:190} INFO - Task instance is in running state
[2025-04-16T14:11:22.603+0000] {logging_mixin.py:190} INFO -  Previous state of the Task instance: queued
[2025-04-16T14:11:22.664+0000] {logging_mixin.py:190} INFO - Current task name:process_robust_scaler state:running start_date:2025-04-16 14:10:56.831014+00:00
[2025-04-16T14:11:22.701+0000] {logging_mixin.py:190} INFO - Dag name:beer_data_processing and current dag run status:running
[2025-04-16T14:11:22.774+0000] {taskinstance.py:732} INFO - ::endgroup::
[2025-04-16T14:11:26.736+0000] {job.py:229} INFO - Heartbeat recovered after 16.72 seconds
[2025-04-16T14:11:53.940+0000] {job.py:229} INFO - Heartbeat recovered after 18.18 seconds
[2025-04-16T14:11:55.162+0000] {python.py:240} INFO - Done. Returned value was: True
[2025-04-16T14:12:04.900+0000] {job.py:229} INFO - Heartbeat recovered after 13.54 seconds
[2025-04-16T14:12:15.161+0000] {job.py:229} INFO - Heartbeat recovered after 10.67 seconds
[2025-04-16T14:12:15.924+0000] {taskinstance.py:341} INFO - ::group::Post task execution logs
[2025-04-16T14:12:16.035+0000] {taskinstance.py:353} INFO - Marking task as SUCCESS. dag_id=beer_data_processing, task_id=process_robust_scaler, run_id=manual__2025-04-16T14:04:23.930993+00:00, execution_date=20250416T140423, start_date=20250416T141056, end_date=20250416T141216
[2025-04-16T14:12:21.886+0000] {logging_mixin.py:190} INFO - Task instance in success state
[2025-04-16T14:12:22.150+0000] {logging_mixin.py:190} INFO -  Previous state of the Task instance: running
[2025-04-16T14:12:22.194+0000] {logging_mixin.py:190} INFO - Dag name:beer_data_processing queued_at:2025-04-16 14:04:24.139195+00:00
[2025-04-16T14:12:22.314+0000] {logging_mixin.py:190} INFO - Task hostname:3e53738720c8 operator:PythonOperator
[2025-04-16T14:12:24.783+0000] {local_task_job_runner.py:266} INFO - Task exited with return code 0
[2025-04-16T14:12:28.490+0000] {local_task_job_runner.py:245} INFO - ::endgroup::
[2025-04-16T14:12:29.500+0000] {standard_task_runner.py:217} INFO - Process not found (most likely exited), stop collecting metrics
