[2025-04-16T22:25:39.038+0000] {local_task_job_runner.py:123} INFO - ::group::Pre task execution logs
[2025-04-16T22:25:39.097+0000] {taskinstance.py:2614} INFO - Dependencies all met for dep_context=non-requeueable deps ti=<TaskInstance: beer_data_processing.load_data manual__2025-04-16T22:25:21.258432+00:00 [queued]>
[2025-04-16T22:25:39.122+0000] {taskinstance.py:2614} INFO - Dependencies all met for dep_context=requeueable deps ti=<TaskInstance: beer_data_processing.load_data manual__2025-04-16T22:25:21.258432+00:00 [queued]>
[2025-04-16T22:25:39.123+0000] {taskinstance.py:2867} INFO - Starting attempt 1 of 6
[2025-04-16T22:25:39.155+0000] {taskinstance.py:2890} INFO - Executing <Task(PythonOperator): load_data> on 2025-04-16 22:25:21.258432+00:00
[2025-04-16T22:25:39.217+0000] {standard_task_runner.py:104} INFO - Running: ['***', 'tasks', 'run', 'beer_data_processing', 'load_data', 'manual__2025-04-16T22:25:21.258432+00:00', '--job-id', '867', '--raw', '--subdir', 'DAGS_FOLDER/beer_data_processing_dag.py', '--cfg-path', '/tmp/tmppfeoym8p']
[2025-04-16T22:25:39.221+0000] {standard_task_runner.py:105} INFO - Job 867: Subtask load_data
[2025-04-16T22:25:39.221+0000] {logging_mixin.py:190} WARNING - /home/***/.local/lib/python3.12/site-packages/***/task/task_runner/standard_task_runner.py:70 DeprecationWarning: This process (pid=28349) is multi-threaded, use of fork() may lead to deadlocks in the child.
[2025-04-16T22:25:39.223+0000] {standard_task_runner.py:72} INFO - Started process 28473 to run task
[2025-04-16T22:25:39.334+0000] {task_command.py:467} INFO - Running <TaskInstance: beer_data_processing.load_data manual__2025-04-16T22:25:21.258432+00:00 [running]> on host a0d0456bae2c
[2025-04-16T22:25:39.519+0000] {taskinstance.py:3134} INFO - Exporting env vars: AIRFLOW_CTX_DAG_OWNER='***' AIRFLOW_CTX_DAG_ID='beer_data_processing' AIRFLOW_CTX_TASK_ID='load_data' AIRFLOW_CTX_EXECUTION_DATE='2025-04-16T22:25:21.258432+00:00' AIRFLOW_CTX_TRY_NUMBER='1' AIRFLOW_CTX_DAG_RUN_ID='manual__2025-04-16T22:25:21.258432+00:00'
[2025-04-16T22:25:39.521+0000] {logging_mixin.py:190} INFO - Task instance is in running state
[2025-04-16T22:25:39.523+0000] {logging_mixin.py:190} INFO -  Previous state of the Task instance: queued
[2025-04-16T22:25:39.524+0000] {logging_mixin.py:190} INFO - Current task name:load_data state:running start_date:2025-04-16 22:25:39.099568+00:00
[2025-04-16T22:25:39.525+0000] {logging_mixin.py:190} INFO - Dag name:beer_data_processing and current dag run status:running
[2025-04-16T22:25:39.526+0000] {taskinstance.py:732} INFO - ::endgroup::
[2025-04-16T22:25:41.394+0000] {logging_mixin.py:190} INFO - Завантажено 3197 записів з CSV файлу
[2025-04-16T22:25:41.396+0000] {python.py:240} INFO - Done. Returned value was: True
[2025-04-16T22:25:41.577+0000] {taskinstance.py:341} INFO - ::group::Post task execution logs
[2025-04-16T22:25:41.579+0000] {taskinstance.py:353} INFO - Marking task as SUCCESS. dag_id=beer_data_processing, task_id=load_data, run_id=manual__2025-04-16T22:25:21.258432+00:00, execution_date=20250416T222521, start_date=20250416T222539, end_date=20250416T222541
[2025-04-16T22:25:42.607+0000] {logging_mixin.py:190} INFO - Task instance in success state
[2025-04-16T22:25:42.609+0000] {logging_mixin.py:190} INFO -  Previous state of the Task instance: running
[2025-04-16T22:25:42.610+0000] {logging_mixin.py:190} INFO - Dag name:beer_data_processing queued_at:2025-04-16 22:25:21.522224+00:00
[2025-04-16T22:25:42.611+0000] {logging_mixin.py:190} INFO - Task hostname:a0d0456bae2c operator:PythonOperator
[2025-04-16T22:25:42.653+0000] {local_task_job_runner.py:266} INFO - Task exited with return code 0
[2025-04-16T22:25:42.756+0000] {taskinstance.py:3901} INFO - 3 downstream tasks scheduled from follow-on schedule check
[2025-04-16T22:25:42.761+0000] {local_task_job_runner.py:245} INFO - ::endgroup::
