[2025-04-10T10:20:38.407+0000] {local_task_job_runner.py:123} INFO - ::group::Pre task execution logs
[2025-04-10T10:20:38.462+0000] {taskinstance.py:2614} INFO - Dependencies all met for dep_context=non-requeueable deps ti=<TaskInstance: beer_data_processing.create_dim_beer manual__2025-04-10T10:19:48.606689+00:00 [queued]>
[2025-04-10T10:20:38.491+0000] {taskinstance.py:2614} INFO - Dependencies all met for dep_context=requeueable deps ti=<TaskInstance: beer_data_processing.create_dim_beer manual__2025-04-10T10:19:48.606689+00:00 [queued]>
[2025-04-10T10:20:38.492+0000] {taskinstance.py:2867} INFO - Starting attempt 1 of 6
[2025-04-10T10:20:38.524+0000] {taskinstance.py:2890} INFO - Executing <Task(PythonOperator): create_dim_beer> on 2025-04-10 10:19:48.606689+00:00
[2025-04-10T10:20:38.555+0000] {logging_mixin.py:190} WARNING - /home/***/.local/lib/python3.12/site-packages/***/task/task_runner/standard_task_runner.py:70 DeprecationWarning: This process (pid=32832) is multi-threaded, use of fork() may lead to deadlocks in the child.
[2025-04-10T10:20:38.555+0000] {standard_task_runner.py:104} INFO - Running: ['***', 'tasks', 'run', 'beer_data_processing', 'create_dim_beer', 'manual__2025-04-10T10:19:48.606689+00:00', '--job-id', '216', '--raw', '--subdir', 'DAGS_FOLDER/beer_data_processing_dag.py', '--cfg-path', '/tmp/tmpl2f_ef9b']
[2025-04-10T10:20:38.559+0000] {standard_task_runner.py:72} INFO - Started process 32834 to run task
[2025-04-10T10:20:38.559+0000] {standard_task_runner.py:105} INFO - Job 216: Subtask create_dim_beer
[2025-04-10T10:20:38.695+0000] {task_command.py:467} INFO - Running <TaskInstance: beer_data_processing.create_dim_beer manual__2025-04-10T10:19:48.606689+00:00 [running]> on host abcc0ba2292b
[2025-04-10T10:20:39.000+0000] {taskinstance.py:3134} INFO - Exporting env vars: AIRFLOW_CTX_DAG_OWNER='***' AIRFLOW_CTX_DAG_ID='beer_data_processing' AIRFLOW_CTX_TASK_ID='create_dim_beer' AIRFLOW_CTX_EXECUTION_DATE='2025-04-10T10:19:48.606689+00:00' AIRFLOW_CTX_TRY_NUMBER='1' AIRFLOW_CTX_DAG_RUN_ID='manual__2025-04-10T10:19:48.606689+00:00'
[2025-04-10T10:20:39.006+0000] {logging_mixin.py:190} INFO - Task instance is in running state
[2025-04-10T10:20:39.008+0000] {logging_mixin.py:190} INFO -  Previous state of the Task instance: queued
[2025-04-10T10:20:39.010+0000] {logging_mixin.py:190} INFO - Current task name:create_dim_beer state:running start_date:2025-04-10 10:20:38.464426+00:00
[2025-04-10T10:20:39.012+0000] {logging_mixin.py:190} INFO - Dag name:beer_data_processing and current dag run status:running
[2025-04-10T10:20:39.013+0000] {taskinstance.py:732} INFO - ::endgroup::
[2025-04-10T10:20:39.185+0000] {logging_mixin.py:190} WARNING - /opt/***/dags/beer_data_processing_dag.py:65 FutureWarning: Passing literal json to 'read_json' is deprecated and will be removed in a future version. To read from a literal string, wrap it in a 'StringIO' object.
[2025-04-10T10:20:39.405+0000] {base.py:84} INFO - Retrieving connection 'postgres_conn'
[2025-04-10T10:20:41.964+0000] {logging_mixin.py:190} INFO - Створено датасет dim_beer з 3066 записами
[2025-04-10T10:20:41.969+0000] {python.py:240} INFO - Done. Returned value was: True
[2025-04-10T10:20:42.074+0000] {taskinstance.py:341} INFO - ::group::Post task execution logs
[2025-04-10T10:20:42.076+0000] {taskinstance.py:353} INFO - Marking task as SUCCESS. dag_id=beer_data_processing, task_id=create_dim_beer, run_id=manual__2025-04-10T10:19:48.606689+00:00, execution_date=20250410T101948, start_date=20250410T102038, end_date=20250410T102042
[2025-04-10T10:20:42.140+0000] {logging_mixin.py:190} INFO - Task instance in success state
[2025-04-10T10:20:42.143+0000] {logging_mixin.py:190} INFO -  Previous state of the Task instance: running
[2025-04-10T10:20:42.145+0000] {logging_mixin.py:190} INFO - Dag name:beer_data_processing queued_at:2025-04-10 10:19:49.953385+00:00
[2025-04-10T10:20:42.146+0000] {logging_mixin.py:190} INFO - Task hostname:abcc0ba2292b operator:PythonOperator
[2025-04-10T10:20:42.202+0000] {local_task_job_runner.py:266} INFO - Task exited with return code 0
[2025-04-10T10:20:42.303+0000] {taskinstance.py:3901} INFO - 1 downstream tasks scheduled from follow-on schedule check
[2025-04-10T10:20:42.417+0000] {local_task_job_runner.py:245} INFO - ::endgroup::
