[2025-04-16T12:59:00.077+0000] {local_task_job_runner.py:123} INFO - ::group::Pre task execution logs
[2025-04-16T12:59:00.462+0000] {taskinstance.py:2614} INFO - Dependencies all met for dep_context=non-requeueable deps ti=<TaskInstance: beer_data_processing.process_min_max scheduled__2025-04-10T00:00:00+00:00 [queued]>
[2025-04-16T12:59:00.603+0000] {taskinstance.py:2614} INFO - Dependencies all met for dep_context=requeueable deps ti=<TaskInstance: beer_data_processing.process_min_max scheduled__2025-04-10T00:00:00+00:00 [queued]>
[2025-04-16T12:59:00.608+0000] {taskinstance.py:2867} INFO - Starting attempt 2 of 6
[2025-04-16T12:59:00.795+0000] {taskinstance.py:2890} INFO - Executing <Task(PythonOperator): process_min_max> on 2025-04-10 00:00:00+00:00
[2025-04-16T12:59:01.395+0000] {logging_mixin.py:190} WARNING - /home/***/.local/lib/python3.12/site-packages/***/task/task_runner/standard_task_runner.py:70 DeprecationWarning: This process (pid=2113) is multi-threaded, use of fork() may lead to deadlocks in the child.
[2025-04-16T12:59:01.415+0000] {standard_task_runner.py:72} INFO - Started process 2478 to run task
[2025-04-16T12:59:01.418+0000] {standard_task_runner.py:104} INFO - Running: ['***', 'tasks', 'run', 'beer_data_processing', 'process_min_max', 'scheduled__2025-04-10T00:00:00+00:00', '--job-id', '382', '--raw', '--subdir', 'DAGS_FOLDER/beer_data_processing_dag.py', '--cfg-path', '/tmp/tmp7w70uun7']
[2025-04-16T12:59:01.432+0000] {standard_task_runner.py:105} INFO - Job 382: Subtask process_min_max
[2025-04-16T12:59:02.327+0000] {task_command.py:467} INFO - Running <TaskInstance: beer_data_processing.process_min_max scheduled__2025-04-10T00:00:00+00:00 [running]> on host 3e53738720c8
[2025-04-16T12:59:03.039+0000] {taskinstance.py:3134} INFO - Exporting env vars: AIRFLOW_CTX_DAG_OWNER='***' AIRFLOW_CTX_DAG_ID='beer_data_processing' AIRFLOW_CTX_TASK_ID='process_min_max' AIRFLOW_CTX_EXECUTION_DATE='2025-04-10T00:00:00+00:00' AIRFLOW_CTX_TRY_NUMBER='2' AIRFLOW_CTX_DAG_RUN_ID='scheduled__2025-04-10T00:00:00+00:00'
[2025-04-16T12:59:03.089+0000] {logging_mixin.py:190} INFO - Task instance is in running state
[2025-04-16T12:59:03.100+0000] {logging_mixin.py:190} INFO -  Previous state of the Task instance: queued
[2025-04-16T12:59:03.105+0000] {logging_mixin.py:190} INFO - Current task name:process_min_max state:running start_date:2025-04-16 12:59:00.500692+00:00
[2025-04-16T12:59:03.111+0000] {logging_mixin.py:190} INFO - Dag name:beer_data_processing and current dag run status:running
[2025-04-16T12:59:03.117+0000] {taskinstance.py:732} INFO - ::endgroup::
[2025-04-16T12:59:06.304+0000] {python.py:240} INFO - Done. Returned value was: True
[2025-04-16T12:59:06.821+0000] {taskinstance.py:341} INFO - ::group::Post task execution logs
[2025-04-16T12:59:06.827+0000] {taskinstance.py:353} INFO - Marking task as SUCCESS. dag_id=beer_data_processing, task_id=process_min_max, run_id=scheduled__2025-04-10T00:00:00+00:00, execution_date=20250410T000000, start_date=20250416T125900, end_date=20250416T125906
[2025-04-16T12:59:07.123+0000] {logging_mixin.py:190} INFO - Task instance in success state
[2025-04-16T12:59:07.127+0000] {logging_mixin.py:190} INFO -  Previous state of the Task instance: running
[2025-04-16T12:59:07.135+0000] {logging_mixin.py:190} INFO - Dag name:beer_data_processing queued_at:2025-04-16 12:41:26.863776+00:00
[2025-04-16T12:59:07.161+0000] {logging_mixin.py:190} INFO - Task hostname:3e53738720c8 operator:PythonOperator
[2025-04-16T12:59:07.274+0000] {local_task_job_runner.py:266} INFO - Task exited with return code 0
[2025-04-16T12:59:07.435+0000] {taskinstance.py:3901} INFO - 0 downstream tasks scheduled from follow-on schedule check
[2025-04-16T12:59:07.448+0000] {local_task_job_runner.py:245} INFO - ::endgroup::
