[2025-04-10T13:32:47.450+0000] {local_task_job_runner.py:123} INFO - ::group::Pre task execution logs
[2025-04-10T13:32:47.504+0000] {taskinstance.py:2614} INFO - Dependencies all met for dep_context=non-requeueable deps ti=<TaskInstance: beer_data_processing.create_fact_table manual__2025-04-10T13:31:23.952261+00:00 [queued]>
[2025-04-10T13:32:47.535+0000] {taskinstance.py:2614} INFO - Dependencies all met for dep_context=requeueable deps ti=<TaskInstance: beer_data_processing.create_fact_table manual__2025-04-10T13:31:23.952261+00:00 [queued]>
[2025-04-10T13:32:47.537+0000] {taskinstance.py:2867} INFO - Starting attempt 1 of 6
[2025-04-10T13:32:47.576+0000] {taskinstance.py:2890} INFO - Executing <Task(PythonOperator): create_fact_table> on 2025-04-10 13:31:23.952261+00:00
[2025-04-10T13:32:47.602+0000] {standard_task_runner.py:104} INFO - Running: ['***', 'tasks', 'run', 'beer_data_processing', 'create_fact_table', 'manual__2025-04-10T13:31:23.952261+00:00', '--job-id', '272', '--raw', '--subdir', 'DAGS_FOLDER/beer_data_processing_dag.py', '--cfg-path', '/tmp/tmp_x9bw1mp']
[2025-04-10T13:32:47.607+0000] {standard_task_runner.py:105} INFO - Job 272: Subtask create_fact_table
[2025-04-10T13:32:47.617+0000] {logging_mixin.py:190} WARNING - /home/***/.local/lib/python3.12/site-packages/***/task/task_runner/standard_task_runner.py:70 DeprecationWarning: This process (pid=7216) is multi-threaded, use of fork() may lead to deadlocks in the child.
[2025-04-10T13:32:47.619+0000] {standard_task_runner.py:72} INFO - Started process 7313 to run task
[2025-04-10T13:32:47.702+0000] {task_command.py:467} INFO - Running <TaskInstance: beer_data_processing.create_fact_table manual__2025-04-10T13:31:23.952261+00:00 [running]> on host 3e53738720c8
[2025-04-10T13:32:47.859+0000] {taskinstance.py:3134} INFO - Exporting env vars: AIRFLOW_CTX_DAG_OWNER='***' AIRFLOW_CTX_DAG_ID='beer_data_processing' AIRFLOW_CTX_TASK_ID='create_fact_table' AIRFLOW_CTX_EXECUTION_DATE='2025-04-10T13:31:23.952261+00:00' AIRFLOW_CTX_TRY_NUMBER='1' AIRFLOW_CTX_DAG_RUN_ID='manual__2025-04-10T13:31:23.952261+00:00'
[2025-04-10T13:32:47.861+0000] {logging_mixin.py:190} INFO - Task instance is in running state
[2025-04-10T13:32:47.863+0000] {logging_mixin.py:190} INFO -  Previous state of the Task instance: queued
[2025-04-10T13:32:47.864+0000] {logging_mixin.py:190} INFO - Current task name:create_fact_table state:running start_date:2025-04-10 13:32:47.506281+00:00
[2025-04-10T13:32:47.865+0000] {logging_mixin.py:190} INFO - Dag name:beer_data_processing and current dag run status:running
[2025-04-10T13:32:47.866+0000] {taskinstance.py:732} INFO - ::endgroup::
[2025-04-10T13:32:48.110+0000] {base.py:84} INFO - Retrieving connection 'postgres_conn'
[2025-04-10T13:32:52.983+0000] {logging_mixin.py:190} INFO - Створено факт-таблицю з 6395 записами
[2025-04-10T13:32:53.006+0000] {python.py:240} INFO - Done. Returned value was: True
[2025-04-10T13:32:53.063+0000] {taskinstance.py:341} INFO - ::group::Post task execution logs
[2025-04-10T13:32:53.064+0000] {taskinstance.py:353} INFO - Marking task as SUCCESS. dag_id=beer_data_processing, task_id=create_fact_table, run_id=manual__2025-04-10T13:31:23.952261+00:00, execution_date=20250410T133123, start_date=20250410T133247, end_date=20250410T133253
[2025-04-10T13:32:53.113+0000] {logging_mixin.py:190} INFO - Task instance in success state
[2025-04-10T13:32:53.114+0000] {logging_mixin.py:190} INFO -  Previous state of the Task instance: running
[2025-04-10T13:32:53.115+0000] {logging_mixin.py:190} INFO - Dag name:beer_data_processing queued_at:2025-04-10 13:31:24.539061+00:00
[2025-04-10T13:32:53.116+0000] {logging_mixin.py:190} INFO - Task hostname:3e53738720c8 operator:PythonOperator
[2025-04-10T13:32:53.151+0000] {local_task_job_runner.py:266} INFO - Task exited with return code 0
[2025-04-10T13:32:53.183+0000] {taskinstance.py:3901} INFO - 0 downstream tasks scheduled from follow-on schedule check
[2025-04-10T13:32:53.187+0000] {local_task_job_runner.py:245} INFO - ::endgroup::
