[2025-04-09T22:19:11.042+0000] {local_task_job_runner.py:123} INFO - ::group::Pre task execution logs
[2025-04-09T22:19:11.127+0000] {taskinstance.py:2614} INFO - Dependencies all met for dep_context=non-requeueable deps ti=<TaskInstance: beer_data_processing.create_fact_table manual__2025-04-09T22:17:46.681532+00:00 [queued]>
[2025-04-09T22:19:11.169+0000] {taskinstance.py:2614} INFO - Dependencies all met for dep_context=requeueable deps ti=<TaskInstance: beer_data_processing.create_fact_table manual__2025-04-09T22:17:46.681532+00:00 [queued]>
[2025-04-09T22:19:11.170+0000] {taskinstance.py:2867} INFO - Starting attempt 1 of 1
[2025-04-09T22:19:11.215+0000] {taskinstance.py:2890} INFO - Executing <Task(PythonOperator): create_fact_table> on 2025-04-09 22:17:46.681532+00:00
[2025-04-09T22:19:11.246+0000] {standard_task_runner.py:104} INFO - Running: ['***', 'tasks', 'run', 'beer_data_processing', 'create_fact_table', 'manual__2025-04-09T22:17:46.681532+00:00', '--job-id', '81', '--raw', '--subdir', 'DAGS_FOLDER/beer_data_processing_dag.py', '--cfg-path', '/tmp/tmp6uxi39qk']
[2025-04-09T22:19:11.249+0000] {standard_task_runner.py:105} INFO - Job 81: Subtask create_fact_table
[2025-04-09T22:19:11.273+0000] {logging_mixin.py:190} WARNING - /home/***/.local/lib/python3.12/site-packages/***/task/task_runner/standard_task_runner.py:70 DeprecationWarning: This process (pid=47447) is multi-threaded, use of fork() may lead to deadlocks in the child.
[2025-04-09T22:19:11.276+0000] {standard_task_runner.py:72} INFO - Started process 47560 to run task
[2025-04-09T22:19:11.453+0000] {task_command.py:467} INFO - Running <TaskInstance: beer_data_processing.create_fact_table manual__2025-04-09T22:17:46.681532+00:00 [running]> on host 893b969cc7b0
[2025-04-09T22:19:11.672+0000] {taskinstance.py:3134} INFO - Exporting env vars: AIRFLOW_CTX_DAG_OWNER='***' AIRFLOW_CTX_DAG_ID='beer_data_processing' AIRFLOW_CTX_TASK_ID='create_fact_table' AIRFLOW_CTX_EXECUTION_DATE='2025-04-09T22:17:46.681532+00:00' AIRFLOW_CTX_TRY_NUMBER='1' AIRFLOW_CTX_DAG_RUN_ID='manual__2025-04-09T22:17:46.681532+00:00'
[2025-04-09T22:19:11.676+0000] {logging_mixin.py:190} INFO - Task instance is in running state
[2025-04-09T22:19:11.677+0000] {logging_mixin.py:190} INFO -  Previous state of the Task instance: queued
[2025-04-09T22:19:11.678+0000] {logging_mixin.py:190} INFO - Current task name:create_fact_table state:running start_date:2025-04-09 22:19:11.128980+00:00
[2025-04-09T22:19:11.680+0000] {logging_mixin.py:190} INFO - Dag name:beer_data_processing and current dag run status:running
[2025-04-09T22:19:11.681+0000] {taskinstance.py:732} INFO - ::endgroup::
[2025-04-09T22:19:11.817+0000] {logging_mixin.py:190} WARNING - /opt/***/dags/beer_data_processing_dag.py:179 FutureWarning: Passing literal json to 'read_json' is deprecated and will be removed in a future version. To read from a literal string, wrap it in a 'StringIO' object.
[2025-04-09T22:19:12.192+0000] {base.py:84} INFO - Retrieving connection 'postgres_conn'
[2025-04-09T22:19:16.385+0000] {logging_mixin.py:190} INFO - Створено факт-таблицю з 3197 записами
[2025-04-09T22:19:16.390+0000] {python.py:240} INFO - Done. Returned value was: True
[2025-04-09T22:19:16.440+0000] {taskinstance.py:341} INFO - ::group::Post task execution logs
[2025-04-09T22:19:16.442+0000] {taskinstance.py:353} INFO - Marking task as SUCCESS. dag_id=beer_data_processing, task_id=create_fact_table, run_id=manual__2025-04-09T22:17:46.681532+00:00, execution_date=20250409T221746, start_date=20250409T221911, end_date=20250409T221916
[2025-04-09T22:19:16.488+0000] {logging_mixin.py:190} INFO - Task instance in success state
[2025-04-09T22:19:16.489+0000] {logging_mixin.py:190} INFO -  Previous state of the Task instance: running
[2025-04-09T22:19:16.491+0000] {logging_mixin.py:190} INFO - Dag name:beer_data_processing queued_at:2025-04-09 22:17:47.099534+00:00
[2025-04-09T22:19:16.491+0000] {logging_mixin.py:190} INFO - Task hostname:893b969cc7b0 operator:PythonOperator
[2025-04-09T22:19:16.528+0000] {local_task_job_runner.py:266} INFO - Task exited with return code 0
[2025-04-09T22:19:16.557+0000] {taskinstance.py:3901} INFO - 0 downstream tasks scheduled from follow-on schedule check
[2025-04-09T22:19:16.561+0000] {local_task_job_runner.py:245} INFO - ::endgroup::
