[2025-04-16T15:54:03.159+0000] {local_task_job_runner.py:123} INFO - ::group::Pre task execution logs
[2025-04-16T15:54:03.840+0000] {taskinstance.py:2614} INFO - Dependencies all met for dep_context=non-requeueable deps ti=<TaskInstance: beer_data_processing.create_dim_style_table scheduled__2025-04-16T08:00:00+00:00 [queued]>
[2025-04-16T15:54:03.988+0000] {taskinstance.py:2614} INFO - Dependencies all met for dep_context=requeueable deps ti=<TaskInstance: beer_data_processing.create_dim_style_table scheduled__2025-04-16T08:00:00+00:00 [queued]>
[2025-04-16T15:54:03.996+0000] {taskinstance.py:2867} INFO - Starting attempt 1 of 6
[2025-04-16T15:54:04.383+0000] {taskinstance.py:2890} INFO - Executing <Task(SQLExecuteQueryOperator): create_dim_style_table> on 2025-04-16 08:00:00+00:00
[2025-04-16T15:54:04.837+0000] {standard_task_runner.py:104} INFO - Running: ['***', 'tasks', 'run', 'beer_data_processing', 'create_dim_style_table', 'scheduled__2025-04-16T08:00:00+00:00', '--job-id', '625', '--raw', '--subdir', 'DAGS_FOLDER/beer_data_processing_dag.py', '--cfg-path', '/tmp/tmp7hfsmhl0']
[2025-04-16T15:54:04.884+0000] {standard_task_runner.py:105} INFO - Job 625: Subtask create_dim_style_table
[2025-04-16T15:54:04.906+0000] {logging_mixin.py:190} WARNING - /home/***/.local/lib/python3.12/site-packages/***/task/task_runner/standard_task_runner.py:70 DeprecationWarning: This process (pid=928) is multi-threaded, use of fork() may lead to deadlocks in the child.
[2025-04-16T15:54:04.918+0000] {standard_task_runner.py:72} INFO - Started process 1322 to run task
[2025-04-16T15:54:28.602+0000] {cli_action_loggers.py:177} WARNING - Failed to log action (psycopg2.OperationalError) could not translate host name "postgres" to address: Temporary failure in name resolution

(Background on this error at: https://sqlalche.me/e/14/e3q8)
[2025-04-16T15:54:54.433+0000] {job.py:229} INFO - Heartbeat recovered after 56.62 seconds
[2025-04-16T15:54:58.445+0000] {task_command.py:467} INFO - Running <TaskInstance: beer_data_processing.create_dim_style_table scheduled__2025-04-16T08:00:00+00:00 [running]> on host 3e53738720c8
[2025-04-16T15:54:59.866+0000] {taskinstance.py:3134} INFO - Exporting env vars: AIRFLOW_CTX_DAG_OWNER='***' AIRFLOW_CTX_DAG_ID='beer_data_processing' AIRFLOW_CTX_TASK_ID='create_dim_style_table' AIRFLOW_CTX_EXECUTION_DATE='2025-04-16T08:00:00+00:00' AIRFLOW_CTX_TRY_NUMBER='1' AIRFLOW_CTX_DAG_RUN_ID='scheduled__2025-04-16T08:00:00+00:00'
[2025-04-16T15:54:59.990+0000] {logging_mixin.py:190} INFO - Task instance is in running state
[2025-04-16T15:54:59.994+0000] {logging_mixin.py:190} INFO -  Previous state of the Task instance: queued
[2025-04-16T15:54:59.996+0000] {logging_mixin.py:190} INFO - Current task name:create_dim_style_table state:running start_date:2025-04-16 15:54:03.849414+00:00
[2025-04-16T15:54:59.999+0000] {logging_mixin.py:190} INFO - Dag name:beer_data_processing and current dag run status:running
[2025-04-16T15:55:00.004+0000] {taskinstance.py:732} INFO - ::endgroup::
[2025-04-16T15:55:00.013+0000] {sql.py:295} INFO - Executing: 
    CREATE TABLE IF NOT EXISTS dim_style (
        style_id SERIAL PRIMARY KEY,
        style_name VARCHAR(255) NOT NULL UNIQUE
    );
    
[2025-04-16T15:55:00.175+0000] {base.py:84} INFO - Retrieving connection 'postgres_conn'
[2025-04-16T15:55:00.383+0000] {base.py:84} INFO - Retrieving connection 'postgres_conn'
[2025-04-16T15:55:00.429+0000] {sql.py:511} INFO - Running statement: 
    CREATE TABLE IF NOT EXISTS dim_style (
        style_id SERIAL PRIMARY KEY,
        style_name VARCHAR(255) NOT NULL UNIQUE
    );
    , parameters: None
[2025-04-16T15:55:00.646+0000] {logging_mixin.py:190} WARNING - /home/***/.local/lib/python3.12/site-packages/***/providers/common/sql/hooks/sql.py:470 DeprecationWarning: Import of fetch_all_handler from the '***.providers.common.sql.hooks' module is deprecated and will
be removed in the future. Please import it from '***.providers.common.sql.hooks.handlers'.
[2025-04-16T15:55:00.799+0000] {logging_mixin.py:190} WARNING - /home/***/.local/lib/python3.12/site-packages/***/providers/common/sql/hooks/sql.py:471 DeprecationWarning: Import of return_single_query_results from the '***.providers.common.sql.hooks' module is deprecated and will
be removed in the future. Please import it from '***.providers.common.sql.hooks.handlers'.
[2025-04-16T15:55:00.841+0000] {logging_mixin.py:190} WARNING - /home/***/.local/lib/python3.12/site-packages/***/providers/common/sql/hooks/sql.py:486 DeprecationWarning: Import of return_single_query_results from the '***.providers.common.sql.hooks' module is deprecated and will
be removed in the future. Please import it from '***.providers.common.sql.hooks.handlers'.
[2025-04-16T15:55:00.846+0000] {logging_mixin.py:190} WARNING - /home/***/.local/lib/python3.12/site-packages/***/providers/common/sql/operators/sql.py:311 DeprecationWarning: Import of return_single_query_results from the '***.providers.common.sql.hooks' module is deprecated and will
be removed in the future. Please import it from '***.providers.common.sql.hooks.handlers'.
[2025-04-16T15:55:00.932+0000] {taskinstance.py:341} INFO - ::group::Post task execution logs
[2025-04-16T15:55:00.934+0000] {taskinstance.py:353} INFO - Marking task as SUCCESS. dag_id=beer_data_processing, task_id=create_dim_style_table, run_id=scheduled__2025-04-16T08:00:00+00:00, execution_date=20250416T080000, start_date=20250416T155403, end_date=20250416T155500
[2025-04-16T15:55:01.193+0000] {logging_mixin.py:190} INFO - Task instance in success state
[2025-04-16T15:55:01.208+0000] {logging_mixin.py:190} INFO -  Previous state of the Task instance: running
[2025-04-16T15:55:01.210+0000] {logging_mixin.py:190} INFO - Dag name:beer_data_processing queued_at:2025-04-16 15:07:09.591370+00:00
[2025-04-16T15:55:01.219+0000] {logging_mixin.py:190} INFO - Task hostname:3e53738720c8 operator:SQLExecuteQueryOperator
[2025-04-16T15:55:01.443+0000] {local_task_job_runner.py:266} INFO - Task exited with return code 0
[2025-04-16T15:55:02.377+0000] {taskinstance.py:3901} INFO - 1 downstream tasks scheduled from follow-on schedule check
[2025-04-16T15:55:02.731+0000] {local_task_job_runner.py:245} INFO - ::endgroup::
[2025-04-16T15:55:04.734+0000] {standard_task_runner.py:217} INFO - Process not found (most likely exited), stop collecting metrics
