[2025-04-16T18:00:49.173+0000] {local_task_job_runner.py:123} INFO - ::group::Pre task execution logs
[2025-04-16T18:00:49.220+0000] {taskinstance.py:2614} INFO - Dependencies all met for dep_context=non-requeueable deps ti=<TaskInstance: beer_data_processing.create_dim_style scheduled__2025-04-16T17:00:00+00:00 [queued]>
[2025-04-16T18:00:49.249+0000] {taskinstance.py:2614} INFO - Dependencies all met for dep_context=requeueable deps ti=<TaskInstance: beer_data_processing.create_dim_style scheduled__2025-04-16T17:00:00+00:00 [queued]>
[2025-04-16T18:00:49.251+0000] {taskinstance.py:2867} INFO - Starting attempt 1 of 6
[2025-04-16T18:00:49.302+0000] {taskinstance.py:2890} INFO - Executing <Task(PythonOperator): create_dim_style> on 2025-04-16 17:00:00+00:00
[2025-04-16T18:00:49.335+0000] {standard_task_runner.py:104} INFO - Running: ['***', 'tasks', 'run', 'beer_data_processing', 'create_dim_style', 'scheduled__2025-04-16T17:00:00+00:00', '--job-id', '741', '--raw', '--subdir', 'DAGS_FOLDER/beer_data_processing_dag.py', '--cfg-path', '/tmp/tmp53nn8agf']
[2025-04-16T18:00:49.337+0000] {logging_mixin.py:190} WARNING - /home/***/.local/lib/python3.12/site-packages/***/task/task_runner/standard_task_runner.py:70 DeprecationWarning: This process (pid=46148) is multi-threaded, use of fork() may lead to deadlocks in the child.
[2025-04-16T18:00:49.340+0000] {standard_task_runner.py:72} INFO - Started process 46363 to run task
[2025-04-16T18:00:49.340+0000] {standard_task_runner.py:105} INFO - Job 741: Subtask create_dim_style
[2025-04-16T18:00:49.461+0000] {task_command.py:467} INFO - Running <TaskInstance: beer_data_processing.create_dim_style scheduled__2025-04-16T17:00:00+00:00 [running]> on host 3e53738720c8
[2025-04-16T18:00:49.687+0000] {taskinstance.py:3134} INFO - Exporting env vars: AIRFLOW_CTX_DAG_OWNER='***' AIRFLOW_CTX_DAG_ID='beer_data_processing' AIRFLOW_CTX_TASK_ID='create_dim_style' AIRFLOW_CTX_EXECUTION_DATE='2025-04-16T17:00:00+00:00' AIRFLOW_CTX_TRY_NUMBER='1' AIRFLOW_CTX_DAG_RUN_ID='scheduled__2025-04-16T17:00:00+00:00'
[2025-04-16T18:00:49.692+0000] {logging_mixin.py:190} INFO - Task instance is in running state
[2025-04-16T18:00:49.693+0000] {logging_mixin.py:190} INFO -  Previous state of the Task instance: queued
[2025-04-16T18:00:49.695+0000] {logging_mixin.py:190} INFO - Current task name:create_dim_style state:running start_date:2025-04-16 18:00:49.222525+00:00
[2025-04-16T18:00:49.696+0000] {logging_mixin.py:190} INFO - Dag name:beer_data_processing and current dag run status:running
[2025-04-16T18:00:49.697+0000] {taskinstance.py:732} INFO - ::endgroup::
[2025-04-16T18:00:49.880+0000] {base.py:84} INFO - Retrieving connection 'postgres_conn'
[2025-04-16T18:00:50.008+0000] {logging_mixin.py:190} INFO - Створено датасет dim_style з 112 записами
[2025-04-16T18:00:50.010+0000] {python.py:240} INFO - Done. Returned value was: True
[2025-04-16T18:00:50.054+0000] {taskinstance.py:341} INFO - ::group::Post task execution logs
[2025-04-16T18:00:50.056+0000] {taskinstance.py:353} INFO - Marking task as SUCCESS. dag_id=beer_data_processing, task_id=create_dim_style, run_id=scheduled__2025-04-16T17:00:00+00:00, execution_date=20250416T170000, start_date=20250416T180049, end_date=20250416T180050
[2025-04-16T18:00:50.104+0000] {logging_mixin.py:190} INFO - Task instance in success state
[2025-04-16T18:00:50.106+0000] {logging_mixin.py:190} INFO -  Previous state of the Task instance: running
[2025-04-16T18:00:50.107+0000] {logging_mixin.py:190} INFO - Dag name:beer_data_processing queued_at:2025-04-16 18:00:01.401510+00:00
[2025-04-16T18:00:50.108+0000] {logging_mixin.py:190} INFO - Task hostname:3e53738720c8 operator:PythonOperator
[2025-04-16T18:00:50.167+0000] {local_task_job_runner.py:266} INFO - Task exited with return code 0
[2025-04-16T18:00:50.225+0000] {taskinstance.py:3901} INFO - 0 downstream tasks scheduled from follow-on schedule check
[2025-04-16T18:00:50.229+0000] {local_task_job_runner.py:245} INFO - ::endgroup::
