[2025-04-09T22:06:38.085+0000] {local_task_job_runner.py:123} INFO - ::group::Pre task execution logs
[2025-04-09T22:06:38.124+0000] {taskinstance.py:2614} INFO - Dependencies all met for dep_context=non-requeueable deps ti=<TaskInstance: beer_data_processing.check_file_exists manual__2025-04-09T22:06:23.920472+00:00 [queued]>
[2025-04-09T22:06:38.144+0000] {taskinstance.py:2614} INFO - Dependencies all met for dep_context=requeueable deps ti=<TaskInstance: beer_data_processing.check_file_exists manual__2025-04-09T22:06:23.920472+00:00 [queued]>
[2025-04-09T22:06:38.146+0000] {taskinstance.py:2867} INFO - Starting attempt 1 of 1
[2025-04-09T22:06:38.176+0000] {taskinstance.py:2890} INFO - Executing <Task(FileSensor): check_file_exists> on 2025-04-09 22:06:23.920472+00:00
[2025-04-09T22:06:38.208+0000] {standard_task_runner.py:104} INFO - Running: ['***', 'tasks', 'run', 'beer_data_processing', 'check_file_exists', 'manual__2025-04-09T22:06:23.920472+00:00', '--job-id', '68', '--raw', '--subdir', 'DAGS_FOLDER/beer_data_processing_dag.py', '--cfg-path', '/tmp/tmpobhdp5h2']
[2025-04-09T22:06:38.211+0000] {standard_task_runner.py:105} INFO - Job 68: Subtask check_file_exists
[2025-04-09T22:06:38.215+0000] {logging_mixin.py:190} WARNING - /home/***/.local/lib/python3.12/site-packages/***/task/task_runner/standard_task_runner.py:70 DeprecationWarning: This process (pid=40942) is multi-threaded, use of fork() may lead to deadlocks in the child.
[2025-04-09T22:06:38.217+0000] {standard_task_runner.py:72} INFO - Started process 41126 to run task
[2025-04-09T22:06:38.317+0000] {task_command.py:467} INFO - Running <TaskInstance: beer_data_processing.check_file_exists manual__2025-04-09T22:06:23.920472+00:00 [running]> on host 893b969cc7b0
[2025-04-09T22:06:38.496+0000] {taskinstance.py:3134} INFO - Exporting env vars: AIRFLOW_CTX_DAG_OWNER='***' AIRFLOW_CTX_DAG_ID='beer_data_processing' AIRFLOW_CTX_TASK_ID='check_file_exists' AIRFLOW_CTX_EXECUTION_DATE='2025-04-09T22:06:23.920472+00:00' AIRFLOW_CTX_TRY_NUMBER='1' AIRFLOW_CTX_DAG_RUN_ID='manual__2025-04-09T22:06:23.920472+00:00'
[2025-04-09T22:06:38.499+0000] {logging_mixin.py:190} INFO - Task instance is in running state
[2025-04-09T22:06:38.501+0000] {logging_mixin.py:190} INFO -  Previous state of the Task instance: queued
[2025-04-09T22:06:38.502+0000] {logging_mixin.py:190} INFO - Current task name:check_file_exists state:running start_date:2025-04-09 22:06:38.126135+00:00
[2025-04-09T22:06:38.503+0000] {logging_mixin.py:190} INFO - Dag name:beer_data_processing and current dag run status:running
[2025-04-09T22:06:38.505+0000] {taskinstance.py:732} INFO - ::endgroup::
[2025-04-09T22:06:38.506+0000] {baseoperator.py:423} WARNING - FileSensor.execute cannot be called outside TaskInstance!
[2025-04-09T22:06:38.525+0000] {base.py:84} INFO - Retrieving connection 'dataset_folder'
[2025-04-09T22:06:38.527+0000] {filesystem.py:109} INFO - Poking for file /opt/***/dags/data/beer_profile_and_ratings.csv
[2025-04-09T22:06:38.538+0000] {filesystem.py:113} INFO - Found File /opt/***/dags/data/beer_profile_and_ratings.csv last modified: 20250402135654
[2025-04-09T22:06:38.539+0000] {base.py:339} INFO - Success criteria met. Exiting.
[2025-04-09T22:06:38.540+0000] {filesystem.py:109} INFO - Poking for file /opt/***/dags/data/beer_profile_and_ratings.csv
[2025-04-09T22:06:38.551+0000] {filesystem.py:113} INFO - Found File /opt/***/dags/data/beer_profile_and_ratings.csv last modified: 20250402135654
[2025-04-09T22:06:38.571+0000] {taskinstance.py:341} INFO - ::group::Post task execution logs
[2025-04-09T22:06:38.573+0000] {taskinstance.py:353} INFO - Marking task as SUCCESS. dag_id=beer_data_processing, task_id=check_file_exists, run_id=manual__2025-04-09T22:06:23.920472+00:00, execution_date=20250409T220623, start_date=20250409T220638, end_date=20250409T220638
[2025-04-09T22:06:38.628+0000] {logging_mixin.py:190} INFO - Task instance in success state
[2025-04-09T22:06:38.629+0000] {logging_mixin.py:190} INFO -  Previous state of the Task instance: running
[2025-04-09T22:06:38.630+0000] {logging_mixin.py:190} INFO - Dag name:beer_data_processing queued_at:2025-04-09 22:06:24.320832+00:00
[2025-04-09T22:06:38.631+0000] {logging_mixin.py:190} INFO - Task hostname:893b969cc7b0 operator:FileSensor
[2025-04-09T22:06:38.681+0000] {local_task_job_runner.py:266} INFO - Task exited with return code 0
[2025-04-09T22:06:38.761+0000] {taskinstance.py:3901} INFO - 1 downstream tasks scheduled from follow-on schedule check
[2025-04-09T22:06:38.766+0000] {local_task_job_runner.py:245} INFO - ::endgroup::
