[2025-04-10T09:55:12.544+0000] {local_task_job_runner.py:123} INFO - ::group::Pre task execution logs
[2025-04-10T09:55:12.865+0000] {taskinstance.py:2614} INFO - Dependencies all met for dep_context=non-requeueable deps ti=<TaskInstance: beer_data_processing.check_file_exists manual__2025-04-10T09:54:49.979216+00:00 [queued]>
[2025-04-10T09:55:13.003+0000] {taskinstance.py:2614} INFO - Dependencies all met for dep_context=requeueable deps ti=<TaskInstance: beer_data_processing.check_file_exists manual__2025-04-10T09:54:49.979216+00:00 [queued]>
[2025-04-10T09:55:13.015+0000] {taskinstance.py:2867} INFO - Starting attempt 1 of 6
[2025-04-10T09:55:14.256+0000] {taskinstance.py:2890} INFO - Executing <Task(FileSensor): check_file_exists> on 2025-04-10 09:54:49.979216+00:00
[2025-04-10T09:55:16.169+0000] {standard_task_runner.py:104} INFO - Running: ['***', 'tasks', 'run', 'beer_data_processing', 'check_file_exists', 'manual__2025-04-10T09:54:49.979216+00:00', '--job-id', '184', '--raw', '--subdir', 'DAGS_FOLDER/beer_data_processing_dag.py', '--cfg-path', '/tmp/tmpyoqpeczk']
[2025-04-10T09:55:16.203+0000] {logging_mixin.py:190} WARNING - /home/***/.local/lib/python3.12/site-packages/***/task/task_runner/standard_task_runner.py:70 DeprecationWarning: This process (pid=24461) is multi-threaded, use of fork() may lead to deadlocks in the child.
[2025-04-10T09:55:16.222+0000] {standard_task_runner.py:105} INFO - Job 184: Subtask check_file_exists
[2025-04-10T09:55:16.232+0000] {standard_task_runner.py:72} INFO - Started process 24505 to run task
[2025-04-10T09:55:18.620+0000] {task_command.py:467} INFO - Running <TaskInstance: beer_data_processing.check_file_exists manual__2025-04-10T09:54:49.979216+00:00 [running]> on host abcc0ba2292b
[2025-04-10T09:55:21.961+0000] {taskinstance.py:3134} INFO - Exporting env vars: AIRFLOW_CTX_DAG_OWNER='***' AIRFLOW_CTX_DAG_ID='beer_data_processing' AIRFLOW_CTX_TASK_ID='check_file_exists' AIRFLOW_CTX_EXECUTION_DATE='2025-04-10T09:54:49.979216+00:00' AIRFLOW_CTX_TRY_NUMBER='1' AIRFLOW_CTX_DAG_RUN_ID='manual__2025-04-10T09:54:49.979216+00:00'
[2025-04-10T09:55:22.076+0000] {logging_mixin.py:190} INFO - Task instance is in running state
[2025-04-10T09:55:22.085+0000] {logging_mixin.py:190} INFO -  Previous state of the Task instance: queued
[2025-04-10T09:55:22.101+0000] {logging_mixin.py:190} INFO - Current task name:check_file_exists state:running start_date:2025-04-10 09:55:12.872252+00:00
[2025-04-10T09:55:22.112+0000] {logging_mixin.py:190} INFO - Dag name:beer_data_processing and current dag run status:running
[2025-04-10T09:55:22.127+0000] {taskinstance.py:732} INFO - ::endgroup::
[2025-04-10T09:55:22.147+0000] {baseoperator.py:423} WARNING - FileSensor.execute cannot be called outside TaskInstance!
[2025-04-10T09:55:22.167+0000] {job.py:229} INFO - Heartbeat recovered after 10.77 seconds
[2025-04-10T09:55:22.266+0000] {base.py:84} INFO - Retrieving connection 'dataset_folder'
[2025-04-10T09:55:22.288+0000] {filesystem.py:109} INFO - Poking for file /opt/***/dags/data/beer_profile_and_ratings.csv
[2025-04-10T09:55:22.888+0000] {filesystem.py:113} INFO - Found File /opt/***/dags/data/beer_profile_and_ratings.csv last modified: 20250402135654
[2025-04-10T09:55:22.899+0000] {base.py:339} INFO - Success criteria met. Exiting.
[2025-04-10T09:55:22.908+0000] {filesystem.py:109} INFO - Poking for file /opt/***/dags/data/beer_profile_and_ratings.csv
[2025-04-10T09:55:23.136+0000] {filesystem.py:113} INFO - Found File /opt/***/dags/data/beer_profile_and_ratings.csv last modified: 20250402135654
[2025-04-10T09:55:24.052+0000] {taskinstance.py:341} INFO - ::group::Post task execution logs
[2025-04-10T09:55:24.102+0000] {taskinstance.py:353} INFO - Marking task as SUCCESS. dag_id=beer_data_processing, task_id=check_file_exists, run_id=manual__2025-04-10T09:54:49.979216+00:00, execution_date=20250410T095449, start_date=20250410T095512, end_date=20250410T095524
[2025-04-10T09:55:25.097+0000] {logging_mixin.py:190} INFO - Task instance in success state
[2025-04-10T09:55:25.104+0000] {logging_mixin.py:190} INFO -  Previous state of the Task instance: running
[2025-04-10T09:55:25.109+0000] {logging_mixin.py:190} INFO - Dag name:beer_data_processing queued_at:2025-04-10 09:54:50.150238+00:00
[2025-04-10T09:55:25.112+0000] {logging_mixin.py:190} INFO - Task hostname:abcc0ba2292b operator:FileSensor
[2025-04-10T09:55:26.205+0000] {local_task_job_runner.py:266} INFO - Task exited with return code 0
[2025-04-10T09:55:26.866+0000] {standard_task_runner.py:217} INFO - Process not found (most likely exited), stop collecting metrics
[2025-04-10T09:55:27.016+0000] {taskinstance.py:3901} INFO - 0 downstream tasks scheduled from follow-on schedule check
[2025-04-10T09:55:27.065+0000] {local_task_job_runner.py:245} INFO - ::endgroup::
