[2025-04-16T14:05:21.910+0000] {local_task_job_runner.py:123} INFO - ::group::Pre task execution logs
[2025-04-16T14:05:22.327+0000] {taskinstance.py:2614} INFO - Dependencies all met for dep_context=non-requeueable deps ti=<TaskInstance: beer_data_processing.load_and_process_data manual__2025-04-16T14:04:28.765186+00:00 [queued]>
[2025-04-16T14:05:22.416+0000] {taskinstance.py:2614} INFO - Dependencies all met for dep_context=requeueable deps ti=<TaskInstance: beer_data_processing.load_and_process_data manual__2025-04-16T14:04:28.765186+00:00 [queued]>
[2025-04-16T14:05:22.427+0000] {taskinstance.py:2867} INFO - Starting attempt 1 of 6
[2025-04-16T14:05:22.604+0000] {taskinstance.py:2890} INFO - Executing <Task(PythonOperator): load_and_process_data> on 2025-04-16 14:04:28.765186+00:00
[2025-04-16T14:05:22.879+0000] {logging_mixin.py:190} WARNING - /home/***/.local/lib/python3.12/site-packages/***/task/task_runner/standard_task_runner.py:70 DeprecationWarning: This process (pid=34660) is multi-threaded, use of fork() may lead to deadlocks in the child.
[2025-04-16T14:05:22.871+0000] {standard_task_runner.py:104} INFO - Running: ['***', 'tasks', 'run', 'beer_data_processing', 'load_and_process_data', 'manual__2025-04-16T14:04:28.765186+00:00', '--job-id', '515', '--raw', '--subdir', 'DAGS_FOLDER/beer_data_processing_dag.py', '--cfg-path', '/tmp/tmpk9jw3nor']
[2025-04-16T14:05:22.893+0000] {standard_task_runner.py:72} INFO - Started process 34798 to run task
[2025-04-16T14:05:22.899+0000] {standard_task_runner.py:105} INFO - Job 515: Subtask load_and_process_data
[2025-04-16T14:05:23.387+0000] {task_command.py:467} INFO - Running <TaskInstance: beer_data_processing.load_and_process_data manual__2025-04-16T14:04:28.765186+00:00 [running]> on host 3e53738720c8
[2025-04-16T14:05:24.340+0000] {taskinstance.py:3134} INFO - Exporting env vars: AIRFLOW_CTX_DAG_OWNER='***' AIRFLOW_CTX_DAG_ID='beer_data_processing' AIRFLOW_CTX_TASK_ID='load_and_process_data' AIRFLOW_CTX_EXECUTION_DATE='2025-04-16T14:04:28.765186+00:00' AIRFLOW_CTX_TRY_NUMBER='1' AIRFLOW_CTX_DAG_RUN_ID='manual__2025-04-16T14:04:28.765186+00:00'
[2025-04-16T14:05:24.408+0000] {logging_mixin.py:190} INFO - Task instance is in running state
[2025-04-16T14:05:24.414+0000] {logging_mixin.py:190} INFO -  Previous state of the Task instance: queued
[2025-04-16T14:05:24.421+0000] {logging_mixin.py:190} INFO - Current task name:load_and_process_data state:running start_date:2025-04-16 14:05:22.338420+00:00
[2025-04-16T14:05:24.563+0000] {logging_mixin.py:190} INFO - Dag name:beer_data_processing and current dag run status:running
[2025-04-16T14:05:24.580+0000] {taskinstance.py:732} INFO - ::endgroup::
[2025-04-16T14:05:27.536+0000] {logging_mixin.py:190} INFO - Завантажено 3196 записів з CSV файлу
[2025-04-16T14:05:27.593+0000] {python.py:240} INFO - Done. Returned value was: True
[2025-04-16T14:05:29.380+0000] {taskinstance.py:341} INFO - ::group::Post task execution logs
[2025-04-16T14:05:29.433+0000] {taskinstance.py:353} INFO - Marking task as SUCCESS. dag_id=beer_data_processing, task_id=load_and_process_data, run_id=manual__2025-04-16T14:04:28.765186+00:00, execution_date=20250416T140428, start_date=20250416T140522, end_date=20250416T140529
[2025-04-16T14:05:29.414+0000] {job.py:229} INFO - Heartbeat recovered after 11.10 seconds
[2025-04-16T14:05:30.330+0000] {logging_mixin.py:190} INFO - Task instance in success state
[2025-04-16T14:05:30.343+0000] {logging_mixin.py:190} INFO -  Previous state of the Task instance: running
[2025-04-16T14:05:30.357+0000] {logging_mixin.py:190} INFO - Dag name:beer_data_processing queued_at:2025-04-16 14:04:29.123555+00:00
[2025-04-16T14:05:30.368+0000] {logging_mixin.py:190} INFO - Task hostname:3e53738720c8 operator:PythonOperator
[2025-04-16T14:05:30.721+0000] {local_task_job_runner.py:266} INFO - Task exited with return code 0
[2025-04-16T14:05:31.575+0000] {taskinstance.py:3901} INFO - 7 downstream tasks scheduled from follow-on schedule check
[2025-04-16T14:05:31.622+0000] {local_task_job_runner.py:245} INFO - ::endgroup::
