[2025-04-16T12:54:53.114+0000] {local_task_job_runner.py:123} INFO - ::group::Pre task execution logs
[2025-04-16T12:54:54.441+0000] {taskinstance.py:2614} INFO - Dependencies all met for dep_context=non-requeueable deps ti=<TaskInstance: beer_data_processing.process_robust_scaler scheduled__2025-04-14T00:00:00+00:00 [queued]>
[2025-04-16T12:54:54.788+0000] {taskinstance.py:2614} INFO - Dependencies all met for dep_context=requeueable deps ti=<TaskInstance: beer_data_processing.process_robust_scaler scheduled__2025-04-14T00:00:00+00:00 [queued]>
[2025-04-16T12:54:54.802+0000] {taskinstance.py:2867} INFO - Starting attempt 2 of 6
[2025-04-16T12:54:55.648+0000] {taskinstance.py:2890} INFO - Executing <Task(PythonOperator): process_robust_scaler> on 2025-04-14 00:00:00+00:00
[2025-04-16T12:54:56.194+0000] {logging_mixin.py:190} WARNING - /home/***/.local/lib/python3.12/site-packages/***/task/task_runner/standard_task_runner.py:70 DeprecationWarning: This process (pid=1978) is multi-threaded, use of fork() may lead to deadlocks in the child.
[2025-04-16T12:54:56.230+0000] {standard_task_runner.py:104} INFO - Running: ['***', 'tasks', 'run', 'beer_data_processing', 'process_robust_scaler', 'scheduled__2025-04-14T00:00:00+00:00', '--job-id', '370', '--raw', '--subdir', 'DAGS_FOLDER/beer_data_processing_dag.py', '--cfg-path', '/tmp/tmpd8fvrug4']
[2025-04-16T12:54:56.333+0000] {standard_task_runner.py:105} INFO - Job 370: Subtask process_robust_scaler
[2025-04-16T12:54:56.343+0000] {standard_task_runner.py:72} INFO - Started process 2078 to run task
[2025-04-16T12:54:58.261+0000] {task_command.py:467} INFO - Running <TaskInstance: beer_data_processing.process_robust_scaler scheduled__2025-04-14T00:00:00+00:00 [running]> on host 3e53738720c8
[2025-04-16T12:55:00.177+0000] {taskinstance.py:3134} INFO - Exporting env vars: AIRFLOW_CTX_DAG_OWNER='***' AIRFLOW_CTX_DAG_ID='beer_data_processing' AIRFLOW_CTX_TASK_ID='process_robust_scaler' AIRFLOW_CTX_EXECUTION_DATE='2025-04-14T00:00:00+00:00' AIRFLOW_CTX_TRY_NUMBER='2' AIRFLOW_CTX_DAG_RUN_ID='scheduled__2025-04-14T00:00:00+00:00'
[2025-04-16T12:55:00.542+0000] {logging_mixin.py:190} INFO - Task instance is in running state
[2025-04-16T12:55:00.938+0000] {logging_mixin.py:190} INFO -  Previous state of the Task instance: queued
[2025-04-16T12:55:01.029+0000] {logging_mixin.py:190} INFO - Current task name:process_robust_scaler state:running start_date:2025-04-16 12:54:54.479264+00:00
[2025-04-16T12:55:01.059+0000] {logging_mixin.py:190} INFO - Dag name:beer_data_processing and current dag run status:running
[2025-04-16T12:55:01.130+0000] {taskinstance.py:732} INFO - ::endgroup::
[2025-04-16T12:55:03.234+0000] {job.py:229} INFO - Heartbeat recovered after 15.16 seconds
[2025-04-16T12:55:16.922+0000] {python.py:240} INFO - Done. Returned value was: True
[2025-04-16T12:55:19.640+0000] {taskinstance.py:341} INFO - ::group::Post task execution logs
[2025-04-16T12:55:19.715+0000] {taskinstance.py:353} INFO - Marking task as SUCCESS. dag_id=beer_data_processing, task_id=process_robust_scaler, run_id=scheduled__2025-04-14T00:00:00+00:00, execution_date=20250414T000000, start_date=20250416T125454, end_date=20250416T125519
[2025-04-16T12:55:21.062+0000] {logging_mixin.py:190} INFO - Task instance in success state
[2025-04-16T12:55:21.070+0000] {logging_mixin.py:190} INFO -  Previous state of the Task instance: running
[2025-04-16T12:55:21.083+0000] {logging_mixin.py:190} INFO - Dag name:beer_data_processing queued_at:2025-04-16 12:42:08.084545+00:00
[2025-04-16T12:55:21.107+0000] {logging_mixin.py:190} INFO - Task hostname:3e53738720c8 operator:PythonOperator
[2025-04-16T12:55:21.755+0000] {local_task_job_runner.py:266} INFO - Task exited with return code 0
[2025-04-16T12:55:22.251+0000] {standard_task_runner.py:217} INFO - Process not found (most likely exited), stop collecting metrics
[2025-04-16T12:55:23.293+0000] {taskinstance.py:3901} INFO - 0 downstream tasks scheduled from follow-on schedule check
[2025-04-16T12:55:23.323+0000] {local_task_job_runner.py:245} INFO - ::endgroup::
