[2025-04-09T22:18:29.118+0000] {local_task_job_runner.py:123} INFO - ::group::Pre task execution logs
[2025-04-09T22:18:29.190+0000] {taskinstance.py:2614} INFO - Dependencies all met for dep_context=non-requeueable deps ti=<TaskInstance: beer_data_processing.create_dim_style manual__2025-04-09T22:17:46.681532+00:00 [queued]>
[2025-04-09T22:18:29.241+0000] {taskinstance.py:2614} INFO - Dependencies all met for dep_context=requeueable deps ti=<TaskInstance: beer_data_processing.create_dim_style manual__2025-04-09T22:17:46.681532+00:00 [queued]>
[2025-04-09T22:18:29.243+0000] {taskinstance.py:2867} INFO - Starting attempt 1 of 1
[2025-04-09T22:18:29.304+0000] {taskinstance.py:2890} INFO - Executing <Task(PythonOperator): create_dim_style> on 2025-04-09 22:17:46.681532+00:00
[2025-04-09T22:18:29.346+0000] {standard_task_runner.py:104} INFO - Running: ['***', 'tasks', 'run', 'beer_data_processing', 'create_dim_style', 'manual__2025-04-09T22:17:46.681532+00:00', '--job-id', '80', '--raw', '--subdir', 'DAGS_FOLDER/beer_data_processing_dag.py', '--cfg-path', '/tmp/tmpmn4otl4_']
[2025-04-09T22:18:29.349+0000] {standard_task_runner.py:105} INFO - Job 80: Subtask create_dim_style
[2025-04-09T22:18:29.361+0000] {logging_mixin.py:190} WARNING - /home/***/.local/lib/python3.12/site-packages/***/task/task_runner/standard_task_runner.py:70 DeprecationWarning: This process (pid=47276) is multi-threaded, use of fork() may lead to deadlocks in the child.
[2025-04-09T22:18:29.363+0000] {standard_task_runner.py:72} INFO - Started process 47337 to run task
[2025-04-09T22:18:29.566+0000] {task_command.py:467} INFO - Running <TaskInstance: beer_data_processing.create_dim_style manual__2025-04-09T22:17:46.681532+00:00 [running]> on host 893b969cc7b0
[2025-04-09T22:18:30.378+0000] {taskinstance.py:3134} INFO - Exporting env vars: AIRFLOW_CTX_DAG_OWNER='***' AIRFLOW_CTX_DAG_ID='beer_data_processing' AIRFLOW_CTX_TASK_ID='create_dim_style' AIRFLOW_CTX_EXECUTION_DATE='2025-04-09T22:17:46.681532+00:00' AIRFLOW_CTX_TRY_NUMBER='1' AIRFLOW_CTX_DAG_RUN_ID='manual__2025-04-09T22:17:46.681532+00:00'
[2025-04-09T22:18:30.487+0000] {logging_mixin.py:190} INFO - Task instance is in running state
[2025-04-09T22:18:30.489+0000] {logging_mixin.py:190} INFO -  Previous state of the Task instance: queued
[2025-04-09T22:18:30.491+0000] {logging_mixin.py:190} INFO - Current task name:create_dim_style state:running start_date:2025-04-09 22:18:29.194922+00:00
[2025-04-09T22:18:30.493+0000] {logging_mixin.py:190} INFO - Dag name:beer_data_processing and current dag run status:running
[2025-04-09T22:18:30.508+0000] {taskinstance.py:732} INFO - ::endgroup::
[2025-04-09T22:18:49.786+0000] {job.py:229} INFO - Heartbeat recovered after 20.84 seconds
[2025-04-09T22:18:50.171+0000] {logging_mixin.py:190} WARNING - /opt/***/dags/beer_data_processing_dag.py:105 FutureWarning: Passing literal json to 'read_json' is deprecated and will be removed in a future version. To read from a literal string, wrap it in a 'StringIO' object.
[2025-04-09T22:18:51.084+0000] {base.py:84} INFO - Retrieving connection 'postgres_conn'
[2025-04-09T22:18:52.241+0000] {logging_mixin.py:190} INFO - Створено датасет dim_style з 111 записами
[2025-04-09T22:18:52.258+0000] {python.py:240} INFO - Done. Returned value was: True
[2025-04-09T22:18:52.426+0000] {taskinstance.py:341} INFO - ::group::Post task execution logs
[2025-04-09T22:18:52.443+0000] {taskinstance.py:353} INFO - Marking task as SUCCESS. dag_id=beer_data_processing, task_id=create_dim_style, run_id=manual__2025-04-09T22:17:46.681532+00:00, execution_date=20250409T221746, start_date=20250409T221829, end_date=20250409T221852
[2025-04-09T22:18:52.572+0000] {logging_mixin.py:190} INFO - Task instance in success state
[2025-04-09T22:18:52.578+0000] {logging_mixin.py:190} INFO -  Previous state of the Task instance: running
[2025-04-09T22:18:52.591+0000] {logging_mixin.py:190} INFO - Dag name:beer_data_processing queued_at:2025-04-09 22:17:47.099534+00:00
[2025-04-09T22:18:52.599+0000] {logging_mixin.py:190} INFO - Task hostname:893b969cc7b0 operator:PythonOperator
[2025-04-09T22:18:52.701+0000] {local_task_job_runner.py:266} INFO - Task exited with return code 0
[2025-04-09T22:18:52.753+0000] {local_task_job_runner.py:245} INFO - ::endgroup::
