[2025-04-16T15:59:59.422+0000] {local_task_job_runner.py:123} INFO - ::group::Pre task execution logs
[2025-04-16T15:59:59.801+0000] {taskinstance.py:2614} INFO - Dependencies all met for dep_context=non-requeueable deps ti=<TaskInstance: beer_data_processing.process_robust_scaler scheduled__2025-04-16T08:00:00+00:00 [queued]>
[2025-04-16T15:59:59.958+0000] {taskinstance.py:2614} INFO - Dependencies all met for dep_context=requeueable deps ti=<TaskInstance: beer_data_processing.process_robust_scaler scheduled__2025-04-16T08:00:00+00:00 [queued]>
[2025-04-16T15:59:59.979+0000] {taskinstance.py:2867} INFO - Starting attempt 2 of 6
[2025-04-16T16:00:00.242+0000] {taskinstance.py:2890} INFO - Executing <Task(PythonOperator): process_robust_scaler> on 2025-04-16 08:00:00+00:00
[2025-04-16T16:00:01.075+0000] {logging_mixin.py:190} WARNING - /home/***/.local/lib/python3.12/site-packages/***/task/task_runner/standard_task_runner.py:70 DeprecationWarning: This process (pid=1812) is multi-threaded, use of fork() may lead to deadlocks in the child.
[2025-04-16T16:00:01.040+0000] {standard_task_runner.py:104} INFO - Running: ['***', 'tasks', 'run', 'beer_data_processing', 'process_robust_scaler', 'scheduled__2025-04-16T08:00:00+00:00', '--job-id', '641', '--raw', '--subdir', 'DAGS_FOLDER/beer_data_processing_dag.py', '--cfg-path', '/tmp/tmpl7dgwt2x']
[2025-04-16T16:00:01.093+0000] {standard_task_runner.py:72} INFO - Started process 2039 to run task
[2025-04-16T16:00:01.095+0000] {standard_task_runner.py:105} INFO - Job 641: Subtask process_robust_scaler
[2025-04-16T16:00:03.027+0000] {task_command.py:467} INFO - Running <TaskInstance: beer_data_processing.process_robust_scaler scheduled__2025-04-16T08:00:00+00:00 [running]> on host 3e53738720c8
[2025-04-16T16:00:05.072+0000] {taskinstance.py:3134} INFO - Exporting env vars: AIRFLOW_CTX_DAG_OWNER='***' AIRFLOW_CTX_DAG_ID='beer_data_processing' AIRFLOW_CTX_TASK_ID='process_robust_scaler' AIRFLOW_CTX_EXECUTION_DATE='2025-04-16T08:00:00+00:00' AIRFLOW_CTX_TRY_NUMBER='2' AIRFLOW_CTX_DAG_RUN_ID='scheduled__2025-04-16T08:00:00+00:00'
[2025-04-16T16:00:05.353+0000] {logging_mixin.py:190} INFO - Task instance is in running state
[2025-04-16T16:00:05.418+0000] {logging_mixin.py:190} INFO -  Previous state of the Task instance: queued
[2025-04-16T16:00:05.511+0000] {logging_mixin.py:190} INFO - Current task name:process_robust_scaler state:running start_date:2025-04-16 15:59:59.809601+00:00
[2025-04-16T16:00:05.539+0000] {logging_mixin.py:190} INFO - Dag name:beer_data_processing and current dag run status:running
[2025-04-16T16:00:05.570+0000] {taskinstance.py:732} INFO - ::endgroup::
[2025-04-16T16:00:21.484+0000] {python.py:240} INFO - Done. Returned value was: True
[2025-04-16T16:00:26.449+0000] {taskinstance.py:341} INFO - ::group::Post task execution logs
[2025-04-16T16:00:28.374+0000] {taskinstance.py:353} INFO - Marking task as SUCCESS. dag_id=beer_data_processing, task_id=process_robust_scaler, run_id=scheduled__2025-04-16T08:00:00+00:00, execution_date=20250416T080000, start_date=20250416T155959, end_date=20250416T160028
[2025-04-16T16:00:31.529+0000] {logging_mixin.py:190} INFO - Task instance in success state
[2025-04-16T16:00:31.640+0000] {logging_mixin.py:190} INFO -  Previous state of the Task instance: running
[2025-04-16T16:00:31.699+0000] {logging_mixin.py:190} INFO - Dag name:beer_data_processing queued_at:2025-04-16 15:07:09.591370+00:00
[2025-04-16T16:00:31.739+0000] {logging_mixin.py:190} INFO - Task hostname:3e53738720c8 operator:PythonOperator
[2025-04-16T16:00:33.061+0000] {local_task_job_runner.py:266} INFO - Task exited with return code 0
[2025-04-16T16:00:32.985+0000] {standard_task_runner.py:217} INFO - Process not found (most likely exited), stop collecting metrics
[2025-04-16T16:00:36.768+0000] {taskinstance.py:3901} INFO - 0 downstream tasks scheduled from follow-on schedule check
[2025-04-16T16:00:36.906+0000] {local_task_job_runner.py:245} INFO - ::endgroup::
