[2025-04-16T21:50:05.277+0000] {local_task_job_runner.py:123} INFO - ::group::Pre task execution logs
[2025-04-16T21:50:05.400+0000] {taskinstance.py:2614} INFO - Dependencies all met for dep_context=non-requeueable deps ti=<TaskInstance: beer_data_processing.process_robust_scaler manual__2025-04-16T21:49:33.580918+00:00 [queued]>
[2025-04-16T21:50:05.451+0000] {taskinstance.py:2614} INFO - Dependencies all met for dep_context=requeueable deps ti=<TaskInstance: beer_data_processing.process_robust_scaler manual__2025-04-16T21:49:33.580918+00:00 [queued]>
[2025-04-16T21:50:05.453+0000] {taskinstance.py:2867} INFO - Starting attempt 1 of 6
[2025-04-16T21:50:05.526+0000] {taskinstance.py:2890} INFO - Executing <Task(PythonOperator): process_robust_scaler> on 2025-04-16 21:49:33.580918+00:00
[2025-04-16T21:50:05.645+0000] {standard_task_runner.py:104} INFO - Running: ['***', 'tasks', 'run', 'beer_data_processing', 'process_robust_scaler', 'manual__2025-04-16T21:49:33.580918+00:00', '--job-id', '832', '--raw', '--subdir', 'DAGS_FOLDER/beer_data_processing_dag.py', '--cfg-path', '/tmp/tmp3yulpwj2']
[2025-04-16T21:50:05.662+0000] {standard_task_runner.py:105} INFO - Job 832: Subtask process_robust_scaler
[2025-04-16T21:50:05.663+0000] {logging_mixin.py:190} WARNING - /home/***/.local/lib/python3.12/site-packages/***/task/task_runner/standard_task_runner.py:70 DeprecationWarning: This process (pid=6792) is multi-threaded, use of fork() may lead to deadlocks in the child.
[2025-04-16T21:50:05.683+0000] {standard_task_runner.py:72} INFO - Started process 6940 to run task
[2025-04-16T21:50:06.437+0000] {task_command.py:467} INFO - Running <TaskInstance: beer_data_processing.process_robust_scaler manual__2025-04-16T21:49:33.580918+00:00 [running]> on host a0d0456bae2c
[2025-04-16T21:50:07.282+0000] {taskinstance.py:3134} INFO - Exporting env vars: AIRFLOW_CTX_DAG_OWNER='***' AIRFLOW_CTX_DAG_ID='beer_data_processing' AIRFLOW_CTX_TASK_ID='process_robust_scaler' AIRFLOW_CTX_EXECUTION_DATE='2025-04-16T21:49:33.580918+00:00' AIRFLOW_CTX_TRY_NUMBER='1' AIRFLOW_CTX_DAG_RUN_ID='manual__2025-04-16T21:49:33.580918+00:00'
[2025-04-16T21:50:07.302+0000] {logging_mixin.py:190} INFO - Task instance is in running state
[2025-04-16T21:50:07.309+0000] {logging_mixin.py:190} INFO -  Previous state of the Task instance: queued
[2025-04-16T21:50:07.312+0000] {logging_mixin.py:190} INFO - Current task name:process_robust_scaler state:running start_date:2025-04-16 21:50:05.401926+00:00
[2025-04-16T21:50:07.315+0000] {logging_mixin.py:190} INFO - Dag name:beer_data_processing and current dag run status:running
[2025-04-16T21:50:07.318+0000] {taskinstance.py:732} INFO - ::endgroup::
[2025-04-16T21:50:08.133+0000] {python.py:240} INFO - Done. Returned value was: True
[2025-04-16T21:50:08.289+0000] {taskinstance.py:341} INFO - ::group::Post task execution logs
[2025-04-16T21:50:08.292+0000] {taskinstance.py:353} INFO - Marking task as SUCCESS. dag_id=beer_data_processing, task_id=process_robust_scaler, run_id=manual__2025-04-16T21:49:33.580918+00:00, execution_date=20250416T214933, start_date=20250416T215005, end_date=20250416T215008
[2025-04-16T21:50:08.484+0000] {logging_mixin.py:190} INFO - Task instance in success state
[2025-04-16T21:50:08.486+0000] {logging_mixin.py:190} INFO -  Previous state of the Task instance: running
[2025-04-16T21:50:08.490+0000] {logging_mixin.py:190} INFO - Dag name:beer_data_processing queued_at:2025-04-16 21:49:33.738904+00:00
[2025-04-16T21:50:08.498+0000] {logging_mixin.py:190} INFO - Task hostname:a0d0456bae2c operator:PythonOperator
[2025-04-16T21:50:08.632+0000] {local_task_job_runner.py:266} INFO - Task exited with return code 0
[2025-04-16T21:50:08.778+0000] {taskinstance.py:3901} INFO - 0 downstream tasks scheduled from follow-on schedule check
[2025-04-16T21:50:08.791+0000] {local_task_job_runner.py:245} INFO - ::endgroup::
