[2025-04-16T15:59:59.380+0000] {local_task_job_runner.py:123} INFO - ::group::Pre task execution logs
[2025-04-16T15:59:59.675+0000] {taskinstance.py:2614} INFO - Dependencies all met for dep_context=non-requeueable deps ti=<TaskInstance: beer_data_processing.create_dim_beer scheduled__2025-04-16T11:00:00+00:00 [queued]>
[2025-04-16T15:59:59.786+0000] {taskinstance.py:2614} INFO - Dependencies all met for dep_context=requeueable deps ti=<TaskInstance: beer_data_processing.create_dim_beer scheduled__2025-04-16T11:00:00+00:00 [queued]>
[2025-04-16T15:59:59.789+0000] {taskinstance.py:2867} INFO - Starting attempt 1 of 6
[2025-04-16T16:00:00.004+0000] {taskinstance.py:2890} INFO - Executing <Task(PythonOperator): create_dim_beer> on 2025-04-16 11:00:00+00:00
[2025-04-16T16:00:00.618+0000] {logging_mixin.py:190} WARNING - /home/***/.local/lib/python3.12/site-packages/***/task/task_runner/standard_task_runner.py:70 DeprecationWarning: This process (pid=1806) is multi-threaded, use of fork() may lead to deadlocks in the child.
[2025-04-16T16:00:00.656+0000] {standard_task_runner.py:72} INFO - Started process 2036 to run task
[2025-04-16T16:00:00.606+0000] {standard_task_runner.py:104} INFO - Running: ['***', 'tasks', 'run', 'beer_data_processing', 'create_dim_beer', 'scheduled__2025-04-16T11:00:00+00:00', '--job-id', '642', '--raw', '--subdir', 'DAGS_FOLDER/beer_data_processing_dag.py', '--cfg-path', '/tmp/tmpwepbom7i']
[2025-04-16T16:00:00.679+0000] {standard_task_runner.py:105} INFO - Job 642: Subtask create_dim_beer
[2025-04-16T16:00:02.678+0000] {task_command.py:467} INFO - Running <TaskInstance: beer_data_processing.create_dim_beer scheduled__2025-04-16T11:00:00+00:00 [running]> on host 3e53738720c8
[2025-04-16T16:00:04.860+0000] {taskinstance.py:3134} INFO - Exporting env vars: AIRFLOW_CTX_DAG_OWNER='***' AIRFLOW_CTX_DAG_ID='beer_data_processing' AIRFLOW_CTX_TASK_ID='create_dim_beer' AIRFLOW_CTX_EXECUTION_DATE='2025-04-16T11:00:00+00:00' AIRFLOW_CTX_TRY_NUMBER='1' AIRFLOW_CTX_DAG_RUN_ID='scheduled__2025-04-16T11:00:00+00:00'
[2025-04-16T16:00:05.119+0000] {logging_mixin.py:190} INFO - Task instance is in running state
[2025-04-16T16:00:05.338+0000] {logging_mixin.py:190} INFO -  Previous state of the Task instance: queued
[2025-04-16T16:00:05.377+0000] {logging_mixin.py:190} INFO - Current task name:create_dim_beer state:running start_date:2025-04-16 15:59:59.679809+00:00
[2025-04-16T16:00:05.401+0000] {logging_mixin.py:190} INFO - Dag name:beer_data_processing and current dag run status:running
[2025-04-16T16:00:05.429+0000] {taskinstance.py:732} INFO - ::endgroup::
[2025-04-16T16:00:12.516+0000] {base.py:84} INFO - Retrieving connection 'postgres_conn'
[2025-04-16T16:00:24.809+0000] {logging_mixin.py:190} INFO - Створено датасет dim_beer з 3069 записами
[2025-04-16T16:00:24.941+0000] {python.py:240} INFO - Done. Returned value was: True
[2025-04-16T16:00:28.477+0000] {taskinstance.py:341} INFO - ::group::Post task execution logs
[2025-04-16T16:00:28.697+0000] {taskinstance.py:353} INFO - Marking task as SUCCESS. dag_id=beer_data_processing, task_id=create_dim_beer, run_id=scheduled__2025-04-16T11:00:00+00:00, execution_date=20250416T110000, start_date=20250416T155959, end_date=20250416T160028
[2025-04-16T16:00:31.410+0000] {logging_mixin.py:190} INFO - Task instance in success state
[2025-04-16T16:00:31.480+0000] {logging_mixin.py:190} INFO -  Previous state of the Task instance: running
[2025-04-16T16:00:31.500+0000] {logging_mixin.py:190} INFO - Dag name:beer_data_processing queued_at:2025-04-16 15:07:13.499993+00:00
[2025-04-16T16:00:31.542+0000] {logging_mixin.py:190} INFO - Task hostname:3e53738720c8 operator:PythonOperator
[2025-04-16T16:00:32.876+0000] {local_task_job_runner.py:266} INFO - Task exited with return code 0
[2025-04-16T16:00:36.370+0000] {taskinstance.py:3901} INFO - 0 downstream tasks scheduled from follow-on schedule check
[2025-04-16T16:00:36.443+0000] {local_task_job_runner.py:245} INFO - ::endgroup::
[2025-04-16T16:00:36.583+0000] {standard_task_runner.py:217} INFO - Process not found (most likely exited), stop collecting metrics
