[2025-04-16T16:52:16.109+0000] {local_task_job_runner.py:123} INFO - ::group::Pre task execution logs
[2025-04-16T16:52:16.203+0000] {taskinstance.py:2614} INFO - Dependencies all met for dep_context=non-requeueable deps ti=<TaskInstance: beer_data_processing.process_min_max manual__2025-04-16T16:51:28.772565+00:00 [queued]>
[2025-04-16T16:52:16.255+0000] {taskinstance.py:2614} INFO - Dependencies all met for dep_context=requeueable deps ti=<TaskInstance: beer_data_processing.process_min_max manual__2025-04-16T16:51:28.772565+00:00 [queued]>
[2025-04-16T16:52:16.260+0000] {taskinstance.py:2867} INFO - Starting attempt 1 of 6
[2025-04-16T16:52:16.346+0000] {taskinstance.py:2890} INFO - Executing <Task(PythonOperator): process_min_max> on 2025-04-16 16:51:28.772565+00:00
[2025-04-16T16:52:16.431+0000] {standard_task_runner.py:104} INFO - Running: ['***', 'tasks', 'run', 'beer_data_processing', 'process_min_max', 'manual__2025-04-16T16:51:28.772565+00:00', '--job-id', '693', '--raw', '--subdir', 'DAGS_FOLDER/beer_data_processing_dag.py', '--cfg-path', '/tmp/tmp9v7bctn6']
[2025-04-16T16:52:16.463+0000] {standard_task_runner.py:105} INFO - Job 693: Subtask process_min_max
[2025-04-16T16:52:16.515+0000] {logging_mixin.py:190} WARNING - /home/***/.local/lib/python3.12/site-packages/***/task/task_runner/standard_task_runner.py:70 DeprecationWarning: This process (pid=6453) is multi-threaded, use of fork() may lead to deadlocks in the child.
[2025-04-16T16:52:16.521+0000] {standard_task_runner.py:72} INFO - Started process 6580 to run task
[2025-04-16T16:52:27.615+0000] {job.py:229} INFO - Heartbeat recovered after 11.84 seconds
[2025-04-16T16:52:28.127+0000] {task_command.py:467} INFO - Running <TaskInstance: beer_data_processing.process_min_max manual__2025-04-16T16:51:28.772565+00:00 [running]> on host 3e53738720c8
[2025-04-16T16:52:29.677+0000] {taskinstance.py:3134} INFO - Exporting env vars: AIRFLOW_CTX_DAG_OWNER='***' AIRFLOW_CTX_DAG_ID='beer_data_processing' AIRFLOW_CTX_TASK_ID='process_min_max' AIRFLOW_CTX_EXECUTION_DATE='2025-04-16T16:51:28.772565+00:00' AIRFLOW_CTX_TRY_NUMBER='1' AIRFLOW_CTX_DAG_RUN_ID='manual__2025-04-16T16:51:28.772565+00:00'
[2025-04-16T16:52:29.682+0000] {logging_mixin.py:190} INFO - Task instance is in running state
[2025-04-16T16:52:29.683+0000] {logging_mixin.py:190} INFO -  Previous state of the Task instance: queued
[2025-04-16T16:52:29.685+0000] {logging_mixin.py:190} INFO - Current task name:process_min_max state:running start_date:2025-04-16 16:52:16.207737+00:00
[2025-04-16T16:52:29.686+0000] {logging_mixin.py:190} INFO - Dag name:beer_data_processing and current dag run status:running
[2025-04-16T16:52:29.687+0000] {taskinstance.py:732} INFO - ::endgroup::
[2025-04-16T16:52:31.653+0000] {python.py:240} INFO - Done. Returned value was: True
[2025-04-16T16:52:32.822+0000] {taskinstance.py:341} INFO - ::group::Post task execution logs
[2025-04-16T16:52:32.824+0000] {taskinstance.py:353} INFO - Marking task as SUCCESS. dag_id=beer_data_processing, task_id=process_min_max, run_id=manual__2025-04-16T16:51:28.772565+00:00, execution_date=20250416T165128, start_date=20250416T165216, end_date=20250416T165232
[2025-04-16T16:52:33.954+0000] {job.py:229} INFO - Heartbeat recovered after 11.87 seconds
[2025-04-16T16:52:34.559+0000] {logging_mixin.py:190} INFO - Task instance in success state
[2025-04-16T16:52:34.560+0000] {logging_mixin.py:190} INFO -  Previous state of the Task instance: running
[2025-04-16T16:52:34.561+0000] {logging_mixin.py:190} INFO - Dag name:beer_data_processing queued_at:2025-04-16 16:51:28.821154+00:00
[2025-04-16T16:52:34.562+0000] {logging_mixin.py:190} INFO - Task hostname:3e53738720c8 operator:PythonOperator
[2025-04-16T16:52:34.617+0000] {local_task_job_runner.py:266} INFO - Task exited with return code 0
[2025-04-16T16:52:34.662+0000] {taskinstance.py:3901} INFO - 0 downstream tasks scheduled from follow-on schedule check
[2025-04-16T16:52:35.084+0000] {local_task_job_runner.py:245} INFO - ::endgroup::
