[2025-04-16T15:22:46.938+0000] {local_task_job_runner.py:123} INFO - ::group::Pre task execution logs
[2025-04-16T15:22:47.803+0000] {taskinstance.py:2614} INFO - Dependencies all met for dep_context=non-requeueable deps ti=<TaskInstance: beer_data_processing.create_dim_style scheduled__2025-04-16T13:00:00+00:00 [queued]>
[2025-04-16T15:22:48.021+0000] {taskinstance.py:2614} INFO - Dependencies all met for dep_context=requeueable deps ti=<TaskInstance: beer_data_processing.create_dim_style scheduled__2025-04-16T13:00:00+00:00 [queued]>
[2025-04-16T15:22:48.034+0000] {taskinstance.py:2867} INFO - Starting attempt 1 of 6
[2025-04-16T15:22:49.849+0000] {taskinstance.py:2890} INFO - Executing <Task(PythonOperator): create_dim_style> on 2025-04-16 13:00:00+00:00
[2025-04-16T15:22:50.223+0000] {standard_task_runner.py:104} INFO - Running: ['***', 'tasks', 'run', 'beer_data_processing', 'create_dim_style', 'scheduled__2025-04-16T13:00:00+00:00', '--job-id', '591', '--raw', '--subdir', 'DAGS_FOLDER/beer_data_processing_dag.py', '--cfg-path', '/tmp/tmpc4hb7dre']
[2025-04-16T15:22:50.304+0000] {standard_task_runner.py:105} INFO - Job 591: Subtask create_dim_style
[2025-04-16T15:22:50.815+0000] {logging_mixin.py:190} WARNING - /home/***/.local/lib/python3.12/site-packages/***/task/task_runner/standard_task_runner.py:70 DeprecationWarning: This process (pid=54626) is multi-threaded, use of fork() may lead to deadlocks in the child.
[2025-04-16T15:22:50.840+0000] {standard_task_runner.py:72} INFO - Started process 54881 to run task
[2025-04-16T15:22:52.161+0000] {task_command.py:467} INFO - Running <TaskInstance: beer_data_processing.create_dim_style scheduled__2025-04-16T13:00:00+00:00 [running]> on host 3e53738720c8
[2025-04-16T15:22:53.676+0000] {taskinstance.py:3134} INFO - Exporting env vars: AIRFLOW_CTX_DAG_OWNER='***' AIRFLOW_CTX_DAG_ID='beer_data_processing' AIRFLOW_CTX_TASK_ID='create_dim_style' AIRFLOW_CTX_EXECUTION_DATE='2025-04-16T13:00:00+00:00' AIRFLOW_CTX_TRY_NUMBER='1' AIRFLOW_CTX_DAG_RUN_ID='scheduled__2025-04-16T13:00:00+00:00'
[2025-04-16T15:22:53.774+0000] {logging_mixin.py:190} INFO - Task instance is in running state
[2025-04-16T15:22:53.793+0000] {logging_mixin.py:190} INFO -  Previous state of the Task instance: queued
[2025-04-16T15:22:53.796+0000] {logging_mixin.py:190} INFO - Current task name:create_dim_style state:running start_date:2025-04-16 15:22:47.830149+00:00
[2025-04-16T15:22:53.799+0000] {logging_mixin.py:190} INFO - Dag name:beer_data_processing and current dag run status:running
[2025-04-16T15:22:53.809+0000] {taskinstance.py:732} INFO - ::endgroup::
[2025-04-16T15:22:56.582+0000] {job.py:229} INFO - Heartbeat recovered after 14.77 seconds
[2025-04-16T15:22:59.987+0000] {base.py:84} INFO - Retrieving connection 'postgres_conn'
[2025-04-16T15:23:01.243+0000] {logging_mixin.py:190} INFO - Створено датасет dim_style з 111 записами
[2025-04-16T15:23:01.250+0000] {python.py:240} INFO - Done. Returned value was: True
[2025-04-16T15:23:01.659+0000] {taskinstance.py:341} INFO - ::group::Post task execution logs
[2025-04-16T15:23:01.679+0000] {taskinstance.py:353} INFO - Marking task as SUCCESS. dag_id=beer_data_processing, task_id=create_dim_style, run_id=scheduled__2025-04-16T13:00:00+00:00, execution_date=20250416T130000, start_date=20250416T152247, end_date=20250416T152301
[2025-04-16T15:23:02.637+0000] {logging_mixin.py:190} INFO - Task instance in success state
[2025-04-16T15:23:02.642+0000] {logging_mixin.py:190} INFO -  Previous state of the Task instance: running
[2025-04-16T15:23:02.644+0000] {logging_mixin.py:190} INFO - Dag name:beer_data_processing queued_at:2025-04-16 15:07:18.140012+00:00
[2025-04-16T15:23:02.646+0000] {logging_mixin.py:190} INFO - Task hostname:3e53738720c8 operator:PythonOperator
[2025-04-16T15:23:02.766+0000] {local_task_job_runner.py:266} INFO - Task exited with return code 0
[2025-04-16T15:23:03.128+0000] {taskinstance.py:3901} INFO - 0 downstream tasks scheduled from follow-on schedule check
[2025-04-16T15:23:03.166+0000] {local_task_job_runner.py:245} INFO - ::endgroup::
