[2025-04-16T16:10:12.377+0000] {local_task_job_runner.py:123} INFO - ::group::Pre task execution logs
[2025-04-16T16:10:12.596+0000] {taskinstance.py:2614} INFO - Dependencies all met for dep_context=non-requeueable deps ti=<TaskInstance: beer_data_processing.create_dim_beer_table scheduled__2025-04-16T15:00:00+00:00 [queued]>
[2025-04-16T16:10:12.715+0000] {taskinstance.py:2614} INFO - Dependencies all met for dep_context=requeueable deps ti=<TaskInstance: beer_data_processing.create_dim_beer_table scheduled__2025-04-16T15:00:00+00:00 [queued]>
[2025-04-16T16:10:12.723+0000] {taskinstance.py:2867} INFO - Starting attempt 2 of 6
[2025-04-16T16:10:12.851+0000] {taskinstance.py:2890} INFO - Executing <Task(SQLExecuteQueryOperator): create_dim_beer_table> on 2025-04-16 15:00:00+00:00
[2025-04-16T16:10:13.363+0000] {standard_task_runner.py:104} INFO - Running: ['***', 'tasks', 'run', 'beer_data_processing', 'create_dim_beer_table', 'scheduled__2025-04-16T15:00:00+00:00', '--job-id', '670', '--raw', '--subdir', 'DAGS_FOLDER/beer_data_processing_dag.py', '--cfg-path', '/tmp/tmpdruiasg1']
[2025-04-16T16:10:13.368+0000] {standard_task_runner.py:105} INFO - Job 670: Subtask create_dim_beer_table
[2025-04-16T16:10:13.369+0000] {logging_mixin.py:190} WARNING - /home/***/.local/lib/python3.12/site-packages/***/task/task_runner/standard_task_runner.py:70 DeprecationWarning: This process (pid=3055) is multi-threaded, use of fork() may lead to deadlocks in the child.
[2025-04-16T16:10:13.374+0000] {standard_task_runner.py:72} INFO - Started process 3300 to run task
[2025-04-16T16:10:16.235+0000] {task_command.py:467} INFO - Running <TaskInstance: beer_data_processing.create_dim_beer_table scheduled__2025-04-16T15:00:00+00:00 [running]> on host 3e53738720c8
[2025-04-16T16:10:17.603+0000] {taskinstance.py:3134} INFO - Exporting env vars: AIRFLOW_CTX_DAG_OWNER='***' AIRFLOW_CTX_DAG_ID='beer_data_processing' AIRFLOW_CTX_TASK_ID='create_dim_beer_table' AIRFLOW_CTX_EXECUTION_DATE='2025-04-16T15:00:00+00:00' AIRFLOW_CTX_TRY_NUMBER='2' AIRFLOW_CTX_DAG_RUN_ID='scheduled__2025-04-16T15:00:00+00:00'
[2025-04-16T16:10:17.783+0000] {logging_mixin.py:190} INFO - Task instance is in running state
[2025-04-16T16:10:17.796+0000] {logging_mixin.py:190} INFO -  Previous state of the Task instance: queued
[2025-04-16T16:10:17.806+0000] {logging_mixin.py:190} INFO - Current task name:create_dim_beer_table state:running start_date:2025-04-16 16:10:12.615483+00:00
[2025-04-16T16:10:17.809+0000] {logging_mixin.py:190} INFO - Dag name:beer_data_processing and current dag run status:running
[2025-04-16T16:10:17.812+0000] {taskinstance.py:732} INFO - ::endgroup::
[2025-04-16T16:10:17.876+0000] {sql.py:295} INFO - Executing: 
    CREATE TABLE IF NOT EXISTS dim_beer (
        beer_id SERIAL PRIMARY KEY,
        beer_name VARCHAR(255) NOT NULL UNIQUE
    );
    
[2025-04-16T16:10:18.123+0000] {base.py:84} INFO - Retrieving connection 'postgres_conn'
[2025-04-16T16:10:18.306+0000] {base.py:84} INFO - Retrieving connection 'postgres_conn'
[2025-04-16T16:10:18.333+0000] {sql.py:511} INFO - Running statement: 
    CREATE TABLE IF NOT EXISTS dim_beer (
        beer_id SERIAL PRIMARY KEY,
        beer_name VARCHAR(255) NOT NULL UNIQUE
    );
    , parameters: None
[2025-04-16T16:10:18.428+0000] {logging_mixin.py:190} WARNING - /home/***/.local/lib/python3.12/site-packages/***/providers/common/sql/hooks/sql.py:470 DeprecationWarning: Import of fetch_all_handler from the '***.providers.common.sql.hooks' module is deprecated and will
be removed in the future. Please import it from '***.providers.common.sql.hooks.handlers'.
[2025-04-16T16:10:18.522+0000] {logging_mixin.py:190} WARNING - /home/***/.local/lib/python3.12/site-packages/***/providers/common/sql/hooks/sql.py:471 DeprecationWarning: Import of return_single_query_results from the '***.providers.common.sql.hooks' module is deprecated and will
be removed in the future. Please import it from '***.providers.common.sql.hooks.handlers'.
[2025-04-16T16:10:18.556+0000] {logging_mixin.py:190} WARNING - /home/***/.local/lib/python3.12/site-packages/***/providers/common/sql/hooks/sql.py:486 DeprecationWarning: Import of return_single_query_results from the '***.providers.common.sql.hooks' module is deprecated and will
be removed in the future. Please import it from '***.providers.common.sql.hooks.handlers'.
[2025-04-16T16:10:18.578+0000] {logging_mixin.py:190} WARNING - /home/***/.local/lib/python3.12/site-packages/***/providers/common/sql/operators/sql.py:311 DeprecationWarning: Import of return_single_query_results from the '***.providers.common.sql.hooks' module is deprecated and will
be removed in the future. Please import it from '***.providers.common.sql.hooks.handlers'.
[2025-04-16T16:10:18.727+0000] {taskinstance.py:341} INFO - ::group::Post task execution logs
[2025-04-16T16:10:18.744+0000] {taskinstance.py:353} INFO - Marking task as SUCCESS. dag_id=beer_data_processing, task_id=create_dim_beer_table, run_id=scheduled__2025-04-16T15:00:00+00:00, execution_date=20250416T150000, start_date=20250416T161012, end_date=20250416T161018
[2025-04-16T16:10:19.090+0000] {logging_mixin.py:190} INFO - Task instance in success state
[2025-04-16T16:10:19.111+0000] {logging_mixin.py:190} INFO -  Previous state of the Task instance: running
[2025-04-16T16:10:19.116+0000] {logging_mixin.py:190} INFO - Dag name:beer_data_processing queued_at:2025-04-16 16:00:01.637110+00:00
[2025-04-16T16:10:19.132+0000] {logging_mixin.py:190} INFO - Task hostname:3e53738720c8 operator:SQLExecuteQueryOperator
[2025-04-16T16:10:19.333+0000] {local_task_job_runner.py:266} INFO - Task exited with return code 0
[2025-04-16T16:10:20.134+0000] {taskinstance.py:3901} INFO - 1 downstream tasks scheduled from follow-on schedule check
[2025-04-16T16:10:20.161+0000] {local_task_job_runner.py:245} INFO - ::endgroup::
