[2025-04-10T13:31:45.405+0000] {local_task_job_runner.py:123} INFO - ::group::Pre task execution logs
[2025-04-10T13:31:45.459+0000] {taskinstance.py:2614} INFO - Dependencies all met for dep_context=non-requeueable deps ti=<TaskInstance: beer_data_processing.process_min_max manual__2025-04-10T13:31:23.952261+00:00 [queued]>
[2025-04-10T13:31:45.485+0000] {taskinstance.py:2614} INFO - Dependencies all met for dep_context=requeueable deps ti=<TaskInstance: beer_data_processing.process_min_max manual__2025-04-10T13:31:23.952261+00:00 [queued]>
[2025-04-10T13:31:45.487+0000] {taskinstance.py:2867} INFO - Starting attempt 1 of 6
[2025-04-10T13:31:45.540+0000] {taskinstance.py:2890} INFO - Executing <Task(PythonOperator): process_min_max> on 2025-04-10 13:31:23.952261+00:00
[2025-04-10T13:31:45.779+0000] {standard_task_runner.py:104} INFO - Running: ['***', 'tasks', 'run', 'beer_data_processing', 'process_min_max', 'manual__2025-04-10T13:31:23.952261+00:00', '--job-id', '263', '--raw', '--subdir', 'DAGS_FOLDER/beer_data_processing_dag.py', '--cfg-path', '/tmp/tmpwgsf84l_']
[2025-04-10T13:31:45.820+0000] {standard_task_runner.py:105} INFO - Job 263: Subtask process_min_max
[2025-04-10T13:31:45.826+0000] {logging_mixin.py:190} WARNING - /home/***/.local/lib/python3.12/site-packages/***/task/task_runner/standard_task_runner.py:70 DeprecationWarning: This process (pid=6459) is multi-threaded, use of fork() may lead to deadlocks in the child.
[2025-04-10T13:31:45.828+0000] {standard_task_runner.py:72} INFO - Started process 6601 to run task
[2025-04-10T13:31:46.243+0000] {task_command.py:467} INFO - Running <TaskInstance: beer_data_processing.process_min_max manual__2025-04-10T13:31:23.952261+00:00 [running]> on host 3e53738720c8
[2025-04-10T13:31:47.556+0000] {taskinstance.py:3134} INFO - Exporting env vars: AIRFLOW_CTX_DAG_OWNER='***' AIRFLOW_CTX_DAG_ID='beer_data_processing' AIRFLOW_CTX_TASK_ID='process_min_max' AIRFLOW_CTX_EXECUTION_DATE='2025-04-10T13:31:23.952261+00:00' AIRFLOW_CTX_TRY_NUMBER='1' AIRFLOW_CTX_DAG_RUN_ID='manual__2025-04-10T13:31:23.952261+00:00'
[2025-04-10T13:31:47.582+0000] {logging_mixin.py:190} INFO - Task instance is in running state
[2025-04-10T13:31:47.584+0000] {logging_mixin.py:190} INFO -  Previous state of the Task instance: queued
[2025-04-10T13:31:47.586+0000] {logging_mixin.py:190} INFO - Current task name:process_min_max state:running start_date:2025-04-10 13:31:45.460712+00:00
[2025-04-10T13:31:47.587+0000] {logging_mixin.py:190} INFO - Dag name:beer_data_processing and current dag run status:running
[2025-04-10T13:31:47.590+0000] {taskinstance.py:732} INFO - ::endgroup::
[2025-04-10T13:31:48.077+0000] {python.py:240} INFO - Done. Returned value was: True
[2025-04-10T13:31:48.294+0000] {taskinstance.py:341} INFO - ::group::Post task execution logs
[2025-04-10T13:31:48.296+0000] {taskinstance.py:353} INFO - Marking task as SUCCESS. dag_id=beer_data_processing, task_id=process_min_max, run_id=manual__2025-04-10T13:31:23.952261+00:00, execution_date=20250410T133123, start_date=20250410T133145, end_date=20250410T133148
[2025-04-10T13:31:48.366+0000] {logging_mixin.py:190} INFO - Task instance in success state
[2025-04-10T13:31:48.368+0000] {logging_mixin.py:190} INFO -  Previous state of the Task instance: running
[2025-04-10T13:31:48.370+0000] {logging_mixin.py:190} INFO - Dag name:beer_data_processing queued_at:2025-04-10 13:31:24.539061+00:00
[2025-04-10T13:31:48.371+0000] {logging_mixin.py:190} INFO - Task hostname:3e53738720c8 operator:PythonOperator
[2025-04-10T13:31:48.452+0000] {local_task_job_runner.py:266} INFO - Task exited with return code 0
[2025-04-10T13:31:48.475+0000] {local_task_job_runner.py:245} INFO - ::endgroup::
