[2025-04-10T06:16:51.611+0000] {local_task_job_runner.py:123} INFO - ::group::Pre task execution logs
[2025-04-10T06:16:51.649+0000] {taskinstance.py:2614} INFO - Dependencies all met for dep_context=non-requeueable deps ti=<TaskInstance: beer_data_processing.check_file_exists scheduled__2025-04-09T00:00:00+00:00 [queued]>
[2025-04-10T06:16:51.669+0000] {taskinstance.py:2614} INFO - Dependencies all met for dep_context=requeueable deps ti=<TaskInstance: beer_data_processing.check_file_exists scheduled__2025-04-09T00:00:00+00:00 [queued]>
[2025-04-10T06:16:51.671+0000] {taskinstance.py:2867} INFO - Starting attempt 1 of 1
[2025-04-10T06:16:51.710+0000] {taskinstance.py:2890} INFO - Executing <Task(FileSensor): check_file_exists> on 2025-04-09 00:00:00+00:00
[2025-04-10T06:16:51.751+0000] {standard_task_runner.py:104} INFO - Running: ['***', 'tasks', 'run', 'beer_data_processing', 'check_file_exists', 'scheduled__2025-04-09T00:00:00+00:00', '--job-id', '84', '--raw', '--subdir', 'DAGS_FOLDER/beer_data_processing_dag.py', '--cfg-path', '/tmp/tmpqvomrqv9']
[2025-04-10T06:16:51.755+0000] {standard_task_runner.py:105} INFO - Job 84: Subtask check_file_exists
[2025-04-10T06:16:51.756+0000] {logging_mixin.py:190} WARNING - /home/***/.local/lib/python3.12/site-packages/***/task/task_runner/standard_task_runner.py:70 DeprecationWarning: This process (pid=203) is multi-threaded, use of fork() may lead to deadlocks in the child.
[2025-04-10T06:16:51.757+0000] {standard_task_runner.py:72} INFO - Started process 316 to run task
[2025-04-10T06:16:51.845+0000] {task_command.py:467} INFO - Running <TaskInstance: beer_data_processing.check_file_exists scheduled__2025-04-09T00:00:00+00:00 [running]> on host 893b969cc7b0
[2025-04-10T06:16:52.028+0000] {taskinstance.py:3134} INFO - Exporting env vars: AIRFLOW_CTX_DAG_OWNER='***' AIRFLOW_CTX_DAG_ID='beer_data_processing' AIRFLOW_CTX_TASK_ID='check_file_exists' AIRFLOW_CTX_EXECUTION_DATE='2025-04-09T00:00:00+00:00' AIRFLOW_CTX_TRY_NUMBER='1' AIRFLOW_CTX_DAG_RUN_ID='scheduled__2025-04-09T00:00:00+00:00'
[2025-04-10T06:16:52.031+0000] {logging_mixin.py:190} INFO - Task instance is in running state
[2025-04-10T06:16:52.032+0000] {logging_mixin.py:190} INFO -  Previous state of the Task instance: queued
[2025-04-10T06:16:52.033+0000] {logging_mixin.py:190} INFO - Current task name:check_file_exists state:running start_date:2025-04-10 06:16:51.650521+00:00
[2025-04-10T06:16:52.034+0000] {logging_mixin.py:190} INFO - Dag name:beer_data_processing and current dag run status:running
[2025-04-10T06:16:52.035+0000] {taskinstance.py:732} INFO - ::endgroup::
[2025-04-10T06:16:52.036+0000] {baseoperator.py:423} WARNING - FileSensor.execute cannot be called outside TaskInstance!
[2025-04-10T06:16:52.050+0000] {base.py:84} INFO - Retrieving connection 'dataset_folder'
[2025-04-10T06:16:52.052+0000] {filesystem.py:109} INFO - Poking for file /opt/***/dags/data/beer_profile_and_ratings.csv
[2025-04-10T06:16:52.060+0000] {filesystem.py:113} INFO - Found File /opt/***/dags/data/beer_profile_and_ratings.csv last modified: 20250402135654
[2025-04-10T06:16:52.061+0000] {base.py:339} INFO - Success criteria met. Exiting.
[2025-04-10T06:16:52.062+0000] {filesystem.py:109} INFO - Poking for file /opt/***/dags/data/beer_profile_and_ratings.csv
[2025-04-10T06:16:52.070+0000] {filesystem.py:113} INFO - Found File /opt/***/dags/data/beer_profile_and_ratings.csv last modified: 20250402135654
[2025-04-10T06:16:52.091+0000] {taskinstance.py:341} INFO - ::group::Post task execution logs
[2025-04-10T06:16:52.092+0000] {taskinstance.py:353} INFO - Marking task as SUCCESS. dag_id=beer_data_processing, task_id=check_file_exists, run_id=scheduled__2025-04-09T00:00:00+00:00, execution_date=20250409T000000, start_date=20250410T061651, end_date=20250410T061652
[2025-04-10T06:16:52.136+0000] {logging_mixin.py:190} INFO - Task instance in success state
[2025-04-10T06:16:52.138+0000] {logging_mixin.py:190} INFO -  Previous state of the Task instance: running
[2025-04-10T06:16:52.140+0000] {logging_mixin.py:190} INFO - Dag name:beer_data_processing queued_at:2025-04-10 06:16:28.255085+00:00
[2025-04-10T06:16:52.141+0000] {logging_mixin.py:190} INFO - Task hostname:893b969cc7b0 operator:FileSensor
[2025-04-10T06:16:52.178+0000] {local_task_job_runner.py:266} INFO - Task exited with return code 0
[2025-04-10T06:16:52.209+0000] {local_task_job_runner.py:245} INFO - ::endgroup::
