[2025-04-10T13:24:10.719+0000] {local_task_job_runner.py:123} INFO - ::group::Pre task execution logs
[2025-04-10T13:24:11.245+0000] {taskinstance.py:2614} INFO - Dependencies all met for dep_context=non-requeueable deps ti=<TaskInstance: beer_data_processing.create_dim_style_table manual__2025-04-10T13:22:39.556118+00:00 [queued]>
[2025-04-10T13:24:11.296+0000] {taskinstance.py:2614} INFO - Dependencies all met for dep_context=requeueable deps ti=<TaskInstance: beer_data_processing.create_dim_style_table manual__2025-04-10T13:22:39.556118+00:00 [queued]>
[2025-04-10T13:24:11.299+0000] {taskinstance.py:2867} INFO - Starting attempt 1 of 6
[2025-04-10T13:24:11.356+0000] {taskinstance.py:2890} INFO - Executing <Task(SQLExecuteQueryOperator): create_dim_style_table> on 2025-04-10 13:22:39.556118+00:00
[2025-04-10T13:24:11.430+0000] {standard_task_runner.py:104} INFO - Running: ['***', 'tasks', 'run', 'beer_data_processing', 'create_dim_style_table', 'manual__2025-04-10T13:22:39.556118+00:00', '--job-id', '252', '--raw', '--subdir', 'DAGS_FOLDER/beer_data_processing_dag.py', '--cfg-path', '/tmp/tmpinv5c0gb']
[2025-04-10T13:24:11.441+0000] {standard_task_runner.py:105} INFO - Job 252: Subtask create_dim_style_table
[2025-04-10T13:24:11.454+0000] {logging_mixin.py:190} WARNING - /home/***/.local/lib/python3.12/site-packages/***/task/task_runner/standard_task_runner.py:70 DeprecationWarning: This process (pid=1907) is multi-threaded, use of fork() may lead to deadlocks in the child.
[2025-04-10T13:24:11.462+0000] {standard_task_runner.py:72} INFO - Started process 2074 to run task
[2025-04-10T13:24:11.663+0000] {task_command.py:467} INFO - Running <TaskInstance: beer_data_processing.create_dim_style_table manual__2025-04-10T13:22:39.556118+00:00 [running]> on host 3e53738720c8
[2025-04-10T13:24:12.077+0000] {taskinstance.py:3134} INFO - Exporting env vars: AIRFLOW_CTX_DAG_OWNER='***' AIRFLOW_CTX_DAG_ID='beer_data_processing' AIRFLOW_CTX_TASK_ID='create_dim_style_table' AIRFLOW_CTX_EXECUTION_DATE='2025-04-10T13:22:39.556118+00:00' AIRFLOW_CTX_TRY_NUMBER='1' AIRFLOW_CTX_DAG_RUN_ID='manual__2025-04-10T13:22:39.556118+00:00'
[2025-04-10T13:24:12.085+0000] {logging_mixin.py:190} INFO - Task instance is in running state
[2025-04-10T13:24:12.088+0000] {logging_mixin.py:190} INFO -  Previous state of the Task instance: queued
[2025-04-10T13:24:12.089+0000] {logging_mixin.py:190} INFO - Current task name:create_dim_style_table state:running start_date:2025-04-10 13:24:11.248280+00:00
[2025-04-10T13:24:12.090+0000] {logging_mixin.py:190} INFO - Dag name:beer_data_processing and current dag run status:running
[2025-04-10T13:24:12.092+0000] {taskinstance.py:732} INFO - ::endgroup::
[2025-04-10T13:24:12.093+0000] {sql.py:295} INFO - Executing: 
    CREATE TABLE IF NOT EXISTS dim_style (
        style_id SERIAL PRIMARY KEY,
        style_name VARCHAR(255) NOT NULL UNIQUE
    );
    
[2025-04-10T13:24:12.122+0000] {base.py:84} INFO - Retrieving connection 'postgres_conn'
[2025-04-10T13:24:12.143+0000] {base.py:84} INFO - Retrieving connection 'postgres_conn'
[2025-04-10T13:24:12.156+0000] {sql.py:511} INFO - Running statement: 
    CREATE TABLE IF NOT EXISTS dim_style (
        style_id SERIAL PRIMARY KEY,
        style_name VARCHAR(255) NOT NULL UNIQUE
    );
    , parameters: None
[2025-04-10T13:24:12.210+0000] {logging_mixin.py:190} WARNING - /home/***/.local/lib/python3.12/site-packages/***/providers/common/sql/hooks/sql.py:470 DeprecationWarning: Import of fetch_all_handler from the '***.providers.common.sql.hooks' module is deprecated and will
be removed in the future. Please import it from '***.providers.common.sql.hooks.handlers'.
[2025-04-10T13:24:12.231+0000] {logging_mixin.py:190} WARNING - /home/***/.local/lib/python3.12/site-packages/***/providers/common/sql/hooks/sql.py:471 DeprecationWarning: Import of return_single_query_results from the '***.providers.common.sql.hooks' module is deprecated and will
be removed in the future. Please import it from '***.providers.common.sql.hooks.handlers'.
[2025-04-10T13:24:12.237+0000] {logging_mixin.py:190} WARNING - /home/***/.local/lib/python3.12/site-packages/***/providers/common/sql/hooks/sql.py:486 DeprecationWarning: Import of return_single_query_results from the '***.providers.common.sql.hooks' module is deprecated and will
be removed in the future. Please import it from '***.providers.common.sql.hooks.handlers'.
[2025-04-10T13:24:12.248+0000] {logging_mixin.py:190} WARNING - /home/***/.local/lib/python3.12/site-packages/***/providers/common/sql/operators/sql.py:311 DeprecationWarning: Import of return_single_query_results from the '***.providers.common.sql.hooks' module is deprecated and will
be removed in the future. Please import it from '***.providers.common.sql.hooks.handlers'.
[2025-04-10T13:24:12.285+0000] {taskinstance.py:341} INFO - ::group::Post task execution logs
[2025-04-10T13:24:12.289+0000] {taskinstance.py:353} INFO - Marking task as SUCCESS. dag_id=beer_data_processing, task_id=create_dim_style_table, run_id=manual__2025-04-10T13:22:39.556118+00:00, execution_date=20250410T132239, start_date=20250410T132411, end_date=20250410T132412
[2025-04-10T13:24:12.370+0000] {logging_mixin.py:190} INFO - Task instance in success state
[2025-04-10T13:24:12.373+0000] {logging_mixin.py:190} INFO -  Previous state of the Task instance: running
[2025-04-10T13:24:12.374+0000] {logging_mixin.py:190} INFO - Dag name:beer_data_processing queued_at:2025-04-10 13:22:39.728988+00:00
[2025-04-10T13:24:12.375+0000] {logging_mixin.py:190} INFO - Task hostname:3e53738720c8 operator:SQLExecuteQueryOperator
[2025-04-10T13:24:12.421+0000] {local_task_job_runner.py:266} INFO - Task exited with return code 0
[2025-04-10T13:24:12.505+0000] {taskinstance.py:3901} INFO - 0 downstream tasks scheduled from follow-on schedule check
[2025-04-10T13:24:12.524+0000] {local_task_job_runner.py:245} INFO - ::endgroup::
