[2025-04-17T12:18:58.589+0000] {local_task_job_runner.py:123} INFO - ::group::Pre task execution logs
[2025-04-17T12:18:58.794+0000] {taskinstance.py:2614} INFO - Dependencies all met for dep_context=non-requeueable deps ti=<TaskInstance: beer_data_processing.process_min_max scheduled__2025-04-17T06:00:00+00:00 [queued]>
[2025-04-17T12:18:58.916+0000] {taskinstance.py:2614} INFO - Dependencies all met for dep_context=requeueable deps ti=<TaskInstance: beer_data_processing.process_min_max scheduled__2025-04-17T06:00:00+00:00 [queued]>
[2025-04-17T12:18:58.930+0000] {taskinstance.py:2867} INFO - Starting attempt 2 of 6
[2025-04-17T12:18:59.047+0000] {taskinstance.py:2890} INFO - Executing <Task(PythonOperator): process_min_max> on 2025-04-17 06:00:00+00:00
[2025-04-17T12:18:59.150+0000] {standard_task_runner.py:104} INFO - Running: ['***', 'tasks', 'run', 'beer_data_processing', 'process_min_max', 'scheduled__2025-04-17T06:00:00+00:00', '--job-id', '953', '--raw', '--subdir', 'DAGS_FOLDER/beer_data_processing_dag.py', '--cfg-path', '/tmp/tmp27fmn2_8']
[2025-04-17T12:18:59.162+0000] {logging_mixin.py:190} WARNING - /home/***/.local/lib/python3.12/site-packages/***/task/task_runner/standard_task_runner.py:70 DeprecationWarning: This process (pid=1666) is multi-threaded, use of fork() may lead to deadlocks in the child.
[2025-04-17T12:18:59.184+0000] {standard_task_runner.py:72} INFO - Started process 1909 to run task
[2025-04-17T12:18:59.181+0000] {standard_task_runner.py:105} INFO - Job 953: Subtask process_min_max
[2025-04-17T12:19:00.876+0000] {task_command.py:467} INFO - Running <TaskInstance: beer_data_processing.process_min_max scheduled__2025-04-17T06:00:00+00:00 [running]> on host a0d0456bae2c
[2025-04-17T12:19:01.581+0000] {taskinstance.py:3134} INFO - Exporting env vars: AIRFLOW_CTX_DAG_OWNER='***' AIRFLOW_CTX_DAG_ID='beer_data_processing' AIRFLOW_CTX_TASK_ID='process_min_max' AIRFLOW_CTX_EXECUTION_DATE='2025-04-17T06:00:00+00:00' AIRFLOW_CTX_TRY_NUMBER='2' AIRFLOW_CTX_DAG_RUN_ID='scheduled__2025-04-17T06:00:00+00:00'
[2025-04-17T12:19:01.601+0000] {logging_mixin.py:190} INFO - Task instance is in running state
[2025-04-17T12:19:01.603+0000] {logging_mixin.py:190} INFO -  Previous state of the Task instance: queued
[2025-04-17T12:19:01.606+0000] {logging_mixin.py:190} INFO - Current task name:process_min_max state:running start_date:2025-04-17 12:18:58.802172+00:00
[2025-04-17T12:19:01.609+0000] {logging_mixin.py:190} INFO - Dag name:beer_data_processing and current dag run status:running
[2025-04-17T12:19:01.612+0000] {taskinstance.py:732} INFO - ::endgroup::
[2025-04-17T12:19:01.889+0000] {logging_mixin.py:190} INFO - MinMax Scaling Example - Original: {'review_aroma': 4.013761, 'review_appearance': 4.15367, 'review_palate': 4.084862, 'review_taste': 4.094037, 'review_overall': 3.961009}
[2025-04-17T12:19:01.898+0000] {logging_mixin.py:190} INFO - MinMax Scaling Example - Scaled: {'review_aroma': 0.7174411991800331, 'review_appearance': 0.8342625025926924, 'review_palate': 0.753616711260253, 'review_taste': 0.7606890008067171, 'review_overall': 0.7310846570432619}
[2025-04-17T12:19:02.292+0000] {python.py:240} INFO - Done. Returned value was: True
[2025-04-17T12:19:02.392+0000] {taskinstance.py:341} INFO - ::group::Post task execution logs
[2025-04-17T12:19:02.394+0000] {taskinstance.py:353} INFO - Marking task as SUCCESS. dag_id=beer_data_processing, task_id=process_min_max, run_id=scheduled__2025-04-17T06:00:00+00:00, execution_date=20250417T060000, start_date=20250417T121858, end_date=20250417T121902
[2025-04-17T12:19:02.573+0000] {logging_mixin.py:190} INFO - Task instance in success state
[2025-04-17T12:19:02.576+0000] {logging_mixin.py:190} INFO -  Previous state of the Task instance: running
[2025-04-17T12:19:02.578+0000] {logging_mixin.py:190} INFO - Dag name:beer_data_processing queued_at:2025-04-17 11:36:12.377924+00:00
[2025-04-17T12:19:02.579+0000] {logging_mixin.py:190} INFO - Task hostname:a0d0456bae2c operator:PythonOperator
[2025-04-17T12:19:02.708+0000] {local_task_job_runner.py:266} INFO - Task exited with return code 0
[2025-04-17T12:19:02.737+0000] {local_task_job_runner.py:245} INFO - ::endgroup::
