[2025-04-16T21:14:12.455+0000] {local_task_job_runner.py:123} INFO - ::group::Pre task execution logs
[2025-04-16T21:14:12.643+0000] {taskinstance.py:2614} INFO - Dependencies all met for dep_context=non-requeueable deps ti=<TaskInstance: beer_data_processing.process_proportions manual__2025-04-16T21:12:08.431361+00:00 [queued]>
[2025-04-16T21:14:12.785+0000] {taskinstance.py:2614} INFO - Dependencies all met for dep_context=requeueable deps ti=<TaskInstance: beer_data_processing.process_proportions manual__2025-04-16T21:12:08.431361+00:00 [queued]>
[2025-04-16T21:14:12.789+0000] {taskinstance.py:2867} INFO - Starting attempt 1 of 6
[2025-04-16T21:14:13.044+0000] {taskinstance.py:2890} INFO - Executing <Task(PythonOperator): process_proportions> on 2025-04-16 21:12:08.431361+00:00
[2025-04-16T21:14:13.257+0000] {standard_task_runner.py:104} INFO - Running: ['***', 'tasks', 'run', 'beer_data_processing', 'process_proportions', 'manual__2025-04-16T21:12:08.431361+00:00', '--job-id', '786', '--raw', '--subdir', 'DAGS_FOLDER/beer_data_processing_dag.py', '--cfg-path', '/tmp/tmp6timrih1']
[2025-04-16T21:14:13.271+0000] {standard_task_runner.py:105} INFO - Job 786: Subtask process_proportions
[2025-04-16T21:14:13.287+0000] {logging_mixin.py:190} WARNING - /home/***/.local/lib/python3.12/site-packages/***/task/task_runner/standard_task_runner.py:70 DeprecationWarning: This process (pid=61335) is multi-threaded, use of fork() may lead to deadlocks in the child.
[2025-04-16T21:14:13.297+0000] {standard_task_runner.py:72} INFO - Started process 61465 to run task
[2025-04-16T21:14:13.652+0000] {task_command.py:467} INFO - Running <TaskInstance: beer_data_processing.process_proportions manual__2025-04-16T21:12:08.431361+00:00 [running]> on host 3e53738720c8
[2025-04-16T21:14:14.379+0000] {taskinstance.py:3134} INFO - Exporting env vars: AIRFLOW_CTX_DAG_OWNER='***' AIRFLOW_CTX_DAG_ID='beer_data_processing' AIRFLOW_CTX_TASK_ID='process_proportions' AIRFLOW_CTX_EXECUTION_DATE='2025-04-16T21:12:08.431361+00:00' AIRFLOW_CTX_TRY_NUMBER='1' AIRFLOW_CTX_DAG_RUN_ID='manual__2025-04-16T21:12:08.431361+00:00'
[2025-04-16T21:14:14.402+0000] {logging_mixin.py:190} INFO - Task instance is in running state
[2025-04-16T21:14:14.403+0000] {logging_mixin.py:190} INFO -  Previous state of the Task instance: queued
[2025-04-16T21:14:14.406+0000] {logging_mixin.py:190} INFO - Current task name:process_proportions state:running start_date:2025-04-16 21:14:12.663978+00:00
[2025-04-16T21:14:14.413+0000] {logging_mixin.py:190} INFO - Dag name:beer_data_processing and current dag run status:running
[2025-04-16T21:14:14.425+0000] {taskinstance.py:732} INFO - ::endgroup::
[2025-04-16T21:14:15.317+0000] {python.py:240} INFO - Done. Returned value was: True
[2025-04-16T21:14:15.415+0000] {taskinstance.py:341} INFO - ::group::Post task execution logs
[2025-04-16T21:14:15.419+0000] {taskinstance.py:353} INFO - Marking task as SUCCESS. dag_id=beer_data_processing, task_id=process_proportions, run_id=manual__2025-04-16T21:12:08.431361+00:00, execution_date=20250416T211208, start_date=20250416T211412, end_date=20250416T211415
[2025-04-16T21:14:15.526+0000] {logging_mixin.py:190} INFO - Task instance in success state
[2025-04-16T21:14:15.528+0000] {logging_mixin.py:190} INFO -  Previous state of the Task instance: running
[2025-04-16T21:14:15.530+0000] {logging_mixin.py:190} INFO - Dag name:beer_data_processing queued_at:2025-04-16 21:12:08.689941+00:00
[2025-04-16T21:14:15.532+0000] {logging_mixin.py:190} INFO - Task hostname:3e53738720c8 operator:PythonOperator
[2025-04-16T21:14:15.619+0000] {local_task_job_runner.py:266} INFO - Task exited with return code 0
[2025-04-16T21:14:15.788+0000] {taskinstance.py:3901} INFO - 0 downstream tasks scheduled from follow-on schedule check
[2025-04-16T21:14:15.793+0000] {local_task_job_runner.py:245} INFO - ::endgroup::
