[2025-04-17T12:25:13.514+0000] {local_task_job_runner.py:123} INFO - ::group::Pre task execution logs
[2025-04-17T12:25:13.745+0000] {taskinstance.py:2614} INFO - Dependencies all met for dep_context=non-requeueable deps ti=<TaskInstance: beer_data_processing.create_dim_beer_table scheduled__2025-04-17T09:00:00+00:00 [queued]>
[2025-04-17T12:25:13.830+0000] {taskinstance.py:2614} INFO - Dependencies all met for dep_context=requeueable deps ti=<TaskInstance: beer_data_processing.create_dim_beer_table scheduled__2025-04-17T09:00:00+00:00 [queued]>
[2025-04-17T12:25:13.839+0000] {taskinstance.py:2867} INFO - Starting attempt 1 of 6
[2025-04-17T12:25:13.940+0000] {taskinstance.py:2890} INFO - Executing <Task(SQLExecuteQueryOperator): create_dim_beer_table> on 2025-04-17 09:00:00+00:00
[2025-04-17T12:25:14.170+0000] {logging_mixin.py:190} WARNING - /home/***/.local/lib/python3.12/site-packages/***/task/task_runner/standard_task_runner.py:70 DeprecationWarning: This process (pid=2913) is multi-threaded, use of fork() may lead to deadlocks in the child.
[2025-04-17T12:25:14.153+0000] {standard_task_runner.py:104} INFO - Running: ['***', 'tasks', 'run', 'beer_data_processing', 'create_dim_beer_table', 'scheduled__2025-04-17T09:00:00+00:00', '--job-id', '982', '--raw', '--subdir', 'DAGS_FOLDER/beer_data_processing_dag.py', '--cfg-path', '/tmp/tmpfyxemcc1']
[2025-04-17T12:25:14.175+0000] {standard_task_runner.py:105} INFO - Job 982: Subtask create_dim_beer_table
[2025-04-17T12:25:14.174+0000] {standard_task_runner.py:72} INFO - Started process 3038 to run task
[2025-04-17T12:25:15.429+0000] {task_command.py:467} INFO - Running <TaskInstance: beer_data_processing.create_dim_beer_table scheduled__2025-04-17T09:00:00+00:00 [running]> on host a0d0456bae2c
[2025-04-17T12:25:18.653+0000] {taskinstance.py:3134} INFO - Exporting env vars: AIRFLOW_CTX_DAG_OWNER='***' AIRFLOW_CTX_DAG_ID='beer_data_processing' AIRFLOW_CTX_TASK_ID='create_dim_beer_table' AIRFLOW_CTX_EXECUTION_DATE='2025-04-17T09:00:00+00:00' AIRFLOW_CTX_TRY_NUMBER='1' AIRFLOW_CTX_DAG_RUN_ID='scheduled__2025-04-17T09:00:00+00:00'
[2025-04-17T12:25:18.818+0000] {logging_mixin.py:190} INFO - Task instance is in running state
[2025-04-17T12:25:18.854+0000] {logging_mixin.py:190} INFO -  Previous state of the Task instance: queued
[2025-04-17T12:25:18.882+0000] {logging_mixin.py:190} INFO - Current task name:create_dim_beer_table state:running start_date:2025-04-17 12:25:13.751457+00:00
[2025-04-17T12:25:18.902+0000] {logging_mixin.py:190} INFO - Dag name:beer_data_processing and current dag run status:running
[2025-04-17T12:25:18.934+0000] {taskinstance.py:732} INFO - ::endgroup::
[2025-04-17T12:25:18.964+0000] {sql.py:295} INFO - Executing: 
    CREATE TABLE IF NOT EXISTS dim_beer (
        beer_id SERIAL PRIMARY KEY,
        beer_name VARCHAR(255) NOT NULL UNIQUE
    );
    
[2025-04-17T12:25:19.214+0000] {base.py:84} INFO - Retrieving connection 'postgres_conn'
[2025-04-17T12:25:19.524+0000] {base.py:84} INFO - Retrieving connection 'postgres_conn'
[2025-04-17T12:25:19.618+0000] {sql.py:511} INFO - Running statement: 
    CREATE TABLE IF NOT EXISTS dim_beer (
        beer_id SERIAL PRIMARY KEY,
        beer_name VARCHAR(255) NOT NULL UNIQUE
    );
    , parameters: None
[2025-04-17T12:25:19.695+0000] {logging_mixin.py:190} WARNING - /home/***/.local/lib/python3.12/site-packages/***/providers/common/sql/hooks/sql.py:470 DeprecationWarning: Import of fetch_all_handler from the '***.providers.common.sql.hooks' module is deprecated and will
be removed in the future. Please import it from '***.providers.common.sql.hooks.handlers'.
[2025-04-17T12:25:19.723+0000] {logging_mixin.py:190} WARNING - /home/***/.local/lib/python3.12/site-packages/***/providers/common/sql/hooks/sql.py:471 DeprecationWarning: Import of return_single_query_results from the '***.providers.common.sql.hooks' module is deprecated and will
be removed in the future. Please import it from '***.providers.common.sql.hooks.handlers'.
[2025-04-17T12:25:19.751+0000] {logging_mixin.py:190} WARNING - /home/***/.local/lib/python3.12/site-packages/***/providers/common/sql/hooks/sql.py:486 DeprecationWarning: Import of return_single_query_results from the '***.providers.common.sql.hooks' module is deprecated and will
be removed in the future. Please import it from '***.providers.common.sql.hooks.handlers'.
[2025-04-17T12:25:19.760+0000] {logging_mixin.py:190} WARNING - /home/***/.local/lib/python3.12/site-packages/***/providers/common/sql/operators/sql.py:311 DeprecationWarning: Import of return_single_query_results from the '***.providers.common.sql.hooks' module is deprecated and will
be removed in the future. Please import it from '***.providers.common.sql.hooks.handlers'.
[2025-04-17T12:25:19.974+0000] {taskinstance.py:341} INFO - ::group::Post task execution logs
[2025-04-17T12:25:19.991+0000] {taskinstance.py:353} INFO - Marking task as SUCCESS. dag_id=beer_data_processing, task_id=create_dim_beer_table, run_id=scheduled__2025-04-17T09:00:00+00:00, execution_date=20250417T090000, start_date=20250417T122513, end_date=20250417T122519
[2025-04-17T12:25:20.453+0000] {logging_mixin.py:190} INFO - Task instance in success state
[2025-04-17T12:25:20.466+0000] {logging_mixin.py:190} INFO -  Previous state of the Task instance: running
[2025-04-17T12:25:20.495+0000] {logging_mixin.py:190} INFO - Dag name:beer_data_processing queued_at:2025-04-17 11:36:15.873430+00:00
[2025-04-17T12:25:20.517+0000] {logging_mixin.py:190} INFO - Task hostname:a0d0456bae2c operator:SQLExecuteQueryOperator
[2025-04-17T12:25:20.802+0000] {local_task_job_runner.py:266} INFO - Task exited with return code 0
[2025-04-17T12:25:20.938+0000] {local_task_job_runner.py:245} INFO - ::endgroup::
