[2025-04-16T15:22:47.124+0000] {local_task_job_runner.py:123} INFO - ::group::Pre task execution logs
[2025-04-16T15:22:47.872+0000] {taskinstance.py:2614} INFO - Dependencies all met for dep_context=non-requeueable deps ti=<TaskInstance: beer_data_processing.create_dim_beer scheduled__2025-04-16T13:00:00+00:00 [queued]>
[2025-04-16T15:22:48.117+0000] {taskinstance.py:2614} INFO - Dependencies all met for dep_context=requeueable deps ti=<TaskInstance: beer_data_processing.create_dim_beer scheduled__2025-04-16T13:00:00+00:00 [queued]>
[2025-04-16T15:22:48.130+0000] {taskinstance.py:2867} INFO - Starting attempt 1 of 6
[2025-04-16T15:22:49.935+0000] {taskinstance.py:2890} INFO - Executing <Task(PythonOperator): create_dim_beer> on 2025-04-16 13:00:00+00:00
[2025-04-16T15:22:50.483+0000] {standard_task_runner.py:104} INFO - Running: ['***', 'tasks', 'run', 'beer_data_processing', 'create_dim_beer', 'scheduled__2025-04-16T13:00:00+00:00', '--job-id', '593', '--raw', '--subdir', 'DAGS_FOLDER/beer_data_processing_dag.py', '--cfg-path', '/tmp/tmp7ya09_ry']
[2025-04-16T15:22:50.523+0000] {standard_task_runner.py:105} INFO - Job 593: Subtask create_dim_beer
[2025-04-16T15:22:50.823+0000] {logging_mixin.py:190} WARNING - /home/***/.local/lib/python3.12/site-packages/***/task/task_runner/standard_task_runner.py:70 DeprecationWarning: This process (pid=54639) is multi-threaded, use of fork() may lead to deadlocks in the child.
[2025-04-16T15:22:50.834+0000] {standard_task_runner.py:72} INFO - Started process 54884 to run task
[2025-04-16T15:22:51.909+0000] {task_command.py:467} INFO - Running <TaskInstance: beer_data_processing.create_dim_beer scheduled__2025-04-16T13:00:00+00:00 [running]> on host 3e53738720c8
[2025-04-16T15:22:53.669+0000] {taskinstance.py:3134} INFO - Exporting env vars: AIRFLOW_CTX_DAG_OWNER='***' AIRFLOW_CTX_DAG_ID='beer_data_processing' AIRFLOW_CTX_TASK_ID='create_dim_beer' AIRFLOW_CTX_EXECUTION_DATE='2025-04-16T13:00:00+00:00' AIRFLOW_CTX_TRY_NUMBER='1' AIRFLOW_CTX_DAG_RUN_ID='scheduled__2025-04-16T13:00:00+00:00'
[2025-04-16T15:22:53.791+0000] {logging_mixin.py:190} INFO - Task instance is in running state
[2025-04-16T15:22:53.804+0000] {logging_mixin.py:190} INFO -  Previous state of the Task instance: queued
[2025-04-16T15:22:53.808+0000] {logging_mixin.py:190} INFO - Current task name:create_dim_beer state:running start_date:2025-04-16 15:22:47.883814+00:00
[2025-04-16T15:22:53.810+0000] {logging_mixin.py:190} INFO - Dag name:beer_data_processing and current dag run status:running
[2025-04-16T15:22:53.812+0000] {taskinstance.py:732} INFO - ::endgroup::
[2025-04-16T15:22:56.524+0000] {job.py:229} INFO - Heartbeat recovered after 14.52 seconds
[2025-04-16T15:22:59.994+0000] {base.py:84} INFO - Retrieving connection 'postgres_conn'
[2025-04-16T15:23:08.452+0000] {logging_mixin.py:190} INFO - Створено датасет dim_beer з 3066 записами
[2025-04-16T15:23:08.621+0000] {python.py:240} INFO - Done. Returned value was: True
[2025-04-16T15:23:09.181+0000] {taskinstance.py:341} INFO - ::group::Post task execution logs
[2025-04-16T15:23:09.196+0000] {taskinstance.py:353} INFO - Marking task as SUCCESS. dag_id=beer_data_processing, task_id=create_dim_beer, run_id=scheduled__2025-04-16T13:00:00+00:00, execution_date=20250416T130000, start_date=20250416T152247, end_date=20250416T152309
[2025-04-16T15:23:11.053+0000] {logging_mixin.py:190} INFO - Task instance in success state
[2025-04-16T15:23:11.069+0000] {logging_mixin.py:190} INFO -  Previous state of the Task instance: running
[2025-04-16T15:23:11.084+0000] {logging_mixin.py:190} INFO - Dag name:beer_data_processing queued_at:2025-04-16 15:07:18.140012+00:00
[2025-04-16T15:23:11.087+0000] {logging_mixin.py:190} INFO - Task hostname:3e53738720c8 operator:PythonOperator
[2025-04-16T15:23:11.693+0000] {local_task_job_runner.py:266} INFO - Task exited with return code 0
[2025-04-16T15:23:12.243+0000] {local_task_job_runner.py:245} INFO - ::endgroup::
