[2025-04-17T12:18:58.518+0000] {local_task_job_runner.py:123} INFO - ::group::Pre task execution logs
[2025-04-17T12:18:58.790+0000] {taskinstance.py:2614} INFO - Dependencies all met for dep_context=non-requeueable deps ti=<TaskInstance: beer_data_processing.process_robust_scaler scheduled__2025-04-17T05:00:00+00:00 [queued]>
[2025-04-17T12:18:58.877+0000] {taskinstance.py:2614} INFO - Dependencies all met for dep_context=requeueable deps ti=<TaskInstance: beer_data_processing.process_robust_scaler scheduled__2025-04-17T05:00:00+00:00 [queued]>
[2025-04-17T12:18:58.894+0000] {taskinstance.py:2867} INFO - Starting attempt 2 of 6
[2025-04-17T12:18:59.134+0000] {taskinstance.py:2890} INFO - Executing <Task(PythonOperator): process_robust_scaler> on 2025-04-17 05:00:00+00:00
[2025-04-17T12:18:59.402+0000] {standard_task_runner.py:104} INFO - Running: ['***', 'tasks', 'run', 'beer_data_processing', 'process_robust_scaler', 'scheduled__2025-04-17T05:00:00+00:00', '--job-id', '954', '--raw', '--subdir', 'DAGS_FOLDER/beer_data_processing_dag.py', '--cfg-path', '/tmp/tmphw0xsfp7']
[2025-04-17T12:18:59.444+0000] {standard_task_runner.py:105} INFO - Job 954: Subtask process_robust_scaler
[2025-04-17T12:18:59.517+0000] {logging_mixin.py:190} WARNING - /home/***/.local/lib/python3.12/site-packages/***/task/task_runner/standard_task_runner.py:70 DeprecationWarning: This process (pid=1665) is multi-threaded, use of fork() may lead to deadlocks in the child.
[2025-04-17T12:18:59.558+0000] {standard_task_runner.py:72} INFO - Started process 1911 to run task
[2025-04-17T12:19:00.908+0000] {task_command.py:467} INFO - Running <TaskInstance: beer_data_processing.process_robust_scaler scheduled__2025-04-17T05:00:00+00:00 [running]> on host a0d0456bae2c
[2025-04-17T12:19:01.737+0000] {taskinstance.py:3134} INFO - Exporting env vars: AIRFLOW_CTX_DAG_OWNER='***' AIRFLOW_CTX_DAG_ID='beer_data_processing' AIRFLOW_CTX_TASK_ID='process_robust_scaler' AIRFLOW_CTX_EXECUTION_DATE='2025-04-17T05:00:00+00:00' AIRFLOW_CTX_TRY_NUMBER='2' AIRFLOW_CTX_DAG_RUN_ID='scheduled__2025-04-17T05:00:00+00:00'
[2025-04-17T12:19:01.742+0000] {logging_mixin.py:190} INFO - Task instance is in running state
[2025-04-17T12:19:01.744+0000] {logging_mixin.py:190} INFO -  Previous state of the Task instance: queued
[2025-04-17T12:19:01.746+0000] {logging_mixin.py:190} INFO - Current task name:process_robust_scaler state:running start_date:2025-04-17 12:18:58.792068+00:00
[2025-04-17T12:19:01.747+0000] {logging_mixin.py:190} INFO - Dag name:beer_data_processing and current dag run status:running
[2025-04-17T12:19:01.749+0000] {taskinstance.py:732} INFO - ::endgroup::
[2025-04-17T12:19:01.967+0000] {logging_mixin.py:190} INFO - Robust Scaling Example - Original: {'ABV': 10.0, 'Min IBU': 60.0, 'Max IBU': 100.0, 'number_of_reviews': 218.0}
[2025-04-17T12:19:01.968+0000] {logging_mixin.py:190} INFO - Robust Scaling Example - Scaled: {'ABV': 1.5384615384615388, 'Min IBU': 4.0, 'Max IBU': 3.25, 'number_of_reviews': 0.4789272030651341}
[2025-04-17T12:19:02.225+0000] {python.py:240} INFO - Done. Returned value was: True
[2025-04-17T12:19:02.383+0000] {taskinstance.py:341} INFO - ::group::Post task execution logs
[2025-04-17T12:19:02.385+0000] {taskinstance.py:353} INFO - Marking task as SUCCESS. dag_id=beer_data_processing, task_id=process_robust_scaler, run_id=scheduled__2025-04-17T05:00:00+00:00, execution_date=20250417T050000, start_date=20250417T121858, end_date=20250417T121902
[2025-04-17T12:19:02.537+0000] {logging_mixin.py:190} INFO - Task instance in success state
[2025-04-17T12:19:02.554+0000] {logging_mixin.py:190} INFO -  Previous state of the Task instance: running
[2025-04-17T12:19:02.574+0000] {logging_mixin.py:190} INFO - Dag name:beer_data_processing queued_at:2025-04-17 11:36:11.494718+00:00
[2025-04-17T12:19:02.576+0000] {logging_mixin.py:190} INFO - Task hostname:a0d0456bae2c operator:PythonOperator
[2025-04-17T12:19:02.682+0000] {local_task_job_runner.py:266} INFO - Task exited with return code 0
[2025-04-17T12:19:02.710+0000] {local_task_job_runner.py:245} INFO - ::endgroup::
