[2025-04-17T12:18:40.155+0000] {local_task_job_runner.py:123} INFO - ::group::Pre task execution logs
[2025-04-17T12:18:40.828+0000] {taskinstance.py:2614} INFO - Dependencies all met for dep_context=non-requeueable deps ti=<TaskInstance: beer_data_processing.load_data scheduled__2025-04-17T11:00:00+00:00 [queued]>
[2025-04-17T12:18:41.081+0000] {taskinstance.py:2614} INFO - Dependencies all met for dep_context=requeueable deps ti=<TaskInstance: beer_data_processing.load_data scheduled__2025-04-17T11:00:00+00:00 [queued]>
[2025-04-17T12:18:41.104+0000] {taskinstance.py:2867} INFO - Starting attempt 2 of 6
[2025-04-17T12:18:41.635+0000] {taskinstance.py:2890} INFO - Executing <Task(PythonOperator): load_data> on 2025-04-17 11:00:00+00:00
[2025-04-17T12:18:42.040+0000] {logging_mixin.py:190} WARNING - /home/***/.local/lib/python3.12/site-packages/***/task/task_runner/standard_task_runner.py:70 DeprecationWarning: This process (pid=1404) is multi-threaded, use of fork() may lead to deadlocks in the child.
[2025-04-17T12:18:42.047+0000] {standard_task_runner.py:72} INFO - Started process 1760 to run task
[2025-04-17T12:18:42.054+0000] {standard_task_runner.py:104} INFO - Running: ['***', 'tasks', 'run', 'beer_data_processing', 'load_data', 'scheduled__2025-04-17T11:00:00+00:00', '--job-id', '950', '--raw', '--subdir', 'DAGS_FOLDER/beer_data_processing_dag.py', '--cfg-path', '/tmp/tmpgfq3ito1']
[2025-04-17T12:18:42.061+0000] {standard_task_runner.py:105} INFO - Job 950: Subtask load_data
[2025-04-17T12:18:44.541+0000] {task_command.py:467} INFO - Running <TaskInstance: beer_data_processing.load_data scheduled__2025-04-17T11:00:00+00:00 [running]> on host a0d0456bae2c
[2025-04-17T12:18:46.073+0000] {taskinstance.py:3134} INFO - Exporting env vars: AIRFLOW_CTX_DAG_OWNER='***' AIRFLOW_CTX_DAG_ID='beer_data_processing' AIRFLOW_CTX_TASK_ID='load_data' AIRFLOW_CTX_EXECUTION_DATE='2025-04-17T11:00:00+00:00' AIRFLOW_CTX_TRY_NUMBER='2' AIRFLOW_CTX_DAG_RUN_ID='scheduled__2025-04-17T11:00:00+00:00'
[2025-04-17T12:18:46.089+0000] {logging_mixin.py:190} INFO - Task instance is in running state
[2025-04-17T12:18:46.094+0000] {logging_mixin.py:190} INFO -  Previous state of the Task instance: queued
[2025-04-17T12:18:46.096+0000] {logging_mixin.py:190} INFO - Current task name:load_data state:running start_date:2025-04-17 12:18:40.840215+00:00
[2025-04-17T12:18:46.099+0000] {logging_mixin.py:190} INFO - Dag name:beer_data_processing and current dag run status:running
[2025-04-17T12:18:46.102+0000] {taskinstance.py:732} INFO - ::endgroup::
[2025-04-17T12:18:48.745+0000] {logging_mixin.py:190} INFO - Завантажено 3197 записів з CSV файлу
[2025-04-17T12:18:48.765+0000] {python.py:240} INFO - Done. Returned value was: True
[2025-04-17T12:18:49.089+0000] {taskinstance.py:341} INFO - ::group::Post task execution logs
[2025-04-17T12:18:49.098+0000] {taskinstance.py:353} INFO - Marking task as SUCCESS. dag_id=beer_data_processing, task_id=load_data, run_id=scheduled__2025-04-17T11:00:00+00:00, execution_date=20250417T110000, start_date=20250417T121840, end_date=20250417T121849
[2025-04-17T12:18:49.321+0000] {logging_mixin.py:190} INFO - Task instance in success state
[2025-04-17T12:18:49.329+0000] {logging_mixin.py:190} INFO -  Previous state of the Task instance: running
[2025-04-17T12:18:49.341+0000] {logging_mixin.py:190} INFO - Dag name:beer_data_processing queued_at:2025-04-17 12:08:10.483491+00:00
[2025-04-17T12:18:49.352+0000] {logging_mixin.py:190} INFO - Task hostname:a0d0456bae2c operator:PythonOperator
[2025-04-17T12:18:49.482+0000] {local_task_job_runner.py:266} INFO - Task exited with return code 0
[2025-04-17T12:18:49.746+0000] {taskinstance.py:3901} INFO - 3 downstream tasks scheduled from follow-on schedule check
[2025-04-17T12:18:49.794+0000] {local_task_job_runner.py:245} INFO - ::endgroup::
