[2025-04-10T13:36:25.514+0000] {local_task_job_runner.py:123} INFO - ::group::Pre task execution logs
[2025-04-10T13:36:25.570+0000] {taskinstance.py:2614} INFO - Dependencies all met for dep_context=non-requeueable deps ti=<TaskInstance: beer_data_processing.process_proportions manual__2025-04-10T13:36:07.917582+00:00 [queued]>
[2025-04-10T13:36:25.594+0000] {taskinstance.py:2614} INFO - Dependencies all met for dep_context=requeueable deps ti=<TaskInstance: beer_data_processing.process_proportions manual__2025-04-10T13:36:07.917582+00:00 [queued]>
[2025-04-10T13:36:25.595+0000] {taskinstance.py:2867} INFO - Starting attempt 1 of 6
[2025-04-10T13:36:25.625+0000] {taskinstance.py:2890} INFO - Executing <Task(PythonOperator): process_proportions> on 2025-04-10 13:36:07.917582+00:00
[2025-04-10T13:36:25.649+0000] {standard_task_runner.py:104} INFO - Running: ['***', 'tasks', 'run', 'beer_data_processing', 'process_proportions', 'manual__2025-04-10T13:36:07.917582+00:00', '--job-id', '275', '--raw', '--subdir', 'DAGS_FOLDER/beer_data_processing_dag.py', '--cfg-path', '/tmp/tmpbwtkdgip']
[2025-04-10T13:36:25.652+0000] {standard_task_runner.py:105} INFO - Job 275: Subtask process_proportions
[2025-04-10T13:36:25.663+0000] {logging_mixin.py:190} WARNING - /home/***/.local/lib/python3.12/site-packages/***/task/task_runner/standard_task_runner.py:70 DeprecationWarning: This process (pid=9392) is multi-threaded, use of fork() may lead to deadlocks in the child.
[2025-04-10T13:36:25.665+0000] {standard_task_runner.py:72} INFO - Started process 9447 to run task
[2025-04-10T13:36:25.760+0000] {task_command.py:467} INFO - Running <TaskInstance: beer_data_processing.process_proportions manual__2025-04-10T13:36:07.917582+00:00 [running]> on host 3e53738720c8
[2025-04-10T13:36:25.936+0000] {taskinstance.py:3134} INFO - Exporting env vars: AIRFLOW_CTX_DAG_OWNER='***' AIRFLOW_CTX_DAG_ID='beer_data_processing' AIRFLOW_CTX_TASK_ID='process_proportions' AIRFLOW_CTX_EXECUTION_DATE='2025-04-10T13:36:07.917582+00:00' AIRFLOW_CTX_TRY_NUMBER='1' AIRFLOW_CTX_DAG_RUN_ID='manual__2025-04-10T13:36:07.917582+00:00'
[2025-04-10T13:36:25.940+0000] {logging_mixin.py:190} INFO - Task instance is in running state
[2025-04-10T13:36:25.941+0000] {logging_mixin.py:190} INFO -  Previous state of the Task instance: queued
[2025-04-10T13:36:25.942+0000] {logging_mixin.py:190} INFO - Current task name:process_proportions state:running start_date:2025-04-10 13:36:25.572699+00:00
[2025-04-10T13:36:25.943+0000] {logging_mixin.py:190} INFO - Dag name:beer_data_processing and current dag run status:running
[2025-04-10T13:36:25.944+0000] {taskinstance.py:732} INFO - ::endgroup::
[2025-04-10T13:36:26.399+0000] {python.py:240} INFO - Done. Returned value was: True
[2025-04-10T13:36:26.467+0000] {taskinstance.py:341} INFO - ::group::Post task execution logs
[2025-04-10T13:36:26.469+0000] {taskinstance.py:353} INFO - Marking task as SUCCESS. dag_id=beer_data_processing, task_id=process_proportions, run_id=manual__2025-04-10T13:36:07.917582+00:00, execution_date=20250410T133607, start_date=20250410T133625, end_date=20250410T133626
[2025-04-10T13:36:26.525+0000] {logging_mixin.py:190} INFO - Task instance in success state
[2025-04-10T13:36:26.527+0000] {logging_mixin.py:190} INFO -  Previous state of the Task instance: running
[2025-04-10T13:36:26.528+0000] {logging_mixin.py:190} INFO - Dag name:beer_data_processing queued_at:2025-04-10 13:36:08.187437+00:00
[2025-04-10T13:36:26.530+0000] {logging_mixin.py:190} INFO - Task hostname:3e53738720c8 operator:PythonOperator
[2025-04-10T13:36:26.607+0000] {local_task_job_runner.py:266} INFO - Task exited with return code 0
[2025-04-10T13:36:26.718+0000] {taskinstance.py:3901} INFO - 4 downstream tasks scheduled from follow-on schedule check
[2025-04-10T13:36:26.723+0000] {local_task_job_runner.py:245} INFO - ::endgroup::
