[2025-04-10T10:21:40.506+0000] {local_task_job_runner.py:123} INFO - ::group::Pre task execution logs
[2025-04-10T10:21:41.141+0000] {taskinstance.py:2614} INFO - Dependencies all met for dep_context=non-requeueable deps ti=<TaskInstance: beer_data_processing.create_dim_style manual__2025-04-10T10:21:09.831883+00:00 [queued]>
[2025-04-10T10:21:41.195+0000] {taskinstance.py:2614} INFO - Dependencies all met for dep_context=requeueable deps ti=<TaskInstance: beer_data_processing.create_dim_style manual__2025-04-10T10:21:09.831883+00:00 [queued]>
[2025-04-10T10:21:41.204+0000] {taskinstance.py:2867} INFO - Starting attempt 1 of 6
[2025-04-10T10:21:41.373+0000] {taskinstance.py:2890} INFO - Executing <Task(PythonOperator): create_dim_style> on 2025-04-10 10:21:09.831883+00:00
[2025-04-10T10:21:41.672+0000] {logging_mixin.py:190} WARNING - /home/***/.local/lib/python3.12/site-packages/***/task/task_runner/standard_task_runner.py:70 DeprecationWarning: This process (pid=33350) is multi-threaded, use of fork() may lead to deadlocks in the child.
[2025-04-10T10:21:41.647+0000] {standard_task_runner.py:104} INFO - Running: ['***', 'tasks', 'run', 'beer_data_processing', 'create_dim_style', 'manual__2025-04-10T10:21:09.831883+00:00', '--job-id', '222', '--raw', '--subdir', 'DAGS_FOLDER/beer_data_processing_dag.py', '--cfg-path', '/tmp/tmppxdxask6']
[2025-04-10T10:21:41.717+0000] {standard_task_runner.py:72} INFO - Started process 33365 to run task
[2025-04-10T10:21:41.718+0000] {standard_task_runner.py:105} INFO - Job 222: Subtask create_dim_style
[2025-04-10T10:21:44.596+0000] {task_command.py:467} INFO - Running <TaskInstance: beer_data_processing.create_dim_style manual__2025-04-10T10:21:09.831883+00:00 [running]> on host abcc0ba2292b
[2025-04-10T10:21:46.367+0000] {taskinstance.py:3134} INFO - Exporting env vars: AIRFLOW_CTX_DAG_OWNER='***' AIRFLOW_CTX_DAG_ID='beer_data_processing' AIRFLOW_CTX_TASK_ID='create_dim_style' AIRFLOW_CTX_EXECUTION_DATE='2025-04-10T10:21:09.831883+00:00' AIRFLOW_CTX_TRY_NUMBER='1' AIRFLOW_CTX_DAG_RUN_ID='manual__2025-04-10T10:21:09.831883+00:00'
[2025-04-10T10:21:46.424+0000] {logging_mixin.py:190} INFO - Task instance is in running state
[2025-04-10T10:21:46.429+0000] {logging_mixin.py:190} INFO -  Previous state of the Task instance: queued
[2025-04-10T10:21:46.433+0000] {logging_mixin.py:190} INFO - Current task name:create_dim_style state:running start_date:2025-04-10 10:21:41.144894+00:00
[2025-04-10T10:21:46.435+0000] {logging_mixin.py:190} INFO - Dag name:beer_data_processing and current dag run status:running
[2025-04-10T10:21:46.438+0000] {taskinstance.py:732} INFO - ::endgroup::
[2025-04-10T10:21:47.954+0000] {logging_mixin.py:190} WARNING - /opt/***/dags/beer_data_processing_dag.py:108 FutureWarning: Passing literal json to 'read_json' is deprecated and will be removed in a future version. To read from a literal string, wrap it in a 'StringIO' object.
[2025-04-10T10:21:51.048+0000] {base.py:84} INFO - Retrieving connection 'postgres_conn'
[2025-04-10T10:21:52.667+0000] {logging_mixin.py:190} INFO - Створено датасет dim_style з 111 записами
[2025-04-10T10:21:52.776+0000] {python.py:240} INFO - Done. Returned value was: True
[2025-04-10T10:21:53.518+0000] {taskinstance.py:341} INFO - ::group::Post task execution logs
[2025-04-10T10:21:53.696+0000] {taskinstance.py:353} INFO - Marking task as SUCCESS. dag_id=beer_data_processing, task_id=create_dim_style, run_id=manual__2025-04-10T10:21:09.831883+00:00, execution_date=20250410T102109, start_date=20250410T102141, end_date=20250410T102153
[2025-04-10T10:21:55.226+0000] {logging_mixin.py:190} INFO - Task instance in success state
[2025-04-10T10:21:55.249+0000] {logging_mixin.py:190} INFO -  Previous state of the Task instance: running
[2025-04-10T10:21:55.261+0000] {logging_mixin.py:190} INFO - Dag name:beer_data_processing queued_at:2025-04-10 10:21:10.065104+00:00
[2025-04-10T10:21:55.270+0000] {logging_mixin.py:190} INFO - Task hostname:abcc0ba2292b operator:PythonOperator
[2025-04-10T10:21:55.572+0000] {local_task_job_runner.py:266} INFO - Task exited with return code 0
[2025-04-10T10:21:55.909+0000] {taskinstance.py:3901} INFO - 0 downstream tasks scheduled from follow-on schedule check
[2025-04-10T10:21:55.923+0000] {local_task_job_runner.py:245} INFO - ::endgroup::
