[2025-04-17T12:25:15.354+0000] {local_task_job_runner.py:123} INFO - ::group::Pre task execution logs
[2025-04-17T12:25:16.222+0000] {taskinstance.py:2614} INFO - Dependencies all met for dep_context=non-requeueable deps ti=<TaskInstance: beer_data_processing.create_merged_data scheduled__2025-04-17T05:00:00+00:00 [queued]>
[2025-04-17T12:25:16.332+0000] {taskinstance.py:2614} INFO - Dependencies all met for dep_context=requeueable deps ti=<TaskInstance: beer_data_processing.create_merged_data scheduled__2025-04-17T05:00:00+00:00 [queued]>
[2025-04-17T12:25:16.357+0000] {taskinstance.py:2867} INFO - Starting attempt 1 of 6
[2025-04-17T12:25:16.883+0000] {taskinstance.py:2890} INFO - Executing <Task(PythonOperator): create_merged_data> on 2025-04-17 05:00:00+00:00
[2025-04-17T12:25:17.835+0000] {logging_mixin.py:190} WARNING - /home/***/.local/lib/python3.12/site-packages/***/task/task_runner/standard_task_runner.py:70 DeprecationWarning: This process (pid=2909) is multi-threaded, use of fork() may lead to deadlocks in the child.
[2025-04-17T12:25:17.942+0000] {standard_task_runner.py:72} INFO - Started process 3048 to run task
[2025-04-17T12:25:18.029+0000] {standard_task_runner.py:104} INFO - Running: ['***', 'tasks', 'run', 'beer_data_processing', 'create_merged_data', 'scheduled__2025-04-17T05:00:00+00:00', '--job-id', '987', '--raw', '--subdir', 'DAGS_FOLDER/beer_data_processing_dag.py', '--cfg-path', '/tmp/tmpu5lxn646']
[2025-04-17T12:25:18.157+0000] {standard_task_runner.py:105} INFO - Job 987: Subtask create_merged_data
[2025-04-17T12:25:19.595+0000] {task_command.py:467} INFO - Running <TaskInstance: beer_data_processing.create_merged_data scheduled__2025-04-17T05:00:00+00:00 [running]> on host a0d0456bae2c
[2025-04-17T12:25:20.903+0000] {taskinstance.py:3134} INFO - Exporting env vars: AIRFLOW_CTX_DAG_OWNER='***' AIRFLOW_CTX_DAG_ID='beer_data_processing' AIRFLOW_CTX_TASK_ID='create_merged_data' AIRFLOW_CTX_EXECUTION_DATE='2025-04-17T05:00:00+00:00' AIRFLOW_CTX_TRY_NUMBER='1' AIRFLOW_CTX_DAG_RUN_ID='scheduled__2025-04-17T05:00:00+00:00'
[2025-04-17T12:25:20.947+0000] {logging_mixin.py:190} INFO - Task instance is in running state
[2025-04-17T12:25:20.971+0000] {logging_mixin.py:190} INFO -  Previous state of the Task instance: queued
[2025-04-17T12:25:20.984+0000] {logging_mixin.py:190} INFO - Current task name:create_merged_data state:running start_date:2025-04-17 12:25:16.237914+00:00
[2025-04-17T12:25:20.992+0000] {logging_mixin.py:190} INFO - Dag name:beer_data_processing and current dag run status:running
[2025-04-17T12:25:21.005+0000] {taskinstance.py:732} INFO - ::endgroup::
[2025-04-17T12:25:21.473+0000] {logging_mixin.py:190} INFO - Applied MinMax scaling to ['review_aroma', 'review_appearance', 'review_palate', 'review_taste', 'review_overall']
[2025-04-17T12:25:21.620+0000] {logging_mixin.py:190} INFO - Applied Robust scaling to ['ABV', 'Min IBU', 'Max IBU', 'number_of_reviews']
[2025-04-17T12:25:21.790+0000] {logging_mixin.py:190} INFO - Applied Proportion normalization to ['Astringency', 'Body', 'Alcohol', 'Bitter', 'Sweet', 'Sour', 'Salty', 'Fruits', 'Hoppy', 'Spices', 'Malty']
[2025-04-17T12:25:22.324+0000] {logging_mixin.py:190} INFO - Sample of merged data (first row, transposed):
[2025-04-17T12:25:22.391+0000] {logging_mixin.py:190} INFO -                                                            0
Name                                                   # 100
Style                                  Barleywine - American
Brewery            Nøgne Ø - Det Kompromissløse Bryggeri A/S
Astringency                                          0.02946
Body                                                0.114566
Alcohol                                             0.070376
Bitter                                              0.139116
Sweet                                               0.150573
Sour                                                0.042553
Salty                                               0.001637
Fruits                                              0.086743
Hoppy                                               0.155483
Spices                                               0.02455
Malty                                               0.184943
review_aroma                                        0.717441
review_appearance                                   0.834263
review_palate                                       0.753617
review_taste                                        0.760689
review_overall                                      0.731085
ABV                                                 1.538462
Min IBU                                                  4.0
Max IBU                                                 3.25
number_of_reviews                                   0.478927
[2025-04-17T12:25:22.490+0000] {python.py:240} INFO - Done. Returned value was: True
[2025-04-17T12:25:22.699+0000] {taskinstance.py:341} INFO - ::group::Post task execution logs
[2025-04-17T12:25:22.703+0000] {taskinstance.py:353} INFO - Marking task as SUCCESS. dag_id=beer_data_processing, task_id=create_merged_data, run_id=scheduled__2025-04-17T05:00:00+00:00, execution_date=20250417T050000, start_date=20250417T122516, end_date=20250417T122522
[2025-04-17T12:25:22.831+0000] {logging_mixin.py:190} INFO - Task instance in success state
[2025-04-17T12:25:22.835+0000] {logging_mixin.py:190} INFO -  Previous state of the Task instance: running
[2025-04-17T12:25:22.837+0000] {logging_mixin.py:190} INFO - Dag name:beer_data_processing queued_at:2025-04-17 11:36:11.494718+00:00
[2025-04-17T12:25:22.838+0000] {logging_mixin.py:190} INFO - Task hostname:a0d0456bae2c operator:PythonOperator
[2025-04-17T12:25:22.946+0000] {local_task_job_runner.py:266} INFO - Task exited with return code 0
[2025-04-17T12:25:23.178+0000] {standard_task_runner.py:217} INFO - Process not found (most likely exited), stop collecting metrics
[2025-04-17T12:25:23.280+0000] {taskinstance.py:3901} INFO - 4 downstream tasks scheduled from follow-on schedule check
[2025-04-17T12:25:23.290+0000] {local_task_job_runner.py:245} INFO - ::endgroup::
