[2025-04-10T09:23:06.325+0000] {local_task_job_runner.py:123} INFO - ::group::Pre task execution logs
[2025-04-10T09:23:06.381+0000] {taskinstance.py:2614} INFO - Dependencies all met for dep_context=non-requeueable deps ti=<TaskInstance: beer_data_processing.check_file_exists manual__2025-04-10T09:22:57.738854+00:00 [queued]>
[2025-04-10T09:23:06.416+0000] {taskinstance.py:2614} INFO - Dependencies all met for dep_context=requeueable deps ti=<TaskInstance: beer_data_processing.check_file_exists manual__2025-04-10T09:22:57.738854+00:00 [queued]>
[2025-04-10T09:23:06.420+0000] {taskinstance.py:2867} INFO - Starting attempt 1 of 6
[2025-04-10T09:23:06.473+0000] {taskinstance.py:2890} INFO - Executing <Task(FileSensor): check_file_exists> on 2025-04-10 09:22:57.738854+00:00
[2025-04-10T09:23:06.528+0000] {standard_task_runner.py:104} INFO - Running: ['***', 'tasks', 'run', 'beer_data_processing', 'check_file_exists', 'manual__2025-04-10T09:22:57.738854+00:00', '--job-id', '152', '--raw', '--subdir', 'DAGS_FOLDER/beer_data_processing_dag.py', '--cfg-path', '/tmp/tmpaupsszcl']
[2025-04-10T09:23:06.533+0000] {standard_task_runner.py:105} INFO - Job 152: Subtask check_file_exists
[2025-04-10T09:23:06.542+0000] {logging_mixin.py:190} WARNING - /home/***/.local/lib/python3.12/site-packages/***/task/task_runner/standard_task_runner.py:70 DeprecationWarning: This process (pid=12410) is multi-threaded, use of fork() may lead to deadlocks in the child.
[2025-04-10T09:23:06.545+0000] {standard_task_runner.py:72} INFO - Started process 12427 to run task
[2025-04-10T09:23:06.704+0000] {task_command.py:467} INFO - Running <TaskInstance: beer_data_processing.check_file_exists manual__2025-04-10T09:22:57.738854+00:00 [running]> on host abcc0ba2292b
[2025-04-10T09:23:07.187+0000] {taskinstance.py:3134} INFO - Exporting env vars: AIRFLOW_CTX_DAG_OWNER='***' AIRFLOW_CTX_DAG_ID='beer_data_processing' AIRFLOW_CTX_TASK_ID='check_file_exists' AIRFLOW_CTX_EXECUTION_DATE='2025-04-10T09:22:57.738854+00:00' AIRFLOW_CTX_TRY_NUMBER='1' AIRFLOW_CTX_DAG_RUN_ID='manual__2025-04-10T09:22:57.738854+00:00'
[2025-04-10T09:23:07.191+0000] {logging_mixin.py:190} INFO - Task instance is in running state
[2025-04-10T09:23:07.193+0000] {logging_mixin.py:190} INFO -  Previous state of the Task instance: queued
[2025-04-10T09:23:07.195+0000] {logging_mixin.py:190} INFO - Current task name:check_file_exists state:running start_date:2025-04-10 09:23:06.384285+00:00
[2025-04-10T09:23:07.196+0000] {logging_mixin.py:190} INFO - Dag name:beer_data_processing and current dag run status:running
[2025-04-10T09:23:07.198+0000] {taskinstance.py:732} INFO - ::endgroup::
[2025-04-10T09:23:07.200+0000] {baseoperator.py:423} WARNING - FileSensor.execute cannot be called outside TaskInstance!
[2025-04-10T09:23:07.221+0000] {base.py:84} INFO - Retrieving connection 'dataset_folder'
[2025-04-10T09:23:07.224+0000] {filesystem.py:109} INFO - Poking for file /opt/***/dags/data/beer_profile_and_ratings.csv
[2025-04-10T09:23:07.246+0000] {filesystem.py:113} INFO - Found File /opt/***/dags/data/beer_profile_and_ratings.csv last modified: 20250402135654
[2025-04-10T09:23:07.248+0000] {base.py:339} INFO - Success criteria met. Exiting.
[2025-04-10T09:23:07.249+0000] {filesystem.py:109} INFO - Poking for file /opt/***/dags/data/beer_profile_and_ratings.csv
[2025-04-10T09:23:07.268+0000] {filesystem.py:113} INFO - Found File /opt/***/dags/data/beer_profile_and_ratings.csv last modified: 20250402135654
[2025-04-10T09:23:07.289+0000] {taskinstance.py:341} INFO - ::group::Post task execution logs
[2025-04-10T09:23:07.290+0000] {taskinstance.py:353} INFO - Marking task as SUCCESS. dag_id=beer_data_processing, task_id=check_file_exists, run_id=manual__2025-04-10T09:22:57.738854+00:00, execution_date=20250410T092257, start_date=20250410T092306, end_date=20250410T092307
[2025-04-10T09:23:07.351+0000] {logging_mixin.py:190} INFO - Task instance in success state
[2025-04-10T09:23:07.352+0000] {logging_mixin.py:190} INFO -  Previous state of the Task instance: running
[2025-04-10T09:23:07.353+0000] {logging_mixin.py:190} INFO - Dag name:beer_data_processing queued_at:2025-04-10 09:22:58.209788+00:00
[2025-04-10T09:23:07.355+0000] {logging_mixin.py:190} INFO - Task hostname:abcc0ba2292b operator:FileSensor
[2025-04-10T09:23:07.390+0000] {local_task_job_runner.py:266} INFO - Task exited with return code 0
[2025-04-10T09:23:07.521+0000] {taskinstance.py:3901} INFO - 1 downstream tasks scheduled from follow-on schedule check
[2025-04-10T09:23:07.528+0000] {local_task_job_runner.py:245} INFO - ::endgroup::
