[2025-04-16T12:59:52.180+0000] {local_task_job_runner.py:123} INFO - ::group::Pre task execution logs
[2025-04-16T12:59:52.900+0000] {taskinstance.py:2614} INFO - Dependencies all met for dep_context=non-requeueable deps ti=<TaskInstance: beer_data_processing.create_dim_style scheduled__2025-04-14T00:00:00+00:00 [queued]>
[2025-04-16T12:59:53.011+0000] {taskinstance.py:2614} INFO - Dependencies all met for dep_context=requeueable deps ti=<TaskInstance: beer_data_processing.create_dim_style scheduled__2025-04-14T00:00:00+00:00 [queued]>
[2025-04-16T12:59:53.017+0000] {taskinstance.py:2867} INFO - Starting attempt 3 of 6
[2025-04-16T12:59:53.460+0000] {taskinstance.py:2890} INFO - Executing <Task(PythonOperator): create_dim_style> on 2025-04-14 00:00:00+00:00
[2025-04-16T12:59:54.824+0000] {logging_mixin.py:190} WARNING - /home/***/.local/lib/python3.12/site-packages/***/task/task_runner/standard_task_runner.py:70 DeprecationWarning: This process (pid=2746) is multi-threaded, use of fork() may lead to deadlocks in the child.
[2025-04-16T12:59:54.879+0000] {standard_task_runner.py:72} INFO - Started process 2909 to run task
[2025-04-16T12:59:54.889+0000] {standard_task_runner.py:104} INFO - Running: ['***', 'tasks', 'run', 'beer_data_processing', 'create_dim_style', 'scheduled__2025-04-14T00:00:00+00:00', '--job-id', '391', '--raw', '--subdir', 'DAGS_FOLDER/beer_data_processing_dag.py', '--cfg-path', '/tmp/tmpl_ek1imo']
[2025-04-16T12:59:54.938+0000] {standard_task_runner.py:105} INFO - Job 391: Subtask create_dim_style
[2025-04-16T12:59:57.577+0000] {task_command.py:467} INFO - Running <TaskInstance: beer_data_processing.create_dim_style scheduled__2025-04-14T00:00:00+00:00 [running]> on host 3e53738720c8
[2025-04-16T13:00:01.250+0000] {job.py:229} INFO - Heartbeat recovered after 13.31 seconds
[2025-04-16T13:00:18.318+0000] {taskinstance.py:3134} INFO - Exporting env vars: AIRFLOW_CTX_DAG_OWNER='***' AIRFLOW_CTX_DAG_ID='beer_data_processing' AIRFLOW_CTX_TASK_ID='create_dim_style' AIRFLOW_CTX_EXECUTION_DATE='2025-04-14T00:00:00+00:00' AIRFLOW_CTX_TRY_NUMBER='3' AIRFLOW_CTX_DAG_RUN_ID='scheduled__2025-04-14T00:00:00+00:00'
[2025-04-16T13:00:19.315+0000] {logging_mixin.py:190} INFO - Task instance is in running state
[2025-04-16T13:00:20.221+0000] {logging_mixin.py:190} INFO -  Previous state of the Task instance: queued
[2025-04-16T13:00:21.018+0000] {logging_mixin.py:190} INFO - Current task name:create_dim_style state:running start_date:2025-04-16 12:59:52.918687+00:00
[2025-04-16T13:00:22.033+0000] {logging_mixin.py:190} INFO - Dag name:beer_data_processing and current dag run status:running
[2025-04-16T13:00:24.108+0000] {taskinstance.py:732} INFO - ::endgroup::
[2025-04-16T13:00:30.554+0000] {job.py:229} INFO - Heartbeat recovered after 28.53 seconds
[2025-04-16T13:00:46.347+0000] {job.py:229} INFO - Heartbeat recovered after 21.25 seconds
[2025-04-16T13:00:53.513+0000] {base.py:84} INFO - Retrieving connection 'postgres_conn'
[2025-04-16T13:01:00.088+0000] {logging_mixin.py:190} INFO - Створено датасет dim_style з 113 записами
[2025-04-16T13:01:00.605+0000] {python.py:240} INFO - Done. Returned value was: True
[2025-04-16T13:01:01.414+0000] {taskinstance.py:341} INFO - ::group::Post task execution logs
[2025-04-16T13:01:01.521+0000] {taskinstance.py:353} INFO - Marking task as SUCCESS. dag_id=beer_data_processing, task_id=create_dim_style, run_id=scheduled__2025-04-14T00:00:00+00:00, execution_date=20250414T000000, start_date=20250416T125952, end_date=20250416T130101
[2025-04-16T13:01:03.813+0000] {logging_mixin.py:190} INFO - Task instance in success state
[2025-04-16T13:01:03.848+0000] {logging_mixin.py:190} INFO -  Previous state of the Task instance: running
[2025-04-16T13:01:03.875+0000] {logging_mixin.py:190} INFO - Dag name:beer_data_processing queued_at:2025-04-16 12:42:08.084545+00:00
[2025-04-16T13:01:03.889+0000] {logging_mixin.py:190} INFO - Task hostname:3e53738720c8 operator:PythonOperator
[2025-04-16T13:01:04.567+0000] {local_task_job_runner.py:266} INFO - Task exited with return code 0
[2025-04-16T13:01:06.931+0000] {taskinstance.py:3901} INFO - 0 downstream tasks scheduled from follow-on schedule check
[2025-04-16T13:01:07.492+0000] {local_task_job_runner.py:245} INFO - ::endgroup::
[2025-04-16T13:01:09.228+0000] {standard_task_runner.py:217} INFO - Process not found (most likely exited), stop collecting metrics
