[2025-04-16T21:50:05.259+0000] {local_task_job_runner.py:123} INFO - ::group::Pre task execution logs
[2025-04-16T21:50:05.381+0000] {taskinstance.py:2614} INFO - Dependencies all met for dep_context=non-requeueable deps ti=<TaskInstance: beer_data_processing.process_min_max manual__2025-04-16T21:49:33.580918+00:00 [queued]>
[2025-04-16T21:50:05.436+0000] {taskinstance.py:2614} INFO - Dependencies all met for dep_context=requeueable deps ti=<TaskInstance: beer_data_processing.process_min_max manual__2025-04-16T21:49:33.580918+00:00 [queued]>
[2025-04-16T21:50:05.442+0000] {taskinstance.py:2867} INFO - Starting attempt 1 of 6
[2025-04-16T21:50:05.507+0000] {taskinstance.py:2890} INFO - Executing <Task(PythonOperator): process_min_max> on 2025-04-16 21:49:33.580918+00:00
[2025-04-16T21:50:05.626+0000] {standard_task_runner.py:104} INFO - Running: ['***', 'tasks', 'run', 'beer_data_processing', 'process_min_max', 'manual__2025-04-16T21:49:33.580918+00:00', '--job-id', '831', '--raw', '--subdir', 'DAGS_FOLDER/beer_data_processing_dag.py', '--cfg-path', '/tmp/tmpwd1uzecs']
[2025-04-16T21:50:05.630+0000] {standard_task_runner.py:105} INFO - Job 831: Subtask process_min_max
[2025-04-16T21:50:05.698+0000] {logging_mixin.py:190} WARNING - /home/***/.local/lib/python3.12/site-packages/***/task/task_runner/standard_task_runner.py:70 DeprecationWarning: This process (pid=6791) is multi-threaded, use of fork() may lead to deadlocks in the child.
[2025-04-16T21:50:05.725+0000] {standard_task_runner.py:72} INFO - Started process 6936 to run task
[2025-04-16T21:50:06.478+0000] {task_command.py:467} INFO - Running <TaskInstance: beer_data_processing.process_min_max manual__2025-04-16T21:49:33.580918+00:00 [running]> on host a0d0456bae2c
[2025-04-16T21:50:07.405+0000] {taskinstance.py:3134} INFO - Exporting env vars: AIRFLOW_CTX_DAG_OWNER='***' AIRFLOW_CTX_DAG_ID='beer_data_processing' AIRFLOW_CTX_TASK_ID='process_min_max' AIRFLOW_CTX_EXECUTION_DATE='2025-04-16T21:49:33.580918+00:00' AIRFLOW_CTX_TRY_NUMBER='1' AIRFLOW_CTX_DAG_RUN_ID='manual__2025-04-16T21:49:33.580918+00:00'
[2025-04-16T21:50:07.440+0000] {logging_mixin.py:190} INFO - Task instance is in running state
[2025-04-16T21:50:07.444+0000] {logging_mixin.py:190} INFO -  Previous state of the Task instance: queued
[2025-04-16T21:50:07.446+0000] {logging_mixin.py:190} INFO - Current task name:process_min_max state:running start_date:2025-04-16 21:50:05.383237+00:00
[2025-04-16T21:50:07.448+0000] {logging_mixin.py:190} INFO - Dag name:beer_data_processing and current dag run status:running
[2025-04-16T21:50:07.450+0000] {taskinstance.py:732} INFO - ::endgroup::
[2025-04-16T21:50:08.179+0000] {python.py:240} INFO - Done. Returned value was: True
[2025-04-16T21:50:08.330+0000] {taskinstance.py:341} INFO - ::group::Post task execution logs
[2025-04-16T21:50:08.333+0000] {taskinstance.py:353} INFO - Marking task as SUCCESS. dag_id=beer_data_processing, task_id=process_min_max, run_id=manual__2025-04-16T21:49:33.580918+00:00, execution_date=20250416T214933, start_date=20250416T215005, end_date=20250416T215008
[2025-04-16T21:50:08.502+0000] {logging_mixin.py:190} INFO - Task instance in success state
[2025-04-16T21:50:08.509+0000] {logging_mixin.py:190} INFO -  Previous state of the Task instance: running
[2025-04-16T21:50:08.512+0000] {logging_mixin.py:190} INFO - Dag name:beer_data_processing queued_at:2025-04-16 21:49:33.738904+00:00
[2025-04-16T21:50:08.522+0000] {logging_mixin.py:190} INFO - Task hostname:a0d0456bae2c operator:PythonOperator
[2025-04-16T21:50:08.695+0000] {local_task_job_runner.py:266} INFO - Task exited with return code 0
[2025-04-16T21:50:08.733+0000] {local_task_job_runner.py:245} INFO - ::endgroup::
