[2025-04-16T16:10:11.650+0000] {local_task_job_runner.py:123} INFO - ::group::Pre task execution logs
[2025-04-16T16:10:11.872+0000] {taskinstance.py:2614} INFO - Dependencies all met for dep_context=non-requeueable deps ti=<TaskInstance: beer_data_processing.process_robust_scaler scheduled__2025-04-16T15:00:00+00:00 [queued]>
[2025-04-16T16:10:11.976+0000] {taskinstance.py:2614} INFO - Dependencies all met for dep_context=requeueable deps ti=<TaskInstance: beer_data_processing.process_robust_scaler scheduled__2025-04-16T15:00:00+00:00 [queued]>
[2025-04-16T16:10:11.979+0000] {taskinstance.py:2867} INFO - Starting attempt 2 of 6
[2025-04-16T16:10:12.235+0000] {taskinstance.py:2890} INFO - Executing <Task(PythonOperator): process_robust_scaler> on 2025-04-16 15:00:00+00:00
[2025-04-16T16:10:12.920+0000] {logging_mixin.py:190} WARNING - /home/***/.local/lib/python3.12/site-packages/***/task/task_runner/standard_task_runner.py:70 DeprecationWarning: This process (pid=3014) is multi-threaded, use of fork() may lead to deadlocks in the child.
[2025-04-16T16:10:12.944+0000] {standard_task_runner.py:72} INFO - Started process 3297 to run task
[2025-04-16T16:10:12.944+0000] {standard_task_runner.py:104} INFO - Running: ['***', 'tasks', 'run', 'beer_data_processing', 'process_robust_scaler', 'scheduled__2025-04-16T15:00:00+00:00', '--job-id', '669', '--raw', '--subdir', 'DAGS_FOLDER/beer_data_processing_dag.py', '--cfg-path', '/tmp/tmp9uq4_02m']
[2025-04-16T16:10:12.963+0000] {standard_task_runner.py:105} INFO - Job 669: Subtask process_robust_scaler
[2025-04-16T16:10:14.121+0000] {task_command.py:467} INFO - Running <TaskInstance: beer_data_processing.process_robust_scaler scheduled__2025-04-16T15:00:00+00:00 [running]> on host 3e53738720c8
[2025-04-16T16:10:17.125+0000] {taskinstance.py:3134} INFO - Exporting env vars: AIRFLOW_CTX_DAG_OWNER='***' AIRFLOW_CTX_DAG_ID='beer_data_processing' AIRFLOW_CTX_TASK_ID='process_robust_scaler' AIRFLOW_CTX_EXECUTION_DATE='2025-04-16T15:00:00+00:00' AIRFLOW_CTX_TRY_NUMBER='2' AIRFLOW_CTX_DAG_RUN_ID='scheduled__2025-04-16T15:00:00+00:00'
[2025-04-16T16:10:17.245+0000] {logging_mixin.py:190} INFO - Task instance is in running state
[2025-04-16T16:10:17.280+0000] {logging_mixin.py:190} INFO -  Previous state of the Task instance: queued
[2025-04-16T16:10:17.284+0000] {logging_mixin.py:190} INFO - Current task name:process_robust_scaler state:running start_date:2025-04-16 16:10:11.874657+00:00
[2025-04-16T16:10:17.298+0000] {logging_mixin.py:190} INFO - Dag name:beer_data_processing and current dag run status:running
[2025-04-16T16:10:17.323+0000] {taskinstance.py:732} INFO - ::endgroup::
[2025-04-16T16:10:22.621+0000] {python.py:240} INFO - Done. Returned value was: True
[2025-04-16T16:10:22.957+0000] {taskinstance.py:341} INFO - ::group::Post task execution logs
[2025-04-16T16:10:22.960+0000] {taskinstance.py:353} INFO - Marking task as SUCCESS. dag_id=beer_data_processing, task_id=process_robust_scaler, run_id=scheduled__2025-04-16T15:00:00+00:00, execution_date=20250416T150000, start_date=20250416T161011, end_date=20250416T161022
[2025-04-16T16:10:23.224+0000] {logging_mixin.py:190} INFO - Task instance in success state
[2025-04-16T16:10:23.228+0000] {logging_mixin.py:190} INFO -  Previous state of the Task instance: running
[2025-04-16T16:10:23.235+0000] {logging_mixin.py:190} INFO - Dag name:beer_data_processing queued_at:2025-04-16 16:00:01.637110+00:00
[2025-04-16T16:10:23.244+0000] {logging_mixin.py:190} INFO - Task hostname:3e53738720c8 operator:PythonOperator
[2025-04-16T16:10:23.426+0000] {local_task_job_runner.py:266} INFO - Task exited with return code 0
[2025-04-16T16:10:23.651+0000] {local_task_job_runner.py:245} INFO - ::endgroup::
