[2025-04-16T12:43:33.282+0000] {local_task_job_runner.py:123} INFO - ::group::Pre task execution logs
[2025-04-16T12:43:33.370+0000] {taskinstance.py:2614} INFO - Dependencies all met for dep_context=non-requeueable deps ti=<TaskInstance: beer_data_processing.load_and_process_data scheduled__2025-04-15T00:00:00+00:00 [queued]>
[2025-04-16T12:43:33.413+0000] {taskinstance.py:2614} INFO - Dependencies all met for dep_context=requeueable deps ti=<TaskInstance: beer_data_processing.load_and_process_data scheduled__2025-04-15T00:00:00+00:00 [queued]>
[2025-04-16T12:43:33.415+0000] {taskinstance.py:2867} INFO - Starting attempt 1 of 6
[2025-04-16T12:43:33.454+0000] {taskinstance.py:2890} INFO - Executing <Task(PythonOperator): load_and_process_data> on 2025-04-15 00:00:00+00:00
[2025-04-16T12:43:33.508+0000] {logging_mixin.py:190} WARNING - /home/***/.local/lib/python3.12/site-packages/***/task/task_runner/standard_task_runner.py:70 DeprecationWarning: This process (pid=497) is multi-threaded, use of fork() may lead to deadlocks in the child.
[2025-04-16T12:43:33.512+0000] {standard_task_runner.py:72} INFO - Started process 717 to run task
[2025-04-16T12:43:33.517+0000] {standard_task_runner.py:104} INFO - Running: ['***', 'tasks', 'run', 'beer_data_processing', 'load_and_process_data', 'scheduled__2025-04-15T00:00:00+00:00', '--job-id', '320', '--raw', '--subdir', 'DAGS_FOLDER/beer_data_processing_dag.py', '--cfg-path', '/tmp/tmpudctxzmm']
[2025-04-16T12:43:33.520+0000] {standard_task_runner.py:105} INFO - Job 320: Subtask load_and_process_data
[2025-04-16T12:43:33.647+0000] {task_command.py:467} INFO - Running <TaskInstance: beer_data_processing.load_and_process_data scheduled__2025-04-15T00:00:00+00:00 [running]> on host 3e53738720c8
[2025-04-16T12:43:33.924+0000] {taskinstance.py:3134} INFO - Exporting env vars: AIRFLOW_CTX_DAG_OWNER='***' AIRFLOW_CTX_DAG_ID='beer_data_processing' AIRFLOW_CTX_TASK_ID='load_and_process_data' AIRFLOW_CTX_EXECUTION_DATE='2025-04-15T00:00:00+00:00' AIRFLOW_CTX_TRY_NUMBER='1' AIRFLOW_CTX_DAG_RUN_ID='scheduled__2025-04-15T00:00:00+00:00'
[2025-04-16T12:43:33.937+0000] {logging_mixin.py:190} INFO - Task instance is in running state
[2025-04-16T12:43:33.939+0000] {logging_mixin.py:190} INFO -  Previous state of the Task instance: queued
[2025-04-16T12:43:33.941+0000] {logging_mixin.py:190} INFO - Current task name:load_and_process_data state:running start_date:2025-04-16 12:43:33.372180+00:00
[2025-04-16T12:43:33.942+0000] {logging_mixin.py:190} INFO - Dag name:beer_data_processing and current dag run status:running
[2025-04-16T12:43:33.944+0000] {taskinstance.py:732} INFO - ::endgroup::
[2025-04-16T12:43:34.508+0000] {logging_mixin.py:190} INFO - Завантажено 3197 записів з CSV файлу
[2025-04-16T12:43:34.526+0000] {python.py:240} INFO - Done. Returned value was: True
[2025-04-16T12:43:34.642+0000] {taskinstance.py:341} INFO - ::group::Post task execution logs
[2025-04-16T12:43:34.644+0000] {taskinstance.py:353} INFO - Marking task as SUCCESS. dag_id=beer_data_processing, task_id=load_and_process_data, run_id=scheduled__2025-04-15T00:00:00+00:00, execution_date=20250415T000000, start_date=20250416T124333, end_date=20250416T124334
[2025-04-16T12:43:34.733+0000] {logging_mixin.py:190} INFO - Task instance in success state
[2025-04-16T12:43:34.734+0000] {logging_mixin.py:190} INFO -  Previous state of the Task instance: running
[2025-04-16T12:43:34.736+0000] {logging_mixin.py:190} INFO - Dag name:beer_data_processing queued_at:2025-04-16 12:42:12.417120+00:00
[2025-04-16T12:43:34.738+0000] {logging_mixin.py:190} INFO - Task hostname:3e53738720c8 operator:PythonOperator
[2025-04-16T12:43:34.833+0000] {local_task_job_runner.py:266} INFO - Task exited with return code 0
[2025-04-16T12:43:34.864+0000] {local_task_job_runner.py:245} INFO - ::endgroup::
