[2025-04-16T14:10:56.499+0000] {local_task_job_runner.py:123} INFO - ::group::Pre task execution logs
[2025-04-16T14:10:57.079+0000] {taskinstance.py:2614} INFO - Dependencies all met for dep_context=non-requeueable deps ti=<TaskInstance: beer_data_processing.create_dim_brewery manual__2025-04-16T14:04:23.930993+00:00 [queued]>
[2025-04-16T14:10:57.199+0000] {taskinstance.py:2614} INFO - Dependencies all met for dep_context=requeueable deps ti=<TaskInstance: beer_data_processing.create_dim_brewery manual__2025-04-16T14:04:23.930993+00:00 [queued]>
[2025-04-16T14:10:57.209+0000] {taskinstance.py:2867} INFO - Starting attempt 1 of 6
[2025-04-16T14:10:58.087+0000] {taskinstance.py:2890} INFO - Executing <Task(PythonOperator): create_dim_brewery> on 2025-04-16 14:04:23.930993+00:00
[2025-04-16T14:10:59.074+0000] {standard_task_runner.py:104} INFO - Running: ['***', 'tasks', 'run', 'beer_data_processing', 'create_dim_brewery', 'manual__2025-04-16T14:04:23.930993+00:00', '--job-id', '531', '--raw', '--subdir', 'DAGS_FOLDER/beer_data_processing_dag.py', '--cfg-path', '/tmp/tmpkn43u3vg']
[2025-04-16T14:10:59.284+0000] {standard_task_runner.py:105} INFO - Job 531: Subtask create_dim_brewery
[2025-04-16T14:10:59.300+0000] {logging_mixin.py:190} WARNING - /home/***/.local/lib/python3.12/site-packages/***/task/task_runner/standard_task_runner.py:70 DeprecationWarning: This process (pid=35274) is multi-threaded, use of fork() may lead to deadlocks in the child.
[2025-04-16T14:10:59.345+0000] {standard_task_runner.py:72} INFO - Started process 35612 to run task
[2025-04-16T14:11:18.770+0000] {job.py:229} INFO - Heartbeat recovered after 23.53 seconds
[2025-04-16T14:11:19.998+0000] {task_command.py:467} INFO - Running <TaskInstance: beer_data_processing.create_dim_brewery manual__2025-04-16T14:04:23.930993+00:00 [running]> on host 3e53738720c8
[2025-04-16T14:11:22.411+0000] {taskinstance.py:3134} INFO - Exporting env vars: AIRFLOW_CTX_DAG_OWNER='***' AIRFLOW_CTX_DAG_ID='beer_data_processing' AIRFLOW_CTX_TASK_ID='create_dim_brewery' AIRFLOW_CTX_EXECUTION_DATE='2025-04-16T14:04:23.930993+00:00' AIRFLOW_CTX_TRY_NUMBER='1' AIRFLOW_CTX_DAG_RUN_ID='manual__2025-04-16T14:04:23.930993+00:00'
[2025-04-16T14:11:22.631+0000] {logging_mixin.py:190} INFO - Task instance is in running state
[2025-04-16T14:11:22.675+0000] {logging_mixin.py:190} INFO -  Previous state of the Task instance: queued
[2025-04-16T14:11:22.767+0000] {logging_mixin.py:190} INFO - Current task name:create_dim_brewery state:running start_date:2025-04-16 14:10:57.094788+00:00
[2025-04-16T14:11:22.871+0000] {logging_mixin.py:190} INFO - Dag name:beer_data_processing and current dag run status:running
[2025-04-16T14:11:22.945+0000] {taskinstance.py:732} INFO - ::endgroup::
[2025-04-16T14:11:26.216+0000] {job.py:229} INFO - Heartbeat recovered after 12.54 seconds
[2025-04-16T14:11:30.233+0000] {base.py:84} INFO - Retrieving connection 'postgres_conn'
[2025-04-16T14:11:38.560+0000] {logging_mixin.py:190} INFO - Створено датасет dim_brewery з 934 записами
[2025-04-16T14:11:39.402+0000] {python.py:240} INFO - Done. Returned value was: True
[2025-04-16T14:11:54.904+0000] {job.py:229} INFO - Heartbeat recovered after 20.92 seconds
[2025-04-16T14:12:01.605+0000] {taskinstance.py:341} INFO - ::group::Post task execution logs
[2025-04-16T14:12:01.751+0000] {taskinstance.py:353} INFO - Marking task as SUCCESS. dag_id=beer_data_processing, task_id=create_dim_brewery, run_id=manual__2025-04-16T14:04:23.930993+00:00, execution_date=20250416T140423, start_date=20250416T141057, end_date=20250416T141201
[2025-04-16T14:12:05.017+0000] {job.py:229} INFO - Heartbeat recovered after 10.86 seconds
[2025-04-16T14:12:14.279+0000] {logging_mixin.py:190} INFO - Task instance in success state
[2025-04-16T14:12:14.442+0000] {logging_mixin.py:190} INFO -  Previous state of the Task instance: running
[2025-04-16T14:12:14.491+0000] {logging_mixin.py:190} INFO - Dag name:beer_data_processing queued_at:2025-04-16 14:04:24.139195+00:00
[2025-04-16T14:12:14.526+0000] {logging_mixin.py:190} INFO - Task hostname:3e53738720c8 operator:PythonOperator
[2025-04-16T14:12:15.659+0000] {local_task_job_runner.py:266} INFO - Task exited with return code 0
[2025-04-16T14:12:17.384+0000] {standard_task_runner.py:217} INFO - Process not found (most likely exited), stop collecting metrics
[2025-04-16T14:12:17.929+0000] {local_task_job_runner.py:245} INFO - ::endgroup::
