[2025-04-09T22:18:29.125+0000] {local_task_job_runner.py:123} INFO - ::group::Pre task execution logs
[2025-04-09T22:18:29.193+0000] {taskinstance.py:2614} INFO - Dependencies all met for dep_context=non-requeueable deps ti=<TaskInstance: beer_data_processing.create_dim_brewery manual__2025-04-09T22:17:46.681532+00:00 [queued]>
[2025-04-09T22:18:29.238+0000] {taskinstance.py:2614} INFO - Dependencies all met for dep_context=requeueable deps ti=<TaskInstance: beer_data_processing.create_dim_brewery manual__2025-04-09T22:17:46.681532+00:00 [queued]>
[2025-04-09T22:18:29.240+0000] {taskinstance.py:2867} INFO - Starting attempt 1 of 1
[2025-04-09T22:18:29.284+0000] {taskinstance.py:2890} INFO - Executing <Task(PythonOperator): create_dim_brewery> on 2025-04-09 22:17:46.681532+00:00
[2025-04-09T22:18:29.363+0000] {standard_task_runner.py:104} INFO - Running: ['***', 'tasks', 'run', 'beer_data_processing', 'create_dim_brewery', 'manual__2025-04-09T22:17:46.681532+00:00', '--job-id', '79', '--raw', '--subdir', 'DAGS_FOLDER/beer_data_processing_dag.py', '--cfg-path', '/tmp/tmpbfawkswm']
[2025-04-09T22:18:29.367+0000] {standard_task_runner.py:105} INFO - Job 79: Subtask create_dim_brewery
[2025-04-09T22:18:29.378+0000] {logging_mixin.py:190} WARNING - /home/***/.local/lib/python3.12/site-packages/***/task/task_runner/standard_task_runner.py:70 DeprecationWarning: This process (pid=47277) is multi-threaded, use of fork() may lead to deadlocks in the child.
[2025-04-09T22:18:29.380+0000] {standard_task_runner.py:72} INFO - Started process 47339 to run task
[2025-04-09T22:18:29.581+0000] {task_command.py:467} INFO - Running <TaskInstance: beer_data_processing.create_dim_brewery manual__2025-04-09T22:17:46.681532+00:00 [running]> on host 893b969cc7b0
[2025-04-09T22:18:30.535+0000] {taskinstance.py:3134} INFO - Exporting env vars: AIRFLOW_CTX_DAG_OWNER='***' AIRFLOW_CTX_DAG_ID='beer_data_processing' AIRFLOW_CTX_TASK_ID='create_dim_brewery' AIRFLOW_CTX_EXECUTION_DATE='2025-04-09T22:17:46.681532+00:00' AIRFLOW_CTX_TRY_NUMBER='1' AIRFLOW_CTX_DAG_RUN_ID='manual__2025-04-09T22:17:46.681532+00:00'
[2025-04-09T22:18:30.719+0000] {logging_mixin.py:190} INFO - Task instance is in running state
[2025-04-09T22:18:31.058+0000] {logging_mixin.py:190} INFO -  Previous state of the Task instance: queued
[2025-04-09T22:18:31.068+0000] {logging_mixin.py:190} INFO - Current task name:create_dim_brewery state:running start_date:2025-04-09 22:18:29.195258+00:00
[2025-04-09T22:18:31.071+0000] {logging_mixin.py:190} INFO - Dag name:beer_data_processing and current dag run status:running
[2025-04-09T22:18:31.074+0000] {taskinstance.py:732} INFO - ::endgroup::
[2025-04-09T22:18:49.753+0000] {job.py:229} INFO - Heartbeat recovered after 20.82 seconds
[2025-04-09T22:18:50.171+0000] {logging_mixin.py:190} WARNING - /opt/***/dags/beer_data_processing_dag.py:142 FutureWarning: Passing literal json to 'read_json' is deprecated and will be removed in a future version. To read from a literal string, wrap it in a 'StringIO' object.
[2025-04-09T22:18:51.066+0000] {base.py:84} INFO - Retrieving connection 'postgres_conn'
[2025-04-09T22:18:52.105+0000] {logging_mixin.py:190} INFO - Створено датасет dim_brewery з 934 записами
[2025-04-09T22:18:52.119+0000] {python.py:240} INFO - Done. Returned value was: True
[2025-04-09T22:18:52.282+0000] {taskinstance.py:341} INFO - ::group::Post task execution logs
[2025-04-09T22:18:52.297+0000] {taskinstance.py:353} INFO - Marking task as SUCCESS. dag_id=beer_data_processing, task_id=create_dim_brewery, run_id=manual__2025-04-09T22:17:46.681532+00:00, execution_date=20250409T221746, start_date=20250409T221829, end_date=20250409T221852
[2025-04-09T22:18:52.480+0000] {logging_mixin.py:190} INFO - Task instance in success state
[2025-04-09T22:18:52.486+0000] {logging_mixin.py:190} INFO -  Previous state of the Task instance: running
[2025-04-09T22:18:52.492+0000] {logging_mixin.py:190} INFO - Dag name:beer_data_processing queued_at:2025-04-09 22:17:47.099534+00:00
[2025-04-09T22:18:52.497+0000] {logging_mixin.py:190} INFO - Task hostname:893b969cc7b0 operator:PythonOperator
[2025-04-09T22:18:52.656+0000] {local_task_job_runner.py:266} INFO - Task exited with return code 0
[2025-04-09T22:18:52.813+0000] {taskinstance.py:3901} INFO - 0 downstream tasks scheduled from follow-on schedule check
[2025-04-09T22:18:52.819+0000] {local_task_job_runner.py:245} INFO - ::endgroup::
