[2025-04-17T12:27:37.684+0000] {local_task_job_runner.py:123} INFO - ::group::Pre task execution logs
[2025-04-17T12:27:38.431+0000] {taskinstance.py:2614} INFO - Dependencies all met for dep_context=non-requeueable deps ti=<TaskInstance: beer_data_processing.create_dim_brewery scheduled__2025-04-17T09:00:00+00:00 [queued]>
[2025-04-17T12:27:39.195+0000] {taskinstance.py:2614} INFO - Dependencies all met for dep_context=requeueable deps ti=<TaskInstance: beer_data_processing.create_dim_brewery scheduled__2025-04-17T09:00:00+00:00 [queued]>
[2025-04-17T12:27:39.196+0000] {taskinstance.py:2867} INFO - Starting attempt 1 of 6
[2025-04-17T12:27:42.408+0000] {taskinstance.py:2890} INFO - Executing <Task(PythonOperator): create_dim_brewery> on 2025-04-17 09:00:00+00:00
[2025-04-17T12:27:42.548+0000] {standard_task_runner.py:104} INFO - Running: ['***', 'tasks', 'run', 'beer_data_processing', 'create_dim_brewery', 'scheduled__2025-04-17T09:00:00+00:00', '--job-id', '1001', '--raw', '--subdir', 'DAGS_FOLDER/beer_data_processing_dag.py', '--cfg-path', '/tmp/tmpr8ybhn7u']
[2025-04-17T12:27:42.565+0000] {standard_task_runner.py:105} INFO - Job 1001: Subtask create_dim_brewery
[2025-04-17T12:27:42.582+0000] {logging_mixin.py:190} WARNING - /home/***/.local/lib/python3.12/site-packages/***/task/task_runner/standard_task_runner.py:70 DeprecationWarning: This process (pid=3059) is multi-threaded, use of fork() may lead to deadlocks in the child.
[2025-04-17T12:27:42.592+0000] {standard_task_runner.py:72} INFO - Started process 3366 to run task
[2025-04-17T12:27:51.697+0000] {job.py:229} INFO - Heartbeat recovered after 15.59 seconds
[2025-04-17T12:27:51.967+0000] {task_command.py:467} INFO - Running <TaskInstance: beer_data_processing.create_dim_brewery scheduled__2025-04-17T09:00:00+00:00 [running]> on host a0d0456bae2c
[2025-04-17T12:27:52.983+0000] {taskinstance.py:3134} INFO - Exporting env vars: AIRFLOW_CTX_DAG_OWNER='***' AIRFLOW_CTX_DAG_ID='beer_data_processing' AIRFLOW_CTX_TASK_ID='create_dim_brewery' AIRFLOW_CTX_EXECUTION_DATE='2025-04-17T09:00:00+00:00' AIRFLOW_CTX_TRY_NUMBER='1' AIRFLOW_CTX_DAG_RUN_ID='scheduled__2025-04-17T09:00:00+00:00'
[2025-04-17T12:27:53.019+0000] {logging_mixin.py:190} INFO - Task instance is in running state
[2025-04-17T12:27:53.021+0000] {logging_mixin.py:190} INFO -  Previous state of the Task instance: queued
[2025-04-17T12:27:53.025+0000] {logging_mixin.py:190} INFO - Current task name:create_dim_brewery state:running start_date:2025-04-17 12:27:38.476582+00:00
[2025-04-17T12:27:53.065+0000] {logging_mixin.py:190} INFO - Dag name:beer_data_processing and current dag run status:running
[2025-04-17T12:27:53.071+0000] {taskinstance.py:732} INFO - ::endgroup::
[2025-04-17T12:27:55.187+0000] {base.py:84} INFO - Retrieving connection 'postgres_conn'
[2025-04-17T12:27:56.519+0000] {logging_mixin.py:190} INFO - Створено датасет dim_brewery з 935 записами
[2025-04-17T12:27:56.531+0000] {python.py:240} INFO - Done. Returned value was: True
[2025-04-17T12:27:56.709+0000] {taskinstance.py:341} INFO - ::group::Post task execution logs
[2025-04-17T12:27:56.712+0000] {taskinstance.py:353} INFO - Marking task as SUCCESS. dag_id=beer_data_processing, task_id=create_dim_brewery, run_id=scheduled__2025-04-17T09:00:00+00:00, execution_date=20250417T090000, start_date=20250417T122738, end_date=20250417T122756
[2025-04-17T12:27:56.839+0000] {logging_mixin.py:190} INFO - Task instance in success state
[2025-04-17T12:27:56.841+0000] {logging_mixin.py:190} INFO -  Previous state of the Task instance: running
[2025-04-17T12:27:56.842+0000] {logging_mixin.py:190} INFO - Dag name:beer_data_processing queued_at:2025-04-17 11:36:15.873430+00:00
[2025-04-17T12:27:56.843+0000] {logging_mixin.py:190} INFO - Task hostname:a0d0456bae2c operator:PythonOperator
[2025-04-17T12:27:56.907+0000] {local_task_job_runner.py:266} INFO - Task exited with return code 0
[2025-04-17T12:27:57.047+0000] {taskinstance.py:3901} INFO - 0 downstream tasks scheduled from follow-on schedule check
[2025-04-17T12:27:57.055+0000] {local_task_job_runner.py:245} INFO - ::endgroup::
