[2025-04-10T13:43:09.954+0000] {local_task_job_runner.py:123} INFO - ::group::Pre task execution logs
[2025-04-10T13:43:10.023+0000] {taskinstance.py:2614} INFO - Dependencies all met for dep_context=non-requeueable deps ti=<TaskInstance: beer_data_processing.check_file_exists manual__2025-04-10T13:43:01.188156+00:00 [queued]>
[2025-04-10T13:43:10.059+0000] {taskinstance.py:2614} INFO - Dependencies all met for dep_context=requeueable deps ti=<TaskInstance: beer_data_processing.check_file_exists manual__2025-04-10T13:43:01.188156+00:00 [queued]>
[2025-04-10T13:43:10.061+0000] {taskinstance.py:2867} INFO - Starting attempt 1 of 6
[2025-04-10T13:43:10.113+0000] {taskinstance.py:2890} INFO - Executing <Task(FileSensor): check_file_exists> on 2025-04-10 13:43:01.188156+00:00
[2025-04-10T13:43:10.182+0000] {standard_task_runner.py:104} INFO - Running: ['***', 'tasks', 'run', 'beer_data_processing', 'check_file_exists', 'manual__2025-04-10T13:43:01.188156+00:00', '--job-id', '296', '--raw', '--subdir', 'DAGS_FOLDER/beer_data_processing_dag.py', '--cfg-path', '/tmp/tmpbye72o7m']
[2025-04-10T13:43:10.190+0000] {standard_task_runner.py:105} INFO - Job 296: Subtask check_file_exists
[2025-04-10T13:43:10.278+0000] {logging_mixin.py:190} WARNING - /home/***/.local/lib/python3.12/site-packages/***/task/task_runner/standard_task_runner.py:70 DeprecationWarning: This process (pid=12887) is multi-threaded, use of fork() may lead to deadlocks in the child.
[2025-04-10T13:43:10.284+0000] {standard_task_runner.py:72} INFO - Started process 12910 to run task
[2025-04-10T13:43:10.891+0000] {task_command.py:467} INFO - Running <TaskInstance: beer_data_processing.check_file_exists manual__2025-04-10T13:43:01.188156+00:00 [running]> on host 3e53738720c8
[2025-04-10T13:43:11.490+0000] {taskinstance.py:3134} INFO - Exporting env vars: AIRFLOW_CTX_DAG_OWNER='***' AIRFLOW_CTX_DAG_ID='beer_data_processing' AIRFLOW_CTX_TASK_ID='check_file_exists' AIRFLOW_CTX_EXECUTION_DATE='2025-04-10T13:43:01.188156+00:00' AIRFLOW_CTX_TRY_NUMBER='1' AIRFLOW_CTX_DAG_RUN_ID='manual__2025-04-10T13:43:01.188156+00:00'
[2025-04-10T13:43:11.494+0000] {logging_mixin.py:190} INFO - Task instance is in running state
[2025-04-10T13:43:11.496+0000] {logging_mixin.py:190} INFO -  Previous state of the Task instance: queued
[2025-04-10T13:43:11.498+0000] {logging_mixin.py:190} INFO - Current task name:check_file_exists state:running start_date:2025-04-10 13:43:10.025575+00:00
[2025-04-10T13:43:11.499+0000] {logging_mixin.py:190} INFO - Dag name:beer_data_processing and current dag run status:running
[2025-04-10T13:43:11.501+0000] {taskinstance.py:732} INFO - ::endgroup::
[2025-04-10T13:43:11.503+0000] {baseoperator.py:423} WARNING - FileSensor.execute cannot be called outside TaskInstance!
[2025-04-10T13:43:11.525+0000] {base.py:84} INFO - Retrieving connection 'dataset_folder'
[2025-04-10T13:43:11.527+0000] {filesystem.py:109} INFO - Poking for file /opt/***/dags/data/beer_profile_and_ratings.csv
[2025-04-10T13:43:11.555+0000] {filesystem.py:113} INFO - Found File /opt/***/dags/data/beer_profile_and_ratings.csv last modified: 20250402135654
[2025-04-10T13:43:11.557+0000] {base.py:339} INFO - Success criteria met. Exiting.
[2025-04-10T13:43:11.558+0000] {filesystem.py:109} INFO - Poking for file /opt/***/dags/data/beer_profile_and_ratings.csv
[2025-04-10T13:43:11.579+0000] {filesystem.py:113} INFO - Found File /opt/***/dags/data/beer_profile_and_ratings.csv last modified: 20250402135654
[2025-04-10T13:43:11.611+0000] {taskinstance.py:341} INFO - ::group::Post task execution logs
[2025-04-10T13:43:11.613+0000] {taskinstance.py:353} INFO - Marking task as SUCCESS. dag_id=beer_data_processing, task_id=check_file_exists, run_id=manual__2025-04-10T13:43:01.188156+00:00, execution_date=20250410T134301, start_date=20250410T134310, end_date=20250410T134311
[2025-04-10T13:43:11.741+0000] {logging_mixin.py:190} INFO - Task instance in success state
[2025-04-10T13:43:11.743+0000] {logging_mixin.py:190} INFO -  Previous state of the Task instance: running
[2025-04-10T13:43:11.744+0000] {logging_mixin.py:190} INFO - Dag name:beer_data_processing queued_at:2025-04-10 13:43:02.020273+00:00
[2025-04-10T13:43:11.746+0000] {logging_mixin.py:190} INFO - Task hostname:3e53738720c8 operator:FileSensor
[2025-04-10T13:43:11.819+0000] {local_task_job_runner.py:266} INFO - Task exited with return code 0
[2025-04-10T13:43:11.903+0000] {taskinstance.py:3901} INFO - 1 downstream tasks scheduled from follow-on schedule check
[2025-04-10T13:43:11.908+0000] {local_task_job_runner.py:245} INFO - ::endgroup::
