[2025-04-17T12:28:59.979+0000] {local_task_job_runner.py:123} INFO - ::group::Pre task execution logs
[2025-04-17T12:29:00.798+0000] {taskinstance.py:2614} INFO - Dependencies all met for dep_context=non-requeueable deps ti=<TaskInstance: beer_data_processing.create_dim_beer scheduled__2025-04-17T03:00:00+00:00 [queued]>
[2025-04-17T12:29:00.892+0000] {taskinstance.py:2614} INFO - Dependencies all met for dep_context=requeueable deps ti=<TaskInstance: beer_data_processing.create_dim_beer scheduled__2025-04-17T03:00:00+00:00 [queued]>
[2025-04-17T12:29:00.945+0000] {taskinstance.py:2867} INFO - Starting attempt 1 of 6
[2025-04-17T12:29:01.559+0000] {taskinstance.py:2890} INFO - Executing <Task(PythonOperator): create_dim_beer> on 2025-04-17 03:00:00+00:00
[2025-04-17T12:29:32.928+0000] {standard_task_runner.py:104} INFO - Running: ['***', 'tasks', 'run', 'beer_data_processing', 'create_dim_beer', 'scheduled__2025-04-17T03:00:00+00:00', '--job-id', '1008', '--raw', '--subdir', 'DAGS_FOLDER/beer_data_processing_dag.py', '--cfg-path', '/tmp/tmp34r9097f']
[2025-04-17T12:29:42.660+0000] {standard_task_runner.py:105} INFO - Job 1008: Subtask create_dim_beer
[2025-04-17T12:29:48.251+0000] {logging_mixin.py:190} WARNING - /home/***/.local/lib/python3.12/site-packages/***/task/task_runner/standard_task_runner.py:70 DeprecationWarning: This process (pid=3393) is multi-threaded, use of fork() may lead to deadlocks in the child.
[2025-04-17T12:29:50.299+0000] {standard_task_runner.py:72} INFO - Started process 3586 to run task
[2025-04-17T12:30:41.967+0000] {job.py:229} INFO - Heartbeat recovered after 103.88 seconds
[2025-04-17T12:30:59.740+0000] {task_command.py:467} INFO - Running <TaskInstance: beer_data_processing.create_dim_beer scheduled__2025-04-17T03:00:00+00:00 [running]> on host a0d0456bae2c
[2025-04-17T12:31:00.415+0000] {job.py:229} INFO - Heartbeat recovered after 18.61 seconds
[2025-04-17T12:31:05.885+0000] {taskinstance.py:3134} INFO - Exporting env vars: AIRFLOW_CTX_DAG_OWNER='***' AIRFLOW_CTX_DAG_ID='beer_data_processing' AIRFLOW_CTX_TASK_ID='create_dim_beer' AIRFLOW_CTX_EXECUTION_DATE='2025-04-17T03:00:00+00:00' AIRFLOW_CTX_TRY_NUMBER='1' AIRFLOW_CTX_DAG_RUN_ID='scheduled__2025-04-17T03:00:00+00:00'
[2025-04-17T12:31:07.362+0000] {logging_mixin.py:190} INFO - Task instance is in running state
[2025-04-17T12:31:07.804+0000] {logging_mixin.py:190} INFO -  Previous state of the Task instance: queued
[2025-04-17T12:31:07.971+0000] {logging_mixin.py:190} INFO - Current task name:create_dim_beer state:running start_date:2025-04-17 12:29:00.806742+00:00
[2025-04-17T12:31:08.302+0000] {logging_mixin.py:190} INFO - Dag name:beer_data_processing and current dag run status:running
[2025-04-17T12:31:08.519+0000] {taskinstance.py:732} INFO - ::endgroup::
[2025-04-17T12:31:58.957+0000] {job.py:229} INFO - Heartbeat recovered after 43.57 seconds
[2025-04-17T12:32:14.545+0000] {base.py:84} INFO - Retrieving connection 'postgres_conn'
[2025-04-17T12:32:19.439+0000] {job.py:229} INFO - Heartbeat recovered after 43.35 seconds
[2025-04-17T12:32:31.096+0000] {logging_mixin.py:190} INFO - Створено датасет dim_beer з 3069 записами
[2025-04-17T12:32:32.030+0000] {python.py:240} INFO - Done. Returned value was: True
[2025-04-17T12:32:34.140+0000] {taskinstance.py:341} INFO - ::group::Post task execution logs
[2025-04-17T12:32:34.342+0000] {taskinstance.py:353} INFO - Marking task as SUCCESS. dag_id=beer_data_processing, task_id=create_dim_beer, run_id=scheduled__2025-04-17T03:00:00+00:00, execution_date=20250417T030000, start_date=20250417T122900, end_date=20250417T123234
[2025-04-17T12:32:36.513+0000] {logging_mixin.py:190} INFO - Task instance in success state
[2025-04-17T12:32:36.532+0000] {logging_mixin.py:190} INFO -  Previous state of the Task instance: running
[2025-04-17T12:32:36.597+0000] {logging_mixin.py:190} INFO - Dag name:beer_data_processing queued_at:2025-04-17 11:36:07.227813+00:00
[2025-04-17T12:32:36.615+0000] {logging_mixin.py:190} INFO - Task hostname:a0d0456bae2c operator:PythonOperator
[2025-04-17T12:32:36.989+0000] {local_task_job_runner.py:266} INFO - Task exited with return code 0
[2025-04-17T12:32:38.815+0000] {standard_task_runner.py:217} INFO - Process not found (most likely exited), stop collecting metrics
[2025-04-17T12:32:40.356+0000] {taskinstance.py:3901} INFO - 0 downstream tasks scheduled from follow-on schedule check
[2025-04-17T12:32:40.371+0000] {local_task_job_runner.py:245} INFO - ::endgroup::
