[2025-04-17T12:44:21.360+0000] {local_task_job_runner.py:123} INFO - ::group::Pre task execution logs
[2025-04-17T12:44:21.456+0000] {taskinstance.py:2614} INFO - Dependencies all met for dep_context=non-requeueable deps ti=<TaskInstance: beer_data_processing.process_min_max manual__2025-04-17T12:43:59.627851+00:00 [queued]>
[2025-04-17T12:44:21.498+0000] {taskinstance.py:2614} INFO - Dependencies all met for dep_context=requeueable deps ti=<TaskInstance: beer_data_processing.process_min_max manual__2025-04-17T12:43:59.627851+00:00 [queued]>
[2025-04-17T12:44:21.500+0000] {taskinstance.py:2867} INFO - Starting attempt 1 of 6
[2025-04-17T12:44:21.546+0000] {taskinstance.py:2890} INFO - Executing <Task(PythonOperator): process_min_max> on 2025-04-17 12:43:59.627851+00:00
[2025-04-17T12:44:21.600+0000] {logging_mixin.py:190} WARNING - /home/***/.local/lib/python3.12/site-packages/***/task/task_runner/standard_task_runner.py:70 DeprecationWarning: This process (pid=7798) is multi-threaded, use of fork() may lead to deadlocks in the child.
[2025-04-17T12:44:21.598+0000] {standard_task_runner.py:104} INFO - Running: ['***', 'tasks', 'run', 'beer_data_processing', 'process_min_max', 'manual__2025-04-17T12:43:59.627851+00:00', '--job-id', '1035', '--raw', '--subdir', 'DAGS_FOLDER/beer_data_processing_dag.py', '--cfg-path', '/tmp/tmpmat_7kwe']
[2025-04-17T12:44:21.606+0000] {standard_task_runner.py:72} INFO - Started process 7941 to run task
[2025-04-17T12:44:21.606+0000] {standard_task_runner.py:105} INFO - Job 1035: Subtask process_min_max
[2025-04-17T12:44:21.819+0000] {task_command.py:467} INFO - Running <TaskInstance: beer_data_processing.process_min_max manual__2025-04-17T12:43:59.627851+00:00 [running]> on host a0d0456bae2c
[2025-04-17T12:44:22.106+0000] {taskinstance.py:3134} INFO - Exporting env vars: AIRFLOW_CTX_DAG_OWNER='***' AIRFLOW_CTX_DAG_ID='beer_data_processing' AIRFLOW_CTX_TASK_ID='process_min_max' AIRFLOW_CTX_EXECUTION_DATE='2025-04-17T12:43:59.627851+00:00' AIRFLOW_CTX_TRY_NUMBER='1' AIRFLOW_CTX_DAG_RUN_ID='manual__2025-04-17T12:43:59.627851+00:00'
[2025-04-17T12:44:22.111+0000] {logging_mixin.py:190} INFO - Task instance is in running state
[2025-04-17T12:44:22.113+0000] {logging_mixin.py:190} INFO -  Previous state of the Task instance: queued
[2025-04-17T12:44:22.115+0000] {logging_mixin.py:190} INFO - Current task name:process_min_max state:running start_date:2025-04-17 12:44:21.458415+00:00
[2025-04-17T12:44:22.117+0000] {logging_mixin.py:190} INFO - Dag name:beer_data_processing and current dag run status:running
[2025-04-17T12:44:22.118+0000] {taskinstance.py:732} INFO - ::endgroup::
[2025-04-17T12:44:22.286+0000] {logging_mixin.py:190} INFO - MinMax Scaling Example - Original: {'review_aroma': 4.013761, 'review_appearance': 4.15367, 'review_palate': 4.084862, 'review_taste': 4.094037, 'review_overall': 3.961009}
[2025-04-17T12:44:22.288+0000] {logging_mixin.py:190} INFO - MinMax Scaling Example - Scaled: {'review_aroma': 0.7174411991800331, 'review_appearance': 0.8342625025926924, 'review_palate': 0.753616711260253, 'review_taste': 0.7606890008067171, 'review_overall': 0.7310846570432619}
[2025-04-17T12:44:22.457+0000] {python.py:240} INFO - Done. Returned value was: True
[2025-04-17T12:44:22.515+0000] {taskinstance.py:341} INFO - ::group::Post task execution logs
[2025-04-17T12:44:22.517+0000] {taskinstance.py:353} INFO - Marking task as SUCCESS. dag_id=beer_data_processing, task_id=process_min_max, run_id=manual__2025-04-17T12:43:59.627851+00:00, execution_date=20250417T124359, start_date=20250417T124421, end_date=20250417T124422
[2025-04-17T12:44:22.608+0000] {logging_mixin.py:190} INFO - Task instance in success state
[2025-04-17T12:44:22.611+0000] {logging_mixin.py:190} INFO -  Previous state of the Task instance: running
[2025-04-17T12:44:22.613+0000] {logging_mixin.py:190} INFO - Dag name:beer_data_processing queued_at:2025-04-17 12:43:59.855324+00:00
[2025-04-17T12:44:22.616+0000] {logging_mixin.py:190} INFO - Task hostname:a0d0456bae2c operator:PythonOperator
[2025-04-17T12:44:22.685+0000] {local_task_job_runner.py:266} INFO - Task exited with return code 0
[2025-04-17T12:44:22.712+0000] {local_task_job_runner.py:245} INFO - ::endgroup::
