[2025-04-17T12:23:00.542+0000] {local_task_job_runner.py:123} INFO - ::group::Pre task execution logs
[2025-04-17T12:23:00.952+0000] {taskinstance.py:2614} INFO - Dependencies all met for dep_context=non-requeueable deps ti=<TaskInstance: beer_data_processing.create_fact_beer_table scheduled__2025-04-17T07:00:00+00:00 [queued]>
[2025-04-17T12:23:01.247+0000] {taskinstance.py:2614} INFO - Dependencies all met for dep_context=requeueable deps ti=<TaskInstance: beer_data_processing.create_fact_beer_table scheduled__2025-04-17T07:00:00+00:00 [queued]>
[2025-04-17T12:23:01.251+0000] {taskinstance.py:2867} INFO - Starting attempt 1 of 6
[2025-04-17T12:23:01.548+0000] {taskinstance.py:2890} INFO - Executing <Task(SQLExecuteQueryOperator): create_fact_beer_table> on 2025-04-17 07:00:00+00:00
[2025-04-17T12:23:02.045+0000] {standard_task_runner.py:104} INFO - Running: ['***', 'tasks', 'run', 'beer_data_processing', 'create_fact_beer_table', 'scheduled__2025-04-17T07:00:00+00:00', '--job-id', '971', '--raw', '--subdir', 'DAGS_FOLDER/beer_data_processing_dag.py', '--cfg-path', '/tmp/tmp7zht1ha_']
[2025-04-17T12:23:02.064+0000] {standard_task_runner.py:105} INFO - Job 971: Subtask create_fact_beer_table
[2025-04-17T12:23:02.982+0000] {logging_mixin.py:190} WARNING - /home/***/.local/lib/python3.12/site-packages/***/task/task_runner/standard_task_runner.py:70 DeprecationWarning: This process (pid=2159) is multi-threaded, use of fork() may lead to deadlocks in the child.
[2025-04-17T12:23:03.401+0000] {standard_task_runner.py:72} INFO - Started process 2442 to run task
[2025-04-17T12:23:03.917+0000] {task_command.py:467} INFO - Running <TaskInstance: beer_data_processing.create_fact_beer_table scheduled__2025-04-17T07:00:00+00:00 [running]> on host a0d0456bae2c
[2025-04-17T12:23:06.528+0000] {taskinstance.py:3134} INFO - Exporting env vars: AIRFLOW_CTX_DAG_OWNER='***' AIRFLOW_CTX_DAG_ID='beer_data_processing' AIRFLOW_CTX_TASK_ID='create_fact_beer_table' AIRFLOW_CTX_EXECUTION_DATE='2025-04-17T07:00:00+00:00' AIRFLOW_CTX_TRY_NUMBER='1' AIRFLOW_CTX_DAG_RUN_ID='scheduled__2025-04-17T07:00:00+00:00'
[2025-04-17T12:23:06.630+0000] {logging_mixin.py:190} INFO - Task instance is in running state
[2025-04-17T12:23:06.635+0000] {logging_mixin.py:190} INFO -  Previous state of the Task instance: queued
[2025-04-17T12:23:06.639+0000] {logging_mixin.py:190} INFO - Current task name:create_fact_beer_table state:running start_date:2025-04-17 12:23:00.962595+00:00
[2025-04-17T12:23:06.642+0000] {logging_mixin.py:190} INFO - Dag name:beer_data_processing and current dag run status:running
[2025-04-17T12:23:06.653+0000] {taskinstance.py:732} INFO - ::endgroup::
[2025-04-17T12:23:06.664+0000] {sql.py:295} INFO - Executing: 
    CREATE TABLE IF NOT EXISTS fact_beer (
        beer_id INTEGER REFERENCES dim_beer(beer_id),
        style_id INTEGER REFERENCES dim_style(style_id),
        brewery_id INTEGER REFERENCES dim_brewery(brewery_id),
        abv FLOAT,
        min_ibu FLOAT,
        max_ibu FLOAT,
        astringency FLOAT,
        body FLOAT,
        alcohol FLOAT,
        bitter FLOAT,
        sweet FLOAT,
        sour FLOAT,
        salty FLOAT,
        fruits FLOAT,
        hoppy FLOAT,
        spices FLOAT,
        malty FLOAT,
        review_aroma NUMERIC(3,2),
        review_appearance NUMERIC(3,2),
        review_palate NUMERIC(3,2),
        review_taste NUMERIC(3,2),
        average_review_overall NUMERIC(3,2),
        number_of_reviews INTEGER DEFAULT 1,
        is_active BOOLEAN DEFAULT TRUE,
        last_updated TIMESTAMP DEFAULT CURRENT_TIMESTAMP,
        PRIMARY KEY (beer_id, style_id, brewery_id)
    );
    
[2025-04-17T12:23:07.048+0000] {base.py:84} INFO - Retrieving connection 'postgres_conn'
[2025-04-17T12:23:07.458+0000] {base.py:84} INFO - Retrieving connection 'postgres_conn'
[2025-04-17T12:23:07.622+0000] {sql.py:511} INFO - Running statement: 
    CREATE TABLE IF NOT EXISTS fact_beer (
        beer_id INTEGER REFERENCES dim_beer(beer_id),
        style_id INTEGER REFERENCES dim_style(style_id),
        brewery_id INTEGER REFERENCES dim_brewery(brewery_id),
        abv FLOAT,
        min_ibu FLOAT,
        max_ibu FLOAT,
        astringency FLOAT,
        body FLOAT,
        alcohol FLOAT,
        bitter FLOAT,
        sweet FLOAT,
        sour FLOAT,
        salty FLOAT,
        fruits FLOAT,
        hoppy FLOAT,
        spices FLOAT,
        malty FLOAT,
        review_aroma NUMERIC(3,2),
        review_appearance NUMERIC(3,2),
        review_palate NUMERIC(3,2),
        review_taste NUMERIC(3,2),
        average_review_overall NUMERIC(3,2),
        number_of_reviews INTEGER DEFAULT 1,
        is_active BOOLEAN DEFAULT TRUE,
        last_updated TIMESTAMP DEFAULT CURRENT_TIMESTAMP,
        PRIMARY KEY (beer_id, style_id, brewery_id)
    );
    , parameters: None
[2025-04-17T12:23:07.691+0000] {logging_mixin.py:190} WARNING - /home/***/.local/lib/python3.12/site-packages/***/providers/common/sql/hooks/sql.py:470 DeprecationWarning: Import of fetch_all_handler from the '***.providers.common.sql.hooks' module is deprecated and will
be removed in the future. Please import it from '***.providers.common.sql.hooks.handlers'.
[2025-04-17T12:23:07.718+0000] {logging_mixin.py:190} WARNING - /home/***/.local/lib/python3.12/site-packages/***/providers/common/sql/hooks/sql.py:471 DeprecationWarning: Import of return_single_query_results from the '***.providers.common.sql.hooks' module is deprecated and will
be removed in the future. Please import it from '***.providers.common.sql.hooks.handlers'.
[2025-04-17T12:23:07.761+0000] {logging_mixin.py:190} WARNING - /home/***/.local/lib/python3.12/site-packages/***/providers/common/sql/hooks/sql.py:486 DeprecationWarning: Import of return_single_query_results from the '***.providers.common.sql.hooks' module is deprecated and will
be removed in the future. Please import it from '***.providers.common.sql.hooks.handlers'.
[2025-04-17T12:23:07.766+0000] {logging_mixin.py:190} WARNING - /home/***/.local/lib/python3.12/site-packages/***/providers/common/sql/operators/sql.py:311 DeprecationWarning: Import of return_single_query_results from the '***.providers.common.sql.hooks' module is deprecated and will
be removed in the future. Please import it from '***.providers.common.sql.hooks.handlers'.
[2025-04-17T12:23:07.955+0000] {taskinstance.py:341} INFO - ::group::Post task execution logs
[2025-04-17T12:23:07.962+0000] {taskinstance.py:353} INFO - Marking task as SUCCESS. dag_id=beer_data_processing, task_id=create_fact_beer_table, run_id=scheduled__2025-04-17T07:00:00+00:00, execution_date=20250417T070000, start_date=20250417T122300, end_date=20250417T122307
[2025-04-17T12:23:08.331+0000] {logging_mixin.py:190} INFO - Task instance in success state
[2025-04-17T12:23:08.357+0000] {logging_mixin.py:190} INFO -  Previous state of the Task instance: running
[2025-04-17T12:23:08.367+0000] {logging_mixin.py:190} INFO - Dag name:beer_data_processing queued_at:2025-04-17 11:36:13.400803+00:00
[2025-04-17T12:23:08.369+0000] {logging_mixin.py:190} INFO - Task hostname:a0d0456bae2c operator:SQLExecuteQueryOperator
[2025-04-17T12:23:08.561+0000] {local_task_job_runner.py:266} INFO - Task exited with return code 0
[2025-04-17T12:23:08.690+0000] {local_task_job_runner.py:245} INFO - ::endgroup::
[2025-04-17T12:23:08.801+0000] {standard_task_runner.py:217} INFO - Process not found (most likely exited), stop collecting metrics
