[2025-04-16T16:10:23.377+0000] {local_task_job_runner.py:123} INFO - ::group::Pre task execution logs
[2025-04-16T16:10:23.632+0000] {taskinstance.py:2614} INFO - Dependencies all met for dep_context=non-requeueable deps ti=<TaskInstance: beer_data_processing.process_proportions scheduled__2025-04-16T08:00:00+00:00 [queued]>
[2025-04-16T16:10:23.722+0000] {taskinstance.py:2614} INFO - Dependencies all met for dep_context=requeueable deps ti=<TaskInstance: beer_data_processing.process_proportions scheduled__2025-04-16T08:00:00+00:00 [queued]>
[2025-04-16T16:10:23.724+0000] {taskinstance.py:2867} INFO - Starting attempt 5 of 6
[2025-04-16T16:10:24.100+0000] {taskinstance.py:2890} INFO - Executing <Task(PythonOperator): process_proportions> on 2025-04-16 08:00:00+00:00
[2025-04-16T16:10:24.398+0000] {logging_mixin.py:190} WARNING - /home/***/.local/lib/python3.12/site-packages/***/task/task_runner/standard_task_runner.py:70 DeprecationWarning: This process (pid=3154) is multi-threaded, use of fork() may lead to deadlocks in the child.
[2025-04-16T16:10:24.425+0000] {standard_task_runner.py:72} INFO - Started process 3312 to run task
[2025-04-16T16:10:24.464+0000] {standard_task_runner.py:104} INFO - Running: ['***', 'tasks', 'run', 'beer_data_processing', 'process_proportions', 'scheduled__2025-04-16T08:00:00+00:00', '--job-id', '672', '--raw', '--subdir', 'DAGS_FOLDER/beer_data_processing_dag.py', '--cfg-path', '/tmp/tmpn0aizpy5']
[2025-04-16T16:10:24.478+0000] {standard_task_runner.py:105} INFO - Job 672: Subtask process_proportions
[2025-04-16T16:10:26.980+0000] {task_command.py:467} INFO - Running <TaskInstance: beer_data_processing.process_proportions scheduled__2025-04-16T08:00:00+00:00 [running]> on host 3e53738720c8
[2025-04-16T16:10:30.228+0000] {taskinstance.py:3134} INFO - Exporting env vars: AIRFLOW_CTX_DAG_OWNER='***' AIRFLOW_CTX_DAG_ID='beer_data_processing' AIRFLOW_CTX_TASK_ID='process_proportions' AIRFLOW_CTX_EXECUTION_DATE='2025-04-16T08:00:00+00:00' AIRFLOW_CTX_TRY_NUMBER='5' AIRFLOW_CTX_DAG_RUN_ID='scheduled__2025-04-16T08:00:00+00:00'
[2025-04-16T16:10:30.334+0000] {logging_mixin.py:190} INFO - Task instance is in running state
[2025-04-16T16:10:30.374+0000] {logging_mixin.py:190} INFO -  Previous state of the Task instance: queued
[2025-04-16T16:10:30.388+0000] {logging_mixin.py:190} INFO - Current task name:process_proportions state:running start_date:2025-04-16 16:10:23.636524+00:00
[2025-04-16T16:10:30.397+0000] {logging_mixin.py:190} INFO - Dag name:beer_data_processing and current dag run status:running
[2025-04-16T16:10:30.420+0000] {taskinstance.py:732} INFO - ::endgroup::
[2025-04-16T16:10:37.078+0000] {python.py:240} INFO - Done. Returned value was: True
[2025-04-16T16:10:38.326+0000] {taskinstance.py:341} INFO - ::group::Post task execution logs
[2025-04-16T16:10:38.344+0000] {taskinstance.py:353} INFO - Marking task as SUCCESS. dag_id=beer_data_processing, task_id=process_proportions, run_id=scheduled__2025-04-16T08:00:00+00:00, execution_date=20250416T080000, start_date=20250416T161023, end_date=20250416T161038
[2025-04-16T16:10:39.422+0000] {logging_mixin.py:190} INFO - Task instance in success state
[2025-04-16T16:10:39.485+0000] {logging_mixin.py:190} INFO -  Previous state of the Task instance: running
[2025-04-16T16:10:39.500+0000] {logging_mixin.py:190} INFO - Dag name:beer_data_processing queued_at:2025-04-16 15:07:09.591370+00:00
[2025-04-16T16:10:39.517+0000] {logging_mixin.py:190} INFO - Task hostname:3e53738720c8 operator:PythonOperator
[2025-04-16T16:10:39.876+0000] {local_task_job_runner.py:266} INFO - Task exited with return code 0
[2025-04-16T16:10:40.542+0000] {taskinstance.py:3901} INFO - 0 downstream tasks scheduled from follow-on schedule check
[2025-04-16T16:10:40.569+0000] {local_task_job_runner.py:245} INFO - ::endgroup::
[2025-04-16T16:12:54.232+0000] {local_task_job_runner.py:123} INFO - ::group::Pre task execution logs
[2025-04-16T16:12:54.490+0000] {taskinstance.py:2604} INFO - Dependencies not met for <TaskInstance: beer_data_processing.process_proportions scheduled__2025-04-16T08:00:00+00:00 [success]>, dependency 'Task Instance State' FAILED: Task is in the 'success' state.
[2025-04-16T16:12:54.549+0000] {local_task_job_runner.py:166} INFO - Task is not able to be run
