[2025-04-16T17:02:46.114+0000] {local_task_job_runner.py:123} INFO - ::group::Pre task execution logs
[2025-04-16T17:02:46.209+0000] {taskinstance.py:2614} INFO - Dependencies all met for dep_context=non-requeueable deps ti=<TaskInstance: beer_data_processing.process_proportions scheduled__2025-04-16T16:00:00+00:00 [queued]>
[2025-04-16T17:02:46.252+0000] {taskinstance.py:2614} INFO - Dependencies all met for dep_context=requeueable deps ti=<TaskInstance: beer_data_processing.process_proportions scheduled__2025-04-16T16:00:00+00:00 [queued]>
[2025-04-16T17:02:46.253+0000] {taskinstance.py:2867} INFO - Starting attempt 2 of 6
[2025-04-16T17:02:46.398+0000] {taskinstance.py:2890} INFO - Executing <Task(PythonOperator): process_proportions> on 2025-04-16 16:00:00+00:00
[2025-04-16T17:02:46.487+0000] {standard_task_runner.py:104} INFO - Running: ['***', 'tasks', 'run', 'beer_data_processing', 'process_proportions', 'scheduled__2025-04-16T16:00:00+00:00', '--job-id', '710', '--raw', '--subdir', 'DAGS_FOLDER/beer_data_processing_dag.py', '--cfg-path', '/tmp/tmpr1kxy52h']
[2025-04-16T17:02:46.503+0000] {standard_task_runner.py:105} INFO - Job 710: Subtask process_proportions
[2025-04-16T17:02:46.515+0000] {logging_mixin.py:190} WARNING - /home/***/.local/lib/python3.12/site-packages/***/task/task_runner/standard_task_runner.py:70 DeprecationWarning: This process (pid=11852) is multi-threaded, use of fork() may lead to deadlocks in the child.
[2025-04-16T17:02:46.530+0000] {standard_task_runner.py:72} INFO - Started process 11993 to run task
[2025-04-16T17:02:46.897+0000] {task_command.py:467} INFO - Running <TaskInstance: beer_data_processing.process_proportions scheduled__2025-04-16T16:00:00+00:00 [running]> on host 3e53738720c8
[2025-04-16T17:02:47.483+0000] {taskinstance.py:3134} INFO - Exporting env vars: AIRFLOW_CTX_DAG_OWNER='***' AIRFLOW_CTX_DAG_ID='beer_data_processing' AIRFLOW_CTX_TASK_ID='process_proportions' AIRFLOW_CTX_EXECUTION_DATE='2025-04-16T16:00:00+00:00' AIRFLOW_CTX_TRY_NUMBER='2' AIRFLOW_CTX_DAG_RUN_ID='scheduled__2025-04-16T16:00:00+00:00'
[2025-04-16T17:02:47.489+0000] {logging_mixin.py:190} INFO - Task instance is in running state
[2025-04-16T17:02:47.491+0000] {logging_mixin.py:190} INFO -  Previous state of the Task instance: queued
[2025-04-16T17:02:47.493+0000] {logging_mixin.py:190} INFO - Current task name:process_proportions state:running start_date:2025-04-16 17:02:46.211089+00:00
[2025-04-16T17:02:47.494+0000] {logging_mixin.py:190} INFO - Dag name:beer_data_processing and current dag run status:running
[2025-04-16T17:02:47.496+0000] {taskinstance.py:732} INFO - ::endgroup::
[2025-04-16T17:02:48.253+0000] {python.py:240} INFO - Done. Returned value was: True
[2025-04-16T17:02:48.317+0000] {taskinstance.py:341} INFO - ::group::Post task execution logs
[2025-04-16T17:02:48.326+0000] {taskinstance.py:353} INFO - Marking task as SUCCESS. dag_id=beer_data_processing, task_id=process_proportions, run_id=scheduled__2025-04-16T16:00:00+00:00, execution_date=20250416T160000, start_date=20250416T170246, end_date=20250416T170248
[2025-04-16T17:02:48.413+0000] {logging_mixin.py:190} INFO - Task instance in success state
[2025-04-16T17:02:48.415+0000] {logging_mixin.py:190} INFO -  Previous state of the Task instance: running
[2025-04-16T17:02:48.417+0000] {logging_mixin.py:190} INFO - Dag name:beer_data_processing queued_at:2025-04-16 17:00:00.441202+00:00
[2025-04-16T17:02:48.418+0000] {logging_mixin.py:190} INFO - Task hostname:3e53738720c8 operator:PythonOperator
[2025-04-16T17:02:48.496+0000] {local_task_job_runner.py:266} INFO - Task exited with return code 0
[2025-04-16T17:02:48.634+0000] {taskinstance.py:3901} INFO - 0 downstream tasks scheduled from follow-on schedule check
[2025-04-16T17:02:48.639+0000] {local_task_job_runner.py:245} INFO - ::endgroup::
