[2025-04-16T15:48:01.195+0000] {local_task_job_runner.py:123} INFO - ::group::Pre task execution logs
[2025-04-16T15:48:01.422+0000] {taskinstance.py:2614} INFO - Dependencies all met for dep_context=non-requeueable deps ti=<TaskInstance: beer_data_processing.process_robust_scaler scheduled__2025-04-16T13:00:00+00:00 [queued]>
[2025-04-16T15:48:01.551+0000] {taskinstance.py:2614} INFO - Dependencies all met for dep_context=requeueable deps ti=<TaskInstance: beer_data_processing.process_robust_scaler scheduled__2025-04-16T13:00:00+00:00 [queued]>
[2025-04-16T15:48:01.555+0000] {taskinstance.py:2867} INFO - Starting attempt 3 of 6
[2025-04-16T15:48:01.678+0000] {taskinstance.py:2890} INFO - Executing <Task(PythonOperator): process_robust_scaler> on 2025-04-16 13:00:00+00:00
[2025-04-16T15:48:01.879+0000] {standard_task_runner.py:104} INFO - Running: ['***', 'tasks', 'run', 'beer_data_processing', 'process_robust_scaler', 'scheduled__2025-04-16T13:00:00+00:00', '--job-id', '610', '--raw', '--subdir', 'DAGS_FOLDER/beer_data_processing_dag.py', '--cfg-path', '/tmp/tmp3i9hxf0j']
[2025-04-16T15:48:01.891+0000] {standard_task_runner.py:105} INFO - Job 610: Subtask process_robust_scaler
[2025-04-16T15:48:01.912+0000] {logging_mixin.py:190} WARNING - /home/***/.local/lib/python3.12/site-packages/***/task/task_runner/standard_task_runner.py:70 DeprecationWarning: This process (pid=621) is multi-threaded, use of fork() may lead to deadlocks in the child.
[2025-04-16T15:48:01.917+0000] {standard_task_runner.py:72} INFO - Started process 882 to run task
[2025-04-16T15:48:02.501+0000] {task_command.py:467} INFO - Running <TaskInstance: beer_data_processing.process_robust_scaler scheduled__2025-04-16T13:00:00+00:00 [running]> on host 3e53738720c8
[2025-04-16T15:48:03.249+0000] {taskinstance.py:3134} INFO - Exporting env vars: AIRFLOW_CTX_DAG_OWNER='***' AIRFLOW_CTX_DAG_ID='beer_data_processing' AIRFLOW_CTX_TASK_ID='process_robust_scaler' AIRFLOW_CTX_EXECUTION_DATE='2025-04-16T13:00:00+00:00' AIRFLOW_CTX_TRY_NUMBER='3' AIRFLOW_CTX_DAG_RUN_ID='scheduled__2025-04-16T13:00:00+00:00'
[2025-04-16T15:48:03.269+0000] {logging_mixin.py:190} INFO - Task instance is in running state
[2025-04-16T15:48:03.276+0000] {logging_mixin.py:190} INFO -  Previous state of the Task instance: queued
[2025-04-16T15:48:03.280+0000] {logging_mixin.py:190} INFO - Current task name:process_robust_scaler state:running start_date:2025-04-16 15:48:01.442181+00:00
[2025-04-16T15:48:03.283+0000] {logging_mixin.py:190} INFO - Dag name:beer_data_processing and current dag run status:running
[2025-04-16T15:48:03.297+0000] {taskinstance.py:732} INFO - ::endgroup::
[2025-04-16T15:48:07.795+0000] {python.py:240} INFO - Done. Returned value was: True
[2025-04-16T15:48:11.841+0000] {taskinstance.py:341} INFO - ::group::Post task execution logs
[2025-04-16T15:48:11.936+0000] {taskinstance.py:353} INFO - Marking task as SUCCESS. dag_id=beer_data_processing, task_id=process_robust_scaler, run_id=scheduled__2025-04-16T13:00:00+00:00, execution_date=20250416T130000, start_date=20250416T154801, end_date=20250416T154811
[2025-04-16T15:48:12.694+0000] {logging_mixin.py:190} INFO - Task instance in success state
[2025-04-16T15:48:12.720+0000] {logging_mixin.py:190} INFO -  Previous state of the Task instance: running
[2025-04-16T15:48:12.734+0000] {logging_mixin.py:190} INFO - Dag name:beer_data_processing queued_at:2025-04-16 15:07:18.140012+00:00
[2025-04-16T15:48:12.742+0000] {logging_mixin.py:190} INFO - Task hostname:3e53738720c8 operator:PythonOperator
[2025-04-16T15:48:13.312+0000] {local_task_job_runner.py:266} INFO - Task exited with return code 0
[2025-04-16T15:48:14.102+0000] {local_task_job_runner.py:245} INFO - ::endgroup::
