[2025-04-17T12:27:36.599+0000] {local_task_job_runner.py:123} INFO - ::group::Pre task execution logs
[2025-04-17T12:27:37.260+0000] {taskinstance.py:2614} INFO - Dependencies all met for dep_context=non-requeueable deps ti=<TaskInstance: beer_data_processing.create_dim_style_table scheduled__2025-04-17T06:00:00+00:00 [queued]>
[2025-04-17T12:27:37.485+0000] {taskinstance.py:2614} INFO - Dependencies all met for dep_context=requeueable deps ti=<TaskInstance: beer_data_processing.create_dim_style_table scheduled__2025-04-17T06:00:00+00:00 [queued]>
[2025-04-17T12:27:37.490+0000] {taskinstance.py:2867} INFO - Starting attempt 1 of 6
[2025-04-17T12:27:37.691+0000] {taskinstance.py:2890} INFO - Executing <Task(SQLExecuteQueryOperator): create_dim_style_table> on 2025-04-17 06:00:00+00:00
[2025-04-17T12:27:38.477+0000] {standard_task_runner.py:104} INFO - Running: ['***', 'tasks', 'run', 'beer_data_processing', 'create_dim_style_table', 'scheduled__2025-04-17T06:00:00+00:00', '--job-id', '993', '--raw', '--subdir', 'DAGS_FOLDER/beer_data_processing_dag.py', '--cfg-path', '/tmp/tmpuxcgzjgr']
[2025-04-17T12:27:38.540+0000] {standard_task_runner.py:105} INFO - Job 993: Subtask create_dim_style_table
[2025-04-17T12:27:38.631+0000] {logging_mixin.py:190} WARNING - /home/***/.local/lib/python3.12/site-packages/***/task/task_runner/standard_task_runner.py:70 DeprecationWarning: This process (pid=3062) is multi-threaded, use of fork() may lead to deadlocks in the child.
[2025-04-17T12:27:38.634+0000] {standard_task_runner.py:72} INFO - Started process 3351 to run task
[2025-04-17T12:27:49.213+0000] {cli_action_loggers.py:177} WARNING - Failed to log action (psycopg2.OperationalError) could not translate host name "postgres" to address: Temporary failure in name resolution

(Background on this error at: https://sqlalche.me/e/14/e3q8)
[2025-04-17T12:27:51.563+0000] {job.py:229} INFO - Heartbeat recovered after 16.12 seconds
[2025-04-17T12:27:51.855+0000] {task_command.py:467} INFO - Running <TaskInstance: beer_data_processing.create_dim_style_table scheduled__2025-04-17T06:00:00+00:00 [running]> on host a0d0456bae2c
[2025-04-17T12:27:52.931+0000] {taskinstance.py:3134} INFO - Exporting env vars: AIRFLOW_CTX_DAG_OWNER='***' AIRFLOW_CTX_DAG_ID='beer_data_processing' AIRFLOW_CTX_TASK_ID='create_dim_style_table' AIRFLOW_CTX_EXECUTION_DATE='2025-04-17T06:00:00+00:00' AIRFLOW_CTX_TRY_NUMBER='1' AIRFLOW_CTX_DAG_RUN_ID='scheduled__2025-04-17T06:00:00+00:00'
[2025-04-17T12:27:52.977+0000] {logging_mixin.py:190} INFO - Task instance is in running state
[2025-04-17T12:27:52.979+0000] {logging_mixin.py:190} INFO -  Previous state of the Task instance: queued
[2025-04-17T12:27:52.982+0000] {logging_mixin.py:190} INFO - Current task name:create_dim_style_table state:running start_date:2025-04-17 12:27:37.275834+00:00
[2025-04-17T12:27:52.993+0000] {logging_mixin.py:190} INFO - Dag name:beer_data_processing and current dag run status:running
[2025-04-17T12:27:53.004+0000] {taskinstance.py:732} INFO - ::endgroup::
[2025-04-17T12:27:53.043+0000] {sql.py:295} INFO - Executing: 
    CREATE TABLE IF NOT EXISTS dim_style (
        style_id SERIAL PRIMARY KEY,
        style_name VARCHAR(255) NOT NULL UNIQUE
    );
    
[2025-04-17T12:27:53.242+0000] {base.py:84} INFO - Retrieving connection 'postgres_conn'
[2025-04-17T12:27:53.382+0000] {base.py:84} INFO - Retrieving connection 'postgres_conn'
[2025-04-17T12:27:53.412+0000] {sql.py:511} INFO - Running statement: 
    CREATE TABLE IF NOT EXISTS dim_style (
        style_id SERIAL PRIMARY KEY,
        style_name VARCHAR(255) NOT NULL UNIQUE
    );
    , parameters: None
[2025-04-17T12:27:53.557+0000] {logging_mixin.py:190} WARNING - /home/***/.local/lib/python3.12/site-packages/***/providers/common/sql/hooks/sql.py:470 DeprecationWarning: Import of fetch_all_handler from the '***.providers.common.sql.hooks' module is deprecated and will
be removed in the future. Please import it from '***.providers.common.sql.hooks.handlers'.
[2025-04-17T12:27:53.565+0000] {logging_mixin.py:190} WARNING - /home/***/.local/lib/python3.12/site-packages/***/providers/common/sql/hooks/sql.py:471 DeprecationWarning: Import of return_single_query_results from the '***.providers.common.sql.hooks' module is deprecated and will
be removed in the future. Please import it from '***.providers.common.sql.hooks.handlers'.
[2025-04-17T12:27:53.573+0000] {logging_mixin.py:190} WARNING - /home/***/.local/lib/python3.12/site-packages/***/providers/common/sql/hooks/sql.py:486 DeprecationWarning: Import of return_single_query_results from the '***.providers.common.sql.hooks' module is deprecated and will
be removed in the future. Please import it from '***.providers.common.sql.hooks.handlers'.
[2025-04-17T12:27:53.582+0000] {logging_mixin.py:190} WARNING - /home/***/.local/lib/python3.12/site-packages/***/providers/common/sql/operators/sql.py:311 DeprecationWarning: Import of return_single_query_results from the '***.providers.common.sql.hooks' module is deprecated and will
be removed in the future. Please import it from '***.providers.common.sql.hooks.handlers'.
[2025-04-17T12:27:53.625+0000] {taskinstance.py:341} INFO - ::group::Post task execution logs
[2025-04-17T12:27:53.627+0000] {taskinstance.py:353} INFO - Marking task as SUCCESS. dag_id=beer_data_processing, task_id=create_dim_style_table, run_id=scheduled__2025-04-17T06:00:00+00:00, execution_date=20250417T060000, start_date=20250417T122737, end_date=20250417T122753
[2025-04-17T12:27:53.813+0000] {logging_mixin.py:190} INFO - Task instance in success state
[2025-04-17T12:27:53.821+0000] {logging_mixin.py:190} INFO -  Previous state of the Task instance: running
[2025-04-17T12:27:53.828+0000] {logging_mixin.py:190} INFO - Dag name:beer_data_processing queued_at:2025-04-17 11:36:12.377924+00:00
[2025-04-17T12:27:53.856+0000] {logging_mixin.py:190} INFO - Task hostname:a0d0456bae2c operator:SQLExecuteQueryOperator
[2025-04-17T12:27:53.988+0000] {local_task_job_runner.py:266} INFO - Task exited with return code 0
[2025-04-17T12:27:54.386+0000] {taskinstance.py:3901} INFO - 1 downstream tasks scheduled from follow-on schedule check
[2025-04-17T12:27:54.421+0000] {local_task_job_runner.py:245} INFO - ::endgroup::
[2025-04-17T12:27:54.499+0000] {standard_task_runner.py:217} INFO - Process not found (most likely exited), stop collecting metrics
