[2025-04-16T16:52:16.083+0000] {local_task_job_runner.py:123} INFO - ::group::Pre task execution logs
[2025-04-16T16:52:16.190+0000] {taskinstance.py:2614} INFO - Dependencies all met for dep_context=non-requeueable deps ti=<TaskInstance: beer_data_processing.create_dim_beer_table manual__2025-04-16T16:51:28.772565+00:00 [queued]>
[2025-04-16T16:52:16.235+0000] {taskinstance.py:2614} INFO - Dependencies all met for dep_context=requeueable deps ti=<TaskInstance: beer_data_processing.create_dim_beer_table manual__2025-04-16T16:51:28.772565+00:00 [queued]>
[2025-04-16T16:52:16.237+0000] {taskinstance.py:2867} INFO - Starting attempt 1 of 6
[2025-04-16T16:52:16.325+0000] {taskinstance.py:2890} INFO - Executing <Task(SQLExecuteQueryOperator): create_dim_beer_table> on 2025-04-16 16:51:28.772565+00:00
[2025-04-16T16:52:16.411+0000] {standard_task_runner.py:104} INFO - Running: ['***', 'tasks', 'run', 'beer_data_processing', 'create_dim_beer_table', 'manual__2025-04-16T16:51:28.772565+00:00', '--job-id', '688', '--raw', '--subdir', 'DAGS_FOLDER/beer_data_processing_dag.py', '--cfg-path', '/tmp/tmpyd18cjjw']
[2025-04-16T16:52:16.426+0000] {standard_task_runner.py:105} INFO - Job 688: Subtask create_dim_beer_table
[2025-04-16T16:52:16.451+0000] {logging_mixin.py:190} WARNING - /home/***/.local/lib/python3.12/site-packages/***/task/task_runner/standard_task_runner.py:70 DeprecationWarning: This process (pid=6451) is multi-threaded, use of fork() may lead to deadlocks in the child.
[2025-04-16T16:52:16.457+0000] {standard_task_runner.py:72} INFO - Started process 6579 to run task
[2025-04-16T16:52:27.658+0000] {job.py:229} INFO - Heartbeat recovered after 11.96 seconds
[2025-04-16T16:52:28.244+0000] {task_command.py:467} INFO - Running <TaskInstance: beer_data_processing.create_dim_beer_table manual__2025-04-16T16:51:28.772565+00:00 [running]> on host 3e53738720c8
[2025-04-16T16:52:29.810+0000] {taskinstance.py:3134} INFO - Exporting env vars: AIRFLOW_CTX_DAG_OWNER='***' AIRFLOW_CTX_DAG_ID='beer_data_processing' AIRFLOW_CTX_TASK_ID='create_dim_beer_table' AIRFLOW_CTX_EXECUTION_DATE='2025-04-16T16:51:28.772565+00:00' AIRFLOW_CTX_TRY_NUMBER='1' AIRFLOW_CTX_DAG_RUN_ID='manual__2025-04-16T16:51:28.772565+00:00'
[2025-04-16T16:52:29.829+0000] {logging_mixin.py:190} INFO - Task instance is in running state
[2025-04-16T16:52:29.834+0000] {logging_mixin.py:190} INFO -  Previous state of the Task instance: queued
[2025-04-16T16:52:29.837+0000] {logging_mixin.py:190} INFO - Current task name:create_dim_beer_table state:running start_date:2025-04-16 16:52:16.192014+00:00
[2025-04-16T16:52:29.840+0000] {logging_mixin.py:190} INFO - Dag name:beer_data_processing and current dag run status:running
[2025-04-16T16:52:29.841+0000] {taskinstance.py:732} INFO - ::endgroup::
[2025-04-16T16:52:29.846+0000] {sql.py:295} INFO - Executing: 
    CREATE TABLE IF NOT EXISTS dim_beer (
        beer_id SERIAL PRIMARY KEY,
        beer_name VARCHAR(255) NOT NULL UNIQUE
    );
    
[2025-04-16T16:52:30.389+0000] {base.py:84} INFO - Retrieving connection 'postgres_conn'
[2025-04-16T16:52:30.480+0000] {base.py:84} INFO - Retrieving connection 'postgres_conn'
[2025-04-16T16:52:30.534+0000] {sql.py:511} INFO - Running statement: 
    CREATE TABLE IF NOT EXISTS dim_beer (
        beer_id SERIAL PRIMARY KEY,
        beer_name VARCHAR(255) NOT NULL UNIQUE
    );
    , parameters: None
[2025-04-16T16:52:30.650+0000] {logging_mixin.py:190} WARNING - /home/***/.local/lib/python3.12/site-packages/***/providers/common/sql/hooks/sql.py:470 DeprecationWarning: Import of fetch_all_handler from the '***.providers.common.sql.hooks' module is deprecated and will
be removed in the future. Please import it from '***.providers.common.sql.hooks.handlers'.
[2025-04-16T16:52:30.666+0000] {logging_mixin.py:190} WARNING - /home/***/.local/lib/python3.12/site-packages/***/providers/common/sql/hooks/sql.py:471 DeprecationWarning: Import of return_single_query_results from the '***.providers.common.sql.hooks' module is deprecated and will
be removed in the future. Please import it from '***.providers.common.sql.hooks.handlers'.
[2025-04-16T16:52:30.673+0000] {logging_mixin.py:190} WARNING - /home/***/.local/lib/python3.12/site-packages/***/providers/common/sql/hooks/sql.py:486 DeprecationWarning: Import of return_single_query_results from the '***.providers.common.sql.hooks' module is deprecated and will
be removed in the future. Please import it from '***.providers.common.sql.hooks.handlers'.
[2025-04-16T16:52:30.686+0000] {logging_mixin.py:190} WARNING - /home/***/.local/lib/python3.12/site-packages/***/providers/common/sql/operators/sql.py:311 DeprecationWarning: Import of return_single_query_results from the '***.providers.common.sql.hooks' module is deprecated and will
be removed in the future. Please import it from '***.providers.common.sql.hooks.handlers'.
[2025-04-16T16:52:30.727+0000] {taskinstance.py:341} INFO - ::group::Post task execution logs
[2025-04-16T16:52:30.732+0000] {taskinstance.py:353} INFO - Marking task as SUCCESS. dag_id=beer_data_processing, task_id=create_dim_beer_table, run_id=manual__2025-04-16T16:51:28.772565+00:00, execution_date=20250416T165128, start_date=20250416T165216, end_date=20250416T165230
[2025-04-16T16:52:30.852+0000] {logging_mixin.py:190} INFO - Task instance in success state
[2025-04-16T16:52:30.856+0000] {logging_mixin.py:190} INFO -  Previous state of the Task instance: running
[2025-04-16T16:52:30.874+0000] {logging_mixin.py:190} INFO - Dag name:beer_data_processing queued_at:2025-04-16 16:51:28.821154+00:00
[2025-04-16T16:52:30.877+0000] {logging_mixin.py:190} INFO - Task hostname:3e53738720c8 operator:SQLExecuteQueryOperator
[2025-04-16T16:52:30.932+0000] {local_task_job_runner.py:266} INFO - Task exited with return code 0
[2025-04-16T16:52:31.212+0000] {taskinstance.py:3901} INFO - 1 downstream tasks scheduled from follow-on schedule check
[2025-04-16T16:52:31.272+0000] {local_task_job_runner.py:245} INFO - ::endgroup::
[2025-04-16T16:52:31.507+0000] {standard_task_runner.py:217} INFO - Process not found (most likely exited), stop collecting metrics
