[2025-04-16T14:09:08.625+0000] {local_task_job_runner.py:123} INFO - ::group::Pre task execution logs
[2025-04-16T14:09:10.710+0000] {taskinstance.py:2614} INFO - Dependencies all met for dep_context=non-requeueable deps ti=<TaskInstance: beer_data_processing.create_dim_brewery_table manual__2025-04-16T14:04:23.930993+00:00 [queued]>
[2025-04-16T14:09:12.553+0000] {taskinstance.py:2614} INFO - Dependencies all met for dep_context=requeueable deps ti=<TaskInstance: beer_data_processing.create_dim_brewery_table manual__2025-04-16T14:04:23.930993+00:00 [queued]>
[2025-04-16T14:09:12.605+0000] {taskinstance.py:2867} INFO - Starting attempt 1 of 6
[2025-04-16T14:09:15.934+0000] {taskinstance.py:2890} INFO - Executing <Task(SQLExecuteQueryOperator): create_dim_brewery_table> on 2025-04-16 14:04:23.930993+00:00
[2025-04-16T14:09:17.394+0000] {standard_task_runner.py:104} INFO - Running: ['***', 'tasks', 'run', 'beer_data_processing', 'create_dim_brewery_table', 'manual__2025-04-16T14:04:23.930993+00:00', '--job-id', '527', '--raw', '--subdir', 'DAGS_FOLDER/beer_data_processing_dag.py', '--cfg-path', '/tmp/tmpgxvrq444']
[2025-04-16T14:09:17.457+0000] {logging_mixin.py:190} WARNING - /home/***/.local/lib/python3.12/site-packages/***/task/task_runner/standard_task_runner.py:70 DeprecationWarning: This process (pid=34812) is multi-threaded, use of fork() may lead to deadlocks in the child.
[2025-04-16T14:09:17.488+0000] {standard_task_runner.py:105} INFO - Job 527: Subtask create_dim_brewery_table
[2025-04-16T14:09:17.501+0000] {standard_task_runner.py:72} INFO - Started process 35190 to run task
[2025-04-16T14:09:40.398+0000] {cli_action_loggers.py:177} WARNING - Failed to log action (psycopg2.OperationalError) could not translate host name "postgres" to address: Temporary failure in name resolution

(Background on this error at: https://sqlalche.me/e/14/e3q8)
[2025-04-16T14:09:48.555+0000] {job.py:229} INFO - Heartbeat recovered after 46.41 seconds
[2025-04-16T14:09:49.203+0000] {task_command.py:467} INFO - Running <TaskInstance: beer_data_processing.create_dim_brewery_table manual__2025-04-16T14:04:23.930993+00:00 [running]> on host 3e53738720c8
[2025-04-16T14:09:50.696+0000] {taskinstance.py:3134} INFO - Exporting env vars: AIRFLOW_CTX_DAG_OWNER='***' AIRFLOW_CTX_DAG_ID='beer_data_processing' AIRFLOW_CTX_TASK_ID='create_dim_brewery_table' AIRFLOW_CTX_EXECUTION_DATE='2025-04-16T14:04:23.930993+00:00' AIRFLOW_CTX_TRY_NUMBER='1' AIRFLOW_CTX_DAG_RUN_ID='manual__2025-04-16T14:04:23.930993+00:00'
[2025-04-16T14:09:50.861+0000] {logging_mixin.py:190} INFO - Task instance is in running state
[2025-04-16T14:09:50.868+0000] {logging_mixin.py:190} INFO -  Previous state of the Task instance: queued
[2025-04-16T14:09:50.873+0000] {logging_mixin.py:190} INFO - Current task name:create_dim_brewery_table state:running start_date:2025-04-16 14:09:10.888307+00:00
[2025-04-16T14:09:50.876+0000] {logging_mixin.py:190} INFO - Dag name:beer_data_processing and current dag run status:running
[2025-04-16T14:09:50.893+0000] {taskinstance.py:732} INFO - ::endgroup::
[2025-04-16T14:09:50.913+0000] {sql.py:295} INFO - Executing: 
    CREATE TABLE IF NOT EXISTS dim_brewery (
        brewery_id SERIAL PRIMARY KEY,
        brewery_name VARCHAR(255) NOT NULL UNIQUE
    );
    
[2025-04-16T14:09:51.049+0000] {base.py:84} INFO - Retrieving connection 'postgres_conn'
[2025-04-16T14:09:51.170+0000] {base.py:84} INFO - Retrieving connection 'postgres_conn'
[2025-04-16T14:09:51.231+0000] {sql.py:511} INFO - Running statement: 
    CREATE TABLE IF NOT EXISTS dim_brewery (
        brewery_id SERIAL PRIMARY KEY,
        brewery_name VARCHAR(255) NOT NULL UNIQUE
    );
    , parameters: None
[2025-04-16T14:09:51.321+0000] {logging_mixin.py:190} WARNING - /home/***/.local/lib/python3.12/site-packages/***/providers/common/sql/hooks/sql.py:470 DeprecationWarning: Import of fetch_all_handler from the '***.providers.common.sql.hooks' module is deprecated and will
be removed in the future. Please import it from '***.providers.common.sql.hooks.handlers'.
[2025-04-16T14:09:51.357+0000] {logging_mixin.py:190} WARNING - /home/***/.local/lib/python3.12/site-packages/***/providers/common/sql/hooks/sql.py:471 DeprecationWarning: Import of return_single_query_results from the '***.providers.common.sql.hooks' module is deprecated and will
be removed in the future. Please import it from '***.providers.common.sql.hooks.handlers'.
[2025-04-16T14:09:51.457+0000] {logging_mixin.py:190} WARNING - /home/***/.local/lib/python3.12/site-packages/***/providers/common/sql/hooks/sql.py:486 DeprecationWarning: Import of return_single_query_results from the '***.providers.common.sql.hooks' module is deprecated and will
be removed in the future. Please import it from '***.providers.common.sql.hooks.handlers'.
[2025-04-16T14:09:51.466+0000] {logging_mixin.py:190} WARNING - /home/***/.local/lib/python3.12/site-packages/***/providers/common/sql/operators/sql.py:311 DeprecationWarning: Import of return_single_query_results from the '***.providers.common.sql.hooks' module is deprecated and will
be removed in the future. Please import it from '***.providers.common.sql.hooks.handlers'.
[2025-04-16T14:09:51.513+0000] {taskinstance.py:341} INFO - ::group::Post task execution logs
[2025-04-16T14:09:51.515+0000] {taskinstance.py:353} INFO - Marking task as SUCCESS. dag_id=beer_data_processing, task_id=create_dim_brewery_table, run_id=manual__2025-04-16T14:04:23.930993+00:00, execution_date=20250416T140423, start_date=20250416T140910, end_date=20250416T140951
[2025-04-16T14:09:51.690+0000] {logging_mixin.py:190} INFO - Task instance in success state
[2025-04-16T14:09:51.697+0000] {logging_mixin.py:190} INFO -  Previous state of the Task instance: running
[2025-04-16T14:09:51.698+0000] {logging_mixin.py:190} INFO - Dag name:beer_data_processing queued_at:2025-04-16 14:04:24.139195+00:00
[2025-04-16T14:09:51.700+0000] {logging_mixin.py:190} INFO - Task hostname:3e53738720c8 operator:SQLExecuteQueryOperator
[2025-04-16T14:09:51.802+0000] {local_task_job_runner.py:266} INFO - Task exited with return code 0
[2025-04-16T14:09:52.072+0000] {local_task_job_runner.py:245} INFO - ::endgroup::
