[2025-04-16T17:02:46.102+0000] {local_task_job_runner.py:123} INFO - ::group::Pre task execution logs
[2025-04-16T17:02:46.201+0000] {taskinstance.py:2614} INFO - Dependencies all met for dep_context=non-requeueable deps ti=<TaskInstance: beer_data_processing.create_dim_brewery_table scheduled__2025-04-16T16:00:00+00:00 [queued]>
[2025-04-16T17:02:46.248+0000] {taskinstance.py:2614} INFO - Dependencies all met for dep_context=requeueable deps ti=<TaskInstance: beer_data_processing.create_dim_brewery_table scheduled__2025-04-16T16:00:00+00:00 [queued]>
[2025-04-16T17:02:46.250+0000] {taskinstance.py:2867} INFO - Starting attempt 2 of 6
[2025-04-16T17:02:46.334+0000] {taskinstance.py:2890} INFO - Executing <Task(SQLExecuteQueryOperator): create_dim_brewery_table> on 2025-04-16 16:00:00+00:00
[2025-04-16T17:02:46.398+0000] {standard_task_runner.py:104} INFO - Running: ['***', 'tasks', 'run', 'beer_data_processing', 'create_dim_brewery_table', 'scheduled__2025-04-16T16:00:00+00:00', '--job-id', '709', '--raw', '--subdir', 'DAGS_FOLDER/beer_data_processing_dag.py', '--cfg-path', '/tmp/tmpaoyd7b5r']
[2025-04-16T17:02:46.430+0000] {standard_task_runner.py:105} INFO - Job 709: Subtask create_dim_brewery_table
[2025-04-16T17:02:46.456+0000] {logging_mixin.py:190} WARNING - /home/***/.local/lib/python3.12/site-packages/***/task/task_runner/standard_task_runner.py:70 DeprecationWarning: This process (pid=11848) is multi-threaded, use of fork() may lead to deadlocks in the child.
[2025-04-16T17:02:46.463+0000] {standard_task_runner.py:72} INFO - Started process 11990 to run task
[2025-04-16T17:02:46.784+0000] {task_command.py:467} INFO - Running <TaskInstance: beer_data_processing.create_dim_brewery_table scheduled__2025-04-16T16:00:00+00:00 [running]> on host 3e53738720c8
[2025-04-16T17:02:47.327+0000] {taskinstance.py:3134} INFO - Exporting env vars: AIRFLOW_CTX_DAG_OWNER='***' AIRFLOW_CTX_DAG_ID='beer_data_processing' AIRFLOW_CTX_TASK_ID='create_dim_brewery_table' AIRFLOW_CTX_EXECUTION_DATE='2025-04-16T16:00:00+00:00' AIRFLOW_CTX_TRY_NUMBER='2' AIRFLOW_CTX_DAG_RUN_ID='scheduled__2025-04-16T16:00:00+00:00'
[2025-04-16T17:02:47.334+0000] {logging_mixin.py:190} INFO - Task instance is in running state
[2025-04-16T17:02:47.335+0000] {logging_mixin.py:190} INFO -  Previous state of the Task instance: queued
[2025-04-16T17:02:47.337+0000] {logging_mixin.py:190} INFO - Current task name:create_dim_brewery_table state:running start_date:2025-04-16 17:02:46.205047+00:00
[2025-04-16T17:02:47.338+0000] {logging_mixin.py:190} INFO - Dag name:beer_data_processing and current dag run status:running
[2025-04-16T17:02:47.340+0000] {taskinstance.py:732} INFO - ::endgroup::
[2025-04-16T17:02:47.341+0000] {sql.py:295} INFO - Executing: 
    CREATE TABLE IF NOT EXISTS dim_brewery (
        brewery_id SERIAL PRIMARY KEY,
        brewery_name VARCHAR(255) NOT NULL UNIQUE
    );
    
[2025-04-16T17:02:47.379+0000] {base.py:84} INFO - Retrieving connection 'postgres_conn'
[2025-04-16T17:02:47.432+0000] {base.py:84} INFO - Retrieving connection 'postgres_conn'
[2025-04-16T17:02:47.445+0000] {sql.py:511} INFO - Running statement: 
    CREATE TABLE IF NOT EXISTS dim_brewery (
        brewery_id SERIAL PRIMARY KEY,
        brewery_name VARCHAR(255) NOT NULL UNIQUE
    );
    , parameters: None
[2025-04-16T17:02:47.484+0000] {logging_mixin.py:190} WARNING - /home/***/.local/lib/python3.12/site-packages/***/providers/common/sql/hooks/sql.py:470 DeprecationWarning: Import of fetch_all_handler from the '***.providers.common.sql.hooks' module is deprecated and will
be removed in the future. Please import it from '***.providers.common.sql.hooks.handlers'.
[2025-04-16T17:02:47.518+0000] {logging_mixin.py:190} WARNING - /home/***/.local/lib/python3.12/site-packages/***/providers/common/sql/hooks/sql.py:471 DeprecationWarning: Import of return_single_query_results from the '***.providers.common.sql.hooks' module is deprecated and will
be removed in the future. Please import it from '***.providers.common.sql.hooks.handlers'.
[2025-04-16T17:02:47.523+0000] {logging_mixin.py:190} WARNING - /home/***/.local/lib/python3.12/site-packages/***/providers/common/sql/hooks/sql.py:486 DeprecationWarning: Import of return_single_query_results from the '***.providers.common.sql.hooks' module is deprecated and will
be removed in the future. Please import it from '***.providers.common.sql.hooks.handlers'.
[2025-04-16T17:02:47.532+0000] {logging_mixin.py:190} WARNING - /home/***/.local/lib/python3.12/site-packages/***/providers/common/sql/operators/sql.py:311 DeprecationWarning: Import of return_single_query_results from the '***.providers.common.sql.hooks' module is deprecated and will
be removed in the future. Please import it from '***.providers.common.sql.hooks.handlers'.
[2025-04-16T17:02:47.567+0000] {taskinstance.py:341} INFO - ::group::Post task execution logs
[2025-04-16T17:02:47.569+0000] {taskinstance.py:353} INFO - Marking task as SUCCESS. dag_id=beer_data_processing, task_id=create_dim_brewery_table, run_id=scheduled__2025-04-16T16:00:00+00:00, execution_date=20250416T160000, start_date=20250416T170246, end_date=20250416T170247
[2025-04-16T17:02:47.638+0000] {logging_mixin.py:190} INFO - Task instance in success state
[2025-04-16T17:02:47.640+0000] {logging_mixin.py:190} INFO -  Previous state of the Task instance: running
[2025-04-16T17:02:47.642+0000] {logging_mixin.py:190} INFO - Dag name:beer_data_processing queued_at:2025-04-16 17:00:00.441202+00:00
[2025-04-16T17:02:47.644+0000] {logging_mixin.py:190} INFO - Task hostname:3e53738720c8 operator:SQLExecuteQueryOperator
[2025-04-16T17:02:47.710+0000] {local_task_job_runner.py:266} INFO - Task exited with return code 0
[2025-04-16T17:02:47.852+0000] {taskinstance.py:3901} INFO - 1 downstream tasks scheduled from follow-on schedule check
[2025-04-16T17:02:47.859+0000] {local_task_job_runner.py:245} INFO - ::endgroup::
