[2025-04-10T10:20:49.763+0000] {local_task_job_runner.py:123} INFO - ::group::Pre task execution logs
[2025-04-10T10:20:49.840+0000] {taskinstance.py:2614} INFO - Dependencies all met for dep_context=non-requeueable deps ti=<TaskInstance: beer_data_processing.create_fact_table manual__2025-04-10T10:19:48.606689+00:00 [queued]>
[2025-04-10T10:20:49.885+0000] {taskinstance.py:2614} INFO - Dependencies all met for dep_context=requeueable deps ti=<TaskInstance: beer_data_processing.create_fact_table manual__2025-04-10T10:19:48.606689+00:00 [queued]>
[2025-04-10T10:20:49.888+0000] {taskinstance.py:2867} INFO - Starting attempt 1 of 6
[2025-04-10T10:20:49.936+0000] {taskinstance.py:2890} INFO - Executing <Task(PythonOperator): create_fact_table> on 2025-04-10 10:19:48.606689+00:00
[2025-04-10T10:20:49.966+0000] {standard_task_runner.py:104} INFO - Running: ['***', 'tasks', 'run', 'beer_data_processing', 'create_fact_table', 'manual__2025-04-10T10:19:48.606689+00:00', '--job-id', '217', '--raw', '--subdir', 'DAGS_FOLDER/beer_data_processing_dag.py', '--cfg-path', '/tmp/tmp18w97a7k']
[2025-04-10T10:20:49.967+0000] {logging_mixin.py:190} WARNING - /home/***/.local/lib/python3.12/site-packages/***/task/task_runner/standard_task_runner.py:70 DeprecationWarning: This process (pid=32880) is multi-threaded, use of fork() may lead to deadlocks in the child.
[2025-04-10T10:20:49.978+0000] {standard_task_runner.py:105} INFO - Job 217: Subtask create_fact_table
[2025-04-10T10:20:49.980+0000] {standard_task_runner.py:72} INFO - Started process 32969 to run task
[2025-04-10T10:20:50.139+0000] {task_command.py:467} INFO - Running <TaskInstance: beer_data_processing.create_fact_table manual__2025-04-10T10:19:48.606689+00:00 [running]> on host abcc0ba2292b
[2025-04-10T10:20:50.431+0000] {taskinstance.py:3134} INFO - Exporting env vars: AIRFLOW_CTX_DAG_OWNER='***' AIRFLOW_CTX_DAG_ID='beer_data_processing' AIRFLOW_CTX_TASK_ID='create_fact_table' AIRFLOW_CTX_EXECUTION_DATE='2025-04-10T10:19:48.606689+00:00' AIRFLOW_CTX_TRY_NUMBER='1' AIRFLOW_CTX_DAG_RUN_ID='manual__2025-04-10T10:19:48.606689+00:00'
[2025-04-10T10:20:50.436+0000] {logging_mixin.py:190} INFO - Task instance is in running state
[2025-04-10T10:20:50.439+0000] {logging_mixin.py:190} INFO -  Previous state of the Task instance: queued
[2025-04-10T10:20:50.441+0000] {logging_mixin.py:190} INFO - Current task name:create_fact_table state:running start_date:2025-04-10 10:20:49.846986+00:00
[2025-04-10T10:20:50.442+0000] {logging_mixin.py:190} INFO - Dag name:beer_data_processing and current dag run status:running
[2025-04-10T10:20:50.444+0000] {taskinstance.py:732} INFO - ::endgroup::
[2025-04-10T10:20:50.569+0000] {logging_mixin.py:190} WARNING - /opt/***/dags/beer_data_processing_dag.py:190 FutureWarning: Passing literal json to 'read_json' is deprecated and will be removed in a future version. To read from a literal string, wrap it in a 'StringIO' object.
[2025-04-10T10:20:50.886+0000] {base.py:84} INFO - Retrieving connection 'postgres_conn'
[2025-04-10T10:20:56.228+0000] {logging_mixin.py:190} INFO - Створено факт-таблицю з 3197 записами
[2025-04-10T10:20:56.232+0000] {python.py:240} INFO - Done. Returned value was: True
[2025-04-10T10:20:56.290+0000] {taskinstance.py:341} INFO - ::group::Post task execution logs
[2025-04-10T10:20:56.292+0000] {taskinstance.py:353} INFO - Marking task as SUCCESS. dag_id=beer_data_processing, task_id=create_fact_table, run_id=manual__2025-04-10T10:19:48.606689+00:00, execution_date=20250410T101948, start_date=20250410T102049, end_date=20250410T102056
[2025-04-10T10:20:56.344+0000] {logging_mixin.py:190} INFO - Task instance in success state
[2025-04-10T10:20:56.351+0000] {logging_mixin.py:190} INFO -  Previous state of the Task instance: running
[2025-04-10T10:20:56.353+0000] {logging_mixin.py:190} INFO - Dag name:beer_data_processing queued_at:2025-04-10 10:19:49.953385+00:00
[2025-04-10T10:20:56.354+0000] {logging_mixin.py:190} INFO - Task hostname:abcc0ba2292b operator:PythonOperator
[2025-04-10T10:20:56.406+0000] {local_task_job_runner.py:266} INFO - Task exited with return code 0
[2025-04-10T10:20:56.443+0000] {taskinstance.py:3901} INFO - 0 downstream tasks scheduled from follow-on schedule check
[2025-04-10T10:20:56.448+0000] {local_task_job_runner.py:245} INFO - ::endgroup::
