[2025-04-16T21:00:43.346+0000] {local_task_job_runner.py:123} INFO - ::group::Pre task execution logs
[2025-04-16T21:00:43.507+0000] {taskinstance.py:2614} INFO - Dependencies all met for dep_context=non-requeueable deps ti=<TaskInstance: beer_data_processing.process_proportions scheduled__2025-04-16T20:00:00+00:00 [queued]>
[2025-04-16T21:00:43.580+0000] {taskinstance.py:2614} INFO - Dependencies all met for dep_context=requeueable deps ti=<TaskInstance: beer_data_processing.process_proportions scheduled__2025-04-16T20:00:00+00:00 [queued]>
[2025-04-16T21:00:43.587+0000] {taskinstance.py:2867} INFO - Starting attempt 1 of 6
[2025-04-16T21:00:43.806+0000] {taskinstance.py:2890} INFO - Executing <Task(PythonOperator): process_proportions> on 2025-04-16 20:00:00+00:00
[2025-04-16T21:00:44.045+0000] {logging_mixin.py:190} WARNING - /home/***/.local/lib/python3.12/site-packages/***/task/task_runner/standard_task_runner.py:70 DeprecationWarning: This process (pid=53987) is multi-threaded, use of fork() may lead to deadlocks in the child.
[2025-04-16T21:00:44.077+0000] {standard_task_runner.py:72} INFO - Started process 54138 to run task
[2025-04-16T21:00:44.068+0000] {standard_task_runner.py:104} INFO - Running: ['***', 'tasks', 'run', 'beer_data_processing', 'process_proportions', 'scheduled__2025-04-16T20:00:00+00:00', '--job-id', '772', '--raw', '--subdir', 'DAGS_FOLDER/beer_data_processing_dag.py', '--cfg-path', '/tmp/tmpwbeonyyp']
[2025-04-16T21:00:44.148+0000] {standard_task_runner.py:105} INFO - Job 772: Subtask process_proportions
[2025-04-16T21:00:44.765+0000] {task_command.py:467} INFO - Running <TaskInstance: beer_data_processing.process_proportions scheduled__2025-04-16T20:00:00+00:00 [running]> on host 3e53738720c8
[2025-04-16T21:00:46.260+0000] {taskinstance.py:3134} INFO - Exporting env vars: AIRFLOW_CTX_DAG_OWNER='***' AIRFLOW_CTX_DAG_ID='beer_data_processing' AIRFLOW_CTX_TASK_ID='process_proportions' AIRFLOW_CTX_EXECUTION_DATE='2025-04-16T20:00:00+00:00' AIRFLOW_CTX_TRY_NUMBER='1' AIRFLOW_CTX_DAG_RUN_ID='scheduled__2025-04-16T20:00:00+00:00'
[2025-04-16T21:00:46.272+0000] {logging_mixin.py:190} INFO - Task instance is in running state
[2025-04-16T21:00:46.280+0000] {logging_mixin.py:190} INFO -  Previous state of the Task instance: queued
[2025-04-16T21:00:46.285+0000] {logging_mixin.py:190} INFO - Current task name:process_proportions state:running start_date:2025-04-16 21:00:43.509166+00:00
[2025-04-16T21:00:46.290+0000] {logging_mixin.py:190} INFO - Dag name:beer_data_processing and current dag run status:running
[2025-04-16T21:00:46.297+0000] {taskinstance.py:732} INFO - ::endgroup::
[2025-04-16T21:00:47.697+0000] {python.py:240} INFO - Done. Returned value was: True
[2025-04-16T21:00:47.862+0000] {taskinstance.py:341} INFO - ::group::Post task execution logs
[2025-04-16T21:00:47.888+0000] {taskinstance.py:353} INFO - Marking task as SUCCESS. dag_id=beer_data_processing, task_id=process_proportions, run_id=scheduled__2025-04-16T20:00:00+00:00, execution_date=20250416T200000, start_date=20250416T210043, end_date=20250416T210047
[2025-04-16T21:00:48.160+0000] {logging_mixin.py:190} INFO - Task instance in success state
[2025-04-16T21:00:48.169+0000] {logging_mixin.py:190} INFO -  Previous state of the Task instance: running
[2025-04-16T21:00:48.174+0000] {logging_mixin.py:190} INFO - Dag name:beer_data_processing queued_at:2025-04-16 21:00:00.188398+00:00
[2025-04-16T21:00:48.190+0000] {logging_mixin.py:190} INFO - Task hostname:3e53738720c8 operator:PythonOperator
[2025-04-16T21:00:48.318+0000] {local_task_job_runner.py:266} INFO - Task exited with return code 0
[2025-04-16T21:00:48.473+0000] {taskinstance.py:3901} INFO - 0 downstream tasks scheduled from follow-on schedule check
[2025-04-16T21:00:48.478+0000] {local_task_job_runner.py:245} INFO - ::endgroup::
