[2025-04-16T17:14:14.520+0000] {local_task_job_runner.py:123} INFO - ::group::Pre task execution logs
[2025-04-16T17:14:14.606+0000] {taskinstance.py:2614} INFO - Dependencies all met for dep_context=non-requeueable deps ti=<TaskInstance: beer_data_processing.process_robust_scaler manual__2025-04-16T17:13:05.190480+00:00 [queued]>
[2025-04-16T17:14:14.641+0000] {taskinstance.py:2614} INFO - Dependencies all met for dep_context=requeueable deps ti=<TaskInstance: beer_data_processing.process_robust_scaler manual__2025-04-16T17:13:05.190480+00:00 [queued]>
[2025-04-16T17:14:14.643+0000] {taskinstance.py:2867} INFO - Starting attempt 1 of 6
[2025-04-16T17:14:14.731+0000] {taskinstance.py:2890} INFO - Executing <Task(PythonOperator): process_robust_scaler> on 2025-04-16 17:13:05.190480+00:00
[2025-04-16T17:14:14.777+0000] {logging_mixin.py:190} WARNING - /home/***/.local/lib/python3.12/site-packages/***/task/task_runner/standard_task_runner.py:70 DeprecationWarning: This process (pid=18364) is multi-threaded, use of fork() may lead to deadlocks in the child.
[2025-04-16T17:14:14.778+0000] {standard_task_runner.py:104} INFO - Running: ['***', 'tasks', 'run', 'beer_data_processing', 'process_robust_scaler', 'manual__2025-04-16T17:13:05.190480+00:00', '--job-id', '726', '--raw', '--subdir', 'DAGS_FOLDER/beer_data_processing_dag.py', '--cfg-path', '/tmp/tmpbkt3blcv']
[2025-04-16T17:14:14.791+0000] {standard_task_runner.py:105} INFO - Job 726: Subtask process_robust_scaler
[2025-04-16T17:14:14.791+0000] {standard_task_runner.py:72} INFO - Started process 18568 to run task
[2025-04-16T17:14:15.294+0000] {task_command.py:467} INFO - Running <TaskInstance: beer_data_processing.process_robust_scaler manual__2025-04-16T17:13:05.190480+00:00 [running]> on host 3e53738720c8
[2025-04-16T17:14:15.697+0000] {taskinstance.py:3134} INFO - Exporting env vars: AIRFLOW_CTX_DAG_OWNER='***' AIRFLOW_CTX_DAG_ID='beer_data_processing' AIRFLOW_CTX_TASK_ID='process_robust_scaler' AIRFLOW_CTX_EXECUTION_DATE='2025-04-16T17:13:05.190480+00:00' AIRFLOW_CTX_TRY_NUMBER='1' AIRFLOW_CTX_DAG_RUN_ID='manual__2025-04-16T17:13:05.190480+00:00'
[2025-04-16T17:14:15.711+0000] {logging_mixin.py:190} INFO - Task instance is in running state
[2025-04-16T17:14:15.743+0000] {logging_mixin.py:190} INFO -  Previous state of the Task instance: queued
[2025-04-16T17:14:15.759+0000] {logging_mixin.py:190} INFO - Current task name:process_robust_scaler state:running start_date:2025-04-16 17:14:14.608256+00:00
[2025-04-16T17:14:15.765+0000] {logging_mixin.py:190} INFO - Dag name:beer_data_processing and current dag run status:running
[2025-04-16T17:14:15.779+0000] {taskinstance.py:732} INFO - ::endgroup::
[2025-04-16T17:14:16.904+0000] {python.py:240} INFO - Done. Returned value was: True
[2025-04-16T17:14:17.022+0000] {taskinstance.py:341} INFO - ::group::Post task execution logs
[2025-04-16T17:14:17.025+0000] {taskinstance.py:353} INFO - Marking task as SUCCESS. dag_id=beer_data_processing, task_id=process_robust_scaler, run_id=manual__2025-04-16T17:13:05.190480+00:00, execution_date=20250416T171305, start_date=20250416T171414, end_date=20250416T171417
[2025-04-16T17:14:17.153+0000] {logging_mixin.py:190} INFO - Task instance in success state
[2025-04-16T17:14:17.159+0000] {logging_mixin.py:190} INFO -  Previous state of the Task instance: running
[2025-04-16T17:14:17.161+0000] {logging_mixin.py:190} INFO - Dag name:beer_data_processing queued_at:2025-04-16 17:13:05.395315+00:00
[2025-04-16T17:14:17.163+0000] {logging_mixin.py:190} INFO - Task hostname:3e53738720c8 operator:PythonOperator
[2025-04-16T17:14:17.239+0000] {local_task_job_runner.py:266} INFO - Task exited with return code 0
[2025-04-16T17:14:17.292+0000] {local_task_job_runner.py:245} INFO - ::endgroup::
