[2025-04-10T10:10:25.414+0000] {local_task_job_runner.py:123} INFO - ::group::Pre task execution logs
[2025-04-10T10:10:25.482+0000] {taskinstance.py:2614} INFO - Dependencies all met for dep_context=non-requeueable deps ti=<TaskInstance: beer_data_processing.load_and_process_data manual__2025-04-10T10:09:57.158680+00:00 [queued]>
[2025-04-10T10:10:25.515+0000] {taskinstance.py:2614} INFO - Dependencies all met for dep_context=requeueable deps ti=<TaskInstance: beer_data_processing.load_and_process_data manual__2025-04-10T10:09:57.158680+00:00 [queued]>
[2025-04-10T10:10:25.519+0000] {taskinstance.py:2867} INFO - Starting attempt 1 of 6
[2025-04-10T10:10:25.568+0000] {taskinstance.py:2890} INFO - Executing <Task(PythonOperator): load_and_process_data> on 2025-04-10 10:09:57.158680+00:00
[2025-04-10T10:10:25.600+0000] {standard_task_runner.py:104} INFO - Running: ['***', 'tasks', 'run', 'beer_data_processing', 'load_and_process_data', 'manual__2025-04-10T10:09:57.158680+00:00', '--job-id', '206', '--raw', '--subdir', 'DAGS_FOLDER/beer_data_processing_dag.py', '--cfg-path', '/tmp/tmp6azuk6lc']
[2025-04-10T10:10:25.603+0000] {logging_mixin.py:190} WARNING - /home/***/.local/lib/python3.12/site-packages/***/task/task_runner/standard_task_runner.py:70 DeprecationWarning: This process (pid=29477) is multi-threaded, use of fork() may lead to deadlocks in the child.
[2025-04-10T10:10:25.604+0000] {standard_task_runner.py:105} INFO - Job 206: Subtask load_and_process_data
[2025-04-10T10:10:25.605+0000] {standard_task_runner.py:72} INFO - Started process 29528 to run task
[2025-04-10T10:10:25.730+0000] {task_command.py:467} INFO - Running <TaskInstance: beer_data_processing.load_and_process_data manual__2025-04-10T10:09:57.158680+00:00 [running]> on host abcc0ba2292b
[2025-04-10T10:10:26.040+0000] {taskinstance.py:3134} INFO - Exporting env vars: AIRFLOW_CTX_DAG_OWNER='***' AIRFLOW_CTX_DAG_ID='beer_data_processing' AIRFLOW_CTX_TASK_ID='load_and_process_data' AIRFLOW_CTX_EXECUTION_DATE='2025-04-10T10:09:57.158680+00:00' AIRFLOW_CTX_TRY_NUMBER='1' AIRFLOW_CTX_DAG_RUN_ID='manual__2025-04-10T10:09:57.158680+00:00'
[2025-04-10T10:10:26.044+0000] {logging_mixin.py:190} INFO - Task instance is in running state
[2025-04-10T10:10:26.046+0000] {logging_mixin.py:190} INFO -  Previous state of the Task instance: queued
[2025-04-10T10:10:26.048+0000] {logging_mixin.py:190} INFO - Current task name:load_and_process_data state:running start_date:2025-04-10 10:10:25.484461+00:00
[2025-04-10T10:10:26.049+0000] {logging_mixin.py:190} INFO - Dag name:beer_data_processing and current dag run status:running
[2025-04-10T10:10:26.051+0000] {taskinstance.py:732} INFO - ::endgroup::
[2025-04-10T10:10:27.043+0000] {logging_mixin.py:190} INFO - Завантажено та оброблено 3197 записів з CSV файлу
[2025-04-10T10:10:27.047+0000] {python.py:240} INFO - Done. Returned value was: True
[2025-04-10T10:10:27.114+0000] {taskinstance.py:341} INFO - ::group::Post task execution logs
[2025-04-10T10:10:27.116+0000] {taskinstance.py:353} INFO - Marking task as SUCCESS. dag_id=beer_data_processing, task_id=load_and_process_data, run_id=manual__2025-04-10T10:09:57.158680+00:00, execution_date=20250410T100957, start_date=20250410T101025, end_date=20250410T101027
[2025-04-10T10:10:27.203+0000] {logging_mixin.py:190} INFO - Task instance in success state
[2025-04-10T10:10:27.206+0000] {logging_mixin.py:190} INFO -  Previous state of the Task instance: running
[2025-04-10T10:10:27.208+0000] {logging_mixin.py:190} INFO - Dag name:beer_data_processing queued_at:2025-04-10 10:09:57.474780+00:00
[2025-04-10T10:10:27.209+0000] {logging_mixin.py:190} INFO - Task hostname:abcc0ba2292b operator:PythonOperator
[2025-04-10T10:10:27.284+0000] {local_task_job_runner.py:266} INFO - Task exited with return code 0
[2025-04-10T10:10:27.315+0000] {local_task_job_runner.py:245} INFO - ::endgroup::
