[2025-04-17T12:09:46.863+0000] {local_task_job_runner.py:123} INFO - ::group::Pre task execution logs
[2025-04-17T12:09:47.060+0000] {taskinstance.py:2614} INFO - Dependencies all met for dep_context=non-requeueable deps ti=<TaskInstance: beer_data_processing.load_data scheduled__2025-04-17T04:00:00+00:00 [queued]>
[2025-04-17T12:09:47.119+0000] {taskinstance.py:2614} INFO - Dependencies all met for dep_context=requeueable deps ti=<TaskInstance: beer_data_processing.load_data scheduled__2025-04-17T04:00:00+00:00 [queued]>
[2025-04-17T12:09:47.141+0000] {taskinstance.py:2867} INFO - Starting attempt 2 of 6
[2025-04-17T12:09:47.410+0000] {taskinstance.py:2890} INFO - Executing <Task(PythonOperator): load_data> on 2025-04-17 04:00:00+00:00
[2025-04-17T12:09:47.627+0000] {logging_mixin.py:190} WARNING - /home/***/.local/lib/python3.12/site-packages/***/task/task_runner/standard_task_runner.py:70 DeprecationWarning: This process (pid=292) is multi-threaded, use of fork() may lead to deadlocks in the child.
[2025-04-17T12:09:47.636+0000] {standard_task_runner.py:72} INFO - Started process 489 to run task
[2025-04-17T12:09:47.665+0000] {standard_task_runner.py:104} INFO - Running: ['***', 'tasks', 'run', 'beer_data_processing', 'load_data', 'scheduled__2025-04-17T04:00:00+00:00', '--job-id', '911', '--raw', '--subdir', 'DAGS_FOLDER/beer_data_processing_dag.py', '--cfg-path', '/tmp/tmpk1fyfd4q']
[2025-04-17T12:09:47.682+0000] {standard_task_runner.py:105} INFO - Job 911: Subtask load_data
[2025-04-17T12:09:48.155+0000] {task_command.py:467} INFO - Running <TaskInstance: beer_data_processing.load_data scheduled__2025-04-17T04:00:00+00:00 [running]> on host a0d0456bae2c
[2025-04-17T12:09:48.923+0000] {taskinstance.py:3134} INFO - Exporting env vars: AIRFLOW_CTX_DAG_OWNER='***' AIRFLOW_CTX_DAG_ID='beer_data_processing' AIRFLOW_CTX_TASK_ID='load_data' AIRFLOW_CTX_EXECUTION_DATE='2025-04-17T04:00:00+00:00' AIRFLOW_CTX_TRY_NUMBER='2' AIRFLOW_CTX_DAG_RUN_ID='scheduled__2025-04-17T04:00:00+00:00'
[2025-04-17T12:09:48.985+0000] {logging_mixin.py:190} INFO - Task instance is in running state
[2025-04-17T12:09:48.988+0000] {logging_mixin.py:190} INFO -  Previous state of the Task instance: queued
[2025-04-17T12:09:48.992+0000] {logging_mixin.py:190} INFO - Current task name:load_data state:running start_date:2025-04-17 12:09:47.065031+00:00
[2025-04-17T12:09:48.995+0000] {logging_mixin.py:190} INFO - Dag name:beer_data_processing and current dag run status:running
[2025-04-17T12:09:49.000+0000] {taskinstance.py:732} INFO - ::endgroup::
[2025-04-17T12:09:59.988+0000] {logging_mixin.py:190} INFO - Завантажено 3197 записів з CSV файлу
[2025-04-17T12:10:00.055+0000] {python.py:240} INFO - Done. Returned value was: True
[2025-04-17T12:10:00.987+0000] {taskinstance.py:341} INFO - ::group::Post task execution logs
[2025-04-17T12:10:00.996+0000] {taskinstance.py:353} INFO - Marking task as SUCCESS. dag_id=beer_data_processing, task_id=load_data, run_id=scheduled__2025-04-17T04:00:00+00:00, execution_date=20250417T040000, start_date=20250417T120947, end_date=20250417T121000
[2025-04-17T12:10:26.467+0000] {logging_mixin.py:190} INFO - Task instance in success state
[2025-04-17T12:10:26.488+0000] {logging_mixin.py:190} INFO -  Previous state of the Task instance: running
[2025-04-17T12:10:26.494+0000] {logging_mixin.py:190} INFO - Dag name:beer_data_processing queued_at:2025-04-17 11:36:09.219510+00:00
[2025-04-17T12:10:26.497+0000] {logging_mixin.py:190} INFO - Task hostname:a0d0456bae2c operator:PythonOperator
[2025-04-17T12:10:26.781+0000] {local_task_job_runner.py:266} INFO - Task exited with return code 0
[2025-04-17T12:10:27.603+0000] {standard_task_runner.py:217} INFO - Process not found (most likely exited), stop collecting metrics
[2025-04-17T12:10:27.714+0000] {taskinstance.py:3901} INFO - 3 downstream tasks scheduled from follow-on schedule check
[2025-04-17T12:10:27.749+0000] {local_task_job_runner.py:245} INFO - ::endgroup::
