[2025-04-16T18:00:14.595+0000] {local_task_job_runner.py:123} INFO - ::group::Pre task execution logs
[2025-04-16T18:00:14.674+0000] {taskinstance.py:2614} INFO - Dependencies all met for dep_context=non-requeueable deps ti=<TaskInstance: beer_data_processing.load_and_process_data scheduled__2025-04-16T17:00:00+00:00 [queued]>
[2025-04-16T18:00:14.704+0000] {taskinstance.py:2614} INFO - Dependencies all met for dep_context=requeueable deps ti=<TaskInstance: beer_data_processing.load_and_process_data scheduled__2025-04-16T17:00:00+00:00 [queued]>
[2025-04-16T18:00:14.705+0000] {taskinstance.py:2867} INFO - Starting attempt 1 of 6
[2025-04-16T18:00:14.733+0000] {taskinstance.py:2890} INFO - Executing <Task(PythonOperator): load_and_process_data> on 2025-04-16 17:00:00+00:00
[2025-04-16T18:00:14.760+0000] {standard_task_runner.py:104} INFO - Running: ['***', 'tasks', 'run', 'beer_data_processing', 'load_and_process_data', 'scheduled__2025-04-16T17:00:00+00:00', '--job-id', '732', '--raw', '--subdir', 'DAGS_FOLDER/beer_data_processing_dag.py', '--cfg-path', '/tmp/tmp4p6wqcz2']
[2025-04-16T18:00:14.763+0000] {standard_task_runner.py:105} INFO - Job 732: Subtask load_and_process_data
[2025-04-16T18:00:14.765+0000] {logging_mixin.py:190} WARNING - /home/***/.local/lib/python3.12/site-packages/***/task/task_runner/standard_task_runner.py:70 DeprecationWarning: This process (pid=45849) is multi-threaded, use of fork() may lead to deadlocks in the child.
[2025-04-16T18:00:14.767+0000] {standard_task_runner.py:72} INFO - Started process 45891 to run task
[2025-04-16T18:00:14.877+0000] {task_command.py:467} INFO - Running <TaskInstance: beer_data_processing.load_and_process_data scheduled__2025-04-16T17:00:00+00:00 [running]> on host 3e53738720c8
[2025-04-16T18:00:15.060+0000] {taskinstance.py:3134} INFO - Exporting env vars: AIRFLOW_CTX_DAG_OWNER='***' AIRFLOW_CTX_DAG_ID='beer_data_processing' AIRFLOW_CTX_TASK_ID='load_and_process_data' AIRFLOW_CTX_EXECUTION_DATE='2025-04-16T17:00:00+00:00' AIRFLOW_CTX_TRY_NUMBER='1' AIRFLOW_CTX_DAG_RUN_ID='scheduled__2025-04-16T17:00:00+00:00'
[2025-04-16T18:00:15.065+0000] {logging_mixin.py:190} INFO - Task instance is in running state
[2025-04-16T18:00:15.066+0000] {logging_mixin.py:190} INFO -  Previous state of the Task instance: queued
[2025-04-16T18:00:15.067+0000] {logging_mixin.py:190} INFO - Current task name:load_and_process_data state:running start_date:2025-04-16 18:00:14.675934+00:00
[2025-04-16T18:00:15.068+0000] {logging_mixin.py:190} INFO - Dag name:beer_data_processing and current dag run status:running
[2025-04-16T18:00:15.069+0000] {taskinstance.py:732} INFO - ::endgroup::
[2025-04-16T18:00:15.470+0000] {logging_mixin.py:190} INFO - Завантажено 3197 записів з CSV файлу
[2025-04-16T18:00:15.473+0000] {python.py:240} INFO - Done. Returned value was: True
[2025-04-16T18:00:15.516+0000] {taskinstance.py:341} INFO - ::group::Post task execution logs
[2025-04-16T18:00:15.518+0000] {taskinstance.py:353} INFO - Marking task as SUCCESS. dag_id=beer_data_processing, task_id=load_and_process_data, run_id=scheduled__2025-04-16T17:00:00+00:00, execution_date=20250416T170000, start_date=20250416T180014, end_date=20250416T180015
[2025-04-16T18:00:15.554+0000] {logging_mixin.py:190} INFO - Task instance in success state
[2025-04-16T18:00:15.555+0000] {logging_mixin.py:190} INFO -  Previous state of the Task instance: running
[2025-04-16T18:00:15.556+0000] {logging_mixin.py:190} INFO - Dag name:beer_data_processing queued_at:2025-04-16 18:00:01.401510+00:00
[2025-04-16T18:00:15.557+0000] {logging_mixin.py:190} INFO - Task hostname:3e53738720c8 operator:PythonOperator
[2025-04-16T18:00:15.591+0000] {local_task_job_runner.py:266} INFO - Task exited with return code 0
[2025-04-16T18:00:15.676+0000] {taskinstance.py:3901} INFO - 7 downstream tasks scheduled from follow-on schedule check
[2025-04-16T18:00:15.681+0000] {local_task_job_runner.py:245} INFO - ::endgroup::
