[2025-04-16T15:57:47.636+0000] {local_task_job_runner.py:123} INFO - ::group::Pre task execution logs
[2025-04-16T15:57:47.828+0000] {taskinstance.py:2614} INFO - Dependencies all met for dep_context=non-requeueable deps ti=<TaskInstance: beer_data_processing.process_robust_scaler scheduled__2025-04-16T04:00:00+00:00 [queued]>
[2025-04-16T15:57:47.949+0000] {taskinstance.py:2614} INFO - Dependencies all met for dep_context=requeueable deps ti=<TaskInstance: beer_data_processing.process_robust_scaler scheduled__2025-04-16T04:00:00+00:00 [queued]>
[2025-04-16T15:57:47.955+0000] {taskinstance.py:2867} INFO - Starting attempt 1 of 6
[2025-04-16T15:57:48.573+0000] {taskinstance.py:2890} INFO - Executing <Task(PythonOperator): process_robust_scaler> on 2025-04-16 04:00:00+00:00
[2025-04-16T15:57:49.077+0000] {standard_task_runner.py:104} INFO - Running: ['***', 'tasks', 'run', 'beer_data_processing', 'process_robust_scaler', 'scheduled__2025-04-16T04:00:00+00:00', '--job-id', '636', '--raw', '--subdir', 'DAGS_FOLDER/beer_data_processing_dag.py', '--cfg-path', '/tmp/tmp4qo6iarv']
[2025-04-16T15:57:49.106+0000] {standard_task_runner.py:105} INFO - Job 636: Subtask process_robust_scaler
[2025-04-16T15:57:49.087+0000] {logging_mixin.py:190} WARNING - /home/***/.local/lib/python3.12/site-packages/***/task/task_runner/standard_task_runner.py:70 DeprecationWarning: This process (pid=1445) is multi-threaded, use of fork() may lead to deadlocks in the child.
[2025-04-16T15:57:49.166+0000] {standard_task_runner.py:72} INFO - Started process 1586 to run task
[2025-04-16T15:57:50.547+0000] {task_command.py:467} INFO - Running <TaskInstance: beer_data_processing.process_robust_scaler scheduled__2025-04-16T04:00:00+00:00 [running]> on host 3e53738720c8
[2025-04-16T15:57:52.544+0000] {taskinstance.py:3134} INFO - Exporting env vars: AIRFLOW_CTX_DAG_OWNER='***' AIRFLOW_CTX_DAG_ID='beer_data_processing' AIRFLOW_CTX_TASK_ID='process_robust_scaler' AIRFLOW_CTX_EXECUTION_DATE='2025-04-16T04:00:00+00:00' AIRFLOW_CTX_TRY_NUMBER='1' AIRFLOW_CTX_DAG_RUN_ID='scheduled__2025-04-16T04:00:00+00:00'
[2025-04-16T15:57:52.562+0000] {logging_mixin.py:190} INFO - Task instance is in running state
[2025-04-16T15:57:52.564+0000] {logging_mixin.py:190} INFO -  Previous state of the Task instance: queued
[2025-04-16T15:57:52.575+0000] {logging_mixin.py:190} INFO - Current task name:process_robust_scaler state:running start_date:2025-04-16 15:57:47.830096+00:00
[2025-04-16T15:57:52.580+0000] {logging_mixin.py:190} INFO - Dag name:beer_data_processing and current dag run status:running
[2025-04-16T15:57:52.584+0000] {taskinstance.py:732} INFO - ::endgroup::
[2025-04-16T15:57:54.883+0000] {python.py:240} INFO - Done. Returned value was: True
[2025-04-16T15:57:55.042+0000] {taskinstance.py:341} INFO - ::group::Post task execution logs
[2025-04-16T15:57:55.048+0000] {taskinstance.py:353} INFO - Marking task as SUCCESS. dag_id=beer_data_processing, task_id=process_robust_scaler, run_id=scheduled__2025-04-16T04:00:00+00:00, execution_date=20250416T040000, start_date=20250416T155747, end_date=20250416T155755
[2025-04-16T15:57:55.598+0000] {logging_mixin.py:190} INFO - Task instance in success state
[2025-04-16T15:57:55.623+0000] {logging_mixin.py:190} INFO -  Previous state of the Task instance: running
[2025-04-16T15:57:55.657+0000] {logging_mixin.py:190} INFO - Dag name:beer_data_processing queued_at:2025-04-16 15:07:06.513542+00:00
[2025-04-16T15:57:55.738+0000] {logging_mixin.py:190} INFO - Task hostname:3e53738720c8 operator:PythonOperator
[2025-04-16T15:57:55.949+0000] {local_task_job_runner.py:266} INFO - Task exited with return code 0
[2025-04-16T15:57:56.080+0000] {local_task_job_runner.py:245} INFO - ::endgroup::
