[2025-04-16T12:49:32.191+0000] {local_task_job_runner.py:123} INFO - ::group::Pre task execution logs
[2025-04-16T12:49:32.720+0000] {taskinstance.py:2614} INFO - Dependencies all met for dep_context=non-requeueable deps ti=<TaskInstance: beer_data_processing.create_dim_beer manual__2025-04-10T13:43:01.188156+00:00 [queued]>
[2025-04-16T12:49:32.929+0000] {taskinstance.py:2614} INFO - Dependencies all met for dep_context=requeueable deps ti=<TaskInstance: beer_data_processing.create_dim_beer manual__2025-04-10T13:43:01.188156+00:00 [queued]>
[2025-04-16T12:49:32.933+0000] {taskinstance.py:2867} INFO - Starting attempt 2 of 6
[2025-04-16T12:49:33.389+0000] {taskinstance.py:2890} INFO - Executing <Task(PythonOperator): create_dim_beer> on 2025-04-10 13:43:01.188156+00:00
[2025-04-16T12:49:33.792+0000] {logging_mixin.py:190} WARNING - /home/***/.local/lib/python3.12/site-packages/***/task/task_runner/standard_task_runner.py:70 DeprecationWarning: This process (pid=1167) is multi-threaded, use of fork() may lead to deadlocks in the child.
[2025-04-16T12:49:33.808+0000] {standard_task_runner.py:72} INFO - Started process 1515 to run task
[2025-04-16T12:49:33.817+0000] {standard_task_runner.py:104} INFO - Running: ['***', 'tasks', 'run', 'beer_data_processing', 'create_dim_beer', 'manual__2025-04-10T13:43:01.188156+00:00', '--job-id', '346', '--raw', '--subdir', 'DAGS_FOLDER/beer_data_processing_dag.py', '--cfg-path', '/tmp/tmpx99ehdy4']
[2025-04-16T12:49:33.868+0000] {standard_task_runner.py:105} INFO - Job 346: Subtask create_dim_beer
[2025-04-16T12:49:38.374+0000] {task_command.py:467} INFO - Running <TaskInstance: beer_data_processing.create_dim_beer manual__2025-04-10T13:43:01.188156+00:00 [running]> on host 3e53738720c8
[2025-04-16T12:49:39.197+0000] {taskinstance.py:3134} INFO - Exporting env vars: AIRFLOW_CTX_DAG_OWNER='***' AIRFLOW_CTX_DAG_ID='beer_data_processing' AIRFLOW_CTX_TASK_ID='create_dim_beer' AIRFLOW_CTX_EXECUTION_DATE='2025-04-10T13:43:01.188156+00:00' AIRFLOW_CTX_TRY_NUMBER='2' AIRFLOW_CTX_DAG_RUN_ID='manual__2025-04-10T13:43:01.188156+00:00'
[2025-04-16T12:49:39.243+0000] {logging_mixin.py:190} INFO - Task instance is in running state
[2025-04-16T12:49:39.247+0000] {logging_mixin.py:190} INFO -  Previous state of the Task instance: queued
[2025-04-16T12:49:39.259+0000] {logging_mixin.py:190} INFO - Current task name:create_dim_beer state:running start_date:2025-04-16 12:49:32.724019+00:00
[2025-04-16T12:49:39.264+0000] {logging_mixin.py:190} INFO - Dag name:beer_data_processing and current dag run status:running
[2025-04-16T12:49:39.266+0000] {taskinstance.py:732} INFO - ::endgroup::
[2025-04-16T12:49:41.238+0000] {base.py:84} INFO - Retrieving connection 'postgres_conn'
[2025-04-16T12:49:48.494+0000] {logging_mixin.py:190} INFO - Створено датасет dim_beer з 3068 записами
[2025-04-16T12:49:48.549+0000] {python.py:240} INFO - Done. Returned value was: True
[2025-04-16T12:49:49.851+0000] {taskinstance.py:341} INFO - ::group::Post task execution logs
[2025-04-16T12:49:49.982+0000] {taskinstance.py:353} INFO - Marking task as SUCCESS. dag_id=beer_data_processing, task_id=create_dim_beer, run_id=manual__2025-04-10T13:43:01.188156+00:00, execution_date=20250410T134301, start_date=20250416T124932, end_date=20250416T124949
[2025-04-16T12:49:52.163+0000] {logging_mixin.py:190} INFO - Task instance in success state
[2025-04-16T12:49:52.222+0000] {logging_mixin.py:190} INFO -  Previous state of the Task instance: running
[2025-04-16T12:49:52.232+0000] {logging_mixin.py:190} INFO - Dag name:beer_data_processing queued_at:2025-04-10 13:43:02.020273+00:00
[2025-04-16T12:49:52.250+0000] {logging_mixin.py:190} INFO - Task hostname:3e53738720c8 operator:PythonOperator
[2025-04-16T12:49:53.223+0000] {local_task_job_runner.py:266} INFO - Task exited with return code 0
[2025-04-16T12:49:53.978+0000] {standard_task_runner.py:217} INFO - Process not found (most likely exited), stop collecting metrics
[2025-04-16T12:49:54.071+0000] {local_task_job_runner.py:245} INFO - ::endgroup::
