[2025-04-10T10:27:02.895+0000] {local_task_job_runner.py:123} INFO - ::group::Pre task execution logs
[2025-04-10T10:27:03.006+0000] {taskinstance.py:2614} INFO - Dependencies all met for dep_context=non-requeueable deps ti=<TaskInstance: beer_data_processing.load_and_process_data manual__2025-04-10T10:26:22.960711+00:00 [queued]>
[2025-04-10T10:27:03.055+0000] {taskinstance.py:2614} INFO - Dependencies all met for dep_context=requeueable deps ti=<TaskInstance: beer_data_processing.load_and_process_data manual__2025-04-10T10:26:22.960711+00:00 [queued]>
[2025-04-10T10:27:03.057+0000] {taskinstance.py:2867} INFO - Starting attempt 1 of 6
[2025-04-10T10:27:03.150+0000] {taskinstance.py:2890} INFO - Executing <Task(PythonOperator): load_and_process_data> on 2025-04-10 10:26:22.960711+00:00
[2025-04-10T10:27:03.231+0000] {standard_task_runner.py:104} INFO - Running: ['***', 'tasks', 'run', 'beer_data_processing', 'load_and_process_data', 'manual__2025-04-10T10:26:22.960711+00:00', '--job-id', '234', '--raw', '--subdir', 'DAGS_FOLDER/beer_data_processing_dag.py', '--cfg-path', '/tmp/tmpbwpjjpm_']
[2025-04-10T10:27:03.252+0000] {standard_task_runner.py:105} INFO - Job 234: Subtask load_and_process_data
[2025-04-10T10:27:03.253+0000] {logging_mixin.py:190} WARNING - /home/***/.local/lib/python3.12/site-packages/***/task/task_runner/standard_task_runner.py:70 DeprecationWarning: This process (pid=35526) is multi-threaded, use of fork() may lead to deadlocks in the child.
[2025-04-10T10:27:03.258+0000] {standard_task_runner.py:72} INFO - Started process 35587 to run task
[2025-04-10T10:27:03.592+0000] {task_command.py:467} INFO - Running <TaskInstance: beer_data_processing.load_and_process_data manual__2025-04-10T10:26:22.960711+00:00 [running]> on host abcc0ba2292b
[2025-04-10T10:27:04.068+0000] {taskinstance.py:3134} INFO - Exporting env vars: AIRFLOW_CTX_DAG_OWNER='***' AIRFLOW_CTX_DAG_ID='beer_data_processing' AIRFLOW_CTX_TASK_ID='load_and_process_data' AIRFLOW_CTX_EXECUTION_DATE='2025-04-10T10:26:22.960711+00:00' AIRFLOW_CTX_TRY_NUMBER='1' AIRFLOW_CTX_DAG_RUN_ID='manual__2025-04-10T10:26:22.960711+00:00'
[2025-04-10T10:27:04.075+0000] {logging_mixin.py:190} INFO - Task instance is in running state
[2025-04-10T10:27:04.077+0000] {logging_mixin.py:190} INFO -  Previous state of the Task instance: queued
[2025-04-10T10:27:04.079+0000] {logging_mixin.py:190} INFO - Current task name:load_and_process_data state:running start_date:2025-04-10 10:27:03.007674+00:00
[2025-04-10T10:27:04.081+0000] {logging_mixin.py:190} INFO - Dag name:beer_data_processing and current dag run status:running
[2025-04-10T10:27:04.085+0000] {taskinstance.py:732} INFO - ::endgroup::
[2025-04-10T10:27:13.614+0000] {logging_mixin.py:190} INFO - Завантажено та оброблено 3197 записів з CSV файлу
[2025-04-10T10:27:13.661+0000] {python.py:240} INFO - Done. Returned value was: True
[2025-04-10T10:27:14.092+0000] {taskinstance.py:341} INFO - ::group::Post task execution logs
[2025-04-10T10:27:14.118+0000] {taskinstance.py:353} INFO - Marking task as SUCCESS. dag_id=beer_data_processing, task_id=load_and_process_data, run_id=manual__2025-04-10T10:26:22.960711+00:00, execution_date=20250410T102622, start_date=20250410T102703, end_date=20250410T102714
[2025-04-10T10:27:14.951+0000] {logging_mixin.py:190} INFO - Task instance in success state
[2025-04-10T10:27:14.984+0000] {logging_mixin.py:190} INFO -  Previous state of the Task instance: running
[2025-04-10T10:27:14.993+0000] {logging_mixin.py:190} INFO - Dag name:beer_data_processing queued_at:2025-04-10 10:26:23.276188+00:00
[2025-04-10T10:27:15.003+0000] {logging_mixin.py:190} INFO - Task hostname:abcc0ba2292b operator:PythonOperator
[2025-04-10T10:27:15.046+0000] {local_task_job_runner.py:266} INFO - Task exited with return code 0
[2025-04-10T10:27:15.304+0000] {taskinstance.py:3901} INFO - 3 downstream tasks scheduled from follow-on schedule check
[2025-04-10T10:27:15.335+0000] {local_task_job_runner.py:245} INFO - ::endgroup::
