[2025-04-17T12:09:47.012+0000] {local_task_job_runner.py:123} INFO - ::group::Pre task execution logs
[2025-04-17T12:09:47.205+0000] {taskinstance.py:2614} INFO - Dependencies all met for dep_context=non-requeueable deps ti=<TaskInstance: beer_data_processing.load_data scheduled__2025-04-17T09:00:00+00:00 [queued]>
[2025-04-17T12:09:47.365+0000] {taskinstance.py:2614} INFO - Dependencies all met for dep_context=requeueable deps ti=<TaskInstance: beer_data_processing.load_data scheduled__2025-04-17T09:00:00+00:00 [queued]>
[2025-04-17T12:09:47.387+0000] {taskinstance.py:2867} INFO - Starting attempt 2 of 6
[2025-04-17T12:09:48.426+0000] {taskinstance.py:2890} INFO - Executing <Task(PythonOperator): load_data> on 2025-04-17 09:00:00+00:00
[2025-04-17T12:09:48.552+0000] {standard_task_runner.py:104} INFO - Running: ['***', 'tasks', 'run', 'beer_data_processing', 'load_data', 'scheduled__2025-04-17T09:00:00+00:00', '--job-id', '914', '--raw', '--subdir', 'DAGS_FOLDER/beer_data_processing_dag.py', '--cfg-path', '/tmp/tmpa2z7f2qr']
[2025-04-17T12:09:48.559+0000] {standard_task_runner.py:105} INFO - Job 914: Subtask load_data
[2025-04-17T12:09:48.595+0000] {logging_mixin.py:190} WARNING - /home/***/.local/lib/python3.12/site-packages/***/task/task_runner/standard_task_runner.py:70 DeprecationWarning: This process (pid=297) is multi-threaded, use of fork() may lead to deadlocks in the child.
[2025-04-17T12:09:48.605+0000] {standard_task_runner.py:72} INFO - Started process 495 to run task
[2025-04-17T12:09:49.254+0000] {task_command.py:467} INFO - Running <TaskInstance: beer_data_processing.load_data scheduled__2025-04-17T09:00:00+00:00 [running]> on host a0d0456bae2c
[2025-04-17T12:09:49.981+0000] {taskinstance.py:3134} INFO - Exporting env vars: AIRFLOW_CTX_DAG_OWNER='***' AIRFLOW_CTX_DAG_ID='beer_data_processing' AIRFLOW_CTX_TASK_ID='load_data' AIRFLOW_CTX_EXECUTION_DATE='2025-04-17T09:00:00+00:00' AIRFLOW_CTX_TRY_NUMBER='2' AIRFLOW_CTX_DAG_RUN_ID='scheduled__2025-04-17T09:00:00+00:00'
[2025-04-17T12:09:50.001+0000] {logging_mixin.py:190} INFO - Task instance is in running state
[2025-04-17T12:09:50.003+0000] {logging_mixin.py:190} INFO -  Previous state of the Task instance: queued
[2025-04-17T12:09:50.005+0000] {logging_mixin.py:190} INFO - Current task name:load_data state:running start_date:2025-04-17 12:09:47.219495+00:00
[2025-04-17T12:09:50.006+0000] {logging_mixin.py:190} INFO - Dag name:beer_data_processing and current dag run status:running
[2025-04-17T12:09:50.008+0000] {taskinstance.py:732} INFO - ::endgroup::
[2025-04-17T12:10:00.058+0000] {logging_mixin.py:190} INFO - Завантажено 3197 записів з CSV файлу
[2025-04-17T12:10:00.287+0000] {python.py:240} INFO - Done. Returned value was: True
[2025-04-17T12:10:00.969+0000] {taskinstance.py:341} INFO - ::group::Post task execution logs
[2025-04-17T12:10:00.995+0000] {taskinstance.py:353} INFO - Marking task as SUCCESS. dag_id=beer_data_processing, task_id=load_data, run_id=scheduled__2025-04-17T09:00:00+00:00, execution_date=20250417T090000, start_date=20250417T120947, end_date=20250417T121000
[2025-04-17T12:10:26.473+0000] {logging_mixin.py:190} INFO - Task instance in success state
[2025-04-17T12:10:26.484+0000] {logging_mixin.py:190} INFO -  Previous state of the Task instance: running
[2025-04-17T12:10:26.491+0000] {logging_mixin.py:190} INFO - Dag name:beer_data_processing queued_at:2025-04-17 11:36:15.873430+00:00
[2025-04-17T12:10:26.495+0000] {logging_mixin.py:190} INFO - Task hostname:a0d0456bae2c operator:PythonOperator
[2025-04-17T12:10:26.800+0000] {local_task_job_runner.py:266} INFO - Task exited with return code 0
[2025-04-17T12:10:27.610+0000] {taskinstance.py:3901} INFO - 3 downstream tasks scheduled from follow-on schedule check
[2025-04-17T12:10:27.658+0000] {local_task_job_runner.py:245} INFO - ::endgroup::
