[2025-04-10T09:57:38.301+0000] {local_task_job_runner.py:123} INFO - ::group::Pre task execution logs
[2025-04-10T09:57:38.441+0000] {taskinstance.py:2614} INFO - Dependencies all met for dep_context=non-requeueable deps ti=<TaskInstance: beer_data_processing.create_dim_beer manual__2025-04-10T09:57:09.376072+00:00 [queued]>
[2025-04-10T09:57:38.498+0000] {taskinstance.py:2614} INFO - Dependencies all met for dep_context=requeueable deps ti=<TaskInstance: beer_data_processing.create_dim_beer manual__2025-04-10T09:57:09.376072+00:00 [queued]>
[2025-04-10T09:57:38.503+0000] {taskinstance.py:2867} INFO - Starting attempt 1 of 6
[2025-04-10T09:57:38.569+0000] {taskinstance.py:2890} INFO - Executing <Task(PythonOperator): create_dim_beer> on 2025-04-10 09:57:09.376072+00:00
[2025-04-10T09:57:38.627+0000] {standard_task_runner.py:104} INFO - Running: ['***', 'tasks', 'run', 'beer_data_processing', 'create_dim_beer', 'manual__2025-04-10T09:57:09.376072+00:00', '--job-id', '195', '--raw', '--subdir', 'DAGS_FOLDER/beer_data_processing_dag.py', '--cfg-path', '/tmp/tmp163yxc7h']
[2025-04-10T09:57:38.633+0000] {logging_mixin.py:190} WARNING - /home/***/.local/lib/python3.12/site-packages/***/task/task_runner/standard_task_runner.py:70 DeprecationWarning: This process (pid=25262) is multi-threaded, use of fork() may lead to deadlocks in the child.
[2025-04-10T09:57:38.661+0000] {standard_task_runner.py:72} INFO - Started process 25270 to run task
[2025-04-10T09:57:38.665+0000] {standard_task_runner.py:105} INFO - Job 195: Subtask create_dim_beer
[2025-04-10T09:57:39.078+0000] {task_command.py:467} INFO - Running <TaskInstance: beer_data_processing.create_dim_beer manual__2025-04-10T09:57:09.376072+00:00 [running]> on host abcc0ba2292b
[2025-04-10T09:57:39.656+0000] {taskinstance.py:3134} INFO - Exporting env vars: AIRFLOW_CTX_DAG_OWNER='***' AIRFLOW_CTX_DAG_ID='beer_data_processing' AIRFLOW_CTX_TASK_ID='create_dim_beer' AIRFLOW_CTX_EXECUTION_DATE='2025-04-10T09:57:09.376072+00:00' AIRFLOW_CTX_TRY_NUMBER='1' AIRFLOW_CTX_DAG_RUN_ID='manual__2025-04-10T09:57:09.376072+00:00'
[2025-04-10T09:57:39.678+0000] {logging_mixin.py:190} INFO - Task instance is in running state
[2025-04-10T09:57:39.680+0000] {logging_mixin.py:190} INFO -  Previous state of the Task instance: queued
[2025-04-10T09:57:39.685+0000] {logging_mixin.py:190} INFO - Current task name:create_dim_beer state:running start_date:2025-04-10 09:57:38.445825+00:00
[2025-04-10T09:57:39.687+0000] {logging_mixin.py:190} INFO - Dag name:beer_data_processing and current dag run status:running
[2025-04-10T09:57:39.690+0000] {taskinstance.py:732} INFO - ::endgroup::
[2025-04-10T09:57:40.910+0000] {logging_mixin.py:190} WARNING - /opt/***/dags/beer_data_processing_dag.py:65 FutureWarning: Passing literal json to 'read_json' is deprecated and will be removed in a future version. To read from a literal string, wrap it in a 'StringIO' object.
[2025-04-10T09:57:42.967+0000] {base.py:84} INFO - Retrieving connection 'postgres_conn'
[2025-04-10T09:57:46.686+0000] {logging_mixin.py:190} INFO - Створено датасет dim_beer з 3066 записами
[2025-04-10T09:57:46.778+0000] {python.py:240} INFO - Done. Returned value was: True
[2025-04-10T09:57:46.927+0000] {taskinstance.py:341} INFO - ::group::Post task execution logs
[2025-04-10T09:57:46.937+0000] {taskinstance.py:353} INFO - Marking task as SUCCESS. dag_id=beer_data_processing, task_id=create_dim_beer, run_id=manual__2025-04-10T09:57:09.376072+00:00, execution_date=20250410T095709, start_date=20250410T095738, end_date=20250410T095746
[2025-04-10T09:57:47.104+0000] {logging_mixin.py:190} INFO - Task instance in success state
[2025-04-10T09:57:47.111+0000] {logging_mixin.py:190} INFO -  Previous state of the Task instance: running
[2025-04-10T09:57:47.118+0000] {logging_mixin.py:190} INFO - Dag name:beer_data_processing queued_at:2025-04-10 09:57:09.595680+00:00
[2025-04-10T09:57:47.126+0000] {logging_mixin.py:190} INFO - Task hostname:abcc0ba2292b operator:PythonOperator
[2025-04-10T09:57:47.556+0000] {local_task_job_runner.py:266} INFO - Task exited with return code 0
[2025-04-10T09:57:47.890+0000] {taskinstance.py:3901} INFO - 0 downstream tasks scheduled from follow-on schedule check
[2025-04-10T09:57:47.916+0000] {local_task_job_runner.py:245} INFO - ::endgroup::
