[2025-04-16T13:32:32.160+0000] {local_task_job_runner.py:123} INFO - ::group::Pre task execution logs
[2025-04-16T13:32:32.266+0000] {taskinstance.py:2614} INFO - Dependencies all met for dep_context=non-requeueable deps ti=<TaskInstance: beer_data_processing.create_dim_brewery_table manual__2025-04-16T13:28:46.724350+00:00 [queued]>
[2025-04-16T13:32:32.356+0000] {taskinstance.py:2614} INFO - Dependencies all met for dep_context=requeueable deps ti=<TaskInstance: beer_data_processing.create_dim_brewery_table manual__2025-04-16T13:28:46.724350+00:00 [queued]>
[2025-04-16T13:32:32.364+0000] {taskinstance.py:2867} INFO - Starting attempt 2 of 6
[2025-04-16T13:32:32.467+0000] {taskinstance.py:2890} INFO - Executing <Task(SQLExecuteQueryOperator): create_dim_brewery_table> on 2025-04-16 13:28:46.724350+00:00
[2025-04-16T13:32:32.741+0000] {standard_task_runner.py:104} INFO - Running: ['***', 'tasks', 'run', 'beer_data_processing', 'create_dim_brewery_table', 'manual__2025-04-16T13:28:46.724350+00:00', '--job-id', '476', '--raw', '--subdir', 'DAGS_FOLDER/beer_data_processing_dag.py', '--cfg-path', '/tmp/tmpjzklpnxq']
[2025-04-16T13:32:32.761+0000] {standard_task_runner.py:105} INFO - Job 476: Subtask create_dim_brewery_table
[2025-04-16T13:32:32.728+0000] {logging_mixin.py:190} WARNING - /home/***/.local/lib/python3.12/site-packages/***/task/task_runner/standard_task_runner.py:70 DeprecationWarning: This process (pid=16581) is multi-threaded, use of fork() may lead to deadlocks in the child.
[2025-04-16T13:32:32.771+0000] {standard_task_runner.py:72} INFO - Started process 16743 to run task
[2025-04-16T13:32:34.329+0000] {task_command.py:467} INFO - Running <TaskInstance: beer_data_processing.create_dim_brewery_table manual__2025-04-16T13:28:46.724350+00:00 [running]> on host 3e53738720c8
[2025-04-16T13:32:37.817+0000] {taskinstance.py:3134} INFO - Exporting env vars: AIRFLOW_CTX_DAG_OWNER='***' AIRFLOW_CTX_DAG_ID='beer_data_processing' AIRFLOW_CTX_TASK_ID='create_dim_brewery_table' AIRFLOW_CTX_EXECUTION_DATE='2025-04-16T13:28:46.724350+00:00' AIRFLOW_CTX_TRY_NUMBER='2' AIRFLOW_CTX_DAG_RUN_ID='manual__2025-04-16T13:28:46.724350+00:00'
[2025-04-16T13:32:37.890+0000] {logging_mixin.py:190} INFO - Task instance is in running state
[2025-04-16T13:32:37.957+0000] {logging_mixin.py:190} INFO -  Previous state of the Task instance: queued
[2025-04-16T13:32:38.017+0000] {logging_mixin.py:190} INFO - Current task name:create_dim_brewery_table state:running start_date:2025-04-16 13:32:32.271417+00:00
[2025-04-16T13:32:38.019+0000] {logging_mixin.py:190} INFO - Dag name:beer_data_processing and current dag run status:running
[2025-04-16T13:32:38.020+0000] {taskinstance.py:732} INFO - ::endgroup::
[2025-04-16T13:32:38.022+0000] {sql.py:295} INFO - Executing: 
    CREATE TABLE IF NOT EXISTS dim_brewery (
        brewery_id SERIAL PRIMARY KEY,
        brewery_name VARCHAR(255) NOT NULL UNIQUE
    );
    
[2025-04-16T13:32:38.866+0000] {base.py:84} INFO - Retrieving connection 'postgres_conn'
[2025-04-16T13:32:39.620+0000] {base.py:84} INFO - Retrieving connection 'postgres_conn'
[2025-04-16T13:32:39.813+0000] {sql.py:511} INFO - Running statement: 
    CREATE TABLE IF NOT EXISTS dim_brewery (
        brewery_id SERIAL PRIMARY KEY,
        brewery_name VARCHAR(255) NOT NULL UNIQUE
    );
    , parameters: None
[2025-04-16T13:32:39.829+0000] {logging_mixin.py:190} WARNING - /home/***/.local/lib/python3.12/site-packages/***/providers/common/sql/hooks/sql.py:470 DeprecationWarning: Import of fetch_all_handler from the '***.providers.common.sql.hooks' module is deprecated and will
be removed in the future. Please import it from '***.providers.common.sql.hooks.handlers'.
[2025-04-16T13:32:39.845+0000] {logging_mixin.py:190} WARNING - /home/***/.local/lib/python3.12/site-packages/***/providers/common/sql/hooks/sql.py:471 DeprecationWarning: Import of return_single_query_results from the '***.providers.common.sql.hooks' module is deprecated and will
be removed in the future. Please import it from '***.providers.common.sql.hooks.handlers'.
[2025-04-16T13:32:39.854+0000] {logging_mixin.py:190} WARNING - /home/***/.local/lib/python3.12/site-packages/***/providers/common/sql/hooks/sql.py:486 DeprecationWarning: Import of return_single_query_results from the '***.providers.common.sql.hooks' module is deprecated and will
be removed in the future. Please import it from '***.providers.common.sql.hooks.handlers'.
[2025-04-16T13:32:39.867+0000] {logging_mixin.py:190} WARNING - /home/***/.local/lib/python3.12/site-packages/***/providers/common/sql/operators/sql.py:311 DeprecationWarning: Import of return_single_query_results from the '***.providers.common.sql.hooks' module is deprecated and will
be removed in the future. Please import it from '***.providers.common.sql.hooks.handlers'.
[2025-04-16T13:32:39.923+0000] {taskinstance.py:341} INFO - ::group::Post task execution logs
[2025-04-16T13:32:39.929+0000] {taskinstance.py:353} INFO - Marking task as SUCCESS. dag_id=beer_data_processing, task_id=create_dim_brewery_table, run_id=manual__2025-04-16T13:28:46.724350+00:00, execution_date=20250416T132846, start_date=20250416T133232, end_date=20250416T133239
[2025-04-16T13:32:40.319+0000] {logging_mixin.py:190} INFO - Task instance in success state
[2025-04-16T13:32:40.324+0000] {logging_mixin.py:190} INFO -  Previous state of the Task instance: running
[2025-04-16T13:32:40.326+0000] {logging_mixin.py:190} INFO - Dag name:beer_data_processing queued_at:2025-04-16 13:28:47.076796+00:00
[2025-04-16T13:32:40.329+0000] {logging_mixin.py:190} INFO - Task hostname:3e53738720c8 operator:SQLExecuteQueryOperator
[2025-04-16T13:32:40.472+0000] {local_task_job_runner.py:266} INFO - Task exited with return code 0
[2025-04-16T13:32:40.513+0000] {local_task_job_runner.py:245} INFO - ::endgroup::
