[2025-04-10T07:15:43.967+0000] {local_task_job_runner.py:123} INFO - ::group::Pre task execution logs
[2025-04-10T07:15:44.050+0000] {taskinstance.py:2614} INFO - Dependencies all met for dep_context=non-requeueable deps ti=<TaskInstance: beer_data_processing.create_fact_table manual__2025-04-10T07:10:12.640088+00:00 [queued]>
[2025-04-10T07:15:44.091+0000] {taskinstance.py:2614} INFO - Dependencies all met for dep_context=requeueable deps ti=<TaskInstance: beer_data_processing.create_fact_table manual__2025-04-10T07:10:12.640088+00:00 [queued]>
[2025-04-10T07:15:44.093+0000] {taskinstance.py:2867} INFO - Starting attempt 6 of 6
[2025-04-10T07:15:44.142+0000] {taskinstance.py:2890} INFO - Executing <Task(PythonOperator): create_fact_table> on 2025-04-10 07:10:12.640088+00:00
[2025-04-10T07:15:44.275+0000] {standard_task_runner.py:104} INFO - Running: ['***', 'tasks', 'run', 'beer_data_processing', 'create_fact_table', 'manual__2025-04-10T07:10:12.640088+00:00', '--job-id', '134', '--raw', '--subdir', 'DAGS_FOLDER/beer_data_processing_dag.py', '--cfg-path', '/tmp/tmp2saanaa1']
[2025-04-10T07:15:44.270+0000] {logging_mixin.py:190} WARNING - /home/***/.local/lib/python3.12/site-packages/***/task/task_runner/standard_task_runner.py:70 DeprecationWarning: This process (pid=29234) is multi-threaded, use of fork() may lead to deadlocks in the child.
[2025-04-10T07:15:44.309+0000] {standard_task_runner.py:105} INFO - Job 134: Subtask create_fact_table
[2025-04-10T07:15:44.310+0000] {standard_task_runner.py:72} INFO - Started process 29347 to run task
[2025-04-10T07:15:45.148+0000] {task_command.py:467} INFO - Running <TaskInstance: beer_data_processing.create_fact_table manual__2025-04-10T07:10:12.640088+00:00 [running]> on host 893b969cc7b0
[2025-04-10T07:15:46.372+0000] {taskinstance.py:3134} INFO - Exporting env vars: AIRFLOW_CTX_DAG_OWNER='***' AIRFLOW_CTX_DAG_ID='beer_data_processing' AIRFLOW_CTX_TASK_ID='create_fact_table' AIRFLOW_CTX_EXECUTION_DATE='2025-04-10T07:10:12.640088+00:00' AIRFLOW_CTX_TRY_NUMBER='6' AIRFLOW_CTX_DAG_RUN_ID='manual__2025-04-10T07:10:12.640088+00:00'
[2025-04-10T07:15:46.398+0000] {logging_mixin.py:190} INFO - Task instance is in running state
[2025-04-10T07:15:46.400+0000] {logging_mixin.py:190} INFO -  Previous state of the Task instance: queued
[2025-04-10T07:15:46.402+0000] {logging_mixin.py:190} INFO - Current task name:create_fact_table state:running start_date:2025-04-10 07:15:44.051463+00:00
[2025-04-10T07:15:46.404+0000] {logging_mixin.py:190} INFO - Dag name:beer_data_processing and current dag run status:running
[2025-04-10T07:15:46.406+0000] {taskinstance.py:732} INFO - ::endgroup::
[2025-04-10T07:15:47.507+0000] {logging_mixin.py:190} WARNING - /opt/***/dags/beer_data_processing_dag.py:190 FutureWarning: Passing literal json to 'read_json' is deprecated and will be removed in a future version. To read from a literal string, wrap it in a 'StringIO' object.
[2025-04-10T07:15:49.326+0000] {base.py:84} INFO - Retrieving connection 'postgres_conn'
[2025-04-10T07:16:05.637+0000] {logging_mixin.py:190} INFO - Створено факт-таблицю з 3197 записами
[2025-04-10T07:16:05.836+0000] {python.py:240} INFO - Done. Returned value was: True
[2025-04-10T07:16:06.456+0000] {taskinstance.py:341} INFO - ::group::Post task execution logs
[2025-04-10T07:16:06.466+0000] {taskinstance.py:353} INFO - Marking task as SUCCESS. dag_id=beer_data_processing, task_id=create_fact_table, run_id=manual__2025-04-10T07:10:12.640088+00:00, execution_date=20250410T071012, start_date=20250410T071544, end_date=20250410T071606
[2025-04-10T07:16:07.111+0000] {logging_mixin.py:190} INFO - Task instance in success state
[2025-04-10T07:16:07.116+0000] {logging_mixin.py:190} INFO -  Previous state of the Task instance: running
[2025-04-10T07:16:07.120+0000] {logging_mixin.py:190} INFO - Dag name:beer_data_processing queued_at:2025-04-10 07:10:13.028340+00:00
[2025-04-10T07:16:07.125+0000] {logging_mixin.py:190} INFO - Task hostname:893b969cc7b0 operator:PythonOperator
[2025-04-10T07:16:07.274+0000] {local_task_job_runner.py:266} INFO - Task exited with return code 0
[2025-04-10T07:16:07.428+0000] {taskinstance.py:3901} INFO - 0 downstream tasks scheduled from follow-on schedule check
[2025-04-10T07:16:07.545+0000] {local_task_job_runner.py:245} INFO - ::endgroup::
