[2025-04-10T07:14:58.326+0000] {local_task_job_runner.py:123} INFO - ::group::Pre task execution logs
[2025-04-10T07:14:58.385+0000] {taskinstance.py:2614} INFO - Dependencies all met for dep_context=non-requeueable deps ti=<TaskInstance: beer_data_processing.check_file_exists manual__2025-04-10T07:14:29.900518+00:00 [queued]>
[2025-04-10T07:14:58.410+0000] {taskinstance.py:2614} INFO - Dependencies all met for dep_context=requeueable deps ti=<TaskInstance: beer_data_processing.check_file_exists manual__2025-04-10T07:14:29.900518+00:00 [queued]>
[2025-04-10T07:14:58.411+0000] {taskinstance.py:2867} INFO - Starting attempt 1 of 6
[2025-04-10T07:14:58.629+0000] {taskinstance.py:2890} INFO - Executing <Task(FileSensor): check_file_exists> on 2025-04-10 07:14:29.900518+00:00
[2025-04-10T07:14:58.760+0000] {logging_mixin.py:190} WARNING - /home/***/.local/lib/python3.12/site-packages/***/task/task_runner/standard_task_runner.py:70 DeprecationWarning: This process (pid=28898) is multi-threaded, use of fork() may lead to deadlocks in the child.
[2025-04-10T07:14:58.751+0000] {standard_task_runner.py:104} INFO - Running: ['***', 'tasks', 'run', 'beer_data_processing', 'check_file_exists', 'manual__2025-04-10T07:14:29.900518+00:00', '--job-id', '128', '--raw', '--subdir', 'DAGS_FOLDER/beer_data_processing_dag.py', '--cfg-path', '/tmp/tmp4ph6n181']
[2025-04-10T07:14:58.768+0000] {standard_task_runner.py:72} INFO - Started process 28955 to run task
[2025-04-10T07:14:58.769+0000] {standard_task_runner.py:105} INFO - Job 128: Subtask check_file_exists
[2025-04-10T07:14:59.116+0000] {task_command.py:467} INFO - Running <TaskInstance: beer_data_processing.check_file_exists manual__2025-04-10T07:14:29.900518+00:00 [running]> on host 893b969cc7b0
[2025-04-10T07:14:59.517+0000] {taskinstance.py:3134} INFO - Exporting env vars: AIRFLOW_CTX_DAG_OWNER='***' AIRFLOW_CTX_DAG_ID='beer_data_processing' AIRFLOW_CTX_TASK_ID='check_file_exists' AIRFLOW_CTX_EXECUTION_DATE='2025-04-10T07:14:29.900518+00:00' AIRFLOW_CTX_TRY_NUMBER='1' AIRFLOW_CTX_DAG_RUN_ID='manual__2025-04-10T07:14:29.900518+00:00'
[2025-04-10T07:14:59.520+0000] {logging_mixin.py:190} INFO - Task instance is in running state
[2025-04-10T07:14:59.522+0000] {logging_mixin.py:190} INFO -  Previous state of the Task instance: queued
[2025-04-10T07:14:59.523+0000] {logging_mixin.py:190} INFO - Current task name:check_file_exists state:running start_date:2025-04-10 07:14:58.387153+00:00
[2025-04-10T07:14:59.524+0000] {logging_mixin.py:190} INFO - Dag name:beer_data_processing and current dag run status:running
[2025-04-10T07:14:59.525+0000] {taskinstance.py:732} INFO - ::endgroup::
[2025-04-10T07:14:59.527+0000] {baseoperator.py:423} WARNING - FileSensor.execute cannot be called outside TaskInstance!
[2025-04-10T07:14:59.549+0000] {base.py:84} INFO - Retrieving connection 'dataset_folder'
[2025-04-10T07:14:59.551+0000] {filesystem.py:109} INFO - Poking for file /opt/***/dags/data/beer_profile_and_ratings.csv
[2025-04-10T07:14:59.563+0000] {filesystem.py:113} INFO - Found File /opt/***/dags/data/beer_profile_and_ratings.csv last modified: 20250402135654
[2025-04-10T07:14:59.565+0000] {base.py:339} INFO - Success criteria met. Exiting.
[2025-04-10T07:14:59.567+0000] {filesystem.py:109} INFO - Poking for file /opt/***/dags/data/beer_profile_and_ratings.csv
[2025-04-10T07:14:59.576+0000] {filesystem.py:113} INFO - Found File /opt/***/dags/data/beer_profile_and_ratings.csv last modified: 20250402135654
[2025-04-10T07:14:59.603+0000] {taskinstance.py:341} INFO - ::group::Post task execution logs
[2025-04-10T07:14:59.605+0000] {taskinstance.py:353} INFO - Marking task as SUCCESS. dag_id=beer_data_processing, task_id=check_file_exists, run_id=manual__2025-04-10T07:14:29.900518+00:00, execution_date=20250410T071429, start_date=20250410T071458, end_date=20250410T071459
[2025-04-10T07:14:59.677+0000] {logging_mixin.py:190} INFO - Task instance in success state
[2025-04-10T07:14:59.678+0000] {logging_mixin.py:190} INFO -  Previous state of the Task instance: running
[2025-04-10T07:14:59.679+0000] {logging_mixin.py:190} INFO - Dag name:beer_data_processing queued_at:2025-04-10 07:14:30.125089+00:00
[2025-04-10T07:14:59.680+0000] {logging_mixin.py:190} INFO - Task hostname:893b969cc7b0 operator:FileSensor
[2025-04-10T07:14:59.706+0000] {local_task_job_runner.py:266} INFO - Task exited with return code 0
[2025-04-10T07:14:59.801+0000] {taskinstance.py:3901} INFO - 1 downstream tasks scheduled from follow-on schedule check
[2025-04-10T07:14:59.806+0000] {local_task_job_runner.py:245} INFO - ::endgroup::
