[2025-04-16T15:48:01.474+0000] {local_task_job_runner.py:123} INFO - ::group::Pre task execution logs
[2025-04-16T15:48:01.758+0000] {taskinstance.py:2614} INFO - Dependencies all met for dep_context=non-requeueable deps ti=<TaskInstance: beer_data_processing.process_min_max scheduled__2025-04-16T13:00:00+00:00 [queued]>
[2025-04-16T15:48:01.863+0000] {taskinstance.py:2614} INFO - Dependencies all met for dep_context=requeueable deps ti=<TaskInstance: beer_data_processing.process_min_max scheduled__2025-04-16T13:00:00+00:00 [queued]>
[2025-04-16T15:48:01.879+0000] {taskinstance.py:2867} INFO - Starting attempt 3 of 6
[2025-04-16T15:48:02.084+0000] {taskinstance.py:2890} INFO - Executing <Task(PythonOperator): process_min_max> on 2025-04-16 13:00:00+00:00
[2025-04-16T15:48:02.330+0000] {standard_task_runner.py:104} INFO - Running: ['***', 'tasks', 'run', 'beer_data_processing', 'process_min_max', 'scheduled__2025-04-16T13:00:00+00:00', '--job-id', '612', '--raw', '--subdir', 'DAGS_FOLDER/beer_data_processing_dag.py', '--cfg-path', '/tmp/tmpasnd8k7b']
[2025-04-16T15:48:02.348+0000] {standard_task_runner.py:105} INFO - Job 612: Subtask process_min_max
[2025-04-16T15:48:02.373+0000] {logging_mixin.py:190} WARNING - /home/***/.local/lib/python3.12/site-packages/***/task/task_runner/standard_task_runner.py:70 DeprecationWarning: This process (pid=619) is multi-threaded, use of fork() may lead to deadlocks in the child.
[2025-04-16T15:48:02.418+0000] {standard_task_runner.py:72} INFO - Started process 892 to run task
[2025-04-16T15:48:02.837+0000] {task_command.py:467} INFO - Running <TaskInstance: beer_data_processing.process_min_max scheduled__2025-04-16T13:00:00+00:00 [running]> on host 3e53738720c8
[2025-04-16T15:48:03.755+0000] {taskinstance.py:3134} INFO - Exporting env vars: AIRFLOW_CTX_DAG_OWNER='***' AIRFLOW_CTX_DAG_ID='beer_data_processing' AIRFLOW_CTX_TASK_ID='process_min_max' AIRFLOW_CTX_EXECUTION_DATE='2025-04-16T13:00:00+00:00' AIRFLOW_CTX_TRY_NUMBER='3' AIRFLOW_CTX_DAG_RUN_ID='scheduled__2025-04-16T13:00:00+00:00'
[2025-04-16T15:48:03.780+0000] {logging_mixin.py:190} INFO - Task instance is in running state
[2025-04-16T15:48:03.785+0000] {logging_mixin.py:190} INFO -  Previous state of the Task instance: queued
[2025-04-16T15:48:03.803+0000] {logging_mixin.py:190} INFO - Current task name:process_min_max state:running start_date:2025-04-16 15:48:01.771932+00:00
[2025-04-16T15:48:03.807+0000] {logging_mixin.py:190} INFO - Dag name:beer_data_processing and current dag run status:running
[2025-04-16T15:48:03.854+0000] {taskinstance.py:732} INFO - ::endgroup::
[2025-04-16T15:48:07.206+0000] {python.py:240} INFO - Done. Returned value was: True
[2025-04-16T15:48:08.937+0000] {taskinstance.py:341} INFO - ::group::Post task execution logs
[2025-04-16T15:48:09.170+0000] {taskinstance.py:353} INFO - Marking task as SUCCESS. dag_id=beer_data_processing, task_id=process_min_max, run_id=scheduled__2025-04-16T13:00:00+00:00, execution_date=20250416T130000, start_date=20250416T154801, end_date=20250416T154809
[2025-04-16T15:48:11.554+0000] {logging_mixin.py:190} INFO - Task instance in success state
[2025-04-16T15:48:11.650+0000] {logging_mixin.py:190} INFO -  Previous state of the Task instance: running
[2025-04-16T15:48:11.673+0000] {logging_mixin.py:190} INFO - Dag name:beer_data_processing queued_at:2025-04-16 15:07:18.140012+00:00
[2025-04-16T15:48:11.686+0000] {logging_mixin.py:190} INFO - Task hostname:3e53738720c8 operator:PythonOperator
[2025-04-16T15:48:11.620+0000] {job.py:229} INFO - Heartbeat recovered after 10.92 seconds
[2025-04-16T15:48:12.285+0000] {local_task_job_runner.py:266} INFO - Task exited with return code 0
[2025-04-16T15:48:12.528+0000] {taskinstance.py:3901} INFO - 0 downstream tasks scheduled from follow-on schedule check
[2025-04-16T15:48:12.611+0000] {local_task_job_runner.py:245} INFO - ::endgroup::
[2025-04-16T15:48:12.823+0000] {standard_task_runner.py:217} INFO - Process not found (most likely exited), stop collecting metrics
