[2025-04-10T06:52:57.885+0000] {local_task_job_runner.py:123} INFO - ::group::Pre task execution logs
[2025-04-10T06:52:58.091+0000] {taskinstance.py:2614} INFO - Dependencies all met for dep_context=non-requeueable deps ti=<TaskInstance: beer_data_processing.create_dim_style manual__2025-04-10T06:51:59.609521+00:00 [queued]>
[2025-04-10T06:52:58.131+0000] {taskinstance.py:2614} INFO - Dependencies all met for dep_context=requeueable deps ti=<TaskInstance: beer_data_processing.create_dim_style manual__2025-04-10T06:51:59.609521+00:00 [queued]>
[2025-04-10T06:52:58.133+0000] {taskinstance.py:2867} INFO - Starting attempt 1 of 6
[2025-04-10T06:52:58.201+0000] {taskinstance.py:2890} INFO - Executing <Task(PythonOperator): create_dim_style> on 2025-04-10 06:51:59.609521+00:00
[2025-04-10T06:52:58.294+0000] {standard_task_runner.py:104} INFO - Running: ['***', 'tasks', 'run', 'beer_data_processing', 'create_dim_style', 'manual__2025-04-10T06:51:59.609521+00:00', '--job-id', '108', '--raw', '--subdir', 'DAGS_FOLDER/beer_data_processing_dag.py', '--cfg-path', '/tmp/tmpo_ho_7u9']
[2025-04-10T06:52:58.320+0000] {standard_task_runner.py:105} INFO - Job 108: Subtask create_dim_style
[2025-04-10T06:52:58.395+0000] {logging_mixin.py:190} WARNING - /home/***/.local/lib/python3.12/site-packages/***/task/task_runner/standard_task_runner.py:70 DeprecationWarning: This process (pid=18438) is multi-threaded, use of fork() may lead to deadlocks in the child.
[2025-04-10T06:52:58.398+0000] {standard_task_runner.py:72} INFO - Started process 18547 to run task
[2025-04-10T06:52:59.245+0000] {task_command.py:467} INFO - Running <TaskInstance: beer_data_processing.create_dim_style manual__2025-04-10T06:51:59.609521+00:00 [running]> on host 893b969cc7b0
[2025-04-10T06:53:00.352+0000] {taskinstance.py:3134} INFO - Exporting env vars: AIRFLOW_CTX_DAG_OWNER='***' AIRFLOW_CTX_DAG_ID='beer_data_processing' AIRFLOW_CTX_TASK_ID='create_dim_style' AIRFLOW_CTX_EXECUTION_DATE='2025-04-10T06:51:59.609521+00:00' AIRFLOW_CTX_TRY_NUMBER='1' AIRFLOW_CTX_DAG_RUN_ID='manual__2025-04-10T06:51:59.609521+00:00'
[2025-04-10T06:53:00.356+0000] {logging_mixin.py:190} INFO - Task instance is in running state
[2025-04-10T06:53:00.357+0000] {logging_mixin.py:190} INFO -  Previous state of the Task instance: queued
[2025-04-10T06:53:00.358+0000] {logging_mixin.py:190} INFO - Current task name:create_dim_style state:running start_date:2025-04-10 06:52:58.093668+00:00
[2025-04-10T06:53:00.360+0000] {logging_mixin.py:190} INFO - Dag name:beer_data_processing and current dag run status:running
[2025-04-10T06:53:00.362+0000] {taskinstance.py:732} INFO - ::endgroup::
[2025-04-10T06:53:00.827+0000] {logging_mixin.py:190} WARNING - /opt/***/dags/beer_data_processing_dag.py:108 FutureWarning: Passing literal json to 'read_json' is deprecated and will be removed in a future version. To read from a literal string, wrap it in a 'StringIO' object.
[2025-04-10T06:53:04.182+0000] {base.py:84} INFO - Retrieving connection 'postgres_conn'
[2025-04-10T06:53:04.420+0000] {logging_mixin.py:190} INFO - Створено датасет dim_style з 111 записами
[2025-04-10T06:53:04.423+0000] {python.py:240} INFO - Done. Returned value was: True
[2025-04-10T06:53:04.522+0000] {taskinstance.py:341} INFO - ::group::Post task execution logs
[2025-04-10T06:53:04.526+0000] {taskinstance.py:353} INFO - Marking task as SUCCESS. dag_id=beer_data_processing, task_id=create_dim_style, run_id=manual__2025-04-10T06:51:59.609521+00:00, execution_date=20250410T065159, start_date=20250410T065258, end_date=20250410T065304
[2025-04-10T06:53:04.643+0000] {logging_mixin.py:190} INFO - Task instance in success state
[2025-04-10T06:53:04.645+0000] {logging_mixin.py:190} INFO -  Previous state of the Task instance: running
[2025-04-10T06:53:04.646+0000] {logging_mixin.py:190} INFO - Dag name:beer_data_processing queued_at:2025-04-10 06:51:59.852373+00:00
[2025-04-10T06:53:04.647+0000] {logging_mixin.py:190} INFO - Task hostname:893b969cc7b0 operator:PythonOperator
[2025-04-10T06:53:04.700+0000] {local_task_job_runner.py:266} INFO - Task exited with return code 0
[2025-04-10T06:53:04.760+0000] {taskinstance.py:3901} INFO - 0 downstream tasks scheduled from follow-on schedule check
[2025-04-10T06:53:04.765+0000] {local_task_job_runner.py:245} INFO - ::endgroup::
