[2025-04-10T09:50:04.884+0000] {local_task_job_runner.py:123} INFO - ::group::Pre task execution logs
[2025-04-10T09:50:04.964+0000] {taskinstance.py:2614} INFO - Dependencies all met for dep_context=non-requeueable deps ti=<TaskInstance: beer_data_processing.create_dim_brewery manual__2025-04-10T09:49:24.777495+00:00 [queued]>
[2025-04-10T09:50:05.021+0000] {taskinstance.py:2614} INFO - Dependencies all met for dep_context=requeueable deps ti=<TaskInstance: beer_data_processing.create_dim_brewery manual__2025-04-10T09:49:24.777495+00:00 [queued]>
[2025-04-10T09:50:05.024+0000] {taskinstance.py:2867} INFO - Starting attempt 1 of 6
[2025-04-10T09:50:05.064+0000] {taskinstance.py:2890} INFO - Executing <Task(PythonOperator): create_dim_brewery> on 2025-04-10 09:49:24.777495+00:00
[2025-04-10T09:50:05.104+0000] {standard_task_runner.py:104} INFO - Running: ['***', 'tasks', 'run', 'beer_data_processing', 'create_dim_brewery', 'manual__2025-04-10T09:49:24.777495+00:00', '--job-id', '177', '--raw', '--subdir', 'DAGS_FOLDER/beer_data_processing_dag.py', '--cfg-path', '/tmp/tmp21v3y743']
[2025-04-10T09:50:05.105+0000] {logging_mixin.py:190} WARNING - /home/***/.local/lib/python3.12/site-packages/***/task/task_runner/standard_task_runner.py:70 DeprecationWarning: This process (pid=22732) is multi-threaded, use of fork() may lead to deadlocks in the child.
[2025-04-10T09:50:05.108+0000] {standard_task_runner.py:105} INFO - Job 177: Subtask create_dim_brewery
[2025-04-10T09:50:05.108+0000] {standard_task_runner.py:72} INFO - Started process 22803 to run task
[2025-04-10T09:50:05.509+0000] {task_command.py:467} INFO - Running <TaskInstance: beer_data_processing.create_dim_brewery manual__2025-04-10T09:49:24.777495+00:00 [running]> on host abcc0ba2292b
[2025-04-10T09:50:06.635+0000] {taskinstance.py:3134} INFO - Exporting env vars: AIRFLOW_CTX_DAG_OWNER='***' AIRFLOW_CTX_DAG_ID='beer_data_processing' AIRFLOW_CTX_TASK_ID='create_dim_brewery' AIRFLOW_CTX_EXECUTION_DATE='2025-04-10T09:49:24.777495+00:00' AIRFLOW_CTX_TRY_NUMBER='1' AIRFLOW_CTX_DAG_RUN_ID='manual__2025-04-10T09:49:24.777495+00:00'
[2025-04-10T09:50:06.654+0000] {logging_mixin.py:190} INFO - Task instance is in running state
[2025-04-10T09:50:06.663+0000] {logging_mixin.py:190} INFO -  Previous state of the Task instance: queued
[2025-04-10T09:50:06.669+0000] {logging_mixin.py:190} INFO - Current task name:create_dim_brewery state:running start_date:2025-04-10 09:50:04.966974+00:00
[2025-04-10T09:50:06.674+0000] {logging_mixin.py:190} INFO - Dag name:beer_data_processing and current dag run status:running
[2025-04-10T09:50:06.678+0000] {taskinstance.py:732} INFO - ::endgroup::
[2025-04-10T09:50:06.955+0000] {logging_mixin.py:190} WARNING - /opt/***/dags/beer_data_processing_dag.py:149 FutureWarning: Passing literal json to 'read_json' is deprecated and will be removed in a future version. To read from a literal string, wrap it in a 'StringIO' object.
[2025-04-10T09:50:07.344+0000] {base.py:84} INFO - Retrieving connection 'postgres_conn'
[2025-04-10T09:50:08.934+0000] {logging_mixin.py:190} INFO - Створено датасет dim_brewery з 934 записами
[2025-04-10T09:50:08.951+0000] {python.py:240} INFO - Done. Returned value was: True
[2025-04-10T09:50:09.080+0000] {taskinstance.py:341} INFO - ::group::Post task execution logs
[2025-04-10T09:50:09.084+0000] {taskinstance.py:353} INFO - Marking task as SUCCESS. dag_id=beer_data_processing, task_id=create_dim_brewery, run_id=manual__2025-04-10T09:49:24.777495+00:00, execution_date=20250410T094924, start_date=20250410T095004, end_date=20250410T095009
[2025-04-10T09:50:09.304+0000] {logging_mixin.py:190} INFO - Task instance in success state
[2025-04-10T09:50:09.307+0000] {logging_mixin.py:190} INFO -  Previous state of the Task instance: running
[2025-04-10T09:50:09.317+0000] {logging_mixin.py:190} INFO - Dag name:beer_data_processing queued_at:2025-04-10 09:49:25.094288+00:00
[2025-04-10T09:50:09.339+0000] {logging_mixin.py:190} INFO - Task hostname:abcc0ba2292b operator:PythonOperator
[2025-04-10T09:50:09.435+0000] {local_task_job_runner.py:266} INFO - Task exited with return code 0
[2025-04-10T09:50:09.584+0000] {local_task_job_runner.py:245} INFO - ::endgroup::
