[2025-04-16T12:47:39.808+0000] {local_task_job_runner.py:123} INFO - ::group::Pre task execution logs
[2025-04-16T12:47:40.986+0000] {taskinstance.py:2614} INFO - Dependencies all met for dep_context=non-requeueable deps ti=<TaskInstance: beer_data_processing.process_min_max scheduled__2025-04-15T00:00:00+00:00 [queued]>
[2025-04-16T12:47:41.326+0000] {taskinstance.py:2614} INFO - Dependencies all met for dep_context=requeueable deps ti=<TaskInstance: beer_data_processing.process_min_max scheduled__2025-04-15T00:00:00+00:00 [queued]>
[2025-04-16T12:47:41.344+0000] {taskinstance.py:2867} INFO - Starting attempt 1 of 6
[2025-04-16T12:47:41.641+0000] {taskinstance.py:2890} INFO - Executing <Task(PythonOperator): process_min_max> on 2025-04-15 00:00:00+00:00
[2025-04-16T12:47:42.196+0000] {standard_task_runner.py:104} INFO - Running: ['***', 'tasks', 'run', 'beer_data_processing', 'process_min_max', 'scheduled__2025-04-15T00:00:00+00:00', '--job-id', '334', '--raw', '--subdir', 'DAGS_FOLDER/beer_data_processing_dag.py', '--cfg-path', '/tmp/tmpve4lwt93']
[2025-04-16T12:47:42.270+0000] {standard_task_runner.py:105} INFO - Job 334: Subtask process_min_max
[2025-04-16T12:47:42.330+0000] {logging_mixin.py:190} WARNING - /home/***/.local/lib/python3.12/site-packages/***/task/task_runner/standard_task_runner.py:70 DeprecationWarning: This process (pid=776) is multi-threaded, use of fork() may lead to deadlocks in the child.
[2025-04-16T12:47:42.351+0000] {standard_task_runner.py:72} INFO - Started process 1144 to run task
[2025-04-16T12:47:43.366+0000] {task_command.py:467} INFO - Running <TaskInstance: beer_data_processing.process_min_max scheduled__2025-04-15T00:00:00+00:00 [running]> on host 3e53738720c8
[2025-04-16T12:47:44.822+0000] {taskinstance.py:3134} INFO - Exporting env vars: AIRFLOW_CTX_DAG_OWNER='***' AIRFLOW_CTX_DAG_ID='beer_data_processing' AIRFLOW_CTX_TASK_ID='process_min_max' AIRFLOW_CTX_EXECUTION_DATE='2025-04-15T00:00:00+00:00' AIRFLOW_CTX_TRY_NUMBER='1' AIRFLOW_CTX_DAG_RUN_ID='scheduled__2025-04-15T00:00:00+00:00'
[2025-04-16T12:47:44.851+0000] {logging_mixin.py:190} INFO - Task instance is in running state
[2025-04-16T12:47:44.877+0000] {logging_mixin.py:190} INFO -  Previous state of the Task instance: queued
[2025-04-16T12:47:44.882+0000] {logging_mixin.py:190} INFO - Current task name:process_min_max state:running start_date:2025-04-16 12:47:40.989492+00:00
[2025-04-16T12:47:44.883+0000] {logging_mixin.py:190} INFO - Dag name:beer_data_processing and current dag run status:running
[2025-04-16T12:47:44.886+0000] {taskinstance.py:732} INFO - ::endgroup::
[2025-04-16T12:47:48.972+0000] {python.py:240} INFO - Done. Returned value was: True
[2025-04-16T12:47:49.680+0000] {taskinstance.py:341} INFO - ::group::Post task execution logs
[2025-04-16T12:47:49.686+0000] {taskinstance.py:353} INFO - Marking task as SUCCESS. dag_id=beer_data_processing, task_id=process_min_max, run_id=scheduled__2025-04-15T00:00:00+00:00, execution_date=20250415T000000, start_date=20250416T124740, end_date=20250416T124749
[2025-04-16T12:47:50.050+0000] {logging_mixin.py:190} INFO - Task instance in success state
[2025-04-16T12:47:50.065+0000] {logging_mixin.py:190} INFO -  Previous state of the Task instance: running
[2025-04-16T12:47:50.075+0000] {logging_mixin.py:190} INFO - Dag name:beer_data_processing queued_at:2025-04-16 12:42:12.417120+00:00
[2025-04-16T12:47:50.077+0000] {logging_mixin.py:190} INFO - Task hostname:3e53738720c8 operator:PythonOperator
[2025-04-16T12:47:50.252+0000] {local_task_job_runner.py:266} INFO - Task exited with return code 0
[2025-04-16T12:47:50.474+0000] {local_task_job_runner.py:245} INFO - ::endgroup::
