[2025-04-16T12:47:38.538+0000] {local_task_job_runner.py:123} INFO - ::group::Pre task execution logs
[2025-04-16T12:47:39.124+0000] {taskinstance.py:2614} INFO - Dependencies all met for dep_context=non-requeueable deps ti=<TaskInstance: beer_data_processing.process_min_max scheduled__2025-04-14T00:00:00+00:00 [queued]>
[2025-04-16T12:47:39.210+0000] {taskinstance.py:2614} INFO - Dependencies all met for dep_context=requeueable deps ti=<TaskInstance: beer_data_processing.process_min_max scheduled__2025-04-14T00:00:00+00:00 [queued]>
[2025-04-16T12:47:39.212+0000] {taskinstance.py:2867} INFO - Starting attempt 1 of 6
[2025-04-16T12:47:39.922+0000] {taskinstance.py:2890} INFO - Executing <Task(PythonOperator): process_min_max> on 2025-04-14 00:00:00+00:00
[2025-04-16T12:47:41.523+0000] {standard_task_runner.py:104} INFO - Running: ['***', 'tasks', 'run', 'beer_data_processing', 'process_min_max', 'scheduled__2025-04-14T00:00:00+00:00', '--job-id', '333', '--raw', '--subdir', 'DAGS_FOLDER/beer_data_processing_dag.py', '--cfg-path', '/tmp/tmp4oip22gr']
[2025-04-16T12:47:41.581+0000] {standard_task_runner.py:105} INFO - Job 333: Subtask process_min_max
[2025-04-16T12:47:41.588+0000] {logging_mixin.py:190} WARNING - /home/***/.local/lib/python3.12/site-packages/***/task/task_runner/standard_task_runner.py:70 DeprecationWarning: This process (pid=777) is multi-threaded, use of fork() may lead to deadlocks in the child.
[2025-04-16T12:47:41.599+0000] {standard_task_runner.py:72} INFO - Started process 1142 to run task
[2025-04-16T12:47:42.742+0000] {task_command.py:467} INFO - Running <TaskInstance: beer_data_processing.process_min_max scheduled__2025-04-14T00:00:00+00:00 [running]> on host 3e53738720c8
[2025-04-16T12:47:44.292+0000] {taskinstance.py:3134} INFO - Exporting env vars: AIRFLOW_CTX_DAG_OWNER='***' AIRFLOW_CTX_DAG_ID='beer_data_processing' AIRFLOW_CTX_TASK_ID='process_min_max' AIRFLOW_CTX_EXECUTION_DATE='2025-04-14T00:00:00+00:00' AIRFLOW_CTX_TRY_NUMBER='1' AIRFLOW_CTX_DAG_RUN_ID='scheduled__2025-04-14T00:00:00+00:00'
[2025-04-16T12:47:44.309+0000] {logging_mixin.py:190} INFO - Task instance is in running state
[2025-04-16T12:47:44.312+0000] {logging_mixin.py:190} INFO -  Previous state of the Task instance: queued
[2025-04-16T12:47:44.314+0000] {logging_mixin.py:190} INFO - Current task name:process_min_max state:running start_date:2025-04-16 12:47:39.127430+00:00
[2025-04-16T12:47:44.317+0000] {logging_mixin.py:190} INFO - Dag name:beer_data_processing and current dag run status:running
[2025-04-16T12:47:44.324+0000] {taskinstance.py:732} INFO - ::endgroup::
[2025-04-16T12:47:48.443+0000] {python.py:240} INFO - Done. Returned value was: True
[2025-04-16T12:47:48.905+0000] {taskinstance.py:341} INFO - ::group::Post task execution logs
[2025-04-16T12:47:48.926+0000] {taskinstance.py:353} INFO - Marking task as SUCCESS. dag_id=beer_data_processing, task_id=process_min_max, run_id=scheduled__2025-04-14T00:00:00+00:00, execution_date=20250414T000000, start_date=20250416T124739, end_date=20250416T124748
[2025-04-16T12:47:49.647+0000] {logging_mixin.py:190} INFO - Task instance in success state
[2025-04-16T12:47:49.671+0000] {logging_mixin.py:190} INFO -  Previous state of the Task instance: running
[2025-04-16T12:47:49.677+0000] {logging_mixin.py:190} INFO - Dag name:beer_data_processing queued_at:2025-04-16 12:42:08.084545+00:00
[2025-04-16T12:47:49.689+0000] {logging_mixin.py:190} INFO - Task hostname:3e53738720c8 operator:PythonOperator
[2025-04-16T12:47:49.992+0000] {local_task_job_runner.py:266} INFO - Task exited with return code 0
[2025-04-16T12:47:50.262+0000] {local_task_job_runner.py:245} INFO - ::endgroup::
