[2025-04-17T12:29:00.148+0000] {local_task_job_runner.py:123} INFO - ::group::Pre task execution logs
[2025-04-17T12:29:00.508+0000] {taskinstance.py:2614} INFO - Dependencies all met for dep_context=non-requeueable deps ti=<TaskInstance: beer_data_processing.create_dim_style scheduled__2025-04-17T03:00:00+00:00 [queued]>
[2025-04-17T12:29:00.601+0000] {taskinstance.py:2614} INFO - Dependencies all met for dep_context=requeueable deps ti=<TaskInstance: beer_data_processing.create_dim_style scheduled__2025-04-17T03:00:00+00:00 [queued]>
[2025-04-17T12:29:00.666+0000] {taskinstance.py:2867} INFO - Starting attempt 1 of 6
[2025-04-17T12:29:01.331+0000] {taskinstance.py:2890} INFO - Executing <Task(PythonOperator): create_dim_style> on 2025-04-17 03:00:00+00:00
[2025-04-17T12:29:02.888+0000] {logging_mixin.py:190} WARNING - /home/***/.local/lib/python3.12/site-packages/***/task/task_runner/standard_task_runner.py:70 DeprecationWarning: This process (pid=3397) is multi-threaded, use of fork() may lead to deadlocks in the child.
[2025-04-17T12:29:02.981+0000] {standard_task_runner.py:72} INFO - Started process 3575 to run task
[2025-04-17T12:29:02.948+0000] {standard_task_runner.py:104} INFO - Running: ['***', 'tasks', 'run', 'beer_data_processing', 'create_dim_style', 'scheduled__2025-04-17T03:00:00+00:00', '--job-id', '1009', '--raw', '--subdir', 'DAGS_FOLDER/beer_data_processing_dag.py', '--cfg-path', '/tmp/tmp6tgsho1t']
[2025-04-17T12:29:03.122+0000] {standard_task_runner.py:105} INFO - Job 1009: Subtask create_dim_style
[2025-04-17T12:30:13.424+0000] {job.py:229} INFO - Heartbeat recovered after 75.11 seconds
[2025-04-17T12:30:41.441+0000] {job.py:229} INFO - Heartbeat recovered after 28.99 seconds
[2025-04-17T12:30:43.151+0000] {task_command.py:467} INFO - Running <TaskInstance: beer_data_processing.create_dim_style scheduled__2025-04-17T03:00:00+00:00 [running]> on host a0d0456bae2c
[2025-04-17T12:31:00.406+0000] {job.py:229} INFO - Heartbeat recovered after 19.03 seconds
[2025-04-17T12:31:09.495+0000] {taskinstance.py:3134} INFO - Exporting env vars: AIRFLOW_CTX_DAG_OWNER='***' AIRFLOW_CTX_DAG_ID='beer_data_processing' AIRFLOW_CTX_TASK_ID='create_dim_style' AIRFLOW_CTX_EXECUTION_DATE='2025-04-17T03:00:00+00:00' AIRFLOW_CTX_TRY_NUMBER='1' AIRFLOW_CTX_DAG_RUN_ID='scheduled__2025-04-17T03:00:00+00:00'
[2025-04-17T12:31:10.477+0000] {logging_mixin.py:190} INFO - Task instance is in running state
[2025-04-17T12:31:10.549+0000] {logging_mixin.py:190} INFO -  Previous state of the Task instance: queued
[2025-04-17T12:31:10.627+0000] {logging_mixin.py:190} INFO - Current task name:create_dim_style state:running start_date:2025-04-17 12:29:00.516304+00:00
[2025-04-17T12:31:10.679+0000] {logging_mixin.py:190} INFO - Dag name:beer_data_processing and current dag run status:running
[2025-04-17T12:31:10.721+0000] {taskinstance.py:732} INFO - ::endgroup::
[2025-04-17T12:31:23.920+0000] {job.py:229} INFO - Heartbeat recovered after 16.32 seconds
[2025-04-17T12:32:07.006+0000] {job.py:229} INFO - Heartbeat recovered after 47.58 seconds
[2025-04-17T12:32:11.426+0000] {base.py:84} INFO - Retrieving connection 'postgres_conn'
[2025-04-17T12:32:18.684+0000] {job.py:229} INFO - Heartbeat recovered after 17.94 seconds
[2025-04-17T12:32:19.065+0000] {logging_mixin.py:190} INFO - Створено датасет dim_style з 112 записами
[2025-04-17T12:32:19.583+0000] {python.py:240} INFO - Done. Returned value was: True
[2025-04-17T12:32:28.501+0000] {taskinstance.py:341} INFO - ::group::Post task execution logs
[2025-04-17T12:32:28.906+0000] {taskinstance.py:353} INFO - Marking task as SUCCESS. dag_id=beer_data_processing, task_id=create_dim_style, run_id=scheduled__2025-04-17T03:00:00+00:00, execution_date=20250417T030000, start_date=20250417T122900, end_date=20250417T123228
[2025-04-17T12:32:30.006+0000] {logging_mixin.py:190} INFO - Task instance in success state
[2025-04-17T12:32:30.036+0000] {logging_mixin.py:190} INFO -  Previous state of the Task instance: running
[2025-04-17T12:32:30.066+0000] {logging_mixin.py:190} INFO - Dag name:beer_data_processing queued_at:2025-04-17 11:36:07.227813+00:00
[2025-04-17T12:32:30.082+0000] {logging_mixin.py:190} INFO - Task hostname:a0d0456bae2c operator:PythonOperator
[2025-04-17T12:32:30.885+0000] {local_task_job_runner.py:266} INFO - Task exited with return code 0
[2025-04-17T12:32:31.173+0000] {standard_task_runner.py:217} INFO - Process not found (most likely exited), stop collecting metrics
[2025-04-17T12:32:33.552+0000] {taskinstance.py:3901} INFO - 0 downstream tasks scheduled from follow-on schedule check
[2025-04-17T12:32:33.713+0000] {local_task_job_runner.py:245} INFO - ::endgroup::
