[2025-04-16T14:10:56.023+0000] {local_task_job_runner.py:123} INFO - ::group::Pre task execution logs
[2025-04-16T14:10:56.804+0000] {taskinstance.py:2614} INFO - Dependencies all met for dep_context=non-requeueable deps ti=<TaskInstance: beer_data_processing.process_min_max manual__2025-04-16T14:04:28.765186+00:00 [queued]>
[2025-04-16T14:10:56.932+0000] {taskinstance.py:2614} INFO - Dependencies all met for dep_context=requeueable deps ti=<TaskInstance: beer_data_processing.process_min_max manual__2025-04-16T14:04:28.765186+00:00 [queued]>
[2025-04-16T14:10:56.944+0000] {taskinstance.py:2867} INFO - Starting attempt 2 of 6
[2025-04-16T14:10:57.132+0000] {taskinstance.py:2890} INFO - Executing <Task(PythonOperator): process_min_max> on 2025-04-16 14:04:28.765186+00:00
[2025-04-16T14:10:58.187+0000] {logging_mixin.py:190} WARNING - /home/***/.local/lib/python3.12/site-packages/***/task/task_runner/standard_task_runner.py:70 DeprecationWarning: This process (pid=35318) is multi-threaded, use of fork() may lead to deadlocks in the child.
[2025-04-16T14:10:58.404+0000] {standard_task_runner.py:72} INFO - Started process 35609 to run task
[2025-04-16T14:10:58.755+0000] {standard_task_runner.py:104} INFO - Running: ['***', 'tasks', 'run', 'beer_data_processing', 'process_min_max', 'manual__2025-04-16T14:04:28.765186+00:00', '--job-id', '532', '--raw', '--subdir', 'DAGS_FOLDER/beer_data_processing_dag.py', '--cfg-path', '/tmp/tmpzuikqpym']
[2025-04-16T14:10:58.797+0000] {standard_task_runner.py:105} INFO - Job 532: Subtask process_min_max
[2025-04-16T14:11:08.490+0000] {job.py:229} INFO - Heartbeat recovered after 13.20 seconds
[2025-04-16T14:11:19.449+0000] {task_command.py:467} INFO - Running <TaskInstance: beer_data_processing.process_min_max manual__2025-04-16T14:04:28.765186+00:00 [running]> on host 3e53738720c8
[2025-04-16T14:11:21.534+0000] {taskinstance.py:3134} INFO - Exporting env vars: AIRFLOW_CTX_DAG_OWNER='***' AIRFLOW_CTX_DAG_ID='beer_data_processing' AIRFLOW_CTX_TASK_ID='process_min_max' AIRFLOW_CTX_EXECUTION_DATE='2025-04-16T14:04:28.765186+00:00' AIRFLOW_CTX_TRY_NUMBER='2' AIRFLOW_CTX_DAG_RUN_ID='manual__2025-04-16T14:04:28.765186+00:00'
[2025-04-16T14:11:21.923+0000] {logging_mixin.py:190} INFO - Task instance is in running state
[2025-04-16T14:11:21.968+0000] {logging_mixin.py:190} INFO -  Previous state of the Task instance: queued
[2025-04-16T14:11:21.988+0000] {logging_mixin.py:190} INFO - Current task name:process_min_max state:running start_date:2025-04-16 14:10:56.807674+00:00
[2025-04-16T14:11:22.014+0000] {logging_mixin.py:190} INFO - Dag name:beer_data_processing and current dag run status:running
[2025-04-16T14:11:22.178+0000] {taskinstance.py:732} INFO - ::endgroup::
[2025-04-16T14:11:26.762+0000] {job.py:229} INFO - Heartbeat recovered after 18.60 seconds
[2025-04-16T14:11:54.482+0000] {job.py:229} INFO - Heartbeat recovered after 20.06 seconds
[2025-04-16T14:11:56.727+0000] {python.py:240} INFO - Done. Returned value was: True
[2025-04-16T14:12:15.170+0000] {job.py:229} INFO - Heartbeat recovered after 11.10 seconds
[2025-04-16T14:12:18.074+0000] {taskinstance.py:341} INFO - ::group::Post task execution logs
[2025-04-16T14:12:18.891+0000] {taskinstance.py:353} INFO - Marking task as SUCCESS. dag_id=beer_data_processing, task_id=process_min_max, run_id=manual__2025-04-16T14:04:28.765186+00:00, execution_date=20250416T140428, start_date=20250416T141056, end_date=20250416T141218
[2025-04-16T14:12:22.534+0000] {logging_mixin.py:190} INFO - Task instance in success state
[2025-04-16T14:12:22.641+0000] {logging_mixin.py:190} INFO -  Previous state of the Task instance: running
[2025-04-16T14:12:22.692+0000] {logging_mixin.py:190} INFO - Dag name:beer_data_processing queued_at:2025-04-16 14:04:29.123555+00:00
[2025-04-16T14:12:23.143+0000] {logging_mixin.py:190} INFO - Task hostname:3e53738720c8 operator:PythonOperator
[2025-04-16T14:12:24.768+0000] {local_task_job_runner.py:266} INFO - Task exited with return code 0
[2025-04-16T14:12:27.401+0000] {standard_task_runner.py:217} INFO - Process not found (most likely exited), stop collecting metrics
[2025-04-16T14:12:28.223+0000] {local_task_job_runner.py:245} INFO - ::endgroup::
