[2025-04-16T17:02:55.286+0000] {local_task_job_runner.py:123} INFO - ::group::Pre task execution logs
[2025-04-16T17:02:55.339+0000] {taskinstance.py:2614} INFO - Dependencies all met for dep_context=non-requeueable deps ti=<TaskInstance: beer_data_processing.create_dim_beer scheduled__2025-04-16T16:00:00+00:00 [queued]>
[2025-04-16T17:02:55.366+0000] {taskinstance.py:2614} INFO - Dependencies all met for dep_context=requeueable deps ti=<TaskInstance: beer_data_processing.create_dim_beer scheduled__2025-04-16T16:00:00+00:00 [queued]>
[2025-04-16T17:02:55.368+0000] {taskinstance.py:2867} INFO - Starting attempt 1 of 6
[2025-04-16T17:02:55.420+0000] {taskinstance.py:2890} INFO - Executing <Task(PythonOperator): create_dim_beer> on 2025-04-16 16:00:00+00:00
[2025-04-16T17:02:55.446+0000] {standard_task_runner.py:104} INFO - Running: ['***', 'tasks', 'run', 'beer_data_processing', 'create_dim_beer', 'scheduled__2025-04-16T16:00:00+00:00', '--job-id', '715', '--raw', '--subdir', 'DAGS_FOLDER/beer_data_processing_dag.py', '--cfg-path', '/tmp/tmpy85loypq']
[2025-04-16T17:02:55.454+0000] {standard_task_runner.py:105} INFO - Job 715: Subtask create_dim_beer
[2025-04-16T17:02:55.467+0000] {logging_mixin.py:190} WARNING - /home/***/.local/lib/python3.12/site-packages/***/task/task_runner/standard_task_runner.py:70 DeprecationWarning: This process (pid=12005) is multi-threaded, use of fork() may lead to deadlocks in the child.
[2025-04-16T17:02:55.470+0000] {standard_task_runner.py:72} INFO - Started process 12087 to run task
[2025-04-16T17:02:55.574+0000] {task_command.py:467} INFO - Running <TaskInstance: beer_data_processing.create_dim_beer scheduled__2025-04-16T16:00:00+00:00 [running]> on host 3e53738720c8
[2025-04-16T17:02:55.808+0000] {taskinstance.py:3134} INFO - Exporting env vars: AIRFLOW_CTX_DAG_OWNER='***' AIRFLOW_CTX_DAG_ID='beer_data_processing' AIRFLOW_CTX_TASK_ID='create_dim_beer' AIRFLOW_CTX_EXECUTION_DATE='2025-04-16T16:00:00+00:00' AIRFLOW_CTX_TRY_NUMBER='1' AIRFLOW_CTX_DAG_RUN_ID='scheduled__2025-04-16T16:00:00+00:00'
[2025-04-16T17:02:55.815+0000] {logging_mixin.py:190} INFO - Task instance is in running state
[2025-04-16T17:02:55.817+0000] {logging_mixin.py:190} INFO -  Previous state of the Task instance: queued
[2025-04-16T17:02:55.818+0000] {logging_mixin.py:190} INFO - Current task name:create_dim_beer state:running start_date:2025-04-16 17:02:55.341001+00:00
[2025-04-16T17:02:55.819+0000] {logging_mixin.py:190} INFO - Dag name:beer_data_processing and current dag run status:running
[2025-04-16T17:02:55.820+0000] {taskinstance.py:732} INFO - ::endgroup::
[2025-04-16T17:02:56.004+0000] {base.py:84} INFO - Retrieving connection 'postgres_conn'
[2025-04-16T17:02:58.170+0000] {logging_mixin.py:190} INFO - Створено датасет dim_beer з 3069 записами
[2025-04-16T17:02:58.173+0000] {python.py:240} INFO - Done. Returned value was: True
[2025-04-16T17:02:58.209+0000] {taskinstance.py:341} INFO - ::group::Post task execution logs
[2025-04-16T17:02:58.210+0000] {taskinstance.py:353} INFO - Marking task as SUCCESS. dag_id=beer_data_processing, task_id=create_dim_beer, run_id=scheduled__2025-04-16T16:00:00+00:00, execution_date=20250416T160000, start_date=20250416T170255, end_date=20250416T170258
[2025-04-16T17:02:58.254+0000] {logging_mixin.py:190} INFO - Task instance in success state
[2025-04-16T17:02:58.255+0000] {logging_mixin.py:190} INFO -  Previous state of the Task instance: running
[2025-04-16T17:02:58.256+0000] {logging_mixin.py:190} INFO - Dag name:beer_data_processing queued_at:2025-04-16 17:00:00.441202+00:00
[2025-04-16T17:02:58.256+0000] {logging_mixin.py:190} INFO - Task hostname:3e53738720c8 operator:PythonOperator
[2025-04-16T17:02:58.307+0000] {local_task_job_runner.py:266} INFO - Task exited with return code 0
[2025-04-16T17:02:58.379+0000] {taskinstance.py:3901} INFO - 1 downstream tasks scheduled from follow-on schedule check
[2025-04-16T17:02:58.383+0000] {local_task_job_runner.py:245} INFO - ::endgroup::
