[2025-04-16T13:42:51.026+0000] {local_task_job_runner.py:123} INFO - ::group::Pre task execution logs
[2025-04-16T13:42:51.065+0000] {taskinstance.py:2614} INFO - Dependencies all met for dep_context=non-requeueable deps ti=<TaskInstance: beer_data_processing.load_and_process_data manual__2025-04-16T13:42:37.598033+00:00 [queued]>
[2025-04-16T13:42:51.086+0000] {taskinstance.py:2614} INFO - Dependencies all met for dep_context=requeueable deps ti=<TaskInstance: beer_data_processing.load_and_process_data manual__2025-04-16T13:42:37.598033+00:00 [queued]>
[2025-04-16T13:42:51.087+0000] {taskinstance.py:2867} INFO - Starting attempt 1 of 6
[2025-04-16T13:42:51.112+0000] {taskinstance.py:2890} INFO - Executing <Task(PythonOperator): load_and_process_data> on 2025-04-16 13:42:37.598033+00:00
[2025-04-16T13:42:51.131+0000] {standard_task_runner.py:104} INFO - Running: ['***', 'tasks', 'run', 'beer_data_processing', 'load_and_process_data', 'manual__2025-04-16T13:42:37.598033+00:00', '--job-id', '500', '--raw', '--subdir', 'DAGS_FOLDER/beer_data_processing_dag.py', '--cfg-path', '/tmp/tmpygm6v9rr']
[2025-04-16T13:42:51.133+0000] {logging_mixin.py:190} WARNING - /home/***/.local/lib/python3.12/site-packages/***/task/task_runner/standard_task_runner.py:70 DeprecationWarning: This process (pid=21868) is multi-threaded, use of fork() may lead to deadlocks in the child.
[2025-04-16T13:42:51.134+0000] {standard_task_runner.py:105} INFO - Job 500: Subtask load_and_process_data
[2025-04-16T13:42:51.135+0000] {standard_task_runner.py:72} INFO - Started process 21895 to run task
[2025-04-16T13:42:51.204+0000] {task_command.py:467} INFO - Running <TaskInstance: beer_data_processing.load_and_process_data manual__2025-04-16T13:42:37.598033+00:00 [running]> on host 3e53738720c8
[2025-04-16T13:42:51.352+0000] {taskinstance.py:3134} INFO - Exporting env vars: AIRFLOW_CTX_DAG_OWNER='***' AIRFLOW_CTX_DAG_ID='beer_data_processing' AIRFLOW_CTX_TASK_ID='load_and_process_data' AIRFLOW_CTX_EXECUTION_DATE='2025-04-16T13:42:37.598033+00:00' AIRFLOW_CTX_TRY_NUMBER='1' AIRFLOW_CTX_DAG_RUN_ID='manual__2025-04-16T13:42:37.598033+00:00'
[2025-04-16T13:42:51.355+0000] {logging_mixin.py:190} INFO - Task instance is in running state
[2025-04-16T13:42:51.356+0000] {logging_mixin.py:190} INFO -  Previous state of the Task instance: queued
[2025-04-16T13:42:51.357+0000] {logging_mixin.py:190} INFO - Current task name:load_and_process_data state:running start_date:2025-04-16 13:42:51.067090+00:00
[2025-04-16T13:42:51.357+0000] {logging_mixin.py:190} INFO - Dag name:beer_data_processing and current dag run status:running
[2025-04-16T13:42:51.358+0000] {taskinstance.py:732} INFO - ::endgroup::
[2025-04-16T13:42:51.640+0000] {logging_mixin.py:190} INFO - Завантажено 3197 записів з CSV файлу
[2025-04-16T13:42:51.642+0000] {python.py:240} INFO - Done. Returned value was: True
[2025-04-16T13:42:51.678+0000] {taskinstance.py:341} INFO - ::group::Post task execution logs
[2025-04-16T13:42:51.680+0000] {taskinstance.py:353} INFO - Marking task as SUCCESS. dag_id=beer_data_processing, task_id=load_and_process_data, run_id=manual__2025-04-16T13:42:37.598033+00:00, execution_date=20250416T134237, start_date=20250416T134251, end_date=20250416T134251
[2025-04-16T13:42:51.730+0000] {logging_mixin.py:190} INFO - Task instance in success state
[2025-04-16T13:42:51.733+0000] {logging_mixin.py:190} INFO -  Previous state of the Task instance: running
[2025-04-16T13:42:51.734+0000] {logging_mixin.py:190} INFO - Dag name:beer_data_processing queued_at:2025-04-16 13:42:37.877207+00:00
[2025-04-16T13:42:51.736+0000] {logging_mixin.py:190} INFO - Task hostname:3e53738720c8 operator:PythonOperator
[2025-04-16T13:42:51.794+0000] {local_task_job_runner.py:266} INFO - Task exited with return code 0
[2025-04-16T13:42:51.873+0000] {taskinstance.py:3901} INFO - 7 downstream tasks scheduled from follow-on schedule check
[2025-04-16T13:42:51.877+0000] {local_task_job_runner.py:245} INFO - ::endgroup::
