[2025-04-16T16:10:11.515+0000] {local_task_job_runner.py:123} INFO - ::group::Pre task execution logs
[2025-04-16T16:10:11.697+0000] {taskinstance.py:2614} INFO - Dependencies all met for dep_context=non-requeueable deps ti=<TaskInstance: beer_data_processing.create_dim_brewery scheduled__2025-04-16T08:00:00+00:00 [queued]>
[2025-04-16T16:10:11.770+0000] {taskinstance.py:2614} INFO - Dependencies all met for dep_context=requeueable deps ti=<TaskInstance: beer_data_processing.create_dim_brewery scheduled__2025-04-16T08:00:00+00:00 [queued]>
[2025-04-16T16:10:11.777+0000] {taskinstance.py:2867} INFO - Starting attempt 1 of 6
[2025-04-16T16:10:12.106+0000] {taskinstance.py:2890} INFO - Executing <Task(PythonOperator): create_dim_brewery> on 2025-04-16 08:00:00+00:00
[2025-04-16T16:10:12.395+0000] {logging_mixin.py:190} WARNING - /home/***/.local/lib/python3.12/site-packages/***/task/task_runner/standard_task_runner.py:70 DeprecationWarning: This process (pid=2963) is multi-threaded, use of fork() may lead to deadlocks in the child.
[2025-04-16T16:10:12.394+0000] {standard_task_runner.py:104} INFO - Running: ['***', 'tasks', 'run', 'beer_data_processing', 'create_dim_brewery', 'scheduled__2025-04-16T08:00:00+00:00', '--job-id', '667', '--raw', '--subdir', 'DAGS_FOLDER/beer_data_processing_dag.py', '--cfg-path', '/tmp/tmpr91jnjh5']
[2025-04-16T16:10:12.406+0000] {standard_task_runner.py:72} INFO - Started process 3290 to run task
[2025-04-16T16:10:12.408+0000] {standard_task_runner.py:105} INFO - Job 667: Subtask create_dim_brewery
[2025-04-16T16:10:13.249+0000] {task_command.py:467} INFO - Running <TaskInstance: beer_data_processing.create_dim_brewery scheduled__2025-04-16T08:00:00+00:00 [running]> on host 3e53738720c8
[2025-04-16T16:10:14.491+0000] {taskinstance.py:3134} INFO - Exporting env vars: AIRFLOW_CTX_DAG_OWNER='***' AIRFLOW_CTX_DAG_ID='beer_data_processing' AIRFLOW_CTX_TASK_ID='create_dim_brewery' AIRFLOW_CTX_EXECUTION_DATE='2025-04-16T08:00:00+00:00' AIRFLOW_CTX_TRY_NUMBER='1' AIRFLOW_CTX_DAG_RUN_ID='scheduled__2025-04-16T08:00:00+00:00'
[2025-04-16T16:10:14.999+0000] {logging_mixin.py:190} INFO - Task instance is in running state
[2025-04-16T16:10:15.009+0000] {logging_mixin.py:190} INFO -  Previous state of the Task instance: queued
[2025-04-16T16:10:15.015+0000] {logging_mixin.py:190} INFO - Current task name:create_dim_brewery state:running start_date:2025-04-16 16:10:11.702018+00:00
[2025-04-16T16:10:15.018+0000] {logging_mixin.py:190} INFO - Dag name:beer_data_processing and current dag run status:running
[2025-04-16T16:10:15.060+0000] {taskinstance.py:732} INFO - ::endgroup::
[2025-04-16T16:10:17.702+0000] {base.py:84} INFO - Retrieving connection 'postgres_conn'
[2025-04-16T16:10:20.215+0000] {logging_mixin.py:190} INFO - Створено датасет dim_brewery з 935 записами
[2025-04-16T16:10:20.240+0000] {python.py:240} INFO - Done. Returned value was: True
[2025-04-16T16:10:20.703+0000] {taskinstance.py:341} INFO - ::group::Post task execution logs
[2025-04-16T16:10:20.711+0000] {taskinstance.py:353} INFO - Marking task as SUCCESS. dag_id=beer_data_processing, task_id=create_dim_brewery, run_id=scheduled__2025-04-16T08:00:00+00:00, execution_date=20250416T080000, start_date=20250416T161011, end_date=20250416T161020
[2025-04-16T16:10:21.778+0000] {logging_mixin.py:190} INFO - Task instance in success state
[2025-04-16T16:10:21.791+0000] {logging_mixin.py:190} INFO -  Previous state of the Task instance: running
[2025-04-16T16:10:21.821+0000] {logging_mixin.py:190} INFO - Dag name:beer_data_processing queued_at:2025-04-16 15:07:09.591370+00:00
[2025-04-16T16:10:21.843+0000] {logging_mixin.py:190} INFO - Task hostname:3e53738720c8 operator:PythonOperator
[2025-04-16T16:10:22.156+0000] {local_task_job_runner.py:266} INFO - Task exited with return code 0
[2025-04-16T16:10:22.442+0000] {local_task_job_runner.py:245} INFO - ::endgroup::
