[2025-04-10T13:32:40.770+0000] {local_task_job_runner.py:123} INFO - ::group::Pre task execution logs
[2025-04-10T13:32:40.819+0000] {taskinstance.py:2614} INFO - Dependencies all met for dep_context=non-requeueable deps ti=<TaskInstance: beer_data_processing.create_dim_beer manual__2025-04-10T13:31:23.952261+00:00 [queued]>
[2025-04-10T13:32:40.845+0000] {taskinstance.py:2614} INFO - Dependencies all met for dep_context=requeueable deps ti=<TaskInstance: beer_data_processing.create_dim_beer manual__2025-04-10T13:31:23.952261+00:00 [queued]>
[2025-04-10T13:32:40.846+0000] {taskinstance.py:2867} INFO - Starting attempt 1 of 6
[2025-04-10T13:32:40.882+0000] {taskinstance.py:2890} INFO - Executing <Task(PythonOperator): create_dim_beer> on 2025-04-10 13:31:23.952261+00:00
[2025-04-10T13:32:40.921+0000] {standard_task_runner.py:104} INFO - Running: ['***', 'tasks', 'run', 'beer_data_processing', 'create_dim_beer', 'manual__2025-04-10T13:31:23.952261+00:00', '--job-id', '271', '--raw', '--subdir', 'DAGS_FOLDER/beer_data_processing_dag.py', '--cfg-path', '/tmp/tmp1yi8gunw']
[2025-04-10T13:32:40.927+0000] {standard_task_runner.py:105} INFO - Job 271: Subtask create_dim_beer
[2025-04-10T13:32:40.943+0000] {logging_mixin.py:190} WARNING - /home/***/.local/lib/python3.12/site-packages/***/task/task_runner/standard_task_runner.py:70 DeprecationWarning: This process (pid=7128) is multi-threaded, use of fork() may lead to deadlocks in the child.
[2025-04-10T13:32:40.947+0000] {standard_task_runner.py:72} INFO - Started process 7185 to run task
[2025-04-10T13:32:41.064+0000] {task_command.py:467} INFO - Running <TaskInstance: beer_data_processing.create_dim_beer manual__2025-04-10T13:31:23.952261+00:00 [running]> on host 3e53738720c8
[2025-04-10T13:32:41.275+0000] {taskinstance.py:3134} INFO - Exporting env vars: AIRFLOW_CTX_DAG_OWNER='***' AIRFLOW_CTX_DAG_ID='beer_data_processing' AIRFLOW_CTX_TASK_ID='create_dim_beer' AIRFLOW_CTX_EXECUTION_DATE='2025-04-10T13:31:23.952261+00:00' AIRFLOW_CTX_TRY_NUMBER='1' AIRFLOW_CTX_DAG_RUN_ID='manual__2025-04-10T13:31:23.952261+00:00'
[2025-04-10T13:32:41.278+0000] {logging_mixin.py:190} INFO - Task instance is in running state
[2025-04-10T13:32:41.279+0000] {logging_mixin.py:190} INFO -  Previous state of the Task instance: queued
[2025-04-10T13:32:41.281+0000] {logging_mixin.py:190} INFO - Current task name:create_dim_beer state:running start_date:2025-04-10 13:32:40.821073+00:00
[2025-04-10T13:32:41.282+0000] {logging_mixin.py:190} INFO - Dag name:beer_data_processing and current dag run status:running
[2025-04-10T13:32:41.283+0000] {taskinstance.py:732} INFO - ::endgroup::
[2025-04-10T13:32:41.443+0000] {base.py:84} INFO - Retrieving connection 'postgres_conn'
[2025-04-10T13:32:43.751+0000] {logging_mixin.py:190} INFO - Створено датасет dim_beer з 3067 записами
[2025-04-10T13:32:43.755+0000] {python.py:240} INFO - Done. Returned value was: True
[2025-04-10T13:32:43.803+0000] {taskinstance.py:341} INFO - ::group::Post task execution logs
[2025-04-10T13:32:43.805+0000] {taskinstance.py:353} INFO - Marking task as SUCCESS. dag_id=beer_data_processing, task_id=create_dim_beer, run_id=manual__2025-04-10T13:31:23.952261+00:00, execution_date=20250410T133123, start_date=20250410T133240, end_date=20250410T133243
[2025-04-10T13:32:43.880+0000] {logging_mixin.py:190} INFO - Task instance in success state
[2025-04-10T13:32:43.906+0000] {logging_mixin.py:190} INFO -  Previous state of the Task instance: running
[2025-04-10T13:32:43.921+0000] {logging_mixin.py:190} INFO - Dag name:beer_data_processing queued_at:2025-04-10 13:31:24.539061+00:00
[2025-04-10T13:32:43.927+0000] {logging_mixin.py:190} INFO - Task hostname:3e53738720c8 operator:PythonOperator
[2025-04-10T13:32:44.000+0000] {local_task_job_runner.py:266} INFO - Task exited with return code 0
[2025-04-10T13:32:44.055+0000] {taskinstance.py:3901} INFO - 0 downstream tasks scheduled from follow-on schedule check
[2025-04-10T13:32:44.060+0000] {local_task_job_runner.py:245} INFO - ::endgroup::
