[2025-04-16T22:01:54.757+0000] {local_task_job_runner.py:123} INFO - ::group::Pre task execution logs
[2025-04-16T22:01:54.803+0000] {taskinstance.py:2614} INFO - Dependencies all met for dep_context=non-requeueable deps ti=<TaskInstance: beer_data_processing.check_file_exists scheduled__2025-04-16T21:00:00+00:00 [queued]>
[2025-04-16T22:01:54.824+0000] {taskinstance.py:2614} INFO - Dependencies all met for dep_context=requeueable deps ti=<TaskInstance: beer_data_processing.check_file_exists scheduled__2025-04-16T21:00:00+00:00 [queued]>
[2025-04-16T22:01:54.826+0000] {taskinstance.py:2867} INFO - Starting attempt 1 of 6
[2025-04-16T22:01:54.870+0000] {taskinstance.py:2890} INFO - Executing <Task(FileSensor): check_file_exists> on 2025-04-16 21:00:00+00:00
[2025-04-16T22:01:54.911+0000] {standard_task_runner.py:104} INFO - Running: ['***', 'tasks', 'run', 'beer_data_processing', 'check_file_exists', 'scheduled__2025-04-16T21:00:00+00:00', '--job-id', '839', '--raw', '--subdir', 'DAGS_FOLDER/beer_data_processing_dag.py', '--cfg-path', '/tmp/tmp3e36wzun']
[2025-04-16T22:01:54.916+0000] {standard_task_runner.py:105} INFO - Job 839: Subtask check_file_exists
[2025-04-16T22:01:54.926+0000] {logging_mixin.py:190} WARNING - /home/***/.local/lib/python3.12/site-packages/***/task/task_runner/standard_task_runner.py:70 DeprecationWarning: This process (pid=13925) is multi-threaded, use of fork() may lead to deadlocks in the child.
[2025-04-16T22:01:54.929+0000] {standard_task_runner.py:72} INFO - Started process 14027 to run task
[2025-04-16T22:01:55.036+0000] {task_command.py:467} INFO - Running <TaskInstance: beer_data_processing.check_file_exists scheduled__2025-04-16T21:00:00+00:00 [running]> on host a0d0456bae2c
[2025-04-16T22:01:55.297+0000] {taskinstance.py:3134} INFO - Exporting env vars: AIRFLOW_CTX_DAG_OWNER='***' AIRFLOW_CTX_DAG_ID='beer_data_processing' AIRFLOW_CTX_TASK_ID='check_file_exists' AIRFLOW_CTX_EXECUTION_DATE='2025-04-16T21:00:00+00:00' AIRFLOW_CTX_TRY_NUMBER='1' AIRFLOW_CTX_DAG_RUN_ID='scheduled__2025-04-16T21:00:00+00:00'
[2025-04-16T22:01:55.299+0000] {logging_mixin.py:190} INFO - Task instance is in running state
[2025-04-16T22:01:55.301+0000] {logging_mixin.py:190} INFO -  Previous state of the Task instance: queued
[2025-04-16T22:01:55.302+0000] {logging_mixin.py:190} INFO - Current task name:check_file_exists state:running start_date:2025-04-16 22:01:54.805498+00:00
[2025-04-16T22:01:55.303+0000] {logging_mixin.py:190} INFO - Dag name:beer_data_processing and current dag run status:running
[2025-04-16T22:01:55.304+0000] {taskinstance.py:732} INFO - ::endgroup::
[2025-04-16T22:01:55.306+0000] {baseoperator.py:423} WARNING - FileSensor.execute cannot be called outside TaskInstance!
[2025-04-16T22:01:55.326+0000] {base.py:84} INFO - Retrieving connection 'dataset_folder'
[2025-04-16T22:01:55.328+0000] {filesystem.py:109} INFO - Poking for file /opt/***/dags/data/beer_profile_and_ratings.csv
[2025-04-16T22:01:55.342+0000] {filesystem.py:113} INFO - Found File /opt/***/dags/data/beer_profile_and_ratings.csv last modified: 20250416145823
[2025-04-16T22:01:55.344+0000] {base.py:339} INFO - Success criteria met. Exiting.
[2025-04-16T22:01:55.345+0000] {filesystem.py:109} INFO - Poking for file /opt/***/dags/data/beer_profile_and_ratings.csv
[2025-04-16T22:01:55.359+0000] {filesystem.py:113} INFO - Found File /opt/***/dags/data/beer_profile_and_ratings.csv last modified: 20250416145823
[2025-04-16T22:01:55.382+0000] {taskinstance.py:341} INFO - ::group::Post task execution logs
[2025-04-16T22:01:55.384+0000] {taskinstance.py:353} INFO - Marking task as SUCCESS. dag_id=beer_data_processing, task_id=check_file_exists, run_id=scheduled__2025-04-16T21:00:00+00:00, execution_date=20250416T210000, start_date=20250416T220154, end_date=20250416T220155
[2025-04-16T22:01:55.445+0000] {logging_mixin.py:190} INFO - Task instance in success state
[2025-04-16T22:01:55.447+0000] {logging_mixin.py:190} INFO -  Previous state of the Task instance: running
[2025-04-16T22:01:55.449+0000] {logging_mixin.py:190} INFO - Dag name:beer_data_processing queued_at:2025-04-16 22:01:46.907373+00:00
[2025-04-16T22:01:55.450+0000] {logging_mixin.py:190} INFO - Task hostname:a0d0456bae2c operator:FileSensor
[2025-04-16T22:01:55.512+0000] {local_task_job_runner.py:266} INFO - Task exited with return code 0
[2025-04-16T22:01:55.597+0000] {taskinstance.py:3901} INFO - 1 downstream tasks scheduled from follow-on schedule check
[2025-04-16T22:01:55.602+0000] {local_task_job_runner.py:245} INFO - ::endgroup::
