[2025-04-17T12:15:42.072+0000] {local_task_job_runner.py:123} INFO - ::group::Pre task execution logs
[2025-04-17T12:15:42.124+0000] {taskinstance.py:2614} INFO - Dependencies all met for dep_context=non-requeueable deps ti=<TaskInstance: beer_data_processing.process_robust_scaler scheduled__2025-04-17T07:00:00+00:00 [queued]>
[2025-04-17T12:15:42.146+0000] {taskinstance.py:2614} INFO - Dependencies all met for dep_context=requeueable deps ti=<TaskInstance: beer_data_processing.process_robust_scaler scheduled__2025-04-17T07:00:00+00:00 [queued]>
[2025-04-17T12:15:42.147+0000] {taskinstance.py:2867} INFO - Starting attempt 1 of 6
[2025-04-17T12:15:42.175+0000] {taskinstance.py:2890} INFO - Executing <Task(PythonOperator): process_robust_scaler> on 2025-04-17 07:00:00+00:00
[2025-04-17T12:15:42.236+0000] {logging_mixin.py:190} WARNING - /home/***/.local/lib/python3.12/site-packages/***/task/task_runner/standard_task_runner.py:70 DeprecationWarning: This process (pid=1002) is multi-threaded, use of fork() may lead to deadlocks in the child.
[2025-04-17T12:15:42.222+0000] {standard_task_runner.py:104} INFO - Running: ['***', 'tasks', 'run', 'beer_data_processing', 'process_robust_scaler', 'scheduled__2025-04-17T07:00:00+00:00', '--job-id', '931', '--raw', '--subdir', 'DAGS_FOLDER/beer_data_processing_dag.py', '--cfg-path', '/tmp/tmpta_dw2o2']
[2025-04-17T12:15:42.240+0000] {standard_task_runner.py:105} INFO - Job 931: Subtask process_robust_scaler
[2025-04-17T12:15:42.240+0000] {standard_task_runner.py:72} INFO - Started process 1130 to run task
[2025-04-17T12:15:42.549+0000] {task_command.py:467} INFO - Running <TaskInstance: beer_data_processing.process_robust_scaler scheduled__2025-04-17T07:00:00+00:00 [running]> on host a0d0456bae2c
[2025-04-17T12:15:42.755+0000] {taskinstance.py:3134} INFO - Exporting env vars: AIRFLOW_CTX_DAG_OWNER='***' AIRFLOW_CTX_DAG_ID='beer_data_processing' AIRFLOW_CTX_TASK_ID='process_robust_scaler' AIRFLOW_CTX_EXECUTION_DATE='2025-04-17T07:00:00+00:00' AIRFLOW_CTX_TRY_NUMBER='1' AIRFLOW_CTX_DAG_RUN_ID='scheduled__2025-04-17T07:00:00+00:00'
[2025-04-17T12:15:42.759+0000] {logging_mixin.py:190} INFO - Task instance is in running state
[2025-04-17T12:15:42.761+0000] {logging_mixin.py:190} INFO -  Previous state of the Task instance: queued
[2025-04-17T12:15:42.762+0000] {logging_mixin.py:190} INFO - Current task name:process_robust_scaler state:running start_date:2025-04-17 12:15:42.125777+00:00
[2025-04-17T12:15:42.764+0000] {logging_mixin.py:190} INFO - Dag name:beer_data_processing and current dag run status:running
[2025-04-17T12:15:42.765+0000] {taskinstance.py:732} INFO - ::endgroup::
[2025-04-17T12:15:43.006+0000] {logging_mixin.py:190} INFO - Robust Scaling Example - Original: {'ABV': 10.0, 'Min IBU': 60.0, 'Max IBU': 100.0, 'number_of_reviews': 218.0}
[2025-04-17T12:15:43.008+0000] {logging_mixin.py:190} INFO - Robust Scaling Example - Scaled: {'ABV': 1.5384615384615388, 'Min IBU': 4.0, 'Max IBU': 3.25, 'number_of_reviews': 0.4789272030651341}
[2025-04-17T12:15:43.255+0000] {python.py:240} INFO - Done. Returned value was: True
[2025-04-17T12:15:43.388+0000] {taskinstance.py:341} INFO - ::group::Post task execution logs
[2025-04-17T12:15:43.389+0000] {taskinstance.py:353} INFO - Marking task as SUCCESS. dag_id=beer_data_processing, task_id=process_robust_scaler, run_id=scheduled__2025-04-17T07:00:00+00:00, execution_date=20250417T070000, start_date=20250417T121542, end_date=20250417T121543
[2025-04-17T12:15:43.717+0000] {logging_mixin.py:190} INFO - Task instance in success state
[2025-04-17T12:15:43.719+0000] {logging_mixin.py:190} INFO -  Previous state of the Task instance: running
[2025-04-17T12:15:43.727+0000] {logging_mixin.py:190} INFO - Dag name:beer_data_processing queued_at:2025-04-17 11:36:13.400803+00:00
[2025-04-17T12:15:43.734+0000] {logging_mixin.py:190} INFO - Task hostname:a0d0456bae2c operator:PythonOperator
[2025-04-17T12:15:43.849+0000] {local_task_job_runner.py:266} INFO - Task exited with return code 0
[2025-04-17T12:15:43.971+0000] {taskinstance.py:3901} INFO - 1 downstream tasks scheduled from follow-on schedule check
[2025-04-17T12:15:43.977+0000] {local_task_job_runner.py:245} INFO - ::endgroup::
