[2025-04-10T13:32:40.770+0000] {local_task_job_runner.py:123} INFO - ::group::Pre task execution logs
[2025-04-10T13:32:40.817+0000] {taskinstance.py:2614} INFO - Dependencies all met for dep_context=non-requeueable deps ti=<TaskInstance: beer_data_processing.create_dim_brewery manual__2025-04-10T13:31:23.952261+00:00 [queued]>
[2025-04-10T13:32:40.840+0000] {taskinstance.py:2614} INFO - Dependencies all met for dep_context=requeueable deps ti=<TaskInstance: beer_data_processing.create_dim_brewery manual__2025-04-10T13:31:23.952261+00:00 [queued]>
[2025-04-10T13:32:40.842+0000] {taskinstance.py:2867} INFO - Starting attempt 1 of 6
[2025-04-10T13:32:40.871+0000] {taskinstance.py:2890} INFO - Executing <Task(PythonOperator): create_dim_brewery> on 2025-04-10 13:31:23.952261+00:00
[2025-04-10T13:32:40.909+0000] {standard_task_runner.py:104} INFO - Running: ['***', 'tasks', 'run', 'beer_data_processing', 'create_dim_brewery', 'manual__2025-04-10T13:31:23.952261+00:00', '--job-id', '270', '--raw', '--subdir', 'DAGS_FOLDER/beer_data_processing_dag.py', '--cfg-path', '/tmp/tmp7w9nwsif']
[2025-04-10T13:32:40.919+0000] {standard_task_runner.py:105} INFO - Job 270: Subtask create_dim_brewery
[2025-04-10T13:32:40.930+0000] {logging_mixin.py:190} WARNING - /home/***/.local/lib/python3.12/site-packages/***/task/task_runner/standard_task_runner.py:70 DeprecationWarning: This process (pid=7127) is multi-threaded, use of fork() may lead to deadlocks in the child.
[2025-04-10T13:32:40.933+0000] {standard_task_runner.py:72} INFO - Started process 7184 to run task
[2025-04-10T13:32:41.062+0000] {task_command.py:467} INFO - Running <TaskInstance: beer_data_processing.create_dim_brewery manual__2025-04-10T13:31:23.952261+00:00 [running]> on host 3e53738720c8
[2025-04-10T13:32:41.287+0000] {taskinstance.py:3134} INFO - Exporting env vars: AIRFLOW_CTX_DAG_OWNER='***' AIRFLOW_CTX_DAG_ID='beer_data_processing' AIRFLOW_CTX_TASK_ID='create_dim_brewery' AIRFLOW_CTX_EXECUTION_DATE='2025-04-10T13:31:23.952261+00:00' AIRFLOW_CTX_TRY_NUMBER='1' AIRFLOW_CTX_DAG_RUN_ID='manual__2025-04-10T13:31:23.952261+00:00'
[2025-04-10T13:32:41.292+0000] {logging_mixin.py:190} INFO - Task instance is in running state
[2025-04-10T13:32:41.293+0000] {logging_mixin.py:190} INFO -  Previous state of the Task instance: queued
[2025-04-10T13:32:41.294+0000] {logging_mixin.py:190} INFO - Current task name:create_dim_brewery state:running start_date:2025-04-10 13:32:40.818610+00:00
[2025-04-10T13:32:41.297+0000] {logging_mixin.py:190} INFO - Dag name:beer_data_processing and current dag run status:running
[2025-04-10T13:32:41.298+0000] {taskinstance.py:732} INFO - ::endgroup::
[2025-04-10T13:32:41.441+0000] {base.py:84} INFO - Retrieving connection 'postgres_conn'
[2025-04-10T13:32:42.264+0000] {logging_mixin.py:190} INFO - Створено датасет dim_brewery з 3998 записами
[2025-04-10T13:32:42.269+0000] {python.py:240} INFO - Done. Returned value was: True
[2025-04-10T13:32:42.322+0000] {taskinstance.py:341} INFO - ::group::Post task execution logs
[2025-04-10T13:32:42.325+0000] {taskinstance.py:353} INFO - Marking task as SUCCESS. dag_id=beer_data_processing, task_id=create_dim_brewery, run_id=manual__2025-04-10T13:31:23.952261+00:00, execution_date=20250410T133123, start_date=20250410T133240, end_date=20250410T133242
[2025-04-10T13:32:42.383+0000] {logging_mixin.py:190} INFO - Task instance in success state
[2025-04-10T13:32:42.385+0000] {logging_mixin.py:190} INFO -  Previous state of the Task instance: running
[2025-04-10T13:32:42.388+0000] {logging_mixin.py:190} INFO - Dag name:beer_data_processing queued_at:2025-04-10 13:31:24.539061+00:00
[2025-04-10T13:32:42.389+0000] {logging_mixin.py:190} INFO - Task hostname:3e53738720c8 operator:PythonOperator
[2025-04-10T13:32:42.487+0000] {local_task_job_runner.py:266} INFO - Task exited with return code 0
[2025-04-10T13:32:42.542+0000] {taskinstance.py:3901} INFO - 1 downstream tasks scheduled from follow-on schedule check
[2025-04-10T13:32:42.547+0000] {local_task_job_runner.py:245} INFO - ::endgroup::
