[2025-04-16T21:47:23.626+0000] {local_task_job_runner.py:123} INFO - ::group::Pre task execution logs
[2025-04-16T21:47:23.700+0000] {taskinstance.py:2614} INFO - Dependencies all met for dep_context=non-requeueable deps ti=<TaskInstance: beer_data_processing.process_proportions manual__2025-04-16T21:28:41.526921+00:00 [queued]>
[2025-04-16T21:47:23.748+0000] {taskinstance.py:2614} INFO - Dependencies all met for dep_context=requeueable deps ti=<TaskInstance: beer_data_processing.process_proportions manual__2025-04-16T21:28:41.526921+00:00 [queued]>
[2025-04-16T21:47:23.750+0000] {taskinstance.py:2867} INFO - Starting attempt 5 of 6
[2025-04-16T21:47:23.804+0000] {taskinstance.py:2890} INFO - Executing <Task(PythonOperator): process_proportions> on 2025-04-16 21:28:41.526921+00:00
[2025-04-16T21:47:23.900+0000] {logging_mixin.py:190} WARNING - /home/***/.local/lib/python3.12/site-packages/***/task/task_runner/standard_task_runner.py:70 DeprecationWarning: This process (pid=5116) is multi-threaded, use of fork() may lead to deadlocks in the child.
[2025-04-16T21:47:23.897+0000] {standard_task_runner.py:104} INFO - Running: ['***', 'tasks', 'run', 'beer_data_processing', 'process_proportions', 'manual__2025-04-16T21:28:41.526921+00:00', '--job-id', '817', '--raw', '--subdir', 'DAGS_FOLDER/beer_data_processing_dag.py', '--cfg-path', '/tmp/tmpieu8q525']
[2025-04-16T21:47:23.917+0000] {standard_task_runner.py:105} INFO - Job 817: Subtask process_proportions
[2025-04-16T21:47:23.910+0000] {standard_task_runner.py:72} INFO - Started process 5262 to run task
[2025-04-16T21:47:24.145+0000] {task_command.py:467} INFO - Running <TaskInstance: beer_data_processing.process_proportions manual__2025-04-16T21:28:41.526921+00:00 [running]> on host a0d0456bae2c
[2025-04-16T21:47:25.199+0000] {taskinstance.py:3134} INFO - Exporting env vars: AIRFLOW_CTX_DAG_OWNER='***' AIRFLOW_CTX_DAG_ID='beer_data_processing' AIRFLOW_CTX_TASK_ID='process_proportions' AIRFLOW_CTX_EXECUTION_DATE='2025-04-16T21:28:41.526921+00:00' AIRFLOW_CTX_TRY_NUMBER='5' AIRFLOW_CTX_DAG_RUN_ID='manual__2025-04-16T21:28:41.526921+00:00'
[2025-04-16T21:47:25.222+0000] {logging_mixin.py:190} INFO - Task instance is in running state
[2025-04-16T21:47:25.225+0000] {logging_mixin.py:190} INFO -  Previous state of the Task instance: queued
[2025-04-16T21:47:25.227+0000] {logging_mixin.py:190} INFO - Current task name:process_proportions state:running start_date:2025-04-16 21:47:23.702423+00:00
[2025-04-16T21:47:25.229+0000] {logging_mixin.py:190} INFO - Dag name:beer_data_processing and current dag run status:running
[2025-04-16T21:47:25.236+0000] {taskinstance.py:732} INFO - ::endgroup::
[2025-04-16T21:47:26.474+0000] {python.py:240} INFO - Done. Returned value was: True
[2025-04-16T21:47:26.582+0000] {taskinstance.py:341} INFO - ::group::Post task execution logs
[2025-04-16T21:47:26.587+0000] {taskinstance.py:353} INFO - Marking task as SUCCESS. dag_id=beer_data_processing, task_id=process_proportions, run_id=manual__2025-04-16T21:28:41.526921+00:00, execution_date=20250416T212841, start_date=20250416T214723, end_date=20250416T214726
[2025-04-16T21:47:26.680+0000] {logging_mixin.py:190} INFO - Task instance in success state
[2025-04-16T21:47:26.696+0000] {logging_mixin.py:190} INFO -  Previous state of the Task instance: running
[2025-04-16T21:47:26.701+0000] {logging_mixin.py:190} INFO - Dag name:beer_data_processing queued_at:2025-04-16 21:28:41.720606+00:00
[2025-04-16T21:47:26.708+0000] {logging_mixin.py:190} INFO - Task hostname:a0d0456bae2c operator:PythonOperator
[2025-04-16T21:47:26.823+0000] {local_task_job_runner.py:266} INFO - Task exited with return code 0
[2025-04-16T21:47:26.970+0000] {taskinstance.py:3901} INFO - 0 downstream tasks scheduled from follow-on schedule check
[2025-04-16T21:47:26.977+0000] {local_task_job_runner.py:245} INFO - ::endgroup::
