[2025-04-16T12:48:19.156+0000] {local_task_job_runner.py:123} INFO - ::group::Pre task execution logs
[2025-04-16T12:48:19.471+0000] {taskinstance.py:2614} INFO - Dependencies all met for dep_context=non-requeueable deps ti=<TaskInstance: beer_data_processing.process_proportions scheduled__2025-04-11T00:00:00+00:00 [queued]>
[2025-04-16T12:48:19.627+0000] {taskinstance.py:2614} INFO - Dependencies all met for dep_context=requeueable deps ti=<TaskInstance: beer_data_processing.process_proportions scheduled__2025-04-11T00:00:00+00:00 [queued]>
[2025-04-16T12:48:19.640+0000] {taskinstance.py:2867} INFO - Starting attempt 1 of 6
[2025-04-16T12:48:19.824+0000] {taskinstance.py:2890} INFO - Executing <Task(PythonOperator): process_proportions> on 2025-04-11 00:00:00+00:00
[2025-04-16T12:48:20.409+0000] {standard_task_runner.py:104} INFO - Running: ['***', 'tasks', 'run', 'beer_data_processing', 'process_proportions', 'scheduled__2025-04-11T00:00:00+00:00', '--job-id', '338', '--raw', '--subdir', 'DAGS_FOLDER/beer_data_processing_dag.py', '--cfg-path', '/tmp/tmp8h03wia5']
[2025-04-16T12:48:20.638+0000] {logging_mixin.py:190} WARNING - /home/***/.local/lib/python3.12/site-packages/***/task/task_runner/standard_task_runner.py:70 DeprecationWarning: This process (pid=899) is multi-threaded, use of fork() may lead to deadlocks in the child.
[2025-04-16T12:48:20.654+0000] {standard_task_runner.py:105} INFO - Job 338: Subtask process_proportions
[2025-04-16T12:48:20.665+0000] {standard_task_runner.py:72} INFO - Started process 1258 to run task
[2025-04-16T12:48:22.861+0000] {task_command.py:467} INFO - Running <TaskInstance: beer_data_processing.process_proportions scheduled__2025-04-11T00:00:00+00:00 [running]> on host 3e53738720c8
[2025-04-16T12:48:24.158+0000] {taskinstance.py:3134} INFO - Exporting env vars: AIRFLOW_CTX_DAG_OWNER='***' AIRFLOW_CTX_DAG_ID='beer_data_processing' AIRFLOW_CTX_TASK_ID='process_proportions' AIRFLOW_CTX_EXECUTION_DATE='2025-04-11T00:00:00+00:00' AIRFLOW_CTX_TRY_NUMBER='1' AIRFLOW_CTX_DAG_RUN_ID='scheduled__2025-04-11T00:00:00+00:00'
[2025-04-16T12:48:24.161+0000] {logging_mixin.py:190} INFO - Task instance is in running state
[2025-04-16T12:48:24.163+0000] {logging_mixin.py:190} INFO -  Previous state of the Task instance: queued
[2025-04-16T12:48:24.164+0000] {logging_mixin.py:190} INFO - Current task name:process_proportions state:running start_date:2025-04-16 12:48:19.503732+00:00
[2025-04-16T12:48:24.166+0000] {logging_mixin.py:190} INFO - Dag name:beer_data_processing and current dag run status:running
[2025-04-16T12:48:24.167+0000] {taskinstance.py:732} INFO - ::endgroup::
[2025-04-16T12:48:27.857+0000] {python.py:240} INFO - Done. Returned value was: True
[2025-04-16T12:48:28.504+0000] {taskinstance.py:341} INFO - ::group::Post task execution logs
[2025-04-16T12:48:28.506+0000] {taskinstance.py:353} INFO - Marking task as SUCCESS. dag_id=beer_data_processing, task_id=process_proportions, run_id=scheduled__2025-04-11T00:00:00+00:00, execution_date=20250411T000000, start_date=20250416T124819, end_date=20250416T124828
[2025-04-16T12:48:29.848+0000] {logging_mixin.py:190} INFO - Task instance in success state
[2025-04-16T12:48:29.850+0000] {logging_mixin.py:190} INFO -  Previous state of the Task instance: running
[2025-04-16T12:48:29.851+0000] {logging_mixin.py:190} INFO - Dag name:beer_data_processing queued_at:2025-04-16 12:41:28.007590+00:00
[2025-04-16T12:48:29.852+0000] {logging_mixin.py:190} INFO - Task hostname:3e53738720c8 operator:PythonOperator
[2025-04-16T12:48:29.952+0000] {local_task_job_runner.py:266} INFO - Task exited with return code 0
[2025-04-16T12:48:30.020+0000] {taskinstance.py:3901} INFO - 0 downstream tasks scheduled from follow-on schedule check
[2025-04-16T12:48:30.933+0000] {local_task_job_runner.py:245} INFO - ::endgroup::
[2025-04-16T12:48:31.548+0000] {standard_task_runner.py:217} INFO - Process not found (most likely exited), stop collecting metrics
