[2025-04-10T13:31:45.390+0000] {local_task_job_runner.py:123} INFO - ::group::Pre task execution logs
[2025-04-10T13:31:45.448+0000] {taskinstance.py:2614} INFO - Dependencies all met for dep_context=non-requeueable deps ti=<TaskInstance: beer_data_processing.process_robust_scaler manual__2025-04-10T13:31:23.952261+00:00 [queued]>
[2025-04-10T13:31:45.475+0000] {taskinstance.py:2614} INFO - Dependencies all met for dep_context=requeueable deps ti=<TaskInstance: beer_data_processing.process_robust_scaler manual__2025-04-10T13:31:23.952261+00:00 [queued]>
[2025-04-10T13:31:45.477+0000] {taskinstance.py:2867} INFO - Starting attempt 1 of 6
[2025-04-10T13:31:45.519+0000] {taskinstance.py:2890} INFO - Executing <Task(PythonOperator): process_robust_scaler> on 2025-04-10 13:31:23.952261+00:00
[2025-04-10T13:31:45.774+0000] {standard_task_runner.py:104} INFO - Running: ['***', 'tasks', 'run', 'beer_data_processing', 'process_robust_scaler', 'manual__2025-04-10T13:31:23.952261+00:00', '--job-id', '261', '--raw', '--subdir', 'DAGS_FOLDER/beer_data_processing_dag.py', '--cfg-path', '/tmp/tmpzn5fs276']
[2025-04-10T13:31:45.813+0000] {logging_mixin.py:190} WARNING - /home/***/.local/lib/python3.12/site-packages/***/task/task_runner/standard_task_runner.py:70 DeprecationWarning: This process (pid=6460) is multi-threaded, use of fork() may lead to deadlocks in the child.
[2025-04-10T13:31:45.815+0000] {standard_task_runner.py:105} INFO - Job 261: Subtask process_robust_scaler
[2025-04-10T13:31:45.819+0000] {standard_task_runner.py:72} INFO - Started process 6600 to run task
[2025-04-10T13:31:46.228+0000] {task_command.py:467} INFO - Running <TaskInstance: beer_data_processing.process_robust_scaler manual__2025-04-10T13:31:23.952261+00:00 [running]> on host 3e53738720c8
[2025-04-10T13:31:47.550+0000] {taskinstance.py:3134} INFO - Exporting env vars: AIRFLOW_CTX_DAG_OWNER='***' AIRFLOW_CTX_DAG_ID='beer_data_processing' AIRFLOW_CTX_TASK_ID='process_robust_scaler' AIRFLOW_CTX_EXECUTION_DATE='2025-04-10T13:31:23.952261+00:00' AIRFLOW_CTX_TRY_NUMBER='1' AIRFLOW_CTX_DAG_RUN_ID='manual__2025-04-10T13:31:23.952261+00:00'
[2025-04-10T13:31:47.590+0000] {logging_mixin.py:190} INFO - Task instance is in running state
[2025-04-10T13:31:47.592+0000] {logging_mixin.py:190} INFO -  Previous state of the Task instance: queued
[2025-04-10T13:31:47.593+0000] {logging_mixin.py:190} INFO - Current task name:process_robust_scaler state:running start_date:2025-04-10 13:31:45.450111+00:00
[2025-04-10T13:31:47.595+0000] {logging_mixin.py:190} INFO - Dag name:beer_data_processing and current dag run status:running
[2025-04-10T13:31:47.597+0000] {taskinstance.py:732} INFO - ::endgroup::
[2025-04-10T13:31:48.071+0000] {python.py:240} INFO - Done. Returned value was: True
[2025-04-10T13:31:48.312+0000] {taskinstance.py:341} INFO - ::group::Post task execution logs
[2025-04-10T13:31:48.314+0000] {taskinstance.py:353} INFO - Marking task as SUCCESS. dag_id=beer_data_processing, task_id=process_robust_scaler, run_id=manual__2025-04-10T13:31:23.952261+00:00, execution_date=20250410T133123, start_date=20250410T133145, end_date=20250410T133148
[2025-04-10T13:31:48.380+0000] {logging_mixin.py:190} INFO - Task instance in success state
[2025-04-10T13:31:48.383+0000] {logging_mixin.py:190} INFO -  Previous state of the Task instance: running
[2025-04-10T13:31:48.385+0000] {logging_mixin.py:190} INFO - Dag name:beer_data_processing queued_at:2025-04-10 13:31:24.539061+00:00
[2025-04-10T13:31:48.386+0000] {logging_mixin.py:190} INFO - Task hostname:3e53738720c8 operator:PythonOperator
[2025-04-10T13:31:48.454+0000] {local_task_job_runner.py:266} INFO - Task exited with return code 0
[2025-04-10T13:31:48.478+0000] {local_task_job_runner.py:245} INFO - ::endgroup::
