[2025-04-16T15:16:57.010+0000] {local_task_job_runner.py:123} INFO - ::group::Pre task execution logs
[2025-04-16T15:16:57.735+0000] {taskinstance.py:2614} INFO - Dependencies all met for dep_context=non-requeueable deps ti=<TaskInstance: beer_data_processing.check_file_exists scheduled__2025-04-16T00:00:00+00:00 [queued]>
[2025-04-16T15:16:57.933+0000] {taskinstance.py:2614} INFO - Dependencies all met for dep_context=requeueable deps ti=<TaskInstance: beer_data_processing.check_file_exists scheduled__2025-04-16T00:00:00+00:00 [queued]>
[2025-04-16T15:16:57.940+0000] {taskinstance.py:2867} INFO - Starting attempt 2 of 6
[2025-04-16T15:16:58.447+0000] {taskinstance.py:2890} INFO - Executing <Task(FileSensor): check_file_exists> on 2025-04-16 00:00:00+00:00
[2025-04-16T15:16:59.639+0000] {logging_mixin.py:190} WARNING - /home/***/.local/lib/python3.12/site-packages/***/task/task_runner/standard_task_runner.py:70 DeprecationWarning: This process (pid=53955) is multi-threaded, use of fork() may lead to deadlocks in the child.
[2025-04-16T15:16:59.668+0000] {standard_task_runner.py:72} INFO - Started process 54272 to run task
[2025-04-16T15:16:59.616+0000] {standard_task_runner.py:104} INFO - Running: ['***', 'tasks', 'run', 'beer_data_processing', 'check_file_exists', 'scheduled__2025-04-16T00:00:00+00:00', '--job-id', '579', '--raw', '--subdir', 'DAGS_FOLDER/beer_data_processing_dag.py', '--cfg-path', '/tmp/tmpu2r137u2']
[2025-04-16T15:16:59.716+0000] {standard_task_runner.py:105} INFO - Job 579: Subtask check_file_exists
[2025-04-16T15:17:09.997+0000] {cli_action_loggers.py:177} WARNING - Failed to log action (psycopg2.OperationalError) could not translate host name "postgres" to address: Temporary failure in name resolution

(Background on this error at: https://sqlalche.me/e/14/e3q8)
[2025-04-16T15:17:14.273+0000] {job.py:229} INFO - Heartbeat recovered after 27.19 seconds
[2025-04-16T15:17:14.573+0000] {task_command.py:467} INFO - Running <TaskInstance: beer_data_processing.check_file_exists scheduled__2025-04-16T00:00:00+00:00 [running]> on host 3e53738720c8
[2025-04-16T15:17:15.664+0000] {taskinstance.py:3134} INFO - Exporting env vars: AIRFLOW_CTX_DAG_OWNER='***' AIRFLOW_CTX_DAG_ID='beer_data_processing' AIRFLOW_CTX_TASK_ID='check_file_exists' AIRFLOW_CTX_EXECUTION_DATE='2025-04-16T00:00:00+00:00' AIRFLOW_CTX_TRY_NUMBER='2' AIRFLOW_CTX_DAG_RUN_ID='scheduled__2025-04-16T00:00:00+00:00'
[2025-04-16T15:17:15.731+0000] {logging_mixin.py:190} INFO - Task instance is in running state
[2025-04-16T15:17:15.733+0000] {logging_mixin.py:190} INFO -  Previous state of the Task instance: queued
[2025-04-16T15:17:15.736+0000] {logging_mixin.py:190} INFO - Current task name:check_file_exists state:running start_date:2025-04-16 15:16:57.744759+00:00
[2025-04-16T15:17:15.737+0000] {logging_mixin.py:190} INFO - Dag name:beer_data_processing and current dag run status:running
[2025-04-16T15:17:15.740+0000] {taskinstance.py:732} INFO - ::endgroup::
[2025-04-16T15:17:15.749+0000] {baseoperator.py:423} WARNING - FileSensor.execute cannot be called outside TaskInstance!
[2025-04-16T15:17:15.886+0000] {base.py:84} INFO - Retrieving connection 'dataset_folder'
[2025-04-16T15:17:15.890+0000] {filesystem.py:109} INFO - Poking for file /opt/***/dags/data/beer_profile_and_ratings.csv
[2025-04-16T15:17:15.923+0000] {filesystem.py:113} INFO - Found File /opt/***/dags/data/beer_profile_and_ratings.csv last modified: 20250416145823
[2025-04-16T15:17:15.927+0000] {base.py:339} INFO - Success criteria met. Exiting.
[2025-04-16T15:17:15.928+0000] {filesystem.py:109} INFO - Poking for file /opt/***/dags/data/beer_profile_and_ratings.csv
[2025-04-16T15:17:15.942+0000] {filesystem.py:113} INFO - Found File /opt/***/dags/data/beer_profile_and_ratings.csv last modified: 20250416145823
[2025-04-16T15:17:16.052+0000] {taskinstance.py:341} INFO - ::group::Post task execution logs
[2025-04-16T15:17:16.054+0000] {taskinstance.py:353} INFO - Marking task as SUCCESS. dag_id=beer_data_processing, task_id=check_file_exists, run_id=scheduled__2025-04-16T00:00:00+00:00, execution_date=20250416T000000, start_date=20250416T151657, end_date=20250416T151716
[2025-04-16T15:17:16.269+0000] {logging_mixin.py:190} INFO - Task instance in success state
[2025-04-16T15:17:16.271+0000] {logging_mixin.py:190} INFO -  Previous state of the Task instance: running
[2025-04-16T15:17:16.273+0000] {logging_mixin.py:190} INFO - Dag name:beer_data_processing queued_at:2025-04-16 15:07:03.587936+00:00
[2025-04-16T15:17:16.274+0000] {logging_mixin.py:190} INFO - Task hostname:3e53738720c8 operator:FileSensor
[2025-04-16T15:17:16.357+0000] {local_task_job_runner.py:266} INFO - Task exited with return code 0
[2025-04-16T15:17:16.632+0000] {taskinstance.py:3901} INFO - 1 downstream tasks scheduled from follow-on schedule check
[2025-04-16T15:17:16.672+0000] {local_task_job_runner.py:245} INFO - ::endgroup::
