[2025-04-16T14:10:57.308+0000] {local_task_job_runner.py:123} INFO - ::group::Pre task execution logs
[2025-04-16T14:10:58.422+0000] {taskinstance.py:2614} INFO - Dependencies all met for dep_context=non-requeueable deps ti=<TaskInstance: beer_data_processing.process_robust_scaler manual__2025-04-16T14:04:28.765186+00:00 [queued]>
[2025-04-16T14:10:58.625+0000] {taskinstance.py:2614} INFO - Dependencies all met for dep_context=requeueable deps ti=<TaskInstance: beer_data_processing.process_robust_scaler manual__2025-04-16T14:04:28.765186+00:00 [queued]>
[2025-04-16T14:10:58.635+0000] {taskinstance.py:2867} INFO - Starting attempt 2 of 6
[2025-04-16T14:10:59.185+0000] {taskinstance.py:2890} INFO - Executing <Task(PythonOperator): process_robust_scaler> on 2025-04-16 14:04:28.765186+00:00
[2025-04-16T14:11:06.439+0000] {logging_mixin.py:190} WARNING - /home/***/.local/lib/python3.12/site-packages/***/task/task_runner/standard_task_runner.py:70 DeprecationWarning: This process (pid=35308) is multi-threaded, use of fork() may lead to deadlocks in the child.
[2025-04-16T14:11:06.726+0000] {standard_task_runner.py:72} INFO - Started process 35617 to run task
[2025-04-16T14:11:06.660+0000] {standard_task_runner.py:104} INFO - Running: ['***', 'tasks', 'run', 'beer_data_processing', 'process_robust_scaler', 'manual__2025-04-16T14:04:28.765186+00:00', '--job-id', '534', '--raw', '--subdir', 'DAGS_FOLDER/beer_data_processing_dag.py', '--cfg-path', '/tmp/tmpn2iz0u4_']
[2025-04-16T14:11:06.787+0000] {standard_task_runner.py:105} INFO - Job 534: Subtask process_robust_scaler
[2025-04-16T14:11:19.217+0000] {job.py:229} INFO - Heartbeat recovered after 23.26 seconds
[2025-04-16T14:11:20.275+0000] {task_command.py:467} INFO - Running <TaskInstance: beer_data_processing.process_robust_scaler manual__2025-04-16T14:04:28.765186+00:00 [running]> on host 3e53738720c8
[2025-04-16T14:11:22.652+0000] {taskinstance.py:3134} INFO - Exporting env vars: AIRFLOW_CTX_DAG_OWNER='***' AIRFLOW_CTX_DAG_ID='beer_data_processing' AIRFLOW_CTX_TASK_ID='process_robust_scaler' AIRFLOW_CTX_EXECUTION_DATE='2025-04-16T14:04:28.765186+00:00' AIRFLOW_CTX_TRY_NUMBER='2' AIRFLOW_CTX_DAG_RUN_ID='manual__2025-04-16T14:04:28.765186+00:00'
[2025-04-16T14:11:22.788+0000] {logging_mixin.py:190} INFO - Task instance is in running state
[2025-04-16T14:11:22.879+0000] {logging_mixin.py:190} INFO -  Previous state of the Task instance: queued
[2025-04-16T14:11:22.945+0000] {logging_mixin.py:190} INFO - Current task name:process_robust_scaler state:running start_date:2025-04-16 14:10:58.436751+00:00
[2025-04-16T14:11:22.964+0000] {logging_mixin.py:190} INFO - Dag name:beer_data_processing and current dag run status:running
[2025-04-16T14:11:23.031+0000] {taskinstance.py:732} INFO - ::endgroup::
[2025-04-16T14:11:54.895+0000] {job.py:229} INFO - Heartbeat recovered after 22.22 seconds
[2025-04-16T14:11:54.843+0000] {python.py:240} INFO - Done. Returned value was: True
[2025-04-16T14:12:07.296+0000] {job.py:229} INFO - Heartbeat recovered after 15.44 seconds
[2025-04-16T14:12:15.194+0000] {taskinstance.py:341} INFO - ::group::Post task execution logs
[2025-04-16T14:12:15.466+0000] {taskinstance.py:353} INFO - Marking task as SUCCESS. dag_id=beer_data_processing, task_id=process_robust_scaler, run_id=manual__2025-04-16T14:04:28.765186+00:00, execution_date=20250416T140428, start_date=20250416T141058, end_date=20250416T141215
[2025-04-16T14:12:18.789+0000] {logging_mixin.py:190} INFO - Task instance in success state
[2025-04-16T14:12:19.223+0000] {logging_mixin.py:190} INFO -  Previous state of the Task instance: running
[2025-04-16T14:12:19.342+0000] {logging_mixin.py:190} INFO - Dag name:beer_data_processing queued_at:2025-04-16 14:04:29.123555+00:00
[2025-04-16T14:12:19.394+0000] {logging_mixin.py:190} INFO - Task hostname:3e53738720c8 operator:PythonOperator
[2025-04-16T14:12:21.542+0000] {local_task_job_runner.py:266} INFO - Task exited with return code 0
[2025-04-16T14:12:24.252+0000] {standard_task_runner.py:217} INFO - Process not found (most likely exited), stop collecting metrics
[2025-04-16T14:12:24.736+0000] {taskinstance.py:3901} INFO - 0 downstream tasks scheduled from follow-on schedule check
[2025-04-16T14:12:24.792+0000] {local_task_job_runner.py:245} INFO - ::endgroup::
