[2025-04-16T22:02:16.739+0000] {local_task_job_runner.py:123} INFO - ::group::Pre task execution logs
[2025-04-16T22:02:16.940+0000] {taskinstance.py:2614} INFO - Dependencies all met for dep_context=non-requeueable deps ti=<TaskInstance: beer_data_processing.process_robust_scaler scheduled__2025-04-16T21:00:00+00:00 [queued]>
[2025-04-16T22:02:17.059+0000] {taskinstance.py:2614} INFO - Dependencies all met for dep_context=requeueable deps ti=<TaskInstance: beer_data_processing.process_robust_scaler scheduled__2025-04-16T21:00:00+00:00 [queued]>
[2025-04-16T22:02:17.065+0000] {taskinstance.py:2867} INFO - Starting attempt 1 of 6
[2025-04-16T22:02:17.251+0000] {taskinstance.py:2890} INFO - Executing <Task(PythonOperator): process_robust_scaler> on 2025-04-16 21:00:00+00:00
[2025-04-16T22:02:17.387+0000] {logging_mixin.py:190} WARNING - /home/***/.local/lib/python3.12/site-packages/***/task/task_runner/standard_task_runner.py:70 DeprecationWarning: This process (pid=14113) is multi-threaded, use of fork() may lead to deadlocks in the child.
[2025-04-16T22:02:17.422+0000] {standard_task_runner.py:72} INFO - Started process 14229 to run task
[2025-04-16T22:02:17.410+0000] {standard_task_runner.py:104} INFO - Running: ['***', 'tasks', 'run', 'beer_data_processing', 'process_robust_scaler', 'scheduled__2025-04-16T21:00:00+00:00', '--job-id', '843', '--raw', '--subdir', 'DAGS_FOLDER/beer_data_processing_dag.py', '--cfg-path', '/tmp/tmp7ejfakzj']
[2025-04-16T22:02:17.440+0000] {standard_task_runner.py:105} INFO - Job 843: Subtask process_robust_scaler
[2025-04-16T22:02:17.963+0000] {task_command.py:467} INFO - Running <TaskInstance: beer_data_processing.process_robust_scaler scheduled__2025-04-16T21:00:00+00:00 [running]> on host a0d0456bae2c
[2025-04-16T22:02:18.793+0000] {taskinstance.py:3134} INFO - Exporting env vars: AIRFLOW_CTX_DAG_OWNER='***' AIRFLOW_CTX_DAG_ID='beer_data_processing' AIRFLOW_CTX_TASK_ID='process_robust_scaler' AIRFLOW_CTX_EXECUTION_DATE='2025-04-16T21:00:00+00:00' AIRFLOW_CTX_TRY_NUMBER='1' AIRFLOW_CTX_DAG_RUN_ID='scheduled__2025-04-16T21:00:00+00:00'
[2025-04-16T22:02:18.838+0000] {logging_mixin.py:190} INFO - Task instance is in running state
[2025-04-16T22:02:18.840+0000] {logging_mixin.py:190} INFO -  Previous state of the Task instance: queued
[2025-04-16T22:02:18.842+0000] {logging_mixin.py:190} INFO - Current task name:process_robust_scaler state:running start_date:2025-04-16 22:02:16.968105+00:00
[2025-04-16T22:02:18.844+0000] {logging_mixin.py:190} INFO - Dag name:beer_data_processing and current dag run status:running
[2025-04-16T22:02:18.846+0000] {taskinstance.py:732} INFO - ::endgroup::
[2025-04-16T22:02:20.014+0000] {python.py:240} INFO - Done. Returned value was: True
[2025-04-16T22:02:20.130+0000] {taskinstance.py:341} INFO - ::group::Post task execution logs
[2025-04-16T22:02:20.132+0000] {taskinstance.py:353} INFO - Marking task as SUCCESS. dag_id=beer_data_processing, task_id=process_robust_scaler, run_id=scheduled__2025-04-16T21:00:00+00:00, execution_date=20250416T210000, start_date=20250416T220216, end_date=20250416T220220
[2025-04-16T22:02:20.206+0000] {logging_mixin.py:190} INFO - Task instance in success state
[2025-04-16T22:02:20.208+0000] {logging_mixin.py:190} INFO -  Previous state of the Task instance: running
[2025-04-16T22:02:20.209+0000] {logging_mixin.py:190} INFO - Dag name:beer_data_processing queued_at:2025-04-16 22:01:46.907373+00:00
[2025-04-16T22:02:20.211+0000] {logging_mixin.py:190} INFO - Task hostname:a0d0456bae2c operator:PythonOperator
[2025-04-16T22:02:20.278+0000] {local_task_job_runner.py:266} INFO - Task exited with return code 0
[2025-04-16T22:02:20.303+0000] {local_task_job_runner.py:245} INFO - ::endgroup::
