[2025-04-16T21:28:53.605+0000] {local_task_job_runner.py:123} INFO - ::group::Pre task execution logs
[2025-04-16T21:28:53.636+0000] {taskinstance.py:2614} INFO - Dependencies all met for dep_context=non-requeueable deps ti=<TaskInstance: beer_data_processing.check_file_exists manual__2025-04-16T21:28:41.526921+00:00 [queued]>
[2025-04-16T21:28:53.653+0000] {taskinstance.py:2614} INFO - Dependencies all met for dep_context=requeueable deps ti=<TaskInstance: beer_data_processing.check_file_exists manual__2025-04-16T21:28:41.526921+00:00 [queued]>
[2025-04-16T21:28:53.654+0000] {taskinstance.py:2867} INFO - Starting attempt 1 of 6
[2025-04-16T21:28:53.682+0000] {taskinstance.py:2890} INFO - Executing <Task(FileSensor): check_file_exists> on 2025-04-16 21:28:41.526921+00:00
[2025-04-16T21:28:53.713+0000] {standard_task_runner.py:104} INFO - Running: ['***', 'tasks', 'run', 'beer_data_processing', 'check_file_exists', 'manual__2025-04-16T21:28:41.526921+00:00', '--job-id', '798', '--raw', '--subdir', 'DAGS_FOLDER/beer_data_processing_dag.py', '--cfg-path', '/tmp/tmpfio7cepi']
[2025-04-16T21:28:53.717+0000] {standard_task_runner.py:105} INFO - Job 798: Subtask check_file_exists
[2025-04-16T21:28:53.716+0000] {logging_mixin.py:190} WARNING - /home/***/.local/lib/python3.12/site-packages/***/task/task_runner/standard_task_runner.py:70 DeprecationWarning: This process (pid=69526) is multi-threaded, use of fork() may lead to deadlocks in the child.
[2025-04-16T21:28:53.719+0000] {standard_task_runner.py:72} INFO - Started process 69538 to run task
[2025-04-16T21:28:53.821+0000] {task_command.py:467} INFO - Running <TaskInstance: beer_data_processing.check_file_exists manual__2025-04-16T21:28:41.526921+00:00 [running]> on host 3e53738720c8
[2025-04-16T21:28:54.017+0000] {taskinstance.py:3134} INFO - Exporting env vars: AIRFLOW_CTX_DAG_OWNER='***' AIRFLOW_CTX_DAG_ID='beer_data_processing' AIRFLOW_CTX_TASK_ID='check_file_exists' AIRFLOW_CTX_EXECUTION_DATE='2025-04-16T21:28:41.526921+00:00' AIRFLOW_CTX_TRY_NUMBER='1' AIRFLOW_CTX_DAG_RUN_ID='manual__2025-04-16T21:28:41.526921+00:00'
[2025-04-16T21:28:54.022+0000] {logging_mixin.py:190} INFO - Task instance is in running state
[2025-04-16T21:28:54.023+0000] {logging_mixin.py:190} INFO -  Previous state of the Task instance: queued
[2025-04-16T21:28:54.024+0000] {logging_mixin.py:190} INFO - Current task name:check_file_exists state:running start_date:2025-04-16 21:28:53.637371+00:00
[2025-04-16T21:28:54.025+0000] {logging_mixin.py:190} INFO - Dag name:beer_data_processing and current dag run status:running
[2025-04-16T21:28:54.026+0000] {taskinstance.py:732} INFO - ::endgroup::
[2025-04-16T21:28:54.028+0000] {baseoperator.py:423} WARNING - FileSensor.execute cannot be called outside TaskInstance!
[2025-04-16T21:28:54.046+0000] {base.py:84} INFO - Retrieving connection 'dataset_folder'
[2025-04-16T21:28:54.047+0000] {filesystem.py:109} INFO - Poking for file /opt/***/dags/data/beer_profile_and_ratings.csv
[2025-04-16T21:28:54.057+0000] {filesystem.py:113} INFO - Found File /opt/***/dags/data/beer_profile_and_ratings.csv last modified: 20250416145823
[2025-04-16T21:28:54.058+0000] {base.py:339} INFO - Success criteria met. Exiting.
[2025-04-16T21:28:54.059+0000] {filesystem.py:109} INFO - Poking for file /opt/***/dags/data/beer_profile_and_ratings.csv
[2025-04-16T21:28:54.070+0000] {filesystem.py:113} INFO - Found File /opt/***/dags/data/beer_profile_and_ratings.csv last modified: 20250416145823
[2025-04-16T21:28:54.090+0000] {taskinstance.py:341} INFO - ::group::Post task execution logs
[2025-04-16T21:28:54.091+0000] {taskinstance.py:353} INFO - Marking task as SUCCESS. dag_id=beer_data_processing, task_id=check_file_exists, run_id=manual__2025-04-16T21:28:41.526921+00:00, execution_date=20250416T212841, start_date=20250416T212853, end_date=20250416T212854
[2025-04-16T21:28:54.160+0000] {logging_mixin.py:190} INFO - Task instance in success state
[2025-04-16T21:28:54.161+0000] {logging_mixin.py:190} INFO -  Previous state of the Task instance: running
[2025-04-16T21:28:54.162+0000] {logging_mixin.py:190} INFO - Dag name:beer_data_processing queued_at:2025-04-16 21:28:41.720606+00:00
[2025-04-16T21:28:54.163+0000] {logging_mixin.py:190} INFO - Task hostname:3e53738720c8 operator:FileSensor
[2025-04-16T21:28:54.219+0000] {local_task_job_runner.py:266} INFO - Task exited with return code 0
[2025-04-16T21:28:54.289+0000] {taskinstance.py:3901} INFO - 1 downstream tasks scheduled from follow-on schedule check
[2025-04-16T21:28:54.292+0000] {local_task_job_runner.py:245} INFO - ::endgroup::
