[2025-04-16T21:47:23.621+0000] {local_task_job_runner.py:123} INFO - ::group::Pre task execution logs
[2025-04-16T21:47:23.699+0000] {taskinstance.py:2614} INFO - Dependencies all met for dep_context=non-requeueable deps ti=<TaskInstance: beer_data_processing.process_robust_scaler manual__2025-04-16T21:28:41.526921+00:00 [queued]>
[2025-04-16T21:47:23.739+0000] {taskinstance.py:2614} INFO - Dependencies all met for dep_context=requeueable deps ti=<TaskInstance: beer_data_processing.process_robust_scaler manual__2025-04-16T21:28:41.526921+00:00 [queued]>
[2025-04-16T21:47:23.742+0000] {taskinstance.py:2867} INFO - Starting attempt 5 of 6
[2025-04-16T21:47:23.803+0000] {taskinstance.py:2890} INFO - Executing <Task(PythonOperator): process_robust_scaler> on 2025-04-16 21:28:41.526921+00:00
[2025-04-16T21:47:23.858+0000] {standard_task_runner.py:104} INFO - Running: ['***', 'tasks', 'run', 'beer_data_processing', 'process_robust_scaler', 'manual__2025-04-16T21:28:41.526921+00:00', '--job-id', '820', '--raw', '--subdir', 'DAGS_FOLDER/beer_data_processing_dag.py', '--cfg-path', '/tmp/tmpotjkamu_']
[2025-04-16T21:47:23.870+0000] {standard_task_runner.py:105} INFO - Job 820: Subtask process_robust_scaler
[2025-04-16T21:47:23.881+0000] {logging_mixin.py:190} WARNING - /home/***/.local/lib/python3.12/site-packages/***/task/task_runner/standard_task_runner.py:70 DeprecationWarning: This process (pid=5111) is multi-threaded, use of fork() may lead to deadlocks in the child.
[2025-04-16T21:47:23.886+0000] {standard_task_runner.py:72} INFO - Started process 5259 to run task
[2025-04-16T21:47:24.103+0000] {task_command.py:467} INFO - Running <TaskInstance: beer_data_processing.process_robust_scaler manual__2025-04-16T21:28:41.526921+00:00 [running]> on host a0d0456bae2c
[2025-04-16T21:47:25.176+0000] {taskinstance.py:3134} INFO - Exporting env vars: AIRFLOW_CTX_DAG_OWNER='***' AIRFLOW_CTX_DAG_ID='beer_data_processing' AIRFLOW_CTX_TASK_ID='process_robust_scaler' AIRFLOW_CTX_EXECUTION_DATE='2025-04-16T21:28:41.526921+00:00' AIRFLOW_CTX_TRY_NUMBER='5' AIRFLOW_CTX_DAG_RUN_ID='manual__2025-04-16T21:28:41.526921+00:00'
[2025-04-16T21:47:25.191+0000] {logging_mixin.py:190} INFO - Task instance is in running state
[2025-04-16T21:47:25.194+0000] {logging_mixin.py:190} INFO -  Previous state of the Task instance: queued
[2025-04-16T21:47:25.208+0000] {logging_mixin.py:190} INFO - Current task name:process_robust_scaler state:running start_date:2025-04-16 21:47:23.701296+00:00
[2025-04-16T21:47:25.212+0000] {logging_mixin.py:190} INFO - Dag name:beer_data_processing and current dag run status:running
[2025-04-16T21:47:25.223+0000] {taskinstance.py:732} INFO - ::endgroup::
[2025-04-16T21:47:26.306+0000] {python.py:240} INFO - Done. Returned value was: True
[2025-04-16T21:47:26.399+0000] {taskinstance.py:341} INFO - ::group::Post task execution logs
[2025-04-16T21:47:26.402+0000] {taskinstance.py:353} INFO - Marking task as SUCCESS. dag_id=beer_data_processing, task_id=process_robust_scaler, run_id=manual__2025-04-16T21:28:41.526921+00:00, execution_date=20250416T212841, start_date=20250416T214723, end_date=20250416T214726
[2025-04-16T21:47:26.496+0000] {logging_mixin.py:190} INFO - Task instance in success state
[2025-04-16T21:47:26.502+0000] {logging_mixin.py:190} INFO -  Previous state of the Task instance: running
[2025-04-16T21:47:26.504+0000] {logging_mixin.py:190} INFO - Dag name:beer_data_processing queued_at:2025-04-16 21:28:41.720606+00:00
[2025-04-16T21:47:26.506+0000] {logging_mixin.py:190} INFO - Task hostname:a0d0456bae2c operator:PythonOperator
[2025-04-16T21:47:26.575+0000] {local_task_job_runner.py:266} INFO - Task exited with return code 0
[2025-04-16T21:47:26.609+0000] {local_task_job_runner.py:245} INFO - ::endgroup::
