[2025-04-10T13:23:18.631+0000] {local_task_job_runner.py:123} INFO - ::group::Pre task execution logs
[2025-04-10T13:23:18.719+0000] {taskinstance.py:2614} INFO - Dependencies all met for dep_context=non-requeueable deps ti=<TaskInstance: beer_data_processing.process_min_max manual__2025-04-10T13:22:39.556118+00:00 [queued]>
[2025-04-10T13:23:18.764+0000] {taskinstance.py:2614} INFO - Dependencies all met for dep_context=requeueable deps ti=<TaskInstance: beer_data_processing.process_min_max manual__2025-04-10T13:22:39.556118+00:00 [queued]>
[2025-04-10T13:23:18.766+0000] {taskinstance.py:2867} INFO - Starting attempt 1 of 6
[2025-04-10T13:23:18.829+0000] {taskinstance.py:2890} INFO - Executing <Task(PythonOperator): process_min_max> on 2025-04-10 13:22:39.556118+00:00
[2025-04-10T13:23:18.929+0000] {standard_task_runner.py:104} INFO - Running: ['***', 'tasks', 'run', 'beer_data_processing', 'process_min_max', 'manual__2025-04-10T13:22:39.556118+00:00', '--job-id', '250', '--raw', '--subdir', 'DAGS_FOLDER/beer_data_processing_dag.py', '--cfg-path', '/tmp/tmpfgiedzy3']
[2025-04-10T13:23:18.983+0000] {standard_task_runner.py:105} INFO - Job 250: Subtask process_min_max
[2025-04-10T13:23:18.990+0000] {logging_mixin.py:190} WARNING - /home/***/.local/lib/python3.12/site-packages/***/task/task_runner/standard_task_runner.py:70 DeprecationWarning: This process (pid=1852) is multi-threaded, use of fork() may lead to deadlocks in the child.
[2025-04-10T13:23:18.994+0000] {standard_task_runner.py:72} INFO - Started process 1898 to run task
[2025-04-10T13:23:20.852+0000] {task_command.py:467} INFO - Running <TaskInstance: beer_data_processing.process_min_max manual__2025-04-10T13:22:39.556118+00:00 [running]> on host 3e53738720c8
[2025-04-10T13:23:22.755+0000] {taskinstance.py:3134} INFO - Exporting env vars: AIRFLOW_CTX_DAG_OWNER='***' AIRFLOW_CTX_DAG_ID='beer_data_processing' AIRFLOW_CTX_TASK_ID='process_min_max' AIRFLOW_CTX_EXECUTION_DATE='2025-04-10T13:22:39.556118+00:00' AIRFLOW_CTX_TRY_NUMBER='1' AIRFLOW_CTX_DAG_RUN_ID='manual__2025-04-10T13:22:39.556118+00:00'
[2025-04-10T13:23:22.785+0000] {logging_mixin.py:190} INFO - Task instance is in running state
[2025-04-10T13:23:22.788+0000] {logging_mixin.py:190} INFO -  Previous state of the Task instance: queued
[2025-04-10T13:23:22.790+0000] {logging_mixin.py:190} INFO - Current task name:process_min_max state:running start_date:2025-04-10 13:23:18.721568+00:00
[2025-04-10T13:23:22.791+0000] {logging_mixin.py:190} INFO - Dag name:beer_data_processing and current dag run status:running
[2025-04-10T13:23:22.796+0000] {taskinstance.py:732} INFO - ::endgroup::
[2025-04-10T13:23:24.491+0000] {python.py:240} INFO - Done. Returned value was: True
[2025-04-10T13:23:25.584+0000] {taskinstance.py:341} INFO - ::group::Post task execution logs
[2025-04-10T13:23:25.586+0000] {taskinstance.py:353} INFO - Marking task as SUCCESS. dag_id=beer_data_processing, task_id=process_min_max, run_id=manual__2025-04-10T13:22:39.556118+00:00, execution_date=20250410T132239, start_date=20250410T132318, end_date=20250410T132325
[2025-04-10T13:23:25.786+0000] {logging_mixin.py:190} INFO - Task instance in success state
[2025-04-10T13:23:25.790+0000] {logging_mixin.py:190} INFO -  Previous state of the Task instance: running
[2025-04-10T13:23:25.792+0000] {logging_mixin.py:190} INFO - Dag name:beer_data_processing queued_at:2025-04-10 13:22:39.728988+00:00
[2025-04-10T13:23:25.794+0000] {logging_mixin.py:190} INFO - Task hostname:3e53738720c8 operator:PythonOperator
[2025-04-10T13:23:25.895+0000] {local_task_job_runner.py:266} INFO - Task exited with return code 0
[2025-04-10T13:23:25.926+0000] {local_task_job_runner.py:245} INFO - ::endgroup::
