[2025-04-10T13:36:41.753+0000] {local_task_job_runner.py:123} INFO - ::group::Pre task execution logs
[2025-04-10T13:36:41.808+0000] {taskinstance.py:2614} INFO - Dependencies all met for dep_context=non-requeueable deps ti=<TaskInstance: beer_data_processing.create_dim_brewery manual__2025-04-10T13:36:07.917582+00:00 [queued]>
[2025-04-10T13:36:41.838+0000] {taskinstance.py:2614} INFO - Dependencies all met for dep_context=requeueable deps ti=<TaskInstance: beer_data_processing.create_dim_brewery manual__2025-04-10T13:36:07.917582+00:00 [queued]>
[2025-04-10T13:36:41.841+0000] {taskinstance.py:2867} INFO - Starting attempt 1 of 6
[2025-04-10T13:36:41.882+0000] {taskinstance.py:2890} INFO - Executing <Task(PythonOperator): create_dim_brewery> on 2025-04-10 13:36:07.917582+00:00
[2025-04-10T13:36:41.913+0000] {standard_task_runner.py:104} INFO - Running: ['***', 'tasks', 'run', 'beer_data_processing', 'create_dim_brewery', 'manual__2025-04-10T13:36:07.917582+00:00', '--job-id', '284', '--raw', '--subdir', 'DAGS_FOLDER/beer_data_processing_dag.py', '--cfg-path', '/tmp/tmpt_mwvaae']
[2025-04-10T13:36:41.915+0000] {logging_mixin.py:190} WARNING - /home/***/.local/lib/python3.12/site-packages/***/task/task_runner/standard_task_runner.py:70 DeprecationWarning: This process (pid=9623) is multi-threaded, use of fork() may lead to deadlocks in the child.
[2025-04-10T13:36:41.918+0000] {standard_task_runner.py:105} INFO - Job 284: Subtask create_dim_brewery
[2025-04-10T13:36:41.918+0000] {standard_task_runner.py:72} INFO - Started process 9773 to run task
[2025-04-10T13:36:42.034+0000] {task_command.py:467} INFO - Running <TaskInstance: beer_data_processing.create_dim_brewery manual__2025-04-10T13:36:07.917582+00:00 [running]> on host 3e53738720c8
[2025-04-10T13:36:42.232+0000] {taskinstance.py:3134} INFO - Exporting env vars: AIRFLOW_CTX_DAG_OWNER='***' AIRFLOW_CTX_DAG_ID='beer_data_processing' AIRFLOW_CTX_TASK_ID='create_dim_brewery' AIRFLOW_CTX_EXECUTION_DATE='2025-04-10T13:36:07.917582+00:00' AIRFLOW_CTX_TRY_NUMBER='1' AIRFLOW_CTX_DAG_RUN_ID='manual__2025-04-10T13:36:07.917582+00:00'
[2025-04-10T13:36:42.236+0000] {logging_mixin.py:190} INFO - Task instance is in running state
[2025-04-10T13:36:42.237+0000] {logging_mixin.py:190} INFO -  Previous state of the Task instance: queued
[2025-04-10T13:36:42.239+0000] {logging_mixin.py:190} INFO - Current task name:create_dim_brewery state:running start_date:2025-04-10 13:36:41.810746+00:00
[2025-04-10T13:36:42.240+0000] {logging_mixin.py:190} INFO - Dag name:beer_data_processing and current dag run status:running
[2025-04-10T13:36:42.242+0000] {taskinstance.py:732} INFO - ::endgroup::
[2025-04-10T13:36:42.421+0000] {base.py:84} INFO - Retrieving connection 'postgres_conn'
[2025-04-10T13:36:43.266+0000] {logging_mixin.py:190} INFO - Створено датасет dim_brewery з 3999 записами
[2025-04-10T13:36:43.272+0000] {python.py:240} INFO - Done. Returned value was: True
[2025-04-10T13:36:43.397+0000] {taskinstance.py:341} INFO - ::group::Post task execution logs
[2025-04-10T13:36:43.399+0000] {taskinstance.py:353} INFO - Marking task as SUCCESS. dag_id=beer_data_processing, task_id=create_dim_brewery, run_id=manual__2025-04-10T13:36:07.917582+00:00, execution_date=20250410T133607, start_date=20250410T133641, end_date=20250410T133643
[2025-04-10T13:36:43.457+0000] {logging_mixin.py:190} INFO - Task instance in success state
[2025-04-10T13:36:43.459+0000] {logging_mixin.py:190} INFO -  Previous state of the Task instance: running
[2025-04-10T13:36:43.461+0000] {logging_mixin.py:190} INFO - Dag name:beer_data_processing queued_at:2025-04-10 13:36:08.187437+00:00
[2025-04-10T13:36:43.462+0000] {logging_mixin.py:190} INFO - Task hostname:3e53738720c8 operator:PythonOperator
[2025-04-10T13:36:43.506+0000] {local_task_job_runner.py:266} INFO - Task exited with return code 0
[2025-04-10T13:36:43.587+0000] {taskinstance.py:3901} INFO - 1 downstream tasks scheduled from follow-on schedule check
[2025-04-10T13:36:43.592+0000] {local_task_job_runner.py:245} INFO - ::endgroup::
