[2025-04-16T22:06:37.064+0000] {local_task_job_runner.py:123} INFO - ::group::Pre task execution logs
[2025-04-16T22:06:37.134+0000] {taskinstance.py:2614} INFO - Dependencies all met for dep_context=non-requeueable deps ti=<TaskInstance: beer_data_processing.create_dim_brewery_table manual__2025-04-16T22:06:01.890401+00:00 [queued]>
[2025-04-16T22:06:37.166+0000] {taskinstance.py:2614} INFO - Dependencies all met for dep_context=requeueable deps ti=<TaskInstance: beer_data_processing.create_dim_brewery_table manual__2025-04-16T22:06:01.890401+00:00 [queued]>
[2025-04-16T22:06:37.168+0000] {taskinstance.py:2867} INFO - Starting attempt 1 of 6
[2025-04-16T22:06:37.206+0000] {taskinstance.py:2890} INFO - Executing <Task(SQLExecuteQueryOperator): create_dim_brewery_table> on 2025-04-16 22:06:01.890401+00:00
[2025-04-16T22:06:37.243+0000] {logging_mixin.py:190} WARNING - /home/***/.local/lib/python3.12/site-packages/***/task/task_runner/standard_task_runner.py:70 DeprecationWarning: This process (pid=16924) is multi-threaded, use of fork() may lead to deadlocks in the child.
[2025-04-16T22:06:37.242+0000] {standard_task_runner.py:104} INFO - Running: ['***', 'tasks', 'run', 'beer_data_processing', 'create_dim_brewery_table', 'manual__2025-04-16T22:06:01.890401+00:00', '--job-id', '860', '--raw', '--subdir', 'DAGS_FOLDER/beer_data_processing_dag.py', '--cfg-path', '/tmp/tmpyte_4a9c']
[2025-04-16T22:06:37.245+0000] {standard_task_runner.py:72} INFO - Started process 17027 to run task
[2025-04-16T22:06:37.246+0000] {standard_task_runner.py:105} INFO - Job 860: Subtask create_dim_brewery_table
[2025-04-16T22:06:37.391+0000] {task_command.py:467} INFO - Running <TaskInstance: beer_data_processing.create_dim_brewery_table manual__2025-04-16T22:06:01.890401+00:00 [running]> on host a0d0456bae2c
[2025-04-16T22:06:37.709+0000] {taskinstance.py:3134} INFO - Exporting env vars: AIRFLOW_CTX_DAG_OWNER='***' AIRFLOW_CTX_DAG_ID='beer_data_processing' AIRFLOW_CTX_TASK_ID='create_dim_brewery_table' AIRFLOW_CTX_EXECUTION_DATE='2025-04-16T22:06:01.890401+00:00' AIRFLOW_CTX_TRY_NUMBER='1' AIRFLOW_CTX_DAG_RUN_ID='manual__2025-04-16T22:06:01.890401+00:00'
[2025-04-16T22:06:37.715+0000] {logging_mixin.py:190} INFO - Task instance is in running state
[2025-04-16T22:06:37.717+0000] {logging_mixin.py:190} INFO -  Previous state of the Task instance: queued
[2025-04-16T22:06:37.719+0000] {logging_mixin.py:190} INFO - Current task name:create_dim_brewery_table state:running start_date:2025-04-16 22:06:37.136534+00:00
[2025-04-16T22:06:37.721+0000] {logging_mixin.py:190} INFO - Dag name:beer_data_processing and current dag run status:running
[2025-04-16T22:06:37.722+0000] {taskinstance.py:732} INFO - ::endgroup::
[2025-04-16T22:06:37.724+0000] {sql.py:295} INFO - Executing: 
    CREATE TABLE IF NOT EXISTS dim_brewery (
        brewery_id SERIAL PRIMARY KEY,
        brewery_name VARCHAR(255) NOT NULL UNIQUE
    );
    
[2025-04-16T22:06:37.753+0000] {base.py:84} INFO - Retrieving connection 'postgres_conn'
[2025-04-16T22:06:37.791+0000] {base.py:84} INFO - Retrieving connection 'postgres_conn'
[2025-04-16T22:06:37.811+0000] {sql.py:511} INFO - Running statement: 
    CREATE TABLE IF NOT EXISTS dim_brewery (
        brewery_id SERIAL PRIMARY KEY,
        brewery_name VARCHAR(255) NOT NULL UNIQUE
    );
    , parameters: None
[2025-04-16T22:06:37.826+0000] {logging_mixin.py:190} WARNING - /home/***/.local/lib/python3.12/site-packages/***/providers/common/sql/hooks/sql.py:470 DeprecationWarning: Import of fetch_all_handler from the '***.providers.common.sql.hooks' module is deprecated and will
be removed in the future. Please import it from '***.providers.common.sql.hooks.handlers'.
[2025-04-16T22:06:37.837+0000] {logging_mixin.py:190} WARNING - /home/***/.local/lib/python3.12/site-packages/***/providers/common/sql/hooks/sql.py:471 DeprecationWarning: Import of return_single_query_results from the '***.providers.common.sql.hooks' module is deprecated and will
be removed in the future. Please import it from '***.providers.common.sql.hooks.handlers'.
[2025-04-16T22:06:37.851+0000] {logging_mixin.py:190} WARNING - /home/***/.local/lib/python3.12/site-packages/***/providers/common/sql/hooks/sql.py:486 DeprecationWarning: Import of return_single_query_results from the '***.providers.common.sql.hooks' module is deprecated and will
be removed in the future. Please import it from '***.providers.common.sql.hooks.handlers'.
[2025-04-16T22:06:37.861+0000] {logging_mixin.py:190} WARNING - /home/***/.local/lib/python3.12/site-packages/***/providers/common/sql/operators/sql.py:311 DeprecationWarning: Import of return_single_query_results from the '***.providers.common.sql.hooks' module is deprecated and will
be removed in the future. Please import it from '***.providers.common.sql.hooks.handlers'.
[2025-04-16T22:06:37.907+0000] {taskinstance.py:341} INFO - ::group::Post task execution logs
[2025-04-16T22:06:37.916+0000] {taskinstance.py:353} INFO - Marking task as SUCCESS. dag_id=beer_data_processing, task_id=create_dim_brewery_table, run_id=manual__2025-04-16T22:06:01.890401+00:00, execution_date=20250416T220601, start_date=20250416T220637, end_date=20250416T220637
[2025-04-16T22:06:38.042+0000] {logging_mixin.py:190} INFO - Task instance in success state
[2025-04-16T22:06:38.044+0000] {logging_mixin.py:190} INFO -  Previous state of the Task instance: running
[2025-04-16T22:06:38.048+0000] {logging_mixin.py:190} INFO - Dag name:beer_data_processing queued_at:2025-04-16 22:06:02.204012+00:00
[2025-04-16T22:06:38.049+0000] {logging_mixin.py:190} INFO - Task hostname:a0d0456bae2c operator:SQLExecuteQueryOperator
[2025-04-16T22:06:38.119+0000] {local_task_job_runner.py:266} INFO - Task exited with return code 0
[2025-04-16T22:06:38.144+0000] {local_task_job_runner.py:245} INFO - ::endgroup::
