[2025-04-16T20:00:38.300+0000] {local_task_job_runner.py:123} INFO - ::group::Pre task execution logs
[2025-04-16T20:00:38.354+0000] {taskinstance.py:2614} INFO - Dependencies all met for dep_context=non-requeueable deps ti=<TaskInstance: beer_data_processing.create_dim_style scheduled__2025-04-16T19:00:00+00:00 [queued]>
[2025-04-16T20:00:38.383+0000] {taskinstance.py:2614} INFO - Dependencies all met for dep_context=requeueable deps ti=<TaskInstance: beer_data_processing.create_dim_style scheduled__2025-04-16T19:00:00+00:00 [queued]>
[2025-04-16T20:00:38.384+0000] {taskinstance.py:2867} INFO - Starting attempt 1 of 6
[2025-04-16T20:00:38.415+0000] {taskinstance.py:2890} INFO - Executing <Task(PythonOperator): create_dim_style> on 2025-04-16 19:00:00+00:00
[2025-04-16T20:00:38.447+0000] {logging_mixin.py:190} WARNING - /home/***/.local/lib/python3.12/site-packages/***/task/task_runner/standard_task_runner.py:70 DeprecationWarning: This process (pid=18169) is multi-threaded, use of fork() may lead to deadlocks in the child.
[2025-04-16T20:00:38.447+0000] {standard_task_runner.py:104} INFO - Running: ['***', 'tasks', 'run', 'beer_data_processing', 'create_dim_style', 'scheduled__2025-04-16T19:00:00+00:00', '--job-id', '766', '--raw', '--subdir', 'DAGS_FOLDER/beer_data_processing_dag.py', '--cfg-path', '/tmp/tmp73k1kivc']
[2025-04-16T20:00:38.450+0000] {standard_task_runner.py:72} INFO - Started process 18341 to run task
[2025-04-16T20:00:38.451+0000] {standard_task_runner.py:105} INFO - Job 766: Subtask create_dim_style
[2025-04-16T20:00:38.628+0000] {task_command.py:467} INFO - Running <TaskInstance: beer_data_processing.create_dim_style scheduled__2025-04-16T19:00:00+00:00 [running]> on host 3e53738720c8
[2025-04-16T20:00:38.788+0000] {taskinstance.py:3134} INFO - Exporting env vars: AIRFLOW_CTX_DAG_OWNER='***' AIRFLOW_CTX_DAG_ID='beer_data_processing' AIRFLOW_CTX_TASK_ID='create_dim_style' AIRFLOW_CTX_EXECUTION_DATE='2025-04-16T19:00:00+00:00' AIRFLOW_CTX_TRY_NUMBER='1' AIRFLOW_CTX_DAG_RUN_ID='scheduled__2025-04-16T19:00:00+00:00'
[2025-04-16T20:00:38.798+0000] {logging_mixin.py:190} INFO - Task instance is in running state
[2025-04-16T20:00:38.799+0000] {logging_mixin.py:190} INFO -  Previous state of the Task instance: queued
[2025-04-16T20:00:38.800+0000] {logging_mixin.py:190} INFO - Current task name:create_dim_style state:running start_date:2025-04-16 20:00:38.355746+00:00
[2025-04-16T20:00:38.801+0000] {logging_mixin.py:190} INFO - Dag name:beer_data_processing and current dag run status:running
[2025-04-16T20:00:38.802+0000] {taskinstance.py:732} INFO - ::endgroup::
[2025-04-16T20:00:39.030+0000] {base.py:84} INFO - Retrieving connection 'postgres_conn'
[2025-04-16T20:00:39.137+0000] {logging_mixin.py:190} INFO - Створено датасет dim_style з 112 записами
[2025-04-16T20:00:39.139+0000] {python.py:240} INFO - Done. Returned value was: True
[2025-04-16T20:00:39.184+0000] {taskinstance.py:341} INFO - ::group::Post task execution logs
[2025-04-16T20:00:39.185+0000] {taskinstance.py:353} INFO - Marking task as SUCCESS. dag_id=beer_data_processing, task_id=create_dim_style, run_id=scheduled__2025-04-16T19:00:00+00:00, execution_date=20250416T190000, start_date=20250416T200038, end_date=20250416T200039
[2025-04-16T20:00:39.244+0000] {logging_mixin.py:190} INFO - Task instance in success state
[2025-04-16T20:00:39.245+0000] {logging_mixin.py:190} INFO -  Previous state of the Task instance: running
[2025-04-16T20:00:39.246+0000] {logging_mixin.py:190} INFO - Dag name:beer_data_processing queued_at:2025-04-16 20:00:00.108549+00:00
[2025-04-16T20:00:39.247+0000] {logging_mixin.py:190} INFO - Task hostname:3e53738720c8 operator:PythonOperator
[2025-04-16T20:00:39.272+0000] {local_task_job_runner.py:266} INFO - Task exited with return code 0
[2025-04-16T20:00:39.323+0000] {taskinstance.py:3901} INFO - 0 downstream tasks scheduled from follow-on schedule check
[2025-04-16T20:00:39.327+0000] {local_task_job_runner.py:245} INFO - ::endgroup::
