[2025-04-16T16:52:16.098+0000] {local_task_job_runner.py:123} INFO - ::group::Pre task execution logs
[2025-04-16T16:52:16.191+0000] {taskinstance.py:2614} INFO - Dependencies all met for dep_context=non-requeueable deps ti=<TaskInstance: beer_data_processing.process_robust_scaler manual__2025-04-16T16:51:28.772565+00:00 [queued]>
[2025-04-16T16:52:16.232+0000] {taskinstance.py:2614} INFO - Dependencies all met for dep_context=requeueable deps ti=<TaskInstance: beer_data_processing.process_robust_scaler manual__2025-04-16T16:51:28.772565+00:00 [queued]>
[2025-04-16T16:52:16.234+0000] {taskinstance.py:2867} INFO - Starting attempt 1 of 6
[2025-04-16T16:52:16.452+0000] {taskinstance.py:2890} INFO - Executing <Task(PythonOperator): process_robust_scaler> on 2025-04-16 16:51:28.772565+00:00
[2025-04-16T16:52:27.784+0000] {logging_mixin.py:190} WARNING - /home/***/.local/lib/python3.12/site-packages/***/task/task_runner/standard_task_runner.py:70 DeprecationWarning: This process (pid=6454) is multi-threaded, use of fork() may lead to deadlocks in the child.
[2025-04-16T16:52:27.813+0000] {standard_task_runner.py:72} INFO - Started process 6587 to run task
[2025-04-16T16:52:27.814+0000] {standard_task_runner.py:104} INFO - Running: ['***', 'tasks', 'run', 'beer_data_processing', 'process_robust_scaler', 'manual__2025-04-16T16:51:28.772565+00:00', '--job-id', '690', '--raw', '--subdir', 'DAGS_FOLDER/beer_data_processing_dag.py', '--cfg-path', '/tmp/tmpaxqr433e']
[2025-04-16T16:52:27.848+0000] {standard_task_runner.py:105} INFO - Job 690: Subtask process_robust_scaler
[2025-04-16T16:52:28.304+0000] {task_command.py:467} INFO - Running <TaskInstance: beer_data_processing.process_robust_scaler manual__2025-04-16T16:51:28.772565+00:00 [running]> on host 3e53738720c8
[2025-04-16T16:52:29.489+0000] {taskinstance.py:3134} INFO - Exporting env vars: AIRFLOW_CTX_DAG_OWNER='***' AIRFLOW_CTX_DAG_ID='beer_data_processing' AIRFLOW_CTX_TASK_ID='process_robust_scaler' AIRFLOW_CTX_EXECUTION_DATE='2025-04-16T16:51:28.772565+00:00' AIRFLOW_CTX_TRY_NUMBER='1' AIRFLOW_CTX_DAG_RUN_ID='manual__2025-04-16T16:51:28.772565+00:00'
[2025-04-16T16:52:29.524+0000] {logging_mixin.py:190} INFO - Task instance is in running state
[2025-04-16T16:52:29.527+0000] {logging_mixin.py:190} INFO -  Previous state of the Task instance: queued
[2025-04-16T16:52:29.530+0000] {logging_mixin.py:190} INFO - Current task name:process_robust_scaler state:running start_date:2025-04-16 16:52:16.192936+00:00
[2025-04-16T16:52:29.532+0000] {logging_mixin.py:190} INFO - Dag name:beer_data_processing and current dag run status:running
[2025-04-16T16:52:29.537+0000] {taskinstance.py:732} INFO - ::endgroup::
[2025-04-16T16:52:31.481+0000] {python.py:240} INFO - Done. Returned value was: True
[2025-04-16T16:52:31.979+0000] {taskinstance.py:341} INFO - ::group::Post task execution logs
[2025-04-16T16:52:31.981+0000] {taskinstance.py:353} INFO - Marking task as SUCCESS. dag_id=beer_data_processing, task_id=process_robust_scaler, run_id=manual__2025-04-16T16:51:28.772565+00:00, execution_date=20250416T165128, start_date=20250416T165216, end_date=20250416T165231
[2025-04-16T16:52:32.807+0000] {logging_mixin.py:190} INFO - Task instance in success state
[2025-04-16T16:52:32.872+0000] {logging_mixin.py:190} INFO -  Previous state of the Task instance: running
[2025-04-16T16:52:32.882+0000] {logging_mixin.py:190} INFO - Dag name:beer_data_processing queued_at:2025-04-16 16:51:28.821154+00:00
[2025-04-16T16:52:32.883+0000] {logging_mixin.py:190} INFO - Task hostname:3e53738720c8 operator:PythonOperator
[2025-04-16T16:52:33.954+0000] {job.py:229} INFO - Heartbeat recovered after 18.24 seconds
[2025-04-16T16:52:33.977+0000] {local_task_job_runner.py:266} INFO - Task exited with return code 0
[2025-04-16T16:52:34.023+0000] {taskinstance.py:3901} INFO - 0 downstream tasks scheduled from follow-on schedule check
[2025-04-16T16:52:34.558+0000] {local_task_job_runner.py:245} INFO - ::endgroup::
