[2025-04-16T17:14:29.858+0000] {local_task_job_runner.py:123} INFO - ::group::Pre task execution logs
[2025-04-16T17:14:29.920+0000] {taskinstance.py:2614} INFO - Dependencies all met for dep_context=non-requeueable deps ti=<TaskInstance: beer_data_processing.create_dim_beer manual__2025-04-16T17:13:05.190480+00:00 [queued]>
[2025-04-16T17:14:29.950+0000] {taskinstance.py:2614} INFO - Dependencies all met for dep_context=requeueable deps ti=<TaskInstance: beer_data_processing.create_dim_beer manual__2025-04-16T17:13:05.190480+00:00 [queued]>
[2025-04-16T17:14:29.952+0000] {taskinstance.py:2867} INFO - Starting attempt 1 of 6
[2025-04-16T17:14:29.999+0000] {taskinstance.py:2890} INFO - Executing <Task(PythonOperator): create_dim_beer> on 2025-04-16 17:13:05.190480+00:00
[2025-04-16T17:14:30.054+0000] {standard_task_runner.py:104} INFO - Running: ['***', 'tasks', 'run', 'beer_data_processing', 'create_dim_beer', 'manual__2025-04-16T17:13:05.190480+00:00', '--job-id', '727', '--raw', '--subdir', 'DAGS_FOLDER/beer_data_processing_dag.py', '--cfg-path', '/tmp/tmp07o5_uth']
[2025-04-16T17:14:30.054+0000] {logging_mixin.py:190} WARNING - /home/***/.local/lib/python3.12/site-packages/***/task/task_runner/standard_task_runner.py:70 DeprecationWarning: This process (pid=18598) is multi-threaded, use of fork() may lead to deadlocks in the child.
[2025-04-16T17:14:30.058+0000] {standard_task_runner.py:105} INFO - Job 727: Subtask create_dim_beer
[2025-04-16T17:14:30.059+0000] {standard_task_runner.py:72} INFO - Started process 18736 to run task
[2025-04-16T17:14:30.183+0000] {task_command.py:467} INFO - Running <TaskInstance: beer_data_processing.create_dim_beer manual__2025-04-16T17:13:05.190480+00:00 [running]> on host 3e53738720c8
[2025-04-16T17:14:30.796+0000] {taskinstance.py:3134} INFO - Exporting env vars: AIRFLOW_CTX_DAG_OWNER='***' AIRFLOW_CTX_DAG_ID='beer_data_processing' AIRFLOW_CTX_TASK_ID='create_dim_beer' AIRFLOW_CTX_EXECUTION_DATE='2025-04-16T17:13:05.190480+00:00' AIRFLOW_CTX_TRY_NUMBER='1' AIRFLOW_CTX_DAG_RUN_ID='manual__2025-04-16T17:13:05.190480+00:00'
[2025-04-16T17:14:30.799+0000] {logging_mixin.py:190} INFO - Task instance is in running state
[2025-04-16T17:14:30.799+0000] {logging_mixin.py:190} INFO -  Previous state of the Task instance: queued
[2025-04-16T17:14:30.800+0000] {logging_mixin.py:190} INFO - Current task name:create_dim_beer state:running start_date:2025-04-16 17:14:29.922716+00:00
[2025-04-16T17:14:30.801+0000] {logging_mixin.py:190} INFO - Dag name:beer_data_processing and current dag run status:running
[2025-04-16T17:14:30.802+0000] {taskinstance.py:732} INFO - ::endgroup::
[2025-04-16T17:14:30.978+0000] {base.py:84} INFO - Retrieving connection 'postgres_conn'
[2025-04-16T17:14:33.299+0000] {logging_mixin.py:190} INFO - Створено датасет dim_beer з 3069 записами
[2025-04-16T17:14:33.302+0000] {python.py:240} INFO - Done. Returned value was: True
[2025-04-16T17:14:33.342+0000] {taskinstance.py:341} INFO - ::group::Post task execution logs
[2025-04-16T17:14:33.344+0000] {taskinstance.py:353} INFO - Marking task as SUCCESS. dag_id=beer_data_processing, task_id=create_dim_beer, run_id=manual__2025-04-16T17:13:05.190480+00:00, execution_date=20250416T171305, start_date=20250416T171429, end_date=20250416T171433
[2025-04-16T17:14:33.399+0000] {logging_mixin.py:190} INFO - Task instance in success state
[2025-04-16T17:14:33.401+0000] {logging_mixin.py:190} INFO -  Previous state of the Task instance: running
[2025-04-16T17:14:33.402+0000] {logging_mixin.py:190} INFO - Dag name:beer_data_processing queued_at:2025-04-16 17:13:05.395315+00:00
[2025-04-16T17:14:33.403+0000] {logging_mixin.py:190} INFO - Task hostname:3e53738720c8 operator:PythonOperator
[2025-04-16T17:14:33.453+0000] {local_task_job_runner.py:266} INFO - Task exited with return code 0
[2025-04-16T17:14:33.510+0000] {taskinstance.py:3901} INFO - 1 downstream tasks scheduled from follow-on schedule check
[2025-04-16T17:14:33.513+0000] {local_task_job_runner.py:245} INFO - ::endgroup::
