[2025-04-17T12:25:14.168+0000] {local_task_job_runner.py:123} INFO - ::group::Pre task execution logs
[2025-04-17T12:25:14.467+0000] {taskinstance.py:2614} INFO - Dependencies all met for dep_context=non-requeueable deps ti=<TaskInstance: beer_data_processing.create_merged_data scheduled__2025-04-17T03:00:00+00:00 [queued]>
[2025-04-17T12:25:14.539+0000] {taskinstance.py:2614} INFO - Dependencies all met for dep_context=requeueable deps ti=<TaskInstance: beer_data_processing.create_merged_data scheduled__2025-04-17T03:00:00+00:00 [queued]>
[2025-04-17T12:25:14.545+0000] {taskinstance.py:2867} INFO - Starting attempt 1 of 6
[2025-04-17T12:25:14.681+0000] {taskinstance.py:2890} INFO - Executing <Task(PythonOperator): create_merged_data> on 2025-04-17 03:00:00+00:00
[2025-04-17T12:25:14.997+0000] {logging_mixin.py:190} WARNING - /home/***/.local/lib/python3.12/site-packages/***/task/task_runner/standard_task_runner.py:70 DeprecationWarning: This process (pid=2907) is multi-threaded, use of fork() may lead to deadlocks in the child.
[2025-04-17T12:25:15.045+0000] {standard_task_runner.py:72} INFO - Started process 3044 to run task
[2025-04-17T12:25:14.987+0000] {standard_task_runner.py:104} INFO - Running: ['***', 'tasks', 'run', 'beer_data_processing', 'create_merged_data', 'scheduled__2025-04-17T03:00:00+00:00', '--job-id', '985', '--raw', '--subdir', 'DAGS_FOLDER/beer_data_processing_dag.py', '--cfg-path', '/tmp/tmpz4jmpfqh']
[2025-04-17T12:25:15.059+0000] {standard_task_runner.py:105} INFO - Job 985: Subtask create_merged_data
[2025-04-17T12:25:18.639+0000] {task_command.py:467} INFO - Running <TaskInstance: beer_data_processing.create_merged_data scheduled__2025-04-17T03:00:00+00:00 [running]> on host a0d0456bae2c
[2025-04-17T12:25:21.029+0000] {taskinstance.py:3134} INFO - Exporting env vars: AIRFLOW_CTX_DAG_OWNER='***' AIRFLOW_CTX_DAG_ID='beer_data_processing' AIRFLOW_CTX_TASK_ID='create_merged_data' AIRFLOW_CTX_EXECUTION_DATE='2025-04-17T03:00:00+00:00' AIRFLOW_CTX_TRY_NUMBER='1' AIRFLOW_CTX_DAG_RUN_ID='scheduled__2025-04-17T03:00:00+00:00'
[2025-04-17T12:25:21.075+0000] {logging_mixin.py:190} INFO - Task instance is in running state
[2025-04-17T12:25:21.090+0000] {logging_mixin.py:190} INFO -  Previous state of the Task instance: queued
[2025-04-17T12:25:21.108+0000] {logging_mixin.py:190} INFO - Current task name:create_merged_data state:running start_date:2025-04-17 12:25:14.469062+00:00
[2025-04-17T12:25:21.110+0000] {logging_mixin.py:190} INFO - Dag name:beer_data_processing and current dag run status:running
[2025-04-17T12:25:21.116+0000] {taskinstance.py:732} INFO - ::endgroup::
[2025-04-17T12:25:21.611+0000] {logging_mixin.py:190} INFO - Applied MinMax scaling to ['review_aroma', 'review_appearance', 'review_palate', 'review_taste', 'review_overall']
[2025-04-17T12:25:21.751+0000] {logging_mixin.py:190} INFO - Applied Robust scaling to ['ABV', 'Min IBU', 'Max IBU', 'number_of_reviews']
[2025-04-17T12:25:21.881+0000] {logging_mixin.py:190} INFO - Applied Proportion normalization to ['Astringency', 'Body', 'Alcohol', 'Bitter', 'Sweet', 'Sour', 'Salty', 'Fruits', 'Hoppy', 'Spices', 'Malty']
[2025-04-17T12:25:22.454+0000] {logging_mixin.py:190} INFO - Sample of merged data (first row, transposed):
[2025-04-17T12:25:22.520+0000] {logging_mixin.py:190} INFO -                                                            0
Name                                                   # 100
Style                                  Barleywine - American
Brewery            Nøgne Ø - Det Kompromissløse Bryggeri A/S
Astringency                                          0.02946
Body                                                0.114566
Alcohol                                             0.070376
Bitter                                              0.139116
Sweet                                               0.150573
Sour                                                0.042553
Salty                                               0.001637
Fruits                                              0.086743
Hoppy                                               0.155483
Spices                                               0.02455
Malty                                               0.184943
review_aroma                                        0.717441
review_appearance                                   0.834263
review_palate                                       0.753617
review_taste                                        0.760689
review_overall                                      0.731085
ABV                                                 1.538462
Min IBU                                                  4.0
Max IBU                                                 3.25
number_of_reviews                                   0.478927
[2025-04-17T12:25:22.639+0000] {python.py:240} INFO - Done. Returned value was: True
[2025-04-17T12:25:22.786+0000] {taskinstance.py:341} INFO - ::group::Post task execution logs
[2025-04-17T12:25:22.801+0000] {taskinstance.py:353} INFO - Marking task as SUCCESS. dag_id=beer_data_processing, task_id=create_merged_data, run_id=scheduled__2025-04-17T03:00:00+00:00, execution_date=20250417T030000, start_date=20250417T122514, end_date=20250417T122522
[2025-04-17T12:25:22.908+0000] {logging_mixin.py:190} INFO - Task instance in success state
[2025-04-17T12:25:22.910+0000] {logging_mixin.py:190} INFO -  Previous state of the Task instance: running
[2025-04-17T12:25:22.912+0000] {logging_mixin.py:190} INFO - Dag name:beer_data_processing queued_at:2025-04-17 11:36:07.227813+00:00
[2025-04-17T12:25:22.914+0000] {logging_mixin.py:190} INFO - Task hostname:a0d0456bae2c operator:PythonOperator
[2025-04-17T12:25:23.016+0000] {local_task_job_runner.py:266} INFO - Task exited with return code 0
[2025-04-17T12:25:23.211+0000] {taskinstance.py:3901} INFO - 4 downstream tasks scheduled from follow-on schedule check
[2025-04-17T12:25:23.217+0000] {local_task_job_runner.py:245} INFO - ::endgroup::
