[2025-04-16T17:13:16.823+0000] {local_task_job_runner.py:123} INFO - ::group::Pre task execution logs
[2025-04-16T17:13:16.870+0000] {taskinstance.py:2614} INFO - Dependencies all met for dep_context=non-requeueable deps ti=<TaskInstance: beer_data_processing.load_and_process_data manual__2025-04-16T17:13:05.190480+00:00 [queued]>
[2025-04-16T17:13:16.893+0000] {taskinstance.py:2614} INFO - Dependencies all met for dep_context=requeueable deps ti=<TaskInstance: beer_data_processing.load_and_process_data manual__2025-04-16T17:13:05.190480+00:00 [queued]>
[2025-04-16T17:13:16.894+0000] {taskinstance.py:2867} INFO - Starting attempt 1 of 6
[2025-04-16T17:13:16.926+0000] {taskinstance.py:2890} INFO - Executing <Task(PythonOperator): load_and_process_data> on 2025-04-16 17:13:05.190480+00:00
[2025-04-16T17:13:16.950+0000] {standard_task_runner.py:104} INFO - Running: ['***', 'tasks', 'run', 'beer_data_processing', 'load_and_process_data', 'manual__2025-04-16T17:13:05.190480+00:00', '--job-id', '719', '--raw', '--subdir', 'DAGS_FOLDER/beer_data_processing_dag.py', '--cfg-path', '/tmp/tmpgw08dexg']
[2025-04-16T17:13:16.954+0000] {standard_task_runner.py:105} INFO - Job 719: Subtask load_and_process_data
[2025-04-16T17:13:16.954+0000] {logging_mixin.py:190} WARNING - /home/***/.local/lib/python3.12/site-packages/***/task/task_runner/standard_task_runner.py:70 DeprecationWarning: This process (pid=18242) is multi-threaded, use of fork() may lead to deadlocks in the child.
[2025-04-16T17:13:16.955+0000] {standard_task_runner.py:72} INFO - Started process 18347 to run task
[2025-04-16T17:13:17.048+0000] {task_command.py:467} INFO - Running <TaskInstance: beer_data_processing.load_and_process_data manual__2025-04-16T17:13:05.190480+00:00 [running]> on host 3e53738720c8
[2025-04-16T17:13:17.216+0000] {taskinstance.py:3134} INFO - Exporting env vars: AIRFLOW_CTX_DAG_OWNER='***' AIRFLOW_CTX_DAG_ID='beer_data_processing' AIRFLOW_CTX_TASK_ID='load_and_process_data' AIRFLOW_CTX_EXECUTION_DATE='2025-04-16T17:13:05.190480+00:00' AIRFLOW_CTX_TRY_NUMBER='1' AIRFLOW_CTX_DAG_RUN_ID='manual__2025-04-16T17:13:05.190480+00:00'
[2025-04-16T17:13:17.219+0000] {logging_mixin.py:190} INFO - Task instance is in running state
[2025-04-16T17:13:17.221+0000] {logging_mixin.py:190} INFO -  Previous state of the Task instance: queued
[2025-04-16T17:13:17.221+0000] {logging_mixin.py:190} INFO - Current task name:load_and_process_data state:running start_date:2025-04-16 17:13:16.871704+00:00
[2025-04-16T17:13:17.222+0000] {logging_mixin.py:190} INFO - Dag name:beer_data_processing and current dag run status:running
[2025-04-16T17:13:17.223+0000] {taskinstance.py:732} INFO - ::endgroup::
[2025-04-16T17:13:17.556+0000] {logging_mixin.py:190} INFO - Завантажено 3197 записів з CSV файлу
[2025-04-16T17:13:17.559+0000] {python.py:240} INFO - Done. Returned value was: True
[2025-04-16T17:13:17.597+0000] {taskinstance.py:341} INFO - ::group::Post task execution logs
[2025-04-16T17:13:17.598+0000] {taskinstance.py:353} INFO - Marking task as SUCCESS. dag_id=beer_data_processing, task_id=load_and_process_data, run_id=manual__2025-04-16T17:13:05.190480+00:00, execution_date=20250416T171305, start_date=20250416T171316, end_date=20250416T171317
[2025-04-16T17:13:17.641+0000] {logging_mixin.py:190} INFO - Task instance in success state
[2025-04-16T17:13:17.642+0000] {logging_mixin.py:190} INFO -  Previous state of the Task instance: running
[2025-04-16T17:13:17.643+0000] {logging_mixin.py:190} INFO - Dag name:beer_data_processing queued_at:2025-04-16 17:13:05.395315+00:00
[2025-04-16T17:13:17.644+0000] {logging_mixin.py:190} INFO - Task hostname:3e53738720c8 operator:PythonOperator
[2025-04-16T17:13:17.698+0000] {local_task_job_runner.py:266} INFO - Task exited with return code 0
[2025-04-16T17:13:17.786+0000] {taskinstance.py:3901} INFO - 7 downstream tasks scheduled from follow-on schedule check
[2025-04-16T17:13:17.790+0000] {local_task_job_runner.py:245} INFO - ::endgroup::
