[2025-04-17T12:44:41.136+0000] {local_task_job_runner.py:123} INFO - ::group::Pre task execution logs
[2025-04-17T12:44:41.184+0000] {taskinstance.py:2614} INFO - Dependencies all met for dep_context=non-requeueable deps ti=<TaskInstance: beer_data_processing.create_dim_style manual__2025-04-17T12:43:59.627851+00:00 [queued]>
[2025-04-17T12:44:41.206+0000] {taskinstance.py:2614} INFO - Dependencies all met for dep_context=requeueable deps ti=<TaskInstance: beer_data_processing.create_dim_style manual__2025-04-17T12:43:59.627851+00:00 [queued]>
[2025-04-17T12:44:41.207+0000] {taskinstance.py:2867} INFO - Starting attempt 1 of 6
[2025-04-17T12:44:41.256+0000] {taskinstance.py:2890} INFO - Executing <Task(PythonOperator): create_dim_style> on 2025-04-17 12:43:59.627851+00:00
[2025-04-17T12:44:41.283+0000] {standard_task_runner.py:104} INFO - Running: ['***', 'tasks', 'run', 'beer_data_processing', 'create_dim_style', 'manual__2025-04-17T12:43:59.627851+00:00', '--job-id', '1042', '--raw', '--subdir', 'DAGS_FOLDER/beer_data_processing_dag.py', '--cfg-path', '/tmp/tmp7i2ewrnj']
[2025-04-17T12:44:41.285+0000] {logging_mixin.py:190} WARNING - /home/***/.local/lib/python3.12/site-packages/***/task/task_runner/standard_task_runner.py:70 DeprecationWarning: This process (pid=8167) is multi-threaded, use of fork() may lead to deadlocks in the child.
[2025-04-17T12:44:41.286+0000] {standard_task_runner.py:105} INFO - Job 1042: Subtask create_dim_style
[2025-04-17T12:44:41.287+0000] {standard_task_runner.py:72} INFO - Started process 8210 to run task
[2025-04-17T12:44:41.392+0000] {task_command.py:467} INFO - Running <TaskInstance: beer_data_processing.create_dim_style manual__2025-04-17T12:43:59.627851+00:00 [running]> on host a0d0456bae2c
[2025-04-17T12:44:41.640+0000] {taskinstance.py:3134} INFO - Exporting env vars: AIRFLOW_CTX_DAG_OWNER='***' AIRFLOW_CTX_DAG_ID='beer_data_processing' AIRFLOW_CTX_TASK_ID='create_dim_style' AIRFLOW_CTX_EXECUTION_DATE='2025-04-17T12:43:59.627851+00:00' AIRFLOW_CTX_TRY_NUMBER='1' AIRFLOW_CTX_DAG_RUN_ID='manual__2025-04-17T12:43:59.627851+00:00'
[2025-04-17T12:44:41.643+0000] {logging_mixin.py:190} INFO - Task instance is in running state
[2025-04-17T12:44:41.645+0000] {logging_mixin.py:190} INFO -  Previous state of the Task instance: queued
[2025-04-17T12:44:41.646+0000] {logging_mixin.py:190} INFO - Current task name:create_dim_style state:running start_date:2025-04-17 12:44:41.185691+00:00
[2025-04-17T12:44:41.647+0000] {logging_mixin.py:190} INFO - Dag name:beer_data_processing and current dag run status:running
[2025-04-17T12:44:41.648+0000] {taskinstance.py:732} INFO - ::endgroup::
[2025-04-17T12:44:41.760+0000] {base.py:84} INFO - Retrieving connection 'postgres_conn'
[2025-04-17T12:44:41.915+0000] {logging_mixin.py:190} INFO - Створено датасет dim_style з 112 записами
[2025-04-17T12:44:41.917+0000] {python.py:240} INFO - Done. Returned value was: True
[2025-04-17T12:44:41.964+0000] {taskinstance.py:341} INFO - ::group::Post task execution logs
[2025-04-17T12:44:41.966+0000] {taskinstance.py:353} INFO - Marking task as SUCCESS. dag_id=beer_data_processing, task_id=create_dim_style, run_id=manual__2025-04-17T12:43:59.627851+00:00, execution_date=20250417T124359, start_date=20250417T124441, end_date=20250417T124441
[2025-04-17T12:44:42.018+0000] {logging_mixin.py:190} INFO - Task instance in success state
[2025-04-17T12:44:42.019+0000] {logging_mixin.py:190} INFO -  Previous state of the Task instance: running
[2025-04-17T12:44:42.020+0000] {logging_mixin.py:190} INFO - Dag name:beer_data_processing queued_at:2025-04-17 12:43:59.855324+00:00
[2025-04-17T12:44:42.021+0000] {logging_mixin.py:190} INFO - Task hostname:a0d0456bae2c operator:PythonOperator
[2025-04-17T12:44:42.069+0000] {local_task_job_runner.py:266} INFO - Task exited with return code 0
[2025-04-17T12:44:42.123+0000] {taskinstance.py:3901} INFO - 0 downstream tasks scheduled from follow-on schedule check
[2025-04-17T12:44:42.161+0000] {local_task_job_runner.py:245} INFO - ::endgroup::
