[2025-04-17T12:28:58.902+0000] {local_task_job_runner.py:123} INFO - ::group::Pre task execution logs
[2025-04-17T12:28:59.254+0000] {taskinstance.py:2614} INFO - Dependencies all met for dep_context=non-requeueable deps ti=<TaskInstance: beer_data_processing.create_dim_style scheduled__2025-04-17T05:00:00+00:00 [queued]>
[2025-04-17T12:28:59.420+0000] {taskinstance.py:2614} INFO - Dependencies all met for dep_context=requeueable deps ti=<TaskInstance: beer_data_processing.create_dim_style scheduled__2025-04-17T05:00:00+00:00 [queued]>
[2025-04-17T12:28:59.424+0000] {taskinstance.py:2867} INFO - Starting attempt 1 of 6
[2025-04-17T12:29:00.511+0000] {taskinstance.py:2890} INFO - Executing <Task(PythonOperator): create_dim_style> on 2025-04-17 05:00:00+00:00
[2025-04-17T12:29:02.888+0000] {logging_mixin.py:190} WARNING - /home/***/.local/lib/python3.12/site-packages/***/task/task_runner/standard_task_runner.py:70 DeprecationWarning: This process (pid=3399) is multi-threaded, use of fork() may lead to deadlocks in the child.
[2025-04-17T12:29:03.153+0000] {standard_task_runner.py:72} INFO - Started process 3576 to run task
[2025-04-17T12:29:03.157+0000] {standard_task_runner.py:104} INFO - Running: ['***', 'tasks', 'run', 'beer_data_processing', 'create_dim_style', 'scheduled__2025-04-17T05:00:00+00:00', '--job-id', '1003', '--raw', '--subdir', 'DAGS_FOLDER/beer_data_processing_dag.py', '--cfg-path', '/tmp/tmptz9uqu9z']
[2025-04-17T12:29:03.193+0000] {standard_task_runner.py:105} INFO - Job 1003: Subtask create_dim_style
[2025-04-17T12:30:12.913+0000] {job.py:229} INFO - Heartbeat recovered after 76.42 seconds
[2025-04-17T12:30:42.386+0000] {task_command.py:467} INFO - Running <TaskInstance: beer_data_processing.create_dim_style scheduled__2025-04-17T05:00:00+00:00 [running]> on host a0d0456bae2c
[2025-04-17T12:31:00.977+0000] {job.py:229} INFO - Heartbeat recovered after 49.77 seconds
[2025-04-17T12:31:05.453+0000] {taskinstance.py:3134} INFO - Exporting env vars: AIRFLOW_CTX_DAG_OWNER='***' AIRFLOW_CTX_DAG_ID='beer_data_processing' AIRFLOW_CTX_TASK_ID='create_dim_style' AIRFLOW_CTX_EXECUTION_DATE='2025-04-17T05:00:00+00:00' AIRFLOW_CTX_TRY_NUMBER='1' AIRFLOW_CTX_DAG_RUN_ID='scheduled__2025-04-17T05:00:00+00:00'
[2025-04-17T12:31:07.091+0000] {logging_mixin.py:190} INFO - Task instance is in running state
[2025-04-17T12:31:07.517+0000] {logging_mixin.py:190} INFO -  Previous state of the Task instance: queued
[2025-04-17T12:31:07.580+0000] {logging_mixin.py:190} INFO - Current task name:create_dim_style state:running start_date:2025-04-17 12:28:59.284326+00:00
[2025-04-17T12:31:07.599+0000] {logging_mixin.py:190} INFO - Dag name:beer_data_processing and current dag run status:running
[2025-04-17T12:31:07.715+0000] {taskinstance.py:732} INFO - ::endgroup::
[2025-04-17T12:32:14.535+0000] {base.py:84} INFO - Retrieving connection 'postgres_conn'
[2025-04-17T12:32:16.178+0000] {job.py:229} INFO - Heartbeat recovered after 48.01 seconds
[2025-04-17T12:32:23.952+0000] {logging_mixin.py:190} INFO - Створено датасет dim_style з 112 записами
[2025-04-17T12:32:25.668+0000] {job.py:229} INFO - Heartbeat recovered after 11.09 seconds
[2025-04-17T12:32:25.271+0000] {python.py:240} INFO - Done. Returned value was: True
[2025-04-17T12:32:29.829+0000] {taskinstance.py:341} INFO - ::group::Post task execution logs
[2025-04-17T12:32:29.911+0000] {taskinstance.py:353} INFO - Marking task as SUCCESS. dag_id=beer_data_processing, task_id=create_dim_style, run_id=scheduled__2025-04-17T05:00:00+00:00, execution_date=20250417T050000, start_date=20250417T122859, end_date=20250417T123229
[2025-04-17T12:32:31.043+0000] {logging_mixin.py:190} INFO - Task instance in success state
[2025-04-17T12:32:31.214+0000] {logging_mixin.py:190} INFO -  Previous state of the Task instance: running
[2025-04-17T12:32:31.267+0000] {logging_mixin.py:190} INFO - Dag name:beer_data_processing queued_at:2025-04-17 11:36:11.494718+00:00
[2025-04-17T12:32:31.284+0000] {logging_mixin.py:190} INFO - Task hostname:a0d0456bae2c operator:PythonOperator
[2025-04-17T12:32:32.154+0000] {local_task_job_runner.py:266} INFO - Task exited with return code 0
[2025-04-17T12:32:32.730+0000] {local_task_job_runner.py:245} INFO - ::endgroup::
