[2025-04-10T13:22:52.034+0000] {local_task_job_runner.py:123} INFO - ::group::Pre task execution logs
[2025-04-10T13:22:52.075+0000] {taskinstance.py:2614} INFO - Dependencies all met for dep_context=non-requeueable deps ti=<TaskInstance: beer_data_processing.check_file_exists manual__2025-04-10T13:22:39.556118+00:00 [queued]>
[2025-04-10T13:22:52.096+0000] {taskinstance.py:2614} INFO - Dependencies all met for dep_context=requeueable deps ti=<TaskInstance: beer_data_processing.check_file_exists manual__2025-04-10T13:22:39.556118+00:00 [queued]>
[2025-04-10T13:22:52.098+0000] {taskinstance.py:2867} INFO - Starting attempt 1 of 6
[2025-04-10T13:22:52.132+0000] {taskinstance.py:2890} INFO - Executing <Task(FileSensor): check_file_exists> on 2025-04-10 13:22:39.556118+00:00
[2025-04-10T13:22:52.174+0000] {standard_task_runner.py:104} INFO - Running: ['***', 'tasks', 'run', 'beer_data_processing', 'check_file_exists', 'manual__2025-04-10T13:22:39.556118+00:00', '--job-id', '246', '--raw', '--subdir', 'DAGS_FOLDER/beer_data_processing_dag.py', '--cfg-path', '/tmp/tmp0y33jgfz']
[2025-04-10T13:22:52.211+0000] {standard_task_runner.py:105} INFO - Job 246: Subtask check_file_exists
[2025-04-10T13:22:52.227+0000] {logging_mixin.py:190} WARNING - /home/***/.local/lib/python3.12/site-packages/***/task/task_runner/standard_task_runner.py:70 DeprecationWarning: This process (pid=1589) is multi-threaded, use of fork() may lead to deadlocks in the child.
[2025-04-10T13:22:52.231+0000] {standard_task_runner.py:72} INFO - Started process 1726 to run task
[2025-04-10T13:22:52.423+0000] {task_command.py:467} INFO - Running <TaskInstance: beer_data_processing.check_file_exists manual__2025-04-10T13:22:39.556118+00:00 [running]> on host 3e53738720c8
[2025-04-10T13:22:52.799+0000] {taskinstance.py:3134} INFO - Exporting env vars: AIRFLOW_CTX_DAG_OWNER='***' AIRFLOW_CTX_DAG_ID='beer_data_processing' AIRFLOW_CTX_TASK_ID='check_file_exists' AIRFLOW_CTX_EXECUTION_DATE='2025-04-10T13:22:39.556118+00:00' AIRFLOW_CTX_TRY_NUMBER='1' AIRFLOW_CTX_DAG_RUN_ID='manual__2025-04-10T13:22:39.556118+00:00'
[2025-04-10T13:22:52.857+0000] {logging_mixin.py:190} INFO - Task instance is in running state
[2025-04-10T13:22:52.859+0000] {logging_mixin.py:190} INFO -  Previous state of the Task instance: queued
[2025-04-10T13:22:52.863+0000] {logging_mixin.py:190} INFO - Current task name:check_file_exists state:running start_date:2025-04-10 13:22:52.077189+00:00
[2025-04-10T13:22:52.865+0000] {logging_mixin.py:190} INFO - Dag name:beer_data_processing and current dag run status:running
[2025-04-10T13:22:52.868+0000] {taskinstance.py:732} INFO - ::endgroup::
[2025-04-10T13:22:52.880+0000] {baseoperator.py:423} WARNING - FileSensor.execute cannot be called outside TaskInstance!
[2025-04-10T13:22:52.920+0000] {base.py:84} INFO - Retrieving connection 'dataset_folder'
[2025-04-10T13:22:52.922+0000] {filesystem.py:109} INFO - Poking for file /opt/***/dags/data/beer_profile_and_ratings.csv
[2025-04-10T13:22:52.941+0000] {filesystem.py:113} INFO - Found File /opt/***/dags/data/beer_profile_and_ratings.csv last modified: 20250402135654
[2025-04-10T13:22:52.942+0000] {base.py:339} INFO - Success criteria met. Exiting.
[2025-04-10T13:22:52.944+0000] {filesystem.py:109} INFO - Poking for file /opt/***/dags/data/beer_profile_and_ratings.csv
[2025-04-10T13:22:52.964+0000] {filesystem.py:113} INFO - Found File /opt/***/dags/data/beer_profile_and_ratings.csv last modified: 20250402135654
[2025-04-10T13:22:52.988+0000] {taskinstance.py:341} INFO - ::group::Post task execution logs
[2025-04-10T13:22:52.991+0000] {taskinstance.py:353} INFO - Marking task as SUCCESS. dag_id=beer_data_processing, task_id=check_file_exists, run_id=manual__2025-04-10T13:22:39.556118+00:00, execution_date=20250410T132239, start_date=20250410T132252, end_date=20250410T132252
[2025-04-10T13:22:53.066+0000] {logging_mixin.py:190} INFO - Task instance in success state
[2025-04-10T13:22:53.069+0000] {logging_mixin.py:190} INFO -  Previous state of the Task instance: running
[2025-04-10T13:22:53.072+0000] {logging_mixin.py:190} INFO - Dag name:beer_data_processing queued_at:2025-04-10 13:22:39.728988+00:00
[2025-04-10T13:22:53.076+0000] {logging_mixin.py:190} INFO - Task hostname:3e53738720c8 operator:FileSensor
[2025-04-10T13:22:53.144+0000] {local_task_job_runner.py:266} INFO - Task exited with return code 0
[2025-04-10T13:22:53.241+0000] {taskinstance.py:3901} INFO - 1 downstream tasks scheduled from follow-on schedule check
[2025-04-10T13:22:53.245+0000] {local_task_job_runner.py:245} INFO - ::endgroup::
