[2025-04-10T06:16:59.611+0000] {local_task_job_runner.py:123} INFO - ::group::Pre task execution logs
[2025-04-10T06:16:59.708+0000] {taskinstance.py:2614} INFO - Dependencies all met for dep_context=non-requeueable deps ti=<TaskInstance: beer_data_processing.load_and_process_data scheduled__2025-04-09T00:00:00+00:00 [queued]>
[2025-04-10T06:16:59.737+0000] {taskinstance.py:2614} INFO - Dependencies all met for dep_context=requeueable deps ti=<TaskInstance: beer_data_processing.load_and_process_data scheduled__2025-04-09T00:00:00+00:00 [queued]>
[2025-04-10T06:16:59.739+0000] {taskinstance.py:2867} INFO - Starting attempt 1 of 1
[2025-04-10T06:16:59.768+0000] {taskinstance.py:2890} INFO - Executing <Task(PythonOperator): load_and_process_data> on 2025-04-09 00:00:00+00:00
[2025-04-10T06:16:59.797+0000] {standard_task_runner.py:104} INFO - Running: ['***', 'tasks', 'run', 'beer_data_processing', 'load_and_process_data', 'scheduled__2025-04-09T00:00:00+00:00', '--job-id', '86', '--raw', '--subdir', 'DAGS_FOLDER/beer_data_processing_dag.py', '--cfg-path', '/tmp/tmpj0rh5xcz']
[2025-04-10T06:16:59.800+0000] {standard_task_runner.py:105} INFO - Job 86: Subtask load_and_process_data
[2025-04-10T06:16:59.806+0000] {logging_mixin.py:190} WARNING - /home/***/.local/lib/python3.12/site-packages/***/task/task_runner/standard_task_runner.py:70 DeprecationWarning: This process (pid=417) is multi-threaded, use of fork() may lead to deadlocks in the child.
[2025-04-10T06:16:59.808+0000] {standard_task_runner.py:72} INFO - Started process 482 to run task
[2025-04-10T06:16:59.916+0000] {task_command.py:467} INFO - Running <TaskInstance: beer_data_processing.load_and_process_data scheduled__2025-04-09T00:00:00+00:00 [running]> on host 893b969cc7b0
[2025-04-10T06:17:00.315+0000] {taskinstance.py:3134} INFO - Exporting env vars: AIRFLOW_CTX_DAG_OWNER='***' AIRFLOW_CTX_DAG_ID='beer_data_processing' AIRFLOW_CTX_TASK_ID='load_and_process_data' AIRFLOW_CTX_EXECUTION_DATE='2025-04-09T00:00:00+00:00' AIRFLOW_CTX_TRY_NUMBER='1' AIRFLOW_CTX_DAG_RUN_ID='scheduled__2025-04-09T00:00:00+00:00'
[2025-04-10T06:17:00.329+0000] {logging_mixin.py:190} INFO - Task instance is in running state
[2025-04-10T06:17:00.331+0000] {logging_mixin.py:190} INFO -  Previous state of the Task instance: queued
[2025-04-10T06:17:00.332+0000] {logging_mixin.py:190} INFO - Current task name:load_and_process_data state:running start_date:2025-04-10 06:16:59.709963+00:00
[2025-04-10T06:17:00.333+0000] {logging_mixin.py:190} INFO - Dag name:beer_data_processing and current dag run status:running
[2025-04-10T06:17:00.335+0000] {taskinstance.py:732} INFO - ::endgroup::
[2025-04-10T06:17:01.836+0000] {logging_mixin.py:190} INFO - Завантажено та оброблено 3197 записів з CSV файлу
[2025-04-10T06:17:01.840+0000] {python.py:240} INFO - Done. Returned value was: True
[2025-04-10T06:17:01.905+0000] {taskinstance.py:341} INFO - ::group::Post task execution logs
[2025-04-10T06:17:01.910+0000] {taskinstance.py:353} INFO - Marking task as SUCCESS. dag_id=beer_data_processing, task_id=load_and_process_data, run_id=scheduled__2025-04-09T00:00:00+00:00, execution_date=20250409T000000, start_date=20250410T061659, end_date=20250410T061701
[2025-04-10T06:17:01.980+0000] {logging_mixin.py:190} INFO - Task instance in success state
[2025-04-10T06:17:01.982+0000] {logging_mixin.py:190} INFO -  Previous state of the Task instance: running
[2025-04-10T06:17:01.984+0000] {logging_mixin.py:190} INFO - Dag name:beer_data_processing queued_at:2025-04-10 06:16:28.255085+00:00
[2025-04-10T06:17:01.986+0000] {logging_mixin.py:190} INFO - Task hostname:893b969cc7b0 operator:PythonOperator
[2025-04-10T06:17:02.039+0000] {local_task_job_runner.py:266} INFO - Task exited with return code 0
[2025-04-10T06:17:02.118+0000] {taskinstance.py:3901} INFO - 3 downstream tasks scheduled from follow-on schedule check
[2025-04-10T06:17:02.123+0000] {local_task_job_runner.py:245} INFO - ::endgroup::
