[2025-04-10T10:20:33.199+0000] {local_task_job_runner.py:123} INFO - ::group::Pre task execution logs
[2025-04-10T10:20:33.248+0000] {taskinstance.py:2614} INFO - Dependencies all met for dep_context=non-requeueable deps ti=<TaskInstance: beer_data_processing.load_and_process_data manual__2025-04-10T10:19:48.606689+00:00 [queued]>
[2025-04-10T10:20:33.275+0000] {taskinstance.py:2614} INFO - Dependencies all met for dep_context=requeueable deps ti=<TaskInstance: beer_data_processing.load_and_process_data manual__2025-04-10T10:19:48.606689+00:00 [queued]>
[2025-04-10T10:20:33.276+0000] {taskinstance.py:2867} INFO - Starting attempt 1 of 6
[2025-04-10T10:20:33.314+0000] {taskinstance.py:2890} INFO - Executing <Task(PythonOperator): load_and_process_data> on 2025-04-10 10:19:48.606689+00:00
[2025-04-10T10:20:33.337+0000] {logging_mixin.py:190} WARNING - /home/***/.local/lib/python3.12/site-packages/***/task/task_runner/standard_task_runner.py:70 DeprecationWarning: This process (pid=32749) is multi-threaded, use of fork() may lead to deadlocks in the child.
[2025-04-10T10:20:33.336+0000] {standard_task_runner.py:104} INFO - Running: ['***', 'tasks', 'run', 'beer_data_processing', 'load_and_process_data', 'manual__2025-04-10T10:19:48.606689+00:00', '--job-id', '213', '--raw', '--subdir', 'DAGS_FOLDER/beer_data_processing_dag.py', '--cfg-path', '/tmp/tmpa4zqy8ja']
[2025-04-10T10:20:33.339+0000] {standard_task_runner.py:72} INFO - Started process 32829 to run task
[2025-04-10T10:20:33.340+0000] {standard_task_runner.py:105} INFO - Job 213: Subtask load_and_process_data
[2025-04-10T10:20:33.441+0000] {task_command.py:467} INFO - Running <TaskInstance: beer_data_processing.load_and_process_data manual__2025-04-10T10:19:48.606689+00:00 [running]> on host abcc0ba2292b
[2025-04-10T10:20:33.653+0000] {taskinstance.py:3134} INFO - Exporting env vars: AIRFLOW_CTX_DAG_OWNER='***' AIRFLOW_CTX_DAG_ID='beer_data_processing' AIRFLOW_CTX_TASK_ID='load_and_process_data' AIRFLOW_CTX_EXECUTION_DATE='2025-04-10T10:19:48.606689+00:00' AIRFLOW_CTX_TRY_NUMBER='1' AIRFLOW_CTX_DAG_RUN_ID='manual__2025-04-10T10:19:48.606689+00:00'
[2025-04-10T10:20:33.657+0000] {logging_mixin.py:190} INFO - Task instance is in running state
[2025-04-10T10:20:33.658+0000] {logging_mixin.py:190} INFO -  Previous state of the Task instance: queued
[2025-04-10T10:20:33.660+0000] {logging_mixin.py:190} INFO - Current task name:load_and_process_data state:running start_date:2025-04-10 10:20:33.249896+00:00
[2025-04-10T10:20:33.661+0000] {logging_mixin.py:190} INFO - Dag name:beer_data_processing and current dag run status:running
[2025-04-10T10:20:33.663+0000] {taskinstance.py:732} INFO - ::endgroup::
[2025-04-10T10:20:34.289+0000] {logging_mixin.py:190} INFO - Завантажено та оброблено 3197 записів з CSV файлу
[2025-04-10T10:20:34.292+0000] {python.py:240} INFO - Done. Returned value was: True
[2025-04-10T10:20:34.339+0000] {taskinstance.py:341} INFO - ::group::Post task execution logs
[2025-04-10T10:20:34.341+0000] {taskinstance.py:353} INFO - Marking task as SUCCESS. dag_id=beer_data_processing, task_id=load_and_process_data, run_id=manual__2025-04-10T10:19:48.606689+00:00, execution_date=20250410T101948, start_date=20250410T102033, end_date=20250410T102034
[2025-04-10T10:20:34.395+0000] {logging_mixin.py:190} INFO - Task instance in success state
[2025-04-10T10:20:34.397+0000] {logging_mixin.py:190} INFO -  Previous state of the Task instance: running
[2025-04-10T10:20:34.398+0000] {logging_mixin.py:190} INFO - Dag name:beer_data_processing queued_at:2025-04-10 10:19:49.953385+00:00
[2025-04-10T10:20:34.399+0000] {logging_mixin.py:190} INFO - Task hostname:abcc0ba2292b operator:PythonOperator
[2025-04-10T10:20:34.444+0000] {local_task_job_runner.py:266} INFO - Task exited with return code 0
[2025-04-10T10:20:34.510+0000] {taskinstance.py:3901} INFO - 3 downstream tasks scheduled from follow-on schedule check
[2025-04-10T10:20:34.513+0000] {local_task_job_runner.py:245} INFO - ::endgroup::
