[2025-04-17T12:35:35.397+0000] {local_task_job_runner.py:123} INFO - ::group::Pre task execution logs
[2025-04-17T12:35:35.494+0000] {taskinstance.py:2614} INFO - Dependencies all met for dep_context=non-requeueable deps ti=<TaskInstance: beer_data_processing.create_dim_brewery scheduled__2025-04-17T03:00:00+00:00 [queued]>
[2025-04-17T12:35:35.553+0000] {taskinstance.py:2614} INFO - Dependencies all met for dep_context=requeueable deps ti=<TaskInstance: beer_data_processing.create_dim_brewery scheduled__2025-04-17T03:00:00+00:00 [queued]>
[2025-04-17T12:35:35.559+0000] {taskinstance.py:2867} INFO - Starting attempt 1 of 6
[2025-04-17T12:35:35.685+0000] {taskinstance.py:2890} INFO - Executing <Task(PythonOperator): create_dim_brewery> on 2025-04-17 03:00:00+00:00
[2025-04-17T12:35:35.817+0000] {standard_task_runner.py:104} INFO - Running: ['***', 'tasks', 'run', 'beer_data_processing', 'create_dim_brewery', 'scheduled__2025-04-17T03:00:00+00:00', '--job-id', '1015', '--raw', '--subdir', 'DAGS_FOLDER/beer_data_processing_dag.py', '--cfg-path', '/tmp/tmpqmej44tp']
[2025-04-17T12:35:35.864+0000] {standard_task_runner.py:105} INFO - Job 1015: Subtask create_dim_brewery
[2025-04-17T12:35:35.871+0000] {logging_mixin.py:190} WARNING - /home/***/.local/lib/python3.12/site-packages/***/task/task_runner/standard_task_runner.py:70 DeprecationWarning: This process (pid=3917) is multi-threaded, use of fork() may lead to deadlocks in the child.
[2025-04-17T12:35:35.875+0000] {standard_task_runner.py:72} INFO - Started process 4001 to run task
[2025-04-17T12:35:36.531+0000] {task_command.py:467} INFO - Running <TaskInstance: beer_data_processing.create_dim_brewery scheduled__2025-04-17T03:00:00+00:00 [running]> on host a0d0456bae2c
[2025-04-17T12:35:38.143+0000] {taskinstance.py:3134} INFO - Exporting env vars: AIRFLOW_CTX_DAG_OWNER='***' AIRFLOW_CTX_DAG_ID='beer_data_processing' AIRFLOW_CTX_TASK_ID='create_dim_brewery' AIRFLOW_CTX_EXECUTION_DATE='2025-04-17T03:00:00+00:00' AIRFLOW_CTX_TRY_NUMBER='1' AIRFLOW_CTX_DAG_RUN_ID='scheduled__2025-04-17T03:00:00+00:00'
[2025-04-17T12:35:38.178+0000] {logging_mixin.py:190} INFO - Task instance is in running state
[2025-04-17T12:35:38.180+0000] {logging_mixin.py:190} INFO -  Previous state of the Task instance: queued
[2025-04-17T12:35:38.191+0000] {logging_mixin.py:190} INFO - Current task name:create_dim_brewery state:running start_date:2025-04-17 12:35:35.500430+00:00
[2025-04-17T12:35:38.193+0000] {logging_mixin.py:190} INFO - Dag name:beer_data_processing and current dag run status:running
[2025-04-17T12:35:38.197+0000] {taskinstance.py:732} INFO - ::endgroup::
[2025-04-17T12:35:39.022+0000] {base.py:84} INFO - Retrieving connection 'postgres_conn'
[2025-04-17T12:35:40.441+0000] {logging_mixin.py:190} INFO - Створено датасет dim_brewery з 935 записами
[2025-04-17T12:35:40.443+0000] {python.py:240} INFO - Done. Returned value was: True
[2025-04-17T12:35:41.865+0000] {taskinstance.py:341} INFO - ::group::Post task execution logs
[2025-04-17T12:35:41.868+0000] {taskinstance.py:353} INFO - Marking task as SUCCESS. dag_id=beer_data_processing, task_id=create_dim_brewery, run_id=scheduled__2025-04-17T03:00:00+00:00, execution_date=20250417T030000, start_date=20250417T123535, end_date=20250417T123541
[2025-04-17T12:35:41.948+0000] {logging_mixin.py:190} INFO - Task instance in success state
[2025-04-17T12:35:41.950+0000] {logging_mixin.py:190} INFO -  Previous state of the Task instance: running
[2025-04-17T12:35:41.951+0000] {logging_mixin.py:190} INFO - Dag name:beer_data_processing queued_at:2025-04-17 11:36:07.227813+00:00
[2025-04-17T12:35:41.952+0000] {logging_mixin.py:190} INFO - Task hostname:a0d0456bae2c operator:PythonOperator
[2025-04-17T12:35:42.053+0000] {local_task_job_runner.py:266} INFO - Task exited with return code 0
[2025-04-17T12:35:42.079+0000] {local_task_job_runner.py:245} INFO - ::endgroup::
