[2025-04-09T17:59:47.654+0000] {processor.py:186} INFO - Started process (PID=5000) to work on /opt/airflow/dags/check.py
[2025-04-09T17:59:47.656+0000] {processor.py:914} INFO - Processing file /opt/airflow/dags/check.py for tasks to queue
[2025-04-09T17:59:47.659+0000] {logging_mixin.py:190} INFO - [2025-04-09T17:59:47.659+0000] {dagbag.py:588} INFO - Filling up the DagBag from /opt/airflow/dags/check.py
[2025-04-09T17:59:47.764+0000] {logging_mixin.py:190} INFO - [2025-04-09T17:59:47.763+0000] {base.py:84} INFO - Retrieving connection 'dataset_folder'
[2025-04-09T17:59:47.773+0000] {logging_mixin.py:190} INFO - CSV_FILE_PATH: /opt/airflow/dags/data/beer_profile_and_ratings.csv
[2025-04-09T17:59:47.775+0000] {processor.py:927} WARNING - No viable dags retrieved from /opt/airflow/dags/check.py
[2025-04-09T17:59:47.786+0000] {processor.py:208} INFO - Processing /opt/airflow/dags/check.py took 0.145 seconds
[2025-04-09T18:00:18.901+0000] {processor.py:186} INFO - Started process (PID=5265) to work on /opt/airflow/dags/check.py
[2025-04-09T18:00:19.011+0000] {processor.py:914} INFO - Processing file /opt/airflow/dags/check.py for tasks to queue
[2025-04-09T18:00:19.016+0000] {logging_mixin.py:190} INFO - [2025-04-09T18:00:19.015+0000] {dagbag.py:588} INFO - Filling up the DagBag from /opt/airflow/dags/check.py
[2025-04-09T18:00:20.789+0000] {logging_mixin.py:190} INFO - [2025-04-09T18:00:20.788+0000] {base.py:84} INFO - Retrieving connection 'dataset_folder'
[2025-04-09T18:00:20.885+0000] {logging_mixin.py:190} INFO - CSV_FILE_PATH: /opt/airflow/dags/data/beer_profile_and_ratings.csv
[2025-04-09T18:00:20.910+0000] {processor.py:927} WARNING - No viable dags retrieved from /opt/airflow/dags/check.py
[2025-04-09T18:00:20.981+0000] {processor.py:208} INFO - Processing /opt/airflow/dags/check.py took 2.089 seconds
[2025-04-09T18:01:02.675+0000] {processor.py:186} INFO - Started process (PID=5544) to work on /opt/airflow/dags/check.py
[2025-04-09T18:01:02.683+0000] {processor.py:914} INFO - Processing file /opt/airflow/dags/check.py for tasks to queue
[2025-04-09T18:01:02.689+0000] {logging_mixin.py:190} INFO - [2025-04-09T18:01:02.688+0000] {dagbag.py:588} INFO - Filling up the DagBag from /opt/airflow/dags/check.py
[2025-04-09T18:01:02.841+0000] {logging_mixin.py:190} INFO - [2025-04-09T18:01:02.839+0000] {base.py:84} INFO - Retrieving connection 'dataset_folder'
[2025-04-09T18:01:02.870+0000] {logging_mixin.py:190} INFO - CSV_FILE_PATH: /opt/airflow/dags/data/beer_profile_and_ratings.csv
[2025-04-09T18:01:02.873+0000] {processor.py:927} WARNING - No viable dags retrieved from /opt/airflow/dags/check.py
[2025-04-09T18:01:02.901+0000] {processor.py:208} INFO - Processing /opt/airflow/dags/check.py took 0.246 seconds
[2025-04-09T18:01:33.070+0000] {processor.py:186} INFO - Started process (PID=5840) to work on /opt/airflow/dags/check.py
[2025-04-09T18:01:33.073+0000] {processor.py:914} INFO - Processing file /opt/airflow/dags/check.py for tasks to queue
[2025-04-09T18:01:33.076+0000] {logging_mixin.py:190} INFO - [2025-04-09T18:01:33.075+0000] {dagbag.py:588} INFO - Filling up the DagBag from /opt/airflow/dags/check.py
[2025-04-09T18:01:33.152+0000] {logging_mixin.py:190} INFO - [2025-04-09T18:01:33.151+0000] {base.py:84} INFO - Retrieving connection 'dataset_folder'
[2025-04-09T18:01:33.163+0000] {logging_mixin.py:190} INFO - CSV_FILE_PATH: /opt/airflow/dags/data/beer_profile_and_ratings.csv
[2025-04-09T18:01:33.165+0000] {processor.py:927} WARNING - No viable dags retrieved from /opt/airflow/dags/check.py
[2025-04-09T18:01:33.178+0000] {processor.py:208} INFO - Processing /opt/airflow/dags/check.py took 0.120 seconds
[2025-04-09T18:02:03.855+0000] {processor.py:186} INFO - Started process (PID=6091) to work on /opt/airflow/dags/check.py
[2025-04-09T18:02:03.857+0000] {processor.py:914} INFO - Processing file /opt/airflow/dags/check.py for tasks to queue
[2025-04-09T18:02:03.860+0000] {logging_mixin.py:190} INFO - [2025-04-09T18:02:03.859+0000] {dagbag.py:588} INFO - Filling up the DagBag from /opt/airflow/dags/check.py
[2025-04-09T18:02:03.926+0000] {logging_mixin.py:190} INFO - [2025-04-09T18:02:03.925+0000] {base.py:84} INFO - Retrieving connection 'dataset_folder'
[2025-04-09T18:02:03.935+0000] {logging_mixin.py:190} INFO - CSV_FILE_PATH: /opt/airflow/dags/data/beer_profile_and_ratings.csv
[2025-04-09T18:02:03.937+0000] {processor.py:927} WARNING - No viable dags retrieved from /opt/airflow/dags/check.py
[2025-04-09T18:02:03.947+0000] {processor.py:208} INFO - Processing /opt/airflow/dags/check.py took 0.103 seconds
[2025-04-09T18:02:34.606+0000] {processor.py:186} INFO - Started process (PID=6380) to work on /opt/airflow/dags/check.py
[2025-04-09T18:02:34.608+0000] {processor.py:914} INFO - Processing file /opt/airflow/dags/check.py for tasks to queue
[2025-04-09T18:02:34.611+0000] {logging_mixin.py:190} INFO - [2025-04-09T18:02:34.610+0000] {dagbag.py:588} INFO - Filling up the DagBag from /opt/airflow/dags/check.py
[2025-04-09T18:02:34.668+0000] {logging_mixin.py:190} INFO - [2025-04-09T18:02:34.668+0000] {base.py:84} INFO - Retrieving connection 'dataset_folder'
[2025-04-09T18:02:34.675+0000] {logging_mixin.py:190} INFO - CSV_FILE_PATH: /opt/airflow/dags/data/beer_profile_and_ratings.csv
[2025-04-09T18:02:34.676+0000] {processor.py:927} WARNING - No viable dags retrieved from /opt/airflow/dags/check.py
[2025-04-09T18:02:34.684+0000] {processor.py:208} INFO - Processing /opt/airflow/dags/check.py took 0.086 seconds
[2025-04-09T18:03:05.174+0000] {processor.py:186} INFO - Started process (PID=6664) to work on /opt/airflow/dags/check.py
[2025-04-09T18:03:05.178+0000] {processor.py:914} INFO - Processing file /opt/airflow/dags/check.py for tasks to queue
[2025-04-09T18:03:05.181+0000] {logging_mixin.py:190} INFO - [2025-04-09T18:03:05.180+0000] {dagbag.py:588} INFO - Filling up the DagBag from /opt/airflow/dags/check.py
[2025-04-09T18:03:05.429+0000] {logging_mixin.py:190} INFO - [2025-04-09T18:03:05.428+0000] {base.py:84} INFO - Retrieving connection 'dataset_folder'
[2025-04-09T18:03:05.439+0000] {logging_mixin.py:190} INFO - CSV_FILE_PATH: /opt/airflow/dags/data/beer_profile_and_ratings.csv
[2025-04-09T18:03:05.441+0000] {processor.py:927} WARNING - No viable dags retrieved from /opt/airflow/dags/check.py
[2025-04-09T18:03:05.450+0000] {processor.py:208} INFO - Processing /opt/airflow/dags/check.py took 0.289 seconds
[2025-04-09T18:03:38.130+0000] {processor.py:186} INFO - Started process (PID=6961) to work on /opt/airflow/dags/check.py
[2025-04-09T18:03:38.132+0000] {processor.py:914} INFO - Processing file /opt/airflow/dags/check.py for tasks to queue
[2025-04-09T18:03:38.134+0000] {logging_mixin.py:190} INFO - [2025-04-09T18:03:38.134+0000] {dagbag.py:588} INFO - Filling up the DagBag from /opt/airflow/dags/check.py
[2025-04-09T18:03:38.508+0000] {logging_mixin.py:190} INFO - [2025-04-09T18:03:38.507+0000] {base.py:84} INFO - Retrieving connection 'dataset_folder'
[2025-04-09T18:03:38.514+0000] {logging_mixin.py:190} INFO - CSV_FILE_PATH: /opt/airflow/dags/data/beer_profile_and_ratings.csv
[2025-04-09T18:03:38.515+0000] {processor.py:927} WARNING - No viable dags retrieved from /opt/airflow/dags/check.py
[2025-04-09T18:03:38.522+0000] {processor.py:208} INFO - Processing /opt/airflow/dags/check.py took 1.051 seconds
[2025-04-09T18:03:50.848+0000] {processor.py:186} INFO - Started process (PID=7181) to work on /opt/airflow/dags/check.py
[2025-04-09T18:03:50.851+0000] {processor.py:914} INFO - Processing file /opt/airflow/dags/check.py for tasks to queue
[2025-04-09T18:03:50.854+0000] {logging_mixin.py:190} INFO - [2025-04-09T18:03:50.854+0000] {dagbag.py:588} INFO - Filling up the DagBag from /opt/airflow/dags/check.py
[2025-04-09T18:03:50.886+0000] {logging_mixin.py:190} INFO - [2025-04-09T18:03:50.886+0000] {dagbag.py:366} INFO - File /opt/airflow/dags/check.py assumed to contain no DAGs. Skipping.
[2025-04-09T18:03:50.888+0000] {processor.py:927} WARNING - No viable dags retrieved from /opt/airflow/dags/check.py
[2025-04-09T18:03:50.918+0000] {processor.py:208} INFO - Processing /opt/airflow/dags/check.py took 0.095 seconds
[2025-04-09T18:03:52.100+0000] {processor.py:186} INFO - Started process (PID=7188) to work on /opt/airflow/dags/check.py
[2025-04-09T18:03:52.103+0000] {processor.py:914} INFO - Processing file /opt/airflow/dags/check.py for tasks to queue
[2025-04-09T18:03:52.107+0000] {logging_mixin.py:190} INFO - [2025-04-09T18:03:52.106+0000] {dagbag.py:588} INFO - Filling up the DagBag from /opt/airflow/dags/check.py
[2025-04-09T18:03:52.138+0000] {logging_mixin.py:190} INFO - [2025-04-09T18:03:52.137+0000] {dagbag.py:366} INFO - File /opt/airflow/dags/check.py assumed to contain no DAGs. Skipping.
[2025-04-09T18:03:52.139+0000] {processor.py:927} WARNING - No viable dags retrieved from /opt/airflow/dags/check.py
[2025-04-09T18:03:52.164+0000] {processor.py:208} INFO - Processing /opt/airflow/dags/check.py took 0.077 seconds
[2025-04-09T18:03:57.016+0000] {processor.py:186} INFO - Started process (PID=7238) to work on /opt/airflow/dags/check.py
[2025-04-09T18:03:57.018+0000] {processor.py:914} INFO - Processing file /opt/airflow/dags/check.py for tasks to queue
[2025-04-09T18:03:57.022+0000] {logging_mixin.py:190} INFO - [2025-04-09T18:03:57.021+0000] {dagbag.py:588} INFO - Filling up the DagBag from /opt/airflow/dags/check.py
[2025-04-09T18:03:57.039+0000] {logging_mixin.py:190} INFO - [2025-04-09T18:03:57.039+0000] {dagbag.py:366} INFO - File /opt/airflow/dags/check.py assumed to contain no DAGs. Skipping.
[2025-04-09T18:03:57.040+0000] {processor.py:927} WARNING - No viable dags retrieved from /opt/airflow/dags/check.py
[2025-04-09T18:03:57.064+0000] {processor.py:208} INFO - Processing /opt/airflow/dags/check.py took 0.066 seconds
[2025-04-09T18:04:24.324+0000] {processor.py:186} INFO - Started process (PID=7509) to work on /opt/airflow/dags/check.py
[2025-04-09T18:04:24.326+0000] {processor.py:914} INFO - Processing file /opt/airflow/dags/check.py for tasks to queue
[2025-04-09T18:04:24.328+0000] {logging_mixin.py:190} INFO - [2025-04-09T18:04:24.328+0000] {dagbag.py:588} INFO - Filling up the DagBag from /opt/airflow/dags/check.py
[2025-04-09T18:04:24.354+0000] {logging_mixin.py:190} INFO - [2025-04-09T18:04:24.353+0000] {dagbag.py:366} INFO - File /opt/airflow/dags/check.py assumed to contain no DAGs. Skipping.
[2025-04-09T18:04:24.355+0000] {processor.py:927} WARNING - No viable dags retrieved from /opt/airflow/dags/check.py
[2025-04-09T18:04:24.376+0000] {processor.py:208} INFO - Processing /opt/airflow/dags/check.py took 0.061 seconds
[2025-04-09T18:04:28.233+0000] {processor.py:186} INFO - Started process (PID=7559) to work on /opt/airflow/dags/check.py
[2025-04-09T18:04:28.235+0000] {processor.py:914} INFO - Processing file /opt/airflow/dags/check.py for tasks to queue
[2025-04-09T18:04:28.237+0000] {logging_mixin.py:190} INFO - [2025-04-09T18:04:28.237+0000] {dagbag.py:588} INFO - Filling up the DagBag from /opt/airflow/dags/check.py
[2025-04-09T18:04:28.258+0000] {logging_mixin.py:190} INFO - [2025-04-09T18:04:28.258+0000] {dagbag.py:366} INFO - File /opt/airflow/dags/check.py assumed to contain no DAGs. Skipping.
[2025-04-09T18:04:28.259+0000] {processor.py:927} WARNING - No viable dags retrieved from /opt/airflow/dags/check.py
[2025-04-09T18:04:28.282+0000] {processor.py:208} INFO - Processing /opt/airflow/dags/check.py took 0.058 seconds
[2025-04-09T21:00:40.271+0000] {processor.py:186} INFO - Started process (PID=6502) to work on /opt/airflow/dags/check.py
[2025-04-09T21:00:40.275+0000] {processor.py:914} INFO - Processing file /opt/airflow/dags/check.py for tasks to queue
[2025-04-09T21:00:40.277+0000] {logging_mixin.py:190} INFO - [2025-04-09T21:00:40.277+0000] {dagbag.py:588} INFO - Filling up the DagBag from /opt/airflow/dags/check.py
[2025-04-09T21:00:40.356+0000] {logging_mixin.py:190} INFO - [2025-04-09T21:00:40.356+0000] {crypto.py:82} WARNING - empty cryptography key - values will not be stored encrypted.
[2025-04-09T21:00:40.358+0000] {processor.py:927} WARNING - No viable dags retrieved from /opt/airflow/dags/check.py
[2025-04-09T21:00:40.384+0000] {processor.py:208} INFO - Processing /opt/airflow/dags/check.py took 0.122 seconds
[2025-04-09T21:01:10.750+0000] {processor.py:186} INFO - Started process (PID=6803) to work on /opt/airflow/dags/check.py
[2025-04-09T21:01:10.856+0000] {processor.py:914} INFO - Processing file /opt/airflow/dags/check.py for tasks to queue
[2025-04-09T21:01:10.859+0000] {logging_mixin.py:190} INFO - [2025-04-09T21:01:10.858+0000] {dagbag.py:588} INFO - Filling up the DagBag from /opt/airflow/dags/check.py
[2025-04-09T21:01:10.900+0000] {logging_mixin.py:190} INFO - [2025-04-09T21:01:10.899+0000] {crypto.py:82} WARNING - empty cryptography key - values will not be stored encrypted.
[2025-04-09T21:01:10.901+0000] {processor.py:927} WARNING - No viable dags retrieved from /opt/airflow/dags/check.py
[2025-04-09T21:01:10.961+0000] {processor.py:208} INFO - Processing /opt/airflow/dags/check.py took 0.223 seconds
[2025-04-09T21:01:18.030+0000] {processor.py:186} INFO - Started process (PID=6808) to work on /opt/airflow/dags/check.py
[2025-04-09T21:01:18.033+0000] {processor.py:914} INFO - Processing file /opt/airflow/dags/check.py for tasks to queue
[2025-04-09T21:01:18.036+0000] {logging_mixin.py:190} INFO - [2025-04-09T21:01:18.035+0000] {dagbag.py:588} INFO - Filling up the DagBag from /opt/airflow/dags/check.py
[2025-04-09T21:01:18.124+0000] {logging_mixin.py:190} INFO - [2025-04-09T21:01:18.124+0000] {crypto.py:82} WARNING - empty cryptography key - values will not be stored encrypted.
[2025-04-09T21:01:18.127+0000] {logging_mixin.py:190} INFO - AIRFLOW_CONN_DATASET_FOLDER='{"conn_type": "File (Path)", "description": "", "host": "", "login": "", "extra": {"path": "/opt/airflow/dags/data"}}'
[2025-04-09T21:01:18.128+0000] {processor.py:927} WARNING - No viable dags retrieved from /opt/airflow/dags/check.py
[2025-04-09T21:01:18.168+0000] {processor.py:208} INFO - Processing /opt/airflow/dags/check.py took 0.153 seconds
[2025-04-09T21:01:48.591+0000] {processor.py:186} INFO - Started process (PID=7109) to work on /opt/airflow/dags/check.py
[2025-04-09T21:01:48.594+0000] {processor.py:914} INFO - Processing file /opt/airflow/dags/check.py for tasks to queue
[2025-04-09T21:01:48.598+0000] {logging_mixin.py:190} INFO - [2025-04-09T21:01:48.597+0000] {dagbag.py:588} INFO - Filling up the DagBag from /opt/airflow/dags/check.py
[2025-04-09T21:01:48.637+0000] {logging_mixin.py:190} INFO - [2025-04-09T21:01:48.637+0000] {crypto.py:82} WARNING - empty cryptography key - values will not be stored encrypted.
[2025-04-09T21:01:48.639+0000] {logging_mixin.py:190} INFO - AIRFLOW_CONN_DATASET_FOLDER='{"conn_type": "File (Path)", "description": "", "host": "", "login": "", "extra": {"path": "/opt/airflow/dags/data"}}'
[2025-04-09T21:01:48.641+0000] {processor.py:927} WARNING - No viable dags retrieved from /opt/airflow/dags/check.py
[2025-04-09T21:01:48.671+0000] {processor.py:208} INFO - Processing /opt/airflow/dags/check.py took 0.094 seconds
[2025-04-09T21:02:23.550+0000] {processor.py:186} INFO - Started process (PID=7409) to work on /opt/airflow/dags/check.py
[2025-04-09T21:02:23.745+0000] {processor.py:914} INFO - Processing file /opt/airflow/dags/check.py for tasks to queue
[2025-04-09T21:02:23.751+0000] {logging_mixin.py:190} INFO - [2025-04-09T21:02:23.750+0000] {dagbag.py:588} INFO - Filling up the DagBag from /opt/airflow/dags/check.py
[2025-04-09T21:02:23.980+0000] {logging_mixin.py:190} INFO - [2025-04-09T21:02:23.979+0000] {crypto.py:82} WARNING - empty cryptography key - values will not be stored encrypted.
[2025-04-09T21:02:23.981+0000] {logging_mixin.py:190} INFO - AIRFLOW_CONN_DATASET_FOLDER='{"conn_type": "File (Path)", "description": "", "host": "", "login": "", "extra": {"path": "/opt/airflow/dags/data"}}'
[2025-04-09T21:02:23.982+0000] {processor.py:927} WARNING - No viable dags retrieved from /opt/airflow/dags/check.py
[2025-04-09T21:02:24.007+0000] {processor.py:208} INFO - Processing /opt/airflow/dags/check.py took 0.467 seconds
[2025-04-09T21:02:53.355+0000] {processor.py:186} INFO - Started process (PID=7535) to work on /opt/airflow/dags/check.py
[2025-04-09T21:02:53.357+0000] {processor.py:914} INFO - Processing file /opt/airflow/dags/check.py for tasks to queue
[2025-04-09T21:02:53.360+0000] {logging_mixin.py:190} INFO - [2025-04-09T21:02:53.360+0000] {dagbag.py:588} INFO - Filling up the DagBag from /opt/airflow/dags/check.py
[2025-04-09T21:02:53.461+0000] {logging_mixin.py:190} INFO - [2025-04-09T21:02:53.460+0000] {dagbag.py:366} INFO - File /opt/airflow/dags/check.py assumed to contain no DAGs. Skipping.
[2025-04-09T21:02:53.463+0000] {processor.py:927} WARNING - No viable dags retrieved from /opt/airflow/dags/check.py
[2025-04-09T21:02:53.550+0000] {processor.py:208} INFO - Processing /opt/airflow/dags/check.py took 0.208 seconds
[2025-04-09T21:03:34.874+0000] {processor.py:186} INFO - Started process (PID=7717) to work on /opt/airflow/dags/check.py
[2025-04-09T21:03:34.878+0000] {processor.py:914} INFO - Processing file /opt/airflow/dags/check.py for tasks to queue
[2025-04-09T21:03:34.884+0000] {logging_mixin.py:190} INFO - [2025-04-09T21:03:34.883+0000] {dagbag.py:588} INFO - Filling up the DagBag from /opt/airflow/dags/check.py
[2025-04-09T21:03:34.906+0000] {logging_mixin.py:190} INFO - [2025-04-09T21:03:34.905+0000] {dagbag.py:366} INFO - File /opt/airflow/dags/check.py assumed to contain no DAGs. Skipping.
[2025-04-09T21:03:34.907+0000] {processor.py:927} WARNING - No viable dags retrieved from /opt/airflow/dags/check.py
[2025-04-09T21:03:34.931+0000] {processor.py:208} INFO - Processing /opt/airflow/dags/check.py took 0.076 seconds
[2025-04-09T21:04:42.300+0000] {processor.py:186} INFO - Started process (PID=8009) to work on /opt/airflow/dags/check.py
[2025-04-09T21:04:42.303+0000] {processor.py:914} INFO - Processing file /opt/airflow/dags/check.py for tasks to queue
[2025-04-09T21:04:42.306+0000] {logging_mixin.py:190} INFO - [2025-04-09T21:04:42.305+0000] {dagbag.py:588} INFO - Filling up the DagBag from /opt/airflow/dags/check.py
[2025-04-09T21:04:42.335+0000] {logging_mixin.py:190} INFO - [2025-04-09T21:04:42.335+0000] {dagbag.py:366} INFO - File /opt/airflow/dags/check.py assumed to contain no DAGs. Skipping.
[2025-04-09T21:04:42.337+0000] {processor.py:927} WARNING - No viable dags retrieved from /opt/airflow/dags/check.py
[2025-04-09T21:04:42.367+0000] {processor.py:208} INFO - Processing /opt/airflow/dags/check.py took 0.079 seconds
[2025-04-09T21:05:12.519+0000] {processor.py:186} INFO - Started process (PID=8307) to work on /opt/airflow/dags/check.py
[2025-04-09T21:05:12.522+0000] {processor.py:914} INFO - Processing file /opt/airflow/dags/check.py for tasks to queue
[2025-04-09T21:05:12.525+0000] {logging_mixin.py:190} INFO - [2025-04-09T21:05:12.524+0000] {dagbag.py:588} INFO - Filling up the DagBag from /opt/airflow/dags/check.py
[2025-04-09T21:05:12.554+0000] {logging_mixin.py:190} INFO - [2025-04-09T21:05:12.553+0000] {dagbag.py:366} INFO - File /opt/airflow/dags/check.py assumed to contain no DAGs. Skipping.
[2025-04-09T21:05:12.555+0000] {processor.py:927} WARNING - No viable dags retrieved from /opt/airflow/dags/check.py
[2025-04-09T21:05:12.581+0000] {processor.py:208} INFO - Processing /opt/airflow/dags/check.py took 0.072 seconds
