[2025-04-10T13:23:18.622+0000] {local_task_job_runner.py:123} INFO - ::group::Pre task execution logs
[2025-04-10T13:23:18.825+0000] {taskinstance.py:2614} INFO - Dependencies all met for dep_context=non-requeueable deps ti=<TaskInstance: beer_data_processing.process_robust_scaler manual__2025-04-10T13:22:39.556118+00:00 [queued]>
[2025-04-10T13:23:18.874+0000] {taskinstance.py:2614} INFO - Dependencies all met for dep_context=requeueable deps ti=<TaskInstance: beer_data_processing.process_robust_scaler manual__2025-04-10T13:22:39.556118+00:00 [queued]>
[2025-04-10T13:23:18.876+0000] {taskinstance.py:2867} INFO - Starting attempt 1 of 6
[2025-04-10T13:23:18.975+0000] {taskinstance.py:2890} INFO - Executing <Task(PythonOperator): process_robust_scaler> on 2025-04-10 13:22:39.556118+00:00
[2025-04-10T13:23:19.116+0000] {standard_task_runner.py:104} INFO - Running: ['***', 'tasks', 'run', 'beer_data_processing', 'process_robust_scaler', 'manual__2025-04-10T13:22:39.556118+00:00', '--job-id', '249', '--raw', '--subdir', 'DAGS_FOLDER/beer_data_processing_dag.py', '--cfg-path', '/tmp/tmpb6ds_rey']
[2025-04-10T13:23:19.142+0000] {standard_task_runner.py:105} INFO - Job 249: Subtask process_robust_scaler
[2025-04-10T13:23:19.162+0000] {logging_mixin.py:190} WARNING - /home/***/.local/lib/python3.12/site-packages/***/task/task_runner/standard_task_runner.py:70 DeprecationWarning: This process (pid=1851) is multi-threaded, use of fork() may lead to deadlocks in the child.
[2025-04-10T13:23:19.173+0000] {standard_task_runner.py:72} INFO - Started process 1902 to run task
[2025-04-10T13:23:20.940+0000] {task_command.py:467} INFO - Running <TaskInstance: beer_data_processing.process_robust_scaler manual__2025-04-10T13:22:39.556118+00:00 [running]> on host 3e53738720c8
[2025-04-10T13:23:22.814+0000] {taskinstance.py:3134} INFO - Exporting env vars: AIRFLOW_CTX_DAG_OWNER='***' AIRFLOW_CTX_DAG_ID='beer_data_processing' AIRFLOW_CTX_TASK_ID='process_robust_scaler' AIRFLOW_CTX_EXECUTION_DATE='2025-04-10T13:22:39.556118+00:00' AIRFLOW_CTX_TRY_NUMBER='1' AIRFLOW_CTX_DAG_RUN_ID='manual__2025-04-10T13:22:39.556118+00:00'
[2025-04-10T13:23:22.833+0000] {logging_mixin.py:190} INFO - Task instance is in running state
[2025-04-10T13:23:22.836+0000] {logging_mixin.py:190} INFO -  Previous state of the Task instance: queued
[2025-04-10T13:23:22.840+0000] {logging_mixin.py:190} INFO - Current task name:process_robust_scaler state:running start_date:2025-04-10 13:23:18.827841+00:00
[2025-04-10T13:23:22.842+0000] {logging_mixin.py:190} INFO - Dag name:beer_data_processing and current dag run status:running
[2025-04-10T13:23:22.844+0000] {taskinstance.py:732} INFO - ::endgroup::
[2025-04-10T13:23:24.549+0000] {python.py:240} INFO - Done. Returned value was: True
[2025-04-10T13:23:25.577+0000] {taskinstance.py:341} INFO - ::group::Post task execution logs
[2025-04-10T13:23:25.581+0000] {taskinstance.py:353} INFO - Marking task as SUCCESS. dag_id=beer_data_processing, task_id=process_robust_scaler, run_id=manual__2025-04-10T13:22:39.556118+00:00, execution_date=20250410T132239, start_date=20250410T132318, end_date=20250410T132325
[2025-04-10T13:23:25.774+0000] {logging_mixin.py:190} INFO - Task instance in success state
[2025-04-10T13:23:25.776+0000] {logging_mixin.py:190} INFO -  Previous state of the Task instance: running
[2025-04-10T13:23:25.778+0000] {logging_mixin.py:190} INFO - Dag name:beer_data_processing queued_at:2025-04-10 13:22:39.728988+00:00
[2025-04-10T13:23:25.780+0000] {logging_mixin.py:190} INFO - Task hostname:3e53738720c8 operator:PythonOperator
[2025-04-10T13:23:25.857+0000] {local_task_job_runner.py:266} INFO - Task exited with return code 0
[2025-04-10T13:23:26.024+0000] {taskinstance.py:3901} INFO - 0 downstream tasks scheduled from follow-on schedule check
[2025-04-10T13:23:26.033+0000] {local_task_job_runner.py:245} INFO - ::endgroup::
