[2025-04-09T22:06:56.928+0000] {local_task_job_runner.py:123} INFO - ::group::Pre task execution logs
[2025-04-09T22:06:57.129+0000] {taskinstance.py:2614} INFO - Dependencies all met for dep_context=non-requeueable deps ti=<TaskInstance: beer_data_processing.create_dim_style manual__2025-04-09T22:06:23.920472+00:00 [queued]>
[2025-04-09T22:06:57.190+0000] {taskinstance.py:2614} INFO - Dependencies all met for dep_context=requeueable deps ti=<TaskInstance: beer_data_processing.create_dim_style manual__2025-04-09T22:06:23.920472+00:00 [queued]>
[2025-04-09T22:06:57.192+0000] {taskinstance.py:2867} INFO - Starting attempt 1 of 1
[2025-04-09T22:06:57.819+0000] {taskinstance.py:2890} INFO - Executing <Task(PythonOperator): create_dim_style> on 2025-04-09 22:06:23.920472+00:00
[2025-04-09T22:06:57.896+0000] {standard_task_runner.py:104} INFO - Running: ['***', 'tasks', 'run', 'beer_data_processing', 'create_dim_style', 'manual__2025-04-09T22:06:23.920472+00:00', '--job-id', '73', '--raw', '--subdir', 'DAGS_FOLDER/beer_data_processing_dag.py', '--cfg-path', '/tmp/tmp1th_9n4r']
[2025-04-09T22:06:57.904+0000] {standard_task_runner.py:105} INFO - Job 73: Subtask create_dim_style
[2025-04-09T22:06:57.915+0000] {logging_mixin.py:190} WARNING - /home/***/.local/lib/python3.12/site-packages/***/task/task_runner/standard_task_runner.py:70 DeprecationWarning: This process (pid=41219) is multi-threaded, use of fork() may lead to deadlocks in the child.
[2025-04-09T22:06:57.918+0000] {standard_task_runner.py:72} INFO - Started process 41242 to run task
[2025-04-09T22:06:58.513+0000] {task_command.py:467} INFO - Running <TaskInstance: beer_data_processing.create_dim_style manual__2025-04-09T22:06:23.920472+00:00 [running]> on host 893b969cc7b0
[2025-04-09T22:06:59.570+0000] {taskinstance.py:3134} INFO - Exporting env vars: AIRFLOW_CTX_DAG_OWNER='***' AIRFLOW_CTX_DAG_ID='beer_data_processing' AIRFLOW_CTX_TASK_ID='create_dim_style' AIRFLOW_CTX_EXECUTION_DATE='2025-04-09T22:06:23.920472+00:00' AIRFLOW_CTX_TRY_NUMBER='1' AIRFLOW_CTX_DAG_RUN_ID='manual__2025-04-09T22:06:23.920472+00:00'
[2025-04-09T22:06:59.585+0000] {logging_mixin.py:190} INFO - Task instance is in running state
[2025-04-09T22:06:59.587+0000] {logging_mixin.py:190} INFO -  Previous state of the Task instance: queued
[2025-04-09T22:06:59.589+0000] {logging_mixin.py:190} INFO - Current task name:create_dim_style state:running start_date:2025-04-09 22:06:57.133463+00:00
[2025-04-09T22:06:59.590+0000] {logging_mixin.py:190} INFO - Dag name:beer_data_processing and current dag run status:running
[2025-04-09T22:06:59.593+0000] {taskinstance.py:732} INFO - ::endgroup::
[2025-04-09T22:06:59.845+0000] {logging_mixin.py:190} WARNING - /opt/***/dags/beer_data_processing_dag.py:105 FutureWarning: Passing literal json to 'read_json' is deprecated and will be removed in a future version. To read from a literal string, wrap it in a 'StringIO' object.
[2025-04-09T22:07:00.884+0000] {base.py:84} INFO - Retrieving connection 'postgres_conn'
[2025-04-09T22:07:05.578+0000] {logging_mixin.py:190} INFO - Створено датасет dim_style з 111 записами
[2025-04-09T22:07:05.584+0000] {python.py:240} INFO - Done. Returned value was: True
[2025-04-09T22:07:05.639+0000] {taskinstance.py:341} INFO - ::group::Post task execution logs
[2025-04-09T22:07:05.641+0000] {taskinstance.py:353} INFO - Marking task as SUCCESS. dag_id=beer_data_processing, task_id=create_dim_style, run_id=manual__2025-04-09T22:06:23.920472+00:00, execution_date=20250409T220623, start_date=20250409T220657, end_date=20250409T220705
[2025-04-09T22:07:05.713+0000] {logging_mixin.py:190} INFO - Task instance in success state
[2025-04-09T22:07:05.715+0000] {logging_mixin.py:190} INFO -  Previous state of the Task instance: running
[2025-04-09T22:07:05.717+0000] {logging_mixin.py:190} INFO - Dag name:beer_data_processing queued_at:2025-04-09 22:06:24.320832+00:00
[2025-04-09T22:07:05.718+0000] {logging_mixin.py:190} INFO - Task hostname:893b969cc7b0 operator:PythonOperator
[2025-04-09T22:07:05.843+0000] {local_task_job_runner.py:266} INFO - Task exited with return code 0
[2025-04-09T22:07:05.925+0000] {taskinstance.py:3901} INFO - 0 downstream tasks scheduled from follow-on schedule check
[2025-04-09T22:07:05.930+0000] {local_task_job_runner.py:245} INFO - ::endgroup::
