[2025-04-10T07:10:56.539+0000] {local_task_job_runner.py:123} INFO - ::group::Pre task execution logs
[2025-04-10T07:10:56.595+0000] {taskinstance.py:2614} INFO - Dependencies all met for dep_context=non-requeueable deps ti=<TaskInstance: beer_data_processing.create_dim_beer manual__2025-04-10T07:10:12.640088+00:00 [queued]>
[2025-04-10T07:10:56.623+0000] {taskinstance.py:2614} INFO - Dependencies all met for dep_context=requeueable deps ti=<TaskInstance: beer_data_processing.create_dim_beer manual__2025-04-10T07:10:12.640088+00:00 [queued]>
[2025-04-10T07:10:56.624+0000] {taskinstance.py:2867} INFO - Starting attempt 1 of 6
[2025-04-10T07:10:56.679+0000] {taskinstance.py:2890} INFO - Executing <Task(PythonOperator): create_dim_beer> on 2025-04-10 07:10:12.640088+00:00
[2025-04-10T07:10:56.701+0000] {standard_task_runner.py:104} INFO - Running: ['***', 'tasks', 'run', 'beer_data_processing', 'create_dim_beer', 'manual__2025-04-10T07:10:12.640088+00:00', '--job-id', '121', '--raw', '--subdir', 'DAGS_FOLDER/beer_data_processing_dag.py', '--cfg-path', '/tmp/tmpiql1e98u']
[2025-04-10T07:10:56.704+0000] {logging_mixin.py:190} WARNING - /home/***/.local/lib/python3.12/site-packages/***/task/task_runner/standard_task_runner.py:70 DeprecationWarning: This process (pid=27329) is multi-threaded, use of fork() may lead to deadlocks in the child.
[2025-04-10T07:10:56.707+0000] {standard_task_runner.py:105} INFO - Job 121: Subtask create_dim_beer
[2025-04-10T07:10:56.707+0000] {standard_task_runner.py:72} INFO - Started process 27331 to run task
[2025-04-10T07:10:56.846+0000] {task_command.py:467} INFO - Running <TaskInstance: beer_data_processing.create_dim_beer manual__2025-04-10T07:10:12.640088+00:00 [running]> on host 893b969cc7b0
[2025-04-10T07:10:57.220+0000] {taskinstance.py:3134} INFO - Exporting env vars: AIRFLOW_CTX_DAG_OWNER='***' AIRFLOW_CTX_DAG_ID='beer_data_processing' AIRFLOW_CTX_TASK_ID='create_dim_beer' AIRFLOW_CTX_EXECUTION_DATE='2025-04-10T07:10:12.640088+00:00' AIRFLOW_CTX_TRY_NUMBER='1' AIRFLOW_CTX_DAG_RUN_ID='manual__2025-04-10T07:10:12.640088+00:00'
[2025-04-10T07:10:57.263+0000] {logging_mixin.py:190} INFO - Task instance is in running state
[2025-04-10T07:10:57.265+0000] {logging_mixin.py:190} INFO -  Previous state of the Task instance: queued
[2025-04-10T07:10:57.268+0000] {logging_mixin.py:190} INFO - Current task name:create_dim_beer state:running start_date:2025-04-10 07:10:56.596435+00:00
[2025-04-10T07:10:57.271+0000] {logging_mixin.py:190} INFO - Dag name:beer_data_processing and current dag run status:running
[2025-04-10T07:10:57.275+0000] {taskinstance.py:732} INFO - ::endgroup::
[2025-04-10T07:10:58.191+0000] {logging_mixin.py:190} WARNING - /opt/***/dags/beer_data_processing_dag.py:65 FutureWarning: Passing literal json to 'read_json' is deprecated and will be removed in a future version. To read from a literal string, wrap it in a 'StringIO' object.
[2025-04-10T07:10:59.237+0000] {base.py:84} INFO - Retrieving connection 'postgres_conn'
[2025-04-10T07:11:04.460+0000] {logging_mixin.py:190} INFO - Створено датасет dim_beer з 3066 записами
[2025-04-10T07:11:04.467+0000] {python.py:240} INFO - Done. Returned value was: True
[2025-04-10T07:11:04.530+0000] {taskinstance.py:341} INFO - ::group::Post task execution logs
[2025-04-10T07:11:04.533+0000] {taskinstance.py:353} INFO - Marking task as SUCCESS. dag_id=beer_data_processing, task_id=create_dim_beer, run_id=manual__2025-04-10T07:10:12.640088+00:00, execution_date=20250410T071012, start_date=20250410T071056, end_date=20250410T071104
[2025-04-10T07:11:04.596+0000] {logging_mixin.py:190} INFO - Task instance in success state
[2025-04-10T07:11:04.597+0000] {logging_mixin.py:190} INFO -  Previous state of the Task instance: running
[2025-04-10T07:11:04.599+0000] {logging_mixin.py:190} INFO - Dag name:beer_data_processing queued_at:2025-04-10 07:10:13.028340+00:00
[2025-04-10T07:11:04.601+0000] {logging_mixin.py:190} INFO - Task hostname:893b969cc7b0 operator:PythonOperator
[2025-04-10T07:11:04.657+0000] {local_task_job_runner.py:266} INFO - Task exited with return code 0
[2025-04-10T07:11:04.730+0000] {taskinstance.py:3901} INFO - 1 downstream tasks scheduled from follow-on schedule check
[2025-04-10T07:11:04.735+0000] {local_task_job_runner.py:245} INFO - ::endgroup::
