[2025-04-16T15:56:00.785+0000] {local_task_job_runner.py:123} INFO - ::group::Pre task execution logs
[2025-04-16T15:56:01.987+0000] {taskinstance.py:2614} INFO - Dependencies all met for dep_context=non-requeueable deps ti=<TaskInstance: beer_data_processing.load_and_process_data scheduled__2025-04-16T04:00:00+00:00 [queued]>
[2025-04-16T15:56:02.151+0000] {taskinstance.py:2614} INFO - Dependencies all met for dep_context=requeueable deps ti=<TaskInstance: beer_data_processing.load_and_process_data scheduled__2025-04-16T04:00:00+00:00 [queued]>
[2025-04-16T15:56:02.161+0000] {taskinstance.py:2867} INFO - Starting attempt 1 of 6
[2025-04-16T15:56:02.468+0000] {taskinstance.py:2890} INFO - Executing <Task(PythonOperator): load_and_process_data> on 2025-04-16 04:00:00+00:00
[2025-04-16T15:56:03.274+0000] {logging_mixin.py:190} WARNING - /home/***/.local/lib/python3.12/site-packages/***/task/task_runner/standard_task_runner.py:70 DeprecationWarning: This process (pid=1113) is multi-threaded, use of fork() may lead to deadlocks in the child.
[2025-04-16T15:56:03.292+0000] {standard_task_runner.py:104} INFO - Running: ['***', 'tasks', 'run', 'beer_data_processing', 'load_and_process_data', 'scheduled__2025-04-16T04:00:00+00:00', '--job-id', '629', '--raw', '--subdir', 'DAGS_FOLDER/beer_data_processing_dag.py', '--cfg-path', '/tmp/tmpc0ebx1i5']
[2025-04-16T15:56:03.321+0000] {standard_task_runner.py:72} INFO - Started process 1408 to run task
[2025-04-16T15:56:03.332+0000] {standard_task_runner.py:105} INFO - Job 629: Subtask load_and_process_data
[2025-04-16T15:56:04.587+0000] {task_command.py:467} INFO - Running <TaskInstance: beer_data_processing.load_and_process_data scheduled__2025-04-16T04:00:00+00:00 [running]> on host 3e53738720c8
[2025-04-16T15:56:06.323+0000] {taskinstance.py:3134} INFO - Exporting env vars: AIRFLOW_CTX_DAG_OWNER='***' AIRFLOW_CTX_DAG_ID='beer_data_processing' AIRFLOW_CTX_TASK_ID='load_and_process_data' AIRFLOW_CTX_EXECUTION_DATE='2025-04-16T04:00:00+00:00' AIRFLOW_CTX_TRY_NUMBER='1' AIRFLOW_CTX_DAG_RUN_ID='scheduled__2025-04-16T04:00:00+00:00'
[2025-04-16T15:56:06.469+0000] {logging_mixin.py:190} INFO - Task instance is in running state
[2025-04-16T15:56:06.495+0000] {logging_mixin.py:190} INFO -  Previous state of the Task instance: queued
[2025-04-16T15:56:06.502+0000] {logging_mixin.py:190} INFO - Current task name:load_and_process_data state:running start_date:2025-04-16 15:56:02.010353+00:00
[2025-04-16T15:56:06.527+0000] {logging_mixin.py:190} INFO - Dag name:beer_data_processing and current dag run status:running
[2025-04-16T15:56:06.534+0000] {taskinstance.py:732} INFO - ::endgroup::
[2025-04-16T15:56:09.713+0000] {job.py:229} INFO - Heartbeat recovered after 13.16 seconds
[2025-04-16T15:56:13.775+0000] {logging_mixin.py:190} INFO - Завантажено 3197 записів з CSV файлу
[2025-04-16T15:56:13.889+0000] {python.py:240} INFO - Done. Returned value was: True
[2025-04-16T15:56:14.364+0000] {taskinstance.py:341} INFO - ::group::Post task execution logs
[2025-04-16T15:56:14.373+0000] {taskinstance.py:353} INFO - Marking task as SUCCESS. dag_id=beer_data_processing, task_id=load_and_process_data, run_id=scheduled__2025-04-16T04:00:00+00:00, execution_date=20250416T040000, start_date=20250416T155602, end_date=20250416T155614
[2025-04-16T15:56:15.527+0000] {logging_mixin.py:190} INFO - Task instance in success state
[2025-04-16T15:56:15.549+0000] {logging_mixin.py:190} INFO -  Previous state of the Task instance: running
[2025-04-16T15:56:15.558+0000] {logging_mixin.py:190} INFO - Dag name:beer_data_processing queued_at:2025-04-16 15:07:06.513542+00:00
[2025-04-16T15:56:15.564+0000] {logging_mixin.py:190} INFO - Task hostname:3e53738720c8 operator:PythonOperator
[2025-04-16T15:56:16.322+0000] {local_task_job_runner.py:266} INFO - Task exited with return code 0
[2025-04-16T15:56:17.587+0000] {taskinstance.py:3901} INFO - 7 downstream tasks scheduled from follow-on schedule check
[2025-04-16T15:56:17.683+0000] {local_task_job_runner.py:245} INFO - ::endgroup::
