[2025-04-16T14:47:00.020+0000] {local_task_job_runner.py:123} INFO - ::group::Pre task execution logs
[2025-04-16T14:47:00.196+0000] {taskinstance.py:2614} INFO - Dependencies all met for dep_context=non-requeueable deps ti=<TaskInstance: beer_data_processing.load_and_process_data manual__2025-04-16T14:45:32.400052+00:00 [queued]>
[2025-04-16T14:47:00.246+0000] {taskinstance.py:2614} INFO - Dependencies all met for dep_context=requeueable deps ti=<TaskInstance: beer_data_processing.load_and_process_data manual__2025-04-16T14:45:32.400052+00:00 [queued]>
[2025-04-16T14:47:00.249+0000] {taskinstance.py:2867} INFO - Starting attempt 1 of 6
[2025-04-16T14:47:00.316+0000] {taskinstance.py:2890} INFO - Executing <Task(PythonOperator): load_and_process_data> on 2025-04-16 14:45:32.400052+00:00
[2025-04-16T14:47:00.455+0000] {standard_task_runner.py:104} INFO - Running: ['***', 'tasks', 'run', 'beer_data_processing', 'load_and_process_data', 'manual__2025-04-16T14:45:32.400052+00:00', '--job-id', '563', '--raw', '--subdir', 'DAGS_FOLDER/beer_data_processing_dag.py', '--cfg-path', '/tmp/tmpdgt2m0c8']
[2025-04-16T14:47:00.456+0000] {logging_mixin.py:190} WARNING - /home/***/.local/lib/python3.12/site-packages/***/task/task_runner/standard_task_runner.py:70 DeprecationWarning: This process (pid=49690) is multi-threaded, use of fork() may lead to deadlocks in the child.
[2025-04-16T14:47:00.463+0000] {standard_task_runner.py:105} INFO - Job 563: Subtask load_and_process_data
[2025-04-16T14:47:00.467+0000] {standard_task_runner.py:72} INFO - Started process 49900 to run task
[2025-04-16T14:47:00.671+0000] {task_command.py:467} INFO - Running <TaskInstance: beer_data_processing.load_and_process_data manual__2025-04-16T14:45:32.400052+00:00 [running]> on host 3e53738720c8
[2025-04-16T14:47:01.142+0000] {taskinstance.py:3134} INFO - Exporting env vars: AIRFLOW_CTX_DAG_OWNER='***' AIRFLOW_CTX_DAG_ID='beer_data_processing' AIRFLOW_CTX_TASK_ID='load_and_process_data' AIRFLOW_CTX_EXECUTION_DATE='2025-04-16T14:45:32.400052+00:00' AIRFLOW_CTX_TRY_NUMBER='1' AIRFLOW_CTX_DAG_RUN_ID='manual__2025-04-16T14:45:32.400052+00:00'
[2025-04-16T14:47:01.151+0000] {logging_mixin.py:190} INFO - Task instance is in running state
[2025-04-16T14:47:01.154+0000] {logging_mixin.py:190} INFO -  Previous state of the Task instance: queued
[2025-04-16T14:47:01.179+0000] {logging_mixin.py:190} INFO - Current task name:load_and_process_data state:running start_date:2025-04-16 14:47:00.198302+00:00
[2025-04-16T14:47:01.180+0000] {logging_mixin.py:190} INFO - Dag name:beer_data_processing and current dag run status:running
[2025-04-16T14:47:01.184+0000] {taskinstance.py:732} INFO - ::endgroup::
[2025-04-16T14:47:02.176+0000] {logging_mixin.py:190} INFO - Завантажено 3196 записів з CSV файлу
[2025-04-16T14:47:02.180+0000] {python.py:240} INFO - Done. Returned value was: True
[2025-04-16T14:47:02.265+0000] {taskinstance.py:341} INFO - ::group::Post task execution logs
[2025-04-16T14:47:02.270+0000] {taskinstance.py:353} INFO - Marking task as SUCCESS. dag_id=beer_data_processing, task_id=load_and_process_data, run_id=manual__2025-04-16T14:45:32.400052+00:00, execution_date=20250416T144532, start_date=20250416T144700, end_date=20250416T144702
[2025-04-16T14:47:02.547+0000] {logging_mixin.py:190} INFO - Task instance in success state
[2025-04-16T14:47:02.551+0000] {logging_mixin.py:190} INFO -  Previous state of the Task instance: running
[2025-04-16T14:47:02.555+0000] {logging_mixin.py:190} INFO - Dag name:beer_data_processing queued_at:2025-04-16 14:45:34.333208+00:00
[2025-04-16T14:47:02.556+0000] {logging_mixin.py:190} INFO - Task hostname:3e53738720c8 operator:PythonOperator
[2025-04-16T14:47:02.637+0000] {local_task_job_runner.py:266} INFO - Task exited with return code 0
[2025-04-16T14:47:02.890+0000] {taskinstance.py:3901} INFO - 7 downstream tasks scheduled from follow-on schedule check
[2025-04-16T14:47:02.919+0000] {local_task_job_runner.py:245} INFO - ::endgroup::
