[2025-04-17T12:42:09.349+0000] {local_task_job_runner.py:123} INFO - ::group::Pre task execution logs
[2025-04-17T12:42:09.512+0000] {taskinstance.py:2614} INFO - Dependencies all met for dep_context=non-requeueable deps ti=<TaskInstance: beer_data_processing.process_proportions manual__2025-04-17T12:39:29.171572+00:00 [queued]>
[2025-04-17T12:42:09.571+0000] {taskinstance.py:2614} INFO - Dependencies all met for dep_context=requeueable deps ti=<TaskInstance: beer_data_processing.process_proportions manual__2025-04-17T12:39:29.171572+00:00 [queued]>
[2025-04-17T12:42:09.573+0000] {taskinstance.py:2867} INFO - Starting attempt 1 of 6
[2025-04-17T12:42:09.701+0000] {taskinstance.py:2890} INFO - Executing <Task(PythonOperator): process_proportions> on 2025-04-17 12:39:29.171572+00:00
[2025-04-17T12:42:10.133+0000] {standard_task_runner.py:104} INFO - Running: ['***', 'tasks', 'run', 'beer_data_processing', 'process_proportions', 'manual__2025-04-17T12:39:29.171572+00:00', '--job-id', '1022', '--raw', '--subdir', 'DAGS_FOLDER/beer_data_processing_dag.py', '--cfg-path', '/tmp/tmpb2amyuan']
[2025-04-17T12:42:10.205+0000] {standard_task_runner.py:105} INFO - Job 1022: Subtask process_proportions
[2025-04-17T12:42:10.204+0000] {logging_mixin.py:190} WARNING - /home/***/.local/lib/python3.12/site-packages/***/task/task_runner/standard_task_runner.py:70 DeprecationWarning: This process (pid=6475) is multi-threaded, use of fork() may lead to deadlocks in the child.
[2025-04-17T12:42:10.211+0000] {standard_task_runner.py:72} INFO - Started process 6625 to run task
[2025-04-17T12:42:12.646+0000] {task_command.py:467} INFO - Running <TaskInstance: beer_data_processing.process_proportions manual__2025-04-17T12:39:29.171572+00:00 [running]> on host a0d0456bae2c
[2025-04-17T12:42:13.571+0000] {taskinstance.py:3134} INFO - Exporting env vars: AIRFLOW_CTX_DAG_OWNER='***' AIRFLOW_CTX_DAG_ID='beer_data_processing' AIRFLOW_CTX_TASK_ID='process_proportions' AIRFLOW_CTX_EXECUTION_DATE='2025-04-17T12:39:29.171572+00:00' AIRFLOW_CTX_TRY_NUMBER='1' AIRFLOW_CTX_DAG_RUN_ID='manual__2025-04-17T12:39:29.171572+00:00'
[2025-04-17T12:42:13.578+0000] {logging_mixin.py:190} INFO - Task instance is in running state
[2025-04-17T12:42:13.580+0000] {logging_mixin.py:190} INFO -  Previous state of the Task instance: queued
[2025-04-17T12:42:13.581+0000] {logging_mixin.py:190} INFO - Current task name:process_proportions state:running start_date:2025-04-17 12:42:09.513652+00:00
[2025-04-17T12:42:13.583+0000] {logging_mixin.py:190} INFO - Dag name:beer_data_processing and current dag run status:running
[2025-04-17T12:42:13.587+0000] {taskinstance.py:732} INFO - ::endgroup::
[2025-04-17T12:42:14.406+0000] {logging_mixin.py:190} INFO - Proportion Normalization Example - Original Sum: 611
[2025-04-17T12:42:14.409+0000] {logging_mixin.py:190} INFO - Proportion Normalization Example - Normalized Sum: 1.0
[2025-04-17T12:42:14.412+0000] {logging_mixin.py:190} INFO - Original values: {'Astringency': 18, 'Body': 70, 'Alcohol': 43, 'Bitter': 85, 'Sweet': 92, 'Sour': 26, 'Salty': 1, 'Fruits': 53, 'Hoppy': 95, 'Spices': 15, 'Malty': 113}
[2025-04-17T12:42:14.414+0000] {logging_mixin.py:190} INFO - Normalized values: {'Astringency': 0.029459901800327332, 'Body': 0.11456628477905073, 'Alcohol': 0.07037643207855974, 'Bitter': 0.13911620294599017, 'Sweet': 0.15057283142389524, 'Sour': 0.0425531914893617, 'Salty': 0.0016366612111292963, 'Fruits': 0.0867430441898527, 'Hoppy': 0.15548281505728315, 'Spices': 0.024549918166939442, 'Malty': 0.18494271685761046}
[2025-04-17T12:42:14.858+0000] {python.py:240} INFO - Done. Returned value was: True
[2025-04-17T12:42:15.007+0000] {taskinstance.py:341} INFO - ::group::Post task execution logs
[2025-04-17T12:42:15.008+0000] {taskinstance.py:353} INFO - Marking task as SUCCESS. dag_id=beer_data_processing, task_id=process_proportions, run_id=manual__2025-04-17T12:39:29.171572+00:00, execution_date=20250417T123929, start_date=20250417T124209, end_date=20250417T124215
[2025-04-17T12:42:15.126+0000] {logging_mixin.py:190} INFO - Task instance in success state
[2025-04-17T12:42:15.129+0000] {logging_mixin.py:190} INFO -  Previous state of the Task instance: running
[2025-04-17T12:42:15.142+0000] {logging_mixin.py:190} INFO - Dag name:beer_data_processing queued_at:2025-04-17 12:39:29.407696+00:00
[2025-04-17T12:42:15.144+0000] {logging_mixin.py:190} INFO - Task hostname:a0d0456bae2c operator:PythonOperator
[2025-04-17T12:42:15.236+0000] {local_task_job_runner.py:266} INFO - Task exited with return code 0
[2025-04-17T12:42:15.375+0000] {taskinstance.py:3901} INFO - 1 downstream tasks scheduled from follow-on schedule check
[2025-04-17T12:42:15.381+0000] {local_task_job_runner.py:245} INFO - ::endgroup::
[2025-04-17T12:42:15.410+0000] {standard_task_runner.py:217} INFO - Process not found (most likely exited), stop collecting metrics
