[2025-04-16T14:10:55.882+0000] {local_task_job_runner.py:123} INFO - ::group::Pre task execution logs
[2025-04-16T14:10:56.814+0000] {taskinstance.py:2614} INFO - Dependencies all met for dep_context=non-requeueable deps ti=<TaskInstance: beer_data_processing.create_dim_brewery_table manual__2025-04-16T14:04:28.765186+00:00 [queued]>
[2025-04-16T14:10:57.019+0000] {taskinstance.py:2614} INFO - Dependencies all met for dep_context=requeueable deps ti=<TaskInstance: beer_data_processing.create_dim_brewery_table manual__2025-04-16T14:04:28.765186+00:00 [queued]>
[2025-04-16T14:10:57.031+0000] {taskinstance.py:2867} INFO - Starting attempt 2 of 6
[2025-04-16T14:10:57.257+0000] {taskinstance.py:2890} INFO - Executing <Task(SQLExecuteQueryOperator): create_dim_brewery_table> on 2025-04-16 14:04:28.765186+00:00
[2025-04-16T14:10:58.748+0000] {standard_task_runner.py:104} INFO - Running: ['***', 'tasks', 'run', 'beer_data_processing', 'create_dim_brewery_table', 'manual__2025-04-16T14:04:28.765186+00:00', '--job-id', '529', '--raw', '--subdir', 'DAGS_FOLDER/beer_data_processing_dag.py', '--cfg-path', '/tmp/tmp482tpv2r']
[2025-04-16T14:10:58.775+0000] {logging_mixin.py:190} WARNING - /home/***/.local/lib/python3.12/site-packages/***/task/task_runner/standard_task_runner.py:70 DeprecationWarning: This process (pid=35320) is multi-threaded, use of fork() may lead to deadlocks in the child.
[2025-04-16T14:10:59.069+0000] {standard_task_runner.py:105} INFO - Job 529: Subtask create_dim_brewery_table
[2025-04-16T14:10:59.103+0000] {standard_task_runner.py:72} INFO - Started process 35610 to run task
[2025-04-16T14:11:18.703+0000] {job.py:229} INFO - Heartbeat recovered after 23.46 seconds
[2025-04-16T14:11:20.388+0000] {task_command.py:467} INFO - Running <TaskInstance: beer_data_processing.create_dim_brewery_table manual__2025-04-16T14:04:28.765186+00:00 [running]> on host 3e53738720c8
[2025-04-16T14:11:22.551+0000] {taskinstance.py:3134} INFO - Exporting env vars: AIRFLOW_CTX_DAG_OWNER='***' AIRFLOW_CTX_DAG_ID='beer_data_processing' AIRFLOW_CTX_TASK_ID='create_dim_brewery_table' AIRFLOW_CTX_EXECUTION_DATE='2025-04-16T14:04:28.765186+00:00' AIRFLOW_CTX_TRY_NUMBER='2' AIRFLOW_CTX_DAG_RUN_ID='manual__2025-04-16T14:04:28.765186+00:00'
[2025-04-16T14:11:22.736+0000] {logging_mixin.py:190} INFO - Task instance is in running state
[2025-04-16T14:11:22.833+0000] {logging_mixin.py:190} INFO -  Previous state of the Task instance: queued
[2025-04-16T14:11:23.043+0000] {logging_mixin.py:190} INFO - Current task name:create_dim_brewery_table state:running start_date:2025-04-16 14:10:56.834909+00:00
[2025-04-16T14:11:23.111+0000] {logging_mixin.py:190} INFO - Dag name:beer_data_processing and current dag run status:running
[2025-04-16T14:11:23.200+0000] {taskinstance.py:732} INFO - ::endgroup::
[2025-04-16T14:11:23.282+0000] {sql.py:295} INFO - Executing: 
    CREATE TABLE IF NOT EXISTS dim_brewery (
        brewery_id SERIAL PRIMARY KEY,
        brewery_name VARCHAR(255) NOT NULL UNIQUE
    );
    
[2025-04-16T14:11:25.603+0000] {job.py:229} INFO - Heartbeat recovered after 16.62 seconds
[2025-04-16T14:11:26.061+0000] {base.py:84} INFO - Retrieving connection 'postgres_conn'
[2025-04-16T14:11:27.234+0000] {base.py:84} INFO - Retrieving connection 'postgres_conn'
[2025-04-16T14:11:27.722+0000] {sql.py:511} INFO - Running statement: 
    CREATE TABLE IF NOT EXISTS dim_brewery (
        brewery_id SERIAL PRIMARY KEY,
        brewery_name VARCHAR(255) NOT NULL UNIQUE
    );
    , parameters: None
[2025-04-16T14:11:27.980+0000] {logging_mixin.py:190} WARNING - /home/***/.local/lib/python3.12/site-packages/***/providers/common/sql/hooks/sql.py:470 DeprecationWarning: Import of fetch_all_handler from the '***.providers.common.sql.hooks' module is deprecated and will
be removed in the future. Please import it from '***.providers.common.sql.hooks.handlers'.
[2025-04-16T14:11:28.036+0000] {logging_mixin.py:190} WARNING - /home/***/.local/lib/python3.12/site-packages/***/providers/common/sql/hooks/sql.py:471 DeprecationWarning: Import of return_single_query_results from the '***.providers.common.sql.hooks' module is deprecated and will
be removed in the future. Please import it from '***.providers.common.sql.hooks.handlers'.
[2025-04-16T14:11:28.069+0000] {logging_mixin.py:190} WARNING - /home/***/.local/lib/python3.12/site-packages/***/providers/common/sql/hooks/sql.py:486 DeprecationWarning: Import of return_single_query_results from the '***.providers.common.sql.hooks' module is deprecated and will
be removed in the future. Please import it from '***.providers.common.sql.hooks.handlers'.
[2025-04-16T14:11:28.096+0000] {logging_mixin.py:190} WARNING - /home/***/.local/lib/python3.12/site-packages/***/providers/common/sql/operators/sql.py:311 DeprecationWarning: Import of return_single_query_results from the '***.providers.common.sql.hooks' module is deprecated and will
be removed in the future. Please import it from '***.providers.common.sql.hooks.handlers'.
[2025-04-16T14:11:29.598+0000] {taskinstance.py:341} INFO - ::group::Post task execution logs
[2025-04-16T14:11:29.691+0000] {taskinstance.py:353} INFO - Marking task as SUCCESS. dag_id=beer_data_processing, task_id=create_dim_brewery_table, run_id=manual__2025-04-16T14:04:28.765186+00:00, execution_date=20250416T140428, start_date=20250416T141056, end_date=20250416T141129
[2025-04-16T14:11:33.566+0000] {logging_mixin.py:190} INFO - Task instance in success state
[2025-04-16T14:11:33.709+0000] {logging_mixin.py:190} INFO -  Previous state of the Task instance: running
[2025-04-16T14:11:33.731+0000] {logging_mixin.py:190} INFO - Dag name:beer_data_processing queued_at:2025-04-16 14:04:29.123555+00:00
[2025-04-16T14:11:33.795+0000] {logging_mixin.py:190} INFO - Task hostname:3e53738720c8 operator:SQLExecuteQueryOperator
[2025-04-16T14:11:35.489+0000] {local_task_job_runner.py:266} INFO - Task exited with return code 0
[2025-04-16T14:11:36.371+0000] {standard_task_runner.py:217} INFO - Process not found (most likely exited), stop collecting metrics
[2025-04-16T14:11:37.181+0000] {taskinstance.py:3901} INFO - 0 downstream tasks scheduled from follow-on schedule check
[2025-04-16T14:11:37.573+0000] {local_task_job_runner.py:245} INFO - ::endgroup::
