[2025-04-16T16:07:40.030+0000] {local_task_job_runner.py:123} INFO - ::group::Pre task execution logs
[2025-04-16T16:07:40.451+0000] {taskinstance.py:2614} INFO - Dependencies all met for dep_context=non-requeueable deps ti=<TaskInstance: beer_data_processing.process_min_max scheduled__2025-04-16T08:00:00+00:00 [queued]>
[2025-04-16T16:07:40.542+0000] {taskinstance.py:2614} INFO - Dependencies all met for dep_context=requeueable deps ti=<TaskInstance: beer_data_processing.process_min_max scheduled__2025-04-16T08:00:00+00:00 [queued]>
[2025-04-16T16:07:40.550+0000] {taskinstance.py:2867} INFO - Starting attempt 3 of 6
[2025-04-16T16:07:40.704+0000] {taskinstance.py:2890} INFO - Executing <Task(PythonOperator): process_min_max> on 2025-04-16 08:00:00+00:00
[2025-04-16T16:07:41.215+0000] {logging_mixin.py:190} WARNING - /home/***/.local/lib/python3.12/site-packages/***/task/task_runner/standard_task_runner.py:70 DeprecationWarning: This process (pid=2655) is multi-threaded, use of fork() may lead to deadlocks in the child.
[2025-04-16T16:07:41.278+0000] {standard_task_runner.py:72} INFO - Started process 2995 to run task
[2025-04-16T16:07:41.233+0000] {standard_task_runner.py:104} INFO - Running: ['***', 'tasks', 'run', 'beer_data_processing', 'process_min_max', 'scheduled__2025-04-16T08:00:00+00:00', '--job-id', '664', '--raw', '--subdir', 'DAGS_FOLDER/beer_data_processing_dag.py', '--cfg-path', '/tmp/tmpwvrtp4dm']
[2025-04-16T16:07:41.342+0000] {standard_task_runner.py:105} INFO - Job 664: Subtask process_min_max
[2025-04-16T16:07:42.395+0000] {task_command.py:467} INFO - Running <TaskInstance: beer_data_processing.process_min_max scheduled__2025-04-16T08:00:00+00:00 [running]> on host 3e53738720c8
[2025-04-16T16:07:43.627+0000] {taskinstance.py:3134} INFO - Exporting env vars: AIRFLOW_CTX_DAG_OWNER='***' AIRFLOW_CTX_DAG_ID='beer_data_processing' AIRFLOW_CTX_TASK_ID='process_min_max' AIRFLOW_CTX_EXECUTION_DATE='2025-04-16T08:00:00+00:00' AIRFLOW_CTX_TRY_NUMBER='3' AIRFLOW_CTX_DAG_RUN_ID='scheduled__2025-04-16T08:00:00+00:00'
[2025-04-16T16:07:43.653+0000] {logging_mixin.py:190} INFO - Task instance is in running state
[2025-04-16T16:07:43.661+0000] {logging_mixin.py:190} INFO -  Previous state of the Task instance: queued
[2025-04-16T16:07:43.669+0000] {logging_mixin.py:190} INFO - Current task name:process_min_max state:running start_date:2025-04-16 16:07:40.463051+00:00
[2025-04-16T16:07:43.674+0000] {logging_mixin.py:190} INFO - Dag name:beer_data_processing and current dag run status:running
[2025-04-16T16:07:43.683+0000] {taskinstance.py:732} INFO - ::endgroup::
[2025-04-16T16:07:45.654+0000] {python.py:240} INFO - Done. Returned value was: True
[2025-04-16T16:07:45.937+0000] {taskinstance.py:341} INFO - ::group::Post task execution logs
[2025-04-16T16:07:45.940+0000] {taskinstance.py:353} INFO - Marking task as SUCCESS. dag_id=beer_data_processing, task_id=process_min_max, run_id=scheduled__2025-04-16T08:00:00+00:00, execution_date=20250416T080000, start_date=20250416T160740, end_date=20250416T160745
[2025-04-16T16:07:46.065+0000] {logging_mixin.py:190} INFO - Task instance in success state
[2025-04-16T16:07:46.069+0000] {logging_mixin.py:190} INFO -  Previous state of the Task instance: running
[2025-04-16T16:07:46.070+0000] {logging_mixin.py:190} INFO - Dag name:beer_data_processing queued_at:2025-04-16 15:07:09.591370+00:00
[2025-04-16T16:07:46.072+0000] {logging_mixin.py:190} INFO - Task hostname:3e53738720c8 operator:PythonOperator
[2025-04-16T16:07:46.220+0000] {local_task_job_runner.py:266} INFO - Task exited with return code 0
[2025-04-16T16:07:46.272+0000] {local_task_job_runner.py:245} INFO - ::endgroup::
[2025-04-16T16:07:46.323+0000] {standard_task_runner.py:217} INFO - Process not found (most likely exited), stop collecting metrics
