[2025-04-17T12:24:52.733+0000] {local_task_job_runner.py:123} INFO - ::group::Pre task execution logs
[2025-04-17T12:24:52.784+0000] {taskinstance.py:2614} INFO - Dependencies all met for dep_context=non-requeueable deps ti=<TaskInstance: beer_data_processing.create_dim_style scheduled__2025-04-17T02:00:00+00:00 [queued]>
[2025-04-17T12:24:52.808+0000] {taskinstance.py:2614} INFO - Dependencies all met for dep_context=requeueable deps ti=<TaskInstance: beer_data_processing.create_dim_style scheduled__2025-04-17T02:00:00+00:00 [queued]>
[2025-04-17T12:24:52.810+0000] {taskinstance.py:2867} INFO - Starting attempt 1 of 6
[2025-04-17T12:24:52.841+0000] {taskinstance.py:2890} INFO - Executing <Task(PythonOperator): create_dim_style> on 2025-04-17 02:00:00+00:00
[2025-04-17T12:24:52.867+0000] {logging_mixin.py:190} WARNING - /home/***/.local/lib/python3.12/site-packages/***/task/task_runner/standard_task_runner.py:70 DeprecationWarning: This process (pid=2667) is multi-threaded, use of fork() may lead to deadlocks in the child.
[2025-04-17T12:24:52.868+0000] {standard_task_runner.py:104} INFO - Running: ['***', 'tasks', 'run', 'beer_data_processing', 'create_dim_style', 'scheduled__2025-04-17T02:00:00+00:00', '--job-id', '978', '--raw', '--subdir', 'DAGS_FOLDER/beer_data_processing_dag.py', '--cfg-path', '/tmp/tmpx3fcwkh_']
[2025-04-17T12:24:52.870+0000] {standard_task_runner.py:72} INFO - Started process 2818 to run task
[2025-04-17T12:24:52.871+0000] {standard_task_runner.py:105} INFO - Job 978: Subtask create_dim_style
[2025-04-17T12:24:52.968+0000] {task_command.py:467} INFO - Running <TaskInstance: beer_data_processing.create_dim_style scheduled__2025-04-17T02:00:00+00:00 [running]> on host a0d0456bae2c
[2025-04-17T12:24:53.190+0000] {taskinstance.py:3134} INFO - Exporting env vars: AIRFLOW_CTX_DAG_OWNER='***' AIRFLOW_CTX_DAG_ID='beer_data_processing' AIRFLOW_CTX_TASK_ID='create_dim_style' AIRFLOW_CTX_EXECUTION_DATE='2025-04-17T02:00:00+00:00' AIRFLOW_CTX_TRY_NUMBER='1' AIRFLOW_CTX_DAG_RUN_ID='scheduled__2025-04-17T02:00:00+00:00'
[2025-04-17T12:24:53.194+0000] {logging_mixin.py:190} INFO - Task instance is in running state
[2025-04-17T12:24:53.196+0000] {logging_mixin.py:190} INFO -  Previous state of the Task instance: queued
[2025-04-17T12:24:53.197+0000] {logging_mixin.py:190} INFO - Current task name:create_dim_style state:running start_date:2025-04-17 12:24:52.786266+00:00
[2025-04-17T12:24:53.199+0000] {logging_mixin.py:190} INFO - Dag name:beer_data_processing and current dag run status:running
[2025-04-17T12:24:53.200+0000] {taskinstance.py:732} INFO - ::endgroup::
[2025-04-17T12:24:53.307+0000] {base.py:84} INFO - Retrieving connection 'postgres_conn'
[2025-04-17T12:24:53.468+0000] {logging_mixin.py:190} INFO - Створено датасет dim_style з 112 записами
[2025-04-17T12:24:53.470+0000] {python.py:240} INFO - Done. Returned value was: True
[2025-04-17T12:24:53.521+0000] {taskinstance.py:341} INFO - ::group::Post task execution logs
[2025-04-17T12:24:53.527+0000] {taskinstance.py:353} INFO - Marking task as SUCCESS. dag_id=beer_data_processing, task_id=create_dim_style, run_id=scheduled__2025-04-17T02:00:00+00:00, execution_date=20250417T020000, start_date=20250417T122452, end_date=20250417T122453
[2025-04-17T12:24:53.672+0000] {logging_mixin.py:190} INFO - Task instance in success state
[2025-04-17T12:24:53.674+0000] {logging_mixin.py:190} INFO -  Previous state of the Task instance: running
[2025-04-17T12:24:53.677+0000] {logging_mixin.py:190} INFO - Dag name:beer_data_processing queued_at:2025-04-17 11:36:03.845239+00:00
[2025-04-17T12:24:53.678+0000] {logging_mixin.py:190} INFO - Task hostname:a0d0456bae2c operator:PythonOperator
[2025-04-17T12:24:53.736+0000] {local_task_job_runner.py:266} INFO - Task exited with return code 0
[2025-04-17T12:24:53.798+0000] {taskinstance.py:3901} INFO - 0 downstream tasks scheduled from follow-on schedule check
[2025-04-17T12:24:53.803+0000] {local_task_job_runner.py:245} INFO - ::endgroup::
