[2025-04-16T16:07:21.157+0000] {local_task_job_runner.py:123} INFO - ::group::Pre task execution logs
[2025-04-16T16:07:22.389+0000] {taskinstance.py:2614} INFO - Dependencies all met for dep_context=non-requeueable deps ti=<TaskInstance: beer_data_processing.process_proportions scheduled__2025-04-16T15:00:00+00:00 [queued]>
[2025-04-16T16:07:22.915+0000] {taskinstance.py:2614} INFO - Dependencies all met for dep_context=requeueable deps ti=<TaskInstance: beer_data_processing.process_proportions scheduled__2025-04-16T15:00:00+00:00 [queued]>
[2025-04-16T16:07:22.927+0000] {taskinstance.py:2867} INFO - Starting attempt 1 of 6
[2025-04-16T16:07:23.854+0000] {taskinstance.py:2890} INFO - Executing <Task(PythonOperator): process_proportions> on 2025-04-16 15:00:00+00:00
[2025-04-16T16:07:24.485+0000] {standard_task_runner.py:104} INFO - Running: ['***', 'tasks', 'run', 'beer_data_processing', 'process_proportions', 'scheduled__2025-04-16T15:00:00+00:00', '--job-id', '663', '--raw', '--subdir', 'DAGS_FOLDER/beer_data_processing_dag.py', '--cfg-path', '/tmp/tmp7uxzxp33']
[2025-04-16T16:07:24.679+0000] {standard_task_runner.py:105} INFO - Job 663: Subtask process_proportions
[2025-04-16T16:07:24.917+0000] {logging_mixin.py:190} WARNING - /home/***/.local/lib/python3.12/site-packages/***/task/task_runner/standard_task_runner.py:70 DeprecationWarning: This process (pid=2486) is multi-threaded, use of fork() may lead to deadlocks in the child.
[2025-04-16T16:07:24.925+0000] {standard_task_runner.py:72} INFO - Started process 2941 to run task
[2025-04-16T16:07:26.608+0000] {task_command.py:467} INFO - Running <TaskInstance: beer_data_processing.process_proportions scheduled__2025-04-16T15:00:00+00:00 [running]> on host 3e53738720c8
[2025-04-16T16:07:28.892+0000] {taskinstance.py:3134} INFO - Exporting env vars: AIRFLOW_CTX_DAG_OWNER='***' AIRFLOW_CTX_DAG_ID='beer_data_processing' AIRFLOW_CTX_TASK_ID='process_proportions' AIRFLOW_CTX_EXECUTION_DATE='2025-04-16T15:00:00+00:00' AIRFLOW_CTX_TRY_NUMBER='1' AIRFLOW_CTX_DAG_RUN_ID='scheduled__2025-04-16T15:00:00+00:00'
[2025-04-16T16:07:29.091+0000] {logging_mixin.py:190} INFO - Task instance is in running state
[2025-04-16T16:07:29.093+0000] {logging_mixin.py:190} INFO -  Previous state of the Task instance: queued
[2025-04-16T16:07:29.096+0000] {logging_mixin.py:190} INFO - Current task name:process_proportions state:running start_date:2025-04-16 16:07:22.463972+00:00
[2025-04-16T16:07:29.107+0000] {logging_mixin.py:190} INFO - Dag name:beer_data_processing and current dag run status:running
[2025-04-16T16:07:29.110+0000] {taskinstance.py:732} INFO - ::endgroup::
[2025-04-16T16:07:30.599+0000] {job.py:229} INFO - Heartbeat recovered after 18.71 seconds
[2025-04-16T16:07:32.549+0000] {python.py:240} INFO - Done. Returned value was: True
[2025-04-16T16:07:33.056+0000] {taskinstance.py:341} INFO - ::group::Post task execution logs
[2025-04-16T16:07:33.059+0000] {taskinstance.py:353} INFO - Marking task as SUCCESS. dag_id=beer_data_processing, task_id=process_proportions, run_id=scheduled__2025-04-16T15:00:00+00:00, execution_date=20250416T150000, start_date=20250416T160722, end_date=20250416T160733
[2025-04-16T16:07:33.456+0000] {logging_mixin.py:190} INFO - Task instance in success state
[2025-04-16T16:07:33.460+0000] {logging_mixin.py:190} INFO -  Previous state of the Task instance: running
[2025-04-16T16:07:33.467+0000] {logging_mixin.py:190} INFO - Dag name:beer_data_processing queued_at:2025-04-16 16:00:01.637110+00:00
[2025-04-16T16:07:33.486+0000] {logging_mixin.py:190} INFO - Task hostname:3e53738720c8 operator:PythonOperator
[2025-04-16T16:07:33.636+0000] {local_task_job_runner.py:266} INFO - Task exited with return code 0
[2025-04-16T16:07:33.891+0000] {taskinstance.py:3901} INFO - 0 downstream tasks scheduled from follow-on schedule check
[2025-04-16T16:07:33.916+0000] {local_task_job_runner.py:245} INFO - ::endgroup::
