[2025-04-16T14:10:56.787+0000] {local_task_job_runner.py:123} INFO - ::group::Pre task execution logs
[2025-04-16T14:10:57.213+0000] {taskinstance.py:2614} INFO - Dependencies all met for dep_context=non-requeueable deps ti=<TaskInstance: beer_data_processing.process_proportions manual__2025-04-16T14:04:28.765186+00:00 [queued]>
[2025-04-16T14:10:57.324+0000] {taskinstance.py:2614} INFO - Dependencies all met for dep_context=requeueable deps ti=<TaskInstance: beer_data_processing.process_proportions manual__2025-04-16T14:04:28.765186+00:00 [queued]>
[2025-04-16T14:10:57.429+0000] {taskinstance.py:2867} INFO - Starting attempt 2 of 6
[2025-04-16T14:10:58.258+0000] {taskinstance.py:2890} INFO - Executing <Task(PythonOperator): process_proportions> on 2025-04-16 14:04:28.765186+00:00
[2025-04-16T14:10:59.002+0000] {logging_mixin.py:190} WARNING - /home/***/.local/lib/python3.12/site-packages/***/task/task_runner/standard_task_runner.py:70 DeprecationWarning: This process (pid=35317) is multi-threaded, use of fork() may lead to deadlocks in the child.
[2025-04-16T14:10:58.749+0000] {standard_task_runner.py:104} INFO - Running: ['***', 'tasks', 'run', 'beer_data_processing', 'process_proportions', 'manual__2025-04-16T14:04:28.765186+00:00', '--job-id', '533', '--raw', '--subdir', 'DAGS_FOLDER/beer_data_processing_dag.py', '--cfg-path', '/tmp/tmpq6it81m7']
[2025-04-16T14:10:59.049+0000] {standard_task_runner.py:72} INFO - Started process 35611 to run task
[2025-04-16T14:10:59.055+0000] {standard_task_runner.py:105} INFO - Job 533: Subtask process_proportions
[2025-04-16T14:11:10.353+0000] {job.py:229} INFO - Heartbeat recovered after 14.60 seconds
[2025-04-16T14:11:19.355+0000] {task_command.py:467} INFO - Running <TaskInstance: beer_data_processing.process_proportions manual__2025-04-16T14:04:28.765186+00:00 [running]> on host 3e53738720c8
[2025-04-16T14:11:21.988+0000] {taskinstance.py:3134} INFO - Exporting env vars: AIRFLOW_CTX_DAG_OWNER='***' AIRFLOW_CTX_DAG_ID='beer_data_processing' AIRFLOW_CTX_TASK_ID='process_proportions' AIRFLOW_CTX_EXECUTION_DATE='2025-04-16T14:04:28.765186+00:00' AIRFLOW_CTX_TRY_NUMBER='2' AIRFLOW_CTX_DAG_RUN_ID='manual__2025-04-16T14:04:28.765186+00:00'
[2025-04-16T14:11:22.233+0000] {logging_mixin.py:190} INFO - Task instance is in running state
[2025-04-16T14:11:22.308+0000] {logging_mixin.py:190} INFO -  Previous state of the Task instance: queued
[2025-04-16T14:11:22.322+0000] {logging_mixin.py:190} INFO - Current task name:process_proportions state:running start_date:2025-04-16 14:10:57.223794+00:00
[2025-04-16T14:11:22.412+0000] {logging_mixin.py:190} INFO - Dag name:beer_data_processing and current dag run status:running
[2025-04-16T14:11:22.460+0000] {taskinstance.py:732} INFO - ::endgroup::
[2025-04-16T14:11:26.099+0000] {job.py:229} INFO - Heartbeat recovered after 18.60 seconds
[2025-04-16T14:11:54.166+0000] {job.py:229} INFO - Heartbeat recovered after 20.29 seconds
[2025-04-16T14:11:50.719+0000] {python.py:240} INFO - Done. Returned value was: True
[2025-04-16T14:12:14.171+0000] {taskinstance.py:341} INFO - ::group::Post task execution logs
[2025-04-16T14:12:14.547+0000] {job.py:229} INFO - Heartbeat recovered after 10.99 seconds
[2025-04-16T14:12:14.742+0000] {taskinstance.py:353} INFO - Marking task as SUCCESS. dag_id=beer_data_processing, task_id=process_proportions, run_id=manual__2025-04-16T14:04:28.765186+00:00, execution_date=20250416T140428, start_date=20250416T141057, end_date=20250416T141214
[2025-04-16T14:12:19.415+0000] {logging_mixin.py:190} INFO - Task instance in success state
[2025-04-16T14:12:19.532+0000] {logging_mixin.py:190} INFO -  Previous state of the Task instance: running
[2025-04-16T14:12:19.623+0000] {logging_mixin.py:190} INFO - Dag name:beer_data_processing queued_at:2025-04-16 14:04:29.123555+00:00
[2025-04-16T14:12:19.638+0000] {logging_mixin.py:190} INFO - Task hostname:3e53738720c8 operator:PythonOperator
[2025-04-16T14:12:23.126+0000] {local_task_job_runner.py:266} INFO - Task exited with return code 0
[2025-04-16T14:12:24.357+0000] {local_task_job_runner.py:245} INFO - ::endgroup::
[2025-04-16T14:12:27.262+0000] {standard_task_runner.py:217} INFO - Process not found (most likely exited), stop collecting metrics
