[2025-04-16T22:30:33.386+0000] {local_task_job_runner.py:123} INFO - ::group::Pre task execution logs
[2025-04-16T22:30:33.449+0000] {taskinstance.py:2614} INFO - Dependencies all met for dep_context=non-requeueable deps ti=<TaskInstance: beer_data_processing.create_dim_brewery manual__2025-04-16T22:28:24.981382+00:00 [queued]>
[2025-04-16T22:30:33.482+0000] {taskinstance.py:2614} INFO - Dependencies all met for dep_context=requeueable deps ti=<TaskInstance: beer_data_processing.create_dim_brewery manual__2025-04-16T22:28:24.981382+00:00 [queued]>
[2025-04-16T22:30:33.484+0000] {taskinstance.py:2867} INFO - Starting attempt 1 of 6
[2025-04-16T22:30:33.528+0000] {taskinstance.py:2890} INFO - Executing <Task(PythonOperator): create_dim_brewery> on 2025-04-16 22:28:24.981382+00:00
[2025-04-16T22:30:33.564+0000] {standard_task_runner.py:104} INFO - Running: ['***', 'tasks', 'run', 'beer_data_processing', 'create_dim_brewery', 'manual__2025-04-16T22:28:24.981382+00:00', '--job-id', '891', '--raw', '--subdir', 'DAGS_FOLDER/beer_data_processing_dag.py', '--cfg-path', '/tmp/tmpisc92p47']
[2025-04-16T22:30:33.572+0000] {standard_task_runner.py:105} INFO - Job 891: Subtask create_dim_brewery
[2025-04-16T22:30:33.571+0000] {logging_mixin.py:190} WARNING - /home/***/.local/lib/python3.12/site-packages/***/task/task_runner/standard_task_runner.py:70 DeprecationWarning: This process (pid=30804) is multi-threaded, use of fork() may lead to deadlocks in the child.
[2025-04-16T22:30:33.575+0000] {standard_task_runner.py:72} INFO - Started process 30953 to run task
[2025-04-16T22:30:33.729+0000] {task_command.py:467} INFO - Running <TaskInstance: beer_data_processing.create_dim_brewery manual__2025-04-16T22:28:24.981382+00:00 [running]> on host a0d0456bae2c
[2025-04-16T22:30:33.985+0000] {taskinstance.py:3134} INFO - Exporting env vars: AIRFLOW_CTX_DAG_OWNER='***' AIRFLOW_CTX_DAG_ID='beer_data_processing' AIRFLOW_CTX_TASK_ID='create_dim_brewery' AIRFLOW_CTX_EXECUTION_DATE='2025-04-16T22:28:24.981382+00:00' AIRFLOW_CTX_TRY_NUMBER='1' AIRFLOW_CTX_DAG_RUN_ID='manual__2025-04-16T22:28:24.981382+00:00'
[2025-04-16T22:30:33.990+0000] {logging_mixin.py:190} INFO - Task instance is in running state
[2025-04-16T22:30:33.991+0000] {logging_mixin.py:190} INFO -  Previous state of the Task instance: queued
[2025-04-16T22:30:33.992+0000] {logging_mixin.py:190} INFO - Current task name:create_dim_brewery state:running start_date:2025-04-16 22:30:33.451021+00:00
[2025-04-16T22:30:33.993+0000] {logging_mixin.py:190} INFO - Dag name:beer_data_processing and current dag run status:running
[2025-04-16T22:30:33.994+0000] {taskinstance.py:732} INFO - ::endgroup::
[2025-04-16T22:30:34.309+0000] {base.py:84} INFO - Retrieving connection 'postgres_conn'
[2025-04-16T22:30:35.680+0000] {logging_mixin.py:190} INFO - Створено датасет dim_brewery з 935 записами
[2025-04-16T22:30:35.683+0000] {python.py:240} INFO - Done. Returned value was: True
[2025-04-16T22:30:35.745+0000] {taskinstance.py:341} INFO - ::group::Post task execution logs
[2025-04-16T22:30:35.747+0000] {taskinstance.py:353} INFO - Marking task as SUCCESS. dag_id=beer_data_processing, task_id=create_dim_brewery, run_id=manual__2025-04-16T22:28:24.981382+00:00, execution_date=20250416T222824, start_date=20250416T223033, end_date=20250416T223035
[2025-04-16T22:30:35.850+0000] {logging_mixin.py:190} INFO - Task instance in success state
[2025-04-16T22:30:35.857+0000] {logging_mixin.py:190} INFO -  Previous state of the Task instance: running
[2025-04-16T22:30:35.860+0000] {logging_mixin.py:190} INFO - Dag name:beer_data_processing queued_at:2025-04-16 22:28:25.450526+00:00
[2025-04-16T22:30:35.863+0000] {logging_mixin.py:190} INFO - Task hostname:a0d0456bae2c operator:PythonOperator
[2025-04-16T22:30:35.952+0000] {local_task_job_runner.py:266} INFO - Task exited with return code 0
[2025-04-16T22:30:36.076+0000] {taskinstance.py:3901} INFO - 0 downstream tasks scheduled from follow-on schedule check
[2025-04-16T22:30:36.082+0000] {local_task_job_runner.py:245} INFO - ::endgroup::
