[2025-04-09T22:07:29.909+0000] {local_task_job_runner.py:123} INFO - ::group::Pre task execution logs
[2025-04-09T22:07:29.975+0000] {taskinstance.py:2614} INFO - Dependencies all met for dep_context=non-requeueable deps ti=<TaskInstance: beer_data_processing.create_fact_table manual__2025-04-09T22:06:23.920472+00:00 [queued]>
[2025-04-09T22:07:30.011+0000] {taskinstance.py:2614} INFO - Dependencies all met for dep_context=requeueable deps ti=<TaskInstance: beer_data_processing.create_fact_table manual__2025-04-09T22:06:23.920472+00:00 [queued]>
[2025-04-09T22:07:30.012+0000] {taskinstance.py:2867} INFO - Starting attempt 1 of 1
[2025-04-09T22:07:30.052+0000] {taskinstance.py:2890} INFO - Executing <Task(PythonOperator): create_fact_table> on 2025-04-09 22:06:23.920472+00:00
[2025-04-09T22:07:30.124+0000] {standard_task_runner.py:104} INFO - Running: ['***', 'tasks', 'run', 'beer_data_processing', 'create_fact_table', 'manual__2025-04-09T22:06:23.920472+00:00', '--job-id', '74', '--raw', '--subdir', 'DAGS_FOLDER/beer_data_processing_dag.py', '--cfg-path', '/tmp/tmpbdh4xoeq']
[2025-04-09T22:07:30.130+0000] {standard_task_runner.py:105} INFO - Job 74: Subtask create_fact_table
[2025-04-09T22:07:30.141+0000] {logging_mixin.py:190} WARNING - /home/***/.local/lib/python3.12/site-packages/***/task/task_runner/standard_task_runner.py:70 DeprecationWarning: This process (pid=41335) is multi-threaded, use of fork() may lead to deadlocks in the child.
[2025-04-09T22:07:30.143+0000] {standard_task_runner.py:72} INFO - Started process 41545 to run task
[2025-04-09T22:07:30.302+0000] {task_command.py:467} INFO - Running <TaskInstance: beer_data_processing.create_fact_table manual__2025-04-09T22:06:23.920472+00:00 [running]> on host 893b969cc7b0
[2025-04-09T22:07:30.643+0000] {taskinstance.py:3134} INFO - Exporting env vars: AIRFLOW_CTX_DAG_OWNER='***' AIRFLOW_CTX_DAG_ID='beer_data_processing' AIRFLOW_CTX_TASK_ID='create_fact_table' AIRFLOW_CTX_EXECUTION_DATE='2025-04-09T22:06:23.920472+00:00' AIRFLOW_CTX_TRY_NUMBER='1' AIRFLOW_CTX_DAG_RUN_ID='manual__2025-04-09T22:06:23.920472+00:00'
[2025-04-09T22:07:30.658+0000] {logging_mixin.py:190} INFO - Task instance is in running state
[2025-04-09T22:07:30.660+0000] {logging_mixin.py:190} INFO -  Previous state of the Task instance: queued
[2025-04-09T22:07:30.661+0000] {logging_mixin.py:190} INFO - Current task name:create_fact_table state:running start_date:2025-04-09 22:07:29.977456+00:00
[2025-04-09T22:07:30.662+0000] {logging_mixin.py:190} INFO - Dag name:beer_data_processing and current dag run status:running
[2025-04-09T22:07:30.665+0000] {taskinstance.py:732} INFO - ::endgroup::
[2025-04-09T22:07:30.966+0000] {logging_mixin.py:190} WARNING - /opt/***/dags/beer_data_processing_dag.py:179 FutureWarning: Passing literal json to 'read_json' is deprecated and will be removed in a future version. To read from a literal string, wrap it in a 'StringIO' object.
[2025-04-09T22:07:31.434+0000] {base.py:84} INFO - Retrieving connection 'postgres_conn'
[2025-04-09T22:07:31.510+0000] {taskinstance.py:3313} ERROR - Task failed with exception
Traceback (most recent call last):
  File "/home/airflow/.local/lib/python3.12/site-packages/airflow/models/taskinstance.py", line 768, in _execute_task
    result = _execute_callable(context=context, **execute_callable_kwargs)
             ^^^^^^^^^^^^^^^^^^^^^^^^^^^^^^^^^^^^^^^^^^^^^^^^^^^^^^^^^^^^^
  File "/home/airflow/.local/lib/python3.12/site-packages/airflow/models/taskinstance.py", line 734, in _execute_callable
    return ExecutionCallableRunner(
           ^^^^^^^^^^^^^^^^^^^^^^^^
  File "/home/airflow/.local/lib/python3.12/site-packages/airflow/utils/operator_helpers.py", line 252, in run
    return self.func(*args, **kwargs)
           ^^^^^^^^^^^^^^^^^^^^^^^^^^
  File "/home/airflow/.local/lib/python3.12/site-packages/airflow/models/baseoperator.py", line 424, in wrapper
    return func(self, *args, **kwargs)
           ^^^^^^^^^^^^^^^^^^^^^^^^^^^
  File "/home/airflow/.local/lib/python3.12/site-packages/airflow/operators/python.py", line 238, in execute
    return_value = self.execute_callable()
                   ^^^^^^^^^^^^^^^^^^^^^^^
  File "/home/airflow/.local/lib/python3.12/site-packages/airflow/operators/python.py", line 256, in execute_callable
    return runner.run(*self.op_args, **self.op_kwargs)
           ^^^^^^^^^^^^^^^^^^^^^^^^^^^^^^^^^^^^^^^^^^^
  File "/home/airflow/.local/lib/python3.12/site-packages/airflow/utils/operator_helpers.py", line 252, in run
    return self.func(*args, **kwargs)
           ^^^^^^^^^^^^^^^^^^^^^^^^^^
  File "/opt/airflow/dags/beer_data_processing_dag.py", line 255, in create_fact_table
    cursor.execute(query, values)
psycopg2.errors.UndefinedColumn: column "alcohol_normalized" of relation "fact_beer" does not exist
LINE 2: ...malty, average_review_overall, number_of_reviews, alcohol_no...
                                                             ^

[2025-04-09T22:07:31.563+0000] {logging_mixin.py:190} INFO - Task instance in failure state
[2025-04-09T22:07:31.564+0000] {logging_mixin.py:190} INFO - Task start:2025-04-09 22:07:29.977456+00:00 end:2025-04-09 22:07:31.562466+00:00 duration:1.58501
[2025-04-09T22:07:31.566+0000] {logging_mixin.py:190} INFO - Task:<Task(PythonOperator): create_fact_table> dag:<DAG: beer_data_processing> dagrun:<DagRun beer_data_processing @ 2025-04-09 22:06:23.920472+00:00: manual__2025-04-09T22:06:23.920472+00:00, state:running, queued_at: 2025-04-09 22:06:24.320832+00:00. externally triggered: True>
[2025-04-09T22:07:31.568+0000] {logging_mixin.py:190} INFO - Failure caused by column "alcohol_normalized" of relation "fact_beer" does not exist
LINE 2: ...malty, average_review_overall, number_of_reviews, alcohol_no...
                                                             ^
[2025-04-09T22:07:31.569+0000] {taskinstance.py:1226} INFO - Marking task as FAILED. dag_id=beer_data_processing, task_id=create_fact_table, run_id=manual__2025-04-09T22:06:23.920472+00:00, execution_date=20250409T220623, start_date=20250409T220729, end_date=20250409T220731
[2025-04-09T22:07:31.679+0000] {taskinstance.py:341} INFO - ::group::Post task execution logs
[2025-04-09T22:07:31.682+0000] {standard_task_runner.py:124} ERROR - Failed to execute job 74 for task create_fact_table (column "alcohol_normalized" of relation "fact_beer" does not exist
LINE 2: ...malty, average_review_overall, number_of_reviews, alcohol_no...
                                                             ^
; 41545)
Traceback (most recent call last):
  File "/home/airflow/.local/lib/python3.12/site-packages/airflow/task/task_runner/standard_task_runner.py", line 117, in _start_by_fork
    ret = args.func(args, dag=self.dag)
          ^^^^^^^^^^^^^^^^^^^^^^^^^^^^^
  File "/home/airflow/.local/lib/python3.12/site-packages/airflow/cli/cli_config.py", line 49, in command
    return func(*args, **kwargs)
           ^^^^^^^^^^^^^^^^^^^^^
  File "/home/airflow/.local/lib/python3.12/site-packages/airflow/utils/cli.py", line 116, in wrapper
    return f(*args, **kwargs)
           ^^^^^^^^^^^^^^^^^^
  File "/home/airflow/.local/lib/python3.12/site-packages/airflow/cli/commands/task_command.py", line 483, in task_run
    task_return_code = _run_task_by_selected_method(args, _dag, ti)
                       ^^^^^^^^^^^^^^^^^^^^^^^^^^^^^^^^^^^^^^^^^^^^
  File "/home/airflow/.local/lib/python3.12/site-packages/airflow/cli/commands/task_command.py", line 256, in _run_task_by_selected_method
    return _run_raw_task(args, ti)
           ^^^^^^^^^^^^^^^^^^^^^^^
  File "/home/airflow/.local/lib/python3.12/site-packages/airflow/cli/commands/task_command.py", line 341, in _run_raw_task
    return ti._run_raw_task(
           ^^^^^^^^^^^^^^^^^
  File "/home/airflow/.local/lib/python3.12/site-packages/airflow/utils/session.py", line 97, in wrapper
    return func(*args, session=session, **kwargs)
           ^^^^^^^^^^^^^^^^^^^^^^^^^^^^^^^^^^^^^^
  File "/home/airflow/.local/lib/python3.12/site-packages/airflow/models/taskinstance.py", line 3006, in _run_raw_task
    return _run_raw_task(
           ^^^^^^^^^^^^^^
  File "/home/airflow/.local/lib/python3.12/site-packages/airflow/models/taskinstance.py", line 274, in _run_raw_task
    TaskInstance._execute_task_with_callbacks(
  File "/home/airflow/.local/lib/python3.12/site-packages/airflow/models/taskinstance.py", line 3161, in _execute_task_with_callbacks
    result = self._execute_task(context, task_orig)
             ^^^^^^^^^^^^^^^^^^^^^^^^^^^^^^^^^^^^^^
  File "/home/airflow/.local/lib/python3.12/site-packages/airflow/models/taskinstance.py", line 3185, in _execute_task
    return _execute_task(self, context, task_orig)
           ^^^^^^^^^^^^^^^^^^^^^^^^^^^^^^^^^^^^^^^
  File "/home/airflow/.local/lib/python3.12/site-packages/airflow/models/taskinstance.py", line 768, in _execute_task
    result = _execute_callable(context=context, **execute_callable_kwargs)
             ^^^^^^^^^^^^^^^^^^^^^^^^^^^^^^^^^^^^^^^^^^^^^^^^^^^^^^^^^^^^^
  File "/home/airflow/.local/lib/python3.12/site-packages/airflow/models/taskinstance.py", line 734, in _execute_callable
    return ExecutionCallableRunner(
           ^^^^^^^^^^^^^^^^^^^^^^^^
  File "/home/airflow/.local/lib/python3.12/site-packages/airflow/utils/operator_helpers.py", line 252, in run
    return self.func(*args, **kwargs)
           ^^^^^^^^^^^^^^^^^^^^^^^^^^
  File "/home/airflow/.local/lib/python3.12/site-packages/airflow/models/baseoperator.py", line 424, in wrapper
    return func(self, *args, **kwargs)
           ^^^^^^^^^^^^^^^^^^^^^^^^^^^
  File "/home/airflow/.local/lib/python3.12/site-packages/airflow/operators/python.py", line 238, in execute
    return_value = self.execute_callable()
                   ^^^^^^^^^^^^^^^^^^^^^^^
  File "/home/airflow/.local/lib/python3.12/site-packages/airflow/operators/python.py", line 256, in execute_callable
    return runner.run(*self.op_args, **self.op_kwargs)
           ^^^^^^^^^^^^^^^^^^^^^^^^^^^^^^^^^^^^^^^^^^^
  File "/home/airflow/.local/lib/python3.12/site-packages/airflow/utils/operator_helpers.py", line 252, in run
    return self.func(*args, **kwargs)
           ^^^^^^^^^^^^^^^^^^^^^^^^^^
  File "/opt/airflow/dags/beer_data_processing_dag.py", line 255, in create_fact_table
    cursor.execute(query, values)
psycopg2.errors.UndefinedColumn: column "alcohol_normalized" of relation "fact_beer" does not exist
LINE 2: ...malty, average_review_overall, number_of_reviews, alcohol_no...
                                                             ^

[2025-04-09T22:07:31.740+0000] {local_task_job_runner.py:266} INFO - Task exited with return code 1
[2025-04-09T22:07:31.787+0000] {taskinstance.py:3901} INFO - 0 downstream tasks scheduled from follow-on schedule check
[2025-04-09T22:07:31.792+0000] {local_task_job_runner.py:245} INFO - ::endgroup::
